[2024-08-25T19:03:51.006+0000] {local_task_job_runner.py:123} INFO - ::group::Pre task execution logs
[2024-08-25T19:03:51.059+0000] {taskinstance.py:2603} INFO - Dependencies all met for dep_context=non-requeueable deps ti=<TaskInstance: download_air_pollution_data.dataset2pandas manual__2024-08-25T19:02:38.130569+00:00 [queued]>
[2024-08-25T19:03:51.085+0000] {taskinstance.py:2603} INFO - Dependencies all met for dep_context=requeueable deps ti=<TaskInstance: download_air_pollution_data.dataset2pandas manual__2024-08-25T19:02:38.130569+00:00 [queued]>
[2024-08-25T19:03:51.087+0000] {taskinstance.py:2856} INFO - Starting attempt 1 of 1
[2024-08-25T19:03:51.125+0000] {taskinstance.py:2879} INFO - Executing <Task(PythonOperator): dataset2pandas> on 2024-08-25 19:02:38.130569+00:00
[2024-08-25T19:03:51.146+0000] {warnings.py:112} WARNING - /home/***/.local/lib/python3.12/site-packages/***/task/task_runner/standard_task_runner.py:70: DeprecationWarning: This process (pid=7842) is multi-threaded, use of fork() may lead to deadlocks in the child.
  pid = os.fork()

[2024-08-25T19:03:51.151+0000] {standard_task_runner.py:72} INFO - Started process 7844 to run task
[2024-08-25T19:03:51.152+0000] {standard_task_runner.py:104} INFO - Running: ['***', 'tasks', 'run', 'download_air_pollution_data', 'dataset2pandas', 'manual__2024-08-25T19:02:38.130569+00:00', '--job-id', '188', '--raw', '--subdir', 'DAGS_FOLDER/Seoul.py', '--cfg-path', '/tmp/tmpk30kvl0g']
[2024-08-25T19:03:51.156+0000] {standard_task_runner.py:105} INFO - Job 188: Subtask dataset2pandas
[2024-08-25T19:03:51.318+0000] {task_command.py:467} INFO - Running <TaskInstance: download_air_pollution_data.dataset2pandas manual__2024-08-25T19:02:38.130569+00:00 [running]> on host 94bdab50145e
[2024-08-25T19:03:51.751+0000] {taskinstance.py:3122} INFO - Exporting env vars: AIRFLOW_CTX_DAG_OWNER='***' AIRFLOW_CTX_DAG_ID='download_air_pollution_data' AIRFLOW_CTX_TASK_ID='dataset2pandas' AIRFLOW_CTX_EXECUTION_DATE='2024-08-25T19:02:38.130569+00:00' AIRFLOW_CTX_TRY_NUMBER='1' AIRFLOW_CTX_DAG_RUN_ID='manual__2024-08-25T19:02:38.130569+00:00'
[2024-08-25T19:03:51.756+0000] {logging_mixin.py:190} INFO - Task instance is in running state
[2024-08-25T19:03:51.758+0000] {logging_mixin.py:190} INFO -  Previous state of the Task instance: queued
[2024-08-25T19:03:51.761+0000] {logging_mixin.py:190} INFO - Current task name:dataset2pandas state:running start_date:2024-08-25 19:03:51.062039+00:00
[2024-08-25T19:03:51.763+0000] {logging_mixin.py:190} INFO - Dag name:download_air_pollution_data and current dag run status:running
[2024-08-25T19:03:51.765+0000] {taskinstance.py:731} INFO - ::endgroup::
[2024-08-25T19:04:08.263+0000] {python.py:240} INFO - Done. Returned value was: None
[2024-08-25T19:04:08.309+0000] {taskinstance.py:340} INFO - ::group::Post task execution logs
[2024-08-25T19:04:08.312+0000] {taskinstance.py:352} INFO - Marking task as SUCCESS. dag_id=download_air_pollution_data, task_id=dataset2pandas, run_id=manual__2024-08-25T19:02:38.130569+00:00, execution_date=20240825T190238, start_date=20240825T190351, end_date=20240825T190408
[2024-08-25T19:04:08.363+0000] {logging_mixin.py:190} INFO - Task instance in success state
[2024-08-25T19:04:08.366+0000] {logging_mixin.py:190} INFO -  Previous state of the Task instance: running
[2024-08-25T19:04:08.369+0000] {logging_mixin.py:190} INFO - Dag name:download_air_pollution_data queued_at:2024-08-25 19:02:38.187436+00:00
[2024-08-25T19:04:08.371+0000] {logging_mixin.py:190} INFO - Task hostname:94bdab50145e operator:PythonOperator
[2024-08-25T19:04:08.465+0000] {local_task_job_runner.py:261} INFO - Task exited with return code 0
[2024-08-25T19:04:08.645+0000] {taskinstance.py:3891} INFO - 3 downstream tasks scheduled from follow-on schedule check
[2024-08-25T19:04:08.661+0000] {local_task_job_runner.py:240} INFO - ::endgroup::
