[2024-08-24T15:12:17.455+0000] {local_task_job_runner.py:123} INFO - ::group::Pre task execution logs
[2024-08-24T15:12:17.478+0000] {taskinstance.py:2603} INFO - Dependencies all met for dep_context=non-requeueable deps ti=<TaskInstance: download_air_pollution_data.get_seoul_api manual__2024-08-24T15:12:11.377119+00:00 [queued]>
[2024-08-24T15:12:17.489+0000] {taskinstance.py:2603} INFO - Dependencies all met for dep_context=requeueable deps ti=<TaskInstance: download_air_pollution_data.get_seoul_api manual__2024-08-24T15:12:11.377119+00:00 [queued]>
[2024-08-24T15:12:17.490+0000] {taskinstance.py:2856} INFO - Starting attempt 1 of 1
[2024-08-24T15:12:17.507+0000] {taskinstance.py:2879} INFO - Executing <Task(PythonOperator): get_seoul_api> on 2024-08-24 15:12:11.377119+00:00
[2024-08-24T15:12:17.514+0000] {warnings.py:112} WARNING - /home/***/.local/lib/python3.12/site-packages/***/task/task_runner/standard_task_runner.py:70: DeprecationWarning: This process (pid=4686) is multi-threaded, use of fork() may lead to deadlocks in the child.
  pid = os.fork()

[2024-08-24T15:12:17.516+0000] {standard_task_runner.py:72} INFO - Started process 4689 to run task
[2024-08-24T15:12:17.517+0000] {standard_task_runner.py:104} INFO - Running: ['***', 'tasks', 'run', 'download_air_pollution_data', 'get_seoul_api', 'manual__2024-08-24T15:12:11.377119+00:00', '--job-id', '134', '--raw', '--subdir', 'DAGS_FOLDER/Seoul.py', '--cfg-path', '/tmp/tmp56ju18mz']
[2024-08-24T15:12:17.518+0000] {standard_task_runner.py:105} INFO - Job 134: Subtask get_seoul_api
[2024-08-24T15:12:17.582+0000] {task_command.py:467} INFO - Running <TaskInstance: download_air_pollution_data.get_seoul_api manual__2024-08-24T15:12:11.377119+00:00 [running]> on host 94bdab50145e
[2024-08-24T15:12:17.707+0000] {taskinstance.py:3122} INFO - Exporting env vars: AIRFLOW_CTX_DAG_OWNER='***' AIRFLOW_CTX_DAG_ID='download_air_pollution_data' AIRFLOW_CTX_TASK_ID='get_seoul_api' AIRFLOW_CTX_EXECUTION_DATE='2024-08-24T15:12:11.377119+00:00' AIRFLOW_CTX_TRY_NUMBER='1' AIRFLOW_CTX_DAG_RUN_ID='manual__2024-08-24T15:12:11.377119+00:00'
[2024-08-24T15:12:17.711+0000] {logging_mixin.py:190} INFO - Task instance is in running state
[2024-08-24T15:12:17.712+0000] {logging_mixin.py:190} INFO -  Previous state of the Task instance: queued
[2024-08-24T15:12:17.713+0000] {logging_mixin.py:190} INFO - Current task name:get_seoul_api state:running start_date:2024-08-24 15:12:17.479234+00:00
[2024-08-24T15:12:17.713+0000] {logging_mixin.py:190} INFO - Dag name:download_air_pollution_data and current dag run status:running
[2024-08-24T15:12:17.714+0000] {taskinstance.py:731} INFO - ::endgroup::
[2024-08-24T15:12:17.921+0000] {Seoul.py:14} INFO - {'status': 'ok', 'data': {'aqi': 91, 'idx': 5508, 'attributions': [{'url': 'https://www.airkorea.or.kr/', 'name': 'South Air Korea Environment Corporation (대기오염실시간공개시스템)', 'logo': 'SouthKorea-AirKorea.png'}, {'url': 'http://cleanair.seoul.go.kr/', 'name': 'Seoul Clean Air Pollution Information (서울특별시 기후대기환경정보)', 'logo': 'SouthKorea-Seoul.png'}, {'url': 'https://waqi.info/', 'name': 'World Air Quality Index Project'}], 'city': {'geo': [37.566535, 126.9779692], 'name': 'Seoul (서울)', 'url': 'https://aqicn.org/city/seoul', 'location': ''}, 'dominentpol': 'pm25', 'iaqi': {'co': {'v': 9}, 'h': {'v': 75.9}, 'no2': {'v': 24.4}, 'o3': {'v': 30.2}, 'p': {'v': 999.7}, 'pm10': {'v': 37}, 'pm25': {'v': 91}, 'r': {'v': 0.2}, 'so2': {'v': 4.8}, 't': {'v': 26.8}, 'w': {'v': 0.5}}, 'time': {'s': '2024-08-25 00:00:00', 'tz': '+09:00', 'v': 1724544000, 'iso': '2024-08-25T00:00:00+09:00'}, 'forecast': {'daily': {'o3': [{'avg': 12, 'day': '2024-08-22', 'max': 19, 'min': 2}, {'avg': 18, 'day': '2024-08-23', 'max': 38, 'min': 2}, {'avg': 8, 'day': '2024-08-24', 'max': 39, 'min': 1}, {'avg': 5, 'day': '2024-08-25', 'max': 29, 'min': 1}, {'avg': 2, 'day': '2024-08-26', 'max': 14, 'min': 1}, {'avg': 6, 'day': '2024-08-27', 'max': 39, 'min': 1}, {'avg': 8, 'day': '2024-08-28', 'max': 40, 'min': 1}, {'avg': 1, 'day': '2024-08-29', 'max': 2, 'min': 1}], 'pm10': [{'avg': 56, 'day': '2024-08-23', 'max': 73, 'min': 19}, {'avg': 83, 'day': '2024-08-24', 'max': 123, 'min': 46}, {'avg': 49, 'day': '2024-08-25', 'max': 58, 'min': 44}, {'avg': 47, 'day': '2024-08-26', 'max': 49, 'min': 46}, {'avg': 37, 'day': '2024-08-27', 'max': 46, 'min': 22}, {'avg': 22, 'day': '2024-08-28', 'max': 28, 'min': 19}, {'avg': 29, 'day': '2024-08-29', 'max': 46, 'min': 19}, {'avg': 38, 'day': '2024-08-30', 'max': 46, 'min': 25}], 'pm25': [{'avg': 144, 'day': '2024-08-23', 'max': 172, 'min': 68}, {'avg': 192, 'day': '2024-08-24', 'max': 252, 'min': 138}, {'avg': 127, 'day': '2024-08-25', 'max': 157, 'min': 89}, {'avg': 125, 'day': '2024-08-26', 'max': 138, 'min': 89}, {'avg': 107, 'day': '2024-08-27', 'max': 138, 'min': 68}, {'avg': 68, 'day': '2024-08-28', 'max': 69, 'min': 68}, {'avg': 80, 'day': '2024-08-29', 'max': 101, 'min': 68}, {'avg': 111, 'day': '2024-08-30', 'max': 138, 'min': 68}], 'uvi': [{'avg': 1, 'day': '2024-08-24', 'max': 4, 'min': 0}, {'avg': 1, 'day': '2024-08-25', 'max': 6, 'min': 0}, {'avg': 1, 'day': '2024-08-26', 'max': 6, 'min': 0}, {'avg': 1, 'day': '2024-08-27', 'max': 7, 'min': 0}, {'avg': 1, 'day': '2024-08-28', 'max': 7, 'min': 0}, {'avg': 1, 'day': '2024-08-29', 'max': 2, 'min': 0}]}}, 'debug': {'sync': '2024-08-25T00:12:12+09:00'}}}
[2024-08-24T15:12:17.926+0000] {python.py:240} INFO - Done. Returned value was: None
[2024-08-24T15:12:17.939+0000] {taskinstance.py:340} INFO - ::group::Post task execution logs
[2024-08-24T15:12:17.940+0000] {taskinstance.py:352} INFO - Marking task as SUCCESS. dag_id=download_air_pollution_data, task_id=get_seoul_api, run_id=manual__2024-08-24T15:12:11.377119+00:00, execution_date=20240824T151211, start_date=20240824T151217, end_date=20240824T151217
[2024-08-24T15:12:17.953+0000] {logging_mixin.py:190} INFO - Task instance in success state
[2024-08-24T15:12:17.954+0000] {logging_mixin.py:190} INFO -  Previous state of the Task instance: running
[2024-08-24T15:12:17.954+0000] {logging_mixin.py:190} INFO - Dag name:download_air_pollution_data queued_at:2024-08-24 15:12:11.529581+00:00
[2024-08-24T15:12:17.955+0000] {logging_mixin.py:190} INFO - Task hostname:94bdab50145e operator:PythonOperator
[2024-08-24T15:12:17.988+0000] {local_task_job_runner.py:261} INFO - Task exited with return code 0
[2024-08-24T15:12:18.020+0000] {taskinstance.py:3891} INFO - 0 downstream tasks scheduled from follow-on schedule check
[2024-08-24T15:12:18.022+0000] {local_task_job_runner.py:240} INFO - ::endgroup::
