[2024-08-25T17:09:49.684+0000] {local_task_job_runner.py:123} INFO - ::group::Pre task execution logs
[2024-08-25T17:09:49.703+0000] {taskinstance.py:2603} INFO - Dependencies all met for dep_context=non-requeueable deps ti=<TaskInstance: download_air_pollution_data.get_seoul_api manual__2024-08-25T17:09:20.483661+00:00 [queued]>
[2024-08-25T17:09:49.712+0000] {taskinstance.py:2603} INFO - Dependencies all met for dep_context=requeueable deps ti=<TaskInstance: download_air_pollution_data.get_seoul_api manual__2024-08-25T17:09:20.483661+00:00 [queued]>
[2024-08-25T17:09:49.713+0000] {taskinstance.py:2856} INFO - Starting attempt 1 of 1
[2024-08-25T17:09:49.729+0000] {taskinstance.py:2879} INFO - Executing <Task(PythonOperator): get_seoul_api> on 2024-08-25 17:09:20.483661+00:00
[2024-08-25T17:09:49.739+0000] {warnings.py:112} WARNING - /home/***/.local/lib/python3.12/site-packages/***/task/task_runner/standard_task_runner.py:70: DeprecationWarning: This process (pid=204) is multi-threaded, use of fork() may lead to deadlocks in the child.
  pid = os.fork()

[2024-08-25T17:09:49.741+0000] {standard_task_runner.py:72} INFO - Started process 209 to run task
[2024-08-25T17:09:49.741+0000] {standard_task_runner.py:104} INFO - Running: ['***', 'tasks', 'run', 'download_air_pollution_data', 'get_seoul_api', 'manual__2024-08-25T17:09:20.483661+00:00', '--job-id', '177', '--raw', '--subdir', 'DAGS_FOLDER/Seoul.py', '--cfg-path', '/tmp/tmpon0g78dk']
[2024-08-25T17:09:49.743+0000] {standard_task_runner.py:105} INFO - Job 177: Subtask get_seoul_api
[2024-08-25T17:09:49.799+0000] {task_command.py:467} INFO - Running <TaskInstance: download_air_pollution_data.get_seoul_api manual__2024-08-25T17:09:20.483661+00:00 [running]> on host 94bdab50145e
[2024-08-25T17:09:49.903+0000] {taskinstance.py:3122} INFO - Exporting env vars: AIRFLOW_CTX_DAG_OWNER='***' AIRFLOW_CTX_DAG_ID='download_air_pollution_data' AIRFLOW_CTX_TASK_ID='get_seoul_api' AIRFLOW_CTX_EXECUTION_DATE='2024-08-25T17:09:20.483661+00:00' AIRFLOW_CTX_TRY_NUMBER='1' AIRFLOW_CTX_DAG_RUN_ID='manual__2024-08-25T17:09:20.483661+00:00'
[2024-08-25T17:09:49.906+0000] {logging_mixin.py:190} INFO - Task instance is in running state
[2024-08-25T17:09:49.907+0000] {logging_mixin.py:190} INFO -  Previous state of the Task instance: queued
[2024-08-25T17:09:49.908+0000] {logging_mixin.py:190} INFO - Current task name:get_seoul_api state:running start_date:2024-08-25 17:09:49.703889+00:00
[2024-08-25T17:09:49.911+0000] {logging_mixin.py:190} INFO - Dag name:download_air_pollution_data and current dag run status:running
[2024-08-25T17:09:49.913+0000] {taskinstance.py:731} INFO - ::endgroup::
[2024-08-25T17:09:50.156+0000] {Seoul.py:14} INFO - {'status': 'ok', 'data': {'aqi': 99, 'idx': 5508, 'attributions': [{'url': 'https://www.airkorea.or.kr/', 'name': 'South Air Korea Environment Corporation (대기오염실시간공개시스템)', 'logo': 'SouthKorea-AirKorea.png'}, {'url': 'http://cleanair.seoul.go.kr/', 'name': 'Seoul Clean Air Pollution Information (서울특별시 기후대기환경정보)', 'logo': 'SouthKorea-Seoul.png'}, {'url': 'https://waqi.info/', 'name': 'World Air Quality Index Project'}], 'city': {'geo': [37.566535, 126.9779692], 'name': 'Seoul (서울)', 'url': 'https://aqicn.org/city/seoul', 'location': ''}, 'dominentpol': 'pm25', 'iaqi': {'co': {'v': 6.7}, 'h': {'v': 80.7}, 'no2': {'v': 13.9}, 'o3': {'v': 24.1}, 'p': {'v': 997.6}, 'pm10': {'v': 42}, 'pm25': {'v': 99}, 'r': {'v': 0.2}, 'so2': {'v': 3.9}, 't': {'v': 27.1}, 'w': {'v': 0.5}}, 'time': {'s': '2024-08-26 01:00:00', 'tz': '+09:00', 'v': 1724634000, 'iso': '2024-08-26T01:00:00+09:00'}, 'forecast': {'daily': {'o3': [{'avg': 7, 'day': '2024-08-24', 'max': 37, 'min': 1}, {'avg': 8, 'day': '2024-08-25', 'max': 41, 'min': 1}, {'avg': 2, 'day': '2024-08-26', 'max': 9, 'min': 1}, {'avg': 2, 'day': '2024-08-27', 'max': 19, 'min': 1}, {'avg': 8, 'day': '2024-08-28', 'max': 27, 'min': 1}, {'avg': 7, 'day': '2024-08-29', 'max': 58, 'min': 1}, {'avg': 1, 'day': '2024-08-30', 'max': 2, 'min': 1}], 'pm10': [{'avg': 88, 'day': '2024-08-24', 'max': 123, 'min': 46}, {'avg': 50, 'day': '2024-08-25', 'max': 58, 'min': 46}, {'avg': 54, 'day': '2024-08-26', 'max': 58, 'min': 46}, {'avg': 35, 'day': '2024-08-27', 'max': 51, 'min': 19}, {'avg': 19, 'day': '2024-08-28', 'max': 19, 'min': 19}, {'avg': 27, 'day': '2024-08-29', 'max': 40, 'min': 19}, {'avg': 32, 'day': '2024-08-30', 'max': 46, 'min': 19}, {'avg': 38, 'day': '2024-08-31', 'max': 61, 'min': 19}], 'pm25': [{'avg': 193, 'day': '2024-08-24', 'max': 252, 'min': 138}, {'avg': 145, 'day': '2024-08-25', 'max': 159, 'min': 138}, {'avg': 139, 'day': '2024-08-26', 'max': 145, 'min': 138}, {'avg': 100, 'day': '2024-08-27', 'max': 138, 'min': 68}, {'avg': 63, 'day': '2024-08-28', 'max': 68, 'min': 42}, {'avg': 80, 'day': '2024-08-29', 'max': 96, 'min': 68}, {'avg': 94, 'day': '2024-08-30', 'max': 138, 'min': 68}, {'avg': 113, 'day': '2024-08-31', 'max': 161, 'min': 68}], 'uvi': [{'avg': 1, 'day': '2024-08-25', 'max': 6, 'min': 0}, {'avg': 1, 'day': '2024-08-26', 'max': 3, 'min': 0}, {'avg': 0, 'day': '2024-08-27', 'max': 3, 'min': 0}, {'avg': 1, 'day': '2024-08-28', 'max': 8, 'min': 0}, {'avg': 1, 'day': '2024-08-29', 'max': 8, 'min': 0}, {'avg': 1, 'day': '2024-08-30', 'max': 3, 'min': 0}]}}, 'debug': {'sync': '2024-08-26T02:09:39+09:00'}}}
[2024-08-25T17:09:50.161+0000] {python.py:240} INFO - Done. Returned value was: None
[2024-08-25T17:09:50.177+0000] {taskinstance.py:340} INFO - ::group::Post task execution logs
[2024-08-25T17:09:50.178+0000] {taskinstance.py:352} INFO - Marking task as SUCCESS. dag_id=download_air_pollution_data, task_id=get_seoul_api, run_id=manual__2024-08-25T17:09:20.483661+00:00, execution_date=20240825T170920, start_date=20240825T170949, end_date=20240825T170950
[2024-08-25T17:09:50.188+0000] {logging_mixin.py:190} INFO - Task instance in success state
[2024-08-25T17:09:50.189+0000] {logging_mixin.py:190} INFO -  Previous state of the Task instance: running
[2024-08-25T17:09:50.190+0000] {logging_mixin.py:190} INFO - Dag name:download_air_pollution_data queued_at:2024-08-25 17:09:20.527739+00:00
[2024-08-25T17:09:50.190+0000] {logging_mixin.py:190} INFO - Task hostname:94bdab50145e operator:PythonOperator
[2024-08-25T17:09:50.212+0000] {local_task_job_runner.py:261} INFO - Task exited with return code 0
[2024-08-25T17:09:50.238+0000] {taskinstance.py:3891} INFO - 0 downstream tasks scheduled from follow-on schedule check
[2024-08-25T17:09:50.239+0000] {local_task_job_runner.py:240} INFO - ::endgroup::
