[2024-08-26T10:34:40.955+0000] {processor.py:186} INFO - Started process (PID=54) to work on /home/airflow/.local/lib/python3.12/site-packages/airflow/example_dags/example_latest_only.py
[2024-08-26T10:34:40.961+0000] {processor.py:914} INFO - Processing file /home/airflow/.local/lib/python3.12/site-packages/airflow/example_dags/example_latest_only.py for tasks to queue
[2024-08-26T10:34:40.970+0000] {logging_mixin.py:190} INFO - [2024-08-26T10:34:40.969+0000] {dagbag.py:587} INFO - Filling up the DagBag from /home/airflow/.local/lib/python3.12/site-packages/airflow/example_dags/example_latest_only.py
[2024-08-26T10:34:40.989+0000] {processor.py:925} INFO - DAG(s) 'latest_only' retrieved from /home/airflow/.local/lib/python3.12/site-packages/airflow/example_dags/example_latest_only.py
[2024-08-26T10:34:41.036+0000] {logging_mixin.py:190} INFO - [2024-08-26T10:34:41.036+0000] {dag.py:3211} INFO - Sync 1 DAGs
[2024-08-26T10:34:41.081+0000] {logging_mixin.py:190} INFO - [2024-08-26T10:34:41.081+0000] {dag.py:4138} INFO - Setting next_dagrun for latest_only to 2024-08-26 04:00:00+00:00, run_after=2024-08-26 08:00:00+00:00
[2024-08-26T10:34:41.121+0000] {processor.py:208} INFO - Processing /home/airflow/.local/lib/python3.12/site-packages/airflow/example_dags/example_latest_only.py took 0.180 seconds
[2024-08-26T10:35:24.286+0000] {processor.py:186} INFO - Started process (PID=126) to work on /home/airflow/.local/lib/python3.12/site-packages/airflow/example_dags/example_latest_only.py
[2024-08-26T10:35:24.288+0000] {processor.py:914} INFO - Processing file /home/airflow/.local/lib/python3.12/site-packages/airflow/example_dags/example_latest_only.py for tasks to queue
[2024-08-26T10:35:24.292+0000] {logging_mixin.py:190} INFO - [2024-08-26T10:35:24.291+0000] {dagbag.py:587} INFO - Filling up the DagBag from /home/airflow/.local/lib/python3.12/site-packages/airflow/example_dags/example_latest_only.py
[2024-08-26T10:35:24.302+0000] {processor.py:925} INFO - DAG(s) 'latest_only' retrieved from /home/airflow/.local/lib/python3.12/site-packages/airflow/example_dags/example_latest_only.py
[2024-08-26T10:35:24.330+0000] {logging_mixin.py:190} INFO - [2024-08-26T10:35:24.330+0000] {dag.py:3211} INFO - Sync 1 DAGs
[2024-08-26T10:35:24.362+0000] {logging_mixin.py:190} INFO - [2024-08-26T10:35:24.361+0000] {dag.py:4138} INFO - Setting next_dagrun for latest_only to 2024-08-26 04:00:00+00:00, run_after=2024-08-26 08:00:00+00:00
[2024-08-26T10:35:24.388+0000] {processor.py:208} INFO - Processing /home/airflow/.local/lib/python3.12/site-packages/airflow/example_dags/example_latest_only.py took 0.110 seconds
[2024-08-26T10:37:59.525+0000] {processor.py:186} INFO - Started process (PID=54) to work on /home/airflow/.local/lib/python3.12/site-packages/airflow/example_dags/example_latest_only.py
[2024-08-26T10:37:59.526+0000] {processor.py:914} INFO - Processing file /home/airflow/.local/lib/python3.12/site-packages/airflow/example_dags/example_latest_only.py for tasks to queue
[2024-08-26T10:37:59.530+0000] {logging_mixin.py:190} INFO - [2024-08-26T10:37:59.529+0000] {dagbag.py:587} INFO - Filling up the DagBag from /home/airflow/.local/lib/python3.12/site-packages/airflow/example_dags/example_latest_only.py
[2024-08-26T10:37:59.540+0000] {processor.py:925} INFO - DAG(s) 'latest_only' retrieved from /home/airflow/.local/lib/python3.12/site-packages/airflow/example_dags/example_latest_only.py
[2024-08-26T10:37:59.575+0000] {logging_mixin.py:190} INFO - [2024-08-26T10:37:59.575+0000] {dag.py:3211} INFO - Sync 1 DAGs
[2024-08-26T10:37:59.609+0000] {logging_mixin.py:190} INFO - [2024-08-26T10:37:59.609+0000] {dag.py:4138} INFO - Setting next_dagrun for latest_only to 2024-08-26 04:00:00+00:00, run_after=2024-08-26 08:00:00+00:00
[2024-08-26T10:37:59.634+0000] {processor.py:208} INFO - Processing /home/airflow/.local/lib/python3.12/site-packages/airflow/example_dags/example_latest_only.py took 0.117 seconds
[2024-08-26T10:38:40.737+0000] {processor.py:186} INFO - Started process (PID=120) to work on /home/airflow/.local/lib/python3.12/site-packages/airflow/example_dags/example_latest_only.py
[2024-08-26T10:38:40.739+0000] {processor.py:914} INFO - Processing file /home/airflow/.local/lib/python3.12/site-packages/airflow/example_dags/example_latest_only.py for tasks to queue
[2024-08-26T10:38:40.742+0000] {logging_mixin.py:190} INFO - [2024-08-26T10:38:40.742+0000] {dagbag.py:587} INFO - Filling up the DagBag from /home/airflow/.local/lib/python3.12/site-packages/airflow/example_dags/example_latest_only.py
[2024-08-26T10:38:40.752+0000] {processor.py:925} INFO - DAG(s) 'latest_only' retrieved from /home/airflow/.local/lib/python3.12/site-packages/airflow/example_dags/example_latest_only.py
[2024-08-26T10:38:40.779+0000] {logging_mixin.py:190} INFO - [2024-08-26T10:38:40.779+0000] {dag.py:3211} INFO - Sync 1 DAGs
[2024-08-26T10:38:40.813+0000] {logging_mixin.py:190} INFO - [2024-08-26T10:38:40.813+0000] {dag.py:4138} INFO - Setting next_dagrun for latest_only to 2024-08-26 04:00:00+00:00, run_after=2024-08-26 08:00:00+00:00
[2024-08-26T10:38:40.842+0000] {processor.py:208} INFO - Processing /home/airflow/.local/lib/python3.12/site-packages/airflow/example_dags/example_latest_only.py took 0.112 seconds
[2024-08-26T10:39:17.846+0000] {processor.py:186} INFO - Started process (PID=186) to work on /home/airflow/.local/lib/python3.12/site-packages/airflow/example_dags/example_latest_only.py
[2024-08-26T10:39:17.848+0000] {processor.py:914} INFO - Processing file /home/airflow/.local/lib/python3.12/site-packages/airflow/example_dags/example_latest_only.py for tasks to queue
[2024-08-26T10:39:17.851+0000] {logging_mixin.py:190} INFO - [2024-08-26T10:39:17.851+0000] {dagbag.py:587} INFO - Filling up the DagBag from /home/airflow/.local/lib/python3.12/site-packages/airflow/example_dags/example_latest_only.py
[2024-08-26T10:39:17.861+0000] {processor.py:925} INFO - DAG(s) 'latest_only' retrieved from /home/airflow/.local/lib/python3.12/site-packages/airflow/example_dags/example_latest_only.py
[2024-08-26T10:39:17.889+0000] {logging_mixin.py:190} INFO - [2024-08-26T10:39:17.888+0000] {dag.py:3211} INFO - Sync 1 DAGs
[2024-08-26T10:39:17.922+0000] {logging_mixin.py:190} INFO - [2024-08-26T10:39:17.922+0000] {dag.py:4138} INFO - Setting next_dagrun for latest_only to 2024-08-26 04:00:00+00:00, run_after=2024-08-26 08:00:00+00:00
[2024-08-26T10:39:17.947+0000] {processor.py:208} INFO - Processing /home/airflow/.local/lib/python3.12/site-packages/airflow/example_dags/example_latest_only.py took 0.109 seconds
[2024-08-26T10:39:58.276+0000] {processor.py:186} INFO - Started process (PID=253) to work on /home/airflow/.local/lib/python3.12/site-packages/airflow/example_dags/example_latest_only.py
[2024-08-26T10:39:58.278+0000] {processor.py:914} INFO - Processing file /home/airflow/.local/lib/python3.12/site-packages/airflow/example_dags/example_latest_only.py for tasks to queue
[2024-08-26T10:39:58.284+0000] {logging_mixin.py:190} INFO - [2024-08-26T10:39:58.283+0000] {dagbag.py:587} INFO - Filling up the DagBag from /home/airflow/.local/lib/python3.12/site-packages/airflow/example_dags/example_latest_only.py
[2024-08-26T10:39:58.304+0000] {processor.py:925} INFO - DAG(s) 'latest_only' retrieved from /home/airflow/.local/lib/python3.12/site-packages/airflow/example_dags/example_latest_only.py
[2024-08-26T10:39:58.349+0000] {logging_mixin.py:190} INFO - [2024-08-26T10:39:58.349+0000] {dag.py:3211} INFO - Sync 1 DAGs
[2024-08-26T10:39:58.397+0000] {logging_mixin.py:190} INFO - [2024-08-26T10:39:58.397+0000] {dag.py:4138} INFO - Setting next_dagrun for latest_only to 2024-08-26 04:00:00+00:00, run_after=2024-08-26 08:00:00+00:00
[2024-08-26T10:39:58.427+0000] {processor.py:208} INFO - Processing /home/airflow/.local/lib/python3.12/site-packages/airflow/example_dags/example_latest_only.py took 0.166 seconds
[2024-08-26T10:40:41.771+0000] {processor.py:186} INFO - Started process (PID=326) to work on /home/airflow/.local/lib/python3.12/site-packages/airflow/example_dags/example_latest_only.py
[2024-08-26T10:40:41.773+0000] {processor.py:914} INFO - Processing file /home/airflow/.local/lib/python3.12/site-packages/airflow/example_dags/example_latest_only.py for tasks to queue
[2024-08-26T10:40:41.777+0000] {logging_mixin.py:190} INFO - [2024-08-26T10:40:41.776+0000] {dagbag.py:587} INFO - Filling up the DagBag from /home/airflow/.local/lib/python3.12/site-packages/airflow/example_dags/example_latest_only.py
[2024-08-26T10:40:41.786+0000] {processor.py:925} INFO - DAG(s) 'latest_only' retrieved from /home/airflow/.local/lib/python3.12/site-packages/airflow/example_dags/example_latest_only.py
[2024-08-26T10:40:41.813+0000] {logging_mixin.py:190} INFO - [2024-08-26T10:40:41.813+0000] {dag.py:3211} INFO - Sync 1 DAGs
[2024-08-26T10:40:41.845+0000] {logging_mixin.py:190} INFO - [2024-08-26T10:40:41.844+0000] {dag.py:4138} INFO - Setting next_dagrun for latest_only to 2024-08-26 04:00:00+00:00, run_after=2024-08-26 08:00:00+00:00
[2024-08-26T10:40:41.870+0000] {processor.py:208} INFO - Processing /home/airflow/.local/lib/python3.12/site-packages/airflow/example_dags/example_latest_only.py took 0.106 seconds
[2024-08-26T10:41:19.700+0000] {processor.py:186} INFO - Started process (PID=393) to work on /home/airflow/.local/lib/python3.12/site-packages/airflow/example_dags/example_latest_only.py
[2024-08-26T10:41:19.702+0000] {processor.py:914} INFO - Processing file /home/airflow/.local/lib/python3.12/site-packages/airflow/example_dags/example_latest_only.py for tasks to queue
[2024-08-26T10:41:19.705+0000] {logging_mixin.py:190} INFO - [2024-08-26T10:41:19.705+0000] {dagbag.py:587} INFO - Filling up the DagBag from /home/airflow/.local/lib/python3.12/site-packages/airflow/example_dags/example_latest_only.py
[2024-08-26T10:41:19.715+0000] {processor.py:925} INFO - DAG(s) 'latest_only' retrieved from /home/airflow/.local/lib/python3.12/site-packages/airflow/example_dags/example_latest_only.py
[2024-08-26T10:41:19.741+0000] {logging_mixin.py:190} INFO - [2024-08-26T10:41:19.741+0000] {dag.py:3211} INFO - Sync 1 DAGs
[2024-08-26T10:41:19.772+0000] {logging_mixin.py:190} INFO - [2024-08-26T10:41:19.772+0000] {dag.py:4138} INFO - Setting next_dagrun for latest_only to 2024-08-26 04:00:00+00:00, run_after=2024-08-26 08:00:00+00:00
[2024-08-26T10:41:19.795+0000] {processor.py:208} INFO - Processing /home/airflow/.local/lib/python3.12/site-packages/airflow/example_dags/example_latest_only.py took 0.104 seconds
[2024-08-26T10:41:58.456+0000] {processor.py:186} INFO - Started process (PID=459) to work on /home/airflow/.local/lib/python3.12/site-packages/airflow/example_dags/example_latest_only.py
[2024-08-26T10:41:58.459+0000] {processor.py:914} INFO - Processing file /home/airflow/.local/lib/python3.12/site-packages/airflow/example_dags/example_latest_only.py for tasks to queue
[2024-08-26T10:41:58.467+0000] {logging_mixin.py:190} INFO - [2024-08-26T10:41:58.466+0000] {dagbag.py:587} INFO - Filling up the DagBag from /home/airflow/.local/lib/python3.12/site-packages/airflow/example_dags/example_latest_only.py
[2024-08-26T10:41:58.491+0000] {processor.py:925} INFO - DAG(s) 'latest_only' retrieved from /home/airflow/.local/lib/python3.12/site-packages/airflow/example_dags/example_latest_only.py
[2024-08-26T10:42:01.649+0000] {logging_mixin.py:190} INFO - [2024-08-26T10:42:01.502+0000] {dag.py:3211} INFO - Sync 1 DAGs
[2024-08-26T10:42:01.903+0000] {logging_mixin.py:190} INFO - [2024-08-26T10:42:01.902+0000] {dag.py:4138} INFO - Setting next_dagrun for latest_only to 2024-08-26 04:00:00+00:00, run_after=2024-08-26 08:00:00+00:00
[2024-08-26T10:42:01.968+0000] {processor.py:208} INFO - Processing /home/airflow/.local/lib/python3.12/site-packages/airflow/example_dags/example_latest_only.py took 3.528 seconds
[2024-08-26T10:42:50.501+0000] {processor.py:186} INFO - Started process (PID=531) to work on /home/airflow/.local/lib/python3.12/site-packages/airflow/example_dags/example_latest_only.py
[2024-08-26T10:42:50.502+0000] {processor.py:914} INFO - Processing file /home/airflow/.local/lib/python3.12/site-packages/airflow/example_dags/example_latest_only.py for tasks to queue
[2024-08-26T10:42:50.504+0000] {logging_mixin.py:190} INFO - [2024-08-26T10:42:50.504+0000] {dagbag.py:587} INFO - Filling up the DagBag from /home/airflow/.local/lib/python3.12/site-packages/airflow/example_dags/example_latest_only.py
[2024-08-26T10:42:50.514+0000] {processor.py:925} INFO - DAG(s) 'latest_only' retrieved from /home/airflow/.local/lib/python3.12/site-packages/airflow/example_dags/example_latest_only.py
[2024-08-26T10:42:50.539+0000] {logging_mixin.py:190} INFO - [2024-08-26T10:42:50.539+0000] {dag.py:3211} INFO - Sync 1 DAGs
[2024-08-26T10:42:50.569+0000] {logging_mixin.py:190} INFO - [2024-08-26T10:42:50.569+0000] {dag.py:4138} INFO - Setting next_dagrun for latest_only to 2024-08-26 04:00:00+00:00, run_after=2024-08-26 08:00:00+00:00
[2024-08-26T10:42:50.593+0000] {processor.py:208} INFO - Processing /home/airflow/.local/lib/python3.12/site-packages/airflow/example_dags/example_latest_only.py took 0.100 seconds
[2024-08-26T10:43:32.153+0000] {processor.py:186} INFO - Started process (PID=601) to work on /home/airflow/.local/lib/python3.12/site-packages/airflow/example_dags/example_latest_only.py
[2024-08-26T10:43:32.159+0000] {processor.py:914} INFO - Processing file /home/airflow/.local/lib/python3.12/site-packages/airflow/example_dags/example_latest_only.py for tasks to queue
[2024-08-26T10:43:32.161+0000] {logging_mixin.py:190} INFO - [2024-08-26T10:43:32.160+0000] {dagbag.py:587} INFO - Filling up the DagBag from /home/airflow/.local/lib/python3.12/site-packages/airflow/example_dags/example_latest_only.py
[2024-08-26T10:43:32.174+0000] {processor.py:925} INFO - DAG(s) 'latest_only' retrieved from /home/airflow/.local/lib/python3.12/site-packages/airflow/example_dags/example_latest_only.py
[2024-08-26T10:43:32.212+0000] {logging_mixin.py:190} INFO - [2024-08-26T10:43:32.211+0000] {dag.py:3211} INFO - Sync 1 DAGs
[2024-08-26T10:43:32.251+0000] {logging_mixin.py:190} INFO - [2024-08-26T10:43:32.251+0000] {dag.py:4138} INFO - Setting next_dagrun for latest_only to 2024-08-26 04:00:00+00:00, run_after=2024-08-26 08:00:00+00:00
[2024-08-26T10:43:32.284+0000] {processor.py:208} INFO - Processing /home/airflow/.local/lib/python3.12/site-packages/airflow/example_dags/example_latest_only.py took 0.141 seconds
[2024-08-26T10:44:11.072+0000] {processor.py:186} INFO - Started process (PID=676) to work on /home/airflow/.local/lib/python3.12/site-packages/airflow/example_dags/example_latest_only.py
[2024-08-26T10:44:11.073+0000] {processor.py:914} INFO - Processing file /home/airflow/.local/lib/python3.12/site-packages/airflow/example_dags/example_latest_only.py for tasks to queue
[2024-08-26T10:44:11.075+0000] {logging_mixin.py:190} INFO - [2024-08-26T10:44:11.075+0000] {dagbag.py:587} INFO - Filling up the DagBag from /home/airflow/.local/lib/python3.12/site-packages/airflow/example_dags/example_latest_only.py
[2024-08-26T10:44:11.087+0000] {processor.py:925} INFO - DAG(s) 'latest_only' retrieved from /home/airflow/.local/lib/python3.12/site-packages/airflow/example_dags/example_latest_only.py
[2024-08-26T10:44:11.115+0000] {logging_mixin.py:190} INFO - [2024-08-26T10:44:11.115+0000] {dag.py:3211} INFO - Sync 1 DAGs
[2024-08-26T10:44:11.150+0000] {logging_mixin.py:190} INFO - [2024-08-26T10:44:11.150+0000] {dag.py:4138} INFO - Setting next_dagrun for latest_only to 2024-08-26 04:00:00+00:00, run_after=2024-08-26 08:00:00+00:00
[2024-08-26T10:44:11.178+0000] {processor.py:208} INFO - Processing /home/airflow/.local/lib/python3.12/site-packages/airflow/example_dags/example_latest_only.py took 0.114 seconds
[2024-08-26T10:44:50.226+0000] {processor.py:186} INFO - Started process (PID=742) to work on /home/airflow/.local/lib/python3.12/site-packages/airflow/example_dags/example_latest_only.py
[2024-08-26T10:44:50.227+0000] {processor.py:914} INFO - Processing file /home/airflow/.local/lib/python3.12/site-packages/airflow/example_dags/example_latest_only.py for tasks to queue
[2024-08-26T10:44:50.229+0000] {logging_mixin.py:190} INFO - [2024-08-26T10:44:50.229+0000] {dagbag.py:587} INFO - Filling up the DagBag from /home/airflow/.local/lib/python3.12/site-packages/airflow/example_dags/example_latest_only.py
[2024-08-26T10:44:50.238+0000] {processor.py:925} INFO - DAG(s) 'latest_only' retrieved from /home/airflow/.local/lib/python3.12/site-packages/airflow/example_dags/example_latest_only.py
[2024-08-26T10:44:50.265+0000] {logging_mixin.py:190} INFO - [2024-08-26T10:44:50.265+0000] {dag.py:3211} INFO - Sync 1 DAGs
[2024-08-26T10:44:50.295+0000] {logging_mixin.py:190} INFO - [2024-08-26T10:44:50.295+0000] {dag.py:4138} INFO - Setting next_dagrun for latest_only to 2024-08-26 04:00:00+00:00, run_after=2024-08-26 08:00:00+00:00
[2024-08-26T10:44:50.318+0000] {processor.py:208} INFO - Processing /home/airflow/.local/lib/python3.12/site-packages/airflow/example_dags/example_latest_only.py took 0.098 seconds
[2024-08-26T10:45:30.979+0000] {processor.py:186} INFO - Started process (PID=817) to work on /home/airflow/.local/lib/python3.12/site-packages/airflow/example_dags/example_latest_only.py
[2024-08-26T10:45:30.981+0000] {processor.py:914} INFO - Processing file /home/airflow/.local/lib/python3.12/site-packages/airflow/example_dags/example_latest_only.py for tasks to queue
[2024-08-26T10:45:30.983+0000] {logging_mixin.py:190} INFO - [2024-08-26T10:45:30.983+0000] {dagbag.py:587} INFO - Filling up the DagBag from /home/airflow/.local/lib/python3.12/site-packages/airflow/example_dags/example_latest_only.py
[2024-08-26T10:45:30.996+0000] {processor.py:925} INFO - DAG(s) 'latest_only' retrieved from /home/airflow/.local/lib/python3.12/site-packages/airflow/example_dags/example_latest_only.py
[2024-08-26T10:45:31.026+0000] {logging_mixin.py:190} INFO - [2024-08-26T10:45:31.026+0000] {dag.py:3211} INFO - Sync 1 DAGs
[2024-08-26T10:45:31.059+0000] {logging_mixin.py:190} INFO - [2024-08-26T10:45:31.059+0000] {dag.py:4138} INFO - Setting next_dagrun for latest_only to 2024-08-26 04:00:00+00:00, run_after=2024-08-26 08:00:00+00:00
[2024-08-26T10:45:31.084+0000] {processor.py:208} INFO - Processing /home/airflow/.local/lib/python3.12/site-packages/airflow/example_dags/example_latest_only.py took 0.114 seconds
[2024-08-26T10:46:10.091+0000] {processor.py:186} INFO - Started process (PID=890) to work on /home/airflow/.local/lib/python3.12/site-packages/airflow/example_dags/example_latest_only.py
[2024-08-26T10:46:10.093+0000] {processor.py:914} INFO - Processing file /home/airflow/.local/lib/python3.12/site-packages/airflow/example_dags/example_latest_only.py for tasks to queue
[2024-08-26T10:46:10.095+0000] {logging_mixin.py:190} INFO - [2024-08-26T10:46:10.094+0000] {dagbag.py:587} INFO - Filling up the DagBag from /home/airflow/.local/lib/python3.12/site-packages/airflow/example_dags/example_latest_only.py
[2024-08-26T10:46:10.107+0000] {processor.py:925} INFO - DAG(s) 'latest_only' retrieved from /home/airflow/.local/lib/python3.12/site-packages/airflow/example_dags/example_latest_only.py
[2024-08-26T10:46:10.135+0000] {logging_mixin.py:190} INFO - [2024-08-26T10:46:10.134+0000] {dag.py:3211} INFO - Sync 1 DAGs
[2024-08-26T10:46:10.167+0000] {logging_mixin.py:190} INFO - [2024-08-26T10:46:10.166+0000] {dag.py:4138} INFO - Setting next_dagrun for latest_only to 2024-08-26 04:00:00+00:00, run_after=2024-08-26 08:00:00+00:00
[2024-08-26T10:46:10.191+0000] {processor.py:208} INFO - Processing /home/airflow/.local/lib/python3.12/site-packages/airflow/example_dags/example_latest_only.py took 0.110 seconds
[2024-08-26T10:46:48.723+0000] {processor.py:186} INFO - Started process (PID=957) to work on /home/airflow/.local/lib/python3.12/site-packages/airflow/example_dags/example_latest_only.py
[2024-08-26T10:46:48.725+0000] {processor.py:914} INFO - Processing file /home/airflow/.local/lib/python3.12/site-packages/airflow/example_dags/example_latest_only.py for tasks to queue
[2024-08-26T10:46:48.727+0000] {logging_mixin.py:190} INFO - [2024-08-26T10:46:48.726+0000] {dagbag.py:587} INFO - Filling up the DagBag from /home/airflow/.local/lib/python3.12/site-packages/airflow/example_dags/example_latest_only.py
[2024-08-26T10:46:48.737+0000] {processor.py:925} INFO - DAG(s) 'latest_only' retrieved from /home/airflow/.local/lib/python3.12/site-packages/airflow/example_dags/example_latest_only.py
[2024-08-26T10:46:48.766+0000] {logging_mixin.py:190} INFO - [2024-08-26T10:46:48.766+0000] {dag.py:3211} INFO - Sync 1 DAGs
[2024-08-26T10:46:48.799+0000] {logging_mixin.py:190} INFO - [2024-08-26T10:46:48.798+0000] {dag.py:4138} INFO - Setting next_dagrun for latest_only to 2024-08-26 04:00:00+00:00, run_after=2024-08-26 08:00:00+00:00
[2024-08-26T10:46:48.823+0000] {processor.py:208} INFO - Processing /home/airflow/.local/lib/python3.12/site-packages/airflow/example_dags/example_latest_only.py took 0.108 seconds
[2024-08-26T10:47:39.747+0000] {processor.py:186} INFO - Started process (PID=1040) to work on /home/airflow/.local/lib/python3.12/site-packages/airflow/example_dags/example_latest_only.py
[2024-08-26T10:47:39.749+0000] {processor.py:914} INFO - Processing file /home/airflow/.local/lib/python3.12/site-packages/airflow/example_dags/example_latest_only.py for tasks to queue
[2024-08-26T10:47:39.752+0000] {logging_mixin.py:190} INFO - [2024-08-26T10:47:39.752+0000] {dagbag.py:587} INFO - Filling up the DagBag from /home/airflow/.local/lib/python3.12/site-packages/airflow/example_dags/example_latest_only.py
[2024-08-26T10:47:39.765+0000] {processor.py:925} INFO - DAG(s) 'latest_only' retrieved from /home/airflow/.local/lib/python3.12/site-packages/airflow/example_dags/example_latest_only.py
[2024-08-26T10:47:39.800+0000] {logging_mixin.py:190} INFO - [2024-08-26T10:47:39.800+0000] {dag.py:3211} INFO - Sync 1 DAGs
[2024-08-26T10:47:39.845+0000] {logging_mixin.py:190} INFO - [2024-08-26T10:47:39.845+0000] {dag.py:4138} INFO - Setting next_dagrun for latest_only to 2024-08-26 04:00:00+00:00, run_after=2024-08-26 08:00:00+00:00
[2024-08-26T10:47:39.886+0000] {processor.py:208} INFO - Processing /home/airflow/.local/lib/python3.12/site-packages/airflow/example_dags/example_latest_only.py took 0.151 seconds
[2024-08-26T10:48:19.482+0000] {processor.py:186} INFO - Started process (PID=1106) to work on /home/airflow/.local/lib/python3.12/site-packages/airflow/example_dags/example_latest_only.py
[2024-08-26T10:48:19.484+0000] {processor.py:914} INFO - Processing file /home/airflow/.local/lib/python3.12/site-packages/airflow/example_dags/example_latest_only.py for tasks to queue
[2024-08-26T10:48:19.486+0000] {logging_mixin.py:190} INFO - [2024-08-26T10:48:19.486+0000] {dagbag.py:587} INFO - Filling up the DagBag from /home/airflow/.local/lib/python3.12/site-packages/airflow/example_dags/example_latest_only.py
[2024-08-26T10:48:19.496+0000] {processor.py:925} INFO - DAG(s) 'latest_only' retrieved from /home/airflow/.local/lib/python3.12/site-packages/airflow/example_dags/example_latest_only.py
[2024-08-26T10:48:19.522+0000] {logging_mixin.py:190} INFO - [2024-08-26T10:48:19.522+0000] {dag.py:3211} INFO - Sync 1 DAGs
[2024-08-26T10:48:19.553+0000] {logging_mixin.py:190} INFO - [2024-08-26T10:48:19.552+0000] {dag.py:4138} INFO - Setting next_dagrun for latest_only to 2024-08-26 04:00:00+00:00, run_after=2024-08-26 08:00:00+00:00
[2024-08-26T10:48:19.576+0000] {processor.py:208} INFO - Processing /home/airflow/.local/lib/python3.12/site-packages/airflow/example_dags/example_latest_only.py took 0.101 seconds
[2024-08-26T10:49:01.967+0000] {processor.py:186} INFO - Started process (PID=1182) to work on /home/airflow/.local/lib/python3.12/site-packages/airflow/example_dags/example_latest_only.py
[2024-08-26T10:49:01.980+0000] {processor.py:914} INFO - Processing file /home/airflow/.local/lib/python3.12/site-packages/airflow/example_dags/example_latest_only.py for tasks to queue
[2024-08-26T10:49:01.986+0000] {logging_mixin.py:190} INFO - [2024-08-26T10:49:01.985+0000] {dagbag.py:587} INFO - Filling up the DagBag from /home/airflow/.local/lib/python3.12/site-packages/airflow/example_dags/example_latest_only.py
[2024-08-26T10:49:02.015+0000] {processor.py:925} INFO - DAG(s) 'latest_only' retrieved from /home/airflow/.local/lib/python3.12/site-packages/airflow/example_dags/example_latest_only.py
[2024-08-26T10:49:02.073+0000] {logging_mixin.py:190} INFO - [2024-08-26T10:49:02.073+0000] {dag.py:3211} INFO - Sync 1 DAGs
[2024-08-26T10:49:02.144+0000] {logging_mixin.py:190} INFO - [2024-08-26T10:49:02.144+0000] {dag.py:4138} INFO - Setting next_dagrun for latest_only to 2024-08-26 04:00:00+00:00, run_after=2024-08-26 08:00:00+00:00
[2024-08-26T10:49:02.190+0000] {processor.py:208} INFO - Processing /home/airflow/.local/lib/python3.12/site-packages/airflow/example_dags/example_latest_only.py took 0.243 seconds
[2024-08-26T10:49:42.232+0000] {processor.py:186} INFO - Started process (PID=1253) to work on /home/airflow/.local/lib/python3.12/site-packages/airflow/example_dags/example_latest_only.py
[2024-08-26T10:49:42.234+0000] {processor.py:914} INFO - Processing file /home/airflow/.local/lib/python3.12/site-packages/airflow/example_dags/example_latest_only.py for tasks to queue
[2024-08-26T10:49:42.240+0000] {logging_mixin.py:190} INFO - [2024-08-26T10:49:42.239+0000] {dagbag.py:587} INFO - Filling up the DagBag from /home/airflow/.local/lib/python3.12/site-packages/airflow/example_dags/example_latest_only.py
[2024-08-26T10:49:42.267+0000] {processor.py:925} INFO - DAG(s) 'latest_only' retrieved from /home/airflow/.local/lib/python3.12/site-packages/airflow/example_dags/example_latest_only.py
[2024-08-26T10:49:42.321+0000] {logging_mixin.py:190} INFO - [2024-08-26T10:49:42.320+0000] {dag.py:3211} INFO - Sync 1 DAGs
[2024-08-26T10:49:42.384+0000] {logging_mixin.py:190} INFO - [2024-08-26T10:49:42.384+0000] {dag.py:4138} INFO - Setting next_dagrun for latest_only to 2024-08-26 04:00:00+00:00, run_after=2024-08-26 08:00:00+00:00
[2024-08-26T10:49:42.418+0000] {processor.py:208} INFO - Processing /home/airflow/.local/lib/python3.12/site-packages/airflow/example_dags/example_latest_only.py took 0.203 seconds
[2024-08-26T15:09:23.434+0000] {processor.py:186} INFO - Started process (PID=48) to work on /home/airflow/.local/lib/python3.12/site-packages/airflow/example_dags/example_latest_only.py
[2024-08-26T15:09:23.436+0000] {processor.py:914} INFO - Processing file /home/airflow/.local/lib/python3.12/site-packages/airflow/example_dags/example_latest_only.py for tasks to queue
[2024-08-26T15:09:23.439+0000] {logging_mixin.py:190} INFO - [2024-08-26T15:09:23.439+0000] {dagbag.py:587} INFO - Filling up the DagBag from /home/airflow/.local/lib/python3.12/site-packages/airflow/example_dags/example_latest_only.py
[2024-08-26T15:09:23.450+0000] {processor.py:925} INFO - DAG(s) 'latest_only' retrieved from /home/airflow/.local/lib/python3.12/site-packages/airflow/example_dags/example_latest_only.py
[2024-08-26T15:09:23.488+0000] {logging_mixin.py:190} INFO - [2024-08-26T15:09:23.488+0000] {dag.py:3211} INFO - Sync 1 DAGs
[2024-08-26T15:09:23.520+0000] {logging_mixin.py:190} INFO - [2024-08-26T15:09:23.520+0000] {dag.py:4138} INFO - Setting next_dagrun for latest_only to 2024-08-26 08:00:00+00:00, run_after=2024-08-26 12:00:00+00:00
[2024-08-26T15:09:23.544+0000] {processor.py:208} INFO - Processing /home/airflow/.local/lib/python3.12/site-packages/airflow/example_dags/example_latest_only.py took 0.117 seconds
[2024-08-26T15:10:06.967+0000] {processor.py:186} INFO - Started process (PID=119) to work on /home/airflow/.local/lib/python3.12/site-packages/airflow/example_dags/example_latest_only.py
[2024-08-26T15:10:06.968+0000] {processor.py:914} INFO - Processing file /home/airflow/.local/lib/python3.12/site-packages/airflow/example_dags/example_latest_only.py for tasks to queue
[2024-08-26T15:10:06.972+0000] {logging_mixin.py:190} INFO - [2024-08-26T15:10:06.971+0000] {dagbag.py:587} INFO - Filling up the DagBag from /home/airflow/.local/lib/python3.12/site-packages/airflow/example_dags/example_latest_only.py
[2024-08-26T15:10:06.982+0000] {processor.py:925} INFO - DAG(s) 'latest_only' retrieved from /home/airflow/.local/lib/python3.12/site-packages/airflow/example_dags/example_latest_only.py
[2024-08-26T15:10:07.010+0000] {logging_mixin.py:190} INFO - [2024-08-26T15:10:07.010+0000] {dag.py:3211} INFO - Sync 1 DAGs
[2024-08-26T15:10:07.040+0000] {logging_mixin.py:190} INFO - [2024-08-26T15:10:07.040+0000] {dag.py:4138} INFO - Setting next_dagrun for latest_only to 2024-08-26 08:00:00+00:00, run_after=2024-08-26 12:00:00+00:00
[2024-08-26T15:10:07.063+0000] {processor.py:208} INFO - Processing /home/airflow/.local/lib/python3.12/site-packages/airflow/example_dags/example_latest_only.py took 0.104 seconds
[2024-08-26T15:10:45.442+0000] {processor.py:186} INFO - Started process (PID=186) to work on /home/airflow/.local/lib/python3.12/site-packages/airflow/example_dags/example_latest_only.py
[2024-08-26T15:10:45.444+0000] {processor.py:914} INFO - Processing file /home/airflow/.local/lib/python3.12/site-packages/airflow/example_dags/example_latest_only.py for tasks to queue
[2024-08-26T15:10:45.447+0000] {logging_mixin.py:190} INFO - [2024-08-26T15:10:45.447+0000] {dagbag.py:587} INFO - Filling up the DagBag from /home/airflow/.local/lib/python3.12/site-packages/airflow/example_dags/example_latest_only.py
[2024-08-26T15:10:45.456+0000] {processor.py:925} INFO - DAG(s) 'latest_only' retrieved from /home/airflow/.local/lib/python3.12/site-packages/airflow/example_dags/example_latest_only.py
[2024-08-26T15:10:45.483+0000] {logging_mixin.py:190} INFO - [2024-08-26T15:10:45.482+0000] {dag.py:3211} INFO - Sync 1 DAGs
[2024-08-26T15:10:45.512+0000] {logging_mixin.py:190} INFO - [2024-08-26T15:10:45.512+0000] {dag.py:4138} INFO - Setting next_dagrun for latest_only to 2024-08-26 08:00:00+00:00, run_after=2024-08-26 12:00:00+00:00
[2024-08-26T15:10:45.533+0000] {processor.py:208} INFO - Processing /home/airflow/.local/lib/python3.12/site-packages/airflow/example_dags/example_latest_only.py took 0.098 seconds
[2024-08-26T15:11:22.600+0000] {processor.py:186} INFO - Started process (PID=253) to work on /home/airflow/.local/lib/python3.12/site-packages/airflow/example_dags/example_latest_only.py
[2024-08-26T15:11:22.602+0000] {processor.py:914} INFO - Processing file /home/airflow/.local/lib/python3.12/site-packages/airflow/example_dags/example_latest_only.py for tasks to queue
[2024-08-26T15:11:22.605+0000] {logging_mixin.py:190} INFO - [2024-08-26T15:11:22.605+0000] {dagbag.py:587} INFO - Filling up the DagBag from /home/airflow/.local/lib/python3.12/site-packages/airflow/example_dags/example_latest_only.py
[2024-08-26T15:11:22.614+0000] {processor.py:925} INFO - DAG(s) 'latest_only' retrieved from /home/airflow/.local/lib/python3.12/site-packages/airflow/example_dags/example_latest_only.py
[2024-08-26T15:11:22.640+0000] {logging_mixin.py:190} INFO - [2024-08-26T15:11:22.639+0000] {dag.py:3211} INFO - Sync 1 DAGs
[2024-08-26T15:11:22.675+0000] {logging_mixin.py:190} INFO - [2024-08-26T15:11:22.675+0000] {dag.py:4138} INFO - Setting next_dagrun for latest_only to 2024-08-26 08:00:00+00:00, run_after=2024-08-26 12:00:00+00:00
[2024-08-26T15:11:22.701+0000] {processor.py:208} INFO - Processing /home/airflow/.local/lib/python3.12/site-packages/airflow/example_dags/example_latest_only.py took 0.109 seconds
[2024-08-26T15:12:01.184+0000] {processor.py:186} INFO - Started process (PID=325) to work on /home/airflow/.local/lib/python3.12/site-packages/airflow/example_dags/example_latest_only.py
[2024-08-26T15:12:01.186+0000] {processor.py:914} INFO - Processing file /home/airflow/.local/lib/python3.12/site-packages/airflow/example_dags/example_latest_only.py for tasks to queue
[2024-08-26T15:12:01.189+0000] {logging_mixin.py:190} INFO - [2024-08-26T15:12:01.189+0000] {dagbag.py:587} INFO - Filling up the DagBag from /home/airflow/.local/lib/python3.12/site-packages/airflow/example_dags/example_latest_only.py
[2024-08-26T15:12:01.199+0000] {processor.py:925} INFO - DAG(s) 'latest_only' retrieved from /home/airflow/.local/lib/python3.12/site-packages/airflow/example_dags/example_latest_only.py
[2024-08-26T15:12:01.227+0000] {logging_mixin.py:190} INFO - [2024-08-26T15:12:01.226+0000] {dag.py:3211} INFO - Sync 1 DAGs
[2024-08-26T15:12:01.259+0000] {logging_mixin.py:190} INFO - [2024-08-26T15:12:01.258+0000] {dag.py:4138} INFO - Setting next_dagrun for latest_only to 2024-08-26 08:00:00+00:00, run_after=2024-08-26 12:00:00+00:00
[2024-08-26T15:12:01.284+0000] {processor.py:208} INFO - Processing /home/airflow/.local/lib/python3.12/site-packages/airflow/example_dags/example_latest_only.py took 0.114 seconds
[2024-08-26T15:12:40.698+0000] {processor.py:186} INFO - Started process (PID=391) to work on /home/airflow/.local/lib/python3.12/site-packages/airflow/example_dags/example_latest_only.py
[2024-08-26T15:12:40.699+0000] {processor.py:914} INFO - Processing file /home/airflow/.local/lib/python3.12/site-packages/airflow/example_dags/example_latest_only.py for tasks to queue
[2024-08-26T15:12:40.703+0000] {logging_mixin.py:190} INFO - [2024-08-26T15:12:40.703+0000] {dagbag.py:587} INFO - Filling up the DagBag from /home/airflow/.local/lib/python3.12/site-packages/airflow/example_dags/example_latest_only.py
[2024-08-26T15:12:40.718+0000] {processor.py:925} INFO - DAG(s) 'latest_only' retrieved from /home/airflow/.local/lib/python3.12/site-packages/airflow/example_dags/example_latest_only.py
[2024-08-26T15:12:40.809+0000] {logging_mixin.py:190} INFO - [2024-08-26T15:12:40.808+0000] {dag.py:3211} INFO - Sync 1 DAGs
[2024-08-26T15:12:40.848+0000] {logging_mixin.py:190} INFO - [2024-08-26T15:12:40.847+0000] {dag.py:4138} INFO - Setting next_dagrun for latest_only to 2024-08-26 08:00:00+00:00, run_after=2024-08-26 12:00:00+00:00
[2024-08-26T15:12:40.872+0000] {processor.py:208} INFO - Processing /home/airflow/.local/lib/python3.12/site-packages/airflow/example_dags/example_latest_only.py took 0.183 seconds
[2024-08-26T15:13:30.171+0000] {processor.py:186} INFO - Started process (PID=473) to work on /home/airflow/.local/lib/python3.12/site-packages/airflow/example_dags/example_latest_only.py
[2024-08-26T15:13:30.173+0000] {processor.py:914} INFO - Processing file /home/airflow/.local/lib/python3.12/site-packages/airflow/example_dags/example_latest_only.py for tasks to queue
[2024-08-26T15:13:30.177+0000] {logging_mixin.py:190} INFO - [2024-08-26T15:13:30.177+0000] {dagbag.py:587} INFO - Filling up the DagBag from /home/airflow/.local/lib/python3.12/site-packages/airflow/example_dags/example_latest_only.py
[2024-08-26T15:13:30.189+0000] {processor.py:925} INFO - DAG(s) 'latest_only' retrieved from /home/airflow/.local/lib/python3.12/site-packages/airflow/example_dags/example_latest_only.py
[2024-08-26T15:13:30.222+0000] {logging_mixin.py:190} INFO - [2024-08-26T15:13:30.222+0000] {dag.py:3211} INFO - Sync 1 DAGs
[2024-08-26T15:13:30.259+0000] {logging_mixin.py:190} INFO - [2024-08-26T15:13:30.259+0000] {dag.py:4138} INFO - Setting next_dagrun for latest_only to 2024-08-26 08:00:00+00:00, run_after=2024-08-26 12:00:00+00:00
[2024-08-26T15:13:30.294+0000] {processor.py:208} INFO - Processing /home/airflow/.local/lib/python3.12/site-packages/airflow/example_dags/example_latest_only.py took 0.132 seconds
[2024-08-26T15:14:26.522+0000] {processor.py:186} INFO - Started process (PID=541) to work on /home/airflow/.local/lib/python3.12/site-packages/airflow/example_dags/example_latest_only.py
[2024-08-26T15:14:26.524+0000] {processor.py:914} INFO - Processing file /home/airflow/.local/lib/python3.12/site-packages/airflow/example_dags/example_latest_only.py for tasks to queue
[2024-08-26T15:14:26.528+0000] {logging_mixin.py:190} INFO - [2024-08-26T15:14:26.527+0000] {dagbag.py:587} INFO - Filling up the DagBag from /home/airflow/.local/lib/python3.12/site-packages/airflow/example_dags/example_latest_only.py
[2024-08-26T15:14:26.541+0000] {processor.py:925} INFO - DAG(s) 'latest_only' retrieved from /home/airflow/.local/lib/python3.12/site-packages/airflow/example_dags/example_latest_only.py
[2024-08-26T15:14:26.575+0000] {logging_mixin.py:190} INFO - [2024-08-26T15:14:26.574+0000] {dag.py:3211} INFO - Sync 1 DAGs
[2024-08-26T15:14:26.616+0000] {logging_mixin.py:190} INFO - [2024-08-26T15:14:26.616+0000] {dag.py:4138} INFO - Setting next_dagrun for latest_only to 2024-08-26 08:00:00+00:00, run_after=2024-08-26 12:00:00+00:00
[2024-08-26T15:14:26.648+0000] {processor.py:208} INFO - Processing /home/airflow/.local/lib/python3.12/site-packages/airflow/example_dags/example_latest_only.py took 0.136 seconds
[2024-08-26T15:15:04.429+0000] {processor.py:186} INFO - Started process (PID=614) to work on /home/airflow/.local/lib/python3.12/site-packages/airflow/example_dags/example_latest_only.py
[2024-08-26T15:15:04.432+0000] {processor.py:914} INFO - Processing file /home/airflow/.local/lib/python3.12/site-packages/airflow/example_dags/example_latest_only.py for tasks to queue
[2024-08-26T15:15:04.434+0000] {logging_mixin.py:190} INFO - [2024-08-26T15:15:04.433+0000] {dagbag.py:587} INFO - Filling up the DagBag from /home/airflow/.local/lib/python3.12/site-packages/airflow/example_dags/example_latest_only.py
[2024-08-26T15:15:04.453+0000] {processor.py:925} INFO - DAG(s) 'latest_only' retrieved from /home/airflow/.local/lib/python3.12/site-packages/airflow/example_dags/example_latest_only.py
[2024-08-26T15:15:04.489+0000] {logging_mixin.py:190} INFO - [2024-08-26T15:15:04.488+0000] {dag.py:3211} INFO - Sync 1 DAGs
[2024-08-26T15:15:04.739+0000] {logging_mixin.py:190} INFO - [2024-08-26T15:15:04.732+0000] {dag.py:4138} INFO - Setting next_dagrun for latest_only to 2024-08-26 08:00:00+00:00, run_after=2024-08-26 12:00:00+00:00
[2024-08-26T15:15:04.871+0000] {processor.py:208} INFO - Processing /home/airflow/.local/lib/python3.12/site-packages/airflow/example_dags/example_latest_only.py took 0.449 seconds
[2024-08-26T15:15:50.431+0000] {processor.py:186} INFO - Started process (PID=680) to work on /home/airflow/.local/lib/python3.12/site-packages/airflow/example_dags/example_latest_only.py
[2024-08-26T15:15:50.434+0000] {processor.py:914} INFO - Processing file /home/airflow/.local/lib/python3.12/site-packages/airflow/example_dags/example_latest_only.py for tasks to queue
[2024-08-26T15:15:50.436+0000] {logging_mixin.py:190} INFO - [2024-08-26T15:15:50.436+0000] {dagbag.py:587} INFO - Filling up the DagBag from /home/airflow/.local/lib/python3.12/site-packages/airflow/example_dags/example_latest_only.py
[2024-08-26T15:15:50.452+0000] {processor.py:925} INFO - DAG(s) 'latest_only' retrieved from /home/airflow/.local/lib/python3.12/site-packages/airflow/example_dags/example_latest_only.py
[2024-08-26T15:15:50.503+0000] {logging_mixin.py:190} INFO - [2024-08-26T15:15:50.502+0000] {dag.py:3211} INFO - Sync 1 DAGs
[2024-08-26T15:15:50.549+0000] {logging_mixin.py:190} INFO - [2024-08-26T15:15:50.548+0000] {dag.py:4138} INFO - Setting next_dagrun for latest_only to 2024-08-26 08:00:00+00:00, run_after=2024-08-26 12:00:00+00:00
[2024-08-26T15:15:50.583+0000] {processor.py:208} INFO - Processing /home/airflow/.local/lib/python3.12/site-packages/airflow/example_dags/example_latest_only.py took 0.163 seconds
[2024-08-26T15:16:27.778+0000] {processor.py:186} INFO - Started process (PID=746) to work on /home/airflow/.local/lib/python3.12/site-packages/airflow/example_dags/example_latest_only.py
[2024-08-26T15:16:27.780+0000] {processor.py:914} INFO - Processing file /home/airflow/.local/lib/python3.12/site-packages/airflow/example_dags/example_latest_only.py for tasks to queue
[2024-08-26T15:16:27.782+0000] {logging_mixin.py:190} INFO - [2024-08-26T15:16:27.781+0000] {dagbag.py:587} INFO - Filling up the DagBag from /home/airflow/.local/lib/python3.12/site-packages/airflow/example_dags/example_latest_only.py
[2024-08-26T15:16:27.792+0000] {processor.py:925} INFO - DAG(s) 'latest_only' retrieved from /home/airflow/.local/lib/python3.12/site-packages/airflow/example_dags/example_latest_only.py
[2024-08-26T15:16:27.824+0000] {logging_mixin.py:190} INFO - [2024-08-26T15:16:27.824+0000] {dag.py:3211} INFO - Sync 1 DAGs
[2024-08-26T15:16:27.874+0000] {logging_mixin.py:190} INFO - [2024-08-26T15:16:27.874+0000] {dag.py:4138} INFO - Setting next_dagrun for latest_only to 2024-08-26 08:00:00+00:00, run_after=2024-08-26 12:00:00+00:00
[2024-08-26T15:16:27.902+0000] {processor.py:208} INFO - Processing /home/airflow/.local/lib/python3.12/site-packages/airflow/example_dags/example_latest_only.py took 0.131 seconds
[2024-08-26T15:17:05.785+0000] {processor.py:186} INFO - Started process (PID=817) to work on /home/airflow/.local/lib/python3.12/site-packages/airflow/example_dags/example_latest_only.py
[2024-08-26T15:17:05.787+0000] {processor.py:914} INFO - Processing file /home/airflow/.local/lib/python3.12/site-packages/airflow/example_dags/example_latest_only.py for tasks to queue
[2024-08-26T15:17:05.789+0000] {logging_mixin.py:190} INFO - [2024-08-26T15:17:05.788+0000] {dagbag.py:587} INFO - Filling up the DagBag from /home/airflow/.local/lib/python3.12/site-packages/airflow/example_dags/example_latest_only.py
[2024-08-26T15:17:05.799+0000] {processor.py:925} INFO - DAG(s) 'latest_only' retrieved from /home/airflow/.local/lib/python3.12/site-packages/airflow/example_dags/example_latest_only.py
[2024-08-26T15:17:05.826+0000] {logging_mixin.py:190} INFO - [2024-08-26T15:17:05.825+0000] {dag.py:3211} INFO - Sync 1 DAGs
[2024-08-26T15:17:05.858+0000] {logging_mixin.py:190} INFO - [2024-08-26T15:17:05.858+0000] {dag.py:4138} INFO - Setting next_dagrun for latest_only to 2024-08-26 08:00:00+00:00, run_after=2024-08-26 12:00:00+00:00
[2024-08-26T15:17:05.884+0000] {processor.py:208} INFO - Processing /home/airflow/.local/lib/python3.12/site-packages/airflow/example_dags/example_latest_only.py took 0.106 seconds
[2024-08-26T15:17:42.483+0000] {processor.py:186} INFO - Started process (PID=884) to work on /home/airflow/.local/lib/python3.12/site-packages/airflow/example_dags/example_latest_only.py
[2024-08-26T15:17:42.484+0000] {processor.py:914} INFO - Processing file /home/airflow/.local/lib/python3.12/site-packages/airflow/example_dags/example_latest_only.py for tasks to queue
[2024-08-26T15:17:42.486+0000] {logging_mixin.py:190} INFO - [2024-08-26T15:17:42.485+0000] {dagbag.py:587} INFO - Filling up the DagBag from /home/airflow/.local/lib/python3.12/site-packages/airflow/example_dags/example_latest_only.py
[2024-08-26T15:17:42.497+0000] {processor.py:925} INFO - DAG(s) 'latest_only' retrieved from /home/airflow/.local/lib/python3.12/site-packages/airflow/example_dags/example_latest_only.py
[2024-08-26T15:17:42.524+0000] {logging_mixin.py:190} INFO - [2024-08-26T15:17:42.524+0000] {dag.py:3211} INFO - Sync 1 DAGs
[2024-08-26T15:17:42.560+0000] {logging_mixin.py:190} INFO - [2024-08-26T15:17:42.560+0000] {dag.py:4138} INFO - Setting next_dagrun for latest_only to 2024-08-26 08:00:00+00:00, run_after=2024-08-26 12:00:00+00:00
[2024-08-26T15:17:42.585+0000] {processor.py:208} INFO - Processing /home/airflow/.local/lib/python3.12/site-packages/airflow/example_dags/example_latest_only.py took 0.110 seconds
[2024-08-26T15:18:19.158+0000] {processor.py:186} INFO - Started process (PID=950) to work on /home/airflow/.local/lib/python3.12/site-packages/airflow/example_dags/example_latest_only.py
[2024-08-26T15:18:19.159+0000] {processor.py:914} INFO - Processing file /home/airflow/.local/lib/python3.12/site-packages/airflow/example_dags/example_latest_only.py for tasks to queue
[2024-08-26T15:18:19.161+0000] {logging_mixin.py:190} INFO - [2024-08-26T15:18:19.161+0000] {dagbag.py:587} INFO - Filling up the DagBag from /home/airflow/.local/lib/python3.12/site-packages/airflow/example_dags/example_latest_only.py
[2024-08-26T15:18:19.172+0000] {processor.py:925} INFO - DAG(s) 'latest_only' retrieved from /home/airflow/.local/lib/python3.12/site-packages/airflow/example_dags/example_latest_only.py
[2024-08-26T15:18:19.199+0000] {logging_mixin.py:190} INFO - [2024-08-26T15:18:19.198+0000] {dag.py:3211} INFO - Sync 1 DAGs
[2024-08-26T15:18:19.230+0000] {logging_mixin.py:190} INFO - [2024-08-26T15:18:19.230+0000] {dag.py:4138} INFO - Setting next_dagrun for latest_only to 2024-08-26 08:00:00+00:00, run_after=2024-08-26 12:00:00+00:00
[2024-08-26T15:18:19.253+0000] {processor.py:208} INFO - Processing /home/airflow/.local/lib/python3.12/site-packages/airflow/example_dags/example_latest_only.py took 0.103 seconds
[2024-08-26T15:19:02.156+0000] {processor.py:186} INFO - Started process (PID=1021) to work on /home/airflow/.local/lib/python3.12/site-packages/airflow/example_dags/example_latest_only.py
[2024-08-26T15:19:02.157+0000] {processor.py:914} INFO - Processing file /home/airflow/.local/lib/python3.12/site-packages/airflow/example_dags/example_latest_only.py for tasks to queue
[2024-08-26T15:19:02.159+0000] {logging_mixin.py:190} INFO - [2024-08-26T15:19:02.159+0000] {dagbag.py:587} INFO - Filling up the DagBag from /home/airflow/.local/lib/python3.12/site-packages/airflow/example_dags/example_latest_only.py
[2024-08-26T15:19:02.169+0000] {processor.py:925} INFO - DAG(s) 'latest_only' retrieved from /home/airflow/.local/lib/python3.12/site-packages/airflow/example_dags/example_latest_only.py
[2024-08-26T15:19:02.194+0000] {logging_mixin.py:190} INFO - [2024-08-26T15:19:02.194+0000] {dag.py:3211} INFO - Sync 1 DAGs
[2024-08-26T15:19:02.222+0000] {logging_mixin.py:190} INFO - [2024-08-26T15:19:02.222+0000] {dag.py:4138} INFO - Setting next_dagrun for latest_only to 2024-08-26 08:00:00+00:00, run_after=2024-08-26 12:00:00+00:00
[2024-08-26T15:19:02.244+0000] {processor.py:208} INFO - Processing /home/airflow/.local/lib/python3.12/site-packages/airflow/example_dags/example_latest_only.py took 0.096 seconds
[2024-08-26T15:19:38.874+0000] {processor.py:186} INFO - Started process (PID=1088) to work on /home/airflow/.local/lib/python3.12/site-packages/airflow/example_dags/example_latest_only.py
[2024-08-26T15:19:38.875+0000] {processor.py:914} INFO - Processing file /home/airflow/.local/lib/python3.12/site-packages/airflow/example_dags/example_latest_only.py for tasks to queue
[2024-08-26T15:19:38.877+0000] {logging_mixin.py:190} INFO - [2024-08-26T15:19:38.877+0000] {dagbag.py:587} INFO - Filling up the DagBag from /home/airflow/.local/lib/python3.12/site-packages/airflow/example_dags/example_latest_only.py
[2024-08-26T15:19:38.888+0000] {processor.py:925} INFO - DAG(s) 'latest_only' retrieved from /home/airflow/.local/lib/python3.12/site-packages/airflow/example_dags/example_latest_only.py
[2024-08-26T15:19:38.964+0000] {logging_mixin.py:190} INFO - [2024-08-26T15:19:38.964+0000] {dag.py:3211} INFO - Sync 1 DAGs
[2024-08-26T15:19:39.245+0000] {logging_mixin.py:190} INFO - [2024-08-26T15:19:39.244+0000] {dag.py:4138} INFO - Setting next_dagrun for latest_only to 2024-08-26 08:00:00+00:00, run_after=2024-08-26 12:00:00+00:00
[2024-08-26T15:19:39.281+0000] {processor.py:208} INFO - Processing /home/airflow/.local/lib/python3.12/site-packages/airflow/example_dags/example_latest_only.py took 0.416 seconds
[2024-08-26T15:20:17.258+0000] {processor.py:186} INFO - Started process (PID=1153) to work on /home/airflow/.local/lib/python3.12/site-packages/airflow/example_dags/example_latest_only.py
[2024-08-26T15:20:17.259+0000] {processor.py:914} INFO - Processing file /home/airflow/.local/lib/python3.12/site-packages/airflow/example_dags/example_latest_only.py for tasks to queue
[2024-08-26T15:20:17.262+0000] {logging_mixin.py:190} INFO - [2024-08-26T15:20:17.261+0000] {dagbag.py:587} INFO - Filling up the DagBag from /home/airflow/.local/lib/python3.12/site-packages/airflow/example_dags/example_latest_only.py
[2024-08-26T15:20:17.276+0000] {processor.py:925} INFO - DAG(s) 'latest_only' retrieved from /home/airflow/.local/lib/python3.12/site-packages/airflow/example_dags/example_latest_only.py
[2024-08-26T15:20:17.305+0000] {logging_mixin.py:190} INFO - [2024-08-26T15:20:17.305+0000] {dag.py:3211} INFO - Sync 1 DAGs
[2024-08-26T15:20:17.336+0000] {logging_mixin.py:190} INFO - [2024-08-26T15:20:17.336+0000] {dag.py:4138} INFO - Setting next_dagrun for latest_only to 2024-08-26 08:00:00+00:00, run_after=2024-08-26 12:00:00+00:00
[2024-08-26T15:20:17.359+0000] {processor.py:208} INFO - Processing /home/airflow/.local/lib/python3.12/site-packages/airflow/example_dags/example_latest_only.py took 0.110 seconds
[2024-08-26T15:20:55.453+0000] {processor.py:186} INFO - Started process (PID=1220) to work on /home/airflow/.local/lib/python3.12/site-packages/airflow/example_dags/example_latest_only.py
[2024-08-26T15:20:55.455+0000] {processor.py:914} INFO - Processing file /home/airflow/.local/lib/python3.12/site-packages/airflow/example_dags/example_latest_only.py for tasks to queue
[2024-08-26T15:20:55.458+0000] {logging_mixin.py:190} INFO - [2024-08-26T15:20:55.457+0000] {dagbag.py:587} INFO - Filling up the DagBag from /home/airflow/.local/lib/python3.12/site-packages/airflow/example_dags/example_latest_only.py
[2024-08-26T15:20:55.469+0000] {processor.py:925} INFO - DAG(s) 'latest_only' retrieved from /home/airflow/.local/lib/python3.12/site-packages/airflow/example_dags/example_latest_only.py
[2024-08-26T15:20:55.495+0000] {logging_mixin.py:190} INFO - [2024-08-26T15:20:55.495+0000] {dag.py:3211} INFO - Sync 1 DAGs
[2024-08-26T15:20:55.524+0000] {logging_mixin.py:190} INFO - [2024-08-26T15:20:55.523+0000] {dag.py:4138} INFO - Setting next_dagrun for latest_only to 2024-08-26 08:00:00+00:00, run_after=2024-08-26 12:00:00+00:00
[2024-08-26T15:20:55.546+0000] {processor.py:208} INFO - Processing /home/airflow/.local/lib/python3.12/site-packages/airflow/example_dags/example_latest_only.py took 0.101 seconds
[2024-08-26T15:21:33.121+0000] {processor.py:186} INFO - Started process (PID=1292) to work on /home/airflow/.local/lib/python3.12/site-packages/airflow/example_dags/example_latest_only.py
[2024-08-26T15:21:33.123+0000] {processor.py:914} INFO - Processing file /home/airflow/.local/lib/python3.12/site-packages/airflow/example_dags/example_latest_only.py for tasks to queue
[2024-08-26T15:21:33.125+0000] {logging_mixin.py:190} INFO - [2024-08-26T15:21:33.124+0000] {dagbag.py:587} INFO - Filling up the DagBag from /home/airflow/.local/lib/python3.12/site-packages/airflow/example_dags/example_latest_only.py
[2024-08-26T15:21:33.136+0000] {processor.py:925} INFO - DAG(s) 'latest_only' retrieved from /home/airflow/.local/lib/python3.12/site-packages/airflow/example_dags/example_latest_only.py
[2024-08-26T15:21:33.164+0000] {logging_mixin.py:190} INFO - [2024-08-26T15:21:33.164+0000] {dag.py:3211} INFO - Sync 1 DAGs
[2024-08-26T15:21:33.198+0000] {logging_mixin.py:190} INFO - [2024-08-26T15:21:33.197+0000] {dag.py:4138} INFO - Setting next_dagrun for latest_only to 2024-08-26 08:00:00+00:00, run_after=2024-08-26 12:00:00+00:00
[2024-08-26T15:21:33.223+0000] {processor.py:208} INFO - Processing /home/airflow/.local/lib/python3.12/site-packages/airflow/example_dags/example_latest_only.py took 0.112 seconds
[2024-08-26T15:22:16.186+0000] {processor.py:186} INFO - Started process (PID=1358) to work on /home/airflow/.local/lib/python3.12/site-packages/airflow/example_dags/example_latest_only.py
[2024-08-26T15:22:16.188+0000] {processor.py:914} INFO - Processing file /home/airflow/.local/lib/python3.12/site-packages/airflow/example_dags/example_latest_only.py for tasks to queue
[2024-08-26T15:22:16.193+0000] {logging_mixin.py:190} INFO - [2024-08-26T15:22:16.192+0000] {dagbag.py:587} INFO - Filling up the DagBag from /home/airflow/.local/lib/python3.12/site-packages/airflow/example_dags/example_latest_only.py
[2024-08-26T15:22:16.214+0000] {processor.py:925} INFO - DAG(s) 'latest_only' retrieved from /home/airflow/.local/lib/python3.12/site-packages/airflow/example_dags/example_latest_only.py
[2024-08-26T15:22:16.273+0000] {logging_mixin.py:190} INFO - [2024-08-26T15:22:16.273+0000] {dag.py:3211} INFO - Sync 1 DAGs
[2024-08-26T15:22:16.331+0000] {logging_mixin.py:190} INFO - [2024-08-26T15:22:16.331+0000] {dag.py:4138} INFO - Setting next_dagrun for latest_only to 2024-08-26 08:00:00+00:00, run_after=2024-08-26 12:00:00+00:00
[2024-08-26T15:22:16.373+0000] {processor.py:208} INFO - Processing /home/airflow/.local/lib/python3.12/site-packages/airflow/example_dags/example_latest_only.py took 0.203 seconds
[2024-08-26T15:23:15.497+0000] {processor.py:186} INFO - Started process (PID=1432) to work on /home/airflow/.local/lib/python3.12/site-packages/airflow/example_dags/example_latest_only.py
[2024-08-26T15:23:15.500+0000] {processor.py:914} INFO - Processing file /home/airflow/.local/lib/python3.12/site-packages/airflow/example_dags/example_latest_only.py for tasks to queue
[2024-08-26T15:23:15.503+0000] {logging_mixin.py:190} INFO - [2024-08-26T15:23:15.503+0000] {dagbag.py:587} INFO - Filling up the DagBag from /home/airflow/.local/lib/python3.12/site-packages/airflow/example_dags/example_latest_only.py
[2024-08-26T15:23:15.523+0000] {processor.py:925} INFO - DAG(s) 'latest_only' retrieved from /home/airflow/.local/lib/python3.12/site-packages/airflow/example_dags/example_latest_only.py
[2024-08-26T15:23:15.574+0000] {logging_mixin.py:190} INFO - [2024-08-26T15:23:15.574+0000] {dag.py:3211} INFO - Sync 1 DAGs
[2024-08-26T15:23:15.632+0000] {logging_mixin.py:190} INFO - [2024-08-26T15:23:15.632+0000] {dag.py:4138} INFO - Setting next_dagrun for latest_only to 2024-08-26 08:00:00+00:00, run_after=2024-08-26 12:00:00+00:00
[2024-08-26T15:23:15.673+0000] {processor.py:208} INFO - Processing /home/airflow/.local/lib/python3.12/site-packages/airflow/example_dags/example_latest_only.py took 0.190 seconds
[2024-08-26T15:23:51.727+0000] {processor.py:186} INFO - Started process (PID=1498) to work on /home/airflow/.local/lib/python3.12/site-packages/airflow/example_dags/example_latest_only.py
[2024-08-26T15:23:51.728+0000] {processor.py:914} INFO - Processing file /home/airflow/.local/lib/python3.12/site-packages/airflow/example_dags/example_latest_only.py for tasks to queue
[2024-08-26T15:23:51.731+0000] {logging_mixin.py:190} INFO - [2024-08-26T15:23:51.730+0000] {dagbag.py:587} INFO - Filling up the DagBag from /home/airflow/.local/lib/python3.12/site-packages/airflow/example_dags/example_latest_only.py
[2024-08-26T15:23:51.741+0000] {processor.py:925} INFO - DAG(s) 'latest_only' retrieved from /home/airflow/.local/lib/python3.12/site-packages/airflow/example_dags/example_latest_only.py
[2024-08-26T15:23:51.769+0000] {logging_mixin.py:190} INFO - [2024-08-26T15:23:51.769+0000] {dag.py:3211} INFO - Sync 1 DAGs
[2024-08-26T15:23:51.801+0000] {logging_mixin.py:190} INFO - [2024-08-26T15:23:51.801+0000] {dag.py:4138} INFO - Setting next_dagrun for latest_only to 2024-08-26 08:00:00+00:00, run_after=2024-08-26 12:00:00+00:00
[2024-08-26T15:23:51.827+0000] {processor.py:208} INFO - Processing /home/airflow/.local/lib/python3.12/site-packages/airflow/example_dags/example_latest_only.py took 0.109 seconds
[2024-08-26T15:24:27.911+0000] {processor.py:186} INFO - Started process (PID=1564) to work on /home/airflow/.local/lib/python3.12/site-packages/airflow/example_dags/example_latest_only.py
[2024-08-26T15:24:27.912+0000] {processor.py:914} INFO - Processing file /home/airflow/.local/lib/python3.12/site-packages/airflow/example_dags/example_latest_only.py for tasks to queue
[2024-08-26T15:24:27.914+0000] {logging_mixin.py:190} INFO - [2024-08-26T15:24:27.913+0000] {dagbag.py:587} INFO - Filling up the DagBag from /home/airflow/.local/lib/python3.12/site-packages/airflow/example_dags/example_latest_only.py
[2024-08-26T15:24:27.924+0000] {processor.py:925} INFO - DAG(s) 'latest_only' retrieved from /home/airflow/.local/lib/python3.12/site-packages/airflow/example_dags/example_latest_only.py
[2024-08-26T15:24:27.950+0000] {logging_mixin.py:190} INFO - [2024-08-26T15:24:27.949+0000] {dag.py:3211} INFO - Sync 1 DAGs
[2024-08-26T15:24:27.982+0000] {logging_mixin.py:190} INFO - [2024-08-26T15:24:27.982+0000] {dag.py:4138} INFO - Setting next_dagrun for latest_only to 2024-08-26 08:00:00+00:00, run_after=2024-08-26 12:00:00+00:00
[2024-08-26T15:24:28.006+0000] {processor.py:208} INFO - Processing /home/airflow/.local/lib/python3.12/site-packages/airflow/example_dags/example_latest_only.py took 0.103 seconds
[2024-08-26T15:25:04.566+0000] {processor.py:186} INFO - Started process (PID=1635) to work on /home/airflow/.local/lib/python3.12/site-packages/airflow/example_dags/example_latest_only.py
[2024-08-26T15:25:04.567+0000] {processor.py:914} INFO - Processing file /home/airflow/.local/lib/python3.12/site-packages/airflow/example_dags/example_latest_only.py for tasks to queue
[2024-08-26T15:25:04.569+0000] {logging_mixin.py:190} INFO - [2024-08-26T15:25:04.569+0000] {dagbag.py:587} INFO - Filling up the DagBag from /home/airflow/.local/lib/python3.12/site-packages/airflow/example_dags/example_latest_only.py
[2024-08-26T15:25:04.579+0000] {processor.py:925} INFO - DAG(s) 'latest_only' retrieved from /home/airflow/.local/lib/python3.12/site-packages/airflow/example_dags/example_latest_only.py
[2024-08-26T15:25:04.607+0000] {logging_mixin.py:190} INFO - [2024-08-26T15:25:04.606+0000] {dag.py:3211} INFO - Sync 1 DAGs
[2024-08-26T15:25:04.640+0000] {logging_mixin.py:190} INFO - [2024-08-26T15:25:04.640+0000] {dag.py:4138} INFO - Setting next_dagrun for latest_only to 2024-08-26 08:00:00+00:00, run_after=2024-08-26 12:00:00+00:00
[2024-08-26T15:25:04.667+0000] {processor.py:208} INFO - Processing /home/airflow/.local/lib/python3.12/site-packages/airflow/example_dags/example_latest_only.py took 0.109 seconds
[2024-08-26T15:25:46.909+0000] {processor.py:186} INFO - Started process (PID=1701) to work on /home/airflow/.local/lib/python3.12/site-packages/airflow/example_dags/example_latest_only.py
[2024-08-26T15:25:46.911+0000] {processor.py:914} INFO - Processing file /home/airflow/.local/lib/python3.12/site-packages/airflow/example_dags/example_latest_only.py for tasks to queue
[2024-08-26T15:25:46.913+0000] {logging_mixin.py:190} INFO - [2024-08-26T15:25:46.913+0000] {dagbag.py:587} INFO - Filling up the DagBag from /home/airflow/.local/lib/python3.12/site-packages/airflow/example_dags/example_latest_only.py
[2024-08-26T15:25:46.925+0000] {processor.py:925} INFO - DAG(s) 'latest_only' retrieved from /home/airflow/.local/lib/python3.12/site-packages/airflow/example_dags/example_latest_only.py
[2024-08-26T15:25:46.954+0000] {logging_mixin.py:190} INFO - [2024-08-26T15:25:46.954+0000] {dag.py:3211} INFO - Sync 1 DAGs
[2024-08-26T15:25:46.996+0000] {logging_mixin.py:190} INFO - [2024-08-26T15:25:46.995+0000] {dag.py:4138} INFO - Setting next_dagrun for latest_only to 2024-08-26 08:00:00+00:00, run_after=2024-08-26 12:00:00+00:00
[2024-08-26T15:25:47.033+0000] {processor.py:208} INFO - Processing /home/airflow/.local/lib/python3.12/site-packages/airflow/example_dags/example_latest_only.py took 0.133 seconds
[2024-08-26T15:26:57.979+0000] {processor.py:186} INFO - Started process (PID=1775) to work on /home/airflow/.local/lib/python3.12/site-packages/airflow/example_dags/example_latest_only.py
[2024-08-26T15:26:57.995+0000] {processor.py:914} INFO - Processing file /home/airflow/.local/lib/python3.12/site-packages/airflow/example_dags/example_latest_only.py for tasks to queue
[2024-08-26T15:26:58.013+0000] {logging_mixin.py:190} INFO - [2024-08-26T15:26:58.010+0000] {dagbag.py:587} INFO - Filling up the DagBag from /home/airflow/.local/lib/python3.12/site-packages/airflow/example_dags/example_latest_only.py
[2024-08-26T15:26:58.121+0000] {processor.py:925} INFO - DAG(s) 'latest_only' retrieved from /home/airflow/.local/lib/python3.12/site-packages/airflow/example_dags/example_latest_only.py
[2024-08-26T15:26:58.326+0000] {logging_mixin.py:190} INFO - [2024-08-26T15:26:58.325+0000] {dag.py:3211} INFO - Sync 1 DAGs
[2024-08-26T15:26:58.572+0000] {logging_mixin.py:190} INFO - [2024-08-26T15:26:58.571+0000] {dag.py:4138} INFO - Setting next_dagrun for latest_only to 2024-08-26 08:00:00+00:00, run_after=2024-08-26 12:00:00+00:00
[2024-08-26T15:26:58.780+0000] {processor.py:208} INFO - Processing /home/airflow/.local/lib/python3.12/site-packages/airflow/example_dags/example_latest_only.py took 0.887 seconds
[2024-08-26T15:27:43.730+0000] {processor.py:186} INFO - Started process (PID=1848) to work on /home/airflow/.local/lib/python3.12/site-packages/airflow/example_dags/example_latest_only.py
[2024-08-26T15:27:43.735+0000] {processor.py:914} INFO - Processing file /home/airflow/.local/lib/python3.12/site-packages/airflow/example_dags/example_latest_only.py for tasks to queue
[2024-08-26T15:27:43.741+0000] {logging_mixin.py:190} INFO - [2024-08-26T15:27:43.740+0000] {dagbag.py:587} INFO - Filling up the DagBag from /home/airflow/.local/lib/python3.12/site-packages/airflow/example_dags/example_latest_only.py
[2024-08-26T15:27:43.783+0000] {processor.py:925} INFO - DAG(s) 'latest_only' retrieved from /home/airflow/.local/lib/python3.12/site-packages/airflow/example_dags/example_latest_only.py
[2024-08-26T15:27:43.916+0000] {logging_mixin.py:190} INFO - [2024-08-26T15:27:43.915+0000] {dag.py:3211} INFO - Sync 1 DAGs
[2024-08-26T15:27:44.070+0000] {logging_mixin.py:190} INFO - [2024-08-26T15:27:44.069+0000] {dag.py:4138} INFO - Setting next_dagrun for latest_only to 2024-08-26 08:00:00+00:00, run_after=2024-08-26 12:00:00+00:00
[2024-08-26T15:27:44.202+0000] {processor.py:208} INFO - Processing /home/airflow/.local/lib/python3.12/site-packages/airflow/example_dags/example_latest_only.py took 0.499 seconds
[2024-08-26T15:28:29.064+0000] {processor.py:186} INFO - Started process (PID=1914) to work on /home/airflow/.local/lib/python3.12/site-packages/airflow/example_dags/example_latest_only.py
[2024-08-26T15:28:29.066+0000] {processor.py:914} INFO - Processing file /home/airflow/.local/lib/python3.12/site-packages/airflow/example_dags/example_latest_only.py for tasks to queue
[2024-08-26T15:28:29.069+0000] {logging_mixin.py:190} INFO - [2024-08-26T15:28:29.068+0000] {dagbag.py:587} INFO - Filling up the DagBag from /home/airflow/.local/lib/python3.12/site-packages/airflow/example_dags/example_latest_only.py
[2024-08-26T15:28:29.084+0000] {processor.py:925} INFO - DAG(s) 'latest_only' retrieved from /home/airflow/.local/lib/python3.12/site-packages/airflow/example_dags/example_latest_only.py
[2024-08-26T15:28:29.122+0000] {logging_mixin.py:190} INFO - [2024-08-26T15:28:29.121+0000] {dag.py:3211} INFO - Sync 1 DAGs
[2024-08-26T15:28:29.168+0000] {logging_mixin.py:190} INFO - [2024-08-26T15:28:29.167+0000] {dag.py:4138} INFO - Setting next_dagrun for latest_only to 2024-08-26 08:00:00+00:00, run_after=2024-08-26 12:00:00+00:00
[2024-08-26T15:28:29.203+0000] {processor.py:208} INFO - Processing /home/airflow/.local/lib/python3.12/site-packages/airflow/example_dags/example_latest_only.py took 0.150 seconds
[2024-08-26T15:29:31.058+0000] {processor.py:186} INFO - Started process (PID=1987) to work on /home/airflow/.local/lib/python3.12/site-packages/airflow/example_dags/example_latest_only.py
[2024-08-26T15:29:31.062+0000] {processor.py:914} INFO - Processing file /home/airflow/.local/lib/python3.12/site-packages/airflow/example_dags/example_latest_only.py for tasks to queue
[2024-08-26T15:29:31.066+0000] {logging_mixin.py:190} INFO - [2024-08-26T15:29:31.065+0000] {dagbag.py:587} INFO - Filling up the DagBag from /home/airflow/.local/lib/python3.12/site-packages/airflow/example_dags/example_latest_only.py
[2024-08-26T15:29:31.090+0000] {processor.py:925} INFO - DAG(s) 'latest_only' retrieved from /home/airflow/.local/lib/python3.12/site-packages/airflow/example_dags/example_latest_only.py
[2024-08-26T15:29:31.152+0000] {logging_mixin.py:190} INFO - [2024-08-26T15:29:31.152+0000] {dag.py:3211} INFO - Sync 1 DAGs
[2024-08-26T15:29:31.224+0000] {logging_mixin.py:190} INFO - [2024-08-26T15:29:31.223+0000] {dag.py:4138} INFO - Setting next_dagrun for latest_only to 2024-08-26 08:00:00+00:00, run_after=2024-08-26 12:00:00+00:00
[2024-08-26T15:29:31.285+0000] {processor.py:208} INFO - Processing /home/airflow/.local/lib/python3.12/site-packages/airflow/example_dags/example_latest_only.py took 0.245 seconds
[2024-08-26T15:30:44.259+0000] {processor.py:186} INFO - Started process (PID=2068) to work on /home/airflow/.local/lib/python3.12/site-packages/airflow/example_dags/example_latest_only.py
[2024-08-26T15:30:44.263+0000] {processor.py:914} INFO - Processing file /home/airflow/.local/lib/python3.12/site-packages/airflow/example_dags/example_latest_only.py for tasks to queue
[2024-08-26T15:30:44.267+0000] {logging_mixin.py:190} INFO - [2024-08-26T15:30:44.267+0000] {dagbag.py:587} INFO - Filling up the DagBag from /home/airflow/.local/lib/python3.12/site-packages/airflow/example_dags/example_latest_only.py
[2024-08-26T15:30:44.292+0000] {processor.py:925} INFO - DAG(s) 'latest_only' retrieved from /home/airflow/.local/lib/python3.12/site-packages/airflow/example_dags/example_latest_only.py
[2024-08-26T15:30:44.356+0000] {logging_mixin.py:190} INFO - [2024-08-26T15:30:44.355+0000] {dag.py:3211} INFO - Sync 1 DAGs
[2024-08-26T15:30:44.429+0000] {logging_mixin.py:190} INFO - [2024-08-26T15:30:44.428+0000] {dag.py:4138} INFO - Setting next_dagrun for latest_only to 2024-08-26 08:00:00+00:00, run_after=2024-08-26 12:00:00+00:00
[2024-08-26T15:30:44.486+0000] {processor.py:208} INFO - Processing /home/airflow/.local/lib/python3.12/site-packages/airflow/example_dags/example_latest_only.py took 0.248 seconds
[2024-08-26T15:31:44.013+0000] {processor.py:186} INFO - Started process (PID=2145) to work on /home/airflow/.local/lib/python3.12/site-packages/airflow/example_dags/example_latest_only.py
[2024-08-26T15:31:44.019+0000] {processor.py:914} INFO - Processing file /home/airflow/.local/lib/python3.12/site-packages/airflow/example_dags/example_latest_only.py for tasks to queue
[2024-08-26T15:31:44.028+0000] {logging_mixin.py:190} INFO - [2024-08-26T15:31:44.025+0000] {dagbag.py:587} INFO - Filling up the DagBag from /home/airflow/.local/lib/python3.12/site-packages/airflow/example_dags/example_latest_only.py
[2024-08-26T15:31:44.070+0000] {processor.py:925} INFO - DAG(s) 'latest_only' retrieved from /home/airflow/.local/lib/python3.12/site-packages/airflow/example_dags/example_latest_only.py
[2024-08-26T15:31:44.176+0000] {logging_mixin.py:190} INFO - [2024-08-26T15:31:44.174+0000] {dag.py:3211} INFO - Sync 1 DAGs
[2024-08-26T15:31:44.308+0000] {logging_mixin.py:190} INFO - [2024-08-26T15:31:44.308+0000] {dag.py:4138} INFO - Setting next_dagrun for latest_only to 2024-08-26 08:00:00+00:00, run_after=2024-08-26 12:00:00+00:00
[2024-08-26T15:31:44.393+0000] {processor.py:208} INFO - Processing /home/airflow/.local/lib/python3.12/site-packages/airflow/example_dags/example_latest_only.py took 0.411 seconds
[2024-08-26T15:32:46.471+0000] {processor.py:186} INFO - Started process (PID=2216) to work on /home/airflow/.local/lib/python3.12/site-packages/airflow/example_dags/example_latest_only.py
[2024-08-26T15:32:46.481+0000] {processor.py:914} INFO - Processing file /home/airflow/.local/lib/python3.12/site-packages/airflow/example_dags/example_latest_only.py for tasks to queue
[2024-08-26T15:32:46.487+0000] {logging_mixin.py:190} INFO - [2024-08-26T15:32:46.486+0000] {dagbag.py:587} INFO - Filling up the DagBag from /home/airflow/.local/lib/python3.12/site-packages/airflow/example_dags/example_latest_only.py
[2024-08-26T15:32:46.530+0000] {processor.py:925} INFO - DAG(s) 'latest_only' retrieved from /home/airflow/.local/lib/python3.12/site-packages/airflow/example_dags/example_latest_only.py
[2024-08-26T15:32:46.635+0000] {logging_mixin.py:190} INFO - [2024-08-26T15:32:46.635+0000] {dag.py:3211} INFO - Sync 1 DAGs
[2024-08-26T15:32:46.781+0000] {logging_mixin.py:190} INFO - [2024-08-26T15:32:46.780+0000] {dag.py:4138} INFO - Setting next_dagrun for latest_only to 2024-08-26 08:00:00+00:00, run_after=2024-08-26 12:00:00+00:00
[2024-08-26T15:32:46.907+0000] {processor.py:208} INFO - Processing /home/airflow/.local/lib/python3.12/site-packages/airflow/example_dags/example_latest_only.py took 0.466 seconds
[2024-08-26T15:37:19.683+0000] {processor.py:186} INFO - Started process (PID=2333) to work on /home/airflow/.local/lib/python3.12/site-packages/airflow/example_dags/example_latest_only.py
[2024-08-26T15:37:19.699+0000] {processor.py:914} INFO - Processing file /home/airflow/.local/lib/python3.12/site-packages/airflow/example_dags/example_latest_only.py for tasks to queue
[2024-08-26T15:37:19.707+0000] {logging_mixin.py:190} INFO - [2024-08-26T15:37:19.705+0000] {dagbag.py:587} INFO - Filling up the DagBag from /home/airflow/.local/lib/python3.12/site-packages/airflow/example_dags/example_latest_only.py
[2024-08-26T15:37:19.765+0000] {processor.py:925} INFO - DAG(s) 'latest_only' retrieved from /home/airflow/.local/lib/python3.12/site-packages/airflow/example_dags/example_latest_only.py
[2024-08-26T15:37:20.099+0000] {logging_mixin.py:190} INFO - [2024-08-26T15:37:20.095+0000] {dag.py:3211} INFO - Sync 1 DAGs
[2024-08-26T15:37:20.472+0000] {logging_mixin.py:190} INFO - [2024-08-26T15:37:20.470+0000] {dag.py:4138} INFO - Setting next_dagrun for latest_only to 2024-08-26 08:00:00+00:00, run_after=2024-08-26 12:00:00+00:00
[2024-08-26T15:37:20.741+0000] {processor.py:208} INFO - Processing /home/airflow/.local/lib/python3.12/site-packages/airflow/example_dags/example_latest_only.py took 1.102 seconds
[2024-08-26T15:39:28.300+0000] {processor.py:186} INFO - Started process (PID=2411) to work on /home/airflow/.local/lib/python3.12/site-packages/airflow/example_dags/example_latest_only.py
[2024-08-26T15:39:28.303+0000] {processor.py:914} INFO - Processing file /home/airflow/.local/lib/python3.12/site-packages/airflow/example_dags/example_latest_only.py for tasks to queue
[2024-08-26T15:39:28.306+0000] {logging_mixin.py:190} INFO - [2024-08-26T15:39:28.306+0000] {dagbag.py:587} INFO - Filling up the DagBag from /home/airflow/.local/lib/python3.12/site-packages/airflow/example_dags/example_latest_only.py
[2024-08-26T15:39:28.321+0000] {processor.py:925} INFO - DAG(s) 'latest_only' retrieved from /home/airflow/.local/lib/python3.12/site-packages/airflow/example_dags/example_latest_only.py
[2024-08-26T15:39:28.361+0000] {logging_mixin.py:190} INFO - [2024-08-26T15:39:28.361+0000] {dag.py:3211} INFO - Sync 1 DAGs
[2024-08-26T15:39:28.404+0000] {logging_mixin.py:190} INFO - [2024-08-26T15:39:28.404+0000] {dag.py:4138} INFO - Setting next_dagrun for latest_only to 2024-08-26 08:00:00+00:00, run_after=2024-08-26 12:00:00+00:00
[2024-08-26T15:39:28.437+0000] {processor.py:208} INFO - Processing /home/airflow/.local/lib/python3.12/site-packages/airflow/example_dags/example_latest_only.py took 0.151 seconds
[2024-08-26T15:40:16.820+0000] {processor.py:186} INFO - Started process (PID=2484) to work on /home/airflow/.local/lib/python3.12/site-packages/airflow/example_dags/example_latest_only.py
[2024-08-26T15:40:16.824+0000] {processor.py:914} INFO - Processing file /home/airflow/.local/lib/python3.12/site-packages/airflow/example_dags/example_latest_only.py for tasks to queue
[2024-08-26T15:40:16.827+0000] {logging_mixin.py:190} INFO - [2024-08-26T15:40:16.826+0000] {dagbag.py:587} INFO - Filling up the DagBag from /home/airflow/.local/lib/python3.12/site-packages/airflow/example_dags/example_latest_only.py
[2024-08-26T15:40:16.843+0000] {processor.py:925} INFO - DAG(s) 'latest_only' retrieved from /home/airflow/.local/lib/python3.12/site-packages/airflow/example_dags/example_latest_only.py
[2024-08-26T15:40:16.898+0000] {logging_mixin.py:190} INFO - [2024-08-26T15:40:16.896+0000] {dag.py:3211} INFO - Sync 1 DAGs
[2024-08-26T15:40:16.968+0000] {logging_mixin.py:190} INFO - [2024-08-26T15:40:16.967+0000] {dag.py:4138} INFO - Setting next_dagrun for latest_only to 2024-08-26 08:00:00+00:00, run_after=2024-08-26 12:00:00+00:00
[2024-08-26T15:40:17.016+0000] {processor.py:208} INFO - Processing /home/airflow/.local/lib/python3.12/site-packages/airflow/example_dags/example_latest_only.py took 0.212 seconds
[2024-08-26T15:41:03.976+0000] {processor.py:186} INFO - Started process (PID=2556) to work on /home/airflow/.local/lib/python3.12/site-packages/airflow/example_dags/example_latest_only.py
[2024-08-26T15:41:03.979+0000] {processor.py:914} INFO - Processing file /home/airflow/.local/lib/python3.12/site-packages/airflow/example_dags/example_latest_only.py for tasks to queue
[2024-08-26T15:41:03.982+0000] {logging_mixin.py:190} INFO - [2024-08-26T15:41:03.981+0000] {dagbag.py:587} INFO - Filling up the DagBag from /home/airflow/.local/lib/python3.12/site-packages/airflow/example_dags/example_latest_only.py
[2024-08-26T15:41:03.997+0000] {processor.py:925} INFO - DAG(s) 'latest_only' retrieved from /home/airflow/.local/lib/python3.12/site-packages/airflow/example_dags/example_latest_only.py
[2024-08-26T15:41:04.074+0000] {logging_mixin.py:190} INFO - [2024-08-26T15:41:04.074+0000] {dag.py:3211} INFO - Sync 1 DAGs
[2024-08-26T15:41:04.210+0000] {logging_mixin.py:190} INFO - [2024-08-26T15:41:04.210+0000] {dag.py:4138} INFO - Setting next_dagrun for latest_only to 2024-08-26 08:00:00+00:00, run_after=2024-08-26 12:00:00+00:00
[2024-08-26T15:41:04.292+0000] {processor.py:208} INFO - Processing /home/airflow/.local/lib/python3.12/site-packages/airflow/example_dags/example_latest_only.py took 0.339 seconds
[2024-08-26T15:43:47.389+0000] {processor.py:186} INFO - Started process (PID=2650) to work on /home/airflow/.local/lib/python3.12/site-packages/airflow/example_dags/example_latest_only.py
[2024-08-26T15:43:47.394+0000] {processor.py:914} INFO - Processing file /home/airflow/.local/lib/python3.12/site-packages/airflow/example_dags/example_latest_only.py for tasks to queue
[2024-08-26T15:43:47.403+0000] {logging_mixin.py:190} INFO - [2024-08-26T15:43:47.401+0000] {dagbag.py:587} INFO - Filling up the DagBag from /home/airflow/.local/lib/python3.12/site-packages/airflow/example_dags/example_latest_only.py
[2024-08-26T15:43:47.436+0000] {processor.py:925} INFO - DAG(s) 'latest_only' retrieved from /home/airflow/.local/lib/python3.12/site-packages/airflow/example_dags/example_latest_only.py
[2024-08-26T15:43:47.594+0000] {logging_mixin.py:190} INFO - [2024-08-26T15:43:47.593+0000] {dag.py:3211} INFO - Sync 1 DAGs
[2024-08-26T15:43:47.711+0000] {logging_mixin.py:190} INFO - [2024-08-26T15:43:47.710+0000] {dag.py:4138} INFO - Setting next_dagrun for latest_only to 2024-08-26 08:00:00+00:00, run_after=2024-08-26 12:00:00+00:00
[2024-08-26T15:43:47.805+0000] {processor.py:208} INFO - Processing /home/airflow/.local/lib/python3.12/site-packages/airflow/example_dags/example_latest_only.py took 0.459 seconds
[2024-08-26T15:44:36.207+0000] {processor.py:186} INFO - Started process (PID=2723) to work on /home/airflow/.local/lib/python3.12/site-packages/airflow/example_dags/example_latest_only.py
[2024-08-26T15:44:36.210+0000] {processor.py:914} INFO - Processing file /home/airflow/.local/lib/python3.12/site-packages/airflow/example_dags/example_latest_only.py for tasks to queue
[2024-08-26T15:44:36.213+0000] {logging_mixin.py:190} INFO - [2024-08-26T15:44:36.213+0000] {dagbag.py:587} INFO - Filling up the DagBag from /home/airflow/.local/lib/python3.12/site-packages/airflow/example_dags/example_latest_only.py
[2024-08-26T15:44:36.228+0000] {processor.py:925} INFO - DAG(s) 'latest_only' retrieved from /home/airflow/.local/lib/python3.12/site-packages/airflow/example_dags/example_latest_only.py
[2024-08-26T15:44:36.280+0000] {logging_mixin.py:190} INFO - [2024-08-26T15:44:36.279+0000] {dag.py:3211} INFO - Sync 1 DAGs
[2024-08-26T15:44:36.332+0000] {logging_mixin.py:190} INFO - [2024-08-26T15:44:36.331+0000] {dag.py:4138} INFO - Setting next_dagrun for latest_only to 2024-08-26 08:00:00+00:00, run_after=2024-08-26 12:00:00+00:00
[2024-08-26T15:44:36.372+0000] {processor.py:208} INFO - Processing /home/airflow/.local/lib/python3.12/site-packages/airflow/example_dags/example_latest_only.py took 0.181 seconds
[2024-08-26T15:45:14.992+0000] {processor.py:186} INFO - Started process (PID=2789) to work on /home/airflow/.local/lib/python3.12/site-packages/airflow/example_dags/example_latest_only.py
[2024-08-26T15:45:14.994+0000] {processor.py:914} INFO - Processing file /home/airflow/.local/lib/python3.12/site-packages/airflow/example_dags/example_latest_only.py for tasks to queue
[2024-08-26T15:45:14.996+0000] {logging_mixin.py:190} INFO - [2024-08-26T15:45:14.996+0000] {dagbag.py:587} INFO - Filling up the DagBag from /home/airflow/.local/lib/python3.12/site-packages/airflow/example_dags/example_latest_only.py
[2024-08-26T15:45:15.006+0000] {processor.py:925} INFO - DAG(s) 'latest_only' retrieved from /home/airflow/.local/lib/python3.12/site-packages/airflow/example_dags/example_latest_only.py
[2024-08-26T15:45:15.036+0000] {logging_mixin.py:190} INFO - [2024-08-26T15:45:15.036+0000] {dag.py:3211} INFO - Sync 1 DAGs
[2024-08-26T15:45:15.068+0000] {logging_mixin.py:190} INFO - [2024-08-26T15:45:15.068+0000] {dag.py:4138} INFO - Setting next_dagrun for latest_only to 2024-08-26 08:00:00+00:00, run_after=2024-08-26 12:00:00+00:00
[2024-08-26T15:45:15.093+0000] {processor.py:208} INFO - Processing /home/airflow/.local/lib/python3.12/site-packages/airflow/example_dags/example_latest_only.py took 0.111 seconds
[2024-08-26T15:45:56.253+0000] {processor.py:186} INFO - Started process (PID=2855) to work on /home/airflow/.local/lib/python3.12/site-packages/airflow/example_dags/example_latest_only.py
[2024-08-26T15:45:56.260+0000] {processor.py:914} INFO - Processing file /home/airflow/.local/lib/python3.12/site-packages/airflow/example_dags/example_latest_only.py for tasks to queue
[2024-08-26T15:45:56.265+0000] {logging_mixin.py:190} INFO - [2024-08-26T15:45:56.264+0000] {dagbag.py:587} INFO - Filling up the DagBag from /home/airflow/.local/lib/python3.12/site-packages/airflow/example_dags/example_latest_only.py
[2024-08-26T15:45:56.287+0000] {processor.py:925} INFO - DAG(s) 'latest_only' retrieved from /home/airflow/.local/lib/python3.12/site-packages/airflow/example_dags/example_latest_only.py
[2024-08-26T15:45:56.364+0000] {logging_mixin.py:190} INFO - [2024-08-26T15:45:56.364+0000] {dag.py:3211} INFO - Sync 1 DAGs
[2024-08-26T15:45:56.469+0000] {logging_mixin.py:190} INFO - [2024-08-26T15:45:56.468+0000] {dag.py:4138} INFO - Setting next_dagrun for latest_only to 2024-08-26 08:00:00+00:00, run_after=2024-08-26 12:00:00+00:00
[2024-08-26T15:45:56.525+0000] {processor.py:208} INFO - Processing /home/airflow/.local/lib/python3.12/site-packages/airflow/example_dags/example_latest_only.py took 0.308 seconds
[2024-08-26T15:47:59.288+0000] {processor.py:186} INFO - Started process (PID=2943) to work on /home/airflow/.local/lib/python3.12/site-packages/airflow/example_dags/example_latest_only.py
[2024-08-26T15:47:59.292+0000] {processor.py:914} INFO - Processing file /home/airflow/.local/lib/python3.12/site-packages/airflow/example_dags/example_latest_only.py for tasks to queue
[2024-08-26T15:47:59.296+0000] {logging_mixin.py:190} INFO - [2024-08-26T15:47:59.295+0000] {dagbag.py:587} INFO - Filling up the DagBag from /home/airflow/.local/lib/python3.12/site-packages/airflow/example_dags/example_latest_only.py
[2024-08-26T15:47:59.310+0000] {processor.py:925} INFO - DAG(s) 'latest_only' retrieved from /home/airflow/.local/lib/python3.12/site-packages/airflow/example_dags/example_latest_only.py
[2024-08-26T15:47:59.377+0000] {logging_mixin.py:190} INFO - [2024-08-26T15:47:59.377+0000] {dag.py:3211} INFO - Sync 1 DAGs
[2024-08-26T15:47:59.431+0000] {logging_mixin.py:190} INFO - [2024-08-26T15:47:59.430+0000] {dag.py:4138} INFO - Setting next_dagrun for latest_only to 2024-08-26 08:00:00+00:00, run_after=2024-08-26 12:00:00+00:00
[2024-08-26T15:47:59.474+0000] {processor.py:208} INFO - Processing /home/airflow/.local/lib/python3.12/site-packages/airflow/example_dags/example_latest_only.py took 0.205 seconds
[2024-08-26T15:50:42.425+0000] {processor.py:186} INFO - Started process (PID=3042) to work on /home/airflow/.local/lib/python3.12/site-packages/airflow/example_dags/example_latest_only.py
[2024-08-26T15:50:42.432+0000] {processor.py:914} INFO - Processing file /home/airflow/.local/lib/python3.12/site-packages/airflow/example_dags/example_latest_only.py for tasks to queue
[2024-08-26T15:50:42.442+0000] {logging_mixin.py:190} INFO - [2024-08-26T15:50:42.440+0000] {dagbag.py:587} INFO - Filling up the DagBag from /home/airflow/.local/lib/python3.12/site-packages/airflow/example_dags/example_latest_only.py
[2024-08-26T15:50:42.476+0000] {processor.py:925} INFO - DAG(s) 'latest_only' retrieved from /home/airflow/.local/lib/python3.12/site-packages/airflow/example_dags/example_latest_only.py
[2024-08-26T15:50:42.684+0000] {logging_mixin.py:190} INFO - [2024-08-26T15:50:42.680+0000] {dag.py:3211} INFO - Sync 1 DAGs
[2024-08-26T15:50:42.873+0000] {logging_mixin.py:190} INFO - [2024-08-26T15:50:42.871+0000] {dag.py:4138} INFO - Setting next_dagrun for latest_only to 2024-08-26 08:00:00+00:00, run_after=2024-08-26 12:00:00+00:00
[2024-08-26T15:50:42.990+0000] {processor.py:208} INFO - Processing /home/airflow/.local/lib/python3.12/site-packages/airflow/example_dags/example_latest_only.py took 0.619 seconds
[2024-08-26T15:51:45.527+0000] {processor.py:186} INFO - Started process (PID=3114) to work on /home/airflow/.local/lib/python3.12/site-packages/airflow/example_dags/example_latest_only.py
[2024-08-26T15:51:45.534+0000] {processor.py:914} INFO - Processing file /home/airflow/.local/lib/python3.12/site-packages/airflow/example_dags/example_latest_only.py for tasks to queue
[2024-08-26T15:51:45.538+0000] {logging_mixin.py:190} INFO - [2024-08-26T15:51:45.537+0000] {dagbag.py:587} INFO - Filling up the DagBag from /home/airflow/.local/lib/python3.12/site-packages/airflow/example_dags/example_latest_only.py
[2024-08-26T15:51:45.553+0000] {processor.py:925} INFO - DAG(s) 'latest_only' retrieved from /home/airflow/.local/lib/python3.12/site-packages/airflow/example_dags/example_latest_only.py
[2024-08-26T15:51:45.607+0000] {logging_mixin.py:190} INFO - [2024-08-26T15:51:45.606+0000] {dag.py:3211} INFO - Sync 1 DAGs
[2024-08-26T15:51:45.667+0000] {logging_mixin.py:190} INFO - [2024-08-26T15:51:45.667+0000] {dag.py:4138} INFO - Setting next_dagrun for latest_only to 2024-08-26 08:00:00+00:00, run_after=2024-08-26 12:00:00+00:00
[2024-08-26T15:51:45.711+0000] {processor.py:208} INFO - Processing /home/airflow/.local/lib/python3.12/site-packages/airflow/example_dags/example_latest_only.py took 0.207 seconds
[2024-08-26T15:52:27.748+0000] {processor.py:186} INFO - Started process (PID=3181) to work on /home/airflow/.local/lib/python3.12/site-packages/airflow/example_dags/example_latest_only.py
[2024-08-26T15:52:27.753+0000] {processor.py:914} INFO - Processing file /home/airflow/.local/lib/python3.12/site-packages/airflow/example_dags/example_latest_only.py for tasks to queue
[2024-08-26T15:52:27.758+0000] {logging_mixin.py:190} INFO - [2024-08-26T15:52:27.757+0000] {dagbag.py:587} INFO - Filling up the DagBag from /home/airflow/.local/lib/python3.12/site-packages/airflow/example_dags/example_latest_only.py
[2024-08-26T15:52:27.775+0000] {processor.py:925} INFO - DAG(s) 'latest_only' retrieved from /home/airflow/.local/lib/python3.12/site-packages/airflow/example_dags/example_latest_only.py
[2024-08-26T15:52:27.868+0000] {logging_mixin.py:190} INFO - [2024-08-26T15:52:27.867+0000] {dag.py:3211} INFO - Sync 1 DAGs
[2024-08-26T15:52:27.922+0000] {logging_mixin.py:190} INFO - [2024-08-26T15:52:27.922+0000] {dag.py:4138} INFO - Setting next_dagrun for latest_only to 2024-08-26 08:00:00+00:00, run_after=2024-08-26 12:00:00+00:00
[2024-08-26T15:52:27.970+0000] {processor.py:208} INFO - Processing /home/airflow/.local/lib/python3.12/site-packages/airflow/example_dags/example_latest_only.py took 0.239 seconds
