[2024-08-26T10:34:43.574+0000] {processor.py:186} INFO - Started process (PID=77) to work on /home/airflow/.local/lib/python3.12/site-packages/airflow/example_dags/example_task_group_decorator.py
[2024-08-26T10:34:43.575+0000] {processor.py:914} INFO - Processing file /home/airflow/.local/lib/python3.12/site-packages/airflow/example_dags/example_task_group_decorator.py for tasks to queue
[2024-08-26T10:34:43.579+0000] {logging_mixin.py:190} INFO - [2024-08-26T10:34:43.578+0000] {dagbag.py:587} INFO - Filling up the DagBag from /home/airflow/.local/lib/python3.12/site-packages/airflow/example_dags/example_task_group_decorator.py
[2024-08-26T10:34:43.601+0000] {processor.py:925} INFO - DAG(s) 'example_task_group_decorator' retrieved from /home/airflow/.local/lib/python3.12/site-packages/airflow/example_dags/example_task_group_decorator.py
[2024-08-26T10:34:43.643+0000] {logging_mixin.py:190} INFO - [2024-08-26T10:34:43.643+0000] {dag.py:3211} INFO - Sync 1 DAGs
[2024-08-26T10:34:43.676+0000] {logging_mixin.py:190} INFO - [2024-08-26T10:34:43.676+0000] {dag.py:4138} INFO - Setting next_dagrun for example_task_group_decorator to 2024-08-25 00:00:00+00:00, run_after=2024-08-26 00:00:00+00:00
[2024-08-26T10:34:43.700+0000] {processor.py:208} INFO - Processing /home/airflow/.local/lib/python3.12/site-packages/airflow/example_dags/example_task_group_decorator.py took 0.134 seconds
[2024-08-26T10:35:26.510+0000] {processor.py:186} INFO - Started process (PID=149) to work on /home/airflow/.local/lib/python3.12/site-packages/airflow/example_dags/example_task_group_decorator.py
[2024-08-26T10:35:26.512+0000] {processor.py:914} INFO - Processing file /home/airflow/.local/lib/python3.12/site-packages/airflow/example_dags/example_task_group_decorator.py for tasks to queue
[2024-08-26T10:35:26.516+0000] {logging_mixin.py:190} INFO - [2024-08-26T10:35:26.515+0000] {dagbag.py:587} INFO - Filling up the DagBag from /home/airflow/.local/lib/python3.12/site-packages/airflow/example_dags/example_task_group_decorator.py
[2024-08-26T10:35:26.538+0000] {processor.py:925} INFO - DAG(s) 'example_task_group_decorator' retrieved from /home/airflow/.local/lib/python3.12/site-packages/airflow/example_dags/example_task_group_decorator.py
[2024-08-26T10:35:26.581+0000] {logging_mixin.py:190} INFO - [2024-08-26T10:35:26.580+0000] {dag.py:3211} INFO - Sync 1 DAGs
[2024-08-26T10:35:26.642+0000] {logging_mixin.py:190} INFO - [2024-08-26T10:35:26.642+0000] {dag.py:4138} INFO - Setting next_dagrun for example_task_group_decorator to 2024-08-25 00:00:00+00:00, run_after=2024-08-26 00:00:00+00:00
[2024-08-26T10:35:26.672+0000] {processor.py:208} INFO - Processing /home/airflow/.local/lib/python3.12/site-packages/airflow/example_dags/example_task_group_decorator.py took 0.171 seconds
[2024-08-26T10:38:02.860+0000] {processor.py:186} INFO - Started process (PID=77) to work on /home/airflow/.local/lib/python3.12/site-packages/airflow/example_dags/example_task_group_decorator.py
[2024-08-26T10:38:02.862+0000] {processor.py:914} INFO - Processing file /home/airflow/.local/lib/python3.12/site-packages/airflow/example_dags/example_task_group_decorator.py for tasks to queue
[2024-08-26T10:38:02.866+0000] {logging_mixin.py:190} INFO - [2024-08-26T10:38:02.865+0000] {dagbag.py:587} INFO - Filling up the DagBag from /home/airflow/.local/lib/python3.12/site-packages/airflow/example_dags/example_task_group_decorator.py
[2024-08-26T10:38:02.888+0000] {processor.py:925} INFO - DAG(s) 'example_task_group_decorator' retrieved from /home/airflow/.local/lib/python3.12/site-packages/airflow/example_dags/example_task_group_decorator.py
[2024-08-26T10:38:02.934+0000] {logging_mixin.py:190} INFO - [2024-08-26T10:38:02.933+0000] {dag.py:3211} INFO - Sync 1 DAGs
[2024-08-26T10:38:02.968+0000] {logging_mixin.py:190} INFO - [2024-08-26T10:38:02.968+0000] {dag.py:4138} INFO - Setting next_dagrun for example_task_group_decorator to 2024-08-25 00:00:00+00:00, run_after=2024-08-26 00:00:00+00:00
[2024-08-26T10:38:02.992+0000] {processor.py:208} INFO - Processing /home/airflow/.local/lib/python3.12/site-packages/airflow/example_dags/example_task_group_decorator.py took 0.140 seconds
[2024-08-26T10:38:42.721+0000] {processor.py:186} INFO - Started process (PID=143) to work on /home/airflow/.local/lib/python3.12/site-packages/airflow/example_dags/example_task_group_decorator.py
[2024-08-26T10:38:42.723+0000] {processor.py:914} INFO - Processing file /home/airflow/.local/lib/python3.12/site-packages/airflow/example_dags/example_task_group_decorator.py for tasks to queue
[2024-08-26T10:38:42.726+0000] {logging_mixin.py:190} INFO - [2024-08-26T10:38:42.726+0000] {dagbag.py:587} INFO - Filling up the DagBag from /home/airflow/.local/lib/python3.12/site-packages/airflow/example_dags/example_task_group_decorator.py
[2024-08-26T10:38:42.755+0000] {processor.py:925} INFO - DAG(s) 'example_task_group_decorator' retrieved from /home/airflow/.local/lib/python3.12/site-packages/airflow/example_dags/example_task_group_decorator.py
[2024-08-26T10:38:42.797+0000] {logging_mixin.py:190} INFO - [2024-08-26T10:38:42.797+0000] {dag.py:3211} INFO - Sync 1 DAGs
[2024-08-26T10:38:42.832+0000] {logging_mixin.py:190} INFO - [2024-08-26T10:38:42.831+0000] {dag.py:4138} INFO - Setting next_dagrun for example_task_group_decorator to 2024-08-25 00:00:00+00:00, run_after=2024-08-26 00:00:00+00:00
[2024-08-26T10:38:42.861+0000] {processor.py:208} INFO - Processing /home/airflow/.local/lib/python3.12/site-packages/airflow/example_dags/example_task_group_decorator.py took 0.148 seconds
[2024-08-26T10:39:20.561+0000] {processor.py:186} INFO - Started process (PID=209) to work on /home/airflow/.local/lib/python3.12/site-packages/airflow/example_dags/example_task_group_decorator.py
[2024-08-26T10:39:20.562+0000] {processor.py:914} INFO - Processing file /home/airflow/.local/lib/python3.12/site-packages/airflow/example_dags/example_task_group_decorator.py for tasks to queue
[2024-08-26T10:39:20.566+0000] {logging_mixin.py:190} INFO - [2024-08-26T10:39:20.566+0000] {dagbag.py:587} INFO - Filling up the DagBag from /home/airflow/.local/lib/python3.12/site-packages/airflow/example_dags/example_task_group_decorator.py
[2024-08-26T10:39:20.591+0000] {processor.py:925} INFO - DAG(s) 'example_task_group_decorator' retrieved from /home/airflow/.local/lib/python3.12/site-packages/airflow/example_dags/example_task_group_decorator.py
[2024-08-26T10:39:20.630+0000] {logging_mixin.py:190} INFO - [2024-08-26T10:39:20.630+0000] {dag.py:3211} INFO - Sync 1 DAGs
[2024-08-26T10:39:20.667+0000] {logging_mixin.py:190} INFO - [2024-08-26T10:39:20.666+0000] {dag.py:4138} INFO - Setting next_dagrun for example_task_group_decorator to 2024-08-25 00:00:00+00:00, run_after=2024-08-26 00:00:00+00:00
[2024-08-26T10:39:20.698+0000] {processor.py:208} INFO - Processing /home/airflow/.local/lib/python3.12/site-packages/airflow/example_dags/example_task_group_decorator.py took 0.147 seconds
[2024-08-26T10:40:00.795+0000] {processor.py:186} INFO - Started process (PID=283) to work on /home/airflow/.local/lib/python3.12/site-packages/airflow/example_dags/example_task_group_decorator.py
[2024-08-26T10:40:00.796+0000] {processor.py:914} INFO - Processing file /home/airflow/.local/lib/python3.12/site-packages/airflow/example_dags/example_task_group_decorator.py for tasks to queue
[2024-08-26T10:40:00.799+0000] {logging_mixin.py:190} INFO - [2024-08-26T10:40:00.799+0000] {dagbag.py:587} INFO - Filling up the DagBag from /home/airflow/.local/lib/python3.12/site-packages/airflow/example_dags/example_task_group_decorator.py
[2024-08-26T10:40:00.821+0000] {processor.py:925} INFO - DAG(s) 'example_task_group_decorator' retrieved from /home/airflow/.local/lib/python3.12/site-packages/airflow/example_dags/example_task_group_decorator.py
[2024-08-26T10:40:00.855+0000] {logging_mixin.py:190} INFO - [2024-08-26T10:40:00.855+0000] {dag.py:3211} INFO - Sync 1 DAGs
[2024-08-26T10:40:00.886+0000] {logging_mixin.py:190} INFO - [2024-08-26T10:40:00.886+0000] {dag.py:4138} INFO - Setting next_dagrun for example_task_group_decorator to 2024-08-25 00:00:00+00:00, run_after=2024-08-26 00:00:00+00:00
[2024-08-26T10:40:00.915+0000] {processor.py:208} INFO - Processing /home/airflow/.local/lib/python3.12/site-packages/airflow/example_dags/example_task_group_decorator.py took 0.129 seconds
[2024-08-26T10:40:44.527+0000] {processor.py:186} INFO - Started process (PID=351) to work on /home/airflow/.local/lib/python3.12/site-packages/airflow/example_dags/example_task_group_decorator.py
[2024-08-26T10:40:44.529+0000] {processor.py:914} INFO - Processing file /home/airflow/.local/lib/python3.12/site-packages/airflow/example_dags/example_task_group_decorator.py for tasks to queue
[2024-08-26T10:40:44.533+0000] {logging_mixin.py:190} INFO - [2024-08-26T10:40:44.533+0000] {dagbag.py:587} INFO - Filling up the DagBag from /home/airflow/.local/lib/python3.12/site-packages/airflow/example_dags/example_task_group_decorator.py
[2024-08-26T10:40:44.562+0000] {processor.py:925} INFO - DAG(s) 'example_task_group_decorator' retrieved from /home/airflow/.local/lib/python3.12/site-packages/airflow/example_dags/example_task_group_decorator.py
[2024-08-26T10:40:44.600+0000] {logging_mixin.py:190} INFO - [2024-08-26T10:40:44.600+0000] {dag.py:3211} INFO - Sync 1 DAGs
[2024-08-26T10:40:44.633+0000] {logging_mixin.py:190} INFO - [2024-08-26T10:40:44.633+0000] {dag.py:4138} INFO - Setting next_dagrun for example_task_group_decorator to 2024-08-25 00:00:00+00:00, run_after=2024-08-26 00:00:00+00:00
[2024-08-26T10:40:44.657+0000] {processor.py:208} INFO - Processing /home/airflow/.local/lib/python3.12/site-packages/airflow/example_dags/example_task_group_decorator.py took 0.138 seconds
[2024-08-26T10:41:21.684+0000] {processor.py:186} INFO - Started process (PID=416) to work on /home/airflow/.local/lib/python3.12/site-packages/airflow/example_dags/example_task_group_decorator.py
[2024-08-26T10:41:21.686+0000] {processor.py:914} INFO - Processing file /home/airflow/.local/lib/python3.12/site-packages/airflow/example_dags/example_task_group_decorator.py for tasks to queue
[2024-08-26T10:41:21.689+0000] {logging_mixin.py:190} INFO - [2024-08-26T10:41:21.689+0000] {dagbag.py:587} INFO - Filling up the DagBag from /home/airflow/.local/lib/python3.12/site-packages/airflow/example_dags/example_task_group_decorator.py
[2024-08-26T10:41:21.711+0000] {processor.py:925} INFO - DAG(s) 'example_task_group_decorator' retrieved from /home/airflow/.local/lib/python3.12/site-packages/airflow/example_dags/example_task_group_decorator.py
[2024-08-26T10:41:21.744+0000] {logging_mixin.py:190} INFO - [2024-08-26T10:41:21.744+0000] {dag.py:3211} INFO - Sync 1 DAGs
[2024-08-26T10:41:21.776+0000] {logging_mixin.py:190} INFO - [2024-08-26T10:41:21.775+0000] {dag.py:4138} INFO - Setting next_dagrun for example_task_group_decorator to 2024-08-25 00:00:00+00:00, run_after=2024-08-26 00:00:00+00:00
[2024-08-26T10:41:21.800+0000] {processor.py:208} INFO - Processing /home/airflow/.local/lib/python3.12/site-packages/airflow/example_dags/example_task_group_decorator.py took 0.123 seconds
[2024-08-26T10:42:06.252+0000] {processor.py:186} INFO - Started process (PID=488) to work on /home/airflow/.local/lib/python3.12/site-packages/airflow/example_dags/example_task_group_decorator.py
[2024-08-26T10:42:06.254+0000] {processor.py:914} INFO - Processing file /home/airflow/.local/lib/python3.12/site-packages/airflow/example_dags/example_task_group_decorator.py for tasks to queue
[2024-08-26T10:42:06.258+0000] {logging_mixin.py:190} INFO - [2024-08-26T10:42:06.258+0000] {dagbag.py:587} INFO - Filling up the DagBag from /home/airflow/.local/lib/python3.12/site-packages/airflow/example_dags/example_task_group_decorator.py
[2024-08-26T10:42:06.286+0000] {processor.py:925} INFO - DAG(s) 'example_task_group_decorator' retrieved from /home/airflow/.local/lib/python3.12/site-packages/airflow/example_dags/example_task_group_decorator.py
[2024-08-26T10:42:06.352+0000] {logging_mixin.py:190} INFO - [2024-08-26T10:42:06.352+0000] {dag.py:3211} INFO - Sync 1 DAGs
[2024-08-26T10:42:06.404+0000] {logging_mixin.py:190} INFO - [2024-08-26T10:42:06.403+0000] {dag.py:4138} INFO - Setting next_dagrun for example_task_group_decorator to 2024-08-25 00:00:00+00:00, run_after=2024-08-26 00:00:00+00:00
[2024-08-26T10:42:06.441+0000] {processor.py:208} INFO - Processing /home/airflow/.local/lib/python3.12/site-packages/airflow/example_dags/example_task_group_decorator.py took 0.200 seconds
[2024-08-26T10:42:53.103+0000] {processor.py:186} INFO - Started process (PID=554) to work on /home/airflow/.local/lib/python3.12/site-packages/airflow/example_dags/example_task_group_decorator.py
[2024-08-26T10:42:53.105+0000] {processor.py:914} INFO - Processing file /home/airflow/.local/lib/python3.12/site-packages/airflow/example_dags/example_task_group_decorator.py for tasks to queue
[2024-08-26T10:42:53.108+0000] {logging_mixin.py:190} INFO - [2024-08-26T10:42:53.107+0000] {dagbag.py:587} INFO - Filling up the DagBag from /home/airflow/.local/lib/python3.12/site-packages/airflow/example_dags/example_task_group_decorator.py
[2024-08-26T10:42:53.133+0000] {processor.py:925} INFO - DAG(s) 'example_task_group_decorator' retrieved from /home/airflow/.local/lib/python3.12/site-packages/airflow/example_dags/example_task_group_decorator.py
[2024-08-26T10:42:53.169+0000] {logging_mixin.py:190} INFO - [2024-08-26T10:42:53.169+0000] {dag.py:3211} INFO - Sync 1 DAGs
[2024-08-26T10:42:53.206+0000] {logging_mixin.py:190} INFO - [2024-08-26T10:42:53.206+0000] {dag.py:4138} INFO - Setting next_dagrun for example_task_group_decorator to 2024-08-25 00:00:00+00:00, run_after=2024-08-26 00:00:00+00:00
[2024-08-26T10:42:53.236+0000] {processor.py:208} INFO - Processing /home/airflow/.local/lib/python3.12/site-packages/airflow/example_dags/example_task_group_decorator.py took 0.141 seconds
[2024-08-26T10:43:35.911+0000] {processor.py:186} INFO - Started process (PID=634) to work on /home/airflow/.local/lib/python3.12/site-packages/airflow/example_dags/example_task_group_decorator.py
[2024-08-26T10:43:35.913+0000] {processor.py:914} INFO - Processing file /home/airflow/.local/lib/python3.12/site-packages/airflow/example_dags/example_task_group_decorator.py for tasks to queue
[2024-08-26T10:43:35.915+0000] {logging_mixin.py:190} INFO - [2024-08-26T10:43:35.915+0000] {dagbag.py:587} INFO - Filling up the DagBag from /home/airflow/.local/lib/python3.12/site-packages/airflow/example_dags/example_task_group_decorator.py
[2024-08-26T10:43:35.939+0000] {processor.py:925} INFO - DAG(s) 'example_task_group_decorator' retrieved from /home/airflow/.local/lib/python3.12/site-packages/airflow/example_dags/example_task_group_decorator.py
[2024-08-26T10:43:35.986+0000] {logging_mixin.py:190} INFO - [2024-08-26T10:43:35.986+0000] {dag.py:3211} INFO - Sync 1 DAGs
[2024-08-26T10:43:36.020+0000] {logging_mixin.py:190} INFO - [2024-08-26T10:43:36.020+0000] {dag.py:4138} INFO - Setting next_dagrun for example_task_group_decorator to 2024-08-25 00:00:00+00:00, run_after=2024-08-26 00:00:00+00:00
[2024-08-26T10:43:36.044+0000] {processor.py:208} INFO - Processing /home/airflow/.local/lib/python3.12/site-packages/airflow/example_dags/example_task_group_decorator.py took 0.141 seconds
[2024-08-26T10:44:13.300+0000] {processor.py:186} INFO - Started process (PID=700) to work on /home/airflow/.local/lib/python3.12/site-packages/airflow/example_dags/example_task_group_decorator.py
[2024-08-26T10:44:13.301+0000] {processor.py:914} INFO - Processing file /home/airflow/.local/lib/python3.12/site-packages/airflow/example_dags/example_task_group_decorator.py for tasks to queue
[2024-08-26T10:44:13.303+0000] {logging_mixin.py:190} INFO - [2024-08-26T10:44:13.303+0000] {dagbag.py:587} INFO - Filling up the DagBag from /home/airflow/.local/lib/python3.12/site-packages/airflow/example_dags/example_task_group_decorator.py
[2024-08-26T10:44:13.337+0000] {processor.py:925} INFO - DAG(s) 'example_task_group_decorator' retrieved from /home/airflow/.local/lib/python3.12/site-packages/airflow/example_dags/example_task_group_decorator.py
[2024-08-26T10:44:13.384+0000] {logging_mixin.py:190} INFO - [2024-08-26T10:44:13.383+0000] {dag.py:3211} INFO - Sync 1 DAGs
[2024-08-26T10:44:13.418+0000] {logging_mixin.py:190} INFO - [2024-08-26T10:44:13.418+0000] {dag.py:4138} INFO - Setting next_dagrun for example_task_group_decorator to 2024-08-25 00:00:00+00:00, run_after=2024-08-26 00:00:00+00:00
[2024-08-26T10:44:13.445+0000] {processor.py:208} INFO - Processing /home/airflow/.local/lib/python3.12/site-packages/airflow/example_dags/example_task_group_decorator.py took 0.153 seconds
[2024-08-26T10:44:52.552+0000] {processor.py:186} INFO - Started process (PID=767) to work on /home/airflow/.local/lib/python3.12/site-packages/airflow/example_dags/example_task_group_decorator.py
[2024-08-26T10:44:52.554+0000] {processor.py:914} INFO - Processing file /home/airflow/.local/lib/python3.12/site-packages/airflow/example_dags/example_task_group_decorator.py for tasks to queue
[2024-08-26T10:44:52.556+0000] {logging_mixin.py:190} INFO - [2024-08-26T10:44:52.555+0000] {dagbag.py:587} INFO - Filling up the DagBag from /home/airflow/.local/lib/python3.12/site-packages/airflow/example_dags/example_task_group_decorator.py
[2024-08-26T10:44:52.580+0000] {processor.py:925} INFO - DAG(s) 'example_task_group_decorator' retrieved from /home/airflow/.local/lib/python3.12/site-packages/airflow/example_dags/example_task_group_decorator.py
[2024-08-26T10:44:52.654+0000] {logging_mixin.py:190} INFO - [2024-08-26T10:44:52.654+0000] {dag.py:3211} INFO - Sync 1 DAGs
[2024-08-26T10:44:52.688+0000] {logging_mixin.py:190} INFO - [2024-08-26T10:44:52.688+0000] {dag.py:4138} INFO - Setting next_dagrun for example_task_group_decorator to 2024-08-25 00:00:00+00:00, run_after=2024-08-26 00:00:00+00:00
[2024-08-26T10:44:52.712+0000] {processor.py:208} INFO - Processing /home/airflow/.local/lib/python3.12/site-packages/airflow/example_dags/example_task_group_decorator.py took 0.168 seconds
[2024-08-26T10:45:33.714+0000] {processor.py:186} INFO - Started process (PID=848) to work on /home/airflow/.local/lib/python3.12/site-packages/airflow/example_dags/example_task_group_decorator.py
[2024-08-26T10:45:33.716+0000] {processor.py:914} INFO - Processing file /home/airflow/.local/lib/python3.12/site-packages/airflow/example_dags/example_task_group_decorator.py for tasks to queue
[2024-08-26T10:45:33.719+0000] {logging_mixin.py:190} INFO - [2024-08-26T10:45:33.718+0000] {dagbag.py:587} INFO - Filling up the DagBag from /home/airflow/.local/lib/python3.12/site-packages/airflow/example_dags/example_task_group_decorator.py
[2024-08-26T10:45:33.757+0000] {processor.py:925} INFO - DAG(s) 'example_task_group_decorator' retrieved from /home/airflow/.local/lib/python3.12/site-packages/airflow/example_dags/example_task_group_decorator.py
[2024-08-26T10:45:33.810+0000] {logging_mixin.py:190} INFO - [2024-08-26T10:45:33.810+0000] {dag.py:3211} INFO - Sync 1 DAGs
[2024-08-26T10:45:33.866+0000] {logging_mixin.py:190} INFO - [2024-08-26T10:45:33.866+0000] {dag.py:4138} INFO - Setting next_dagrun for example_task_group_decorator to 2024-08-25 00:00:00+00:00, run_after=2024-08-26 00:00:00+00:00
[2024-08-26T10:45:33.925+0000] {processor.py:208} INFO - Processing /home/airflow/.local/lib/python3.12/site-packages/airflow/example_dags/example_task_group_decorator.py took 0.223 seconds
[2024-08-26T10:46:12.215+0000] {processor.py:186} INFO - Started process (PID=914) to work on /home/airflow/.local/lib/python3.12/site-packages/airflow/example_dags/example_task_group_decorator.py
[2024-08-26T10:46:12.217+0000] {processor.py:914} INFO - Processing file /home/airflow/.local/lib/python3.12/site-packages/airflow/example_dags/example_task_group_decorator.py for tasks to queue
[2024-08-26T10:46:12.219+0000] {logging_mixin.py:190} INFO - [2024-08-26T10:46:12.219+0000] {dagbag.py:587} INFO - Filling up the DagBag from /home/airflow/.local/lib/python3.12/site-packages/airflow/example_dags/example_task_group_decorator.py
[2024-08-26T10:46:12.243+0000] {processor.py:925} INFO - DAG(s) 'example_task_group_decorator' retrieved from /home/airflow/.local/lib/python3.12/site-packages/airflow/example_dags/example_task_group_decorator.py
[2024-08-26T10:46:12.282+0000] {logging_mixin.py:190} INFO - [2024-08-26T10:46:12.282+0000] {dag.py:3211} INFO - Sync 1 DAGs
[2024-08-26T10:46:12.319+0000] {logging_mixin.py:190} INFO - [2024-08-26T10:46:12.319+0000] {dag.py:4138} INFO - Setting next_dagrun for example_task_group_decorator to 2024-08-25 00:00:00+00:00, run_after=2024-08-26 00:00:00+00:00
[2024-08-26T10:46:12.345+0000] {processor.py:208} INFO - Processing /home/airflow/.local/lib/python3.12/site-packages/airflow/example_dags/example_task_group_decorator.py took 0.138 seconds
[2024-08-26T10:46:50.937+0000] {processor.py:186} INFO - Started process (PID=980) to work on /home/airflow/.local/lib/python3.12/site-packages/airflow/example_dags/example_task_group_decorator.py
[2024-08-26T10:46:50.939+0000] {processor.py:914} INFO - Processing file /home/airflow/.local/lib/python3.12/site-packages/airflow/example_dags/example_task_group_decorator.py for tasks to queue
[2024-08-26T10:46:50.941+0000] {logging_mixin.py:190} INFO - [2024-08-26T10:46:50.940+0000] {dagbag.py:587} INFO - Filling up the DagBag from /home/airflow/.local/lib/python3.12/site-packages/airflow/example_dags/example_task_group_decorator.py
[2024-08-26T10:46:50.965+0000] {processor.py:925} INFO - DAG(s) 'example_task_group_decorator' retrieved from /home/airflow/.local/lib/python3.12/site-packages/airflow/example_dags/example_task_group_decorator.py
[2024-08-26T10:46:51.000+0000] {logging_mixin.py:190} INFO - [2024-08-26T10:46:51.000+0000] {dag.py:3211} INFO - Sync 1 DAGs
[2024-08-26T10:46:51.033+0000] {logging_mixin.py:190} INFO - [2024-08-26T10:46:51.032+0000] {dag.py:4138} INFO - Setting next_dagrun for example_task_group_decorator to 2024-08-25 00:00:00+00:00, run_after=2024-08-26 00:00:00+00:00
[2024-08-26T10:46:51.057+0000] {processor.py:208} INFO - Processing /home/airflow/.local/lib/python3.12/site-packages/airflow/example_dags/example_task_group_decorator.py took 0.128 seconds
[2024-08-26T10:47:42.297+0000] {processor.py:186} INFO - Started process (PID=1063) to work on /home/airflow/.local/lib/python3.12/site-packages/airflow/example_dags/example_task_group_decorator.py
[2024-08-26T10:47:42.299+0000] {processor.py:914} INFO - Processing file /home/airflow/.local/lib/python3.12/site-packages/airflow/example_dags/example_task_group_decorator.py for tasks to queue
[2024-08-26T10:47:42.303+0000] {logging_mixin.py:190} INFO - [2024-08-26T10:47:42.302+0000] {dagbag.py:587} INFO - Filling up the DagBag from /home/airflow/.local/lib/python3.12/site-packages/airflow/example_dags/example_task_group_decorator.py
[2024-08-26T10:47:42.365+0000] {processor.py:925} INFO - DAG(s) 'example_task_group_decorator' retrieved from /home/airflow/.local/lib/python3.12/site-packages/airflow/example_dags/example_task_group_decorator.py
[2024-08-26T10:47:42.418+0000] {logging_mixin.py:190} INFO - [2024-08-26T10:47:42.418+0000] {dag.py:3211} INFO - Sync 1 DAGs
[2024-08-26T10:47:42.462+0000] {logging_mixin.py:190} INFO - [2024-08-26T10:47:42.462+0000] {dag.py:4138} INFO - Setting next_dagrun for example_task_group_decorator to 2024-08-25 00:00:00+00:00, run_after=2024-08-26 00:00:00+00:00
[2024-08-26T10:47:42.497+0000] {processor.py:208} INFO - Processing /home/airflow/.local/lib/python3.12/site-packages/airflow/example_dags/example_task_group_decorator.py took 0.213 seconds
[2024-08-26T10:48:21.874+0000] {processor.py:186} INFO - Started process (PID=1129) to work on /home/airflow/.local/lib/python3.12/site-packages/airflow/example_dags/example_task_group_decorator.py
[2024-08-26T10:48:21.876+0000] {processor.py:914} INFO - Processing file /home/airflow/.local/lib/python3.12/site-packages/airflow/example_dags/example_task_group_decorator.py for tasks to queue
[2024-08-26T10:48:21.878+0000] {logging_mixin.py:190} INFO - [2024-08-26T10:48:21.877+0000] {dagbag.py:587} INFO - Filling up the DagBag from /home/airflow/.local/lib/python3.12/site-packages/airflow/example_dags/example_task_group_decorator.py
[2024-08-26T10:48:21.901+0000] {processor.py:925} INFO - DAG(s) 'example_task_group_decorator' retrieved from /home/airflow/.local/lib/python3.12/site-packages/airflow/example_dags/example_task_group_decorator.py
[2024-08-26T10:48:21.935+0000] {logging_mixin.py:190} INFO - [2024-08-26T10:48:21.935+0000] {dag.py:3211} INFO - Sync 1 DAGs
[2024-08-26T10:48:21.966+0000] {logging_mixin.py:190} INFO - [2024-08-26T10:48:21.966+0000] {dag.py:4138} INFO - Setting next_dagrun for example_task_group_decorator to 2024-08-25 00:00:00+00:00, run_after=2024-08-26 00:00:00+00:00
[2024-08-26T10:48:21.989+0000] {processor.py:208} INFO - Processing /home/airflow/.local/lib/python3.12/site-packages/airflow/example_dags/example_task_group_decorator.py took 0.122 seconds
[2024-08-26T10:49:09.172+0000] {processor.py:186} INFO - Started process (PID=1210) to work on /home/airflow/.local/lib/python3.12/site-packages/airflow/example_dags/example_task_group_decorator.py
[2024-08-26T10:49:09.184+0000] {processor.py:914} INFO - Processing file /home/airflow/.local/lib/python3.12/site-packages/airflow/example_dags/example_task_group_decorator.py for tasks to queue
[2024-08-26T10:49:09.199+0000] {logging_mixin.py:190} INFO - [2024-08-26T10:49:09.198+0000] {dagbag.py:587} INFO - Filling up the DagBag from /home/airflow/.local/lib/python3.12/site-packages/airflow/example_dags/example_task_group_decorator.py
[2024-08-26T10:49:09.251+0000] {processor.py:925} INFO - DAG(s) 'example_task_group_decorator' retrieved from /home/airflow/.local/lib/python3.12/site-packages/airflow/example_dags/example_task_group_decorator.py
[2024-08-26T10:49:09.332+0000] {logging_mixin.py:190} INFO - [2024-08-26T10:49:09.331+0000] {dag.py:3211} INFO - Sync 1 DAGs
[2024-08-26T10:49:09.444+0000] {logging_mixin.py:190} INFO - [2024-08-26T10:49:09.443+0000] {dag.py:4138} INFO - Setting next_dagrun for example_task_group_decorator to 2024-08-25 00:00:00+00:00, run_after=2024-08-26 00:00:00+00:00
[2024-08-26T10:49:09.521+0000] {processor.py:208} INFO - Processing /home/airflow/.local/lib/python3.12/site-packages/airflow/example_dags/example_task_group_decorator.py took 0.363 seconds
[2024-08-26T10:49:44.771+0000] {processor.py:186} INFO - Started process (PID=1276) to work on /home/airflow/.local/lib/python3.12/site-packages/airflow/example_dags/example_task_group_decorator.py
[2024-08-26T10:49:44.772+0000] {processor.py:914} INFO - Processing file /home/airflow/.local/lib/python3.12/site-packages/airflow/example_dags/example_task_group_decorator.py for tasks to queue
[2024-08-26T10:49:44.774+0000] {logging_mixin.py:190} INFO - [2024-08-26T10:49:44.774+0000] {dagbag.py:587} INFO - Filling up the DagBag from /home/airflow/.local/lib/python3.12/site-packages/airflow/example_dags/example_task_group_decorator.py
[2024-08-26T10:49:44.797+0000] {processor.py:925} INFO - DAG(s) 'example_task_group_decorator' retrieved from /home/airflow/.local/lib/python3.12/site-packages/airflow/example_dags/example_task_group_decorator.py
[2024-08-26T10:49:44.832+0000] {logging_mixin.py:190} INFO - [2024-08-26T10:49:44.832+0000] {dag.py:3211} INFO - Sync 1 DAGs
[2024-08-26T10:49:44.864+0000] {logging_mixin.py:190} INFO - [2024-08-26T10:49:44.863+0000] {dag.py:4138} INFO - Setting next_dagrun for example_task_group_decorator to 2024-08-25 00:00:00+00:00, run_after=2024-08-26 00:00:00+00:00
[2024-08-26T10:49:44.894+0000] {processor.py:208} INFO - Processing /home/airflow/.local/lib/python3.12/site-packages/airflow/example_dags/example_task_group_decorator.py took 0.132 seconds
[2024-08-26T15:09:25.714+0000] {processor.py:186} INFO - Started process (PID=71) to work on /home/airflow/.local/lib/python3.12/site-packages/airflow/example_dags/example_task_group_decorator.py
[2024-08-26T15:09:25.716+0000] {processor.py:914} INFO - Processing file /home/airflow/.local/lib/python3.12/site-packages/airflow/example_dags/example_task_group_decorator.py for tasks to queue
[2024-08-26T15:09:25.719+0000] {logging_mixin.py:190} INFO - [2024-08-26T15:09:25.719+0000] {dagbag.py:587} INFO - Filling up the DagBag from /home/airflow/.local/lib/python3.12/site-packages/airflow/example_dags/example_task_group_decorator.py
[2024-08-26T15:09:25.742+0000] {processor.py:925} INFO - DAG(s) 'example_task_group_decorator' retrieved from /home/airflow/.local/lib/python3.12/site-packages/airflow/example_dags/example_task_group_decorator.py
[2024-08-26T15:09:25.788+0000] {logging_mixin.py:190} INFO - [2024-08-26T15:09:25.787+0000] {dag.py:3211} INFO - Sync 1 DAGs
[2024-08-26T15:09:25.826+0000] {logging_mixin.py:190} INFO - [2024-08-26T15:09:25.826+0000] {dag.py:4138} INFO - Setting next_dagrun for example_task_group_decorator to 2024-08-25 00:00:00+00:00, run_after=2024-08-26 00:00:00+00:00
[2024-08-26T15:09:25.852+0000] {processor.py:208} INFO - Processing /home/airflow/.local/lib/python3.12/site-packages/airflow/example_dags/example_task_group_decorator.py took 0.146 seconds
[2024-08-26T15:10:09.263+0000] {processor.py:186} INFO - Started process (PID=143) to work on /home/airflow/.local/lib/python3.12/site-packages/airflow/example_dags/example_task_group_decorator.py
[2024-08-26T15:10:09.265+0000] {processor.py:914} INFO - Processing file /home/airflow/.local/lib/python3.12/site-packages/airflow/example_dags/example_task_group_decorator.py for tasks to queue
[2024-08-26T15:10:09.268+0000] {logging_mixin.py:190} INFO - [2024-08-26T15:10:09.268+0000] {dagbag.py:587} INFO - Filling up the DagBag from /home/airflow/.local/lib/python3.12/site-packages/airflow/example_dags/example_task_group_decorator.py
[2024-08-26T15:10:09.290+0000] {processor.py:925} INFO - DAG(s) 'example_task_group_decorator' retrieved from /home/airflow/.local/lib/python3.12/site-packages/airflow/example_dags/example_task_group_decorator.py
[2024-08-26T15:10:09.327+0000] {logging_mixin.py:190} INFO - [2024-08-26T15:10:09.327+0000] {dag.py:3211} INFO - Sync 1 DAGs
[2024-08-26T15:10:09.359+0000] {logging_mixin.py:190} INFO - [2024-08-26T15:10:09.359+0000] {dag.py:4138} INFO - Setting next_dagrun for example_task_group_decorator to 2024-08-25 00:00:00+00:00, run_after=2024-08-26 00:00:00+00:00
[2024-08-26T15:10:09.384+0000] {processor.py:208} INFO - Processing /home/airflow/.local/lib/python3.12/site-packages/airflow/example_dags/example_task_group_decorator.py took 0.130 seconds
[2024-08-26T15:10:47.250+0000] {processor.py:186} INFO - Started process (PID=210) to work on /home/airflow/.local/lib/python3.12/site-packages/airflow/example_dags/example_task_group_decorator.py
[2024-08-26T15:10:47.252+0000] {processor.py:914} INFO - Processing file /home/airflow/.local/lib/python3.12/site-packages/airflow/example_dags/example_task_group_decorator.py for tasks to queue
[2024-08-26T15:10:47.255+0000] {logging_mixin.py:190} INFO - [2024-08-26T15:10:47.255+0000] {dagbag.py:587} INFO - Filling up the DagBag from /home/airflow/.local/lib/python3.12/site-packages/airflow/example_dags/example_task_group_decorator.py
[2024-08-26T15:10:47.276+0000] {processor.py:925} INFO - DAG(s) 'example_task_group_decorator' retrieved from /home/airflow/.local/lib/python3.12/site-packages/airflow/example_dags/example_task_group_decorator.py
[2024-08-26T15:10:47.311+0000] {logging_mixin.py:190} INFO - [2024-08-26T15:10:47.311+0000] {dag.py:3211} INFO - Sync 1 DAGs
[2024-08-26T15:10:47.341+0000] {logging_mixin.py:190} INFO - [2024-08-26T15:10:47.340+0000] {dag.py:4138} INFO - Setting next_dagrun for example_task_group_decorator to 2024-08-25 00:00:00+00:00, run_after=2024-08-26 00:00:00+00:00
[2024-08-26T15:10:47.367+0000] {processor.py:208} INFO - Processing /home/airflow/.local/lib/python3.12/site-packages/airflow/example_dags/example_task_group_decorator.py took 0.125 seconds
[2024-08-26T15:11:24.680+0000] {processor.py:186} INFO - Started process (PID=276) to work on /home/airflow/.local/lib/python3.12/site-packages/airflow/example_dags/example_task_group_decorator.py
[2024-08-26T15:11:24.682+0000] {processor.py:914} INFO - Processing file /home/airflow/.local/lib/python3.12/site-packages/airflow/example_dags/example_task_group_decorator.py for tasks to queue
[2024-08-26T15:11:24.685+0000] {logging_mixin.py:190} INFO - [2024-08-26T15:11:24.685+0000] {dagbag.py:587} INFO - Filling up the DagBag from /home/airflow/.local/lib/python3.12/site-packages/airflow/example_dags/example_task_group_decorator.py
[2024-08-26T15:11:24.707+0000] {processor.py:925} INFO - DAG(s) 'example_task_group_decorator' retrieved from /home/airflow/.local/lib/python3.12/site-packages/airflow/example_dags/example_task_group_decorator.py
[2024-08-26T15:11:24.742+0000] {logging_mixin.py:190} INFO - [2024-08-26T15:11:24.742+0000] {dag.py:3211} INFO - Sync 1 DAGs
[2024-08-26T15:11:24.771+0000] {logging_mixin.py:190} INFO - [2024-08-26T15:11:24.771+0000] {dag.py:4138} INFO - Setting next_dagrun for example_task_group_decorator to 2024-08-25 00:00:00+00:00, run_after=2024-08-26 00:00:00+00:00
[2024-08-26T15:11:24.796+0000] {processor.py:208} INFO - Processing /home/airflow/.local/lib/python3.12/site-packages/airflow/example_dags/example_task_group_decorator.py took 0.124 seconds
[2024-08-26T15:12:03.177+0000] {processor.py:186} INFO - Started process (PID=348) to work on /home/airflow/.local/lib/python3.12/site-packages/airflow/example_dags/example_task_group_decorator.py
[2024-08-26T15:12:03.178+0000] {processor.py:914} INFO - Processing file /home/airflow/.local/lib/python3.12/site-packages/airflow/example_dags/example_task_group_decorator.py for tasks to queue
[2024-08-26T15:12:03.182+0000] {logging_mixin.py:190} INFO - [2024-08-26T15:12:03.182+0000] {dagbag.py:587} INFO - Filling up the DagBag from /home/airflow/.local/lib/python3.12/site-packages/airflow/example_dags/example_task_group_decorator.py
[2024-08-26T15:12:03.207+0000] {processor.py:925} INFO - DAG(s) 'example_task_group_decorator' retrieved from /home/airflow/.local/lib/python3.12/site-packages/airflow/example_dags/example_task_group_decorator.py
[2024-08-26T15:12:03.243+0000] {logging_mixin.py:190} INFO - [2024-08-26T15:12:03.242+0000] {dag.py:3211} INFO - Sync 1 DAGs
[2024-08-26T15:12:03.274+0000] {logging_mixin.py:190} INFO - [2024-08-26T15:12:03.273+0000] {dag.py:4138} INFO - Setting next_dagrun for example_task_group_decorator to 2024-08-25 00:00:00+00:00, run_after=2024-08-26 00:00:00+00:00
[2024-08-26T15:12:03.297+0000] {processor.py:208} INFO - Processing /home/airflow/.local/lib/python3.12/site-packages/airflow/example_dags/example_task_group_decorator.py took 0.127 seconds
[2024-08-26T15:12:43.122+0000] {processor.py:186} INFO - Started process (PID=415) to work on /home/airflow/.local/lib/python3.12/site-packages/airflow/example_dags/example_task_group_decorator.py
[2024-08-26T15:12:43.123+0000] {processor.py:914} INFO - Processing file /home/airflow/.local/lib/python3.12/site-packages/airflow/example_dags/example_task_group_decorator.py for tasks to queue
[2024-08-26T15:12:43.127+0000] {logging_mixin.py:190} INFO - [2024-08-26T15:12:43.126+0000] {dagbag.py:587} INFO - Filling up the DagBag from /home/airflow/.local/lib/python3.12/site-packages/airflow/example_dags/example_task_group_decorator.py
[2024-08-26T15:12:43.149+0000] {processor.py:925} INFO - DAG(s) 'example_task_group_decorator' retrieved from /home/airflow/.local/lib/python3.12/site-packages/airflow/example_dags/example_task_group_decorator.py
[2024-08-26T15:12:43.185+0000] {logging_mixin.py:190} INFO - [2024-08-26T15:12:43.185+0000] {dag.py:3211} INFO - Sync 1 DAGs
[2024-08-26T15:12:43.216+0000] {logging_mixin.py:190} INFO - [2024-08-26T15:12:43.216+0000] {dag.py:4138} INFO - Setting next_dagrun for example_task_group_decorator to 2024-08-25 00:00:00+00:00, run_after=2024-08-26 00:00:00+00:00
[2024-08-26T15:12:43.239+0000] {processor.py:208} INFO - Processing /home/airflow/.local/lib/python3.12/site-packages/airflow/example_dags/example_task_group_decorator.py took 0.126 seconds
[2024-08-26T15:13:33.413+0000] {processor.py:186} INFO - Started process (PID=498) to work on /home/airflow/.local/lib/python3.12/site-packages/airflow/example_dags/example_task_group_decorator.py
[2024-08-26T15:13:33.417+0000] {processor.py:914} INFO - Processing file /home/airflow/.local/lib/python3.12/site-packages/airflow/example_dags/example_task_group_decorator.py for tasks to queue
[2024-08-26T15:13:33.422+0000] {logging_mixin.py:190} INFO - [2024-08-26T15:13:33.421+0000] {dagbag.py:587} INFO - Filling up the DagBag from /home/airflow/.local/lib/python3.12/site-packages/airflow/example_dags/example_task_group_decorator.py
[2024-08-26T15:13:33.449+0000] {processor.py:925} INFO - DAG(s) 'example_task_group_decorator' retrieved from /home/airflow/.local/lib/python3.12/site-packages/airflow/example_dags/example_task_group_decorator.py
[2024-08-26T15:13:33.491+0000] {logging_mixin.py:190} INFO - [2024-08-26T15:13:33.491+0000] {dag.py:3211} INFO - Sync 1 DAGs
[2024-08-26T15:13:33.542+0000] {logging_mixin.py:190} INFO - [2024-08-26T15:13:33.541+0000] {dag.py:4138} INFO - Setting next_dagrun for example_task_group_decorator to 2024-08-25 00:00:00+00:00, run_after=2024-08-26 00:00:00+00:00
[2024-08-26T15:13:33.586+0000] {processor.py:208} INFO - Processing /home/airflow/.local/lib/python3.12/site-packages/airflow/example_dags/example_task_group_decorator.py took 0.182 seconds
[2024-08-26T15:14:29.270+0000] {processor.py:186} INFO - Started process (PID=570) to work on /home/airflow/.local/lib/python3.12/site-packages/airflow/example_dags/example_task_group_decorator.py
[2024-08-26T15:14:29.272+0000] {processor.py:914} INFO - Processing file /home/airflow/.local/lib/python3.12/site-packages/airflow/example_dags/example_task_group_decorator.py for tasks to queue
[2024-08-26T15:14:29.276+0000] {logging_mixin.py:190} INFO - [2024-08-26T15:14:29.276+0000] {dagbag.py:587} INFO - Filling up the DagBag from /home/airflow/.local/lib/python3.12/site-packages/airflow/example_dags/example_task_group_decorator.py
[2024-08-26T15:14:29.302+0000] {processor.py:925} INFO - DAG(s) 'example_task_group_decorator' retrieved from /home/airflow/.local/lib/python3.12/site-packages/airflow/example_dags/example_task_group_decorator.py
[2024-08-26T15:14:29.351+0000] {logging_mixin.py:190} INFO - [2024-08-26T15:14:29.351+0000] {dag.py:3211} INFO - Sync 1 DAGs
[2024-08-26T15:14:29.388+0000] {logging_mixin.py:190} INFO - [2024-08-26T15:14:29.388+0000] {dag.py:4138} INFO - Setting next_dagrun for example_task_group_decorator to 2024-08-25 00:00:00+00:00, run_after=2024-08-26 00:00:00+00:00
[2024-08-26T15:14:29.420+0000] {processor.py:208} INFO - Processing /home/airflow/.local/lib/python3.12/site-packages/airflow/example_dags/example_task_group_decorator.py took 0.158 seconds
[2024-08-26T15:15:07.494+0000] {processor.py:186} INFO - Started process (PID=637) to work on /home/airflow/.local/lib/python3.12/site-packages/airflow/example_dags/example_task_group_decorator.py
[2024-08-26T15:15:07.495+0000] {processor.py:914} INFO - Processing file /home/airflow/.local/lib/python3.12/site-packages/airflow/example_dags/example_task_group_decorator.py for tasks to queue
[2024-08-26T15:15:07.498+0000] {logging_mixin.py:190} INFO - [2024-08-26T15:15:07.497+0000] {dagbag.py:587} INFO - Filling up the DagBag from /home/airflow/.local/lib/python3.12/site-packages/airflow/example_dags/example_task_group_decorator.py
[2024-08-26T15:15:07.521+0000] {processor.py:925} INFO - DAG(s) 'example_task_group_decorator' retrieved from /home/airflow/.local/lib/python3.12/site-packages/airflow/example_dags/example_task_group_decorator.py
[2024-08-26T15:15:07.558+0000] {logging_mixin.py:190} INFO - [2024-08-26T15:15:07.557+0000] {dag.py:3211} INFO - Sync 1 DAGs
[2024-08-26T15:15:07.592+0000] {logging_mixin.py:190} INFO - [2024-08-26T15:15:07.591+0000] {dag.py:4138} INFO - Setting next_dagrun for example_task_group_decorator to 2024-08-25 00:00:00+00:00, run_after=2024-08-26 00:00:00+00:00
[2024-08-26T15:15:07.622+0000] {processor.py:208} INFO - Processing /home/airflow/.local/lib/python3.12/site-packages/airflow/example_dags/example_task_group_decorator.py took 0.136 seconds
[2024-08-26T15:15:53.476+0000] {processor.py:186} INFO - Started process (PID=703) to work on /home/airflow/.local/lib/python3.12/site-packages/airflow/example_dags/example_task_group_decorator.py
[2024-08-26T15:15:53.478+0000] {processor.py:914} INFO - Processing file /home/airflow/.local/lib/python3.12/site-packages/airflow/example_dags/example_task_group_decorator.py for tasks to queue
[2024-08-26T15:15:53.481+0000] {logging_mixin.py:190} INFO - [2024-08-26T15:15:53.480+0000] {dagbag.py:587} INFO - Filling up the DagBag from /home/airflow/.local/lib/python3.12/site-packages/airflow/example_dags/example_task_group_decorator.py
[2024-08-26T15:15:53.516+0000] {processor.py:925} INFO - DAG(s) 'example_task_group_decorator' retrieved from /home/airflow/.local/lib/python3.12/site-packages/airflow/example_dags/example_task_group_decorator.py
[2024-08-26T15:15:53.581+0000] {logging_mixin.py:190} INFO - [2024-08-26T15:15:53.580+0000] {dag.py:3211} INFO - Sync 1 DAGs
[2024-08-26T15:15:53.634+0000] {logging_mixin.py:190} INFO - [2024-08-26T15:15:53.633+0000] {dag.py:4138} INFO - Setting next_dagrun for example_task_group_decorator to 2024-08-25 00:00:00+00:00, run_after=2024-08-26 00:00:00+00:00
[2024-08-26T15:15:53.671+0000] {processor.py:208} INFO - Processing /home/airflow/.local/lib/python3.12/site-packages/airflow/example_dags/example_task_group_decorator.py took 0.207 seconds
[2024-08-26T15:16:30.228+0000] {processor.py:186} INFO - Started process (PID=774) to work on /home/airflow/.local/lib/python3.12/site-packages/airflow/example_dags/example_task_group_decorator.py
[2024-08-26T15:16:30.230+0000] {processor.py:914} INFO - Processing file /home/airflow/.local/lib/python3.12/site-packages/airflow/example_dags/example_task_group_decorator.py for tasks to queue
[2024-08-26T15:16:30.233+0000] {logging_mixin.py:190} INFO - [2024-08-26T15:16:30.232+0000] {dagbag.py:587} INFO - Filling up the DagBag from /home/airflow/.local/lib/python3.12/site-packages/airflow/example_dags/example_task_group_decorator.py
[2024-08-26T15:16:30.261+0000] {processor.py:925} INFO - DAG(s) 'example_task_group_decorator' retrieved from /home/airflow/.local/lib/python3.12/site-packages/airflow/example_dags/example_task_group_decorator.py
[2024-08-26T15:16:30.304+0000] {logging_mixin.py:190} INFO - [2024-08-26T15:16:30.304+0000] {dag.py:3211} INFO - Sync 1 DAGs
[2024-08-26T15:16:30.340+0000] {logging_mixin.py:190} INFO - [2024-08-26T15:16:30.340+0000] {dag.py:4138} INFO - Setting next_dagrun for example_task_group_decorator to 2024-08-25 00:00:00+00:00, run_after=2024-08-26 00:00:00+00:00
[2024-08-26T15:16:30.366+0000] {processor.py:208} INFO - Processing /home/airflow/.local/lib/python3.12/site-packages/airflow/example_dags/example_task_group_decorator.py took 0.147 seconds
[2024-08-26T15:17:07.886+0000] {processor.py:186} INFO - Started process (PID=841) to work on /home/airflow/.local/lib/python3.12/site-packages/airflow/example_dags/example_task_group_decorator.py
[2024-08-26T15:17:07.888+0000] {processor.py:914} INFO - Processing file /home/airflow/.local/lib/python3.12/site-packages/airflow/example_dags/example_task_group_decorator.py for tasks to queue
[2024-08-26T15:17:07.890+0000] {logging_mixin.py:190} INFO - [2024-08-26T15:17:07.890+0000] {dagbag.py:587} INFO - Filling up the DagBag from /home/airflow/.local/lib/python3.12/site-packages/airflow/example_dags/example_task_group_decorator.py
[2024-08-26T15:17:07.914+0000] {processor.py:925} INFO - DAG(s) 'example_task_group_decorator' retrieved from /home/airflow/.local/lib/python3.12/site-packages/airflow/example_dags/example_task_group_decorator.py
[2024-08-26T15:17:07.957+0000] {logging_mixin.py:190} INFO - [2024-08-26T15:17:07.957+0000] {dag.py:3211} INFO - Sync 1 DAGs
[2024-08-26T15:17:07.993+0000] {logging_mixin.py:190} INFO - [2024-08-26T15:17:07.992+0000] {dag.py:4138} INFO - Setting next_dagrun for example_task_group_decorator to 2024-08-25 00:00:00+00:00, run_after=2024-08-26 00:00:00+00:00
[2024-08-26T15:17:08.017+0000] {processor.py:208} INFO - Processing /home/airflow/.local/lib/python3.12/site-packages/airflow/example_dags/example_task_group_decorator.py took 0.139 seconds
[2024-08-26T15:17:44.575+0000] {processor.py:186} INFO - Started process (PID=907) to work on /home/airflow/.local/lib/python3.12/site-packages/airflow/example_dags/example_task_group_decorator.py
[2024-08-26T15:17:44.577+0000] {processor.py:914} INFO - Processing file /home/airflow/.local/lib/python3.12/site-packages/airflow/example_dags/example_task_group_decorator.py for tasks to queue
[2024-08-26T15:17:44.579+0000] {logging_mixin.py:190} INFO - [2024-08-26T15:17:44.579+0000] {dagbag.py:587} INFO - Filling up the DagBag from /home/airflow/.local/lib/python3.12/site-packages/airflow/example_dags/example_task_group_decorator.py
[2024-08-26T15:17:44.602+0000] {processor.py:925} INFO - DAG(s) 'example_task_group_decorator' retrieved from /home/airflow/.local/lib/python3.12/site-packages/airflow/example_dags/example_task_group_decorator.py
[2024-08-26T15:17:44.635+0000] {logging_mixin.py:190} INFO - [2024-08-26T15:17:44.635+0000] {dag.py:3211} INFO - Sync 1 DAGs
[2024-08-26T15:17:44.665+0000] {logging_mixin.py:190} INFO - [2024-08-26T15:17:44.664+0000] {dag.py:4138} INFO - Setting next_dagrun for example_task_group_decorator to 2024-08-25 00:00:00+00:00, run_after=2024-08-26 00:00:00+00:00
[2024-08-26T15:17:44.689+0000] {processor.py:208} INFO - Processing /home/airflow/.local/lib/python3.12/site-packages/airflow/example_dags/example_task_group_decorator.py took 0.121 seconds
[2024-08-26T15:18:21.509+0000] {processor.py:186} INFO - Started process (PID=973) to work on /home/airflow/.local/lib/python3.12/site-packages/airflow/example_dags/example_task_group_decorator.py
[2024-08-26T15:18:21.510+0000] {processor.py:914} INFO - Processing file /home/airflow/.local/lib/python3.12/site-packages/airflow/example_dags/example_task_group_decorator.py for tasks to queue
[2024-08-26T15:18:21.512+0000] {logging_mixin.py:190} INFO - [2024-08-26T15:18:21.512+0000] {dagbag.py:587} INFO - Filling up the DagBag from /home/airflow/.local/lib/python3.12/site-packages/airflow/example_dags/example_task_group_decorator.py
[2024-08-26T15:18:21.541+0000] {processor.py:925} INFO - DAG(s) 'example_task_group_decorator' retrieved from /home/airflow/.local/lib/python3.12/site-packages/airflow/example_dags/example_task_group_decorator.py
[2024-08-26T15:18:21.579+0000] {logging_mixin.py:190} INFO - [2024-08-26T15:18:21.578+0000] {dag.py:3211} INFO - Sync 1 DAGs
[2024-08-26T15:18:21.616+0000] {logging_mixin.py:190} INFO - [2024-08-26T15:18:21.616+0000] {dag.py:4138} INFO - Setting next_dagrun for example_task_group_decorator to 2024-08-25 00:00:00+00:00, run_after=2024-08-26 00:00:00+00:00
[2024-08-26T15:18:21.640+0000] {processor.py:208} INFO - Processing /home/airflow/.local/lib/python3.12/site-packages/airflow/example_dags/example_task_group_decorator.py took 0.140 seconds
[2024-08-26T15:19:04.347+0000] {processor.py:186} INFO - Started process (PID=1045) to work on /home/airflow/.local/lib/python3.12/site-packages/airflow/example_dags/example_task_group_decorator.py
[2024-08-26T15:19:04.348+0000] {processor.py:914} INFO - Processing file /home/airflow/.local/lib/python3.12/site-packages/airflow/example_dags/example_task_group_decorator.py for tasks to queue
[2024-08-26T15:19:04.350+0000] {logging_mixin.py:190} INFO - [2024-08-26T15:19:04.349+0000] {dagbag.py:587} INFO - Filling up the DagBag from /home/airflow/.local/lib/python3.12/site-packages/airflow/example_dags/example_task_group_decorator.py
[2024-08-26T15:19:04.371+0000] {processor.py:925} INFO - DAG(s) 'example_task_group_decorator' retrieved from /home/airflow/.local/lib/python3.12/site-packages/airflow/example_dags/example_task_group_decorator.py
[2024-08-26T15:19:04.406+0000] {logging_mixin.py:190} INFO - [2024-08-26T15:19:04.405+0000] {dag.py:3211} INFO - Sync 1 DAGs
[2024-08-26T15:19:04.436+0000] {logging_mixin.py:190} INFO - [2024-08-26T15:19:04.435+0000] {dag.py:4138} INFO - Setting next_dagrun for example_task_group_decorator to 2024-08-25 00:00:00+00:00, run_after=2024-08-26 00:00:00+00:00
[2024-08-26T15:19:04.459+0000] {processor.py:208} INFO - Processing /home/airflow/.local/lib/python3.12/site-packages/airflow/example_dags/example_task_group_decorator.py took 0.120 seconds
[2024-08-26T15:19:41.093+0000] {processor.py:186} INFO - Started process (PID=1111) to work on /home/airflow/.local/lib/python3.12/site-packages/airflow/example_dags/example_task_group_decorator.py
[2024-08-26T15:19:41.095+0000] {processor.py:914} INFO - Processing file /home/airflow/.local/lib/python3.12/site-packages/airflow/example_dags/example_task_group_decorator.py for tasks to queue
[2024-08-26T15:19:41.097+0000] {logging_mixin.py:190} INFO - [2024-08-26T15:19:41.096+0000] {dagbag.py:587} INFO - Filling up the DagBag from /home/airflow/.local/lib/python3.12/site-packages/airflow/example_dags/example_task_group_decorator.py
[2024-08-26T15:19:41.119+0000] {processor.py:925} INFO - DAG(s) 'example_task_group_decorator' retrieved from /home/airflow/.local/lib/python3.12/site-packages/airflow/example_dags/example_task_group_decorator.py
[2024-08-26T15:19:41.154+0000] {logging_mixin.py:190} INFO - [2024-08-26T15:19:41.154+0000] {dag.py:3211} INFO - Sync 1 DAGs
[2024-08-26T15:19:41.186+0000] {logging_mixin.py:190} INFO - [2024-08-26T15:19:41.186+0000] {dag.py:4138} INFO - Setting next_dagrun for example_task_group_decorator to 2024-08-25 00:00:00+00:00, run_after=2024-08-26 00:00:00+00:00
[2024-08-26T15:19:41.210+0000] {processor.py:208} INFO - Processing /home/airflow/.local/lib/python3.12/site-packages/airflow/example_dags/example_task_group_decorator.py took 0.125 seconds
[2024-08-26T15:20:19.425+0000] {processor.py:186} INFO - Started process (PID=1178) to work on /home/airflow/.local/lib/python3.12/site-packages/airflow/example_dags/example_task_group_decorator.py
[2024-08-26T15:20:19.427+0000] {processor.py:914} INFO - Processing file /home/airflow/.local/lib/python3.12/site-packages/airflow/example_dags/example_task_group_decorator.py for tasks to queue
[2024-08-26T15:20:19.429+0000] {logging_mixin.py:190} INFO - [2024-08-26T15:20:19.429+0000] {dagbag.py:587} INFO - Filling up the DagBag from /home/airflow/.local/lib/python3.12/site-packages/airflow/example_dags/example_task_group_decorator.py
[2024-08-26T15:20:19.456+0000] {processor.py:925} INFO - DAG(s) 'example_task_group_decorator' retrieved from /home/airflow/.local/lib/python3.12/site-packages/airflow/example_dags/example_task_group_decorator.py
[2024-08-26T15:20:19.497+0000] {logging_mixin.py:190} INFO - [2024-08-26T15:20:19.497+0000] {dag.py:3211} INFO - Sync 1 DAGs
[2024-08-26T15:20:19.535+0000] {logging_mixin.py:190} INFO - [2024-08-26T15:20:19.534+0000] {dag.py:4138} INFO - Setting next_dagrun for example_task_group_decorator to 2024-08-25 00:00:00+00:00, run_after=2024-08-26 00:00:00+00:00
[2024-08-26T15:20:19.564+0000] {processor.py:208} INFO - Processing /home/airflow/.local/lib/python3.12/site-packages/airflow/example_dags/example_task_group_decorator.py took 0.147 seconds
[2024-08-26T15:20:57.865+0000] {processor.py:186} INFO - Started process (PID=1244) to work on /home/airflow/.local/lib/python3.12/site-packages/airflow/example_dags/example_task_group_decorator.py
[2024-08-26T15:20:57.867+0000] {processor.py:914} INFO - Processing file /home/airflow/.local/lib/python3.12/site-packages/airflow/example_dags/example_task_group_decorator.py for tasks to queue
[2024-08-26T15:20:57.869+0000] {logging_mixin.py:190} INFO - [2024-08-26T15:20:57.868+0000] {dagbag.py:587} INFO - Filling up the DagBag from /home/airflow/.local/lib/python3.12/site-packages/airflow/example_dags/example_task_group_decorator.py
[2024-08-26T15:20:57.891+0000] {processor.py:925} INFO - DAG(s) 'example_task_group_decorator' retrieved from /home/airflow/.local/lib/python3.12/site-packages/airflow/example_dags/example_task_group_decorator.py
[2024-08-26T15:20:57.927+0000] {logging_mixin.py:190} INFO - [2024-08-26T15:20:57.927+0000] {dag.py:3211} INFO - Sync 1 DAGs
[2024-08-26T15:20:57.960+0000] {logging_mixin.py:190} INFO - [2024-08-26T15:20:57.960+0000] {dag.py:4138} INFO - Setting next_dagrun for example_task_group_decorator to 2024-08-25 00:00:00+00:00, run_after=2024-08-26 00:00:00+00:00
[2024-08-26T15:20:57.987+0000] {processor.py:208} INFO - Processing /home/airflow/.local/lib/python3.12/site-packages/airflow/example_dags/example_task_group_decorator.py took 0.130 seconds
[2024-08-26T15:21:36.870+0000] {processor.py:186} INFO - Started process (PID=1317) to work on /home/airflow/.local/lib/python3.12/site-packages/airflow/example_dags/example_task_group_decorator.py
[2024-08-26T15:21:36.872+0000] {processor.py:914} INFO - Processing file /home/airflow/.local/lib/python3.12/site-packages/airflow/example_dags/example_task_group_decorator.py for tasks to queue
[2024-08-26T15:21:36.874+0000] {logging_mixin.py:190} INFO - [2024-08-26T15:21:36.873+0000] {dagbag.py:587} INFO - Filling up the DagBag from /home/airflow/.local/lib/python3.12/site-packages/airflow/example_dags/example_task_group_decorator.py
[2024-08-26T15:21:36.900+0000] {processor.py:925} INFO - DAG(s) 'example_task_group_decorator' retrieved from /home/airflow/.local/lib/python3.12/site-packages/airflow/example_dags/example_task_group_decorator.py
[2024-08-26T15:21:36.943+0000] {logging_mixin.py:190} INFO - [2024-08-26T15:21:36.943+0000] {dag.py:3211} INFO - Sync 1 DAGs
[2024-08-26T15:21:36.977+0000] {logging_mixin.py:190} INFO - [2024-08-26T15:21:36.977+0000] {dag.py:4138} INFO - Setting next_dagrun for example_task_group_decorator to 2024-08-25 00:00:00+00:00, run_after=2024-08-26 00:00:00+00:00
[2024-08-26T15:21:37.006+0000] {processor.py:208} INFO - Processing /home/airflow/.local/lib/python3.12/site-packages/airflow/example_dags/example_task_group_decorator.py took 0.147 seconds
[2024-08-26T15:22:22.319+0000] {processor.py:186} INFO - Started process (PID=1383) to work on /home/airflow/.local/lib/python3.12/site-packages/airflow/example_dags/example_task_group_decorator.py
[2024-08-26T15:22:22.322+0000] {processor.py:914} INFO - Processing file /home/airflow/.local/lib/python3.12/site-packages/airflow/example_dags/example_task_group_decorator.py for tasks to queue
[2024-08-26T15:22:22.327+0000] {logging_mixin.py:190} INFO - [2024-08-26T15:22:22.326+0000] {dagbag.py:587} INFO - Filling up the DagBag from /home/airflow/.local/lib/python3.12/site-packages/airflow/example_dags/example_task_group_decorator.py
[2024-08-26T15:22:22.378+0000] {processor.py:925} INFO - DAG(s) 'example_task_group_decorator' retrieved from /home/airflow/.local/lib/python3.12/site-packages/airflow/example_dags/example_task_group_decorator.py
[2024-08-26T15:22:22.457+0000] {logging_mixin.py:190} INFO - [2024-08-26T15:22:22.457+0000] {dag.py:3211} INFO - Sync 1 DAGs
[2024-08-26T15:22:22.556+0000] {logging_mixin.py:190} INFO - [2024-08-26T15:22:22.556+0000] {dag.py:4138} INFO - Setting next_dagrun for example_task_group_decorator to 2024-08-25 00:00:00+00:00, run_after=2024-08-26 00:00:00+00:00
[2024-08-26T15:22:22.613+0000] {processor.py:208} INFO - Processing /home/airflow/.local/lib/python3.12/site-packages/airflow/example_dags/example_task_group_decorator.py took 0.311 seconds
[2024-08-26T15:23:18.826+0000] {processor.py:186} INFO - Started process (PID=1455) to work on /home/airflow/.local/lib/python3.12/site-packages/airflow/example_dags/example_task_group_decorator.py
[2024-08-26T15:23:18.828+0000] {processor.py:914} INFO - Processing file /home/airflow/.local/lib/python3.12/site-packages/airflow/example_dags/example_task_group_decorator.py for tasks to queue
[2024-08-26T15:23:18.831+0000] {logging_mixin.py:190} INFO - [2024-08-26T15:23:18.830+0000] {dagbag.py:587} INFO - Filling up the DagBag from /home/airflow/.local/lib/python3.12/site-packages/airflow/example_dags/example_task_group_decorator.py
[2024-08-26T15:23:18.871+0000] {processor.py:925} INFO - DAG(s) 'example_task_group_decorator' retrieved from /home/airflow/.local/lib/python3.12/site-packages/airflow/example_dags/example_task_group_decorator.py
[2024-08-26T15:23:18.929+0000] {logging_mixin.py:190} INFO - [2024-08-26T15:23:18.928+0000] {dag.py:3211} INFO - Sync 1 DAGs
[2024-08-26T15:23:18.984+0000] {logging_mixin.py:190} INFO - [2024-08-26T15:23:18.983+0000] {dag.py:4138} INFO - Setting next_dagrun for example_task_group_decorator to 2024-08-25 00:00:00+00:00, run_after=2024-08-26 00:00:00+00:00
[2024-08-26T15:23:19.022+0000] {processor.py:208} INFO - Processing /home/airflow/.local/lib/python3.12/site-packages/airflow/example_dags/example_task_group_decorator.py took 0.212 seconds
[2024-08-26T15:23:53.752+0000] {processor.py:186} INFO - Started process (PID=1521) to work on /home/airflow/.local/lib/python3.12/site-packages/airflow/example_dags/example_task_group_decorator.py
[2024-08-26T15:23:53.754+0000] {processor.py:914} INFO - Processing file /home/airflow/.local/lib/python3.12/site-packages/airflow/example_dags/example_task_group_decorator.py for tasks to queue
[2024-08-26T15:23:53.757+0000] {logging_mixin.py:190} INFO - [2024-08-26T15:23:53.756+0000] {dagbag.py:587} INFO - Filling up the DagBag from /home/airflow/.local/lib/python3.12/site-packages/airflow/example_dags/example_task_group_decorator.py
[2024-08-26T15:23:53.781+0000] {processor.py:925} INFO - DAG(s) 'example_task_group_decorator' retrieved from /home/airflow/.local/lib/python3.12/site-packages/airflow/example_dags/example_task_group_decorator.py
[2024-08-26T15:23:53.819+0000] {logging_mixin.py:190} INFO - [2024-08-26T15:23:53.818+0000] {dag.py:3211} INFO - Sync 1 DAGs
[2024-08-26T15:23:53.854+0000] {logging_mixin.py:190} INFO - [2024-08-26T15:23:53.853+0000] {dag.py:4138} INFO - Setting next_dagrun for example_task_group_decorator to 2024-08-25 00:00:00+00:00, run_after=2024-08-26 00:00:00+00:00
[2024-08-26T15:23:53.882+0000] {processor.py:208} INFO - Processing /home/airflow/.local/lib/python3.12/site-packages/airflow/example_dags/example_task_group_decorator.py took 0.138 seconds
[2024-08-26T15:24:30.105+0000] {processor.py:186} INFO - Started process (PID=1587) to work on /home/airflow/.local/lib/python3.12/site-packages/airflow/example_dags/example_task_group_decorator.py
[2024-08-26T15:24:30.106+0000] {processor.py:914} INFO - Processing file /home/airflow/.local/lib/python3.12/site-packages/airflow/example_dags/example_task_group_decorator.py for tasks to queue
[2024-08-26T15:24:30.108+0000] {logging_mixin.py:190} INFO - [2024-08-26T15:24:30.107+0000] {dagbag.py:587} INFO - Filling up the DagBag from /home/airflow/.local/lib/python3.12/site-packages/airflow/example_dags/example_task_group_decorator.py
[2024-08-26T15:24:30.131+0000] {processor.py:925} INFO - DAG(s) 'example_task_group_decorator' retrieved from /home/airflow/.local/lib/python3.12/site-packages/airflow/example_dags/example_task_group_decorator.py
[2024-08-26T15:24:30.163+0000] {logging_mixin.py:190} INFO - [2024-08-26T15:24:30.163+0000] {dag.py:3211} INFO - Sync 1 DAGs
[2024-08-26T15:24:30.193+0000] {logging_mixin.py:190} INFO - [2024-08-26T15:24:30.193+0000] {dag.py:4138} INFO - Setting next_dagrun for example_task_group_decorator to 2024-08-25 00:00:00+00:00, run_after=2024-08-26 00:00:00+00:00
[2024-08-26T15:24:30.216+0000] {processor.py:208} INFO - Processing /home/airflow/.local/lib/python3.12/site-packages/airflow/example_dags/example_task_group_decorator.py took 0.119 seconds
[2024-08-26T15:25:07.962+0000] {processor.py:186} INFO - Started process (PID=1658) to work on /home/airflow/.local/lib/python3.12/site-packages/airflow/example_dags/example_task_group_decorator.py
[2024-08-26T15:25:07.963+0000] {processor.py:914} INFO - Processing file /home/airflow/.local/lib/python3.12/site-packages/airflow/example_dags/example_task_group_decorator.py for tasks to queue
[2024-08-26T15:25:07.965+0000] {logging_mixin.py:190} INFO - [2024-08-26T15:25:07.964+0000] {dagbag.py:587} INFO - Filling up the DagBag from /home/airflow/.local/lib/python3.12/site-packages/airflow/example_dags/example_task_group_decorator.py
[2024-08-26T15:25:07.989+0000] {processor.py:925} INFO - DAG(s) 'example_task_group_decorator' retrieved from /home/airflow/.local/lib/python3.12/site-packages/airflow/example_dags/example_task_group_decorator.py
[2024-08-26T15:25:08.029+0000] {logging_mixin.py:190} INFO - [2024-08-26T15:25:08.029+0000] {dag.py:3211} INFO - Sync 1 DAGs
[2024-08-26T15:25:08.064+0000] {logging_mixin.py:190} INFO - [2024-08-26T15:25:08.064+0000] {dag.py:4138} INFO - Setting next_dagrun for example_task_group_decorator to 2024-08-25 00:00:00+00:00, run_after=2024-08-26 00:00:00+00:00
[2024-08-26T15:25:08.092+0000] {processor.py:208} INFO - Processing /home/airflow/.local/lib/python3.12/site-packages/airflow/example_dags/example_task_group_decorator.py took 0.139 seconds
[2024-08-26T15:25:49.516+0000] {processor.py:186} INFO - Started process (PID=1724) to work on /home/airflow/.local/lib/python3.12/site-packages/airflow/example_dags/example_task_group_decorator.py
[2024-08-26T15:25:49.518+0000] {processor.py:914} INFO - Processing file /home/airflow/.local/lib/python3.12/site-packages/airflow/example_dags/example_task_group_decorator.py for tasks to queue
[2024-08-26T15:25:49.521+0000] {logging_mixin.py:190} INFO - [2024-08-26T15:25:49.520+0000] {dagbag.py:587} INFO - Filling up the DagBag from /home/airflow/.local/lib/python3.12/site-packages/airflow/example_dags/example_task_group_decorator.py
[2024-08-26T15:25:49.552+0000] {processor.py:925} INFO - DAG(s) 'example_task_group_decorator' retrieved from /home/airflow/.local/lib/python3.12/site-packages/airflow/example_dags/example_task_group_decorator.py
[2024-08-26T15:25:49.596+0000] {logging_mixin.py:190} INFO - [2024-08-26T15:25:49.596+0000] {dag.py:3211} INFO - Sync 1 DAGs
[2024-08-26T15:25:49.634+0000] {logging_mixin.py:190} INFO - [2024-08-26T15:25:49.634+0000] {dag.py:4138} INFO - Setting next_dagrun for example_task_group_decorator to 2024-08-25 00:00:00+00:00, run_after=2024-08-26 00:00:00+00:00
[2024-08-26T15:25:49.662+0000] {processor.py:208} INFO - Processing /home/airflow/.local/lib/python3.12/site-packages/airflow/example_dags/example_task_group_decorator.py took 0.156 seconds
[2024-08-26T15:27:11.789+0000] {processor.py:186} INFO - Started process (PID=1804) to work on /home/airflow/.local/lib/python3.12/site-packages/airflow/example_dags/example_task_group_decorator.py
[2024-08-26T15:27:11.795+0000] {processor.py:914} INFO - Processing file /home/airflow/.local/lib/python3.12/site-packages/airflow/example_dags/example_task_group_decorator.py for tasks to queue
[2024-08-26T15:27:11.808+0000] {logging_mixin.py:190} INFO - [2024-08-26T15:27:11.805+0000] {dagbag.py:587} INFO - Filling up the DagBag from /home/airflow/.local/lib/python3.12/site-packages/airflow/example_dags/example_task_group_decorator.py
[2024-08-26T15:27:11.912+0000] {processor.py:925} INFO - DAG(s) 'example_task_group_decorator' retrieved from /home/airflow/.local/lib/python3.12/site-packages/airflow/example_dags/example_task_group_decorator.py
[2024-08-26T15:27:12.062+0000] {logging_mixin.py:190} INFO - [2024-08-26T15:27:12.061+0000] {dag.py:3211} INFO - Sync 1 DAGs
[2024-08-26T15:27:12.228+0000] {logging_mixin.py:190} INFO - [2024-08-26T15:27:12.226+0000] {dag.py:4138} INFO - Setting next_dagrun for example_task_group_decorator to 2024-08-25 00:00:00+00:00, run_after=2024-08-26 00:00:00+00:00
[2024-08-26T15:27:12.330+0000] {processor.py:208} INFO - Processing /home/airflow/.local/lib/python3.12/site-packages/airflow/example_dags/example_task_group_decorator.py took 0.602 seconds
[2024-08-26T15:27:49.406+0000] {processor.py:186} INFO - Started process (PID=1870) to work on /home/airflow/.local/lib/python3.12/site-packages/airflow/example_dags/example_task_group_decorator.py
[2024-08-26T15:27:49.410+0000] {processor.py:914} INFO - Processing file /home/airflow/.local/lib/python3.12/site-packages/airflow/example_dags/example_task_group_decorator.py for tasks to queue
[2024-08-26T15:27:49.414+0000] {logging_mixin.py:190} INFO - [2024-08-26T15:27:49.413+0000] {dagbag.py:587} INFO - Filling up the DagBag from /home/airflow/.local/lib/python3.12/site-packages/airflow/example_dags/example_task_group_decorator.py
[2024-08-26T15:27:49.484+0000] {processor.py:925} INFO - DAG(s) 'example_task_group_decorator' retrieved from /home/airflow/.local/lib/python3.12/site-packages/airflow/example_dags/example_task_group_decorator.py
[2024-08-26T15:27:49.589+0000] {logging_mixin.py:190} INFO - [2024-08-26T15:27:49.588+0000] {dag.py:3211} INFO - Sync 1 DAGs
[2024-08-26T15:27:49.706+0000] {logging_mixin.py:190} INFO - [2024-08-26T15:27:49.705+0000] {dag.py:4138} INFO - Setting next_dagrun for example_task_group_decorator to 2024-08-25 00:00:00+00:00, run_after=2024-08-26 00:00:00+00:00
[2024-08-26T15:27:50.185+0000] {processor.py:208} INFO - Processing /home/airflow/.local/lib/python3.12/site-packages/airflow/example_dags/example_task_group_decorator.py took 0.800 seconds
[2024-08-26T15:28:32.461+0000] {processor.py:186} INFO - Started process (PID=1943) to work on /home/airflow/.local/lib/python3.12/site-packages/airflow/example_dags/example_task_group_decorator.py
[2024-08-26T15:28:32.463+0000] {processor.py:914} INFO - Processing file /home/airflow/.local/lib/python3.12/site-packages/airflow/example_dags/example_task_group_decorator.py for tasks to queue
[2024-08-26T15:28:32.466+0000] {logging_mixin.py:190} INFO - [2024-08-26T15:28:32.465+0000] {dagbag.py:587} INFO - Filling up the DagBag from /home/airflow/.local/lib/python3.12/site-packages/airflow/example_dags/example_task_group_decorator.py
[2024-08-26T15:28:32.498+0000] {processor.py:925} INFO - DAG(s) 'example_task_group_decorator' retrieved from /home/airflow/.local/lib/python3.12/site-packages/airflow/example_dags/example_task_group_decorator.py
[2024-08-26T15:28:32.560+0000] {logging_mixin.py:190} INFO - [2024-08-26T15:28:32.560+0000] {dag.py:3211} INFO - Sync 1 DAGs
[2024-08-26T15:28:32.612+0000] {logging_mixin.py:190} INFO - [2024-08-26T15:28:32.612+0000] {dag.py:4138} INFO - Setting next_dagrun for example_task_group_decorator to 2024-08-25 00:00:00+00:00, run_after=2024-08-26 00:00:00+00:00
[2024-08-26T15:28:32.647+0000] {processor.py:208} INFO - Processing /home/airflow/.local/lib/python3.12/site-packages/airflow/example_dags/example_task_group_decorator.py took 0.199 seconds
[2024-08-26T15:29:39.511+0000] {processor.py:186} INFO - Started process (PID=2016) to work on /home/airflow/.local/lib/python3.12/site-packages/airflow/example_dags/example_task_group_decorator.py
[2024-08-26T15:29:39.516+0000] {processor.py:914} INFO - Processing file /home/airflow/.local/lib/python3.12/site-packages/airflow/example_dags/example_task_group_decorator.py for tasks to queue
[2024-08-26T15:29:39.523+0000] {logging_mixin.py:190} INFO - [2024-08-26T15:29:39.521+0000] {dagbag.py:587} INFO - Filling up the DagBag from /home/airflow/.local/lib/python3.12/site-packages/airflow/example_dags/example_task_group_decorator.py
[2024-08-26T15:29:39.597+0000] {processor.py:925} INFO - DAG(s) 'example_task_group_decorator' retrieved from /home/airflow/.local/lib/python3.12/site-packages/airflow/example_dags/example_task_group_decorator.py
[2024-08-26T15:29:39.704+0000] {logging_mixin.py:190} INFO - [2024-08-26T15:29:39.703+0000] {dag.py:3211} INFO - Sync 1 DAGs
[2024-08-26T15:29:39.870+0000] {logging_mixin.py:190} INFO - [2024-08-26T15:29:39.868+0000] {dag.py:4138} INFO - Setting next_dagrun for example_task_group_decorator to 2024-08-25 00:00:00+00:00, run_after=2024-08-26 00:00:00+00:00
[2024-08-26T15:29:39.979+0000] {processor.py:208} INFO - Processing /home/airflow/.local/lib/python3.12/site-packages/airflow/example_dags/example_task_group_decorator.py took 0.492 seconds
[2024-08-26T15:30:53.857+0000] {processor.py:186} INFO - Started process (PID=2091) to work on /home/airflow/.local/lib/python3.12/site-packages/airflow/example_dags/example_task_group_decorator.py
[2024-08-26T15:30:53.862+0000] {processor.py:914} INFO - Processing file /home/airflow/.local/lib/python3.12/site-packages/airflow/example_dags/example_task_group_decorator.py for tasks to queue
[2024-08-26T15:30:53.870+0000] {logging_mixin.py:190} INFO - [2024-08-26T15:30:53.869+0000] {dagbag.py:587} INFO - Filling up the DagBag from /home/airflow/.local/lib/python3.12/site-packages/airflow/example_dags/example_task_group_decorator.py
[2024-08-26T15:30:53.996+0000] {processor.py:925} INFO - DAG(s) 'example_task_group_decorator' retrieved from /home/airflow/.local/lib/python3.12/site-packages/airflow/example_dags/example_task_group_decorator.py
[2024-08-26T15:30:54.112+0000] {logging_mixin.py:190} INFO - [2024-08-26T15:30:54.111+0000] {dag.py:3211} INFO - Sync 1 DAGs
[2024-08-26T15:30:54.230+0000] {logging_mixin.py:190} INFO - [2024-08-26T15:30:54.229+0000] {dag.py:4138} INFO - Setting next_dagrun for example_task_group_decorator to 2024-08-25 00:00:00+00:00, run_after=2024-08-26 00:00:00+00:00
[2024-08-26T15:30:54.298+0000] {processor.py:208} INFO - Processing /home/airflow/.local/lib/python3.12/site-packages/airflow/example_dags/example_task_group_decorator.py took 0.477 seconds
[2024-08-26T15:31:50.505+0000] {processor.py:186} INFO - Started process (PID=2168) to work on /home/airflow/.local/lib/python3.12/site-packages/airflow/example_dags/example_task_group_decorator.py
[2024-08-26T15:31:50.513+0000] {processor.py:914} INFO - Processing file /home/airflow/.local/lib/python3.12/site-packages/airflow/example_dags/example_task_group_decorator.py for tasks to queue
[2024-08-26T15:31:50.526+0000] {logging_mixin.py:190} INFO - [2024-08-26T15:31:50.524+0000] {dagbag.py:587} INFO - Filling up the DagBag from /home/airflow/.local/lib/python3.12/site-packages/airflow/example_dags/example_task_group_decorator.py
[2024-08-26T15:31:50.635+0000] {processor.py:925} INFO - DAG(s) 'example_task_group_decorator' retrieved from /home/airflow/.local/lib/python3.12/site-packages/airflow/example_dags/example_task_group_decorator.py
[2024-08-26T15:31:50.765+0000] {logging_mixin.py:190} INFO - [2024-08-26T15:31:50.764+0000] {dag.py:3211} INFO - Sync 1 DAGs
[2024-08-26T15:31:50.902+0000] {logging_mixin.py:190} INFO - [2024-08-26T15:31:50.901+0000] {dag.py:4138} INFO - Setting next_dagrun for example_task_group_decorator to 2024-08-25 00:00:00+00:00, run_after=2024-08-26 00:00:00+00:00
[2024-08-26T15:31:50.996+0000] {processor.py:208} INFO - Processing /home/airflow/.local/lib/python3.12/site-packages/airflow/example_dags/example_task_group_decorator.py took 0.560 seconds
[2024-08-26T15:32:56.305+0000] {processor.py:186} INFO - Started process (PID=2239) to work on /home/airflow/.local/lib/python3.12/site-packages/airflow/example_dags/example_task_group_decorator.py
[2024-08-26T15:32:56.336+0000] {processor.py:914} INFO - Processing file /home/airflow/.local/lib/python3.12/site-packages/airflow/example_dags/example_task_group_decorator.py for tasks to queue
[2024-08-26T15:32:56.369+0000] {logging_mixin.py:190} INFO - [2024-08-26T15:32:56.368+0000] {dagbag.py:587} INFO - Filling up the DagBag from /home/airflow/.local/lib/python3.12/site-packages/airflow/example_dags/example_task_group_decorator.py
[2024-08-26T15:32:56.550+0000] {processor.py:925} INFO - DAG(s) 'example_task_group_decorator' retrieved from /home/airflow/.local/lib/python3.12/site-packages/airflow/example_dags/example_task_group_decorator.py
[2024-08-26T15:32:56.783+0000] {logging_mixin.py:190} INFO - [2024-08-26T15:32:56.782+0000] {dag.py:3211} INFO - Sync 1 DAGs
[2024-08-26T15:32:56.962+0000] {logging_mixin.py:190} INFO - [2024-08-26T15:32:56.955+0000] {dag.py:4138} INFO - Setting next_dagrun for example_task_group_decorator to 2024-08-25 00:00:00+00:00, run_after=2024-08-26 00:00:00+00:00
[2024-08-26T15:32:57.087+0000] {processor.py:208} INFO - Processing /home/airflow/.local/lib/python3.12/site-packages/airflow/example_dags/example_task_group_decorator.py took 0.916 seconds
[2024-08-26T15:38:54.152+0000] {processor.py:186} INFO - Started process (PID=2368) to work on /home/airflow/.local/lib/python3.12/site-packages/airflow/example_dags/example_task_group_decorator.py
[2024-08-26T15:38:54.158+0000] {processor.py:914} INFO - Processing file /home/airflow/.local/lib/python3.12/site-packages/airflow/example_dags/example_task_group_decorator.py for tasks to queue
[2024-08-26T15:38:54.169+0000] {logging_mixin.py:190} INFO - [2024-08-26T15:38:54.167+0000] {dagbag.py:587} INFO - Filling up the DagBag from /home/airflow/.local/lib/python3.12/site-packages/airflow/example_dags/example_task_group_decorator.py
[2024-08-26T15:38:54.270+0000] {processor.py:925} INFO - DAG(s) 'example_task_group_decorator' retrieved from /home/airflow/.local/lib/python3.12/site-packages/airflow/example_dags/example_task_group_decorator.py
[2024-08-26T15:38:54.558+0000] {logging_mixin.py:190} INFO - [2024-08-26T15:38:54.556+0000] {dag.py:3211} INFO - Sync 1 DAGs
[2024-08-26T15:38:54.702+0000] {logging_mixin.py:190} INFO - [2024-08-26T15:38:54.702+0000] {dag.py:4138} INFO - Setting next_dagrun for example_task_group_decorator to 2024-08-25 00:00:00+00:00, run_after=2024-08-26 00:00:00+00:00
[2024-08-26T15:38:54.822+0000] {processor.py:208} INFO - Processing /home/airflow/.local/lib/python3.12/site-packages/airflow/example_dags/example_task_group_decorator.py took 0.710 seconds
[2024-08-26T15:39:31.811+0000] {processor.py:186} INFO - Started process (PID=2440) to work on /home/airflow/.local/lib/python3.12/site-packages/airflow/example_dags/example_task_group_decorator.py
[2024-08-26T15:39:31.814+0000] {processor.py:914} INFO - Processing file /home/airflow/.local/lib/python3.12/site-packages/airflow/example_dags/example_task_group_decorator.py for tasks to queue
[2024-08-26T15:39:31.817+0000] {logging_mixin.py:190} INFO - [2024-08-26T15:39:31.816+0000] {dagbag.py:587} INFO - Filling up the DagBag from /home/airflow/.local/lib/python3.12/site-packages/airflow/example_dags/example_task_group_decorator.py
[2024-08-26T15:39:31.848+0000] {processor.py:925} INFO - DAG(s) 'example_task_group_decorator' retrieved from /home/airflow/.local/lib/python3.12/site-packages/airflow/example_dags/example_task_group_decorator.py
[2024-08-26T15:39:31.904+0000] {logging_mixin.py:190} INFO - [2024-08-26T15:39:31.903+0000] {dag.py:3211} INFO - Sync 1 DAGs
[2024-08-26T15:39:31.950+0000] {logging_mixin.py:190} INFO - [2024-08-26T15:39:31.949+0000] {dag.py:4138} INFO - Setting next_dagrun for example_task_group_decorator to 2024-08-25 00:00:00+00:00, run_after=2024-08-26 00:00:00+00:00
[2024-08-26T15:39:31.988+0000] {processor.py:208} INFO - Processing /home/airflow/.local/lib/python3.12/site-packages/airflow/example_dags/example_task_group_decorator.py took 0.190 seconds
[2024-08-26T15:40:20.340+0000] {processor.py:186} INFO - Started process (PID=2507) to work on /home/airflow/.local/lib/python3.12/site-packages/airflow/example_dags/example_task_group_decorator.py
[2024-08-26T15:40:20.344+0000] {processor.py:914} INFO - Processing file /home/airflow/.local/lib/python3.12/site-packages/airflow/example_dags/example_task_group_decorator.py for tasks to queue
[2024-08-26T15:40:20.348+0000] {logging_mixin.py:190} INFO - [2024-08-26T15:40:20.347+0000] {dagbag.py:587} INFO - Filling up the DagBag from /home/airflow/.local/lib/python3.12/site-packages/airflow/example_dags/example_task_group_decorator.py
[2024-08-26T15:40:20.387+0000] {processor.py:925} INFO - DAG(s) 'example_task_group_decorator' retrieved from /home/airflow/.local/lib/python3.12/site-packages/airflow/example_dags/example_task_group_decorator.py
[2024-08-26T15:40:20.459+0000] {logging_mixin.py:190} INFO - [2024-08-26T15:40:20.459+0000] {dag.py:3211} INFO - Sync 1 DAGs
[2024-08-26T15:40:20.527+0000] {logging_mixin.py:190} INFO - [2024-08-26T15:40:20.526+0000] {dag.py:4138} INFO - Setting next_dagrun for example_task_group_decorator to 2024-08-25 00:00:00+00:00, run_after=2024-08-26 00:00:00+00:00
[2024-08-26T15:40:20.576+0000] {processor.py:208} INFO - Processing /home/airflow/.local/lib/python3.12/site-packages/airflow/example_dags/example_task_group_decorator.py took 0.254 seconds
[2024-08-26T15:41:09.358+0000] {processor.py:186} INFO - Started process (PID=2579) to work on /home/airflow/.local/lib/python3.12/site-packages/airflow/example_dags/example_task_group_decorator.py
[2024-08-26T15:41:09.362+0000] {processor.py:914} INFO - Processing file /home/airflow/.local/lib/python3.12/site-packages/airflow/example_dags/example_task_group_decorator.py for tasks to queue
[2024-08-26T15:41:09.369+0000] {logging_mixin.py:190} INFO - [2024-08-26T15:41:09.367+0000] {dagbag.py:587} INFO - Filling up the DagBag from /home/airflow/.local/lib/python3.12/site-packages/airflow/example_dags/example_task_group_decorator.py
[2024-08-26T15:41:09.438+0000] {processor.py:925} INFO - DAG(s) 'example_task_group_decorator' retrieved from /home/airflow/.local/lib/python3.12/site-packages/airflow/example_dags/example_task_group_decorator.py
[2024-08-26T15:41:09.525+0000] {logging_mixin.py:190} INFO - [2024-08-26T15:41:09.524+0000] {dag.py:3211} INFO - Sync 1 DAGs
[2024-08-26T15:41:09.595+0000] {logging_mixin.py:190} INFO - [2024-08-26T15:41:09.594+0000] {dag.py:4138} INFO - Setting next_dagrun for example_task_group_decorator to 2024-08-25 00:00:00+00:00, run_after=2024-08-26 00:00:00+00:00
[2024-08-26T15:41:09.660+0000] {processor.py:208} INFO - Processing /home/airflow/.local/lib/python3.12/site-packages/airflow/example_dags/example_task_group_decorator.py took 0.324 seconds
[2024-08-26T15:43:56.143+0000] {processor.py:186} INFO - Started process (PID=2673) to work on /home/airflow/.local/lib/python3.12/site-packages/airflow/example_dags/example_task_group_decorator.py
[2024-08-26T15:43:56.147+0000] {processor.py:914} INFO - Processing file /home/airflow/.local/lib/python3.12/site-packages/airflow/example_dags/example_task_group_decorator.py for tasks to queue
[2024-08-26T15:43:56.153+0000] {logging_mixin.py:190} INFO - [2024-08-26T15:43:56.152+0000] {dagbag.py:587} INFO - Filling up the DagBag from /home/airflow/.local/lib/python3.12/site-packages/airflow/example_dags/example_task_group_decorator.py
[2024-08-26T15:43:56.219+0000] {processor.py:925} INFO - DAG(s) 'example_task_group_decorator' retrieved from /home/airflow/.local/lib/python3.12/site-packages/airflow/example_dags/example_task_group_decorator.py
[2024-08-26T15:43:56.374+0000] {logging_mixin.py:190} INFO - [2024-08-26T15:43:56.373+0000] {dag.py:3211} INFO - Sync 1 DAGs
[2024-08-26T15:43:56.493+0000] {logging_mixin.py:190} INFO - [2024-08-26T15:43:56.491+0000] {dag.py:4138} INFO - Setting next_dagrun for example_task_group_decorator to 2024-08-25 00:00:00+00:00, run_after=2024-08-26 00:00:00+00:00
[2024-08-26T15:43:56.612+0000] {processor.py:208} INFO - Processing /home/airflow/.local/lib/python3.12/site-packages/airflow/example_dags/example_task_group_decorator.py took 0.495 seconds
[2024-08-26T15:44:39.698+0000] {processor.py:186} INFO - Started process (PID=2746) to work on /home/airflow/.local/lib/python3.12/site-packages/airflow/example_dags/example_task_group_decorator.py
[2024-08-26T15:44:39.701+0000] {processor.py:914} INFO - Processing file /home/airflow/.local/lib/python3.12/site-packages/airflow/example_dags/example_task_group_decorator.py for tasks to queue
[2024-08-26T15:44:39.705+0000] {logging_mixin.py:190} INFO - [2024-08-26T15:44:39.704+0000] {dagbag.py:587} INFO - Filling up the DagBag from /home/airflow/.local/lib/python3.12/site-packages/airflow/example_dags/example_task_group_decorator.py
[2024-08-26T15:44:39.741+0000] {processor.py:925} INFO - DAG(s) 'example_task_group_decorator' retrieved from /home/airflow/.local/lib/python3.12/site-packages/airflow/example_dags/example_task_group_decorator.py
[2024-08-26T15:44:39.808+0000] {logging_mixin.py:190} INFO - [2024-08-26T15:44:39.807+0000] {dag.py:3211} INFO - Sync 1 DAGs
[2024-08-26T15:44:39.880+0000] {logging_mixin.py:190} INFO - [2024-08-26T15:44:39.879+0000] {dag.py:4138} INFO - Setting next_dagrun for example_task_group_decorator to 2024-08-25 00:00:00+00:00, run_after=2024-08-26 00:00:00+00:00
[2024-08-26T15:44:39.921+0000] {processor.py:208} INFO - Processing /home/airflow/.local/lib/python3.12/site-packages/airflow/example_dags/example_task_group_decorator.py took 0.238 seconds
[2024-08-26T15:45:17.093+0000] {processor.py:186} INFO - Started process (PID=2812) to work on /home/airflow/.local/lib/python3.12/site-packages/airflow/example_dags/example_task_group_decorator.py
[2024-08-26T15:45:17.095+0000] {processor.py:914} INFO - Processing file /home/airflow/.local/lib/python3.12/site-packages/airflow/example_dags/example_task_group_decorator.py for tasks to queue
[2024-08-26T15:45:17.097+0000] {logging_mixin.py:190} INFO - [2024-08-26T15:45:17.096+0000] {dagbag.py:587} INFO - Filling up the DagBag from /home/airflow/.local/lib/python3.12/site-packages/airflow/example_dags/example_task_group_decorator.py
[2024-08-26T15:45:17.120+0000] {processor.py:925} INFO - DAG(s) 'example_task_group_decorator' retrieved from /home/airflow/.local/lib/python3.12/site-packages/airflow/example_dags/example_task_group_decorator.py
[2024-08-26T15:45:17.161+0000] {logging_mixin.py:190} INFO - [2024-08-26T15:45:17.161+0000] {dag.py:3211} INFO - Sync 1 DAGs
[2024-08-26T15:45:17.194+0000] {logging_mixin.py:190} INFO - [2024-08-26T15:45:17.194+0000] {dag.py:4138} INFO - Setting next_dagrun for example_task_group_decorator to 2024-08-25 00:00:00+00:00, run_after=2024-08-26 00:00:00+00:00
[2024-08-26T15:45:17.219+0000] {processor.py:208} INFO - Processing /home/airflow/.local/lib/python3.12/site-packages/airflow/example_dags/example_task_group_decorator.py took 0.136 seconds
[2024-08-26T15:46:00.413+0000] {processor.py:186} INFO - Started process (PID=2878) to work on /home/airflow/.local/lib/python3.12/site-packages/airflow/example_dags/example_task_group_decorator.py
[2024-08-26T15:46:00.416+0000] {processor.py:914} INFO - Processing file /home/airflow/.local/lib/python3.12/site-packages/airflow/example_dags/example_task_group_decorator.py for tasks to queue
[2024-08-26T15:46:00.423+0000] {logging_mixin.py:190} INFO - [2024-08-26T15:46:00.421+0000] {dagbag.py:587} INFO - Filling up the DagBag from /home/airflow/.local/lib/python3.12/site-packages/airflow/example_dags/example_task_group_decorator.py
[2024-08-26T15:46:00.517+0000] {processor.py:925} INFO - DAG(s) 'example_task_group_decorator' retrieved from /home/airflow/.local/lib/python3.12/site-packages/airflow/example_dags/example_task_group_decorator.py
[2024-08-26T15:46:00.611+0000] {logging_mixin.py:190} INFO - [2024-08-26T15:46:00.611+0000] {dag.py:3211} INFO - Sync 1 DAGs
[2024-08-26T15:46:00.667+0000] {logging_mixin.py:190} INFO - [2024-08-26T15:46:00.667+0000] {dag.py:4138} INFO - Setting next_dagrun for example_task_group_decorator to 2024-08-25 00:00:00+00:00, run_after=2024-08-26 00:00:00+00:00
[2024-08-26T15:46:00.715+0000] {processor.py:208} INFO - Processing /home/airflow/.local/lib/python3.12/site-packages/airflow/example_dags/example_task_group_decorator.py took 0.337 seconds
[2024-08-26T15:48:04.338+0000] {processor.py:186} INFO - Started process (PID=2966) to work on /home/airflow/.local/lib/python3.12/site-packages/airflow/example_dags/example_task_group_decorator.py
[2024-08-26T15:48:04.344+0000] {processor.py:914} INFO - Processing file /home/airflow/.local/lib/python3.12/site-packages/airflow/example_dags/example_task_group_decorator.py for tasks to queue
[2024-08-26T15:48:04.350+0000] {logging_mixin.py:190} INFO - [2024-08-26T15:48:04.349+0000] {dagbag.py:587} INFO - Filling up the DagBag from /home/airflow/.local/lib/python3.12/site-packages/airflow/example_dags/example_task_group_decorator.py
[2024-08-26T15:48:04.401+0000] {processor.py:925} INFO - DAG(s) 'example_task_group_decorator' retrieved from /home/airflow/.local/lib/python3.12/site-packages/airflow/example_dags/example_task_group_decorator.py
[2024-08-26T15:48:04.841+0000] {logging_mixin.py:190} INFO - [2024-08-26T15:48:04.815+0000] {dag.py:3211} INFO - Sync 1 DAGs
[2024-08-26T15:48:05.438+0000] {logging_mixin.py:190} INFO - [2024-08-26T15:48:05.436+0000] {dag.py:4138} INFO - Setting next_dagrun for example_task_group_decorator to 2024-08-25 00:00:00+00:00, run_after=2024-08-26 00:00:00+00:00
[2024-08-26T15:48:05.528+0000] {processor.py:208} INFO - Processing /home/airflow/.local/lib/python3.12/site-packages/airflow/example_dags/example_task_group_decorator.py took 1.220 seconds
[2024-08-26T15:50:56.564+0000] {processor.py:186} INFO - Started process (PID=3065) to work on /home/airflow/.local/lib/python3.12/site-packages/airflow/example_dags/example_task_group_decorator.py
[2024-08-26T15:50:56.573+0000] {processor.py:914} INFO - Processing file /home/airflow/.local/lib/python3.12/site-packages/airflow/example_dags/example_task_group_decorator.py for tasks to queue
[2024-08-26T15:50:56.591+0000] {logging_mixin.py:190} INFO - [2024-08-26T15:50:56.589+0000] {dagbag.py:587} INFO - Filling up the DagBag from /home/airflow/.local/lib/python3.12/site-packages/airflow/example_dags/example_task_group_decorator.py
[2024-08-26T15:50:56.747+0000] {processor.py:925} INFO - DAG(s) 'example_task_group_decorator' retrieved from /home/airflow/.local/lib/python3.12/site-packages/airflow/example_dags/example_task_group_decorator.py
[2024-08-26T15:50:57.382+0000] {logging_mixin.py:190} INFO - [2024-08-26T15:50:57.381+0000] {dag.py:3211} INFO - Sync 1 DAGs
[2024-08-26T15:50:57.762+0000] {logging_mixin.py:190} INFO - [2024-08-26T15:50:57.760+0000] {dag.py:4138} INFO - Setting next_dagrun for example_task_group_decorator to 2024-08-25 00:00:00+00:00, run_after=2024-08-26 00:00:00+00:00
[2024-08-26T15:50:57.944+0000] {processor.py:208} INFO - Processing /home/airflow/.local/lib/python3.12/site-packages/airflow/example_dags/example_task_group_decorator.py took 1.444 seconds
[2024-08-26T15:51:49.903+0000] {processor.py:186} INFO - Started process (PID=3137) to work on /home/airflow/.local/lib/python3.12/site-packages/airflow/example_dags/example_task_group_decorator.py
[2024-08-26T15:51:49.906+0000] {processor.py:914} INFO - Processing file /home/airflow/.local/lib/python3.12/site-packages/airflow/example_dags/example_task_group_decorator.py for tasks to queue
[2024-08-26T15:51:49.910+0000] {logging_mixin.py:190} INFO - [2024-08-26T15:51:49.909+0000] {dagbag.py:587} INFO - Filling up the DagBag from /home/airflow/.local/lib/python3.12/site-packages/airflow/example_dags/example_task_group_decorator.py
[2024-08-26T15:51:49.949+0000] {processor.py:925} INFO - DAG(s) 'example_task_group_decorator' retrieved from /home/airflow/.local/lib/python3.12/site-packages/airflow/example_dags/example_task_group_decorator.py
[2024-08-26T15:51:50.026+0000] {logging_mixin.py:190} INFO - [2024-08-26T15:51:50.025+0000] {dag.py:3211} INFO - Sync 1 DAGs
[2024-08-26T15:51:50.090+0000] {logging_mixin.py:190} INFO - [2024-08-26T15:51:50.089+0000] {dag.py:4138} INFO - Setting next_dagrun for example_task_group_decorator to 2024-08-25 00:00:00+00:00, run_after=2024-08-26 00:00:00+00:00
[2024-08-26T15:51:50.134+0000] {processor.py:208} INFO - Processing /home/airflow/.local/lib/python3.12/site-packages/airflow/example_dags/example_task_group_decorator.py took 0.249 seconds
[2024-08-26T15:52:31.389+0000] {processor.py:186} INFO - Started process (PID=3204) to work on /home/airflow/.local/lib/python3.12/site-packages/airflow/example_dags/example_task_group_decorator.py
[2024-08-26T15:52:31.391+0000] {processor.py:914} INFO - Processing file /home/airflow/.local/lib/python3.12/site-packages/airflow/example_dags/example_task_group_decorator.py for tasks to queue
[2024-08-26T15:52:31.395+0000] {logging_mixin.py:190} INFO - [2024-08-26T15:52:31.394+0000] {dagbag.py:587} INFO - Filling up the DagBag from /home/airflow/.local/lib/python3.12/site-packages/airflow/example_dags/example_task_group_decorator.py
[2024-08-26T15:52:31.430+0000] {processor.py:925} INFO - DAG(s) 'example_task_group_decorator' retrieved from /home/airflow/.local/lib/python3.12/site-packages/airflow/example_dags/example_task_group_decorator.py
[2024-08-26T15:52:31.499+0000] {logging_mixin.py:190} INFO - [2024-08-26T15:52:31.498+0000] {dag.py:3211} INFO - Sync 1 DAGs
[2024-08-26T15:52:31.555+0000] {logging_mixin.py:190} INFO - [2024-08-26T15:52:31.555+0000] {dag.py:4138} INFO - Setting next_dagrun for example_task_group_decorator to 2024-08-25 00:00:00+00:00, run_after=2024-08-26 00:00:00+00:00
[2024-08-26T15:52:31.600+0000] {processor.py:208} INFO - Processing /home/airflow/.local/lib/python3.12/site-packages/airflow/example_dags/example_task_group_decorator.py took 0.225 seconds
