[2024-08-26T10:34:44.646+0000] {processor.py:186} INFO - Started process (PID=87) to work on /home/airflow/.local/lib/python3.12/site-packages/airflow/example_dags/example_bash_operator.py
[2024-08-26T10:34:44.648+0000] {processor.py:914} INFO - Processing file /home/airflow/.local/lib/python3.12/site-packages/airflow/example_dags/example_bash_operator.py for tasks to queue
[2024-08-26T10:34:44.651+0000] {logging_mixin.py:190} INFO - [2024-08-26T10:34:44.651+0000] {dagbag.py:587} INFO - Filling up the DagBag from /home/airflow/.local/lib/python3.12/site-packages/airflow/example_dags/example_bash_operator.py
[2024-08-26T10:34:44.670+0000] {processor.py:925} INFO - DAG(s) 'example_bash_operator' retrieved from /home/airflow/.local/lib/python3.12/site-packages/airflow/example_dags/example_bash_operator.py
[2024-08-26T10:34:44.717+0000] {logging_mixin.py:190} INFO - [2024-08-26T10:34:44.716+0000] {dag.py:3211} INFO - Sync 1 DAGs
[2024-08-26T10:34:44.749+0000] {logging_mixin.py:190} INFO - [2024-08-26T10:34:44.749+0000] {dag.py:4138} INFO - Setting next_dagrun for example_bash_operator to 2024-08-25 00:00:00+00:00, run_after=2024-08-26 00:00:00+00:00
[2024-08-26T10:34:44.773+0000] {processor.py:208} INFO - Processing /home/airflow/.local/lib/python3.12/site-packages/airflow/example_dags/example_bash_operator.py took 0.135 seconds
[2024-08-26T10:35:27.478+0000] {processor.py:186} INFO - Started process (PID=159) to work on /home/airflow/.local/lib/python3.12/site-packages/airflow/example_dags/example_bash_operator.py
[2024-08-26T10:35:27.480+0000] {processor.py:914} INFO - Processing file /home/airflow/.local/lib/python3.12/site-packages/airflow/example_dags/example_bash_operator.py for tasks to queue
[2024-08-26T10:35:27.483+0000] {logging_mixin.py:190} INFO - [2024-08-26T10:35:27.482+0000] {dagbag.py:587} INFO - Filling up the DagBag from /home/airflow/.local/lib/python3.12/site-packages/airflow/example_dags/example_bash_operator.py
[2024-08-26T10:35:27.504+0000] {processor.py:925} INFO - DAG(s) 'example_bash_operator' retrieved from /home/airflow/.local/lib/python3.12/site-packages/airflow/example_dags/example_bash_operator.py
[2024-08-26T10:35:27.545+0000] {logging_mixin.py:190} INFO - [2024-08-26T10:35:27.545+0000] {dag.py:3211} INFO - Sync 1 DAGs
[2024-08-26T10:35:27.584+0000] {logging_mixin.py:190} INFO - [2024-08-26T10:35:27.583+0000] {dag.py:4138} INFO - Setting next_dagrun for example_bash_operator to 2024-08-25 00:00:00+00:00, run_after=2024-08-26 00:00:00+00:00
[2024-08-26T10:35:27.616+0000] {processor.py:208} INFO - Processing /home/airflow/.local/lib/python3.12/site-packages/airflow/example_dags/example_bash_operator.py took 0.146 seconds
[2024-08-26T10:38:04.038+0000] {processor.py:186} INFO - Started process (PID=87) to work on /home/airflow/.local/lib/python3.12/site-packages/airflow/example_dags/example_bash_operator.py
[2024-08-26T10:38:04.040+0000] {processor.py:914} INFO - Processing file /home/airflow/.local/lib/python3.12/site-packages/airflow/example_dags/example_bash_operator.py for tasks to queue
[2024-08-26T10:38:04.045+0000] {logging_mixin.py:190} INFO - [2024-08-26T10:38:04.044+0000] {dagbag.py:587} INFO - Filling up the DagBag from /home/airflow/.local/lib/python3.12/site-packages/airflow/example_dags/example_bash_operator.py
[2024-08-26T10:38:04.064+0000] {processor.py:925} INFO - DAG(s) 'example_bash_operator' retrieved from /home/airflow/.local/lib/python3.12/site-packages/airflow/example_dags/example_bash_operator.py
[2024-08-26T10:38:04.109+0000] {logging_mixin.py:190} INFO - [2024-08-26T10:38:04.108+0000] {dag.py:3211} INFO - Sync 1 DAGs
[2024-08-26T10:38:04.142+0000] {logging_mixin.py:190} INFO - [2024-08-26T10:38:04.141+0000] {dag.py:4138} INFO - Setting next_dagrun for example_bash_operator to 2024-08-25 00:00:00+00:00, run_after=2024-08-26 00:00:00+00:00
[2024-08-26T10:38:04.168+0000] {processor.py:208} INFO - Processing /home/airflow/.local/lib/python3.12/site-packages/airflow/example_dags/example_bash_operator.py took 0.142 seconds
[2024-08-26T10:38:43.703+0000] {processor.py:186} INFO - Started process (PID=153) to work on /home/airflow/.local/lib/python3.12/site-packages/airflow/example_dags/example_bash_operator.py
[2024-08-26T10:38:43.705+0000] {processor.py:914} INFO - Processing file /home/airflow/.local/lib/python3.12/site-packages/airflow/example_dags/example_bash_operator.py for tasks to queue
[2024-08-26T10:38:43.709+0000] {logging_mixin.py:190} INFO - [2024-08-26T10:38:43.708+0000] {dagbag.py:587} INFO - Filling up the DagBag from /home/airflow/.local/lib/python3.12/site-packages/airflow/example_dags/example_bash_operator.py
[2024-08-26T10:38:43.727+0000] {processor.py:925} INFO - DAG(s) 'example_bash_operator' retrieved from /home/airflow/.local/lib/python3.12/site-packages/airflow/example_dags/example_bash_operator.py
[2024-08-26T10:38:43.769+0000] {logging_mixin.py:190} INFO - [2024-08-26T10:38:43.769+0000] {dag.py:3211} INFO - Sync 1 DAGs
[2024-08-26T10:38:43.806+0000] {logging_mixin.py:190} INFO - [2024-08-26T10:38:43.806+0000] {dag.py:4138} INFO - Setting next_dagrun for example_bash_operator to 2024-08-25 00:00:00+00:00, run_after=2024-08-26 00:00:00+00:00
[2024-08-26T10:38:43.832+0000] {processor.py:208} INFO - Processing /home/airflow/.local/lib/python3.12/site-packages/airflow/example_dags/example_bash_operator.py took 0.138 seconds
[2024-08-26T10:39:22.559+0000] {processor.py:186} INFO - Started process (PID=219) to work on /home/airflow/.local/lib/python3.12/site-packages/airflow/example_dags/example_bash_operator.py
[2024-08-26T10:39:22.561+0000] {processor.py:914} INFO - Processing file /home/airflow/.local/lib/python3.12/site-packages/airflow/example_dags/example_bash_operator.py for tasks to queue
[2024-08-26T10:39:22.565+0000] {logging_mixin.py:190} INFO - [2024-08-26T10:39:22.564+0000] {dagbag.py:587} INFO - Filling up the DagBag from /home/airflow/.local/lib/python3.12/site-packages/airflow/example_dags/example_bash_operator.py
[2024-08-26T10:39:22.583+0000] {processor.py:925} INFO - DAG(s) 'example_bash_operator' retrieved from /home/airflow/.local/lib/python3.12/site-packages/airflow/example_dags/example_bash_operator.py
[2024-08-26T10:39:22.631+0000] {logging_mixin.py:190} INFO - [2024-08-26T10:39:22.630+0000] {dag.py:3211} INFO - Sync 1 DAGs
[2024-08-26T10:39:22.671+0000] {logging_mixin.py:190} INFO - [2024-08-26T10:39:22.671+0000] {dag.py:4138} INFO - Setting next_dagrun for example_bash_operator to 2024-08-25 00:00:00+00:00, run_after=2024-08-26 00:00:00+00:00
[2024-08-26T10:39:22.699+0000] {processor.py:208} INFO - Processing /home/airflow/.local/lib/python3.12/site-packages/airflow/example_dags/example_bash_operator.py took 0.149 seconds
[2024-08-26T10:40:02.177+0000] {processor.py:186} INFO - Started process (PID=293) to work on /home/airflow/.local/lib/python3.12/site-packages/airflow/example_dags/example_bash_operator.py
[2024-08-26T10:40:02.179+0000] {processor.py:914} INFO - Processing file /home/airflow/.local/lib/python3.12/site-packages/airflow/example_dags/example_bash_operator.py for tasks to queue
[2024-08-26T10:40:02.182+0000] {logging_mixin.py:190} INFO - [2024-08-26T10:40:02.182+0000] {dagbag.py:587} INFO - Filling up the DagBag from /home/airflow/.local/lib/python3.12/site-packages/airflow/example_dags/example_bash_operator.py
[2024-08-26T10:40:02.203+0000] {processor.py:925} INFO - DAG(s) 'example_bash_operator' retrieved from /home/airflow/.local/lib/python3.12/site-packages/airflow/example_dags/example_bash_operator.py
[2024-08-26T10:40:02.244+0000] {logging_mixin.py:190} INFO - [2024-08-26T10:40:02.243+0000] {dag.py:3211} INFO - Sync 1 DAGs
[2024-08-26T10:40:02.278+0000] {logging_mixin.py:190} INFO - [2024-08-26T10:40:02.278+0000] {dag.py:4138} INFO - Setting next_dagrun for example_bash_operator to 2024-08-25 00:00:00+00:00, run_after=2024-08-26 00:00:00+00:00
[2024-08-26T10:40:02.305+0000] {processor.py:208} INFO - Processing /home/airflow/.local/lib/python3.12/site-packages/airflow/example_dags/example_bash_operator.py took 0.138 seconds
[2024-08-26T10:40:45.783+0000] {processor.py:186} INFO - Started process (PID=361) to work on /home/airflow/.local/lib/python3.12/site-packages/airflow/example_dags/example_bash_operator.py
[2024-08-26T10:40:45.785+0000] {processor.py:914} INFO - Processing file /home/airflow/.local/lib/python3.12/site-packages/airflow/example_dags/example_bash_operator.py for tasks to queue
[2024-08-26T10:40:45.788+0000] {logging_mixin.py:190} INFO - [2024-08-26T10:40:45.787+0000] {dagbag.py:587} INFO - Filling up the DagBag from /home/airflow/.local/lib/python3.12/site-packages/airflow/example_dags/example_bash_operator.py
[2024-08-26T10:40:45.806+0000] {processor.py:925} INFO - DAG(s) 'example_bash_operator' retrieved from /home/airflow/.local/lib/python3.12/site-packages/airflow/example_dags/example_bash_operator.py
[2024-08-26T10:40:45.866+0000] {logging_mixin.py:190} INFO - [2024-08-26T10:40:45.866+0000] {dag.py:3211} INFO - Sync 1 DAGs
[2024-08-26T10:40:45.898+0000] {logging_mixin.py:190} INFO - [2024-08-26T10:40:45.898+0000] {dag.py:4138} INFO - Setting next_dagrun for example_bash_operator to 2024-08-25 00:00:00+00:00, run_after=2024-08-26 00:00:00+00:00
[2024-08-26T10:40:45.921+0000] {processor.py:208} INFO - Processing /home/airflow/.local/lib/python3.12/site-packages/airflow/example_dags/example_bash_operator.py took 0.146 seconds
[2024-08-26T10:41:22.848+0000] {processor.py:186} INFO - Started process (PID=426) to work on /home/airflow/.local/lib/python3.12/site-packages/airflow/example_dags/example_bash_operator.py
[2024-08-26T10:41:22.849+0000] {processor.py:914} INFO - Processing file /home/airflow/.local/lib/python3.12/site-packages/airflow/example_dags/example_bash_operator.py for tasks to queue
[2024-08-26T10:41:22.853+0000] {logging_mixin.py:190} INFO - [2024-08-26T10:41:22.852+0000] {dagbag.py:587} INFO - Filling up the DagBag from /home/airflow/.local/lib/python3.12/site-packages/airflow/example_dags/example_bash_operator.py
[2024-08-26T10:41:22.871+0000] {processor.py:925} INFO - DAG(s) 'example_bash_operator' retrieved from /home/airflow/.local/lib/python3.12/site-packages/airflow/example_dags/example_bash_operator.py
[2024-08-26T10:41:22.912+0000] {logging_mixin.py:190} INFO - [2024-08-26T10:41:22.912+0000] {dag.py:3211} INFO - Sync 1 DAGs
[2024-08-26T10:41:22.947+0000] {logging_mixin.py:190} INFO - [2024-08-26T10:41:22.946+0000] {dag.py:4138} INFO - Setting next_dagrun for example_bash_operator to 2024-08-25 00:00:00+00:00, run_after=2024-08-26 00:00:00+00:00
[2024-08-26T10:41:22.972+0000] {processor.py:208} INFO - Processing /home/airflow/.local/lib/python3.12/site-packages/airflow/example_dags/example_bash_operator.py took 0.132 seconds
[2024-08-26T10:42:08.534+0000] {processor.py:186} INFO - Started process (PID=498) to work on /home/airflow/.local/lib/python3.12/site-packages/airflow/example_dags/example_bash_operator.py
[2024-08-26T10:42:08.537+0000] {processor.py:914} INFO - Processing file /home/airflow/.local/lib/python3.12/site-packages/airflow/example_dags/example_bash_operator.py for tasks to queue
[2024-08-26T10:42:08.541+0000] {logging_mixin.py:190} INFO - [2024-08-26T10:42:08.540+0000] {dagbag.py:587} INFO - Filling up the DagBag from /home/airflow/.local/lib/python3.12/site-packages/airflow/example_dags/example_bash_operator.py
[2024-08-26T10:42:08.569+0000] {processor.py:925} INFO - DAG(s) 'example_bash_operator' retrieved from /home/airflow/.local/lib/python3.12/site-packages/airflow/example_dags/example_bash_operator.py
[2024-08-26T10:42:08.617+0000] {logging_mixin.py:190} INFO - [2024-08-26T10:42:08.617+0000] {dag.py:3211} INFO - Sync 1 DAGs
[2024-08-26T10:42:08.664+0000] {logging_mixin.py:190} INFO - [2024-08-26T10:42:08.663+0000] {dag.py:4138} INFO - Setting next_dagrun for example_bash_operator to 2024-08-25 00:00:00+00:00, run_after=2024-08-26 00:00:00+00:00
[2024-08-26T10:42:08.688+0000] {processor.py:208} INFO - Processing /home/airflow/.local/lib/python3.12/site-packages/airflow/example_dags/example_bash_operator.py took 0.170 seconds
[2024-08-26T10:42:54.231+0000] {processor.py:186} INFO - Started process (PID=566) to work on /home/airflow/.local/lib/python3.12/site-packages/airflow/example_dags/example_bash_operator.py
[2024-08-26T10:42:54.233+0000] {processor.py:914} INFO - Processing file /home/airflow/.local/lib/python3.12/site-packages/airflow/example_dags/example_bash_operator.py for tasks to queue
[2024-08-26T10:42:54.235+0000] {logging_mixin.py:190} INFO - [2024-08-26T10:42:54.234+0000] {dagbag.py:587} INFO - Filling up the DagBag from /home/airflow/.local/lib/python3.12/site-packages/airflow/example_dags/example_bash_operator.py
[2024-08-26T10:42:54.256+0000] {processor.py:925} INFO - DAG(s) 'example_bash_operator' retrieved from /home/airflow/.local/lib/python3.12/site-packages/airflow/example_dags/example_bash_operator.py
[2024-08-26T10:42:54.324+0000] {logging_mixin.py:190} INFO - [2024-08-26T10:42:54.324+0000] {dag.py:3211} INFO - Sync 1 DAGs
[2024-08-26T10:42:54.368+0000] {logging_mixin.py:190} INFO - [2024-08-26T10:42:54.368+0000] {dag.py:4138} INFO - Setting next_dagrun for example_bash_operator to 2024-08-25 00:00:00+00:00, run_after=2024-08-26 00:00:00+00:00
[2024-08-26T10:42:54.402+0000] {processor.py:208} INFO - Processing /home/airflow/.local/lib/python3.12/site-packages/airflow/example_dags/example_bash_operator.py took 0.180 seconds
[2024-08-26T10:43:37.025+0000] {processor.py:186} INFO - Started process (PID=644) to work on /home/airflow/.local/lib/python3.12/site-packages/airflow/example_dags/example_bash_operator.py
[2024-08-26T10:43:37.027+0000] {processor.py:914} INFO - Processing file /home/airflow/.local/lib/python3.12/site-packages/airflow/example_dags/example_bash_operator.py for tasks to queue
[2024-08-26T10:43:37.029+0000] {logging_mixin.py:190} INFO - [2024-08-26T10:43:37.029+0000] {dagbag.py:587} INFO - Filling up the DagBag from /home/airflow/.local/lib/python3.12/site-packages/airflow/example_dags/example_bash_operator.py
[2024-08-26T10:43:37.048+0000] {processor.py:925} INFO - DAG(s) 'example_bash_operator' retrieved from /home/airflow/.local/lib/python3.12/site-packages/airflow/example_dags/example_bash_operator.py
[2024-08-26T10:43:37.092+0000] {logging_mixin.py:190} INFO - [2024-08-26T10:43:37.092+0000] {dag.py:3211} INFO - Sync 1 DAGs
[2024-08-26T10:43:37.130+0000] {logging_mixin.py:190} INFO - [2024-08-26T10:43:37.129+0000] {dag.py:4138} INFO - Setting next_dagrun for example_bash_operator to 2024-08-25 00:00:00+00:00, run_after=2024-08-26 00:00:00+00:00
[2024-08-26T10:43:37.155+0000] {processor.py:208} INFO - Processing /home/airflow/.local/lib/python3.12/site-packages/airflow/example_dags/example_bash_operator.py took 0.138 seconds
[2024-08-26T10:44:14.417+0000] {processor.py:186} INFO - Started process (PID=710) to work on /home/airflow/.local/lib/python3.12/site-packages/airflow/example_dags/example_bash_operator.py
[2024-08-26T10:44:14.419+0000] {processor.py:914} INFO - Processing file /home/airflow/.local/lib/python3.12/site-packages/airflow/example_dags/example_bash_operator.py for tasks to queue
[2024-08-26T10:44:14.422+0000] {logging_mixin.py:190} INFO - [2024-08-26T10:44:14.421+0000] {dagbag.py:587} INFO - Filling up the DagBag from /home/airflow/.local/lib/python3.12/site-packages/airflow/example_dags/example_bash_operator.py
[2024-08-26T10:44:14.456+0000] {processor.py:925} INFO - DAG(s) 'example_bash_operator' retrieved from /home/airflow/.local/lib/python3.12/site-packages/airflow/example_dags/example_bash_operator.py
[2024-08-26T10:44:14.519+0000] {logging_mixin.py:190} INFO - [2024-08-26T10:44:14.518+0000] {dag.py:3211} INFO - Sync 1 DAGs
[2024-08-26T10:44:14.561+0000] {logging_mixin.py:190} INFO - [2024-08-26T10:44:14.560+0000] {dag.py:4138} INFO - Setting next_dagrun for example_bash_operator to 2024-08-25 00:00:00+00:00, run_after=2024-08-26 00:00:00+00:00
[2024-08-26T10:44:14.591+0000] {processor.py:208} INFO - Processing /home/airflow/.local/lib/python3.12/site-packages/airflow/example_dags/example_bash_operator.py took 0.188 seconds
[2024-08-26T10:44:54.014+0000] {processor.py:186} INFO - Started process (PID=777) to work on /home/airflow/.local/lib/python3.12/site-packages/airflow/example_dags/example_bash_operator.py
[2024-08-26T10:44:54.015+0000] {processor.py:914} INFO - Processing file /home/airflow/.local/lib/python3.12/site-packages/airflow/example_dags/example_bash_operator.py for tasks to queue
[2024-08-26T10:44:54.018+0000] {logging_mixin.py:190} INFO - [2024-08-26T10:44:54.017+0000] {dagbag.py:587} INFO - Filling up the DagBag from /home/airflow/.local/lib/python3.12/site-packages/airflow/example_dags/example_bash_operator.py
[2024-08-26T10:44:54.036+0000] {processor.py:925} INFO - DAG(s) 'example_bash_operator' retrieved from /home/airflow/.local/lib/python3.12/site-packages/airflow/example_dags/example_bash_operator.py
[2024-08-26T10:44:54.079+0000] {logging_mixin.py:190} INFO - [2024-08-26T10:44:54.079+0000] {dag.py:3211} INFO - Sync 1 DAGs
[2024-08-26T10:44:54.116+0000] {logging_mixin.py:190} INFO - [2024-08-26T10:44:54.116+0000] {dag.py:4138} INFO - Setting next_dagrun for example_bash_operator to 2024-08-25 00:00:00+00:00, run_after=2024-08-26 00:00:00+00:00
[2024-08-26T10:44:54.141+0000] {processor.py:208} INFO - Processing /home/airflow/.local/lib/python3.12/site-packages/airflow/example_dags/example_bash_operator.py took 0.136 seconds
[2024-08-26T10:45:35.151+0000] {processor.py:186} INFO - Started process (PID=858) to work on /home/airflow/.local/lib/python3.12/site-packages/airflow/example_dags/example_bash_operator.py
[2024-08-26T10:45:35.154+0000] {processor.py:914} INFO - Processing file /home/airflow/.local/lib/python3.12/site-packages/airflow/example_dags/example_bash_operator.py for tasks to queue
[2024-08-26T10:45:35.156+0000] {logging_mixin.py:190} INFO - [2024-08-26T10:45:35.156+0000] {dagbag.py:587} INFO - Filling up the DagBag from /home/airflow/.local/lib/python3.12/site-packages/airflow/example_dags/example_bash_operator.py
[2024-08-26T10:45:35.182+0000] {processor.py:925} INFO - DAG(s) 'example_bash_operator' retrieved from /home/airflow/.local/lib/python3.12/site-packages/airflow/example_dags/example_bash_operator.py
[2024-08-26T10:45:35.242+0000] {logging_mixin.py:190} INFO - [2024-08-26T10:45:35.241+0000] {dag.py:3211} INFO - Sync 1 DAGs
[2024-08-26T10:45:35.292+0000] {logging_mixin.py:190} INFO - [2024-08-26T10:45:35.292+0000] {dag.py:4138} INFO - Setting next_dagrun for example_bash_operator to 2024-08-25 00:00:00+00:00, run_after=2024-08-26 00:00:00+00:00
[2024-08-26T10:45:35.333+0000] {processor.py:208} INFO - Processing /home/airflow/.local/lib/python3.12/site-packages/airflow/example_dags/example_bash_operator.py took 0.195 seconds
[2024-08-26T10:46:13.265+0000] {processor.py:186} INFO - Started process (PID=924) to work on /home/airflow/.local/lib/python3.12/site-packages/airflow/example_dags/example_bash_operator.py
[2024-08-26T10:46:13.267+0000] {processor.py:914} INFO - Processing file /home/airflow/.local/lib/python3.12/site-packages/airflow/example_dags/example_bash_operator.py for tasks to queue
[2024-08-26T10:46:13.269+0000] {logging_mixin.py:190} INFO - [2024-08-26T10:46:13.269+0000] {dagbag.py:587} INFO - Filling up the DagBag from /home/airflow/.local/lib/python3.12/site-packages/airflow/example_dags/example_bash_operator.py
[2024-08-26T10:46:13.288+0000] {processor.py:925} INFO - DAG(s) 'example_bash_operator' retrieved from /home/airflow/.local/lib/python3.12/site-packages/airflow/example_dags/example_bash_operator.py
[2024-08-26T10:46:13.332+0000] {logging_mixin.py:190} INFO - [2024-08-26T10:46:13.332+0000] {dag.py:3211} INFO - Sync 1 DAGs
[2024-08-26T10:46:13.368+0000] {logging_mixin.py:190} INFO - [2024-08-26T10:46:13.367+0000] {dag.py:4138} INFO - Setting next_dagrun for example_bash_operator to 2024-08-25 00:00:00+00:00, run_after=2024-08-26 00:00:00+00:00
[2024-08-26T10:46:13.391+0000] {processor.py:208} INFO - Processing /home/airflow/.local/lib/python3.12/site-packages/airflow/example_dags/example_bash_operator.py took 0.135 seconds
[2024-08-26T10:46:52.526+0000] {processor.py:186} INFO - Started process (PID=990) to work on /home/airflow/.local/lib/python3.12/site-packages/airflow/example_dags/example_bash_operator.py
[2024-08-26T10:46:52.528+0000] {processor.py:914} INFO - Processing file /home/airflow/.local/lib/python3.12/site-packages/airflow/example_dags/example_bash_operator.py for tasks to queue
[2024-08-26T10:46:52.530+0000] {logging_mixin.py:190} INFO - [2024-08-26T10:46:52.530+0000] {dagbag.py:587} INFO - Filling up the DagBag from /home/airflow/.local/lib/python3.12/site-packages/airflow/example_dags/example_bash_operator.py
[2024-08-26T10:46:52.555+0000] {processor.py:925} INFO - DAG(s) 'example_bash_operator' retrieved from /home/airflow/.local/lib/python3.12/site-packages/airflow/example_dags/example_bash_operator.py
[2024-08-26T10:46:52.625+0000] {logging_mixin.py:190} INFO - [2024-08-26T10:46:52.624+0000] {dag.py:3211} INFO - Sync 1 DAGs
[2024-08-26T10:46:52.674+0000] {logging_mixin.py:190} INFO - [2024-08-26T10:46:52.674+0000] {dag.py:4138} INFO - Setting next_dagrun for example_bash_operator to 2024-08-25 00:00:00+00:00, run_after=2024-08-26 00:00:00+00:00
[2024-08-26T10:46:52.735+0000] {processor.py:208} INFO - Processing /home/airflow/.local/lib/python3.12/site-packages/airflow/example_dags/example_bash_operator.py took 0.219 seconds
[2024-08-26T10:47:45.506+0000] {processor.py:186} INFO - Started process (PID=1073) to work on /home/airflow/.local/lib/python3.12/site-packages/airflow/example_dags/example_bash_operator.py
[2024-08-26T10:47:45.508+0000] {processor.py:914} INFO - Processing file /home/airflow/.local/lib/python3.12/site-packages/airflow/example_dags/example_bash_operator.py for tasks to queue
[2024-08-26T10:47:45.511+0000] {logging_mixin.py:190} INFO - [2024-08-26T10:47:45.510+0000] {dagbag.py:587} INFO - Filling up the DagBag from /home/airflow/.local/lib/python3.12/site-packages/airflow/example_dags/example_bash_operator.py
[2024-08-26T10:47:45.534+0000] {processor.py:925} INFO - DAG(s) 'example_bash_operator' retrieved from /home/airflow/.local/lib/python3.12/site-packages/airflow/example_dags/example_bash_operator.py
[2024-08-26T10:47:45.590+0000] {logging_mixin.py:190} INFO - [2024-08-26T10:47:45.589+0000] {dag.py:3211} INFO - Sync 1 DAGs
[2024-08-26T10:47:45.633+0000] {logging_mixin.py:190} INFO - [2024-08-26T10:47:45.632+0000] {dag.py:4138} INFO - Setting next_dagrun for example_bash_operator to 2024-08-25 00:00:00+00:00, run_after=2024-08-26 00:00:00+00:00
[2024-08-26T10:47:45.657+0000] {processor.py:208} INFO - Processing /home/airflow/.local/lib/python3.12/site-packages/airflow/example_dags/example_bash_operator.py took 0.160 seconds
[2024-08-26T10:48:22.920+0000] {processor.py:186} INFO - Started process (PID=1139) to work on /home/airflow/.local/lib/python3.12/site-packages/airflow/example_dags/example_bash_operator.py
[2024-08-26T10:48:22.922+0000] {processor.py:914} INFO - Processing file /home/airflow/.local/lib/python3.12/site-packages/airflow/example_dags/example_bash_operator.py for tasks to queue
[2024-08-26T10:48:22.924+0000] {logging_mixin.py:190} INFO - [2024-08-26T10:48:22.924+0000] {dagbag.py:587} INFO - Filling up the DagBag from /home/airflow/.local/lib/python3.12/site-packages/airflow/example_dags/example_bash_operator.py
[2024-08-26T10:48:22.941+0000] {processor.py:925} INFO - DAG(s) 'example_bash_operator' retrieved from /home/airflow/.local/lib/python3.12/site-packages/airflow/example_dags/example_bash_operator.py
[2024-08-26T10:48:22.976+0000] {logging_mixin.py:190} INFO - [2024-08-26T10:48:22.976+0000] {dag.py:3211} INFO - Sync 1 DAGs
[2024-08-26T10:48:23.003+0000] {logging_mixin.py:190} INFO - [2024-08-26T10:48:23.003+0000] {dag.py:4138} INFO - Setting next_dagrun for example_bash_operator to 2024-08-25 00:00:00+00:00, run_after=2024-08-26 00:00:00+00:00
[2024-08-26T10:48:23.022+0000] {processor.py:208} INFO - Processing /home/airflow/.local/lib/python3.12/site-packages/airflow/example_dags/example_bash_operator.py took 0.109 seconds
[2024-08-26T10:49:14.716+0000] {processor.py:186} INFO - Started process (PID=1220) to work on /home/airflow/.local/lib/python3.12/site-packages/airflow/example_dags/example_bash_operator.py
[2024-08-26T10:49:14.718+0000] {processor.py:914} INFO - Processing file /home/airflow/.local/lib/python3.12/site-packages/airflow/example_dags/example_bash_operator.py for tasks to queue
[2024-08-26T10:49:14.721+0000] {logging_mixin.py:190} INFO - [2024-08-26T10:49:14.721+0000] {dagbag.py:587} INFO - Filling up the DagBag from /home/airflow/.local/lib/python3.12/site-packages/airflow/example_dags/example_bash_operator.py
[2024-08-26T10:49:14.753+0000] {processor.py:925} INFO - DAG(s) 'example_bash_operator' retrieved from /home/airflow/.local/lib/python3.12/site-packages/airflow/example_dags/example_bash_operator.py
[2024-08-26T10:49:14.829+0000] {logging_mixin.py:190} INFO - [2024-08-26T10:49:14.828+0000] {dag.py:3211} INFO - Sync 1 DAGs
[2024-08-26T10:49:14.899+0000] {logging_mixin.py:190} INFO - [2024-08-26T10:49:14.898+0000] {dag.py:4138} INFO - Setting next_dagrun for example_bash_operator to 2024-08-25 00:00:00+00:00, run_after=2024-08-26 00:00:00+00:00
[2024-08-26T10:49:14.939+0000] {processor.py:208} INFO - Processing /home/airflow/.local/lib/python3.12/site-packages/airflow/example_dags/example_bash_operator.py took 0.237 seconds
[2024-08-26T15:09:27.050+0000] {processor.py:186} INFO - Started process (PID=81) to work on /home/airflow/.local/lib/python3.12/site-packages/airflow/example_dags/example_bash_operator.py
[2024-08-26T15:09:27.051+0000] {processor.py:914} INFO - Processing file /home/airflow/.local/lib/python3.12/site-packages/airflow/example_dags/example_bash_operator.py for tasks to queue
[2024-08-26T15:09:27.055+0000] {logging_mixin.py:190} INFO - [2024-08-26T15:09:27.054+0000] {dagbag.py:587} INFO - Filling up the DagBag from /home/airflow/.local/lib/python3.12/site-packages/airflow/example_dags/example_bash_operator.py
[2024-08-26T15:09:27.075+0000] {processor.py:925} INFO - DAG(s) 'example_bash_operator' retrieved from /home/airflow/.local/lib/python3.12/site-packages/airflow/example_dags/example_bash_operator.py
[2024-08-26T15:09:27.125+0000] {logging_mixin.py:190} INFO - [2024-08-26T15:09:27.124+0000] {dag.py:3211} INFO - Sync 1 DAGs
[2024-08-26T15:09:27.162+0000] {logging_mixin.py:190} INFO - [2024-08-26T15:09:27.162+0000] {dag.py:4138} INFO - Setting next_dagrun for example_bash_operator to 2024-08-25 00:00:00+00:00, run_after=2024-08-26 00:00:00+00:00
[2024-08-26T15:09:27.190+0000] {processor.py:208} INFO - Processing /home/airflow/.local/lib/python3.12/site-packages/airflow/example_dags/example_bash_operator.py took 0.149 seconds
[2024-08-26T15:10:10.568+0000] {processor.py:186} INFO - Started process (PID=153) to work on /home/airflow/.local/lib/python3.12/site-packages/airflow/example_dags/example_bash_operator.py
[2024-08-26T15:10:10.569+0000] {processor.py:914} INFO - Processing file /home/airflow/.local/lib/python3.12/site-packages/airflow/example_dags/example_bash_operator.py for tasks to queue
[2024-08-26T15:10:10.572+0000] {logging_mixin.py:190} INFO - [2024-08-26T15:10:10.572+0000] {dagbag.py:587} INFO - Filling up the DagBag from /home/airflow/.local/lib/python3.12/site-packages/airflow/example_dags/example_bash_operator.py
[2024-08-26T15:10:10.589+0000] {processor.py:925} INFO - DAG(s) 'example_bash_operator' retrieved from /home/airflow/.local/lib/python3.12/site-packages/airflow/example_dags/example_bash_operator.py
[2024-08-26T15:10:10.628+0000] {logging_mixin.py:190} INFO - [2024-08-26T15:10:10.628+0000] {dag.py:3211} INFO - Sync 1 DAGs
[2024-08-26T15:10:10.664+0000] {logging_mixin.py:190} INFO - [2024-08-26T15:10:10.664+0000] {dag.py:4138} INFO - Setting next_dagrun for example_bash_operator to 2024-08-25 00:00:00+00:00, run_after=2024-08-26 00:00:00+00:00
[2024-08-26T15:10:10.691+0000] {processor.py:208} INFO - Processing /home/airflow/.local/lib/python3.12/site-packages/airflow/example_dags/example_bash_operator.py took 0.131 seconds
[2024-08-26T15:10:48.454+0000] {processor.py:186} INFO - Started process (PID=220) to work on /home/airflow/.local/lib/python3.12/site-packages/airflow/example_dags/example_bash_operator.py
[2024-08-26T15:10:48.456+0000] {processor.py:914} INFO - Processing file /home/airflow/.local/lib/python3.12/site-packages/airflow/example_dags/example_bash_operator.py for tasks to queue
[2024-08-26T15:10:48.459+0000] {logging_mixin.py:190} INFO - [2024-08-26T15:10:48.459+0000] {dagbag.py:587} INFO - Filling up the DagBag from /home/airflow/.local/lib/python3.12/site-packages/airflow/example_dags/example_bash_operator.py
[2024-08-26T15:10:48.476+0000] {processor.py:925} INFO - DAG(s) 'example_bash_operator' retrieved from /home/airflow/.local/lib/python3.12/site-packages/airflow/example_dags/example_bash_operator.py
[2024-08-26T15:10:48.512+0000] {logging_mixin.py:190} INFO - [2024-08-26T15:10:48.512+0000] {dag.py:3211} INFO - Sync 1 DAGs
[2024-08-26T15:10:48.544+0000] {logging_mixin.py:190} INFO - [2024-08-26T15:10:48.544+0000] {dag.py:4138} INFO - Setting next_dagrun for example_bash_operator to 2024-08-25 00:00:00+00:00, run_after=2024-08-26 00:00:00+00:00
[2024-08-26T15:10:48.568+0000] {processor.py:208} INFO - Processing /home/airflow/.local/lib/python3.12/site-packages/airflow/example_dags/example_bash_operator.py took 0.121 seconds
[2024-08-26T15:11:25.940+0000] {processor.py:186} INFO - Started process (PID=286) to work on /home/airflow/.local/lib/python3.12/site-packages/airflow/example_dags/example_bash_operator.py
[2024-08-26T15:11:25.942+0000] {processor.py:914} INFO - Processing file /home/airflow/.local/lib/python3.12/site-packages/airflow/example_dags/example_bash_operator.py for tasks to queue
[2024-08-26T15:11:25.946+0000] {logging_mixin.py:190} INFO - [2024-08-26T15:11:25.946+0000] {dagbag.py:587} INFO - Filling up the DagBag from /home/airflow/.local/lib/python3.12/site-packages/airflow/example_dags/example_bash_operator.py
[2024-08-26T15:11:25.967+0000] {processor.py:925} INFO - DAG(s) 'example_bash_operator' retrieved from /home/airflow/.local/lib/python3.12/site-packages/airflow/example_dags/example_bash_operator.py
[2024-08-26T15:11:26.006+0000] {logging_mixin.py:190} INFO - [2024-08-26T15:11:26.006+0000] {dag.py:3211} INFO - Sync 1 DAGs
[2024-08-26T15:11:26.040+0000] {logging_mixin.py:190} INFO - [2024-08-26T15:11:26.040+0000] {dag.py:4138} INFO - Setting next_dagrun for example_bash_operator to 2024-08-25 00:00:00+00:00, run_after=2024-08-26 00:00:00+00:00
[2024-08-26T15:11:26.066+0000] {processor.py:208} INFO - Processing /home/airflow/.local/lib/python3.12/site-packages/airflow/example_dags/example_bash_operator.py took 0.134 seconds
[2024-08-26T15:12:04.635+0000] {processor.py:186} INFO - Started process (PID=358) to work on /home/airflow/.local/lib/python3.12/site-packages/airflow/example_dags/example_bash_operator.py
[2024-08-26T15:12:04.637+0000] {processor.py:914} INFO - Processing file /home/airflow/.local/lib/python3.12/site-packages/airflow/example_dags/example_bash_operator.py for tasks to queue
[2024-08-26T15:12:04.640+0000] {logging_mixin.py:190} INFO - [2024-08-26T15:12:04.640+0000] {dagbag.py:587} INFO - Filling up the DagBag from /home/airflow/.local/lib/python3.12/site-packages/airflow/example_dags/example_bash_operator.py
[2024-08-26T15:12:04.660+0000] {processor.py:925} INFO - DAG(s) 'example_bash_operator' retrieved from /home/airflow/.local/lib/python3.12/site-packages/airflow/example_dags/example_bash_operator.py
[2024-08-26T15:12:04.698+0000] {logging_mixin.py:190} INFO - [2024-08-26T15:12:04.697+0000] {dag.py:3211} INFO - Sync 1 DAGs
[2024-08-26T15:12:04.731+0000] {logging_mixin.py:190} INFO - [2024-08-26T15:12:04.730+0000] {dag.py:4138} INFO - Setting next_dagrun for example_bash_operator to 2024-08-25 00:00:00+00:00, run_after=2024-08-26 00:00:00+00:00
[2024-08-26T15:12:04.757+0000] {processor.py:208} INFO - Processing /home/airflow/.local/lib/python3.12/site-packages/airflow/example_dags/example_bash_operator.py took 0.130 seconds
[2024-08-26T15:12:44.061+0000] {processor.py:186} INFO - Started process (PID=425) to work on /home/airflow/.local/lib/python3.12/site-packages/airflow/example_dags/example_bash_operator.py
[2024-08-26T15:12:44.063+0000] {processor.py:914} INFO - Processing file /home/airflow/.local/lib/python3.12/site-packages/airflow/example_dags/example_bash_operator.py for tasks to queue
[2024-08-26T15:12:44.066+0000] {logging_mixin.py:190} INFO - [2024-08-26T15:12:44.066+0000] {dagbag.py:587} INFO - Filling up the DagBag from /home/airflow/.local/lib/python3.12/site-packages/airflow/example_dags/example_bash_operator.py
[2024-08-26T15:12:44.084+0000] {processor.py:925} INFO - DAG(s) 'example_bash_operator' retrieved from /home/airflow/.local/lib/python3.12/site-packages/airflow/example_dags/example_bash_operator.py
[2024-08-26T15:12:44.122+0000] {logging_mixin.py:190} INFO - [2024-08-26T15:12:44.122+0000] {dag.py:3211} INFO - Sync 1 DAGs
[2024-08-26T15:12:44.156+0000] {logging_mixin.py:190} INFO - [2024-08-26T15:12:44.156+0000] {dag.py:4138} INFO - Setting next_dagrun for example_bash_operator to 2024-08-25 00:00:00+00:00, run_after=2024-08-26 00:00:00+00:00
[2024-08-26T15:12:44.185+0000] {processor.py:208} INFO - Processing /home/airflow/.local/lib/python3.12/site-packages/airflow/example_dags/example_bash_operator.py took 0.132 seconds
[2024-08-26T15:13:35.177+0000] {processor.py:186} INFO - Started process (PID=508) to work on /home/airflow/.local/lib/python3.12/site-packages/airflow/example_dags/example_bash_operator.py
[2024-08-26T15:13:35.180+0000] {processor.py:914} INFO - Processing file /home/airflow/.local/lib/python3.12/site-packages/airflow/example_dags/example_bash_operator.py for tasks to queue
[2024-08-26T15:13:35.184+0000] {logging_mixin.py:190} INFO - [2024-08-26T15:13:35.183+0000] {dagbag.py:587} INFO - Filling up the DagBag from /home/airflow/.local/lib/python3.12/site-packages/airflow/example_dags/example_bash_operator.py
[2024-08-26T15:13:35.211+0000] {processor.py:925} INFO - DAG(s) 'example_bash_operator' retrieved from /home/airflow/.local/lib/python3.12/site-packages/airflow/example_dags/example_bash_operator.py
[2024-08-26T15:13:35.262+0000] {logging_mixin.py:190} INFO - [2024-08-26T15:13:35.261+0000] {dag.py:3211} INFO - Sync 1 DAGs
[2024-08-26T15:13:35.310+0000] {logging_mixin.py:190} INFO - [2024-08-26T15:13:35.310+0000] {dag.py:4138} INFO - Setting next_dagrun for example_bash_operator to 2024-08-25 00:00:00+00:00, run_after=2024-08-26 00:00:00+00:00
[2024-08-26T15:13:35.339+0000] {processor.py:208} INFO - Processing /home/airflow/.local/lib/python3.12/site-packages/airflow/example_dags/example_bash_operator.py took 0.174 seconds
[2024-08-26T15:14:30.750+0000] {processor.py:186} INFO - Started process (PID=580) to work on /home/airflow/.local/lib/python3.12/site-packages/airflow/example_dags/example_bash_operator.py
[2024-08-26T15:14:30.752+0000] {processor.py:914} INFO - Processing file /home/airflow/.local/lib/python3.12/site-packages/airflow/example_dags/example_bash_operator.py for tasks to queue
[2024-08-26T15:14:30.754+0000] {logging_mixin.py:190} INFO - [2024-08-26T15:14:30.753+0000] {dagbag.py:587} INFO - Filling up the DagBag from /home/airflow/.local/lib/python3.12/site-packages/airflow/example_dags/example_bash_operator.py
[2024-08-26T15:14:30.775+0000] {processor.py:925} INFO - DAG(s) 'example_bash_operator' retrieved from /home/airflow/.local/lib/python3.12/site-packages/airflow/example_dags/example_bash_operator.py
[2024-08-26T15:14:30.821+0000] {logging_mixin.py:190} INFO - [2024-08-26T15:14:30.821+0000] {dag.py:3211} INFO - Sync 1 DAGs
[2024-08-26T15:14:30.864+0000] {logging_mixin.py:190} INFO - [2024-08-26T15:14:30.864+0000] {dag.py:4138} INFO - Setting next_dagrun for example_bash_operator to 2024-08-25 00:00:00+00:00, run_after=2024-08-26 00:00:00+00:00
[2024-08-26T15:14:30.896+0000] {processor.py:208} INFO - Processing /home/airflow/.local/lib/python3.12/site-packages/airflow/example_dags/example_bash_operator.py took 0.153 seconds
[2024-08-26T15:15:08.431+0000] {processor.py:186} INFO - Started process (PID=647) to work on /home/airflow/.local/lib/python3.12/site-packages/airflow/example_dags/example_bash_operator.py
[2024-08-26T15:15:08.432+0000] {processor.py:914} INFO - Processing file /home/airflow/.local/lib/python3.12/site-packages/airflow/example_dags/example_bash_operator.py for tasks to queue
[2024-08-26T15:15:08.435+0000] {logging_mixin.py:190} INFO - [2024-08-26T15:15:08.434+0000] {dagbag.py:587} INFO - Filling up the DagBag from /home/airflow/.local/lib/python3.12/site-packages/airflow/example_dags/example_bash_operator.py
[2024-08-26T15:15:08.458+0000] {processor.py:925} INFO - DAG(s) 'example_bash_operator' retrieved from /home/airflow/.local/lib/python3.12/site-packages/airflow/example_dags/example_bash_operator.py
[2024-08-26T15:15:08.502+0000] {logging_mixin.py:190} INFO - [2024-08-26T15:15:08.502+0000] {dag.py:3211} INFO - Sync 1 DAGs
[2024-08-26T15:15:08.539+0000] {logging_mixin.py:190} INFO - [2024-08-26T15:15:08.538+0000] {dag.py:4138} INFO - Setting next_dagrun for example_bash_operator to 2024-08-25 00:00:00+00:00, run_after=2024-08-26 00:00:00+00:00
[2024-08-26T15:15:08.569+0000] {processor.py:208} INFO - Processing /home/airflow/.local/lib/python3.12/site-packages/airflow/example_dags/example_bash_operator.py took 0.146 seconds
[2024-08-26T15:15:55.023+0000] {processor.py:186} INFO - Started process (PID=713) to work on /home/airflow/.local/lib/python3.12/site-packages/airflow/example_dags/example_bash_operator.py
[2024-08-26T15:15:55.026+0000] {processor.py:914} INFO - Processing file /home/airflow/.local/lib/python3.12/site-packages/airflow/example_dags/example_bash_operator.py for tasks to queue
[2024-08-26T15:15:55.029+0000] {logging_mixin.py:190} INFO - [2024-08-26T15:15:55.029+0000] {dagbag.py:587} INFO - Filling up the DagBag from /home/airflow/.local/lib/python3.12/site-packages/airflow/example_dags/example_bash_operator.py
[2024-08-26T15:15:55.060+0000] {processor.py:925} INFO - DAG(s) 'example_bash_operator' retrieved from /home/airflow/.local/lib/python3.12/site-packages/airflow/example_dags/example_bash_operator.py
[2024-08-26T15:15:55.118+0000] {logging_mixin.py:190} INFO - [2024-08-26T15:15:55.117+0000] {dag.py:3211} INFO - Sync 1 DAGs
[2024-08-26T15:15:55.172+0000] {logging_mixin.py:190} INFO - [2024-08-26T15:15:55.172+0000] {dag.py:4138} INFO - Setting next_dagrun for example_bash_operator to 2024-08-25 00:00:00+00:00, run_after=2024-08-26 00:00:00+00:00
[2024-08-26T15:15:55.209+0000] {processor.py:208} INFO - Processing /home/airflow/.local/lib/python3.12/site-packages/airflow/example_dags/example_bash_operator.py took 0.198 seconds
[2024-08-26T15:16:31.354+0000] {processor.py:186} INFO - Started process (PID=784) to work on /home/airflow/.local/lib/python3.12/site-packages/airflow/example_dags/example_bash_operator.py
[2024-08-26T15:16:31.356+0000] {processor.py:914} INFO - Processing file /home/airflow/.local/lib/python3.12/site-packages/airflow/example_dags/example_bash_operator.py for tasks to queue
[2024-08-26T15:16:31.358+0000] {logging_mixin.py:190} INFO - [2024-08-26T15:16:31.358+0000] {dagbag.py:587} INFO - Filling up the DagBag from /home/airflow/.local/lib/python3.12/site-packages/airflow/example_dags/example_bash_operator.py
[2024-08-26T15:16:31.383+0000] {processor.py:925} INFO - DAG(s) 'example_bash_operator' retrieved from /home/airflow/.local/lib/python3.12/site-packages/airflow/example_dags/example_bash_operator.py
[2024-08-26T15:16:31.429+0000] {logging_mixin.py:190} INFO - [2024-08-26T15:16:31.429+0000] {dag.py:3211} INFO - Sync 1 DAGs
[2024-08-26T15:16:31.464+0000] {logging_mixin.py:190} INFO - [2024-08-26T15:16:31.464+0000] {dag.py:4138} INFO - Setting next_dagrun for example_bash_operator to 2024-08-25 00:00:00+00:00, run_after=2024-08-26 00:00:00+00:00
[2024-08-26T15:16:31.492+0000] {processor.py:208} INFO - Processing /home/airflow/.local/lib/python3.12/site-packages/airflow/example_dags/example_bash_operator.py took 0.151 seconds
[2024-08-26T15:17:09.101+0000] {processor.py:186} INFO - Started process (PID=851) to work on /home/airflow/.local/lib/python3.12/site-packages/airflow/example_dags/example_bash_operator.py
[2024-08-26T15:17:09.102+0000] {processor.py:914} INFO - Processing file /home/airflow/.local/lib/python3.12/site-packages/airflow/example_dags/example_bash_operator.py for tasks to queue
[2024-08-26T15:17:09.104+0000] {logging_mixin.py:190} INFO - [2024-08-26T15:17:09.104+0000] {dagbag.py:587} INFO - Filling up the DagBag from /home/airflow/.local/lib/python3.12/site-packages/airflow/example_dags/example_bash_operator.py
[2024-08-26T15:17:09.135+0000] {processor.py:925} INFO - DAG(s) 'example_bash_operator' retrieved from /home/airflow/.local/lib/python3.12/site-packages/airflow/example_dags/example_bash_operator.py
[2024-08-26T15:17:09.185+0000] {logging_mixin.py:190} INFO - [2024-08-26T15:17:09.184+0000] {dag.py:3211} INFO - Sync 1 DAGs
[2024-08-26T15:17:09.244+0000] {logging_mixin.py:190} INFO - [2024-08-26T15:17:09.243+0000] {dag.py:4138} INFO - Setting next_dagrun for example_bash_operator to 2024-08-25 00:00:00+00:00, run_after=2024-08-26 00:00:00+00:00
[2024-08-26T15:17:09.277+0000] {processor.py:208} INFO - Processing /home/airflow/.local/lib/python3.12/site-packages/airflow/example_dags/example_bash_operator.py took 0.185 seconds
[2024-08-26T15:17:45.489+0000] {processor.py:186} INFO - Started process (PID=917) to work on /home/airflow/.local/lib/python3.12/site-packages/airflow/example_dags/example_bash_operator.py
[2024-08-26T15:17:45.490+0000] {processor.py:914} INFO - Processing file /home/airflow/.local/lib/python3.12/site-packages/airflow/example_dags/example_bash_operator.py for tasks to queue
[2024-08-26T15:17:45.492+0000] {logging_mixin.py:190} INFO - [2024-08-26T15:17:45.491+0000] {dagbag.py:587} INFO - Filling up the DagBag from /home/airflow/.local/lib/python3.12/site-packages/airflow/example_dags/example_bash_operator.py
[2024-08-26T15:17:45.509+0000] {processor.py:925} INFO - DAG(s) 'example_bash_operator' retrieved from /home/airflow/.local/lib/python3.12/site-packages/airflow/example_dags/example_bash_operator.py
[2024-08-26T15:17:45.547+0000] {logging_mixin.py:190} INFO - [2024-08-26T15:17:45.547+0000] {dag.py:3211} INFO - Sync 1 DAGs
[2024-08-26T15:17:45.582+0000] {logging_mixin.py:190} INFO - [2024-08-26T15:17:45.582+0000] {dag.py:4138} INFO - Setting next_dagrun for example_bash_operator to 2024-08-25 00:00:00+00:00, run_after=2024-08-26 00:00:00+00:00
[2024-08-26T15:17:45.608+0000] {processor.py:208} INFO - Processing /home/airflow/.local/lib/python3.12/site-packages/airflow/example_dags/example_bash_operator.py took 0.128 seconds
[2024-08-26T15:18:22.983+0000] {processor.py:186} INFO - Started process (PID=983) to work on /home/airflow/.local/lib/python3.12/site-packages/airflow/example_dags/example_bash_operator.py
[2024-08-26T15:18:22.984+0000] {processor.py:914} INFO - Processing file /home/airflow/.local/lib/python3.12/site-packages/airflow/example_dags/example_bash_operator.py for tasks to queue
[2024-08-26T15:18:22.986+0000] {logging_mixin.py:190} INFO - [2024-08-26T15:18:22.986+0000] {dagbag.py:587} INFO - Filling up the DagBag from /home/airflow/.local/lib/python3.12/site-packages/airflow/example_dags/example_bash_operator.py
[2024-08-26T15:18:23.004+0000] {processor.py:925} INFO - DAG(s) 'example_bash_operator' retrieved from /home/airflow/.local/lib/python3.12/site-packages/airflow/example_dags/example_bash_operator.py
[2024-08-26T15:18:23.041+0000] {logging_mixin.py:190} INFO - [2024-08-26T15:18:23.041+0000] {dag.py:3211} INFO - Sync 1 DAGs
[2024-08-26T15:18:23.076+0000] {logging_mixin.py:190} INFO - [2024-08-26T15:18:23.075+0000] {dag.py:4138} INFO - Setting next_dagrun for example_bash_operator to 2024-08-25 00:00:00+00:00, run_after=2024-08-26 00:00:00+00:00
[2024-08-26T15:18:23.108+0000] {processor.py:208} INFO - Processing /home/airflow/.local/lib/python3.12/site-packages/airflow/example_dags/example_bash_operator.py took 0.133 seconds
[2024-08-26T15:19:05.331+0000] {processor.py:186} INFO - Started process (PID=1055) to work on /home/airflow/.local/lib/python3.12/site-packages/airflow/example_dags/example_bash_operator.py
[2024-08-26T15:19:05.332+0000] {processor.py:914} INFO - Processing file /home/airflow/.local/lib/python3.12/site-packages/airflow/example_dags/example_bash_operator.py for tasks to queue
[2024-08-26T15:19:05.334+0000] {logging_mixin.py:190} INFO - [2024-08-26T15:19:05.334+0000] {dagbag.py:587} INFO - Filling up the DagBag from /home/airflow/.local/lib/python3.12/site-packages/airflow/example_dags/example_bash_operator.py
[2024-08-26T15:19:05.351+0000] {processor.py:925} INFO - DAG(s) 'example_bash_operator' retrieved from /home/airflow/.local/lib/python3.12/site-packages/airflow/example_dags/example_bash_operator.py
[2024-08-26T15:19:05.387+0000] {logging_mixin.py:190} INFO - [2024-08-26T15:19:05.387+0000] {dag.py:3211} INFO - Sync 1 DAGs
[2024-08-26T15:19:05.415+0000] {logging_mixin.py:190} INFO - [2024-08-26T15:19:05.415+0000] {dag.py:4138} INFO - Setting next_dagrun for example_bash_operator to 2024-08-25 00:00:00+00:00, run_after=2024-08-26 00:00:00+00:00
[2024-08-26T15:19:05.437+0000] {processor.py:208} INFO - Processing /home/airflow/.local/lib/python3.12/site-packages/airflow/example_dags/example_bash_operator.py took 0.113 seconds
[2024-08-26T15:19:42.261+0000] {processor.py:186} INFO - Started process (PID=1121) to work on /home/airflow/.local/lib/python3.12/site-packages/airflow/example_dags/example_bash_operator.py
[2024-08-26T15:19:42.263+0000] {processor.py:914} INFO - Processing file /home/airflow/.local/lib/python3.12/site-packages/airflow/example_dags/example_bash_operator.py for tasks to queue
[2024-08-26T15:19:42.265+0000] {logging_mixin.py:190} INFO - [2024-08-26T15:19:42.264+0000] {dagbag.py:587} INFO - Filling up the DagBag from /home/airflow/.local/lib/python3.12/site-packages/airflow/example_dags/example_bash_operator.py
[2024-08-26T15:19:42.283+0000] {processor.py:925} INFO - DAG(s) 'example_bash_operator' retrieved from /home/airflow/.local/lib/python3.12/site-packages/airflow/example_dags/example_bash_operator.py
[2024-08-26T15:19:42.319+0000] {logging_mixin.py:190} INFO - [2024-08-26T15:19:42.319+0000] {dag.py:3211} INFO - Sync 1 DAGs
[2024-08-26T15:19:42.350+0000] {logging_mixin.py:190} INFO - [2024-08-26T15:19:42.350+0000] {dag.py:4138} INFO - Setting next_dagrun for example_bash_operator to 2024-08-25 00:00:00+00:00, run_after=2024-08-26 00:00:00+00:00
[2024-08-26T15:19:42.375+0000] {processor.py:208} INFO - Processing /home/airflow/.local/lib/python3.12/site-packages/airflow/example_dags/example_bash_operator.py took 0.123 seconds
[2024-08-26T15:20:20.793+0000] {processor.py:186} INFO - Started process (PID=1188) to work on /home/airflow/.local/lib/python3.12/site-packages/airflow/example_dags/example_bash_operator.py
[2024-08-26T15:20:20.794+0000] {processor.py:914} INFO - Processing file /home/airflow/.local/lib/python3.12/site-packages/airflow/example_dags/example_bash_operator.py for tasks to queue
[2024-08-26T15:20:20.796+0000] {logging_mixin.py:190} INFO - [2024-08-26T15:20:20.796+0000] {dagbag.py:587} INFO - Filling up the DagBag from /home/airflow/.local/lib/python3.12/site-packages/airflow/example_dags/example_bash_operator.py
[2024-08-26T15:20:20.814+0000] {processor.py:925} INFO - DAG(s) 'example_bash_operator' retrieved from /home/airflow/.local/lib/python3.12/site-packages/airflow/example_dags/example_bash_operator.py
[2024-08-26T15:20:20.866+0000] {logging_mixin.py:190} INFO - [2024-08-26T15:20:20.865+0000] {dag.py:3211} INFO - Sync 1 DAGs
[2024-08-26T15:20:20.908+0000] {logging_mixin.py:190} INFO - [2024-08-26T15:20:20.908+0000] {dag.py:4138} INFO - Setting next_dagrun for example_bash_operator to 2024-08-25 00:00:00+00:00, run_after=2024-08-26 00:00:00+00:00
[2024-08-26T15:20:20.938+0000] {processor.py:208} INFO - Processing /home/airflow/.local/lib/python3.12/site-packages/airflow/example_dags/example_bash_operator.py took 0.153 seconds
[2024-08-26T15:20:59.099+0000] {processor.py:186} INFO - Started process (PID=1254) to work on /home/airflow/.local/lib/python3.12/site-packages/airflow/example_dags/example_bash_operator.py
[2024-08-26T15:20:59.101+0000] {processor.py:914} INFO - Processing file /home/airflow/.local/lib/python3.12/site-packages/airflow/example_dags/example_bash_operator.py for tasks to queue
[2024-08-26T15:20:59.103+0000] {logging_mixin.py:190} INFO - [2024-08-26T15:20:59.102+0000] {dagbag.py:587} INFO - Filling up the DagBag from /home/airflow/.local/lib/python3.12/site-packages/airflow/example_dags/example_bash_operator.py
[2024-08-26T15:20:59.124+0000] {processor.py:925} INFO - DAG(s) 'example_bash_operator' retrieved from /home/airflow/.local/lib/python3.12/site-packages/airflow/example_dags/example_bash_operator.py
[2024-08-26T15:20:59.161+0000] {logging_mixin.py:190} INFO - [2024-08-26T15:20:59.161+0000] {dag.py:3211} INFO - Sync 1 DAGs
[2024-08-26T15:20:59.192+0000] {logging_mixin.py:190} INFO - [2024-08-26T15:20:59.192+0000] {dag.py:4138} INFO - Setting next_dagrun for example_bash_operator to 2024-08-25 00:00:00+00:00, run_after=2024-08-26 00:00:00+00:00
[2024-08-26T15:20:59.218+0000] {processor.py:208} INFO - Processing /home/airflow/.local/lib/python3.12/site-packages/airflow/example_dags/example_bash_operator.py took 0.127 seconds
[2024-08-26T15:21:38.286+0000] {processor.py:186} INFO - Started process (PID=1327) to work on /home/airflow/.local/lib/python3.12/site-packages/airflow/example_dags/example_bash_operator.py
[2024-08-26T15:21:38.288+0000] {processor.py:914} INFO - Processing file /home/airflow/.local/lib/python3.12/site-packages/airflow/example_dags/example_bash_operator.py for tasks to queue
[2024-08-26T15:21:38.290+0000] {logging_mixin.py:190} INFO - [2024-08-26T15:21:38.289+0000] {dagbag.py:587} INFO - Filling up the DagBag from /home/airflow/.local/lib/python3.12/site-packages/airflow/example_dags/example_bash_operator.py
[2024-08-26T15:21:38.308+0000] {processor.py:925} INFO - DAG(s) 'example_bash_operator' retrieved from /home/airflow/.local/lib/python3.12/site-packages/airflow/example_dags/example_bash_operator.py
[2024-08-26T15:21:38.351+0000] {logging_mixin.py:190} INFO - [2024-08-26T15:21:38.351+0000] {dag.py:3211} INFO - Sync 1 DAGs
[2024-08-26T15:21:38.388+0000] {logging_mixin.py:190} INFO - [2024-08-26T15:21:38.388+0000] {dag.py:4138} INFO - Setting next_dagrun for example_bash_operator to 2024-08-25 00:00:00+00:00, run_after=2024-08-26 00:00:00+00:00
[2024-08-26T15:21:38.421+0000] {processor.py:208} INFO - Processing /home/airflow/.local/lib/python3.12/site-packages/airflow/example_dags/example_bash_operator.py took 0.145 seconds
[2024-08-26T15:22:26.054+0000] {processor.py:186} INFO - Started process (PID=1393) to work on /home/airflow/.local/lib/python3.12/site-packages/airflow/example_dags/example_bash_operator.py
[2024-08-26T15:22:26.062+0000] {processor.py:914} INFO - Processing file /home/airflow/.local/lib/python3.12/site-packages/airflow/example_dags/example_bash_operator.py for tasks to queue
[2024-08-26T15:22:26.077+0000] {logging_mixin.py:190} INFO - [2024-08-26T15:22:26.075+0000] {dagbag.py:587} INFO - Filling up the DagBag from /home/airflow/.local/lib/python3.12/site-packages/airflow/example_dags/example_bash_operator.py
[2024-08-26T15:22:26.128+0000] {processor.py:925} INFO - DAG(s) 'example_bash_operator' retrieved from /home/airflow/.local/lib/python3.12/site-packages/airflow/example_dags/example_bash_operator.py
[2024-08-26T15:22:26.235+0000] {logging_mixin.py:190} INFO - [2024-08-26T15:22:26.234+0000] {dag.py:3211} INFO - Sync 1 DAGs
[2024-08-26T15:22:26.349+0000] {logging_mixin.py:190} INFO - [2024-08-26T15:22:26.348+0000] {dag.py:4138} INFO - Setting next_dagrun for example_bash_operator to 2024-08-25 00:00:00+00:00, run_after=2024-08-26 00:00:00+00:00
[2024-08-26T15:22:26.417+0000] {processor.py:208} INFO - Processing /home/airflow/.local/lib/python3.12/site-packages/airflow/example_dags/example_bash_operator.py took 0.401 seconds
[2024-08-26T15:23:20.620+0000] {processor.py:186} INFO - Started process (PID=1465) to work on /home/airflow/.local/lib/python3.12/site-packages/airflow/example_dags/example_bash_operator.py
[2024-08-26T15:23:20.622+0000] {processor.py:914} INFO - Processing file /home/airflow/.local/lib/python3.12/site-packages/airflow/example_dags/example_bash_operator.py for tasks to queue
[2024-08-26T15:23:20.625+0000] {logging_mixin.py:190} INFO - [2024-08-26T15:23:20.624+0000] {dagbag.py:587} INFO - Filling up the DagBag from /home/airflow/.local/lib/python3.12/site-packages/airflow/example_dags/example_bash_operator.py
[2024-08-26T15:23:20.653+0000] {processor.py:925} INFO - DAG(s) 'example_bash_operator' retrieved from /home/airflow/.local/lib/python3.12/site-packages/airflow/example_dags/example_bash_operator.py
[2024-08-26T15:23:20.710+0000] {logging_mixin.py:190} INFO - [2024-08-26T15:23:20.710+0000] {dag.py:3211} INFO - Sync 1 DAGs
[2024-08-26T15:23:20.758+0000] {logging_mixin.py:190} INFO - [2024-08-26T15:23:20.758+0000] {dag.py:4138} INFO - Setting next_dagrun for example_bash_operator to 2024-08-25 00:00:00+00:00, run_after=2024-08-26 00:00:00+00:00
[2024-08-26T15:23:20.792+0000] {processor.py:208} INFO - Processing /home/airflow/.local/lib/python3.12/site-packages/airflow/example_dags/example_bash_operator.py took 0.184 seconds
[2024-08-26T15:23:54.944+0000] {processor.py:186} INFO - Started process (PID=1531) to work on /home/airflow/.local/lib/python3.12/site-packages/airflow/example_dags/example_bash_operator.py
[2024-08-26T15:23:54.946+0000] {processor.py:914} INFO - Processing file /home/airflow/.local/lib/python3.12/site-packages/airflow/example_dags/example_bash_operator.py for tasks to queue
[2024-08-26T15:23:54.948+0000] {logging_mixin.py:190} INFO - [2024-08-26T15:23:54.947+0000] {dagbag.py:587} INFO - Filling up the DagBag from /home/airflow/.local/lib/python3.12/site-packages/airflow/example_dags/example_bash_operator.py
[2024-08-26T15:23:54.967+0000] {processor.py:925} INFO - DAG(s) 'example_bash_operator' retrieved from /home/airflow/.local/lib/python3.12/site-packages/airflow/example_dags/example_bash_operator.py
[2024-08-26T15:23:55.006+0000] {logging_mixin.py:190} INFO - [2024-08-26T15:23:55.006+0000] {dag.py:3211} INFO - Sync 1 DAGs
[2024-08-26T15:23:55.040+0000] {logging_mixin.py:190} INFO - [2024-08-26T15:23:55.039+0000] {dag.py:4138} INFO - Setting next_dagrun for example_bash_operator to 2024-08-25 00:00:00+00:00, run_after=2024-08-26 00:00:00+00:00
[2024-08-26T15:23:55.066+0000] {processor.py:208} INFO - Processing /home/airflow/.local/lib/python3.12/site-packages/airflow/example_dags/example_bash_operator.py took 0.130 seconds
[2024-08-26T15:24:31.234+0000] {processor.py:186} INFO - Started process (PID=1603) to work on /home/airflow/.local/lib/python3.12/site-packages/airflow/example_dags/example_bash_operator.py
[2024-08-26T15:24:31.235+0000] {processor.py:914} INFO - Processing file /home/airflow/.local/lib/python3.12/site-packages/airflow/example_dags/example_bash_operator.py for tasks to queue
[2024-08-26T15:24:31.237+0000] {logging_mixin.py:190} INFO - [2024-08-26T15:24:31.236+0000] {dagbag.py:587} INFO - Filling up the DagBag from /home/airflow/.local/lib/python3.12/site-packages/airflow/example_dags/example_bash_operator.py
[2024-08-26T15:24:31.254+0000] {processor.py:925} INFO - DAG(s) 'example_bash_operator' retrieved from /home/airflow/.local/lib/python3.12/site-packages/airflow/example_dags/example_bash_operator.py
[2024-08-26T15:24:31.294+0000] {logging_mixin.py:190} INFO - [2024-08-26T15:24:31.293+0000] {dag.py:3211} INFO - Sync 1 DAGs
[2024-08-26T15:24:31.327+0000] {logging_mixin.py:190} INFO - [2024-08-26T15:24:31.327+0000] {dag.py:4138} INFO - Setting next_dagrun for example_bash_operator to 2024-08-25 00:00:00+00:00, run_after=2024-08-26 00:00:00+00:00
[2024-08-26T15:24:31.357+0000] {processor.py:208} INFO - Processing /home/airflow/.local/lib/python3.12/site-packages/airflow/example_dags/example_bash_operator.py took 0.131 seconds
[2024-08-26T15:25:09.302+0000] {processor.py:186} INFO - Started process (PID=1668) to work on /home/airflow/.local/lib/python3.12/site-packages/airflow/example_dags/example_bash_operator.py
[2024-08-26T15:25:09.304+0000] {processor.py:914} INFO - Processing file /home/airflow/.local/lib/python3.12/site-packages/airflow/example_dags/example_bash_operator.py for tasks to queue
[2024-08-26T15:25:09.306+0000] {logging_mixin.py:190} INFO - [2024-08-26T15:25:09.305+0000] {dagbag.py:587} INFO - Filling up the DagBag from /home/airflow/.local/lib/python3.12/site-packages/airflow/example_dags/example_bash_operator.py
[2024-08-26T15:25:09.324+0000] {processor.py:925} INFO - DAG(s) 'example_bash_operator' retrieved from /home/airflow/.local/lib/python3.12/site-packages/airflow/example_dags/example_bash_operator.py
[2024-08-26T15:25:09.363+0000] {logging_mixin.py:190} INFO - [2024-08-26T15:25:09.363+0000] {dag.py:3211} INFO - Sync 1 DAGs
[2024-08-26T15:25:09.401+0000] {logging_mixin.py:190} INFO - [2024-08-26T15:25:09.401+0000] {dag.py:4138} INFO - Setting next_dagrun for example_bash_operator to 2024-08-25 00:00:00+00:00, run_after=2024-08-26 00:00:00+00:00
[2024-08-26T15:25:09.429+0000] {processor.py:208} INFO - Processing /home/airflow/.local/lib/python3.12/site-packages/airflow/example_dags/example_bash_operator.py took 0.135 seconds
[2024-08-26T15:25:51.051+0000] {processor.py:186} INFO - Started process (PID=1734) to work on /home/airflow/.local/lib/python3.12/site-packages/airflow/example_dags/example_bash_operator.py
[2024-08-26T15:25:51.053+0000] {processor.py:914} INFO - Processing file /home/airflow/.local/lib/python3.12/site-packages/airflow/example_dags/example_bash_operator.py for tasks to queue
[2024-08-26T15:25:51.055+0000] {logging_mixin.py:190} INFO - [2024-08-26T15:25:51.055+0000] {dagbag.py:587} INFO - Filling up the DagBag from /home/airflow/.local/lib/python3.12/site-packages/airflow/example_dags/example_bash_operator.py
[2024-08-26T15:25:51.079+0000] {processor.py:925} INFO - DAG(s) 'example_bash_operator' retrieved from /home/airflow/.local/lib/python3.12/site-packages/airflow/example_dags/example_bash_operator.py
[2024-08-26T15:25:51.129+0000] {logging_mixin.py:190} INFO - [2024-08-26T15:25:51.129+0000] {dag.py:3211} INFO - Sync 1 DAGs
[2024-08-26T15:25:51.171+0000] {logging_mixin.py:190} INFO - [2024-08-26T15:25:51.171+0000] {dag.py:4138} INFO - Setting next_dagrun for example_bash_operator to 2024-08-25 00:00:00+00:00, run_after=2024-08-26 00:00:00+00:00
[2024-08-26T15:25:51.202+0000] {processor.py:208} INFO - Processing /home/airflow/.local/lib/python3.12/site-packages/airflow/example_dags/example_bash_operator.py took 0.162 seconds
[2024-08-26T15:27:15.938+0000] {processor.py:186} INFO - Started process (PID=1814) to work on /home/airflow/.local/lib/python3.12/site-packages/airflow/example_dags/example_bash_operator.py
[2024-08-26T15:27:15.944+0000] {processor.py:914} INFO - Processing file /home/airflow/.local/lib/python3.12/site-packages/airflow/example_dags/example_bash_operator.py for tasks to queue
[2024-08-26T15:27:15.953+0000] {logging_mixin.py:190} INFO - [2024-08-26T15:27:15.951+0000] {dagbag.py:587} INFO - Filling up the DagBag from /home/airflow/.local/lib/python3.12/site-packages/airflow/example_dags/example_bash_operator.py
[2024-08-26T15:27:16.007+0000] {processor.py:925} INFO - DAG(s) 'example_bash_operator' retrieved from /home/airflow/.local/lib/python3.12/site-packages/airflow/example_dags/example_bash_operator.py
[2024-08-26T15:27:16.105+0000] {logging_mixin.py:190} INFO - [2024-08-26T15:27:16.104+0000] {dag.py:3211} INFO - Sync 1 DAGs
[2024-08-26T15:27:16.194+0000] {logging_mixin.py:190} INFO - [2024-08-26T15:27:16.193+0000] {dag.py:4138} INFO - Setting next_dagrun for example_bash_operator to 2024-08-25 00:00:00+00:00, run_after=2024-08-26 00:00:00+00:00
[2024-08-26T15:27:16.262+0000] {processor.py:208} INFO - Processing /home/airflow/.local/lib/python3.12/site-packages/airflow/example_dags/example_bash_operator.py took 0.357 seconds
[2024-08-26T15:27:54.541+0000] {processor.py:186} INFO - Started process (PID=1881) to work on /home/airflow/.local/lib/python3.12/site-packages/airflow/example_dags/example_bash_operator.py
[2024-08-26T15:27:54.547+0000] {processor.py:914} INFO - Processing file /home/airflow/.local/lib/python3.12/site-packages/airflow/example_dags/example_bash_operator.py for tasks to queue
[2024-08-26T15:27:54.557+0000] {logging_mixin.py:190} INFO - [2024-08-26T15:27:54.554+0000] {dagbag.py:587} INFO - Filling up the DagBag from /home/airflow/.local/lib/python3.12/site-packages/airflow/example_dags/example_bash_operator.py
[2024-08-26T15:27:54.659+0000] {processor.py:925} INFO - DAG(s) 'example_bash_operator' retrieved from /home/airflow/.local/lib/python3.12/site-packages/airflow/example_dags/example_bash_operator.py
[2024-08-26T15:27:54.861+0000] {logging_mixin.py:190} INFO - [2024-08-26T15:27:54.859+0000] {dag.py:3211} INFO - Sync 1 DAGs
[2024-08-26T15:27:55.092+0000] {logging_mixin.py:190} INFO - [2024-08-26T15:27:55.092+0000] {dag.py:4138} INFO - Setting next_dagrun for example_bash_operator to 2024-08-25 00:00:00+00:00, run_after=2024-08-26 00:00:00+00:00
[2024-08-26T15:27:55.160+0000] {processor.py:208} INFO - Processing /home/airflow/.local/lib/python3.12/site-packages/airflow/example_dags/example_bash_operator.py took 0.672 seconds
[2024-08-26T15:28:34.275+0000] {processor.py:186} INFO - Started process (PID=1953) to work on /home/airflow/.local/lib/python3.12/site-packages/airflow/example_dags/example_bash_operator.py
[2024-08-26T15:28:34.278+0000] {processor.py:914} INFO - Processing file /home/airflow/.local/lib/python3.12/site-packages/airflow/example_dags/example_bash_operator.py for tasks to queue
[2024-08-26T15:28:34.281+0000] {logging_mixin.py:190} INFO - [2024-08-26T15:28:34.280+0000] {dagbag.py:587} INFO - Filling up the DagBag from /home/airflow/.local/lib/python3.12/site-packages/airflow/example_dags/example_bash_operator.py
[2024-08-26T15:28:34.312+0000] {processor.py:925} INFO - DAG(s) 'example_bash_operator' retrieved from /home/airflow/.local/lib/python3.12/site-packages/airflow/example_dags/example_bash_operator.py
[2024-08-26T15:28:34.378+0000] {logging_mixin.py:190} INFO - [2024-08-26T15:28:34.378+0000] {dag.py:3211} INFO - Sync 1 DAGs
[2024-08-26T15:28:34.430+0000] {logging_mixin.py:190} INFO - [2024-08-26T15:28:34.429+0000] {dag.py:4138} INFO - Setting next_dagrun for example_bash_operator to 2024-08-25 00:00:00+00:00, run_after=2024-08-26 00:00:00+00:00
[2024-08-26T15:28:34.728+0000] {processor.py:208} INFO - Processing /home/airflow/.local/lib/python3.12/site-packages/airflow/example_dags/example_bash_operator.py took 0.466 seconds
[2024-08-26T15:29:43.779+0000] {processor.py:186} INFO - Started process (PID=2026) to work on /home/airflow/.local/lib/python3.12/site-packages/airflow/example_dags/example_bash_operator.py
[2024-08-26T15:29:43.792+0000] {processor.py:914} INFO - Processing file /home/airflow/.local/lib/python3.12/site-packages/airflow/example_dags/example_bash_operator.py for tasks to queue
[2024-08-26T15:29:43.811+0000] {logging_mixin.py:190} INFO - [2024-08-26T15:29:43.807+0000] {dagbag.py:587} INFO - Filling up the DagBag from /home/airflow/.local/lib/python3.12/site-packages/airflow/example_dags/example_bash_operator.py
[2024-08-26T15:29:43.899+0000] {processor.py:925} INFO - DAG(s) 'example_bash_operator' retrieved from /home/airflow/.local/lib/python3.12/site-packages/airflow/example_dags/example_bash_operator.py
[2024-08-26T15:29:44.091+0000] {logging_mixin.py:190} INFO - [2024-08-26T15:29:44.089+0000] {dag.py:3211} INFO - Sync 1 DAGs
[2024-08-26T15:29:44.233+0000] {logging_mixin.py:190} INFO - [2024-08-26T15:29:44.232+0000] {dag.py:4138} INFO - Setting next_dagrun for example_bash_operator to 2024-08-25 00:00:00+00:00, run_after=2024-08-26 00:00:00+00:00
[2024-08-26T15:29:44.344+0000] {processor.py:208} INFO - Processing /home/airflow/.local/lib/python3.12/site-packages/airflow/example_dags/example_bash_operator.py took 0.600 seconds
[2024-08-26T15:30:58.258+0000] {processor.py:186} INFO - Started process (PID=2101) to work on /home/airflow/.local/lib/python3.12/site-packages/airflow/example_dags/example_bash_operator.py
[2024-08-26T15:30:58.266+0000] {processor.py:914} INFO - Processing file /home/airflow/.local/lib/python3.12/site-packages/airflow/example_dags/example_bash_operator.py for tasks to queue
[2024-08-26T15:30:58.278+0000] {logging_mixin.py:190} INFO - [2024-08-26T15:30:58.275+0000] {dagbag.py:587} INFO - Filling up the DagBag from /home/airflow/.local/lib/python3.12/site-packages/airflow/example_dags/example_bash_operator.py
[2024-08-26T15:30:58.451+0000] {processor.py:925} INFO - DAG(s) 'example_bash_operator' retrieved from /home/airflow/.local/lib/python3.12/site-packages/airflow/example_dags/example_bash_operator.py
[2024-08-26T15:31:01.140+0000] {logging_mixin.py:190} INFO - [2024-08-26T15:31:01.093+0000] {dag.py:3211} INFO - Sync 1 DAGs
[2024-08-26T15:31:02.105+0000] {logging_mixin.py:190} INFO - [2024-08-26T15:31:02.103+0000] {dag.py:4138} INFO - Setting next_dagrun for example_bash_operator to 2024-08-25 00:00:00+00:00, run_after=2024-08-26 00:00:00+00:00
[2024-08-26T15:31:02.339+0000] {processor.py:208} INFO - Processing /home/airflow/.local/lib/python3.12/site-packages/airflow/example_dags/example_bash_operator.py took 4.122 seconds
[2024-08-26T15:31:53.711+0000] {processor.py:186} INFO - Started process (PID=2178) to work on /home/airflow/.local/lib/python3.12/site-packages/airflow/example_dags/example_bash_operator.py
[2024-08-26T15:31:53.716+0000] {processor.py:914} INFO - Processing file /home/airflow/.local/lib/python3.12/site-packages/airflow/example_dags/example_bash_operator.py for tasks to queue
[2024-08-26T15:31:53.722+0000] {logging_mixin.py:190} INFO - [2024-08-26T15:31:53.721+0000] {dagbag.py:587} INFO - Filling up the DagBag from /home/airflow/.local/lib/python3.12/site-packages/airflow/example_dags/example_bash_operator.py
[2024-08-26T15:31:53.781+0000] {processor.py:925} INFO - DAG(s) 'example_bash_operator' retrieved from /home/airflow/.local/lib/python3.12/site-packages/airflow/example_dags/example_bash_operator.py
[2024-08-26T15:31:53.905+0000] {logging_mixin.py:190} INFO - [2024-08-26T15:31:53.904+0000] {dag.py:3211} INFO - Sync 1 DAGs
[2024-08-26T15:31:54.032+0000] {logging_mixin.py:190} INFO - [2024-08-26T15:31:54.031+0000] {dag.py:4138} INFO - Setting next_dagrun for example_bash_operator to 2024-08-25 00:00:00+00:00, run_after=2024-08-26 00:00:00+00:00
[2024-08-26T15:31:54.122+0000] {processor.py:208} INFO - Processing /home/airflow/.local/lib/python3.12/site-packages/airflow/example_dags/example_bash_operator.py took 0.438 seconds
[2024-08-26T15:33:07.198+0000] {processor.py:186} INFO - Started process (PID=2254) to work on /home/airflow/.local/lib/python3.12/site-packages/airflow/example_dags/example_bash_operator.py
[2024-08-26T15:33:07.207+0000] {processor.py:914} INFO - Processing file /home/airflow/.local/lib/python3.12/site-packages/airflow/example_dags/example_bash_operator.py for tasks to queue
[2024-08-26T15:33:07.215+0000] {logging_mixin.py:190} INFO - [2024-08-26T15:33:07.213+0000] {dagbag.py:587} INFO - Filling up the DagBag from /home/airflow/.local/lib/python3.12/site-packages/airflow/example_dags/example_bash_operator.py
[2024-08-26T15:33:07.341+0000] {processor.py:925} INFO - DAG(s) 'example_bash_operator' retrieved from /home/airflow/.local/lib/python3.12/site-packages/airflow/example_dags/example_bash_operator.py
[2024-08-26T15:33:07.575+0000] {logging_mixin.py:190} INFO - [2024-08-26T15:33:07.574+0000] {dag.py:3211} INFO - Sync 1 DAGs
[2024-08-26T15:33:07.832+0000] {logging_mixin.py:190} INFO - [2024-08-26T15:33:07.831+0000] {dag.py:4138} INFO - Setting next_dagrun for example_bash_operator to 2024-08-25 00:00:00+00:00, run_after=2024-08-26 00:00:00+00:00
[2024-08-26T15:33:07.999+0000] {processor.py:208} INFO - Processing /home/airflow/.local/lib/python3.12/site-packages/airflow/example_dags/example_bash_operator.py took 0.866 seconds
[2024-08-26T15:38:58.879+0000] {processor.py:186} INFO - Started process (PID=2384) to work on /home/airflow/.local/lib/python3.12/site-packages/airflow/example_dags/example_bash_operator.py
[2024-08-26T15:38:58.886+0000] {processor.py:914} INFO - Processing file /home/airflow/.local/lib/python3.12/site-packages/airflow/example_dags/example_bash_operator.py for tasks to queue
[2024-08-26T15:38:58.930+0000] {logging_mixin.py:190} INFO - [2024-08-26T15:38:58.893+0000] {dagbag.py:587} INFO - Filling up the DagBag from /home/airflow/.local/lib/python3.12/site-packages/airflow/example_dags/example_bash_operator.py
[2024-08-26T15:38:58.999+0000] {processor.py:925} INFO - DAG(s) 'example_bash_operator' retrieved from /home/airflow/.local/lib/python3.12/site-packages/airflow/example_dags/example_bash_operator.py
[2024-08-26T15:38:59.165+0000] {logging_mixin.py:190} INFO - [2024-08-26T15:38:59.163+0000] {dag.py:3211} INFO - Sync 1 DAGs
[2024-08-26T15:38:59.289+0000] {logging_mixin.py:190} INFO - [2024-08-26T15:38:59.288+0000] {dag.py:4138} INFO - Setting next_dagrun for example_bash_operator to 2024-08-25 00:00:00+00:00, run_after=2024-08-26 00:00:00+00:00
[2024-08-26T15:38:59.369+0000] {processor.py:208} INFO - Processing /home/airflow/.local/lib/python3.12/site-packages/airflow/example_dags/example_bash_operator.py took 0.528 seconds
[2024-08-26T15:39:33.437+0000] {processor.py:186} INFO - Started process (PID=2449) to work on /home/airflow/.local/lib/python3.12/site-packages/airflow/example_dags/example_bash_operator.py
[2024-08-26T15:39:33.441+0000] {processor.py:914} INFO - Processing file /home/airflow/.local/lib/python3.12/site-packages/airflow/example_dags/example_bash_operator.py for tasks to queue
[2024-08-26T15:39:33.449+0000] {logging_mixin.py:190} INFO - [2024-08-26T15:39:33.446+0000] {dagbag.py:587} INFO - Filling up the DagBag from /home/airflow/.local/lib/python3.12/site-packages/airflow/example_dags/example_bash_operator.py
[2024-08-26T15:39:33.493+0000] {processor.py:925} INFO - DAG(s) 'example_bash_operator' retrieved from /home/airflow/.local/lib/python3.12/site-packages/airflow/example_dags/example_bash_operator.py
[2024-08-26T15:39:33.555+0000] {logging_mixin.py:190} INFO - [2024-08-26T15:39:33.555+0000] {dag.py:3211} INFO - Sync 1 DAGs
[2024-08-26T15:39:33.614+0000] {logging_mixin.py:190} INFO - [2024-08-26T15:39:33.614+0000] {dag.py:4138} INFO - Setting next_dagrun for example_bash_operator to 2024-08-25 00:00:00+00:00, run_after=2024-08-26 00:00:00+00:00
[2024-08-26T15:39:33.652+0000] {processor.py:208} INFO - Processing /home/airflow/.local/lib/python3.12/site-packages/airflow/example_dags/example_bash_operator.py took 0.232 seconds
[2024-08-26T15:40:21.944+0000] {processor.py:186} INFO - Started process (PID=2517) to work on /home/airflow/.local/lib/python3.12/site-packages/airflow/example_dags/example_bash_operator.py
[2024-08-26T15:40:21.947+0000] {processor.py:914} INFO - Processing file /home/airflow/.local/lib/python3.12/site-packages/airflow/example_dags/example_bash_operator.py for tasks to queue
[2024-08-26T15:40:21.950+0000] {logging_mixin.py:190} INFO - [2024-08-26T15:40:21.949+0000] {dagbag.py:587} INFO - Filling up the DagBag from /home/airflow/.local/lib/python3.12/site-packages/airflow/example_dags/example_bash_operator.py
[2024-08-26T15:40:21.975+0000] {processor.py:925} INFO - DAG(s) 'example_bash_operator' retrieved from /home/airflow/.local/lib/python3.12/site-packages/airflow/example_dags/example_bash_operator.py
[2024-08-26T15:40:22.038+0000] {logging_mixin.py:190} INFO - [2024-08-26T15:40:22.038+0000] {dag.py:3211} INFO - Sync 1 DAGs
[2024-08-26T15:40:22.089+0000] {logging_mixin.py:190} INFO - [2024-08-26T15:40:22.089+0000] {dag.py:4138} INFO - Setting next_dagrun for example_bash_operator to 2024-08-25 00:00:00+00:00, run_after=2024-08-26 00:00:00+00:00
[2024-08-26T15:40:22.128+0000] {processor.py:208} INFO - Processing /home/airflow/.local/lib/python3.12/site-packages/airflow/example_dags/example_bash_operator.py took 0.197 seconds
[2024-08-26T15:41:11.675+0000] {processor.py:186} INFO - Started process (PID=2589) to work on /home/airflow/.local/lib/python3.12/site-packages/airflow/example_dags/example_bash_operator.py
[2024-08-26T15:41:11.682+0000] {processor.py:914} INFO - Processing file /home/airflow/.local/lib/python3.12/site-packages/airflow/example_dags/example_bash_operator.py for tasks to queue
[2024-08-26T15:41:11.692+0000] {logging_mixin.py:190} INFO - [2024-08-26T15:41:11.690+0000] {dagbag.py:587} INFO - Filling up the DagBag from /home/airflow/.local/lib/python3.12/site-packages/airflow/example_dags/example_bash_operator.py
[2024-08-26T15:41:11.754+0000] {processor.py:925} INFO - DAG(s) 'example_bash_operator' retrieved from /home/airflow/.local/lib/python3.12/site-packages/airflow/example_dags/example_bash_operator.py
[2024-08-26T15:41:11.866+0000] {logging_mixin.py:190} INFO - [2024-08-26T15:41:11.865+0000] {dag.py:3211} INFO - Sync 1 DAGs
[2024-08-26T15:41:11.945+0000] {logging_mixin.py:190} INFO - [2024-08-26T15:41:11.945+0000] {dag.py:4138} INFO - Setting next_dagrun for example_bash_operator to 2024-08-25 00:00:00+00:00, run_after=2024-08-26 00:00:00+00:00
[2024-08-26T15:41:12.000+0000] {processor.py:208} INFO - Processing /home/airflow/.local/lib/python3.12/site-packages/airflow/example_dags/example_bash_operator.py took 0.369 seconds
[2024-08-26T15:44:00.653+0000] {processor.py:186} INFO - Started process (PID=2683) to work on /home/airflow/.local/lib/python3.12/site-packages/airflow/example_dags/example_bash_operator.py
[2024-08-26T15:44:00.658+0000] {processor.py:914} INFO - Processing file /home/airflow/.local/lib/python3.12/site-packages/airflow/example_dags/example_bash_operator.py for tasks to queue
[2024-08-26T15:44:00.664+0000] {logging_mixin.py:190} INFO - [2024-08-26T15:44:00.663+0000] {dagbag.py:587} INFO - Filling up the DagBag from /home/airflow/.local/lib/python3.12/site-packages/airflow/example_dags/example_bash_operator.py
[2024-08-26T15:44:00.721+0000] {processor.py:925} INFO - DAG(s) 'example_bash_operator' retrieved from /home/airflow/.local/lib/python3.12/site-packages/airflow/example_dags/example_bash_operator.py
[2024-08-26T15:44:00.943+0000] {logging_mixin.py:190} INFO - [2024-08-26T15:44:00.942+0000] {dag.py:3211} INFO - Sync 1 DAGs
[2024-08-26T15:44:01.034+0000] {logging_mixin.py:190} INFO - [2024-08-26T15:44:01.033+0000] {dag.py:4138} INFO - Setting next_dagrun for example_bash_operator to 2024-08-25 00:00:00+00:00, run_after=2024-08-26 00:00:00+00:00
[2024-08-26T15:44:01.110+0000] {processor.py:208} INFO - Processing /home/airflow/.local/lib/python3.12/site-packages/airflow/example_dags/example_bash_operator.py took 0.509 seconds
[2024-08-26T15:44:41.929+0000] {processor.py:186} INFO - Started process (PID=2756) to work on /home/airflow/.local/lib/python3.12/site-packages/airflow/example_dags/example_bash_operator.py
[2024-08-26T15:44:41.931+0000] {processor.py:914} INFO - Processing file /home/airflow/.local/lib/python3.12/site-packages/airflow/example_dags/example_bash_operator.py for tasks to queue
[2024-08-26T15:44:41.935+0000] {logging_mixin.py:190} INFO - [2024-08-26T15:44:41.934+0000] {dagbag.py:587} INFO - Filling up the DagBag from /home/airflow/.local/lib/python3.12/site-packages/airflow/example_dags/example_bash_operator.py
[2024-08-26T15:44:41.963+0000] {processor.py:925} INFO - DAG(s) 'example_bash_operator' retrieved from /home/airflow/.local/lib/python3.12/site-packages/airflow/example_dags/example_bash_operator.py
[2024-08-26T15:44:42.032+0000] {logging_mixin.py:190} INFO - [2024-08-26T15:44:42.031+0000] {dag.py:3211} INFO - Sync 1 DAGs
[2024-08-26T15:44:42.087+0000] {logging_mixin.py:190} INFO - [2024-08-26T15:44:42.086+0000] {dag.py:4138} INFO - Setting next_dagrun for example_bash_operator to 2024-08-25 00:00:00+00:00, run_after=2024-08-26 00:00:00+00:00
[2024-08-26T15:44:42.127+0000] {processor.py:208} INFO - Processing /home/airflow/.local/lib/python3.12/site-packages/airflow/example_dags/example_bash_operator.py took 0.213 seconds
[2024-08-26T15:45:18.480+0000] {processor.py:186} INFO - Started process (PID=2822) to work on /home/airflow/.local/lib/python3.12/site-packages/airflow/example_dags/example_bash_operator.py
[2024-08-26T15:45:18.521+0000] {processor.py:914} INFO - Processing file /home/airflow/.local/lib/python3.12/site-packages/airflow/example_dags/example_bash_operator.py for tasks to queue
[2024-08-26T15:45:18.557+0000] {logging_mixin.py:190} INFO - [2024-08-26T15:45:18.556+0000] {dagbag.py:587} INFO - Filling up the DagBag from /home/airflow/.local/lib/python3.12/site-packages/airflow/example_dags/example_bash_operator.py
[2024-08-26T15:45:18.576+0000] {processor.py:925} INFO - DAG(s) 'example_bash_operator' retrieved from /home/airflow/.local/lib/python3.12/site-packages/airflow/example_dags/example_bash_operator.py
[2024-08-26T15:45:18.630+0000] {logging_mixin.py:190} INFO - [2024-08-26T15:45:18.630+0000] {dag.py:3211} INFO - Sync 1 DAGs
[2024-08-26T15:45:18.665+0000] {logging_mixin.py:190} INFO - [2024-08-26T15:45:18.664+0000] {dag.py:4138} INFO - Setting next_dagrun for example_bash_operator to 2024-08-25 00:00:00+00:00, run_after=2024-08-26 00:00:00+00:00
[2024-08-26T15:45:18.690+0000] {processor.py:208} INFO - Processing /home/airflow/.local/lib/python3.12/site-packages/airflow/example_dags/example_bash_operator.py took 0.352 seconds
[2024-08-26T15:46:03.325+0000] {processor.py:186} INFO - Started process (PID=2894) to work on /home/airflow/.local/lib/python3.12/site-packages/airflow/example_dags/example_bash_operator.py
[2024-08-26T15:46:03.328+0000] {processor.py:914} INFO - Processing file /home/airflow/.local/lib/python3.12/site-packages/airflow/example_dags/example_bash_operator.py for tasks to queue
[2024-08-26T15:46:03.332+0000] {logging_mixin.py:190} INFO - [2024-08-26T15:46:03.331+0000] {dagbag.py:587} INFO - Filling up the DagBag from /home/airflow/.local/lib/python3.12/site-packages/airflow/example_dags/example_bash_operator.py
[2024-08-26T15:46:03.362+0000] {processor.py:925} INFO - DAG(s) 'example_bash_operator' retrieved from /home/airflow/.local/lib/python3.12/site-packages/airflow/example_dags/example_bash_operator.py
[2024-08-26T15:46:03.449+0000] {logging_mixin.py:190} INFO - [2024-08-26T15:46:03.448+0000] {dag.py:3211} INFO - Sync 1 DAGs
[2024-08-26T15:46:03.511+0000] {logging_mixin.py:190} INFO - [2024-08-26T15:46:03.510+0000] {dag.py:4138} INFO - Setting next_dagrun for example_bash_operator to 2024-08-25 00:00:00+00:00, run_after=2024-08-26 00:00:00+00:00
[2024-08-26T15:46:03.565+0000] {processor.py:208} INFO - Processing /home/airflow/.local/lib/python3.12/site-packages/airflow/example_dags/example_bash_operator.py took 0.258 seconds
[2024-08-26T15:48:08.665+0000] {processor.py:186} INFO - Started process (PID=2982) to work on /home/airflow/.local/lib/python3.12/site-packages/airflow/example_dags/example_bash_operator.py
[2024-08-26T15:48:08.669+0000] {processor.py:914} INFO - Processing file /home/airflow/.local/lib/python3.12/site-packages/airflow/example_dags/example_bash_operator.py for tasks to queue
[2024-08-26T15:48:08.674+0000] {logging_mixin.py:190} INFO - [2024-08-26T15:48:08.673+0000] {dagbag.py:587} INFO - Filling up the DagBag from /home/airflow/.local/lib/python3.12/site-packages/airflow/example_dags/example_bash_operator.py
[2024-08-26T15:48:08.724+0000] {processor.py:925} INFO - DAG(s) 'example_bash_operator' retrieved from /home/airflow/.local/lib/python3.12/site-packages/airflow/example_dags/example_bash_operator.py
[2024-08-26T15:48:08.862+0000] {logging_mixin.py:190} INFO - [2024-08-26T15:48:08.861+0000] {dag.py:3211} INFO - Sync 1 DAGs
[2024-08-26T15:48:08.936+0000] {logging_mixin.py:190} INFO - [2024-08-26T15:48:08.936+0000] {dag.py:4138} INFO - Setting next_dagrun for example_bash_operator to 2024-08-25 00:00:00+00:00, run_after=2024-08-26 00:00:00+00:00
[2024-08-26T15:48:08.987+0000] {processor.py:208} INFO - Processing /home/airflow/.local/lib/python3.12/site-packages/airflow/example_dags/example_bash_operator.py took 0.343 seconds
[2024-08-26T15:51:05.854+0000] {processor.py:186} INFO - Started process (PID=3075) to work on /home/airflow/.local/lib/python3.12/site-packages/airflow/example_dags/example_bash_operator.py
[2024-08-26T15:51:05.873+0000] {processor.py:914} INFO - Processing file /home/airflow/.local/lib/python3.12/site-packages/airflow/example_dags/example_bash_operator.py for tasks to queue
[2024-08-26T15:51:05.906+0000] {logging_mixin.py:190} INFO - [2024-08-26T15:51:05.903+0000] {dagbag.py:587} INFO - Filling up the DagBag from /home/airflow/.local/lib/python3.12/site-packages/airflow/example_dags/example_bash_operator.py
[2024-08-26T15:51:06.073+0000] {processor.py:925} INFO - DAG(s) 'example_bash_operator' retrieved from /home/airflow/.local/lib/python3.12/site-packages/airflow/example_dags/example_bash_operator.py
[2024-08-26T15:51:06.493+0000] {logging_mixin.py:190} INFO - [2024-08-26T15:51:06.481+0000] {dag.py:3211} INFO - Sync 1 DAGs
[2024-08-26T15:51:06.731+0000] {logging_mixin.py:190} INFO - [2024-08-26T15:51:06.730+0000] {dag.py:4138} INFO - Setting next_dagrun for example_bash_operator to 2024-08-25 00:00:00+00:00, run_after=2024-08-26 00:00:00+00:00
[2024-08-26T15:51:07.053+0000] {processor.py:208} INFO - Processing /home/airflow/.local/lib/python3.12/site-packages/airflow/example_dags/example_bash_operator.py took 1.309 seconds
[2024-08-26T15:51:52.428+0000] {processor.py:186} INFO - Started process (PID=3147) to work on /home/airflow/.local/lib/python3.12/site-packages/airflow/example_dags/example_bash_operator.py
[2024-08-26T15:51:52.431+0000] {processor.py:914} INFO - Processing file /home/airflow/.local/lib/python3.12/site-packages/airflow/example_dags/example_bash_operator.py for tasks to queue
[2024-08-26T15:51:52.435+0000] {logging_mixin.py:190} INFO - [2024-08-26T15:51:52.434+0000] {dagbag.py:587} INFO - Filling up the DagBag from /home/airflow/.local/lib/python3.12/site-packages/airflow/example_dags/example_bash_operator.py
[2024-08-26T15:51:52.471+0000] {processor.py:925} INFO - DAG(s) 'example_bash_operator' retrieved from /home/airflow/.local/lib/python3.12/site-packages/airflow/example_dags/example_bash_operator.py
[2024-08-26T15:51:52.550+0000] {logging_mixin.py:190} INFO - [2024-08-26T15:51:52.549+0000] {dag.py:3211} INFO - Sync 1 DAGs
[2024-08-26T15:51:52.616+0000] {logging_mixin.py:190} INFO - [2024-08-26T15:51:52.616+0000] {dag.py:4138} INFO - Setting next_dagrun for example_bash_operator to 2024-08-25 00:00:00+00:00, run_after=2024-08-26 00:00:00+00:00
[2024-08-26T15:51:52.659+0000] {processor.py:208} INFO - Processing /home/airflow/.local/lib/python3.12/site-packages/airflow/example_dags/example_bash_operator.py took 0.247 seconds
[2024-08-26T15:52:34.470+0000] {processor.py:186} INFO - Started process (PID=3214) to work on /home/airflow/.local/lib/python3.12/site-packages/airflow/example_dags/example_bash_operator.py
[2024-08-26T15:52:34.473+0000] {processor.py:914} INFO - Processing file /home/airflow/.local/lib/python3.12/site-packages/airflow/example_dags/example_bash_operator.py for tasks to queue
[2024-08-26T15:52:34.478+0000] {logging_mixin.py:190} INFO - [2024-08-26T15:52:34.477+0000] {dagbag.py:587} INFO - Filling up the DagBag from /home/airflow/.local/lib/python3.12/site-packages/airflow/example_dags/example_bash_operator.py
[2024-08-26T15:52:34.514+0000] {processor.py:925} INFO - DAG(s) 'example_bash_operator' retrieved from /home/airflow/.local/lib/python3.12/site-packages/airflow/example_dags/example_bash_operator.py
[2024-08-26T15:52:34.628+0000] {logging_mixin.py:190} INFO - [2024-08-26T15:52:34.627+0000] {dag.py:3211} INFO - Sync 1 DAGs
[2024-08-26T15:52:34.720+0000] {logging_mixin.py:190} INFO - [2024-08-26T15:52:34.719+0000] {dag.py:4138} INFO - Setting next_dagrun for example_bash_operator to 2024-08-25 00:00:00+00:00, run_after=2024-08-26 00:00:00+00:00
[2024-08-26T15:52:34.772+0000] {processor.py:208} INFO - Processing /home/airflow/.local/lib/python3.12/site-packages/airflow/example_dags/example_bash_operator.py took 0.321 seconds
