[2024-08-26T10:34:45.662+0000] {processor.py:186} INFO - Started process (PID=98) to work on /home/airflow/.local/lib/python3.12/site-packages/airflow/example_dags/example_params_ui_tutorial.py
[2024-08-26T10:34:45.664+0000] {processor.py:914} INFO - Processing file /home/airflow/.local/lib/python3.12/site-packages/airflow/example_dags/example_params_ui_tutorial.py for tasks to queue
[2024-08-26T10:34:45.667+0000] {logging_mixin.py:190} INFO - [2024-08-26T10:34:45.667+0000] {dagbag.py:587} INFO - Filling up the DagBag from /home/airflow/.local/lib/python3.12/site-packages/airflow/example_dags/example_params_ui_tutorial.py
[2024-08-26T10:34:45.680+0000] {processor.py:925} INFO - DAG(s) 'example_params_ui_tutorial' retrieved from /home/airflow/.local/lib/python3.12/site-packages/airflow/example_dags/example_params_ui_tutorial.py
[2024-08-26T10:34:45.854+0000] {logging_mixin.py:190} INFO - [2024-08-26T10:34:45.854+0000] {dag.py:3211} INFO - Sync 1 DAGs
[2024-08-26T10:34:45.875+0000] {logging_mixin.py:190} INFO - [2024-08-26T10:34:45.874+0000] {dag.py:4138} INFO - Setting next_dagrun for example_params_ui_tutorial to None, run_after=None
[2024-08-26T10:34:45.937+0000] {processor.py:208} INFO - Processing /home/airflow/.local/lib/python3.12/site-packages/airflow/example_dags/example_params_ui_tutorial.py took 0.282 seconds
[2024-08-26T10:35:28.764+0000] {processor.py:186} INFO - Started process (PID=170) to work on /home/airflow/.local/lib/python3.12/site-packages/airflow/example_dags/example_params_ui_tutorial.py
[2024-08-26T10:35:28.767+0000] {processor.py:914} INFO - Processing file /home/airflow/.local/lib/python3.12/site-packages/airflow/example_dags/example_params_ui_tutorial.py for tasks to queue
[2024-08-26T10:35:28.774+0000] {logging_mixin.py:190} INFO - [2024-08-26T10:35:28.773+0000] {dagbag.py:587} INFO - Filling up the DagBag from /home/airflow/.local/lib/python3.12/site-packages/airflow/example_dags/example_params_ui_tutorial.py
[2024-08-26T10:35:28.789+0000] {processor.py:925} INFO - DAG(s) 'example_params_ui_tutorial' retrieved from /home/airflow/.local/lib/python3.12/site-packages/airflow/example_dags/example_params_ui_tutorial.py
[2024-08-26T10:35:28.864+0000] {logging_mixin.py:190} INFO - [2024-08-26T10:35:28.864+0000] {dag.py:3211} INFO - Sync 1 DAGs
[2024-08-26T10:35:28.887+0000] {logging_mixin.py:190} INFO - [2024-08-26T10:35:28.886+0000] {dag.py:4138} INFO - Setting next_dagrun for example_params_ui_tutorial to None, run_after=None
[2024-08-26T10:35:28.917+0000] {processor.py:208} INFO - Processing /home/airflow/.local/lib/python3.12/site-packages/airflow/example_dags/example_params_ui_tutorial.py took 0.164 seconds
[2024-08-26T10:38:05.131+0000] {processor.py:186} INFO - Started process (PID=98) to work on /home/airflow/.local/lib/python3.12/site-packages/airflow/example_dags/example_params_ui_tutorial.py
[2024-08-26T10:38:05.133+0000] {processor.py:914} INFO - Processing file /home/airflow/.local/lib/python3.12/site-packages/airflow/example_dags/example_params_ui_tutorial.py for tasks to queue
[2024-08-26T10:38:05.137+0000] {logging_mixin.py:190} INFO - [2024-08-26T10:38:05.136+0000] {dagbag.py:587} INFO - Filling up the DagBag from /home/airflow/.local/lib/python3.12/site-packages/airflow/example_dags/example_params_ui_tutorial.py
[2024-08-26T10:38:05.152+0000] {processor.py:925} INFO - DAG(s) 'example_params_ui_tutorial' retrieved from /home/airflow/.local/lib/python3.12/site-packages/airflow/example_dags/example_params_ui_tutorial.py
[2024-08-26T10:38:05.263+0000] {logging_mixin.py:190} INFO - [2024-08-26T10:38:05.262+0000] {dag.py:3211} INFO - Sync 1 DAGs
[2024-08-26T10:38:05.296+0000] {logging_mixin.py:190} INFO - [2024-08-26T10:38:05.295+0000] {dag.py:4138} INFO - Setting next_dagrun for example_params_ui_tutorial to None, run_after=None
[2024-08-26T10:38:05.325+0000] {processor.py:208} INFO - Processing /home/airflow/.local/lib/python3.12/site-packages/airflow/example_dags/example_params_ui_tutorial.py took 0.202 seconds
[2024-08-26T10:38:44.783+0000] {processor.py:186} INFO - Started process (PID=164) to work on /home/airflow/.local/lib/python3.12/site-packages/airflow/example_dags/example_params_ui_tutorial.py
[2024-08-26T10:38:44.785+0000] {processor.py:914} INFO - Processing file /home/airflow/.local/lib/python3.12/site-packages/airflow/example_dags/example_params_ui_tutorial.py for tasks to queue
[2024-08-26T10:38:44.788+0000] {logging_mixin.py:190} INFO - [2024-08-26T10:38:44.788+0000] {dagbag.py:587} INFO - Filling up the DagBag from /home/airflow/.local/lib/python3.12/site-packages/airflow/example_dags/example_params_ui_tutorial.py
[2024-08-26T10:38:44.802+0000] {processor.py:925} INFO - DAG(s) 'example_params_ui_tutorial' retrieved from /home/airflow/.local/lib/python3.12/site-packages/airflow/example_dags/example_params_ui_tutorial.py
[2024-08-26T10:38:44.866+0000] {logging_mixin.py:190} INFO - [2024-08-26T10:38:44.866+0000] {dag.py:3211} INFO - Sync 1 DAGs
[2024-08-26T10:38:44.886+0000] {logging_mixin.py:190} INFO - [2024-08-26T10:38:44.886+0000] {dag.py:4138} INFO - Setting next_dagrun for example_params_ui_tutorial to None, run_after=None
[2024-08-26T10:38:44.912+0000] {processor.py:208} INFO - Processing /home/airflow/.local/lib/python3.12/site-packages/airflow/example_dags/example_params_ui_tutorial.py took 0.137 seconds
[2024-08-26T10:39:23.549+0000] {processor.py:186} INFO - Started process (PID=230) to work on /home/airflow/.local/lib/python3.12/site-packages/airflow/example_dags/example_params_ui_tutorial.py
[2024-08-26T10:39:23.551+0000] {processor.py:914} INFO - Processing file /home/airflow/.local/lib/python3.12/site-packages/airflow/example_dags/example_params_ui_tutorial.py for tasks to queue
[2024-08-26T10:39:23.554+0000] {logging_mixin.py:190} INFO - [2024-08-26T10:39:23.554+0000] {dagbag.py:587} INFO - Filling up the DagBag from /home/airflow/.local/lib/python3.12/site-packages/airflow/example_dags/example_params_ui_tutorial.py
[2024-08-26T10:39:23.567+0000] {processor.py:925} INFO - DAG(s) 'example_params_ui_tutorial' retrieved from /home/airflow/.local/lib/python3.12/site-packages/airflow/example_dags/example_params_ui_tutorial.py
[2024-08-26T10:39:23.629+0000] {logging_mixin.py:190} INFO - [2024-08-26T10:39:23.628+0000] {dag.py:3211} INFO - Sync 1 DAGs
[2024-08-26T10:39:23.650+0000] {logging_mixin.py:190} INFO - [2024-08-26T10:39:23.650+0000] {dag.py:4138} INFO - Setting next_dagrun for example_params_ui_tutorial to None, run_after=None
[2024-08-26T10:39:23.674+0000] {processor.py:208} INFO - Processing /home/airflow/.local/lib/python3.12/site-packages/airflow/example_dags/example_params_ui_tutorial.py took 0.133 seconds
[2024-08-26T10:40:03.255+0000] {processor.py:186} INFO - Started process (PID=304) to work on /home/airflow/.local/lib/python3.12/site-packages/airflow/example_dags/example_params_ui_tutorial.py
[2024-08-26T10:40:03.256+0000] {processor.py:914} INFO - Processing file /home/airflow/.local/lib/python3.12/site-packages/airflow/example_dags/example_params_ui_tutorial.py for tasks to queue
[2024-08-26T10:40:03.260+0000] {logging_mixin.py:190} INFO - [2024-08-26T10:40:03.259+0000] {dagbag.py:587} INFO - Filling up the DagBag from /home/airflow/.local/lib/python3.12/site-packages/airflow/example_dags/example_params_ui_tutorial.py
[2024-08-26T10:40:03.271+0000] {processor.py:925} INFO - DAG(s) 'example_params_ui_tutorial' retrieved from /home/airflow/.local/lib/python3.12/site-packages/airflow/example_dags/example_params_ui_tutorial.py
[2024-08-26T10:40:03.328+0000] {logging_mixin.py:190} INFO - [2024-08-26T10:40:03.328+0000] {dag.py:3211} INFO - Sync 1 DAGs
[2024-08-26T10:40:03.346+0000] {logging_mixin.py:190} INFO - [2024-08-26T10:40:03.346+0000] {dag.py:4138} INFO - Setting next_dagrun for example_params_ui_tutorial to None, run_after=None
[2024-08-26T10:40:03.369+0000] {processor.py:208} INFO - Processing /home/airflow/.local/lib/python3.12/site-packages/airflow/example_dags/example_params_ui_tutorial.py took 0.122 seconds
[2024-08-26T10:40:46.629+0000] {processor.py:186} INFO - Started process (PID=372) to work on /home/airflow/.local/lib/python3.12/site-packages/airflow/example_dags/example_params_ui_tutorial.py
[2024-08-26T10:40:46.630+0000] {processor.py:914} INFO - Processing file /home/airflow/.local/lib/python3.12/site-packages/airflow/example_dags/example_params_ui_tutorial.py for tasks to queue
[2024-08-26T10:40:46.634+0000] {logging_mixin.py:190} INFO - [2024-08-26T10:40:46.634+0000] {dagbag.py:587} INFO - Filling up the DagBag from /home/airflow/.local/lib/python3.12/site-packages/airflow/example_dags/example_params_ui_tutorial.py
[2024-08-26T10:40:46.647+0000] {processor.py:925} INFO - DAG(s) 'example_params_ui_tutorial' retrieved from /home/airflow/.local/lib/python3.12/site-packages/airflow/example_dags/example_params_ui_tutorial.py
[2024-08-26T10:40:46.707+0000] {logging_mixin.py:190} INFO - [2024-08-26T10:40:46.707+0000] {dag.py:3211} INFO - Sync 1 DAGs
[2024-08-26T10:40:46.725+0000] {logging_mixin.py:190} INFO - [2024-08-26T10:40:46.725+0000] {dag.py:4138} INFO - Setting next_dagrun for example_params_ui_tutorial to None, run_after=None
[2024-08-26T10:40:46.747+0000] {processor.py:208} INFO - Processing /home/airflow/.local/lib/python3.12/site-packages/airflow/example_dags/example_params_ui_tutorial.py took 0.127 seconds
[2024-08-26T10:41:23.833+0000] {processor.py:186} INFO - Started process (PID=437) to work on /home/airflow/.local/lib/python3.12/site-packages/airflow/example_dags/example_params_ui_tutorial.py
[2024-08-26T10:41:23.836+0000] {processor.py:914} INFO - Processing file /home/airflow/.local/lib/python3.12/site-packages/airflow/example_dags/example_params_ui_tutorial.py for tasks to queue
[2024-08-26T10:41:23.842+0000] {logging_mixin.py:190} INFO - [2024-08-26T10:41:23.841+0000] {dagbag.py:587} INFO - Filling up the DagBag from /home/airflow/.local/lib/python3.12/site-packages/airflow/example_dags/example_params_ui_tutorial.py
[2024-08-26T10:41:23.866+0000] {processor.py:925} INFO - DAG(s) 'example_params_ui_tutorial' retrieved from /home/airflow/.local/lib/python3.12/site-packages/airflow/example_dags/example_params_ui_tutorial.py
[2024-08-26T10:41:23.976+0000] {logging_mixin.py:190} INFO - [2024-08-26T10:41:23.975+0000] {dag.py:3211} INFO - Sync 1 DAGs
[2024-08-26T10:41:24.002+0000] {logging_mixin.py:190} INFO - [2024-08-26T10:41:24.002+0000] {dag.py:4138} INFO - Setting next_dagrun for example_params_ui_tutorial to None, run_after=None
[2024-08-26T10:41:24.029+0000] {processor.py:208} INFO - Processing /home/airflow/.local/lib/python3.12/site-packages/airflow/example_dags/example_params_ui_tutorial.py took 0.213 seconds
[2024-08-26T10:42:09.798+0000] {processor.py:186} INFO - Started process (PID=509) to work on /home/airflow/.local/lib/python3.12/site-packages/airflow/example_dags/example_params_ui_tutorial.py
[2024-08-26T10:42:09.800+0000] {processor.py:914} INFO - Processing file /home/airflow/.local/lib/python3.12/site-packages/airflow/example_dags/example_params_ui_tutorial.py for tasks to queue
[2024-08-26T10:42:09.803+0000] {logging_mixin.py:190} INFO - [2024-08-26T10:42:09.803+0000] {dagbag.py:587} INFO - Filling up the DagBag from /home/airflow/.local/lib/python3.12/site-packages/airflow/example_dags/example_params_ui_tutorial.py
[2024-08-26T10:42:09.816+0000] {processor.py:925} INFO - DAG(s) 'example_params_ui_tutorial' retrieved from /home/airflow/.local/lib/python3.12/site-packages/airflow/example_dags/example_params_ui_tutorial.py
[2024-08-26T10:42:09.879+0000] {logging_mixin.py:190} INFO - [2024-08-26T10:42:09.879+0000] {dag.py:3211} INFO - Sync 1 DAGs
[2024-08-26T10:42:09.903+0000] {logging_mixin.py:190} INFO - [2024-08-26T10:42:09.903+0000] {dag.py:4138} INFO - Setting next_dagrun for example_params_ui_tutorial to None, run_after=None
[2024-08-26T10:42:09.932+0000] {processor.py:208} INFO - Processing /home/airflow/.local/lib/python3.12/site-packages/airflow/example_dags/example_params_ui_tutorial.py took 0.143 seconds
[2024-08-26T10:42:55.321+0000] {processor.py:186} INFO - Started process (PID=577) to work on /home/airflow/.local/lib/python3.12/site-packages/airflow/example_dags/example_params_ui_tutorial.py
[2024-08-26T10:42:55.323+0000] {processor.py:914} INFO - Processing file /home/airflow/.local/lib/python3.12/site-packages/airflow/example_dags/example_params_ui_tutorial.py for tasks to queue
[2024-08-26T10:42:55.326+0000] {logging_mixin.py:190} INFO - [2024-08-26T10:42:55.325+0000] {dagbag.py:587} INFO - Filling up the DagBag from /home/airflow/.local/lib/python3.12/site-packages/airflow/example_dags/example_params_ui_tutorial.py
[2024-08-26T10:42:55.340+0000] {processor.py:925} INFO - DAG(s) 'example_params_ui_tutorial' retrieved from /home/airflow/.local/lib/python3.12/site-packages/airflow/example_dags/example_params_ui_tutorial.py
[2024-08-26T10:42:55.409+0000] {logging_mixin.py:190} INFO - [2024-08-26T10:42:55.408+0000] {dag.py:3211} INFO - Sync 1 DAGs
[2024-08-26T10:42:55.429+0000] {logging_mixin.py:190} INFO - [2024-08-26T10:42:55.429+0000] {dag.py:4138} INFO - Setting next_dagrun for example_params_ui_tutorial to None, run_after=None
[2024-08-26T10:42:55.455+0000] {processor.py:208} INFO - Processing /home/airflow/.local/lib/python3.12/site-packages/airflow/example_dags/example_params_ui_tutorial.py took 0.143 seconds
[2024-08-26T10:43:38.016+0000] {processor.py:186} INFO - Started process (PID=655) to work on /home/airflow/.local/lib/python3.12/site-packages/airflow/example_dags/example_params_ui_tutorial.py
[2024-08-26T10:43:38.018+0000] {processor.py:914} INFO - Processing file /home/airflow/.local/lib/python3.12/site-packages/airflow/example_dags/example_params_ui_tutorial.py for tasks to queue
[2024-08-26T10:43:38.020+0000] {logging_mixin.py:190} INFO - [2024-08-26T10:43:38.019+0000] {dagbag.py:587} INFO - Filling up the DagBag from /home/airflow/.local/lib/python3.12/site-packages/airflow/example_dags/example_params_ui_tutorial.py
[2024-08-26T10:43:38.033+0000] {processor.py:925} INFO - DAG(s) 'example_params_ui_tutorial' retrieved from /home/airflow/.local/lib/python3.12/site-packages/airflow/example_dags/example_params_ui_tutorial.py
[2024-08-26T10:43:38.099+0000] {logging_mixin.py:190} INFO - [2024-08-26T10:43:38.099+0000] {dag.py:3211} INFO - Sync 1 DAGs
[2024-08-26T10:43:38.121+0000] {logging_mixin.py:190} INFO - [2024-08-26T10:43:38.121+0000] {dag.py:4138} INFO - Setting next_dagrun for example_params_ui_tutorial to None, run_after=None
[2024-08-26T10:43:38.145+0000] {processor.py:208} INFO - Processing /home/airflow/.local/lib/python3.12/site-packages/airflow/example_dags/example_params_ui_tutorial.py took 0.137 seconds
[2024-08-26T10:44:15.517+0000] {processor.py:186} INFO - Started process (PID=721) to work on /home/airflow/.local/lib/python3.12/site-packages/airflow/example_dags/example_params_ui_tutorial.py
[2024-08-26T10:44:15.519+0000] {processor.py:914} INFO - Processing file /home/airflow/.local/lib/python3.12/site-packages/airflow/example_dags/example_params_ui_tutorial.py for tasks to queue
[2024-08-26T10:44:15.520+0000] {logging_mixin.py:190} INFO - [2024-08-26T10:44:15.520+0000] {dagbag.py:587} INFO - Filling up the DagBag from /home/airflow/.local/lib/python3.12/site-packages/airflow/example_dags/example_params_ui_tutorial.py
[2024-08-26T10:44:15.534+0000] {processor.py:925} INFO - DAG(s) 'example_params_ui_tutorial' retrieved from /home/airflow/.local/lib/python3.12/site-packages/airflow/example_dags/example_params_ui_tutorial.py
[2024-08-26T10:44:15.652+0000] {logging_mixin.py:190} INFO - [2024-08-26T10:44:15.651+0000] {dag.py:3211} INFO - Sync 1 DAGs
[2024-08-26T10:44:15.683+0000] {logging_mixin.py:190} INFO - [2024-08-26T10:44:15.683+0000] {dag.py:4138} INFO - Setting next_dagrun for example_params_ui_tutorial to None, run_after=None
[2024-08-26T10:44:15.723+0000] {processor.py:208} INFO - Processing /home/airflow/.local/lib/python3.12/site-packages/airflow/example_dags/example_params_ui_tutorial.py took 0.216 seconds
[2024-08-26T10:44:55.077+0000] {processor.py:186} INFO - Started process (PID=788) to work on /home/airflow/.local/lib/python3.12/site-packages/airflow/example_dags/example_params_ui_tutorial.py
[2024-08-26T10:44:55.080+0000] {processor.py:914} INFO - Processing file /home/airflow/.local/lib/python3.12/site-packages/airflow/example_dags/example_params_ui_tutorial.py for tasks to queue
[2024-08-26T10:44:55.084+0000] {logging_mixin.py:190} INFO - [2024-08-26T10:44:55.083+0000] {dagbag.py:587} INFO - Filling up the DagBag from /home/airflow/.local/lib/python3.12/site-packages/airflow/example_dags/example_params_ui_tutorial.py
[2024-08-26T10:44:55.107+0000] {processor.py:925} INFO - DAG(s) 'example_params_ui_tutorial' retrieved from /home/airflow/.local/lib/python3.12/site-packages/airflow/example_dags/example_params_ui_tutorial.py
[2024-08-26T10:44:55.197+0000] {logging_mixin.py:190} INFO - [2024-08-26T10:44:55.197+0000] {dag.py:3211} INFO - Sync 1 DAGs
[2024-08-26T10:44:55.221+0000] {logging_mixin.py:190} INFO - [2024-08-26T10:44:55.221+0000] {dag.py:4138} INFO - Setting next_dagrun for example_params_ui_tutorial to None, run_after=None
[2024-08-26T10:44:55.250+0000] {processor.py:208} INFO - Processing /home/airflow/.local/lib/python3.12/site-packages/airflow/example_dags/example_params_ui_tutorial.py took 0.185 seconds
[2024-08-26T10:45:36.679+0000] {processor.py:186} INFO - Started process (PID=869) to work on /home/airflow/.local/lib/python3.12/site-packages/airflow/example_dags/example_params_ui_tutorial.py
[2024-08-26T10:45:36.682+0000] {processor.py:914} INFO - Processing file /home/airflow/.local/lib/python3.12/site-packages/airflow/example_dags/example_params_ui_tutorial.py for tasks to queue
[2024-08-26T10:45:36.684+0000] {logging_mixin.py:190} INFO - [2024-08-26T10:45:36.684+0000] {dagbag.py:587} INFO - Filling up the DagBag from /home/airflow/.local/lib/python3.12/site-packages/airflow/example_dags/example_params_ui_tutorial.py
[2024-08-26T10:45:36.708+0000] {processor.py:925} INFO - DAG(s) 'example_params_ui_tutorial' retrieved from /home/airflow/.local/lib/python3.12/site-packages/airflow/example_dags/example_params_ui_tutorial.py
[2024-08-26T10:45:36.793+0000] {logging_mixin.py:190} INFO - [2024-08-26T10:45:36.793+0000] {dag.py:3211} INFO - Sync 1 DAGs
[2024-08-26T10:45:36.823+0000] {logging_mixin.py:190} INFO - [2024-08-26T10:45:36.822+0000] {dag.py:4138} INFO - Setting next_dagrun for example_params_ui_tutorial to None, run_after=None
[2024-08-26T10:45:36.859+0000] {processor.py:208} INFO - Processing /home/airflow/.local/lib/python3.12/site-packages/airflow/example_dags/example_params_ui_tutorial.py took 0.199 seconds
[2024-08-26T10:46:14.889+0000] {processor.py:186} INFO - Started process (PID=935) to work on /home/airflow/.local/lib/python3.12/site-packages/airflow/example_dags/example_params_ui_tutorial.py
[2024-08-26T10:46:14.891+0000] {processor.py:914} INFO - Processing file /home/airflow/.local/lib/python3.12/site-packages/airflow/example_dags/example_params_ui_tutorial.py for tasks to queue
[2024-08-26T10:46:14.894+0000] {logging_mixin.py:190} INFO - [2024-08-26T10:46:14.893+0000] {dagbag.py:587} INFO - Filling up the DagBag from /home/airflow/.local/lib/python3.12/site-packages/airflow/example_dags/example_params_ui_tutorial.py
[2024-08-26T10:46:14.910+0000] {processor.py:925} INFO - DAG(s) 'example_params_ui_tutorial' retrieved from /home/airflow/.local/lib/python3.12/site-packages/airflow/example_dags/example_params_ui_tutorial.py
[2024-08-26T10:46:14.977+0000] {logging_mixin.py:190} INFO - [2024-08-26T10:46:14.977+0000] {dag.py:3211} INFO - Sync 1 DAGs
[2024-08-26T10:46:14.996+0000] {logging_mixin.py:190} INFO - [2024-08-26T10:46:14.996+0000] {dag.py:4138} INFO - Setting next_dagrun for example_params_ui_tutorial to None, run_after=None
[2024-08-26T10:46:15.020+0000] {processor.py:208} INFO - Processing /home/airflow/.local/lib/python3.12/site-packages/airflow/example_dags/example_params_ui_tutorial.py took 0.140 seconds
[2024-08-26T10:46:53.541+0000] {processor.py:186} INFO - Started process (PID=1001) to work on /home/airflow/.local/lib/python3.12/site-packages/airflow/example_dags/example_params_ui_tutorial.py
[2024-08-26T10:46:53.543+0000] {processor.py:914} INFO - Processing file /home/airflow/.local/lib/python3.12/site-packages/airflow/example_dags/example_params_ui_tutorial.py for tasks to queue
[2024-08-26T10:46:53.545+0000] {logging_mixin.py:190} INFO - [2024-08-26T10:46:53.544+0000] {dagbag.py:587} INFO - Filling up the DagBag from /home/airflow/.local/lib/python3.12/site-packages/airflow/example_dags/example_params_ui_tutorial.py
[2024-08-26T10:46:53.558+0000] {processor.py:925} INFO - DAG(s) 'example_params_ui_tutorial' retrieved from /home/airflow/.local/lib/python3.12/site-packages/airflow/example_dags/example_params_ui_tutorial.py
[2024-08-26T10:46:53.618+0000] {logging_mixin.py:190} INFO - [2024-08-26T10:46:53.617+0000] {dag.py:3211} INFO - Sync 1 DAGs
[2024-08-26T10:46:53.637+0000] {logging_mixin.py:190} INFO - [2024-08-26T10:46:53.637+0000] {dag.py:4138} INFO - Setting next_dagrun for example_params_ui_tutorial to None, run_after=None
[2024-08-26T10:46:53.661+0000] {processor.py:208} INFO - Processing /home/airflow/.local/lib/python3.12/site-packages/airflow/example_dags/example_params_ui_tutorial.py took 0.128 seconds
[2024-08-26T10:47:46.571+0000] {processor.py:186} INFO - Started process (PID=1084) to work on /home/airflow/.local/lib/python3.12/site-packages/airflow/example_dags/example_params_ui_tutorial.py
[2024-08-26T10:47:46.573+0000] {processor.py:914} INFO - Processing file /home/airflow/.local/lib/python3.12/site-packages/airflow/example_dags/example_params_ui_tutorial.py for tasks to queue
[2024-08-26T10:47:46.575+0000] {logging_mixin.py:190} INFO - [2024-08-26T10:47:46.575+0000] {dagbag.py:587} INFO - Filling up the DagBag from /home/airflow/.local/lib/python3.12/site-packages/airflow/example_dags/example_params_ui_tutorial.py
[2024-08-26T10:47:46.588+0000] {processor.py:925} INFO - DAG(s) 'example_params_ui_tutorial' retrieved from /home/airflow/.local/lib/python3.12/site-packages/airflow/example_dags/example_params_ui_tutorial.py
[2024-08-26T10:47:46.656+0000] {logging_mixin.py:190} INFO - [2024-08-26T10:47:46.655+0000] {dag.py:3211} INFO - Sync 1 DAGs
[2024-08-26T10:47:46.676+0000] {logging_mixin.py:190} INFO - [2024-08-26T10:47:46.676+0000] {dag.py:4138} INFO - Setting next_dagrun for example_params_ui_tutorial to None, run_after=None
[2024-08-26T10:47:46.701+0000] {processor.py:208} INFO - Processing /home/airflow/.local/lib/python3.12/site-packages/airflow/example_dags/example_params_ui_tutorial.py took 0.138 seconds
[2024-08-26T10:48:23.794+0000] {processor.py:186} INFO - Started process (PID=1150) to work on /home/airflow/.local/lib/python3.12/site-packages/airflow/example_dags/example_params_ui_tutorial.py
[2024-08-26T10:48:23.796+0000] {processor.py:914} INFO - Processing file /home/airflow/.local/lib/python3.12/site-packages/airflow/example_dags/example_params_ui_tutorial.py for tasks to queue
[2024-08-26T10:48:23.798+0000] {logging_mixin.py:190} INFO - [2024-08-26T10:48:23.798+0000] {dagbag.py:587} INFO - Filling up the DagBag from /home/airflow/.local/lib/python3.12/site-packages/airflow/example_dags/example_params_ui_tutorial.py
[2024-08-26T10:48:23.809+0000] {processor.py:925} INFO - DAG(s) 'example_params_ui_tutorial' retrieved from /home/airflow/.local/lib/python3.12/site-packages/airflow/example_dags/example_params_ui_tutorial.py
[2024-08-26T10:48:23.869+0000] {logging_mixin.py:190} INFO - [2024-08-26T10:48:23.868+0000] {dag.py:3211} INFO - Sync 1 DAGs
[2024-08-26T10:48:23.891+0000] {logging_mixin.py:190} INFO - [2024-08-26T10:48:23.891+0000] {dag.py:4138} INFO - Setting next_dagrun for example_params_ui_tutorial to None, run_after=None
[2024-08-26T10:48:23.923+0000] {processor.py:208} INFO - Processing /home/airflow/.local/lib/python3.12/site-packages/airflow/example_dags/example_params_ui_tutorial.py took 0.137 seconds
[2024-08-26T10:49:16.471+0000] {processor.py:186} INFO - Started process (PID=1231) to work on /home/airflow/.local/lib/python3.12/site-packages/airflow/example_dags/example_params_ui_tutorial.py
[2024-08-26T10:49:16.473+0000] {processor.py:914} INFO - Processing file /home/airflow/.local/lib/python3.12/site-packages/airflow/example_dags/example_params_ui_tutorial.py for tasks to queue
[2024-08-26T10:49:16.476+0000] {logging_mixin.py:190} INFO - [2024-08-26T10:49:16.475+0000] {dagbag.py:587} INFO - Filling up the DagBag from /home/airflow/.local/lib/python3.12/site-packages/airflow/example_dags/example_params_ui_tutorial.py
[2024-08-26T10:49:16.495+0000] {processor.py:925} INFO - DAG(s) 'example_params_ui_tutorial' retrieved from /home/airflow/.local/lib/python3.12/site-packages/airflow/example_dags/example_params_ui_tutorial.py
[2024-08-26T10:49:16.608+0000] {logging_mixin.py:190} INFO - [2024-08-26T10:49:16.608+0000] {dag.py:3211} INFO - Sync 1 DAGs
[2024-08-26T10:49:16.650+0000] {logging_mixin.py:190} INFO - [2024-08-26T10:49:16.649+0000] {dag.py:4138} INFO - Setting next_dagrun for example_params_ui_tutorial to None, run_after=None
[2024-08-26T10:49:16.712+0000] {processor.py:208} INFO - Processing /home/airflow/.local/lib/python3.12/site-packages/airflow/example_dags/example_params_ui_tutorial.py took 0.252 seconds
[2024-08-26T15:09:28.279+0000] {processor.py:186} INFO - Started process (PID=98) to work on /home/airflow/.local/lib/python3.12/site-packages/airflow/example_dags/example_params_ui_tutorial.py
[2024-08-26T15:09:28.281+0000] {processor.py:914} INFO - Processing file /home/airflow/.local/lib/python3.12/site-packages/airflow/example_dags/example_params_ui_tutorial.py for tasks to queue
[2024-08-26T15:09:28.284+0000] {logging_mixin.py:190} INFO - [2024-08-26T15:09:28.284+0000] {dagbag.py:587} INFO - Filling up the DagBag from /home/airflow/.local/lib/python3.12/site-packages/airflow/example_dags/example_params_ui_tutorial.py
[2024-08-26T15:09:28.300+0000] {processor.py:925} INFO - DAG(s) 'example_params_ui_tutorial' retrieved from /home/airflow/.local/lib/python3.12/site-packages/airflow/example_dags/example_params_ui_tutorial.py
[2024-08-26T15:09:28.381+0000] {logging_mixin.py:190} INFO - [2024-08-26T15:09:28.380+0000] {dag.py:3211} INFO - Sync 1 DAGs
[2024-08-26T15:09:28.404+0000] {logging_mixin.py:190} INFO - [2024-08-26T15:09:28.404+0000] {dag.py:4138} INFO - Setting next_dagrun for example_params_ui_tutorial to None, run_after=None
[2024-08-26T15:09:28.429+0000] {processor.py:208} INFO - Processing /home/airflow/.local/lib/python3.12/site-packages/airflow/example_dags/example_params_ui_tutorial.py took 0.160 seconds
[2024-08-26T15:10:11.558+0000] {processor.py:186} INFO - Started process (PID=164) to work on /home/airflow/.local/lib/python3.12/site-packages/airflow/example_dags/example_params_ui_tutorial.py
[2024-08-26T15:10:11.560+0000] {processor.py:914} INFO - Processing file /home/airflow/.local/lib/python3.12/site-packages/airflow/example_dags/example_params_ui_tutorial.py for tasks to queue
[2024-08-26T15:10:11.563+0000] {logging_mixin.py:190} INFO - [2024-08-26T15:10:11.562+0000] {dagbag.py:587} INFO - Filling up the DagBag from /home/airflow/.local/lib/python3.12/site-packages/airflow/example_dags/example_params_ui_tutorial.py
[2024-08-26T15:10:11.574+0000] {processor.py:925} INFO - DAG(s) 'example_params_ui_tutorial' retrieved from /home/airflow/.local/lib/python3.12/site-packages/airflow/example_dags/example_params_ui_tutorial.py
[2024-08-26T15:10:11.640+0000] {logging_mixin.py:190} INFO - [2024-08-26T15:10:11.640+0000] {dag.py:3211} INFO - Sync 1 DAGs
[2024-08-26T15:10:11.658+0000] {logging_mixin.py:190} INFO - [2024-08-26T15:10:11.657+0000] {dag.py:4138} INFO - Setting next_dagrun for example_params_ui_tutorial to None, run_after=None
[2024-08-26T15:10:11.680+0000] {processor.py:208} INFO - Processing /home/airflow/.local/lib/python3.12/site-packages/airflow/example_dags/example_params_ui_tutorial.py took 0.130 seconds
[2024-08-26T15:10:49.249+0000] {processor.py:186} INFO - Started process (PID=231) to work on /home/airflow/.local/lib/python3.12/site-packages/airflow/example_dags/example_params_ui_tutorial.py
[2024-08-26T15:10:49.251+0000] {processor.py:914} INFO - Processing file /home/airflow/.local/lib/python3.12/site-packages/airflow/example_dags/example_params_ui_tutorial.py for tasks to queue
[2024-08-26T15:10:49.255+0000] {logging_mixin.py:190} INFO - [2024-08-26T15:10:49.255+0000] {dagbag.py:587} INFO - Filling up the DagBag from /home/airflow/.local/lib/python3.12/site-packages/airflow/example_dags/example_params_ui_tutorial.py
[2024-08-26T15:10:49.270+0000] {processor.py:925} INFO - DAG(s) 'example_params_ui_tutorial' retrieved from /home/airflow/.local/lib/python3.12/site-packages/airflow/example_dags/example_params_ui_tutorial.py
[2024-08-26T15:10:49.326+0000] {logging_mixin.py:190} INFO - [2024-08-26T15:10:49.326+0000] {dag.py:3211} INFO - Sync 1 DAGs
[2024-08-26T15:10:49.344+0000] {logging_mixin.py:190} INFO - [2024-08-26T15:10:49.344+0000] {dag.py:4138} INFO - Setting next_dagrun for example_params_ui_tutorial to None, run_after=None
[2024-08-26T15:10:49.366+0000] {processor.py:208} INFO - Processing /home/airflow/.local/lib/python3.12/site-packages/airflow/example_dags/example_params_ui_tutorial.py took 0.125 seconds
[2024-08-26T15:11:26.921+0000] {processor.py:186} INFO - Started process (PID=297) to work on /home/airflow/.local/lib/python3.12/site-packages/airflow/example_dags/example_params_ui_tutorial.py
[2024-08-26T15:11:26.922+0000] {processor.py:914} INFO - Processing file /home/airflow/.local/lib/python3.12/site-packages/airflow/example_dags/example_params_ui_tutorial.py for tasks to queue
[2024-08-26T15:11:26.925+0000] {logging_mixin.py:190} INFO - [2024-08-26T15:11:26.925+0000] {dagbag.py:587} INFO - Filling up the DagBag from /home/airflow/.local/lib/python3.12/site-packages/airflow/example_dags/example_params_ui_tutorial.py
[2024-08-26T15:11:26.937+0000] {processor.py:925} INFO - DAG(s) 'example_params_ui_tutorial' retrieved from /home/airflow/.local/lib/python3.12/site-packages/airflow/example_dags/example_params_ui_tutorial.py
[2024-08-26T15:11:26.991+0000] {logging_mixin.py:190} INFO - [2024-08-26T15:11:26.990+0000] {dag.py:3211} INFO - Sync 1 DAGs
[2024-08-26T15:11:27.010+0000] {logging_mixin.py:190} INFO - [2024-08-26T15:11:27.010+0000] {dag.py:4138} INFO - Setting next_dagrun for example_params_ui_tutorial to None, run_after=None
[2024-08-26T15:11:27.032+0000] {processor.py:208} INFO - Processing /home/airflow/.local/lib/python3.12/site-packages/airflow/example_dags/example_params_ui_tutorial.py took 0.119 seconds
[2024-08-26T15:12:05.584+0000] {processor.py:186} INFO - Started process (PID=369) to work on /home/airflow/.local/lib/python3.12/site-packages/airflow/example_dags/example_params_ui_tutorial.py
[2024-08-26T15:12:05.585+0000] {processor.py:914} INFO - Processing file /home/airflow/.local/lib/python3.12/site-packages/airflow/example_dags/example_params_ui_tutorial.py for tasks to queue
[2024-08-26T15:12:05.589+0000] {logging_mixin.py:190} INFO - [2024-08-26T15:12:05.588+0000] {dagbag.py:587} INFO - Filling up the DagBag from /home/airflow/.local/lib/python3.12/site-packages/airflow/example_dags/example_params_ui_tutorial.py
[2024-08-26T15:12:05.604+0000] {processor.py:925} INFO - DAG(s) 'example_params_ui_tutorial' retrieved from /home/airflow/.local/lib/python3.12/site-packages/airflow/example_dags/example_params_ui_tutorial.py
[2024-08-26T15:12:05.672+0000] {logging_mixin.py:190} INFO - [2024-08-26T15:12:05.671+0000] {dag.py:3211} INFO - Sync 1 DAGs
[2024-08-26T15:12:05.693+0000] {logging_mixin.py:190} INFO - [2024-08-26T15:12:05.693+0000] {dag.py:4138} INFO - Setting next_dagrun for example_params_ui_tutorial to None, run_after=None
[2024-08-26T15:12:05.720+0000] {processor.py:208} INFO - Processing /home/airflow/.local/lib/python3.12/site-packages/airflow/example_dags/example_params_ui_tutorial.py took 0.145 seconds
[2024-08-26T15:12:45.524+0000] {processor.py:186} INFO - Started process (PID=436) to work on /home/airflow/.local/lib/python3.12/site-packages/airflow/example_dags/example_params_ui_tutorial.py
[2024-08-26T15:12:45.526+0000] {processor.py:914} INFO - Processing file /home/airflow/.local/lib/python3.12/site-packages/airflow/example_dags/example_params_ui_tutorial.py for tasks to queue
[2024-08-26T15:12:45.530+0000] {logging_mixin.py:190} INFO - [2024-08-26T15:12:45.529+0000] {dagbag.py:587} INFO - Filling up the DagBag from /home/airflow/.local/lib/python3.12/site-packages/airflow/example_dags/example_params_ui_tutorial.py
[2024-08-26T15:12:45.543+0000] {processor.py:925} INFO - DAG(s) 'example_params_ui_tutorial' retrieved from /home/airflow/.local/lib/python3.12/site-packages/airflow/example_dags/example_params_ui_tutorial.py
[2024-08-26T15:12:45.605+0000] {logging_mixin.py:190} INFO - [2024-08-26T15:12:45.604+0000] {dag.py:3211} INFO - Sync 1 DAGs
[2024-08-26T15:12:45.625+0000] {logging_mixin.py:190} INFO - [2024-08-26T15:12:45.625+0000] {dag.py:4138} INFO - Setting next_dagrun for example_params_ui_tutorial to None, run_after=None
[2024-08-26T15:12:45.650+0000] {processor.py:208} INFO - Processing /home/airflow/.local/lib/python3.12/site-packages/airflow/example_dags/example_params_ui_tutorial.py took 0.134 seconds
[2024-08-26T15:13:37.836+0000] {processor.py:186} INFO - Started process (PID=519) to work on /home/airflow/.local/lib/python3.12/site-packages/airflow/example_dags/example_params_ui_tutorial.py
[2024-08-26T15:13:37.839+0000] {processor.py:914} INFO - Processing file /home/airflow/.local/lib/python3.12/site-packages/airflow/example_dags/example_params_ui_tutorial.py for tasks to queue
[2024-08-26T15:13:37.845+0000] {logging_mixin.py:190} INFO - [2024-08-26T15:13:37.845+0000] {dagbag.py:587} INFO - Filling up the DagBag from /home/airflow/.local/lib/python3.12/site-packages/airflow/example_dags/example_params_ui_tutorial.py
[2024-08-26T15:13:37.863+0000] {processor.py:925} INFO - DAG(s) 'example_params_ui_tutorial' retrieved from /home/airflow/.local/lib/python3.12/site-packages/airflow/example_dags/example_params_ui_tutorial.py
[2024-08-26T15:13:37.936+0000] {logging_mixin.py:190} INFO - [2024-08-26T15:13:37.936+0000] {dag.py:3211} INFO - Sync 1 DAGs
[2024-08-26T15:13:37.960+0000] {logging_mixin.py:190} INFO - [2024-08-26T15:13:37.959+0000] {dag.py:4138} INFO - Setting next_dagrun for example_params_ui_tutorial to None, run_after=None
[2024-08-26T15:13:37.988+0000] {processor.py:208} INFO - Processing /home/airflow/.local/lib/python3.12/site-packages/airflow/example_dags/example_params_ui_tutorial.py took 0.168 seconds
[2024-08-26T15:14:31.658+0000] {processor.py:186} INFO - Started process (PID=592) to work on /home/airflow/.local/lib/python3.12/site-packages/airflow/example_dags/example_params_ui_tutorial.py
[2024-08-26T15:14:31.660+0000] {processor.py:914} INFO - Processing file /home/airflow/.local/lib/python3.12/site-packages/airflow/example_dags/example_params_ui_tutorial.py for tasks to queue
[2024-08-26T15:14:31.662+0000] {logging_mixin.py:190} INFO - [2024-08-26T15:14:31.662+0000] {dagbag.py:587} INFO - Filling up the DagBag from /home/airflow/.local/lib/python3.12/site-packages/airflow/example_dags/example_params_ui_tutorial.py
[2024-08-26T15:14:31.675+0000] {processor.py:925} INFO - DAG(s) 'example_params_ui_tutorial' retrieved from /home/airflow/.local/lib/python3.12/site-packages/airflow/example_dags/example_params_ui_tutorial.py
[2024-08-26T15:14:31.737+0000] {logging_mixin.py:190} INFO - [2024-08-26T15:14:31.737+0000] {dag.py:3211} INFO - Sync 1 DAGs
[2024-08-26T15:14:31.757+0000] {logging_mixin.py:190} INFO - [2024-08-26T15:14:31.757+0000] {dag.py:4138} INFO - Setting next_dagrun for example_params_ui_tutorial to None, run_after=None
[2024-08-26T15:14:31.781+0000] {processor.py:208} INFO - Processing /home/airflow/.local/lib/python3.12/site-packages/airflow/example_dags/example_params_ui_tutorial.py took 0.132 seconds
[2024-08-26T15:15:09.657+0000] {processor.py:186} INFO - Started process (PID=658) to work on /home/airflow/.local/lib/python3.12/site-packages/airflow/example_dags/example_params_ui_tutorial.py
[2024-08-26T15:15:09.659+0000] {processor.py:914} INFO - Processing file /home/airflow/.local/lib/python3.12/site-packages/airflow/example_dags/example_params_ui_tutorial.py for tasks to queue
[2024-08-26T15:15:09.661+0000] {logging_mixin.py:190} INFO - [2024-08-26T15:15:09.660+0000] {dagbag.py:587} INFO - Filling up the DagBag from /home/airflow/.local/lib/python3.12/site-packages/airflow/example_dags/example_params_ui_tutorial.py
[2024-08-26T15:15:09.676+0000] {processor.py:925} INFO - DAG(s) 'example_params_ui_tutorial' retrieved from /home/airflow/.local/lib/python3.12/site-packages/airflow/example_dags/example_params_ui_tutorial.py
[2024-08-26T15:15:09.745+0000] {logging_mixin.py:190} INFO - [2024-08-26T15:15:09.745+0000] {dag.py:3211} INFO - Sync 1 DAGs
[2024-08-26T15:15:09.766+0000] {logging_mixin.py:190} INFO - [2024-08-26T15:15:09.766+0000] {dag.py:4138} INFO - Setting next_dagrun for example_params_ui_tutorial to None, run_after=None
[2024-08-26T15:15:09.792+0000] {processor.py:208} INFO - Processing /home/airflow/.local/lib/python3.12/site-packages/airflow/example_dags/example_params_ui_tutorial.py took 0.144 seconds
[2024-08-26T15:15:56.432+0000] {processor.py:186} INFO - Started process (PID=724) to work on /home/airflow/.local/lib/python3.12/site-packages/airflow/example_dags/example_params_ui_tutorial.py
[2024-08-26T15:15:56.435+0000] {processor.py:914} INFO - Processing file /home/airflow/.local/lib/python3.12/site-packages/airflow/example_dags/example_params_ui_tutorial.py for tasks to queue
[2024-08-26T15:15:56.438+0000] {logging_mixin.py:190} INFO - [2024-08-26T15:15:56.437+0000] {dagbag.py:587} INFO - Filling up the DagBag from /home/airflow/.local/lib/python3.12/site-packages/airflow/example_dags/example_params_ui_tutorial.py
[2024-08-26T15:15:56.457+0000] {processor.py:925} INFO - DAG(s) 'example_params_ui_tutorial' retrieved from /home/airflow/.local/lib/python3.12/site-packages/airflow/example_dags/example_params_ui_tutorial.py
[2024-08-26T15:15:56.550+0000] {logging_mixin.py:190} INFO - [2024-08-26T15:15:56.549+0000] {dag.py:3211} INFO - Sync 1 DAGs
[2024-08-26T15:15:56.579+0000] {logging_mixin.py:190} INFO - [2024-08-26T15:15:56.579+0000] {dag.py:4138} INFO - Setting next_dagrun for example_params_ui_tutorial to None, run_after=None
[2024-08-26T15:15:56.614+0000] {processor.py:208} INFO - Processing /home/airflow/.local/lib/python3.12/site-packages/airflow/example_dags/example_params_ui_tutorial.py took 0.194 seconds
[2024-08-26T15:16:32.366+0000] {processor.py:186} INFO - Started process (PID=795) to work on /home/airflow/.local/lib/python3.12/site-packages/airflow/example_dags/example_params_ui_tutorial.py
[2024-08-26T15:16:32.367+0000] {processor.py:914} INFO - Processing file /home/airflow/.local/lib/python3.12/site-packages/airflow/example_dags/example_params_ui_tutorial.py for tasks to queue
[2024-08-26T15:16:32.369+0000] {logging_mixin.py:190} INFO - [2024-08-26T15:16:32.369+0000] {dagbag.py:587} INFO - Filling up the DagBag from /home/airflow/.local/lib/python3.12/site-packages/airflow/example_dags/example_params_ui_tutorial.py
[2024-08-26T15:16:32.382+0000] {processor.py:925} INFO - DAG(s) 'example_params_ui_tutorial' retrieved from /home/airflow/.local/lib/python3.12/site-packages/airflow/example_dags/example_params_ui_tutorial.py
[2024-08-26T15:16:32.442+0000] {logging_mixin.py:190} INFO - [2024-08-26T15:16:32.441+0000] {dag.py:3211} INFO - Sync 1 DAGs
[2024-08-26T15:16:32.460+0000] {logging_mixin.py:190} INFO - [2024-08-26T15:16:32.460+0000] {dag.py:4138} INFO - Setting next_dagrun for example_params_ui_tutorial to None, run_after=None
[2024-08-26T15:16:32.482+0000] {processor.py:208} INFO - Processing /home/airflow/.local/lib/python3.12/site-packages/airflow/example_dags/example_params_ui_tutorial.py took 0.125 seconds
[2024-08-26T15:17:09.989+0000] {processor.py:186} INFO - Started process (PID=862) to work on /home/airflow/.local/lib/python3.12/site-packages/airflow/example_dags/example_params_ui_tutorial.py
[2024-08-26T15:17:09.990+0000] {processor.py:914} INFO - Processing file /home/airflow/.local/lib/python3.12/site-packages/airflow/example_dags/example_params_ui_tutorial.py for tasks to queue
[2024-08-26T15:17:09.992+0000] {logging_mixin.py:190} INFO - [2024-08-26T15:17:09.992+0000] {dagbag.py:587} INFO - Filling up the DagBag from /home/airflow/.local/lib/python3.12/site-packages/airflow/example_dags/example_params_ui_tutorial.py
[2024-08-26T15:17:10.005+0000] {processor.py:925} INFO - DAG(s) 'example_params_ui_tutorial' retrieved from /home/airflow/.local/lib/python3.12/site-packages/airflow/example_dags/example_params_ui_tutorial.py
[2024-08-26T15:17:10.070+0000] {logging_mixin.py:190} INFO - [2024-08-26T15:17:10.070+0000] {dag.py:3211} INFO - Sync 1 DAGs
[2024-08-26T15:17:10.094+0000] {logging_mixin.py:190} INFO - [2024-08-26T15:17:10.094+0000] {dag.py:4138} INFO - Setting next_dagrun for example_params_ui_tutorial to None, run_after=None
[2024-08-26T15:17:10.120+0000] {processor.py:208} INFO - Processing /home/airflow/.local/lib/python3.12/site-packages/airflow/example_dags/example_params_ui_tutorial.py took 0.139 seconds
[2024-08-26T15:17:46.620+0000] {processor.py:186} INFO - Started process (PID=928) to work on /home/airflow/.local/lib/python3.12/site-packages/airflow/example_dags/example_params_ui_tutorial.py
[2024-08-26T15:17:46.621+0000] {processor.py:914} INFO - Processing file /home/airflow/.local/lib/python3.12/site-packages/airflow/example_dags/example_params_ui_tutorial.py for tasks to queue
[2024-08-26T15:17:46.623+0000] {logging_mixin.py:190} INFO - [2024-08-26T15:17:46.623+0000] {dagbag.py:587} INFO - Filling up the DagBag from /home/airflow/.local/lib/python3.12/site-packages/airflow/example_dags/example_params_ui_tutorial.py
[2024-08-26T15:17:46.636+0000] {processor.py:925} INFO - DAG(s) 'example_params_ui_tutorial' retrieved from /home/airflow/.local/lib/python3.12/site-packages/airflow/example_dags/example_params_ui_tutorial.py
[2024-08-26T15:17:46.699+0000] {logging_mixin.py:190} INFO - [2024-08-26T15:17:46.698+0000] {dag.py:3211} INFO - Sync 1 DAGs
[2024-08-26T15:17:46.718+0000] {logging_mixin.py:190} INFO - [2024-08-26T15:17:46.717+0000] {dag.py:4138} INFO - Setting next_dagrun for example_params_ui_tutorial to None, run_after=None
[2024-08-26T15:17:46.743+0000] {processor.py:208} INFO - Processing /home/airflow/.local/lib/python3.12/site-packages/airflow/example_dags/example_params_ui_tutorial.py took 0.131 seconds
[2024-08-26T15:18:23.789+0000] {processor.py:186} INFO - Started process (PID=994) to work on /home/airflow/.local/lib/python3.12/site-packages/airflow/example_dags/example_params_ui_tutorial.py
[2024-08-26T15:18:23.791+0000] {processor.py:914} INFO - Processing file /home/airflow/.local/lib/python3.12/site-packages/airflow/example_dags/example_params_ui_tutorial.py for tasks to queue
[2024-08-26T15:18:23.793+0000] {logging_mixin.py:190} INFO - [2024-08-26T15:18:23.793+0000] {dagbag.py:587} INFO - Filling up the DagBag from /home/airflow/.local/lib/python3.12/site-packages/airflow/example_dags/example_params_ui_tutorial.py
[2024-08-26T15:18:23.807+0000] {processor.py:925} INFO - DAG(s) 'example_params_ui_tutorial' retrieved from /home/airflow/.local/lib/python3.12/site-packages/airflow/example_dags/example_params_ui_tutorial.py
[2024-08-26T15:18:23.874+0000] {logging_mixin.py:190} INFO - [2024-08-26T15:18:23.873+0000] {dag.py:3211} INFO - Sync 1 DAGs
[2024-08-26T15:18:23.896+0000] {logging_mixin.py:190} INFO - [2024-08-26T15:18:23.896+0000] {dag.py:4138} INFO - Setting next_dagrun for example_params_ui_tutorial to None, run_after=None
[2024-08-26T15:18:23.920+0000] {processor.py:208} INFO - Processing /home/airflow/.local/lib/python3.12/site-packages/airflow/example_dags/example_params_ui_tutorial.py took 0.141 seconds
[2024-08-26T15:19:06.233+0000] {processor.py:186} INFO - Started process (PID=1066) to work on /home/airflow/.local/lib/python3.12/site-packages/airflow/example_dags/example_params_ui_tutorial.py
[2024-08-26T15:19:06.234+0000] {processor.py:914} INFO - Processing file /home/airflow/.local/lib/python3.12/site-packages/airflow/example_dags/example_params_ui_tutorial.py for tasks to queue
[2024-08-26T15:19:06.237+0000] {logging_mixin.py:190} INFO - [2024-08-26T15:19:06.236+0000] {dagbag.py:587} INFO - Filling up the DagBag from /home/airflow/.local/lib/python3.12/site-packages/airflow/example_dags/example_params_ui_tutorial.py
[2024-08-26T15:19:06.253+0000] {processor.py:925} INFO - DAG(s) 'example_params_ui_tutorial' retrieved from /home/airflow/.local/lib/python3.12/site-packages/airflow/example_dags/example_params_ui_tutorial.py
[2024-08-26T15:19:06.320+0000] {logging_mixin.py:190} INFO - [2024-08-26T15:19:06.319+0000] {dag.py:3211} INFO - Sync 1 DAGs
[2024-08-26T15:19:06.343+0000] {logging_mixin.py:190} INFO - [2024-08-26T15:19:06.343+0000] {dag.py:4138} INFO - Setting next_dagrun for example_params_ui_tutorial to None, run_after=None
[2024-08-26T15:19:06.368+0000] {processor.py:208} INFO - Processing /home/airflow/.local/lib/python3.12/site-packages/airflow/example_dags/example_params_ui_tutorial.py took 0.145 seconds
[2024-08-26T15:19:43.496+0000] {processor.py:186} INFO - Started process (PID=1132) to work on /home/airflow/.local/lib/python3.12/site-packages/airflow/example_dags/example_params_ui_tutorial.py
[2024-08-26T15:19:43.498+0000] {processor.py:914} INFO - Processing file /home/airflow/.local/lib/python3.12/site-packages/airflow/example_dags/example_params_ui_tutorial.py for tasks to queue
[2024-08-26T15:19:43.499+0000] {logging_mixin.py:190} INFO - [2024-08-26T15:19:43.499+0000] {dagbag.py:587} INFO - Filling up the DagBag from /home/airflow/.local/lib/python3.12/site-packages/airflow/example_dags/example_params_ui_tutorial.py
[2024-08-26T15:19:43.511+0000] {processor.py:925} INFO - DAG(s) 'example_params_ui_tutorial' retrieved from /home/airflow/.local/lib/python3.12/site-packages/airflow/example_dags/example_params_ui_tutorial.py
[2024-08-26T15:19:43.566+0000] {logging_mixin.py:190} INFO - [2024-08-26T15:19:43.566+0000] {dag.py:3211} INFO - Sync 1 DAGs
[2024-08-26T15:19:43.584+0000] {logging_mixin.py:190} INFO - [2024-08-26T15:19:43.584+0000] {dag.py:4138} INFO - Setting next_dagrun for example_params_ui_tutorial to None, run_after=None
[2024-08-26T15:19:43.611+0000] {processor.py:208} INFO - Processing /home/airflow/.local/lib/python3.12/site-packages/airflow/example_dags/example_params_ui_tutorial.py took 0.123 seconds
[2024-08-26T15:20:21.894+0000] {processor.py:186} INFO - Started process (PID=1199) to work on /home/airflow/.local/lib/python3.12/site-packages/airflow/example_dags/example_params_ui_tutorial.py
[2024-08-26T15:20:21.896+0000] {processor.py:914} INFO - Processing file /home/airflow/.local/lib/python3.12/site-packages/airflow/example_dags/example_params_ui_tutorial.py for tasks to queue
[2024-08-26T15:20:21.898+0000] {logging_mixin.py:190} INFO - [2024-08-26T15:20:21.897+0000] {dagbag.py:587} INFO - Filling up the DagBag from /home/airflow/.local/lib/python3.12/site-packages/airflow/example_dags/example_params_ui_tutorial.py
[2024-08-26T15:20:21.914+0000] {processor.py:925} INFO - DAG(s) 'example_params_ui_tutorial' retrieved from /home/airflow/.local/lib/python3.12/site-packages/airflow/example_dags/example_params_ui_tutorial.py
[2024-08-26T15:20:21.979+0000] {logging_mixin.py:190} INFO - [2024-08-26T15:20:21.979+0000] {dag.py:3211} INFO - Sync 1 DAGs
[2024-08-26T15:20:22.000+0000] {logging_mixin.py:190} INFO - [2024-08-26T15:20:22.000+0000] {dag.py:4138} INFO - Setting next_dagrun for example_params_ui_tutorial to None, run_after=None
[2024-08-26T15:20:22.026+0000] {processor.py:208} INFO - Processing /home/airflow/.local/lib/python3.12/site-packages/airflow/example_dags/example_params_ui_tutorial.py took 0.143 seconds
[2024-08-26T15:21:00.139+0000] {processor.py:186} INFO - Started process (PID=1271) to work on /home/airflow/.local/lib/python3.12/site-packages/airflow/example_dags/example_params_ui_tutorial.py
[2024-08-26T15:21:00.141+0000] {processor.py:914} INFO - Processing file /home/airflow/.local/lib/python3.12/site-packages/airflow/example_dags/example_params_ui_tutorial.py for tasks to queue
[2024-08-26T15:21:00.143+0000] {logging_mixin.py:190} INFO - [2024-08-26T15:21:00.142+0000] {dagbag.py:587} INFO - Filling up the DagBag from /home/airflow/.local/lib/python3.12/site-packages/airflow/example_dags/example_params_ui_tutorial.py
[2024-08-26T15:21:00.156+0000] {processor.py:925} INFO - DAG(s) 'example_params_ui_tutorial' retrieved from /home/airflow/.local/lib/python3.12/site-packages/airflow/example_dags/example_params_ui_tutorial.py
[2024-08-26T15:21:00.216+0000] {logging_mixin.py:190} INFO - [2024-08-26T15:21:00.216+0000] {dag.py:3211} INFO - Sync 1 DAGs
[2024-08-26T15:21:00.246+0000] {logging_mixin.py:190} INFO - [2024-08-26T15:21:00.246+0000] {dag.py:4138} INFO - Setting next_dagrun for example_params_ui_tutorial to None, run_after=None
[2024-08-26T15:21:00.269+0000] {processor.py:208} INFO - Processing /home/airflow/.local/lib/python3.12/site-packages/airflow/example_dags/example_params_ui_tutorial.py took 0.138 seconds
[2024-08-26T15:21:39.597+0000] {processor.py:186} INFO - Started process (PID=1338) to work on /home/airflow/.local/lib/python3.12/site-packages/airflow/example_dags/example_params_ui_tutorial.py
[2024-08-26T15:21:39.598+0000] {processor.py:914} INFO - Processing file /home/airflow/.local/lib/python3.12/site-packages/airflow/example_dags/example_params_ui_tutorial.py for tasks to queue
[2024-08-26T15:21:39.600+0000] {logging_mixin.py:190} INFO - [2024-08-26T15:21:39.600+0000] {dagbag.py:587} INFO - Filling up the DagBag from /home/airflow/.local/lib/python3.12/site-packages/airflow/example_dags/example_params_ui_tutorial.py
[2024-08-26T15:21:39.616+0000] {processor.py:925} INFO - DAG(s) 'example_params_ui_tutorial' retrieved from /home/airflow/.local/lib/python3.12/site-packages/airflow/example_dags/example_params_ui_tutorial.py
[2024-08-26T15:21:39.678+0000] {logging_mixin.py:190} INFO - [2024-08-26T15:21:39.678+0000] {dag.py:3211} INFO - Sync 1 DAGs
[2024-08-26T15:21:39.697+0000] {logging_mixin.py:190} INFO - [2024-08-26T15:21:39.697+0000] {dag.py:4138} INFO - Setting next_dagrun for example_params_ui_tutorial to None, run_after=None
[2024-08-26T15:21:39.721+0000] {processor.py:208} INFO - Processing /home/airflow/.local/lib/python3.12/site-packages/airflow/example_dags/example_params_ui_tutorial.py took 0.134 seconds
[2024-08-26T15:22:29.649+0000] {processor.py:186} INFO - Started process (PID=1404) to work on /home/airflow/.local/lib/python3.12/site-packages/airflow/example_dags/example_params_ui_tutorial.py
[2024-08-26T15:22:29.653+0000] {processor.py:914} INFO - Processing file /home/airflow/.local/lib/python3.12/site-packages/airflow/example_dags/example_params_ui_tutorial.py for tasks to queue
[2024-08-26T15:22:29.659+0000] {logging_mixin.py:190} INFO - [2024-08-26T15:22:29.658+0000] {dagbag.py:587} INFO - Filling up the DagBag from /home/airflow/.local/lib/python3.12/site-packages/airflow/example_dags/example_params_ui_tutorial.py
[2024-08-26T15:22:29.707+0000] {processor.py:925} INFO - DAG(s) 'example_params_ui_tutorial' retrieved from /home/airflow/.local/lib/python3.12/site-packages/airflow/example_dags/example_params_ui_tutorial.py
[2024-08-26T15:22:30.026+0000] {logging_mixin.py:190} INFO - [2024-08-26T15:22:30.025+0000] {dag.py:3211} INFO - Sync 1 DAGs
[2024-08-26T15:22:30.154+0000] {logging_mixin.py:190} INFO - [2024-08-26T15:22:30.152+0000] {dag.py:4138} INFO - Setting next_dagrun for example_params_ui_tutorial to None, run_after=None
[2024-08-26T15:22:30.318+0000] {processor.py:208} INFO - Processing /home/airflow/.local/lib/python3.12/site-packages/airflow/example_dags/example_params_ui_tutorial.py took 0.701 seconds
[2024-08-26T15:23:22.187+0000] {processor.py:186} INFO - Started process (PID=1476) to work on /home/airflow/.local/lib/python3.12/site-packages/airflow/example_dags/example_params_ui_tutorial.py
[2024-08-26T15:23:22.189+0000] {processor.py:914} INFO - Processing file /home/airflow/.local/lib/python3.12/site-packages/airflow/example_dags/example_params_ui_tutorial.py for tasks to queue
[2024-08-26T15:23:22.194+0000] {logging_mixin.py:190} INFO - [2024-08-26T15:23:22.193+0000] {dagbag.py:587} INFO - Filling up the DagBag from /home/airflow/.local/lib/python3.12/site-packages/airflow/example_dags/example_params_ui_tutorial.py
[2024-08-26T15:23:22.223+0000] {processor.py:925} INFO - DAG(s) 'example_params_ui_tutorial' retrieved from /home/airflow/.local/lib/python3.12/site-packages/airflow/example_dags/example_params_ui_tutorial.py
[2024-08-26T15:23:22.314+0000] {logging_mixin.py:190} INFO - [2024-08-26T15:23:22.313+0000] {dag.py:3211} INFO - Sync 1 DAGs
[2024-08-26T15:23:22.347+0000] {logging_mixin.py:190} INFO - [2024-08-26T15:23:22.346+0000] {dag.py:4138} INFO - Setting next_dagrun for example_params_ui_tutorial to None, run_after=None
[2024-08-26T15:23:22.380+0000] {processor.py:208} INFO - Processing /home/airflow/.local/lib/python3.12/site-packages/airflow/example_dags/example_params_ui_tutorial.py took 0.214 seconds
[2024-08-26T15:23:55.897+0000] {processor.py:186} INFO - Started process (PID=1542) to work on /home/airflow/.local/lib/python3.12/site-packages/airflow/example_dags/example_params_ui_tutorial.py
[2024-08-26T15:23:55.898+0000] {processor.py:914} INFO - Processing file /home/airflow/.local/lib/python3.12/site-packages/airflow/example_dags/example_params_ui_tutorial.py for tasks to queue
[2024-08-26T15:23:55.900+0000] {logging_mixin.py:190} INFO - [2024-08-26T15:23:55.900+0000] {dagbag.py:587} INFO - Filling up the DagBag from /home/airflow/.local/lib/python3.12/site-packages/airflow/example_dags/example_params_ui_tutorial.py
[2024-08-26T15:23:55.913+0000] {processor.py:925} INFO - DAG(s) 'example_params_ui_tutorial' retrieved from /home/airflow/.local/lib/python3.12/site-packages/airflow/example_dags/example_params_ui_tutorial.py
[2024-08-26T15:23:55.973+0000] {logging_mixin.py:190} INFO - [2024-08-26T15:23:55.973+0000] {dag.py:3211} INFO - Sync 1 DAGs
[2024-08-26T15:23:55.992+0000] {logging_mixin.py:190} INFO - [2024-08-26T15:23:55.992+0000] {dag.py:4138} INFO - Setting next_dagrun for example_params_ui_tutorial to None, run_after=None
[2024-08-26T15:23:56.017+0000] {processor.py:208} INFO - Processing /home/airflow/.local/lib/python3.12/site-packages/airflow/example_dags/example_params_ui_tutorial.py took 0.128 seconds
[2024-08-26T15:24:32.314+0000] {processor.py:186} INFO - Started process (PID=1614) to work on /home/airflow/.local/lib/python3.12/site-packages/airflow/example_dags/example_params_ui_tutorial.py
[2024-08-26T15:24:32.316+0000] {processor.py:914} INFO - Processing file /home/airflow/.local/lib/python3.12/site-packages/airflow/example_dags/example_params_ui_tutorial.py for tasks to queue
[2024-08-26T15:24:32.318+0000] {logging_mixin.py:190} INFO - [2024-08-26T15:24:32.317+0000] {dagbag.py:587} INFO - Filling up the DagBag from /home/airflow/.local/lib/python3.12/site-packages/airflow/example_dags/example_params_ui_tutorial.py
[2024-08-26T15:24:32.331+0000] {processor.py:925} INFO - DAG(s) 'example_params_ui_tutorial' retrieved from /home/airflow/.local/lib/python3.12/site-packages/airflow/example_dags/example_params_ui_tutorial.py
[2024-08-26T15:24:32.394+0000] {logging_mixin.py:190} INFO - [2024-08-26T15:24:32.394+0000] {dag.py:3211} INFO - Sync 1 DAGs
[2024-08-26T15:24:32.413+0000] {logging_mixin.py:190} INFO - [2024-08-26T15:24:32.413+0000] {dag.py:4138} INFO - Setting next_dagrun for example_params_ui_tutorial to None, run_after=None
[2024-08-26T15:24:32.440+0000] {processor.py:208} INFO - Processing /home/airflow/.local/lib/python3.12/site-packages/airflow/example_dags/example_params_ui_tutorial.py took 0.134 seconds
[2024-08-26T15:25:10.483+0000] {processor.py:186} INFO - Started process (PID=1679) to work on /home/airflow/.local/lib/python3.12/site-packages/airflow/example_dags/example_params_ui_tutorial.py
[2024-08-26T15:25:10.485+0000] {processor.py:914} INFO - Processing file /home/airflow/.local/lib/python3.12/site-packages/airflow/example_dags/example_params_ui_tutorial.py for tasks to queue
[2024-08-26T15:25:10.486+0000] {logging_mixin.py:190} INFO - [2024-08-26T15:25:10.486+0000] {dagbag.py:587} INFO - Filling up the DagBag from /home/airflow/.local/lib/python3.12/site-packages/airflow/example_dags/example_params_ui_tutorial.py
[2024-08-26T15:25:10.499+0000] {processor.py:925} INFO - DAG(s) 'example_params_ui_tutorial' retrieved from /home/airflow/.local/lib/python3.12/site-packages/airflow/example_dags/example_params_ui_tutorial.py
[2024-08-26T15:25:10.556+0000] {logging_mixin.py:190} INFO - [2024-08-26T15:25:10.556+0000] {dag.py:3211} INFO - Sync 1 DAGs
[2024-08-26T15:25:10.576+0000] {logging_mixin.py:190} INFO - [2024-08-26T15:25:10.575+0000] {dag.py:4138} INFO - Setting next_dagrun for example_params_ui_tutorial to None, run_after=None
[2024-08-26T15:25:10.606+0000] {processor.py:208} INFO - Processing /home/airflow/.local/lib/python3.12/site-packages/airflow/example_dags/example_params_ui_tutorial.py took 0.130 seconds
[2024-08-26T15:25:52.622+0000] {processor.py:186} INFO - Started process (PID=1745) to work on /home/airflow/.local/lib/python3.12/site-packages/airflow/example_dags/example_params_ui_tutorial.py
[2024-08-26T15:25:52.624+0000] {processor.py:914} INFO - Processing file /home/airflow/.local/lib/python3.12/site-packages/airflow/example_dags/example_params_ui_tutorial.py for tasks to queue
[2024-08-26T15:25:52.626+0000] {logging_mixin.py:190} INFO - [2024-08-26T15:25:52.626+0000] {dagbag.py:587} INFO - Filling up the DagBag from /home/airflow/.local/lib/python3.12/site-packages/airflow/example_dags/example_params_ui_tutorial.py
[2024-08-26T15:25:52.645+0000] {processor.py:925} INFO - DAG(s) 'example_params_ui_tutorial' retrieved from /home/airflow/.local/lib/python3.12/site-packages/airflow/example_dags/example_params_ui_tutorial.py
[2024-08-26T15:25:52.754+0000] {logging_mixin.py:190} INFO - [2024-08-26T15:25:52.753+0000] {dag.py:3211} INFO - Sync 1 DAGs
[2024-08-26T15:25:52.788+0000] {logging_mixin.py:190} INFO - [2024-08-26T15:25:52.787+0000] {dag.py:4138} INFO - Setting next_dagrun for example_params_ui_tutorial to None, run_after=None
[2024-08-26T15:25:52.824+0000] {processor.py:208} INFO - Processing /home/airflow/.local/lib/python3.12/site-packages/airflow/example_dags/example_params_ui_tutorial.py took 0.214 seconds
[2024-08-26T15:27:19.204+0000] {processor.py:186} INFO - Started process (PID=1825) to work on /home/airflow/.local/lib/python3.12/site-packages/airflow/example_dags/example_params_ui_tutorial.py
[2024-08-26T15:27:19.208+0000] {processor.py:914} INFO - Processing file /home/airflow/.local/lib/python3.12/site-packages/airflow/example_dags/example_params_ui_tutorial.py for tasks to queue
[2024-08-26T15:27:19.215+0000] {logging_mixin.py:190} INFO - [2024-08-26T15:27:19.214+0000] {dagbag.py:587} INFO - Filling up the DagBag from /home/airflow/.local/lib/python3.12/site-packages/airflow/example_dags/example_params_ui_tutorial.py
[2024-08-26T15:27:19.256+0000] {processor.py:925} INFO - DAG(s) 'example_params_ui_tutorial' retrieved from /home/airflow/.local/lib/python3.12/site-packages/airflow/example_dags/example_params_ui_tutorial.py
[2024-08-26T15:27:19.506+0000] {logging_mixin.py:190} INFO - [2024-08-26T15:27:19.505+0000] {dag.py:3211} INFO - Sync 1 DAGs
[2024-08-26T15:27:19.583+0000] {logging_mixin.py:190} INFO - [2024-08-26T15:27:19.582+0000] {dag.py:4138} INFO - Setting next_dagrun for example_params_ui_tutorial to None, run_after=None
[2024-08-26T15:27:19.651+0000] {processor.py:208} INFO - Processing /home/airflow/.local/lib/python3.12/site-packages/airflow/example_dags/example_params_ui_tutorial.py took 0.471 seconds
[2024-08-26T15:27:59.019+0000] {processor.py:186} INFO - Started process (PID=1893) to work on /home/airflow/.local/lib/python3.12/site-packages/airflow/example_dags/example_params_ui_tutorial.py
[2024-08-26T15:27:59.025+0000] {processor.py:914} INFO - Processing file /home/airflow/.local/lib/python3.12/site-packages/airflow/example_dags/example_params_ui_tutorial.py for tasks to queue
[2024-08-26T15:27:59.032+0000] {logging_mixin.py:190} INFO - [2024-08-26T15:27:59.031+0000] {dagbag.py:587} INFO - Filling up the DagBag from /home/airflow/.local/lib/python3.12/site-packages/airflow/example_dags/example_params_ui_tutorial.py
[2024-08-26T15:27:59.084+0000] {processor.py:925} INFO - DAG(s) 'example_params_ui_tutorial' retrieved from /home/airflow/.local/lib/python3.12/site-packages/airflow/example_dags/example_params_ui_tutorial.py
[2024-08-26T15:27:59.286+0000] {logging_mixin.py:190} INFO - [2024-08-26T15:27:59.285+0000] {dag.py:3211} INFO - Sync 1 DAGs
[2024-08-26T15:27:59.341+0000] {logging_mixin.py:190} INFO - [2024-08-26T15:27:59.341+0000] {dag.py:4138} INFO - Setting next_dagrun for example_params_ui_tutorial to None, run_after=None
[2024-08-26T15:27:59.416+0000] {processor.py:208} INFO - Processing /home/airflow/.local/lib/python3.12/site-packages/airflow/example_dags/example_params_ui_tutorial.py took 0.433 seconds
[2024-08-26T15:28:40.773+0000] {processor.py:186} INFO - Started process (PID=1965) to work on /home/airflow/.local/lib/python3.12/site-packages/airflow/example_dags/example_params_ui_tutorial.py
[2024-08-26T15:28:40.777+0000] {processor.py:914} INFO - Processing file /home/airflow/.local/lib/python3.12/site-packages/airflow/example_dags/example_params_ui_tutorial.py for tasks to queue
[2024-08-26T15:28:40.783+0000] {logging_mixin.py:190} INFO - [2024-08-26T15:28:40.781+0000] {dagbag.py:587} INFO - Filling up the DagBag from /home/airflow/.local/lib/python3.12/site-packages/airflow/example_dags/example_params_ui_tutorial.py
[2024-08-26T15:28:40.814+0000] {processor.py:925} INFO - DAG(s) 'example_params_ui_tutorial' retrieved from /home/airflow/.local/lib/python3.12/site-packages/airflow/example_dags/example_params_ui_tutorial.py
[2024-08-26T15:28:40.926+0000] {logging_mixin.py:190} INFO - [2024-08-26T15:28:40.926+0000] {dag.py:3211} INFO - Sync 1 DAGs
[2024-08-26T15:28:41.312+0000] {logging_mixin.py:190} INFO - [2024-08-26T15:28:41.311+0000] {dag.py:4138} INFO - Setting next_dagrun for example_params_ui_tutorial to None, run_after=None
[2024-08-26T15:28:41.368+0000] {processor.py:208} INFO - Processing /home/airflow/.local/lib/python3.12/site-packages/airflow/example_dags/example_params_ui_tutorial.py took 0.615 seconds
[2024-08-26T15:29:48.884+0000] {processor.py:186} INFO - Started process (PID=2038) to work on /home/airflow/.local/lib/python3.12/site-packages/airflow/example_dags/example_params_ui_tutorial.py
[2024-08-26T15:29:48.894+0000] {processor.py:914} INFO - Processing file /home/airflow/.local/lib/python3.12/site-packages/airflow/example_dags/example_params_ui_tutorial.py for tasks to queue
[2024-08-26T15:29:48.904+0000] {logging_mixin.py:190} INFO - [2024-08-26T15:29:48.901+0000] {dagbag.py:587} INFO - Filling up the DagBag from /home/airflow/.local/lib/python3.12/site-packages/airflow/example_dags/example_params_ui_tutorial.py
[2024-08-26T15:29:48.990+0000] {processor.py:925} INFO - DAG(s) 'example_params_ui_tutorial' retrieved from /home/airflow/.local/lib/python3.12/site-packages/airflow/example_dags/example_params_ui_tutorial.py
[2024-08-26T15:29:49.264+0000] {logging_mixin.py:190} INFO - [2024-08-26T15:29:49.263+0000] {dag.py:3211} INFO - Sync 1 DAGs
[2024-08-26T15:29:49.345+0000] {logging_mixin.py:190} INFO - [2024-08-26T15:29:49.344+0000] {dag.py:4138} INFO - Setting next_dagrun for example_params_ui_tutorial to None, run_after=None
[2024-08-26T15:29:49.415+0000] {processor.py:208} INFO - Processing /home/airflow/.local/lib/python3.12/site-packages/airflow/example_dags/example_params_ui_tutorial.py took 0.583 seconds
[2024-08-26T15:31:04.847+0000] {processor.py:186} INFO - Started process (PID=2118) to work on /home/airflow/.local/lib/python3.12/site-packages/airflow/example_dags/example_params_ui_tutorial.py
[2024-08-26T15:31:04.851+0000] {processor.py:914} INFO - Processing file /home/airflow/.local/lib/python3.12/site-packages/airflow/example_dags/example_params_ui_tutorial.py for tasks to queue
[2024-08-26T15:31:04.858+0000] {logging_mixin.py:190} INFO - [2024-08-26T15:31:04.856+0000] {dagbag.py:587} INFO - Filling up the DagBag from /home/airflow/.local/lib/python3.12/site-packages/airflow/example_dags/example_params_ui_tutorial.py
[2024-08-26T15:31:04.892+0000] {processor.py:925} INFO - DAG(s) 'example_params_ui_tutorial' retrieved from /home/airflow/.local/lib/python3.12/site-packages/airflow/example_dags/example_params_ui_tutorial.py
[2024-08-26T15:31:05.053+0000] {logging_mixin.py:190} INFO - [2024-08-26T15:31:05.052+0000] {dag.py:3211} INFO - Sync 1 DAGs
[2024-08-26T15:31:05.102+0000] {logging_mixin.py:190} INFO - [2024-08-26T15:31:05.101+0000] {dag.py:4138} INFO - Setting next_dagrun for example_params_ui_tutorial to None, run_after=None
[2024-08-26T15:31:05.159+0000] {processor.py:208} INFO - Processing /home/airflow/.local/lib/python3.12/site-packages/airflow/example_dags/example_params_ui_tutorial.py took 0.332 seconds
[2024-08-26T15:31:56.738+0000] {processor.py:186} INFO - Started process (PID=2189) to work on /home/airflow/.local/lib/python3.12/site-packages/airflow/example_dags/example_params_ui_tutorial.py
[2024-08-26T15:31:56.742+0000] {processor.py:914} INFO - Processing file /home/airflow/.local/lib/python3.12/site-packages/airflow/example_dags/example_params_ui_tutorial.py for tasks to queue
[2024-08-26T15:31:56.750+0000] {logging_mixin.py:190} INFO - [2024-08-26T15:31:56.748+0000] {dagbag.py:587} INFO - Filling up the DagBag from /home/airflow/.local/lib/python3.12/site-packages/airflow/example_dags/example_params_ui_tutorial.py
[2024-08-26T15:31:56.788+0000] {processor.py:925} INFO - DAG(s) 'example_params_ui_tutorial' retrieved from /home/airflow/.local/lib/python3.12/site-packages/airflow/example_dags/example_params_ui_tutorial.py
[2024-08-26T15:31:57.002+0000] {logging_mixin.py:190} INFO - [2024-08-26T15:31:57.001+0000] {dag.py:3211} INFO - Sync 1 DAGs
[2024-08-26T15:31:57.155+0000] {logging_mixin.py:190} INFO - [2024-08-26T15:31:57.154+0000] {dag.py:4138} INFO - Setting next_dagrun for example_params_ui_tutorial to None, run_after=None
[2024-08-26T15:31:57.253+0000] {processor.py:208} INFO - Processing /home/airflow/.local/lib/python3.12/site-packages/airflow/example_dags/example_params_ui_tutorial.py took 0.545 seconds
[2024-08-26T15:33:14.559+0000] {processor.py:186} INFO - Started process (PID=2265) to work on /home/airflow/.local/lib/python3.12/site-packages/airflow/example_dags/example_params_ui_tutorial.py
[2024-08-26T15:33:14.605+0000] {processor.py:914} INFO - Processing file /home/airflow/.local/lib/python3.12/site-packages/airflow/example_dags/example_params_ui_tutorial.py for tasks to queue
[2024-08-26T15:33:14.641+0000] {logging_mixin.py:190} INFO - [2024-08-26T15:33:14.619+0000] {dagbag.py:587} INFO - Filling up the DagBag from /home/airflow/.local/lib/python3.12/site-packages/airflow/example_dags/example_params_ui_tutorial.py
[2024-08-26T15:33:14.868+0000] {processor.py:925} INFO - DAG(s) 'example_params_ui_tutorial' retrieved from /home/airflow/.local/lib/python3.12/site-packages/airflow/example_dags/example_params_ui_tutorial.py
[2024-08-26T15:33:15.676+0000] {logging_mixin.py:190} INFO - [2024-08-26T15:33:15.675+0000] {dag.py:3211} INFO - Sync 1 DAGs
[2024-08-26T15:33:15.963+0000] {logging_mixin.py:190} INFO - [2024-08-26T15:33:15.961+0000] {dag.py:4138} INFO - Setting next_dagrun for example_params_ui_tutorial to None, run_after=None
[2024-08-26T15:33:16.281+0000] {processor.py:208} INFO - Processing /home/airflow/.local/lib/python3.12/site-packages/airflow/example_dags/example_params_ui_tutorial.py took 2.774 seconds
[2024-08-26T15:39:02.187+0000] {processor.py:186} INFO - Started process (PID=2395) to work on /home/airflow/.local/lib/python3.12/site-packages/airflow/example_dags/example_params_ui_tutorial.py
[2024-08-26T15:39:02.191+0000] {processor.py:914} INFO - Processing file /home/airflow/.local/lib/python3.12/site-packages/airflow/example_dags/example_params_ui_tutorial.py for tasks to queue
[2024-08-26T15:39:02.197+0000] {logging_mixin.py:190} INFO - [2024-08-26T15:39:02.195+0000] {dagbag.py:587} INFO - Filling up the DagBag from /home/airflow/.local/lib/python3.12/site-packages/airflow/example_dags/example_params_ui_tutorial.py
[2024-08-26T15:39:02.231+0000] {processor.py:925} INFO - DAG(s) 'example_params_ui_tutorial' retrieved from /home/airflow/.local/lib/python3.12/site-packages/airflow/example_dags/example_params_ui_tutorial.py
[2024-08-26T15:39:02.435+0000] {logging_mixin.py:190} INFO - [2024-08-26T15:39:02.435+0000] {dag.py:3211} INFO - Sync 1 DAGs
[2024-08-26T15:39:02.497+0000] {logging_mixin.py:190} INFO - [2024-08-26T15:39:02.496+0000] {dag.py:4138} INFO - Setting next_dagrun for example_params_ui_tutorial to None, run_after=None
[2024-08-26T15:39:02.562+0000] {processor.py:208} INFO - Processing /home/airflow/.local/lib/python3.12/site-packages/airflow/example_dags/example_params_ui_tutorial.py took 0.403 seconds
[2024-08-26T15:39:35.671+0000] {processor.py:186} INFO - Started process (PID=2461) to work on /home/airflow/.local/lib/python3.12/site-packages/airflow/example_dags/example_params_ui_tutorial.py
[2024-08-26T15:39:35.674+0000] {processor.py:914} INFO - Processing file /home/airflow/.local/lib/python3.12/site-packages/airflow/example_dags/example_params_ui_tutorial.py for tasks to queue
[2024-08-26T15:39:35.678+0000] {logging_mixin.py:190} INFO - [2024-08-26T15:39:35.677+0000] {dagbag.py:587} INFO - Filling up the DagBag from /home/airflow/.local/lib/python3.12/site-packages/airflow/example_dags/example_params_ui_tutorial.py
[2024-08-26T15:39:35.696+0000] {processor.py:925} INFO - DAG(s) 'example_params_ui_tutorial' retrieved from /home/airflow/.local/lib/python3.12/site-packages/airflow/example_dags/example_params_ui_tutorial.py
[2024-08-26T15:39:35.822+0000] {logging_mixin.py:190} INFO - [2024-08-26T15:39:35.821+0000] {dag.py:3211} INFO - Sync 1 DAGs
[2024-08-26T15:39:35.862+0000] {logging_mixin.py:190} INFO - [2024-08-26T15:39:35.862+0000] {dag.py:4138} INFO - Setting next_dagrun for example_params_ui_tutorial to None, run_after=None
[2024-08-26T15:39:35.912+0000] {processor.py:208} INFO - Processing /home/airflow/.local/lib/python3.12/site-packages/airflow/example_dags/example_params_ui_tutorial.py took 0.257 seconds
[2024-08-26T15:40:23.556+0000] {processor.py:186} INFO - Started process (PID=2528) to work on /home/airflow/.local/lib/python3.12/site-packages/airflow/example_dags/example_params_ui_tutorial.py
[2024-08-26T15:40:23.559+0000] {processor.py:914} INFO - Processing file /home/airflow/.local/lib/python3.12/site-packages/airflow/example_dags/example_params_ui_tutorial.py for tasks to queue
[2024-08-26T15:40:23.562+0000] {logging_mixin.py:190} INFO - [2024-08-26T15:40:23.562+0000] {dagbag.py:587} INFO - Filling up the DagBag from /home/airflow/.local/lib/python3.12/site-packages/airflow/example_dags/example_params_ui_tutorial.py
[2024-08-26T15:40:23.581+0000] {processor.py:925} INFO - DAG(s) 'example_params_ui_tutorial' retrieved from /home/airflow/.local/lib/python3.12/site-packages/airflow/example_dags/example_params_ui_tutorial.py
[2024-08-26T15:40:23.700+0000] {logging_mixin.py:190} INFO - [2024-08-26T15:40:23.699+0000] {dag.py:3211} INFO - Sync 1 DAGs
[2024-08-26T15:40:23.731+0000] {logging_mixin.py:190} INFO - [2024-08-26T15:40:23.731+0000] {dag.py:4138} INFO - Setting next_dagrun for example_params_ui_tutorial to None, run_after=None
[2024-08-26T15:40:23.769+0000] {processor.py:208} INFO - Processing /home/airflow/.local/lib/python3.12/site-packages/airflow/example_dags/example_params_ui_tutorial.py took 0.227 seconds
[2024-08-26T15:41:15.231+0000] {processor.py:186} INFO - Started process (PID=2600) to work on /home/airflow/.local/lib/python3.12/site-packages/airflow/example_dags/example_params_ui_tutorial.py
[2024-08-26T15:41:15.235+0000] {processor.py:914} INFO - Processing file /home/airflow/.local/lib/python3.12/site-packages/airflow/example_dags/example_params_ui_tutorial.py for tasks to queue
[2024-08-26T15:41:15.242+0000] {logging_mixin.py:190} INFO - [2024-08-26T15:41:15.241+0000] {dagbag.py:587} INFO - Filling up the DagBag from /home/airflow/.local/lib/python3.12/site-packages/airflow/example_dags/example_params_ui_tutorial.py
[2024-08-26T15:41:15.275+0000] {processor.py:925} INFO - DAG(s) 'example_params_ui_tutorial' retrieved from /home/airflow/.local/lib/python3.12/site-packages/airflow/example_dags/example_params_ui_tutorial.py
[2024-08-26T15:41:15.791+0000] {logging_mixin.py:190} INFO - [2024-08-26T15:41:15.790+0000] {dag.py:3211} INFO - Sync 1 DAGs
[2024-08-26T15:41:15.884+0000] {logging_mixin.py:190} INFO - [2024-08-26T15:41:15.883+0000] {dag.py:4138} INFO - Setting next_dagrun for example_params_ui_tutorial to None, run_after=None
[2024-08-26T15:41:15.969+0000] {processor.py:208} INFO - Processing /home/airflow/.local/lib/python3.12/site-packages/airflow/example_dags/example_params_ui_tutorial.py took 0.767 seconds
[2024-08-26T15:44:03.527+0000] {processor.py:186} INFO - Started process (PID=2700) to work on /home/airflow/.local/lib/python3.12/site-packages/airflow/example_dags/example_params_ui_tutorial.py
[2024-08-26T15:44:03.531+0000] {processor.py:914} INFO - Processing file /home/airflow/.local/lib/python3.12/site-packages/airflow/example_dags/example_params_ui_tutorial.py for tasks to queue
[2024-08-26T15:44:03.537+0000] {logging_mixin.py:190} INFO - [2024-08-26T15:44:03.535+0000] {dagbag.py:587} INFO - Filling up the DagBag from /home/airflow/.local/lib/python3.12/site-packages/airflow/example_dags/example_params_ui_tutorial.py
[2024-08-26T15:44:03.568+0000] {processor.py:925} INFO - DAG(s) 'example_params_ui_tutorial' retrieved from /home/airflow/.local/lib/python3.12/site-packages/airflow/example_dags/example_params_ui_tutorial.py
[2024-08-26T15:44:03.805+0000] {logging_mixin.py:190} INFO - [2024-08-26T15:44:03.804+0000] {dag.py:3211} INFO - Sync 1 DAGs
[2024-08-26T15:44:03.876+0000] {logging_mixin.py:190} INFO - [2024-08-26T15:44:03.875+0000] {dag.py:4138} INFO - Setting next_dagrun for example_params_ui_tutorial to None, run_after=None
[2024-08-26T15:44:03.951+0000] {processor.py:208} INFO - Processing /home/airflow/.local/lib/python3.12/site-packages/airflow/example_dags/example_params_ui_tutorial.py took 0.446 seconds
[2024-08-26T15:44:43.533+0000] {processor.py:186} INFO - Started process (PID=2767) to work on /home/airflow/.local/lib/python3.12/site-packages/airflow/example_dags/example_params_ui_tutorial.py
[2024-08-26T15:44:43.535+0000] {processor.py:914} INFO - Processing file /home/airflow/.local/lib/python3.12/site-packages/airflow/example_dags/example_params_ui_tutorial.py for tasks to queue
[2024-08-26T15:44:43.538+0000] {logging_mixin.py:190} INFO - [2024-08-26T15:44:43.538+0000] {dagbag.py:587} INFO - Filling up the DagBag from /home/airflow/.local/lib/python3.12/site-packages/airflow/example_dags/example_params_ui_tutorial.py
[2024-08-26T15:44:43.556+0000] {processor.py:925} INFO - DAG(s) 'example_params_ui_tutorial' retrieved from /home/airflow/.local/lib/python3.12/site-packages/airflow/example_dags/example_params_ui_tutorial.py
[2024-08-26T15:44:43.664+0000] {logging_mixin.py:190} INFO - [2024-08-26T15:44:43.664+0000] {dag.py:3211} INFO - Sync 1 DAGs
[2024-08-26T15:44:43.697+0000] {logging_mixin.py:190} INFO - [2024-08-26T15:44:43.696+0000] {dag.py:4138} INFO - Setting next_dagrun for example_params_ui_tutorial to None, run_after=None
[2024-08-26T15:44:43.738+0000] {processor.py:208} INFO - Processing /home/airflow/.local/lib/python3.12/site-packages/airflow/example_dags/example_params_ui_tutorial.py took 0.219 seconds
[2024-08-26T15:45:19.605+0000] {processor.py:186} INFO - Started process (PID=2833) to work on /home/airflow/.local/lib/python3.12/site-packages/airflow/example_dags/example_params_ui_tutorial.py
[2024-08-26T15:45:19.607+0000] {processor.py:914} INFO - Processing file /home/airflow/.local/lib/python3.12/site-packages/airflow/example_dags/example_params_ui_tutorial.py for tasks to queue
[2024-08-26T15:45:19.609+0000] {logging_mixin.py:190} INFO - [2024-08-26T15:45:19.609+0000] {dagbag.py:587} INFO - Filling up the DagBag from /home/airflow/.local/lib/python3.12/site-packages/airflow/example_dags/example_params_ui_tutorial.py
[2024-08-26T15:45:19.621+0000] {processor.py:925} INFO - DAG(s) 'example_params_ui_tutorial' retrieved from /home/airflow/.local/lib/python3.12/site-packages/airflow/example_dags/example_params_ui_tutorial.py
[2024-08-26T15:45:19.697+0000] {logging_mixin.py:190} INFO - [2024-08-26T15:45:19.697+0000] {dag.py:3211} INFO - Sync 1 DAGs
[2024-08-26T15:45:19.718+0000] {logging_mixin.py:190} INFO - [2024-08-26T15:45:19.717+0000] {dag.py:4138} INFO - Setting next_dagrun for example_params_ui_tutorial to None, run_after=None
[2024-08-26T15:45:19.750+0000] {processor.py:208} INFO - Processing /home/airflow/.local/lib/python3.12/site-packages/airflow/example_dags/example_params_ui_tutorial.py took 0.155 seconds
[2024-08-26T15:46:06.590+0000] {processor.py:186} INFO - Started process (PID=2905) to work on /home/airflow/.local/lib/python3.12/site-packages/airflow/example_dags/example_params_ui_tutorial.py
[2024-08-26T15:46:06.596+0000] {processor.py:914} INFO - Processing file /home/airflow/.local/lib/python3.12/site-packages/airflow/example_dags/example_params_ui_tutorial.py for tasks to queue
[2024-08-26T15:46:06.602+0000] {logging_mixin.py:190} INFO - [2024-08-26T15:46:06.600+0000] {dagbag.py:587} INFO - Filling up the DagBag from /home/airflow/.local/lib/python3.12/site-packages/airflow/example_dags/example_params_ui_tutorial.py
[2024-08-26T15:46:06.637+0000] {processor.py:925} INFO - DAG(s) 'example_params_ui_tutorial' retrieved from /home/airflow/.local/lib/python3.12/site-packages/airflow/example_dags/example_params_ui_tutorial.py
[2024-08-26T15:46:06.905+0000] {logging_mixin.py:190} INFO - [2024-08-26T15:46:06.904+0000] {dag.py:3211} INFO - Sync 1 DAGs
[2024-08-26T15:46:06.970+0000] {logging_mixin.py:190} INFO - [2024-08-26T15:46:06.969+0000] {dag.py:4138} INFO - Setting next_dagrun for example_params_ui_tutorial to None, run_after=None
[2024-08-26T15:46:07.053+0000] {processor.py:208} INFO - Processing /home/airflow/.local/lib/python3.12/site-packages/airflow/example_dags/example_params_ui_tutorial.py took 0.491 seconds
[2024-08-26T15:48:17.415+0000] {processor.py:186} INFO - Started process (PID=2993) to work on /home/airflow/.local/lib/python3.12/site-packages/airflow/example_dags/example_params_ui_tutorial.py
[2024-08-26T15:48:17.421+0000] {processor.py:914} INFO - Processing file /home/airflow/.local/lib/python3.12/site-packages/airflow/example_dags/example_params_ui_tutorial.py for tasks to queue
[2024-08-26T15:48:17.428+0000] {logging_mixin.py:190} INFO - [2024-08-26T15:48:17.426+0000] {dagbag.py:587} INFO - Filling up the DagBag from /home/airflow/.local/lib/python3.12/site-packages/airflow/example_dags/example_params_ui_tutorial.py
[2024-08-26T15:48:17.464+0000] {processor.py:925} INFO - DAG(s) 'example_params_ui_tutorial' retrieved from /home/airflow/.local/lib/python3.12/site-packages/airflow/example_dags/example_params_ui_tutorial.py
[2024-08-26T15:48:17.762+0000] {logging_mixin.py:190} INFO - [2024-08-26T15:48:17.761+0000] {dag.py:3211} INFO - Sync 1 DAGs
[2024-08-26T15:48:17.826+0000] {logging_mixin.py:190} INFO - [2024-08-26T15:48:17.825+0000] {dag.py:4138} INFO - Setting next_dagrun for example_params_ui_tutorial to None, run_after=None
[2024-08-26T15:48:17.898+0000] {processor.py:208} INFO - Processing /home/airflow/.local/lib/python3.12/site-packages/airflow/example_dags/example_params_ui_tutorial.py took 0.519 seconds
[2024-08-26T15:51:15.113+0000] {processor.py:186} INFO - Started process (PID=3092) to work on /home/airflow/.local/lib/python3.12/site-packages/airflow/example_dags/example_params_ui_tutorial.py
[2024-08-26T15:51:15.131+0000] {processor.py:914} INFO - Processing file /home/airflow/.local/lib/python3.12/site-packages/airflow/example_dags/example_params_ui_tutorial.py for tasks to queue
[2024-08-26T15:51:15.138+0000] {logging_mixin.py:190} INFO - [2024-08-26T15:51:15.136+0000] {dagbag.py:587} INFO - Filling up the DagBag from /home/airflow/.local/lib/python3.12/site-packages/airflow/example_dags/example_params_ui_tutorial.py
[2024-08-26T15:51:15.215+0000] {processor.py:925} INFO - DAG(s) 'example_params_ui_tutorial' retrieved from /home/airflow/.local/lib/python3.12/site-packages/airflow/example_dags/example_params_ui_tutorial.py
[2024-08-26T15:51:15.710+0000] {logging_mixin.py:190} INFO - [2024-08-26T15:51:15.708+0000] {dag.py:3211} INFO - Sync 1 DAGs
[2024-08-26T15:51:15.832+0000] {logging_mixin.py:190} INFO - [2024-08-26T15:51:15.831+0000] {dag.py:4138} INFO - Setting next_dagrun for example_params_ui_tutorial to None, run_after=None
[2024-08-26T15:51:15.963+0000] {processor.py:208} INFO - Processing /home/airflow/.local/lib/python3.12/site-packages/airflow/example_dags/example_params_ui_tutorial.py took 0.946 seconds
[2024-08-26T15:51:54.181+0000] {processor.py:186} INFO - Started process (PID=3158) to work on /home/airflow/.local/lib/python3.12/site-packages/airflow/example_dags/example_params_ui_tutorial.py
[2024-08-26T15:51:54.184+0000] {processor.py:914} INFO - Processing file /home/airflow/.local/lib/python3.12/site-packages/airflow/example_dags/example_params_ui_tutorial.py for tasks to queue
[2024-08-26T15:51:54.188+0000] {logging_mixin.py:190} INFO - [2024-08-26T15:51:54.187+0000] {dagbag.py:587} INFO - Filling up the DagBag from /home/airflow/.local/lib/python3.12/site-packages/airflow/example_dags/example_params_ui_tutorial.py
[2024-08-26T15:51:54.206+0000] {processor.py:925} INFO - DAG(s) 'example_params_ui_tutorial' retrieved from /home/airflow/.local/lib/python3.12/site-packages/airflow/example_dags/example_params_ui_tutorial.py
[2024-08-26T15:51:54.314+0000] {logging_mixin.py:190} INFO - [2024-08-26T15:51:54.313+0000] {dag.py:3211} INFO - Sync 1 DAGs
[2024-08-26T15:51:54.349+0000] {logging_mixin.py:190} INFO - [2024-08-26T15:51:54.349+0000] {dag.py:4138} INFO - Setting next_dagrun for example_params_ui_tutorial to None, run_after=None
[2024-08-26T15:51:54.388+0000] {processor.py:208} INFO - Processing /home/airflow/.local/lib/python3.12/site-packages/airflow/example_dags/example_params_ui_tutorial.py took 0.221 seconds
[2024-08-26T15:52:36.460+0000] {processor.py:186} INFO - Started process (PID=3225) to work on /home/airflow/.local/lib/python3.12/site-packages/airflow/example_dags/example_params_ui_tutorial.py
[2024-08-26T15:52:36.463+0000] {processor.py:914} INFO - Processing file /home/airflow/.local/lib/python3.12/site-packages/airflow/example_dags/example_params_ui_tutorial.py for tasks to queue
[2024-08-26T15:52:36.466+0000] {logging_mixin.py:190} INFO - [2024-08-26T15:52:36.466+0000] {dagbag.py:587} INFO - Filling up the DagBag from /home/airflow/.local/lib/python3.12/site-packages/airflow/example_dags/example_params_ui_tutorial.py
[2024-08-26T15:52:36.487+0000] {processor.py:925} INFO - DAG(s) 'example_params_ui_tutorial' retrieved from /home/airflow/.local/lib/python3.12/site-packages/airflow/example_dags/example_params_ui_tutorial.py
[2024-08-26T15:52:36.755+0000] {logging_mixin.py:190} INFO - [2024-08-26T15:52:36.755+0000] {dag.py:3211} INFO - Sync 1 DAGs
[2024-08-26T15:52:36.825+0000] {logging_mixin.py:190} INFO - [2024-08-26T15:52:36.823+0000] {dag.py:4138} INFO - Setting next_dagrun for example_params_ui_tutorial to None, run_after=None
[2024-08-26T15:52:36.886+0000] {processor.py:208} INFO - Processing /home/airflow/.local/lib/python3.12/site-packages/airflow/example_dags/example_params_ui_tutorial.py took 0.443 seconds
