[2024-08-26T10:34:41.643+0000] {processor.py:186} INFO - Started process (PID=59) to work on /home/airflow/.local/lib/python3.12/site-packages/airflow/example_dags/example_sla_dag.py
[2024-08-26T10:34:41.645+0000] {processor.py:914} INFO - Processing file /home/airflow/.local/lib/python3.12/site-packages/airflow/example_dags/example_sla_dag.py for tasks to queue
[2024-08-26T10:34:41.649+0000] {logging_mixin.py:190} INFO - [2024-08-26T10:34:41.649+0000] {dagbag.py:587} INFO - Filling up the DagBag from /home/airflow/.local/lib/python3.12/site-packages/airflow/example_dags/example_sla_dag.py
[2024-08-26T10:34:41.670+0000] {processor.py:925} INFO - DAG(s) 'example_sla_dag' retrieved from /home/airflow/.local/lib/python3.12/site-packages/airflow/example_dags/example_sla_dag.py
[2024-08-26T10:34:41.716+0000] {logging_mixin.py:190} INFO - [2024-08-26T10:34:41.715+0000] {dag.py:3211} INFO - Sync 1 DAGs
[2024-08-26T10:34:41.763+0000] {logging_mixin.py:190} INFO - [2024-08-26T10:34:41.763+0000] {dag.py:4138} INFO - Setting next_dagrun for example_sla_dag to 2024-08-26 10:32:00+00:00, run_after=2024-08-26 10:34:00+00:00
[2024-08-26T10:34:41.793+0000] {processor.py:208} INFO - Processing /home/airflow/.local/lib/python3.12/site-packages/airflow/example_dags/example_sla_dag.py took 0.159 seconds
[2024-08-26T10:35:24.753+0000] {processor.py:186} INFO - Started process (PID=131) to work on /home/airflow/.local/lib/python3.12/site-packages/airflow/example_dags/example_sla_dag.py
[2024-08-26T10:35:24.756+0000] {processor.py:914} INFO - Processing file /home/airflow/.local/lib/python3.12/site-packages/airflow/example_dags/example_sla_dag.py for tasks to queue
[2024-08-26T10:35:24.762+0000] {logging_mixin.py:190} INFO - [2024-08-26T10:35:24.761+0000] {dagbag.py:587} INFO - Filling up the DagBag from /home/airflow/.local/lib/python3.12/site-packages/airflow/example_dags/example_sla_dag.py
[2024-08-26T10:35:24.780+0000] {processor.py:925} INFO - DAG(s) 'example_sla_dag' retrieved from /home/airflow/.local/lib/python3.12/site-packages/airflow/example_dags/example_sla_dag.py
[2024-08-26T10:35:24.811+0000] {logging_mixin.py:190} INFO - [2024-08-26T10:35:24.811+0000] {dag.py:3211} INFO - Sync 1 DAGs
[2024-08-26T10:35:24.849+0000] {logging_mixin.py:190} INFO - [2024-08-26T10:35:24.848+0000] {dag.py:4138} INFO - Setting next_dagrun for example_sla_dag to 2024-08-26 10:32:00+00:00, run_after=2024-08-26 10:34:00+00:00
[2024-08-26T10:35:24.877+0000] {processor.py:208} INFO - Processing /home/airflow/.local/lib/python3.12/site-packages/airflow/example_dags/example_sla_dag.py took 0.134 seconds
[2024-08-26T10:38:00.208+0000] {processor.py:186} INFO - Started process (PID=59) to work on /home/airflow/.local/lib/python3.12/site-packages/airflow/example_dags/example_sla_dag.py
[2024-08-26T10:38:00.210+0000] {processor.py:914} INFO - Processing file /home/airflow/.local/lib/python3.12/site-packages/airflow/example_dags/example_sla_dag.py for tasks to queue
[2024-08-26T10:38:00.214+0000] {logging_mixin.py:190} INFO - [2024-08-26T10:38:00.214+0000] {dagbag.py:587} INFO - Filling up the DagBag from /home/airflow/.local/lib/python3.12/site-packages/airflow/example_dags/example_sla_dag.py
[2024-08-26T10:38:00.234+0000] {processor.py:925} INFO - DAG(s) 'example_sla_dag' retrieved from /home/airflow/.local/lib/python3.12/site-packages/airflow/example_dags/example_sla_dag.py
[2024-08-26T10:38:00.279+0000] {logging_mixin.py:190} INFO - [2024-08-26T10:38:00.279+0000] {dag.py:3211} INFO - Sync 1 DAGs
[2024-08-26T10:38:00.323+0000] {logging_mixin.py:190} INFO - [2024-08-26T10:38:00.323+0000] {dag.py:4138} INFO - Setting next_dagrun for example_sla_dag to 2024-08-26 10:36:00+00:00, run_after=2024-08-26 10:38:00+00:00
[2024-08-26T10:38:00.349+0000] {processor.py:208} INFO - Processing /home/airflow/.local/lib/python3.12/site-packages/airflow/example_dags/example_sla_dag.py took 0.150 seconds
[2024-08-26T10:38:41.154+0000] {processor.py:186} INFO - Started process (PID=125) to work on /home/airflow/.local/lib/python3.12/site-packages/airflow/example_dags/example_sla_dag.py
[2024-08-26T10:38:41.155+0000] {processor.py:914} INFO - Processing file /home/airflow/.local/lib/python3.12/site-packages/airflow/example_dags/example_sla_dag.py for tasks to queue
[2024-08-26T10:38:41.159+0000] {logging_mixin.py:190} INFO - [2024-08-26T10:38:41.158+0000] {dagbag.py:587} INFO - Filling up the DagBag from /home/airflow/.local/lib/python3.12/site-packages/airflow/example_dags/example_sla_dag.py
[2024-08-26T10:38:41.172+0000] {processor.py:925} INFO - DAG(s) 'example_sla_dag' retrieved from /home/airflow/.local/lib/python3.12/site-packages/airflow/example_dags/example_sla_dag.py
[2024-08-26T10:38:41.201+0000] {logging_mixin.py:190} INFO - [2024-08-26T10:38:41.201+0000] {dag.py:3211} INFO - Sync 1 DAGs
[2024-08-26T10:38:41.243+0000] {logging_mixin.py:190} INFO - [2024-08-26T10:38:41.243+0000] {dag.py:4138} INFO - Setting next_dagrun for example_sla_dag to 2024-08-26 10:36:00+00:00, run_after=2024-08-26 10:38:00+00:00
[2024-08-26T10:38:41.275+0000] {processor.py:208} INFO - Processing /home/airflow/.local/lib/python3.12/site-packages/airflow/example_dags/example_sla_dag.py took 0.130 seconds
[2024-08-26T10:39:18.432+0000] {processor.py:186} INFO - Started process (PID=191) to work on /home/airflow/.local/lib/python3.12/site-packages/airflow/example_dags/example_sla_dag.py
[2024-08-26T10:39:18.434+0000] {processor.py:914} INFO - Processing file /home/airflow/.local/lib/python3.12/site-packages/airflow/example_dags/example_sla_dag.py for tasks to queue
[2024-08-26T10:39:18.438+0000] {logging_mixin.py:190} INFO - [2024-08-26T10:39:18.438+0000] {dagbag.py:587} INFO - Filling up the DagBag from /home/airflow/.local/lib/python3.12/site-packages/airflow/example_dags/example_sla_dag.py
[2024-08-26T10:39:18.456+0000] {processor.py:925} INFO - DAG(s) 'example_sla_dag' retrieved from /home/airflow/.local/lib/python3.12/site-packages/airflow/example_dags/example_sla_dag.py
[2024-08-26T10:39:18.503+0000] {logging_mixin.py:190} INFO - [2024-08-26T10:39:18.502+0000] {dag.py:3211} INFO - Sync 1 DAGs
[2024-08-26T10:39:18.561+0000] {logging_mixin.py:190} INFO - [2024-08-26T10:39:18.561+0000] {dag.py:4138} INFO - Setting next_dagrun for example_sla_dag to 2024-08-26 10:36:00+00:00, run_after=2024-08-26 10:38:00+00:00
[2024-08-26T10:39:18.591+0000] {processor.py:208} INFO - Processing /home/airflow/.local/lib/python3.12/site-packages/airflow/example_dags/example_sla_dag.py took 0.170 seconds
[2024-08-26T10:39:59.026+0000] {processor.py:186} INFO - Started process (PID=265) to work on /home/airflow/.local/lib/python3.12/site-packages/airflow/example_dags/example_sla_dag.py
[2024-08-26T10:39:59.028+0000] {processor.py:914} INFO - Processing file /home/airflow/.local/lib/python3.12/site-packages/airflow/example_dags/example_sla_dag.py for tasks to queue
[2024-08-26T10:39:59.032+0000] {logging_mixin.py:190} INFO - [2024-08-26T10:39:59.032+0000] {dagbag.py:587} INFO - Filling up the DagBag from /home/airflow/.local/lib/python3.12/site-packages/airflow/example_dags/example_sla_dag.py
[2024-08-26T10:39:59.050+0000] {processor.py:925} INFO - DAG(s) 'example_sla_dag' retrieved from /home/airflow/.local/lib/python3.12/site-packages/airflow/example_dags/example_sla_dag.py
[2024-08-26T10:39:59.088+0000] {logging_mixin.py:190} INFO - [2024-08-26T10:39:59.088+0000] {dag.py:3211} INFO - Sync 1 DAGs
[2024-08-26T10:39:59.166+0000] {logging_mixin.py:190} INFO - [2024-08-26T10:39:59.165+0000] {dag.py:4138} INFO - Setting next_dagrun for example_sla_dag to 2024-08-26 10:36:00+00:00, run_after=2024-08-26 10:38:00+00:00
[2024-08-26T10:39:59.198+0000] {processor.py:208} INFO - Processing /home/airflow/.local/lib/python3.12/site-packages/airflow/example_dags/example_sla_dag.py took 0.180 seconds
[2024-08-26T10:40:42.525+0000] {processor.py:186} INFO - Started process (PID=333) to work on /home/airflow/.local/lib/python3.12/site-packages/airflow/example_dags/example_sla_dag.py
[2024-08-26T10:40:42.527+0000] {processor.py:914} INFO - Processing file /home/airflow/.local/lib/python3.12/site-packages/airflow/example_dags/example_sla_dag.py for tasks to queue
[2024-08-26T10:40:42.532+0000] {logging_mixin.py:190} INFO - [2024-08-26T10:40:42.532+0000] {dagbag.py:587} INFO - Filling up the DagBag from /home/airflow/.local/lib/python3.12/site-packages/airflow/example_dags/example_sla_dag.py
[2024-08-26T10:40:42.551+0000] {processor.py:925} INFO - DAG(s) 'example_sla_dag' retrieved from /home/airflow/.local/lib/python3.12/site-packages/airflow/example_dags/example_sla_dag.py
[2024-08-26T10:40:42.591+0000] {logging_mixin.py:190} INFO - [2024-08-26T10:40:42.591+0000] {dag.py:3211} INFO - Sync 1 DAGs
[2024-08-26T10:40:42.635+0000] {logging_mixin.py:190} INFO - [2024-08-26T10:40:42.635+0000] {dag.py:4138} INFO - Setting next_dagrun for example_sla_dag to 2024-08-26 10:38:00+00:00, run_after=2024-08-26 10:40:00+00:00
[2024-08-26T10:40:42.667+0000] {processor.py:208} INFO - Processing /home/airflow/.local/lib/python3.12/site-packages/airflow/example_dags/example_sla_dag.py took 0.151 seconds
[2024-08-26T10:41:20.198+0000] {processor.py:186} INFO - Started process (PID=398) to work on /home/airflow/.local/lib/python3.12/site-packages/airflow/example_dags/example_sla_dag.py
[2024-08-26T10:41:20.201+0000] {processor.py:914} INFO - Processing file /home/airflow/.local/lib/python3.12/site-packages/airflow/example_dags/example_sla_dag.py for tasks to queue
[2024-08-26T10:41:20.208+0000] {logging_mixin.py:190} INFO - [2024-08-26T10:41:20.208+0000] {dagbag.py:587} INFO - Filling up the DagBag from /home/airflow/.local/lib/python3.12/site-packages/airflow/example_dags/example_sla_dag.py
[2024-08-26T10:41:20.225+0000] {processor.py:925} INFO - DAG(s) 'example_sla_dag' retrieved from /home/airflow/.local/lib/python3.12/site-packages/airflow/example_dags/example_sla_dag.py
[2024-08-26T10:41:20.254+0000] {logging_mixin.py:190} INFO - [2024-08-26T10:41:20.253+0000] {dag.py:3211} INFO - Sync 1 DAGs
[2024-08-26T10:41:20.291+0000] {logging_mixin.py:190} INFO - [2024-08-26T10:41:20.291+0000] {dag.py:4138} INFO - Setting next_dagrun for example_sla_dag to 2024-08-26 10:38:00+00:00, run_after=2024-08-26 10:40:00+00:00
[2024-08-26T10:41:20.312+0000] {processor.py:208} INFO - Processing /home/airflow/.local/lib/python3.12/site-packages/airflow/example_dags/example_sla_dag.py took 0.125 seconds
[2024-08-26T10:42:02.740+0000] {processor.py:186} INFO - Started process (PID=470) to work on /home/airflow/.local/lib/python3.12/site-packages/airflow/example_dags/example_sla_dag.py
[2024-08-26T10:42:02.742+0000] {processor.py:914} INFO - Processing file /home/airflow/.local/lib/python3.12/site-packages/airflow/example_dags/example_sla_dag.py for tasks to queue
[2024-08-26T10:42:02.747+0000] {logging_mixin.py:190} INFO - [2024-08-26T10:42:02.747+0000] {dagbag.py:587} INFO - Filling up the DagBag from /home/airflow/.local/lib/python3.12/site-packages/airflow/example_dags/example_sla_dag.py
[2024-08-26T10:42:02.768+0000] {processor.py:925} INFO - DAG(s) 'example_sla_dag' retrieved from /home/airflow/.local/lib/python3.12/site-packages/airflow/example_dags/example_sla_dag.py
[2024-08-26T10:42:02.833+0000] {logging_mixin.py:190} INFO - [2024-08-26T10:42:02.832+0000] {dag.py:3211} INFO - Sync 1 DAGs
[2024-08-26T10:42:02.885+0000] {logging_mixin.py:190} INFO - [2024-08-26T10:42:02.885+0000] {dag.py:4138} INFO - Setting next_dagrun for example_sla_dag to 2024-08-26 10:40:00+00:00, run_after=2024-08-26 10:42:00+00:00
[2024-08-26T10:42:02.920+0000] {processor.py:208} INFO - Processing /home/airflow/.local/lib/python3.12/site-packages/airflow/example_dags/example_sla_dag.py took 0.191 seconds
[2024-08-26T10:42:51.000+0000] {processor.py:186} INFO - Started process (PID=536) to work on /home/airflow/.local/lib/python3.12/site-packages/airflow/example_dags/example_sla_dag.py
[2024-08-26T10:42:51.002+0000] {processor.py:914} INFO - Processing file /home/airflow/.local/lib/python3.12/site-packages/airflow/example_dags/example_sla_dag.py for tasks to queue
[2024-08-26T10:42:51.004+0000] {logging_mixin.py:190} INFO - [2024-08-26T10:42:51.003+0000] {dagbag.py:587} INFO - Filling up the DagBag from /home/airflow/.local/lib/python3.12/site-packages/airflow/example_dags/example_sla_dag.py
[2024-08-26T10:42:51.019+0000] {processor.py:925} INFO - DAG(s) 'example_sla_dag' retrieved from /home/airflow/.local/lib/python3.12/site-packages/airflow/example_dags/example_sla_dag.py
[2024-08-26T10:42:51.056+0000] {logging_mixin.py:190} INFO - [2024-08-26T10:42:51.056+0000] {dag.py:3211} INFO - Sync 1 DAGs
[2024-08-26T10:42:51.145+0000] {logging_mixin.py:190} INFO - [2024-08-26T10:42:51.145+0000] {dag.py:4138} INFO - Setting next_dagrun for example_sla_dag to 2024-08-26 10:40:00+00:00, run_after=2024-08-26 10:42:00+00:00
[2024-08-26T10:42:51.181+0000] {processor.py:208} INFO - Processing /home/airflow/.local/lib/python3.12/site-packages/airflow/example_dags/example_sla_dag.py took 0.189 seconds
[2024-08-26T10:43:34.003+0000] {processor.py:186} INFO - Started process (PID=616) to work on /home/airflow/.local/lib/python3.12/site-packages/airflow/example_dags/example_sla_dag.py
[2024-08-26T10:43:34.005+0000] {processor.py:914} INFO - Processing file /home/airflow/.local/lib/python3.12/site-packages/airflow/example_dags/example_sla_dag.py for tasks to queue
[2024-08-26T10:43:34.008+0000] {logging_mixin.py:190} INFO - [2024-08-26T10:43:34.007+0000] {dagbag.py:587} INFO - Filling up the DagBag from /home/airflow/.local/lib/python3.12/site-packages/airflow/example_dags/example_sla_dag.py
[2024-08-26T10:43:34.024+0000] {processor.py:925} INFO - DAG(s) 'example_sla_dag' retrieved from /home/airflow/.local/lib/python3.12/site-packages/airflow/example_dags/example_sla_dag.py
[2024-08-26T10:43:34.057+0000] {logging_mixin.py:190} INFO - [2024-08-26T10:43:34.056+0000] {dag.py:3211} INFO - Sync 1 DAGs
[2024-08-26T10:43:34.101+0000] {logging_mixin.py:190} INFO - [2024-08-26T10:43:34.101+0000] {dag.py:4138} INFO - Setting next_dagrun for example_sla_dag to 2024-08-26 10:40:00+00:00, run_after=2024-08-26 10:42:00+00:00
[2024-08-26T10:43:34.246+0000] {processor.py:208} INFO - Processing /home/airflow/.local/lib/python3.12/site-packages/airflow/example_dags/example_sla_dag.py took 0.259 seconds
[2024-08-26T10:44:11.664+0000] {processor.py:186} INFO - Started process (PID=682) to work on /home/airflow/.local/lib/python3.12/site-packages/airflow/example_dags/example_sla_dag.py
[2024-08-26T10:44:11.666+0000] {processor.py:914} INFO - Processing file /home/airflow/.local/lib/python3.12/site-packages/airflow/example_dags/example_sla_dag.py for tasks to queue
[2024-08-26T10:44:11.668+0000] {logging_mixin.py:190} INFO - [2024-08-26T10:44:11.667+0000] {dagbag.py:587} INFO - Filling up the DagBag from /home/airflow/.local/lib/python3.12/site-packages/airflow/example_dags/example_sla_dag.py
[2024-08-26T10:44:11.688+0000] {processor.py:925} INFO - DAG(s) 'example_sla_dag' retrieved from /home/airflow/.local/lib/python3.12/site-packages/airflow/example_dags/example_sla_dag.py
[2024-08-26T10:44:11.718+0000] {logging_mixin.py:190} INFO - [2024-08-26T10:44:11.718+0000] {dag.py:3211} INFO - Sync 1 DAGs
[2024-08-26T10:44:11.752+0000] {logging_mixin.py:190} INFO - [2024-08-26T10:44:11.752+0000] {dag.py:4138} INFO - Setting next_dagrun for example_sla_dag to 2024-08-26 10:42:00+00:00, run_after=2024-08-26 10:44:00+00:00
[2024-08-26T10:44:11.779+0000] {processor.py:208} INFO - Processing /home/airflow/.local/lib/python3.12/site-packages/airflow/example_dags/example_sla_dag.py took 0.124 seconds
[2024-08-26T10:44:51.066+0000] {processor.py:186} INFO - Started process (PID=749) to work on /home/airflow/.local/lib/python3.12/site-packages/airflow/example_dags/example_sla_dag.py
[2024-08-26T10:44:51.068+0000] {processor.py:914} INFO - Processing file /home/airflow/.local/lib/python3.12/site-packages/airflow/example_dags/example_sla_dag.py for tasks to queue
[2024-08-26T10:44:51.070+0000] {logging_mixin.py:190} INFO - [2024-08-26T10:44:51.069+0000] {dagbag.py:587} INFO - Filling up the DagBag from /home/airflow/.local/lib/python3.12/site-packages/airflow/example_dags/example_sla_dag.py
[2024-08-26T10:44:51.087+0000] {processor.py:925} INFO - DAG(s) 'example_sla_dag' retrieved from /home/airflow/.local/lib/python3.12/site-packages/airflow/example_dags/example_sla_dag.py
[2024-08-26T10:44:51.119+0000] {logging_mixin.py:190} INFO - [2024-08-26T10:44:51.118+0000] {dag.py:3211} INFO - Sync 1 DAGs
[2024-08-26T10:44:51.157+0000] {logging_mixin.py:190} INFO - [2024-08-26T10:44:51.157+0000] {dag.py:4138} INFO - Setting next_dagrun for example_sla_dag to 2024-08-26 10:42:00+00:00, run_after=2024-08-26 10:44:00+00:00
[2024-08-26T10:44:51.187+0000] {processor.py:208} INFO - Processing /home/airflow/.local/lib/python3.12/site-packages/airflow/example_dags/example_sla_dag.py took 0.130 seconds
[2024-08-26T10:45:31.793+0000] {processor.py:186} INFO - Started process (PID=824) to work on /home/airflow/.local/lib/python3.12/site-packages/airflow/example_dags/example_sla_dag.py
[2024-08-26T10:45:31.795+0000] {processor.py:914} INFO - Processing file /home/airflow/.local/lib/python3.12/site-packages/airflow/example_dags/example_sla_dag.py for tasks to queue
[2024-08-26T10:45:31.797+0000] {logging_mixin.py:190} INFO - [2024-08-26T10:45:31.796+0000] {dagbag.py:587} INFO - Filling up the DagBag from /home/airflow/.local/lib/python3.12/site-packages/airflow/example_dags/example_sla_dag.py
[2024-08-26T10:45:31.813+0000] {processor.py:925} INFO - DAG(s) 'example_sla_dag' retrieved from /home/airflow/.local/lib/python3.12/site-packages/airflow/example_dags/example_sla_dag.py
[2024-08-26T10:45:31.844+0000] {logging_mixin.py:190} INFO - [2024-08-26T10:45:31.843+0000] {dag.py:3211} INFO - Sync 1 DAGs
[2024-08-26T10:45:31.887+0000] {logging_mixin.py:190} INFO - [2024-08-26T10:45:31.886+0000] {dag.py:4138} INFO - Setting next_dagrun for example_sla_dag to 2024-08-26 10:42:00+00:00, run_after=2024-08-26 10:44:00+00:00
[2024-08-26T10:45:31.916+0000] {processor.py:208} INFO - Processing /home/airflow/.local/lib/python3.12/site-packages/airflow/example_dags/example_sla_dag.py took 0.133 seconds
[2024-08-26T10:46:10.597+0000] {processor.py:186} INFO - Started process (PID=896) to work on /home/airflow/.local/lib/python3.12/site-packages/airflow/example_dags/example_sla_dag.py
[2024-08-26T10:46:10.599+0000] {processor.py:914} INFO - Processing file /home/airflow/.local/lib/python3.12/site-packages/airflow/example_dags/example_sla_dag.py for tasks to queue
[2024-08-26T10:46:10.601+0000] {logging_mixin.py:190} INFO - [2024-08-26T10:46:10.600+0000] {dagbag.py:587} INFO - Filling up the DagBag from /home/airflow/.local/lib/python3.12/site-packages/airflow/example_dags/example_sla_dag.py
[2024-08-26T10:46:10.616+0000] {processor.py:925} INFO - DAG(s) 'example_sla_dag' retrieved from /home/airflow/.local/lib/python3.12/site-packages/airflow/example_dags/example_sla_dag.py
[2024-08-26T10:46:10.643+0000] {logging_mixin.py:190} INFO - [2024-08-26T10:46:10.643+0000] {dag.py:3211} INFO - Sync 1 DAGs
[2024-08-26T10:46:10.692+0000] {logging_mixin.py:190} INFO - [2024-08-26T10:46:10.692+0000] {dag.py:4138} INFO - Setting next_dagrun for example_sla_dag to 2024-08-26 10:44:00+00:00, run_after=2024-08-26 10:46:00+00:00
[2024-08-26T10:46:10.727+0000] {processor.py:208} INFO - Processing /home/airflow/.local/lib/python3.12/site-packages/airflow/example_dags/example_sla_dag.py took 0.139 seconds
[2024-08-26T10:46:49.138+0000] {processor.py:186} INFO - Started process (PID=962) to work on /home/airflow/.local/lib/python3.12/site-packages/airflow/example_dags/example_sla_dag.py
[2024-08-26T10:46:49.140+0000] {processor.py:914} INFO - Processing file /home/airflow/.local/lib/python3.12/site-packages/airflow/example_dags/example_sla_dag.py for tasks to queue
[2024-08-26T10:46:49.142+0000] {logging_mixin.py:190} INFO - [2024-08-26T10:46:49.141+0000] {dagbag.py:587} INFO - Filling up the DagBag from /home/airflow/.local/lib/python3.12/site-packages/airflow/example_dags/example_sla_dag.py
[2024-08-26T10:46:49.158+0000] {processor.py:925} INFO - DAG(s) 'example_sla_dag' retrieved from /home/airflow/.local/lib/python3.12/site-packages/airflow/example_dags/example_sla_dag.py
[2024-08-26T10:46:49.188+0000] {logging_mixin.py:190} INFO - [2024-08-26T10:46:49.188+0000] {dag.py:3211} INFO - Sync 1 DAGs
[2024-08-26T10:46:49.223+0000] {logging_mixin.py:190} INFO - [2024-08-26T10:46:49.223+0000] {dag.py:4138} INFO - Setting next_dagrun for example_sla_dag to 2024-08-26 10:44:00+00:00, run_after=2024-08-26 10:46:00+00:00
[2024-08-26T10:46:49.244+0000] {processor.py:208} INFO - Processing /home/airflow/.local/lib/python3.12/site-packages/airflow/example_dags/example_sla_dag.py took 0.114 seconds
[2024-08-26T10:47:40.324+0000] {processor.py:186} INFO - Started process (PID=1045) to work on /home/airflow/.local/lib/python3.12/site-packages/airflow/example_dags/example_sla_dag.py
[2024-08-26T10:47:40.326+0000] {processor.py:914} INFO - Processing file /home/airflow/.local/lib/python3.12/site-packages/airflow/example_dags/example_sla_dag.py for tasks to queue
[2024-08-26T10:47:40.328+0000] {logging_mixin.py:190} INFO - [2024-08-26T10:47:40.327+0000] {dagbag.py:587} INFO - Filling up the DagBag from /home/airflow/.local/lib/python3.12/site-packages/airflow/example_dags/example_sla_dag.py
[2024-08-26T10:47:40.343+0000] {processor.py:925} INFO - DAG(s) 'example_sla_dag' retrieved from /home/airflow/.local/lib/python3.12/site-packages/airflow/example_dags/example_sla_dag.py
[2024-08-26T10:47:40.372+0000] {logging_mixin.py:190} INFO - [2024-08-26T10:47:40.372+0000] {dag.py:3211} INFO - Sync 1 DAGs
[2024-08-26T10:47:40.410+0000] {logging_mixin.py:190} INFO - [2024-08-26T10:47:40.409+0000] {dag.py:4138} INFO - Setting next_dagrun for example_sla_dag to 2024-08-26 10:44:00+00:00, run_after=2024-08-26 10:46:00+00:00
[2024-08-26T10:47:40.435+0000] {processor.py:208} INFO - Processing /home/airflow/.local/lib/python3.12/site-packages/airflow/example_dags/example_sla_dag.py took 0.119 seconds
[2024-08-26T10:48:20.117+0000] {processor.py:186} INFO - Started process (PID=1111) to work on /home/airflow/.local/lib/python3.12/site-packages/airflow/example_dags/example_sla_dag.py
[2024-08-26T10:48:20.119+0000] {processor.py:914} INFO - Processing file /home/airflow/.local/lib/python3.12/site-packages/airflow/example_dags/example_sla_dag.py for tasks to queue
[2024-08-26T10:48:20.121+0000] {logging_mixin.py:190} INFO - [2024-08-26T10:48:20.120+0000] {dagbag.py:587} INFO - Filling up the DagBag from /home/airflow/.local/lib/python3.12/site-packages/airflow/example_dags/example_sla_dag.py
[2024-08-26T10:48:20.138+0000] {processor.py:925} INFO - DAG(s) 'example_sla_dag' retrieved from /home/airflow/.local/lib/python3.12/site-packages/airflow/example_dags/example_sla_dag.py
[2024-08-26T10:48:20.178+0000] {logging_mixin.py:190} INFO - [2024-08-26T10:48:20.177+0000] {dag.py:3211} INFO - Sync 1 DAGs
[2024-08-26T10:48:20.215+0000] {logging_mixin.py:190} INFO - [2024-08-26T10:48:20.215+0000] {dag.py:4138} INFO - Setting next_dagrun for example_sla_dag to 2024-08-26 10:46:00+00:00, run_after=2024-08-26 10:48:00+00:00
[2024-08-26T10:48:20.241+0000] {processor.py:208} INFO - Processing /home/airflow/.local/lib/python3.12/site-packages/airflow/example_dags/example_sla_dag.py took 0.133 seconds
[2024-08-26T10:49:02.827+0000] {processor.py:186} INFO - Started process (PID=1187) to work on /home/airflow/.local/lib/python3.12/site-packages/airflow/example_dags/example_sla_dag.py
[2024-08-26T10:49:02.829+0000] {processor.py:914} INFO - Processing file /home/airflow/.local/lib/python3.12/site-packages/airflow/example_dags/example_sla_dag.py for tasks to queue
[2024-08-26T10:49:02.832+0000] {logging_mixin.py:190} INFO - [2024-08-26T10:49:02.831+0000] {dagbag.py:587} INFO - Filling up the DagBag from /home/airflow/.local/lib/python3.12/site-packages/airflow/example_dags/example_sla_dag.py
[2024-08-26T10:49:02.862+0000] {processor.py:925} INFO - DAG(s) 'example_sla_dag' retrieved from /home/airflow/.local/lib/python3.12/site-packages/airflow/example_dags/example_sla_dag.py
[2024-08-26T10:49:02.914+0000] {logging_mixin.py:190} INFO - [2024-08-26T10:49:02.913+0000] {dag.py:3211} INFO - Sync 1 DAGs
[2024-08-26T10:49:02.990+0000] {logging_mixin.py:190} INFO - [2024-08-26T10:49:02.990+0000] {dag.py:4138} INFO - Setting next_dagrun for example_sla_dag to 2024-08-26 10:46:00+00:00, run_after=2024-08-26 10:48:00+00:00
[2024-08-26T10:49:03.033+0000] {processor.py:208} INFO - Processing /home/airflow/.local/lib/python3.12/site-packages/airflow/example_dags/example_sla_dag.py took 0.218 seconds
[2024-08-26T10:49:43.048+0000] {processor.py:186} INFO - Started process (PID=1258) to work on /home/airflow/.local/lib/python3.12/site-packages/airflow/example_dags/example_sla_dag.py
[2024-08-26T10:49:43.050+0000] {processor.py:914} INFO - Processing file /home/airflow/.local/lib/python3.12/site-packages/airflow/example_dags/example_sla_dag.py for tasks to queue
[2024-08-26T10:49:43.052+0000] {logging_mixin.py:190} INFO - [2024-08-26T10:49:43.051+0000] {dagbag.py:587} INFO - Filling up the DagBag from /home/airflow/.local/lib/python3.12/site-packages/airflow/example_dags/example_sla_dag.py
[2024-08-26T10:49:43.078+0000] {processor.py:925} INFO - DAG(s) 'example_sla_dag' retrieved from /home/airflow/.local/lib/python3.12/site-packages/airflow/example_dags/example_sla_dag.py
[2024-08-26T10:49:43.120+0000] {logging_mixin.py:190} INFO - [2024-08-26T10:49:43.120+0000] {dag.py:3211} INFO - Sync 1 DAGs
[2024-08-26T10:49:43.185+0000] {logging_mixin.py:190} INFO - [2024-08-26T10:49:43.184+0000] {dag.py:4138} INFO - Setting next_dagrun for example_sla_dag to 2024-08-26 10:46:00+00:00, run_after=2024-08-26 10:48:00+00:00
[2024-08-26T10:49:43.221+0000] {processor.py:208} INFO - Processing /home/airflow/.local/lib/python3.12/site-packages/airflow/example_dags/example_sla_dag.py took 0.184 seconds
[2024-08-26T15:09:23.998+0000] {processor.py:186} INFO - Started process (PID=53) to work on /home/airflow/.local/lib/python3.12/site-packages/airflow/example_dags/example_sla_dag.py
[2024-08-26T15:09:23.999+0000] {processor.py:914} INFO - Processing file /home/airflow/.local/lib/python3.12/site-packages/airflow/example_dags/example_sla_dag.py for tasks to queue
[2024-08-26T15:09:24.003+0000] {logging_mixin.py:190} INFO - [2024-08-26T15:09:24.003+0000] {dagbag.py:587} INFO - Filling up the DagBag from /home/airflow/.local/lib/python3.12/site-packages/airflow/example_dags/example_sla_dag.py
[2024-08-26T15:09:24.017+0000] {processor.py:925} INFO - DAG(s) 'example_sla_dag' retrieved from /home/airflow/.local/lib/python3.12/site-packages/airflow/example_dags/example_sla_dag.py
[2024-08-26T15:09:24.050+0000] {logging_mixin.py:190} INFO - [2024-08-26T15:09:24.050+0000] {dag.py:3211} INFO - Sync 1 DAGs
[2024-08-26T15:09:24.084+0000] {logging_mixin.py:190} INFO - [2024-08-26T15:09:24.084+0000] {dag.py:4138} INFO - Setting next_dagrun for example_sla_dag to 2024-08-26 15:06:00+00:00, run_after=2024-08-26 15:08:00+00:00
[2024-08-26T15:09:24.107+0000] {processor.py:208} INFO - Processing /home/airflow/.local/lib/python3.12/site-packages/airflow/example_dags/example_sla_dag.py took 0.116 seconds
[2024-08-26T15:10:07.469+0000] {processor.py:186} INFO - Started process (PID=125) to work on /home/airflow/.local/lib/python3.12/site-packages/airflow/example_dags/example_sla_dag.py
[2024-08-26T15:10:07.470+0000] {processor.py:914} INFO - Processing file /home/airflow/.local/lib/python3.12/site-packages/airflow/example_dags/example_sla_dag.py for tasks to queue
[2024-08-26T15:10:07.474+0000] {logging_mixin.py:190} INFO - [2024-08-26T15:10:07.474+0000] {dagbag.py:587} INFO - Filling up the DagBag from /home/airflow/.local/lib/python3.12/site-packages/airflow/example_dags/example_sla_dag.py
[2024-08-26T15:10:07.487+0000] {processor.py:925} INFO - DAG(s) 'example_sla_dag' retrieved from /home/airflow/.local/lib/python3.12/site-packages/airflow/example_dags/example_sla_dag.py
[2024-08-26T15:10:07.513+0000] {logging_mixin.py:190} INFO - [2024-08-26T15:10:07.513+0000] {dag.py:3211} INFO - Sync 1 DAGs
[2024-08-26T15:10:07.546+0000] {logging_mixin.py:190} INFO - [2024-08-26T15:10:07.546+0000] {dag.py:4138} INFO - Setting next_dagrun for example_sla_dag to 2024-08-26 15:08:00+00:00, run_after=2024-08-26 15:10:00+00:00
[2024-08-26T15:10:07.568+0000] {processor.py:208} INFO - Processing /home/airflow/.local/lib/python3.12/site-packages/airflow/example_dags/example_sla_dag.py took 0.107 seconds
[2024-08-26T15:10:45.930+0000] {processor.py:186} INFO - Started process (PID=192) to work on /home/airflow/.local/lib/python3.12/site-packages/airflow/example_dags/example_sla_dag.py
[2024-08-26T15:10:45.932+0000] {processor.py:914} INFO - Processing file /home/airflow/.local/lib/python3.12/site-packages/airflow/example_dags/example_sla_dag.py for tasks to queue
[2024-08-26T15:10:45.935+0000] {logging_mixin.py:190} INFO - [2024-08-26T15:10:45.935+0000] {dagbag.py:587} INFO - Filling up the DagBag from /home/airflow/.local/lib/python3.12/site-packages/airflow/example_dags/example_sla_dag.py
[2024-08-26T15:10:45.949+0000] {processor.py:925} INFO - DAG(s) 'example_sla_dag' retrieved from /home/airflow/.local/lib/python3.12/site-packages/airflow/example_dags/example_sla_dag.py
[2024-08-26T15:10:45.975+0000] {logging_mixin.py:190} INFO - [2024-08-26T15:10:45.975+0000] {dag.py:3211} INFO - Sync 1 DAGs
[2024-08-26T15:10:46.010+0000] {logging_mixin.py:190} INFO - [2024-08-26T15:10:46.009+0000] {dag.py:4138} INFO - Setting next_dagrun for example_sla_dag to 2024-08-26 15:08:00+00:00, run_after=2024-08-26 15:10:00+00:00
[2024-08-26T15:10:46.031+0000] {processor.py:208} INFO - Processing /home/airflow/.local/lib/python3.12/site-packages/airflow/example_dags/example_sla_dag.py took 0.108 seconds
[2024-08-26T15:11:23.126+0000] {processor.py:186} INFO - Started process (PID=258) to work on /home/airflow/.local/lib/python3.12/site-packages/airflow/example_dags/example_sla_dag.py
[2024-08-26T15:11:23.128+0000] {processor.py:914} INFO - Processing file /home/airflow/.local/lib/python3.12/site-packages/airflow/example_dags/example_sla_dag.py for tasks to queue
[2024-08-26T15:11:23.131+0000] {logging_mixin.py:190} INFO - [2024-08-26T15:11:23.131+0000] {dagbag.py:587} INFO - Filling up the DagBag from /home/airflow/.local/lib/python3.12/site-packages/airflow/example_dags/example_sla_dag.py
[2024-08-26T15:11:23.144+0000] {processor.py:925} INFO - DAG(s) 'example_sla_dag' retrieved from /home/airflow/.local/lib/python3.12/site-packages/airflow/example_dags/example_sla_dag.py
[2024-08-26T15:11:23.170+0000] {logging_mixin.py:190} INFO - [2024-08-26T15:11:23.170+0000] {dag.py:3211} INFO - Sync 1 DAGs
[2024-08-26T15:11:23.204+0000] {logging_mixin.py:190} INFO - [2024-08-26T15:11:23.204+0000] {dag.py:4138} INFO - Setting next_dagrun for example_sla_dag to 2024-08-26 15:08:00+00:00, run_after=2024-08-26 15:10:00+00:00
[2024-08-26T15:11:23.225+0000] {processor.py:208} INFO - Processing /home/airflow/.local/lib/python3.12/site-packages/airflow/example_dags/example_sla_dag.py took 0.106 seconds
[2024-08-26T15:12:01.720+0000] {processor.py:186} INFO - Started process (PID=330) to work on /home/airflow/.local/lib/python3.12/site-packages/airflow/example_dags/example_sla_dag.py
[2024-08-26T15:12:01.721+0000] {processor.py:914} INFO - Processing file /home/airflow/.local/lib/python3.12/site-packages/airflow/example_dags/example_sla_dag.py for tasks to queue
[2024-08-26T15:12:01.724+0000] {logging_mixin.py:190} INFO - [2024-08-26T15:12:01.724+0000] {dagbag.py:587} INFO - Filling up the DagBag from /home/airflow/.local/lib/python3.12/site-packages/airflow/example_dags/example_sla_dag.py
[2024-08-26T15:12:01.739+0000] {processor.py:925} INFO - DAG(s) 'example_sla_dag' retrieved from /home/airflow/.local/lib/python3.12/site-packages/airflow/example_dags/example_sla_dag.py
[2024-08-26T15:12:01.767+0000] {logging_mixin.py:190} INFO - [2024-08-26T15:12:01.766+0000] {dag.py:3211} INFO - Sync 1 DAGs
[2024-08-26T15:12:01.802+0000] {logging_mixin.py:190} INFO - [2024-08-26T15:12:01.801+0000] {dag.py:4138} INFO - Setting next_dagrun for example_sla_dag to 2024-08-26 15:10:00+00:00, run_after=2024-08-26 15:12:00+00:00
[2024-08-26T15:12:01.824+0000] {processor.py:208} INFO - Processing /home/airflow/.local/lib/python3.12/site-packages/airflow/example_dags/example_sla_dag.py took 0.113 seconds
[2024-08-26T15:12:41.297+0000] {processor.py:186} INFO - Started process (PID=397) to work on /home/airflow/.local/lib/python3.12/site-packages/airflow/example_dags/example_sla_dag.py
[2024-08-26T15:12:41.299+0000] {processor.py:914} INFO - Processing file /home/airflow/.local/lib/python3.12/site-packages/airflow/example_dags/example_sla_dag.py for tasks to queue
[2024-08-26T15:12:41.303+0000] {logging_mixin.py:190} INFO - [2024-08-26T15:12:41.302+0000] {dagbag.py:587} INFO - Filling up the DagBag from /home/airflow/.local/lib/python3.12/site-packages/airflow/example_dags/example_sla_dag.py
[2024-08-26T15:12:41.319+0000] {processor.py:925} INFO - DAG(s) 'example_sla_dag' retrieved from /home/airflow/.local/lib/python3.12/site-packages/airflow/example_dags/example_sla_dag.py
[2024-08-26T15:12:41.356+0000] {logging_mixin.py:190} INFO - [2024-08-26T15:12:41.356+0000] {dag.py:3211} INFO - Sync 1 DAGs
[2024-08-26T15:12:41.395+0000] {logging_mixin.py:190} INFO - [2024-08-26T15:12:41.394+0000] {dag.py:4138} INFO - Setting next_dagrun for example_sla_dag to 2024-08-26 15:10:00+00:00, run_after=2024-08-26 15:12:00+00:00
[2024-08-26T15:12:41.428+0000] {processor.py:208} INFO - Processing /home/airflow/.local/lib/python3.12/site-packages/airflow/example_dags/example_sla_dag.py took 0.140 seconds
[2024-08-26T15:13:31.125+0000] {processor.py:186} INFO - Started process (PID=480) to work on /home/airflow/.local/lib/python3.12/site-packages/airflow/example_dags/example_sla_dag.py
[2024-08-26T15:13:31.127+0000] {processor.py:914} INFO - Processing file /home/airflow/.local/lib/python3.12/site-packages/airflow/example_dags/example_sla_dag.py for tasks to queue
[2024-08-26T15:13:31.131+0000] {logging_mixin.py:190} INFO - [2024-08-26T15:13:31.130+0000] {dagbag.py:587} INFO - Filling up the DagBag from /home/airflow/.local/lib/python3.12/site-packages/airflow/example_dags/example_sla_dag.py
[2024-08-26T15:13:31.148+0000] {processor.py:925} INFO - DAG(s) 'example_sla_dag' retrieved from /home/airflow/.local/lib/python3.12/site-packages/airflow/example_dags/example_sla_dag.py
[2024-08-26T15:13:31.179+0000] {logging_mixin.py:190} INFO - [2024-08-26T15:13:31.178+0000] {dag.py:3211} INFO - Sync 1 DAGs
[2024-08-26T15:13:31.218+0000] {logging_mixin.py:190} INFO - [2024-08-26T15:13:31.218+0000] {dag.py:4138} INFO - Setting next_dagrun for example_sla_dag to 2024-08-26 15:10:00+00:00, run_after=2024-08-26 15:12:00+00:00
[2024-08-26T15:13:31.244+0000] {processor.py:208} INFO - Processing /home/airflow/.local/lib/python3.12/site-packages/airflow/example_dags/example_sla_dag.py took 0.128 seconds
[2024-08-26T15:14:27.217+0000] {processor.py:186} INFO - Started process (PID=546) to work on /home/airflow/.local/lib/python3.12/site-packages/airflow/example_dags/example_sla_dag.py
[2024-08-26T15:14:27.219+0000] {processor.py:914} INFO - Processing file /home/airflow/.local/lib/python3.12/site-packages/airflow/example_dags/example_sla_dag.py for tasks to queue
[2024-08-26T15:14:27.223+0000] {logging_mixin.py:190} INFO - [2024-08-26T15:14:27.223+0000] {dagbag.py:587} INFO - Filling up the DagBag from /home/airflow/.local/lib/python3.12/site-packages/airflow/example_dags/example_sla_dag.py
[2024-08-26T15:14:27.241+0000] {processor.py:925} INFO - DAG(s) 'example_sla_dag' retrieved from /home/airflow/.local/lib/python3.12/site-packages/airflow/example_dags/example_sla_dag.py
[2024-08-26T15:14:27.273+0000] {logging_mixin.py:190} INFO - [2024-08-26T15:14:27.272+0000] {dag.py:3211} INFO - Sync 1 DAGs
[2024-08-26T15:14:27.317+0000] {logging_mixin.py:190} INFO - [2024-08-26T15:14:27.317+0000] {dag.py:4138} INFO - Setting next_dagrun for example_sla_dag to 2024-08-26 15:12:00+00:00, run_after=2024-08-26 15:14:00+00:00
[2024-08-26T15:14:27.346+0000] {processor.py:208} INFO - Processing /home/airflow/.local/lib/python3.12/site-packages/airflow/example_dags/example_sla_dag.py took 0.139 seconds
[2024-08-26T15:15:05.449+0000] {processor.py:186} INFO - Started process (PID=619) to work on /home/airflow/.local/lib/python3.12/site-packages/airflow/example_dags/example_sla_dag.py
[2024-08-26T15:15:05.451+0000] {processor.py:914} INFO - Processing file /home/airflow/.local/lib/python3.12/site-packages/airflow/example_dags/example_sla_dag.py for tasks to queue
[2024-08-26T15:15:05.455+0000] {logging_mixin.py:190} INFO - [2024-08-26T15:15:05.455+0000] {dagbag.py:587} INFO - Filling up the DagBag from /home/airflow/.local/lib/python3.12/site-packages/airflow/example_dags/example_sla_dag.py
[2024-08-26T15:15:05.476+0000] {processor.py:925} INFO - DAG(s) 'example_sla_dag' retrieved from /home/airflow/.local/lib/python3.12/site-packages/airflow/example_dags/example_sla_dag.py
[2024-08-26T15:15:05.510+0000] {logging_mixin.py:190} INFO - [2024-08-26T15:15:05.510+0000] {dag.py:3211} INFO - Sync 1 DAGs
[2024-08-26T15:15:05.553+0000] {logging_mixin.py:190} INFO - [2024-08-26T15:15:05.553+0000] {dag.py:4138} INFO - Setting next_dagrun for example_sla_dag to 2024-08-26 15:12:00+00:00, run_after=2024-08-26 15:14:00+00:00
[2024-08-26T15:15:05.577+0000] {processor.py:208} INFO - Processing /home/airflow/.local/lib/python3.12/site-packages/airflow/example_dags/example_sla_dag.py took 0.141 seconds
[2024-08-26T15:15:51.217+0000] {processor.py:186} INFO - Started process (PID=685) to work on /home/airflow/.local/lib/python3.12/site-packages/airflow/example_dags/example_sla_dag.py
[2024-08-26T15:15:51.220+0000] {processor.py:914} INFO - Processing file /home/airflow/.local/lib/python3.12/site-packages/airflow/example_dags/example_sla_dag.py for tasks to queue
[2024-08-26T15:15:51.223+0000] {logging_mixin.py:190} INFO - [2024-08-26T15:15:51.222+0000] {dagbag.py:587} INFO - Filling up the DagBag from /home/airflow/.local/lib/python3.12/site-packages/airflow/example_dags/example_sla_dag.py
[2024-08-26T15:15:51.243+0000] {processor.py:925} INFO - DAG(s) 'example_sla_dag' retrieved from /home/airflow/.local/lib/python3.12/site-packages/airflow/example_dags/example_sla_dag.py
[2024-08-26T15:15:51.283+0000] {logging_mixin.py:190} INFO - [2024-08-26T15:15:51.283+0000] {dag.py:3211} INFO - Sync 1 DAGs
[2024-08-26T15:15:51.338+0000] {logging_mixin.py:190} INFO - [2024-08-26T15:15:51.337+0000] {dag.py:4138} INFO - Setting next_dagrun for example_sla_dag to 2024-08-26 15:12:00+00:00, run_after=2024-08-26 15:14:00+00:00
[2024-08-26T15:15:51.373+0000] {processor.py:208} INFO - Processing /home/airflow/.local/lib/python3.12/site-packages/airflow/example_dags/example_sla_dag.py took 0.168 seconds
[2024-08-26T15:16:28.399+0000] {processor.py:186} INFO - Started process (PID=751) to work on /home/airflow/.local/lib/python3.12/site-packages/airflow/example_dags/example_sla_dag.py
[2024-08-26T15:16:28.401+0000] {processor.py:914} INFO - Processing file /home/airflow/.local/lib/python3.12/site-packages/airflow/example_dags/example_sla_dag.py for tasks to queue
[2024-08-26T15:16:28.403+0000] {logging_mixin.py:190} INFO - [2024-08-26T15:16:28.402+0000] {dagbag.py:587} INFO - Filling up the DagBag from /home/airflow/.local/lib/python3.12/site-packages/airflow/example_dags/example_sla_dag.py
[2024-08-26T15:16:28.417+0000] {processor.py:925} INFO - DAG(s) 'example_sla_dag' retrieved from /home/airflow/.local/lib/python3.12/site-packages/airflow/example_dags/example_sla_dag.py
[2024-08-26T15:16:28.453+0000] {logging_mixin.py:190} INFO - [2024-08-26T15:16:28.453+0000] {dag.py:3211} INFO - Sync 1 DAGs
[2024-08-26T15:16:28.488+0000] {logging_mixin.py:190} INFO - [2024-08-26T15:16:28.487+0000] {dag.py:4138} INFO - Setting next_dagrun for example_sla_dag to 2024-08-26 15:14:00+00:00, run_after=2024-08-26 15:16:00+00:00
[2024-08-26T15:16:28.512+0000] {processor.py:208} INFO - Processing /home/airflow/.local/lib/python3.12/site-packages/airflow/example_dags/example_sla_dag.py took 0.121 seconds
[2024-08-26T15:17:06.263+0000] {processor.py:186} INFO - Started process (PID=823) to work on /home/airflow/.local/lib/python3.12/site-packages/airflow/example_dags/example_sla_dag.py
[2024-08-26T15:17:06.265+0000] {processor.py:914} INFO - Processing file /home/airflow/.local/lib/python3.12/site-packages/airflow/example_dags/example_sla_dag.py for tasks to queue
[2024-08-26T15:17:06.267+0000] {logging_mixin.py:190} INFO - [2024-08-26T15:17:06.266+0000] {dagbag.py:587} INFO - Filling up the DagBag from /home/airflow/.local/lib/python3.12/site-packages/airflow/example_dags/example_sla_dag.py
[2024-08-26T15:17:06.281+0000] {processor.py:925} INFO - DAG(s) 'example_sla_dag' retrieved from /home/airflow/.local/lib/python3.12/site-packages/airflow/example_dags/example_sla_dag.py
[2024-08-26T15:17:06.309+0000] {logging_mixin.py:190} INFO - [2024-08-26T15:17:06.309+0000] {dag.py:3211} INFO - Sync 1 DAGs
[2024-08-26T15:17:06.343+0000] {logging_mixin.py:190} INFO - [2024-08-26T15:17:06.343+0000] {dag.py:4138} INFO - Setting next_dagrun for example_sla_dag to 2024-08-26 15:14:00+00:00, run_after=2024-08-26 15:16:00+00:00
[2024-08-26T15:17:06.366+0000] {processor.py:208} INFO - Processing /home/airflow/.local/lib/python3.12/site-packages/airflow/example_dags/example_sla_dag.py took 0.110 seconds
[2024-08-26T15:17:43.042+0000] {processor.py:186} INFO - Started process (PID=889) to work on /home/airflow/.local/lib/python3.12/site-packages/airflow/example_dags/example_sla_dag.py
[2024-08-26T15:17:43.044+0000] {processor.py:914} INFO - Processing file /home/airflow/.local/lib/python3.12/site-packages/airflow/example_dags/example_sla_dag.py for tasks to queue
[2024-08-26T15:17:43.046+0000] {logging_mixin.py:190} INFO - [2024-08-26T15:17:43.046+0000] {dagbag.py:587} INFO - Filling up the DagBag from /home/airflow/.local/lib/python3.12/site-packages/airflow/example_dags/example_sla_dag.py
[2024-08-26T15:17:43.064+0000] {processor.py:925} INFO - DAG(s) 'example_sla_dag' retrieved from /home/airflow/.local/lib/python3.12/site-packages/airflow/example_dags/example_sla_dag.py
[2024-08-26T15:17:43.098+0000] {logging_mixin.py:190} INFO - [2024-08-26T15:17:43.097+0000] {dag.py:3211} INFO - Sync 1 DAGs
[2024-08-26T15:17:43.132+0000] {logging_mixin.py:190} INFO - [2024-08-26T15:17:43.132+0000] {dag.py:4138} INFO - Setting next_dagrun for example_sla_dag to 2024-08-26 15:14:00+00:00, run_after=2024-08-26 15:16:00+00:00
[2024-08-26T15:17:43.155+0000] {processor.py:208} INFO - Processing /home/airflow/.local/lib/python3.12/site-packages/airflow/example_dags/example_sla_dag.py took 0.123 seconds
[2024-08-26T15:18:19.785+0000] {processor.py:186} INFO - Started process (PID=955) to work on /home/airflow/.local/lib/python3.12/site-packages/airflow/example_dags/example_sla_dag.py
[2024-08-26T15:18:19.786+0000] {processor.py:914} INFO - Processing file /home/airflow/.local/lib/python3.12/site-packages/airflow/example_dags/example_sla_dag.py for tasks to queue
[2024-08-26T15:18:19.788+0000] {logging_mixin.py:190} INFO - [2024-08-26T15:18:19.788+0000] {dagbag.py:587} INFO - Filling up the DagBag from /home/airflow/.local/lib/python3.12/site-packages/airflow/example_dags/example_sla_dag.py
[2024-08-26T15:18:19.802+0000] {processor.py:925} INFO - DAG(s) 'example_sla_dag' retrieved from /home/airflow/.local/lib/python3.12/site-packages/airflow/example_dags/example_sla_dag.py
[2024-08-26T15:18:19.830+0000] {logging_mixin.py:190} INFO - [2024-08-26T15:18:19.829+0000] {dag.py:3211} INFO - Sync 1 DAGs
[2024-08-26T15:18:19.864+0000] {logging_mixin.py:190} INFO - [2024-08-26T15:18:19.864+0000] {dag.py:4138} INFO - Setting next_dagrun for example_sla_dag to 2024-08-26 15:16:00+00:00, run_after=2024-08-26 15:18:00+00:00
[2024-08-26T15:18:19.885+0000] {processor.py:208} INFO - Processing /home/airflow/.local/lib/python3.12/site-packages/airflow/example_dags/example_sla_dag.py took 0.108 seconds
[2024-08-26T15:19:02.758+0000] {processor.py:186} INFO - Started process (PID=1027) to work on /home/airflow/.local/lib/python3.12/site-packages/airflow/example_dags/example_sla_dag.py
[2024-08-26T15:19:02.759+0000] {processor.py:914} INFO - Processing file /home/airflow/.local/lib/python3.12/site-packages/airflow/example_dags/example_sla_dag.py for tasks to queue
[2024-08-26T15:19:02.761+0000] {logging_mixin.py:190} INFO - [2024-08-26T15:19:02.760+0000] {dagbag.py:587} INFO - Filling up the DagBag from /home/airflow/.local/lib/python3.12/site-packages/airflow/example_dags/example_sla_dag.py
[2024-08-26T15:19:02.774+0000] {processor.py:925} INFO - DAG(s) 'example_sla_dag' retrieved from /home/airflow/.local/lib/python3.12/site-packages/airflow/example_dags/example_sla_dag.py
[2024-08-26T15:19:02.802+0000] {logging_mixin.py:190} INFO - [2024-08-26T15:19:02.801+0000] {dag.py:3211} INFO - Sync 1 DAGs
[2024-08-26T15:19:02.835+0000] {logging_mixin.py:190} INFO - [2024-08-26T15:19:02.835+0000] {dag.py:4138} INFO - Setting next_dagrun for example_sla_dag to 2024-08-26 15:16:00+00:00, run_after=2024-08-26 15:18:00+00:00
[2024-08-26T15:19:02.858+0000] {processor.py:208} INFO - Processing /home/airflow/.local/lib/python3.12/site-packages/airflow/example_dags/example_sla_dag.py took 0.108 seconds
[2024-08-26T15:19:39.697+0000] {processor.py:186} INFO - Started process (PID=1093) to work on /home/airflow/.local/lib/python3.12/site-packages/airflow/example_dags/example_sla_dag.py
[2024-08-26T15:19:39.698+0000] {processor.py:914} INFO - Processing file /home/airflow/.local/lib/python3.12/site-packages/airflow/example_dags/example_sla_dag.py for tasks to queue
[2024-08-26T15:19:39.700+0000] {logging_mixin.py:190} INFO - [2024-08-26T15:19:39.700+0000] {dagbag.py:587} INFO - Filling up the DagBag from /home/airflow/.local/lib/python3.12/site-packages/airflow/example_dags/example_sla_dag.py
[2024-08-26T15:19:39.714+0000] {processor.py:925} INFO - DAG(s) 'example_sla_dag' retrieved from /home/airflow/.local/lib/python3.12/site-packages/airflow/example_dags/example_sla_dag.py
[2024-08-26T15:19:39.742+0000] {logging_mixin.py:190} INFO - [2024-08-26T15:19:39.741+0000] {dag.py:3211} INFO - Sync 1 DAGs
[2024-08-26T15:19:39.775+0000] {logging_mixin.py:190} INFO - [2024-08-26T15:19:39.775+0000] {dag.py:4138} INFO - Setting next_dagrun for example_sla_dag to 2024-08-26 15:16:00+00:00, run_after=2024-08-26 15:18:00+00:00
[2024-08-26T15:19:39.797+0000] {processor.py:208} INFO - Processing /home/airflow/.local/lib/python3.12/site-packages/airflow/example_dags/example_sla_dag.py took 0.108 seconds
[2024-08-26T15:20:17.947+0000] {processor.py:186} INFO - Started process (PID=1160) to work on /home/airflow/.local/lib/python3.12/site-packages/airflow/example_dags/example_sla_dag.py
[2024-08-26T15:20:17.948+0000] {processor.py:914} INFO - Processing file /home/airflow/.local/lib/python3.12/site-packages/airflow/example_dags/example_sla_dag.py for tasks to queue
[2024-08-26T15:20:17.950+0000] {logging_mixin.py:190} INFO - [2024-08-26T15:20:17.950+0000] {dagbag.py:587} INFO - Filling up the DagBag from /home/airflow/.local/lib/python3.12/site-packages/airflow/example_dags/example_sla_dag.py
[2024-08-26T15:20:17.967+0000] {processor.py:925} INFO - DAG(s) 'example_sla_dag' retrieved from /home/airflow/.local/lib/python3.12/site-packages/airflow/example_dags/example_sla_dag.py
[2024-08-26T15:20:17.999+0000] {logging_mixin.py:190} INFO - [2024-08-26T15:20:17.999+0000] {dag.py:3211} INFO - Sync 1 DAGs
[2024-08-26T15:20:18.038+0000] {logging_mixin.py:190} INFO - [2024-08-26T15:20:18.038+0000] {dag.py:4138} INFO - Setting next_dagrun for example_sla_dag to 2024-08-26 15:18:00+00:00, run_after=2024-08-26 15:20:00+00:00
[2024-08-26T15:20:18.066+0000] {processor.py:208} INFO - Processing /home/airflow/.local/lib/python3.12/site-packages/airflow/example_dags/example_sla_dag.py took 0.128 seconds
[2024-08-26T15:20:56.121+0000] {processor.py:186} INFO - Started process (PID=1226) to work on /home/airflow/.local/lib/python3.12/site-packages/airflow/example_dags/example_sla_dag.py
[2024-08-26T15:20:56.123+0000] {processor.py:914} INFO - Processing file /home/airflow/.local/lib/python3.12/site-packages/airflow/example_dags/example_sla_dag.py for tasks to queue
[2024-08-26T15:20:56.124+0000] {logging_mixin.py:190} INFO - [2024-08-26T15:20:56.124+0000] {dagbag.py:587} INFO - Filling up the DagBag from /home/airflow/.local/lib/python3.12/site-packages/airflow/example_dags/example_sla_dag.py
[2024-08-26T15:20:56.138+0000] {processor.py:925} INFO - DAG(s) 'example_sla_dag' retrieved from /home/airflow/.local/lib/python3.12/site-packages/airflow/example_dags/example_sla_dag.py
[2024-08-26T15:20:56.166+0000] {logging_mixin.py:190} INFO - [2024-08-26T15:20:56.166+0000] {dag.py:3211} INFO - Sync 1 DAGs
[2024-08-26T15:20:56.202+0000] {logging_mixin.py:190} INFO - [2024-08-26T15:20:56.202+0000] {dag.py:4138} INFO - Setting next_dagrun for example_sla_dag to 2024-08-26 15:18:00+00:00, run_after=2024-08-26 15:20:00+00:00
[2024-08-26T15:20:56.224+0000] {processor.py:208} INFO - Processing /home/airflow/.local/lib/python3.12/site-packages/airflow/example_dags/example_sla_dag.py took 0.110 seconds
[2024-08-26T15:21:33.850+0000] {processor.py:186} INFO - Started process (PID=1299) to work on /home/airflow/.local/lib/python3.12/site-packages/airflow/example_dags/example_sla_dag.py
[2024-08-26T15:21:33.852+0000] {processor.py:914} INFO - Processing file /home/airflow/.local/lib/python3.12/site-packages/airflow/example_dags/example_sla_dag.py for tasks to queue
[2024-08-26T15:21:33.855+0000] {logging_mixin.py:190} INFO - [2024-08-26T15:21:33.854+0000] {dagbag.py:587} INFO - Filling up the DagBag from /home/airflow/.local/lib/python3.12/site-packages/airflow/example_dags/example_sla_dag.py
[2024-08-26T15:21:33.870+0000] {processor.py:925} INFO - DAG(s) 'example_sla_dag' retrieved from /home/airflow/.local/lib/python3.12/site-packages/airflow/example_dags/example_sla_dag.py
[2024-08-26T15:21:33.901+0000] {logging_mixin.py:190} INFO - [2024-08-26T15:21:33.900+0000] {dag.py:3211} INFO - Sync 1 DAGs
[2024-08-26T15:21:33.940+0000] {logging_mixin.py:190} INFO - [2024-08-26T15:21:33.940+0000] {dag.py:4138} INFO - Setting next_dagrun for example_sla_dag to 2024-08-26 15:18:00+00:00, run_after=2024-08-26 15:20:00+00:00
[2024-08-26T15:21:33.965+0000] {processor.py:208} INFO - Processing /home/airflow/.local/lib/python3.12/site-packages/airflow/example_dags/example_sla_dag.py took 0.128 seconds
[2024-08-26T15:22:17.657+0000] {processor.py:186} INFO - Started process (PID=1365) to work on /home/airflow/.local/lib/python3.12/site-packages/airflow/example_dags/example_sla_dag.py
[2024-08-26T15:22:17.661+0000] {processor.py:914} INFO - Processing file /home/airflow/.local/lib/python3.12/site-packages/airflow/example_dags/example_sla_dag.py for tasks to queue
[2024-08-26T15:22:17.667+0000] {logging_mixin.py:190} INFO - [2024-08-26T15:22:17.666+0000] {dagbag.py:587} INFO - Filling up the DagBag from /home/airflow/.local/lib/python3.12/site-packages/airflow/example_dags/example_sla_dag.py
[2024-08-26T15:22:17.724+0000] {processor.py:925} INFO - DAG(s) 'example_sla_dag' retrieved from /home/airflow/.local/lib/python3.12/site-packages/airflow/example_dags/example_sla_dag.py
[2024-08-26T15:22:17.788+0000] {logging_mixin.py:190} INFO - [2024-08-26T15:22:17.788+0000] {dag.py:3211} INFO - Sync 1 DAGs
[2024-08-26T15:22:17.864+0000] {logging_mixin.py:190} INFO - [2024-08-26T15:22:17.864+0000] {dag.py:4138} INFO - Setting next_dagrun for example_sla_dag to 2024-08-26 15:20:00+00:00, run_after=2024-08-26 15:22:00+00:00
[2024-08-26T15:22:17.919+0000] {processor.py:208} INFO - Processing /home/airflow/.local/lib/python3.12/site-packages/airflow/example_dags/example_sla_dag.py took 0.282 seconds
[2024-08-26T15:23:16.390+0000] {processor.py:186} INFO - Started process (PID=1437) to work on /home/airflow/.local/lib/python3.12/site-packages/airflow/example_dags/example_sla_dag.py
[2024-08-26T15:23:16.392+0000] {processor.py:914} INFO - Processing file /home/airflow/.local/lib/python3.12/site-packages/airflow/example_dags/example_sla_dag.py for tasks to queue
[2024-08-26T15:23:16.402+0000] {logging_mixin.py:190} INFO - [2024-08-26T15:23:16.397+0000] {dagbag.py:587} INFO - Filling up the DagBag from /home/airflow/.local/lib/python3.12/site-packages/airflow/example_dags/example_sla_dag.py
[2024-08-26T15:23:16.481+0000] {processor.py:925} INFO - DAG(s) 'example_sla_dag' retrieved from /home/airflow/.local/lib/python3.12/site-packages/airflow/example_dags/example_sla_dag.py
[2024-08-26T15:23:16.526+0000] {logging_mixin.py:190} INFO - [2024-08-26T15:23:16.525+0000] {dag.py:3211} INFO - Sync 1 DAGs
[2024-08-26T15:23:16.583+0000] {logging_mixin.py:190} INFO - [2024-08-26T15:23:16.583+0000] {dag.py:4138} INFO - Setting next_dagrun for example_sla_dag to 2024-08-26 15:20:00+00:00, run_after=2024-08-26 15:22:00+00:00
[2024-08-26T15:23:16.621+0000] {processor.py:208} INFO - Processing /home/airflow/.local/lib/python3.12/site-packages/airflow/example_dags/example_sla_dag.py took 0.244 seconds
[2024-08-26T15:23:52.238+0000] {processor.py:186} INFO - Started process (PID=1503) to work on /home/airflow/.local/lib/python3.12/site-packages/airflow/example_dags/example_sla_dag.py
[2024-08-26T15:23:52.239+0000] {processor.py:914} INFO - Processing file /home/airflow/.local/lib/python3.12/site-packages/airflow/example_dags/example_sla_dag.py for tasks to queue
[2024-08-26T15:23:52.241+0000] {logging_mixin.py:190} INFO - [2024-08-26T15:23:52.241+0000] {dagbag.py:587} INFO - Filling up the DagBag from /home/airflow/.local/lib/python3.12/site-packages/airflow/example_dags/example_sla_dag.py
[2024-08-26T15:23:52.255+0000] {processor.py:925} INFO - DAG(s) 'example_sla_dag' retrieved from /home/airflow/.local/lib/python3.12/site-packages/airflow/example_dags/example_sla_dag.py
[2024-08-26T15:23:52.283+0000] {logging_mixin.py:190} INFO - [2024-08-26T15:23:52.282+0000] {dag.py:3211} INFO - Sync 1 DAGs
[2024-08-26T15:23:52.317+0000] {logging_mixin.py:190} INFO - [2024-08-26T15:23:52.317+0000] {dag.py:4138} INFO - Setting next_dagrun for example_sla_dag to 2024-08-26 15:20:00+00:00, run_after=2024-08-26 15:22:00+00:00
[2024-08-26T15:23:52.340+0000] {processor.py:208} INFO - Processing /home/airflow/.local/lib/python3.12/site-packages/airflow/example_dags/example_sla_dag.py took 0.109 seconds
[2024-08-26T15:24:28.365+0000] {processor.py:186} INFO - Started process (PID=1569) to work on /home/airflow/.local/lib/python3.12/site-packages/airflow/example_dags/example_sla_dag.py
[2024-08-26T15:24:28.367+0000] {processor.py:914} INFO - Processing file /home/airflow/.local/lib/python3.12/site-packages/airflow/example_dags/example_sla_dag.py for tasks to queue
[2024-08-26T15:24:28.369+0000] {logging_mixin.py:190} INFO - [2024-08-26T15:24:28.368+0000] {dagbag.py:587} INFO - Filling up the DagBag from /home/airflow/.local/lib/python3.12/site-packages/airflow/example_dags/example_sla_dag.py
[2024-08-26T15:24:28.383+0000] {processor.py:925} INFO - DAG(s) 'example_sla_dag' retrieved from /home/airflow/.local/lib/python3.12/site-packages/airflow/example_dags/example_sla_dag.py
[2024-08-26T15:24:28.411+0000] {logging_mixin.py:190} INFO - [2024-08-26T15:24:28.410+0000] {dag.py:3211} INFO - Sync 1 DAGs
[2024-08-26T15:24:28.446+0000] {logging_mixin.py:190} INFO - [2024-08-26T15:24:28.446+0000] {dag.py:4138} INFO - Setting next_dagrun for example_sla_dag to 2024-08-26 15:22:00+00:00, run_after=2024-08-26 15:24:00+00:00
[2024-08-26T15:24:28.471+0000] {processor.py:208} INFO - Processing /home/airflow/.local/lib/python3.12/site-packages/airflow/example_dags/example_sla_dag.py took 0.113 seconds
[2024-08-26T15:25:05.114+0000] {processor.py:186} INFO - Started process (PID=1640) to work on /home/airflow/.local/lib/python3.12/site-packages/airflow/example_dags/example_sla_dag.py
[2024-08-26T15:25:05.115+0000] {processor.py:914} INFO - Processing file /home/airflow/.local/lib/python3.12/site-packages/airflow/example_dags/example_sla_dag.py for tasks to queue
[2024-08-26T15:25:05.117+0000] {logging_mixin.py:190} INFO - [2024-08-26T15:25:05.116+0000] {dagbag.py:587} INFO - Filling up the DagBag from /home/airflow/.local/lib/python3.12/site-packages/airflow/example_dags/example_sla_dag.py
[2024-08-26T15:25:05.131+0000] {processor.py:925} INFO - DAG(s) 'example_sla_dag' retrieved from /home/airflow/.local/lib/python3.12/site-packages/airflow/example_dags/example_sla_dag.py
[2024-08-26T15:25:05.162+0000] {logging_mixin.py:190} INFO - [2024-08-26T15:25:05.162+0000] {dag.py:3211} INFO - Sync 1 DAGs
[2024-08-26T15:25:05.199+0000] {logging_mixin.py:190} INFO - [2024-08-26T15:25:05.198+0000] {dag.py:4138} INFO - Setting next_dagrun for example_sla_dag to 2024-08-26 15:22:00+00:00, run_after=2024-08-26 15:24:00+00:00
[2024-08-26T15:25:05.223+0000] {processor.py:208} INFO - Processing /home/airflow/.local/lib/python3.12/site-packages/airflow/example_dags/example_sla_dag.py took 0.118 seconds
[2024-08-26T15:25:47.527+0000] {processor.py:186} INFO - Started process (PID=1706) to work on /home/airflow/.local/lib/python3.12/site-packages/airflow/example_dags/example_sla_dag.py
[2024-08-26T15:25:47.529+0000] {processor.py:914} INFO - Processing file /home/airflow/.local/lib/python3.12/site-packages/airflow/example_dags/example_sla_dag.py for tasks to queue
[2024-08-26T15:25:47.531+0000] {logging_mixin.py:190} INFO - [2024-08-26T15:25:47.531+0000] {dagbag.py:587} INFO - Filling up the DagBag from /home/airflow/.local/lib/python3.12/site-packages/airflow/example_dags/example_sla_dag.py
[2024-08-26T15:25:47.546+0000] {processor.py:925} INFO - DAG(s) 'example_sla_dag' retrieved from /home/airflow/.local/lib/python3.12/site-packages/airflow/example_dags/example_sla_dag.py
[2024-08-26T15:25:47.577+0000] {logging_mixin.py:190} INFO - [2024-08-26T15:25:47.576+0000] {dag.py:3211} INFO - Sync 1 DAGs
[2024-08-26T15:25:47.615+0000] {logging_mixin.py:190} INFO - [2024-08-26T15:25:47.614+0000] {dag.py:4138} INFO - Setting next_dagrun for example_sla_dag to 2024-08-26 15:22:00+00:00, run_after=2024-08-26 15:24:00+00:00
[2024-08-26T15:25:47.641+0000] {processor.py:208} INFO - Processing /home/airflow/.local/lib/python3.12/site-packages/airflow/example_dags/example_sla_dag.py took 0.123 seconds
[2024-08-26T15:27:02.883+0000] {processor.py:186} INFO - Started process (PID=1786) to work on /home/airflow/.local/lib/python3.12/site-packages/airflow/example_dags/example_sla_dag.py
[2024-08-26T15:27:02.895+0000] {processor.py:914} INFO - Processing file /home/airflow/.local/lib/python3.12/site-packages/airflow/example_dags/example_sla_dag.py for tasks to queue
[2024-08-26T15:27:02.906+0000] {logging_mixin.py:190} INFO - [2024-08-26T15:27:02.904+0000] {dagbag.py:587} INFO - Filling up the DagBag from /home/airflow/.local/lib/python3.12/site-packages/airflow/example_dags/example_sla_dag.py
[2024-08-26T15:27:03.046+0000] {processor.py:925} INFO - DAG(s) 'example_sla_dag' retrieved from /home/airflow/.local/lib/python3.12/site-packages/airflow/example_dags/example_sla_dag.py
[2024-08-26T15:27:03.232+0000] {logging_mixin.py:190} INFO - [2024-08-26T15:27:03.231+0000] {dag.py:3211} INFO - Sync 1 DAGs
[2024-08-26T15:27:03.417+0000] {logging_mixin.py:190} INFO - [2024-08-26T15:27:03.415+0000] {dag.py:4138} INFO - Setting next_dagrun for example_sla_dag to 2024-08-26 15:24:00+00:00, run_after=2024-08-26 15:26:00+00:00
[2024-08-26T15:27:04.902+0000] {processor.py:208} INFO - Processing /home/airflow/.local/lib/python3.12/site-packages/airflow/example_dags/example_sla_dag.py took 2.244 seconds
[2024-08-26T15:27:45.525+0000] {processor.py:186} INFO - Started process (PID=1853) to work on /home/airflow/.local/lib/python3.12/site-packages/airflow/example_dags/example_sla_dag.py
[2024-08-26T15:27:45.528+0000] {processor.py:914} INFO - Processing file /home/airflow/.local/lib/python3.12/site-packages/airflow/example_dags/example_sla_dag.py for tasks to queue
[2024-08-26T15:27:45.533+0000] {logging_mixin.py:190} INFO - [2024-08-26T15:27:45.532+0000] {dagbag.py:587} INFO - Filling up the DagBag from /home/airflow/.local/lib/python3.12/site-packages/airflow/example_dags/example_sla_dag.py
[2024-08-26T15:27:45.566+0000] {processor.py:925} INFO - DAG(s) 'example_sla_dag' retrieved from /home/airflow/.local/lib/python3.12/site-packages/airflow/example_dags/example_sla_dag.py
[2024-08-26T15:27:45.638+0000] {logging_mixin.py:190} INFO - [2024-08-26T15:27:45.637+0000] {dag.py:3211} INFO - Sync 1 DAGs
[2024-08-26T15:27:45.767+0000] {logging_mixin.py:190} INFO - [2024-08-26T15:27:45.767+0000] {dag.py:4138} INFO - Setting next_dagrun for example_sla_dag to 2024-08-26 15:24:00+00:00, run_after=2024-08-26 15:26:00+00:00
[2024-08-26T15:27:45.827+0000] {processor.py:208} INFO - Processing /home/airflow/.local/lib/python3.12/site-packages/airflow/example_dags/example_sla_dag.py took 0.320 seconds
[2024-08-26T15:28:29.719+0000] {processor.py:186} INFO - Started process (PID=1919) to work on /home/airflow/.local/lib/python3.12/site-packages/airflow/example_dags/example_sla_dag.py
[2024-08-26T15:28:29.721+0000] {processor.py:914} INFO - Processing file /home/airflow/.local/lib/python3.12/site-packages/airflow/example_dags/example_sla_dag.py for tasks to queue
[2024-08-26T15:28:29.724+0000] {logging_mixin.py:190} INFO - [2024-08-26T15:28:29.723+0000] {dagbag.py:587} INFO - Filling up the DagBag from /home/airflow/.local/lib/python3.12/site-packages/airflow/example_dags/example_sla_dag.py
[2024-08-26T15:28:29.745+0000] {processor.py:925} INFO - DAG(s) 'example_sla_dag' retrieved from /home/airflow/.local/lib/python3.12/site-packages/airflow/example_dags/example_sla_dag.py
[2024-08-26T15:28:29.786+0000] {logging_mixin.py:190} INFO - [2024-08-26T15:28:29.786+0000] {dag.py:3211} INFO - Sync 1 DAGs
[2024-08-26T15:28:29.838+0000] {logging_mixin.py:190} INFO - [2024-08-26T15:28:29.837+0000] {dag.py:4138} INFO - Setting next_dagrun for example_sla_dag to 2024-08-26 15:26:00+00:00, run_after=2024-08-26 15:28:00+00:00
[2024-08-26T15:28:29.872+0000] {processor.py:208} INFO - Processing /home/airflow/.local/lib/python3.12/site-packages/airflow/example_dags/example_sla_dag.py took 0.166 seconds
[2024-08-26T15:29:32.709+0000] {processor.py:186} INFO - Started process (PID=1998) to work on /home/airflow/.local/lib/python3.12/site-packages/airflow/example_dags/example_sla_dag.py
[2024-08-26T15:29:32.713+0000] {processor.py:914} INFO - Processing file /home/airflow/.local/lib/python3.12/site-packages/airflow/example_dags/example_sla_dag.py for tasks to queue
[2024-08-26T15:29:32.719+0000] {logging_mixin.py:190} INFO - [2024-08-26T15:29:32.717+0000] {dagbag.py:587} INFO - Filling up the DagBag from /home/airflow/.local/lib/python3.12/site-packages/airflow/example_dags/example_sla_dag.py
[2024-08-26T15:29:32.757+0000] {processor.py:925} INFO - DAG(s) 'example_sla_dag' retrieved from /home/airflow/.local/lib/python3.12/site-packages/airflow/example_dags/example_sla_dag.py
[2024-08-26T15:29:32.853+0000] {logging_mixin.py:190} INFO - [2024-08-26T15:29:32.852+0000] {dag.py:3211} INFO - Sync 1 DAGs
[2024-08-26T15:29:33.026+0000] {logging_mixin.py:190} INFO - [2024-08-26T15:29:33.023+0000] {dag.py:4138} INFO - Setting next_dagrun for example_sla_dag to 2024-08-26 15:26:00+00:00, run_after=2024-08-26 15:28:00+00:00
[2024-08-26T15:29:33.105+0000] {processor.py:208} INFO - Processing /home/airflow/.local/lib/python3.12/site-packages/airflow/example_dags/example_sla_dag.py took 0.421 seconds
[2024-08-26T15:30:45.793+0000] {processor.py:186} INFO - Started process (PID=2073) to work on /home/airflow/.local/lib/python3.12/site-packages/airflow/example_dags/example_sla_dag.py
[2024-08-26T15:30:45.800+0000] {processor.py:914} INFO - Processing file /home/airflow/.local/lib/python3.12/site-packages/airflow/example_dags/example_sla_dag.py for tasks to queue
[2024-08-26T15:30:45.808+0000] {logging_mixin.py:190} INFO - [2024-08-26T15:30:45.806+0000] {dagbag.py:587} INFO - Filling up the DagBag from /home/airflow/.local/lib/python3.12/site-packages/airflow/example_dags/example_sla_dag.py
[2024-08-26T15:30:45.864+0000] {processor.py:925} INFO - DAG(s) 'example_sla_dag' retrieved from /home/airflow/.local/lib/python3.12/site-packages/airflow/example_dags/example_sla_dag.py
[2024-08-26T15:30:45.997+0000] {logging_mixin.py:190} INFO - [2024-08-26T15:30:45.993+0000] {dag.py:3211} INFO - Sync 1 DAGs
[2024-08-26T15:30:46.233+0000] {logging_mixin.py:190} INFO - [2024-08-26T15:30:46.232+0000] {dag.py:4138} INFO - Setting next_dagrun for example_sla_dag to 2024-08-26 15:28:00+00:00, run_after=2024-08-26 15:30:00+00:00
[2024-08-26T15:30:46.359+0000] {processor.py:208} INFO - Processing /home/airflow/.local/lib/python3.12/site-packages/airflow/example_dags/example_sla_dag.py took 0.601 seconds
[2024-08-26T15:31:45.292+0000] {processor.py:186} INFO - Started process (PID=2150) to work on /home/airflow/.local/lib/python3.12/site-packages/airflow/example_dags/example_sla_dag.py
[2024-08-26T15:31:45.297+0000] {processor.py:914} INFO - Processing file /home/airflow/.local/lib/python3.12/site-packages/airflow/example_dags/example_sla_dag.py for tasks to queue
[2024-08-26T15:31:45.303+0000] {logging_mixin.py:190} INFO - [2024-08-26T15:31:45.302+0000] {dagbag.py:587} INFO - Filling up the DagBag from /home/airflow/.local/lib/python3.12/site-packages/airflow/example_dags/example_sla_dag.py
[2024-08-26T15:31:45.346+0000] {processor.py:925} INFO - DAG(s) 'example_sla_dag' retrieved from /home/airflow/.local/lib/python3.12/site-packages/airflow/example_dags/example_sla_dag.py
[2024-08-26T15:31:45.425+0000] {logging_mixin.py:190} INFO - [2024-08-26T15:31:45.424+0000] {dag.py:3211} INFO - Sync 1 DAGs
[2024-08-26T15:31:45.520+0000] {logging_mixin.py:190} INFO - [2024-08-26T15:31:45.519+0000] {dag.py:4138} INFO - Setting next_dagrun for example_sla_dag to 2024-08-26 15:28:00+00:00, run_after=2024-08-26 15:30:00+00:00
[2024-08-26T15:31:45.581+0000] {processor.py:208} INFO - Processing /home/airflow/.local/lib/python3.12/site-packages/airflow/example_dags/example_sla_dag.py took 0.312 seconds
[2024-08-26T15:32:48.966+0000] {processor.py:186} INFO - Started process (PID=2221) to work on /home/airflow/.local/lib/python3.12/site-packages/airflow/example_dags/example_sla_dag.py
[2024-08-26T15:32:48.974+0000] {processor.py:914} INFO - Processing file /home/airflow/.local/lib/python3.12/site-packages/airflow/example_dags/example_sla_dag.py for tasks to queue
[2024-08-26T15:32:48.983+0000] {logging_mixin.py:190} INFO - [2024-08-26T15:32:48.981+0000] {dagbag.py:587} INFO - Filling up the DagBag from /home/airflow/.local/lib/python3.12/site-packages/airflow/example_dags/example_sla_dag.py
[2024-08-26T15:32:49.049+0000] {processor.py:925} INFO - DAG(s) 'example_sla_dag' retrieved from /home/airflow/.local/lib/python3.12/site-packages/airflow/example_dags/example_sla_dag.py
[2024-08-26T15:32:49.199+0000] {logging_mixin.py:190} INFO - [2024-08-26T15:32:49.198+0000] {dag.py:3211} INFO - Sync 1 DAGs
[2024-08-26T15:32:49.412+0000] {logging_mixin.py:190} INFO - [2024-08-26T15:32:49.410+0000] {dag.py:4138} INFO - Setting next_dagrun for example_sla_dag to 2024-08-26 15:30:00+00:00, run_after=2024-08-26 15:32:00+00:00
[2024-08-26T15:32:49.534+0000] {processor.py:208} INFO - Processing /home/airflow/.local/lib/python3.12/site-packages/airflow/example_dags/example_sla_dag.py took 0.602 seconds
[2024-08-26T15:37:24.882+0000] {processor.py:186} INFO - Started process (PID=2338) to work on /home/airflow/.local/lib/python3.12/site-packages/airflow/example_dags/example_sla_dag.py
[2024-08-26T15:37:24.901+0000] {processor.py:914} INFO - Processing file /home/airflow/.local/lib/python3.12/site-packages/airflow/example_dags/example_sla_dag.py for tasks to queue
[2024-08-26T15:37:24.922+0000] {logging_mixin.py:190} INFO - [2024-08-26T15:37:24.909+0000] {dagbag.py:587} INFO - Filling up the DagBag from /home/airflow/.local/lib/python3.12/site-packages/airflow/example_dags/example_sla_dag.py
[2024-08-26T15:37:25.064+0000] {processor.py:925} INFO - DAG(s) 'example_sla_dag' retrieved from /home/airflow/.local/lib/python3.12/site-packages/airflow/example_dags/example_sla_dag.py
[2024-08-26T15:37:25.531+0000] {logging_mixin.py:190} INFO - [2024-08-26T15:37:25.529+0000] {dag.py:3211} INFO - Sync 1 DAGs
[2024-08-26T15:37:26.018+0000] {logging_mixin.py:190} INFO - [2024-08-26T15:37:26.017+0000] {dag.py:4138} INFO - Setting next_dagrun for example_sla_dag to 2024-08-26 15:34:00+00:00, run_after=2024-08-26 15:36:00+00:00
[2024-08-26T15:37:26.892+0000] {processor.py:208} INFO - Processing /home/airflow/.local/lib/python3.12/site-packages/airflow/example_dags/example_sla_dag.py took 2.116 seconds
[2024-08-26T15:39:29.300+0000] {processor.py:186} INFO - Started process (PID=2422) to work on /home/airflow/.local/lib/python3.12/site-packages/airflow/example_dags/example_sla_dag.py
[2024-08-26T15:39:29.303+0000] {processor.py:914} INFO - Processing file /home/airflow/.local/lib/python3.12/site-packages/airflow/example_dags/example_sla_dag.py for tasks to queue
[2024-08-26T15:39:29.306+0000] {logging_mixin.py:190} INFO - [2024-08-26T15:39:29.306+0000] {dagbag.py:587} INFO - Filling up the DagBag from /home/airflow/.local/lib/python3.12/site-packages/airflow/example_dags/example_sla_dag.py
[2024-08-26T15:39:29.323+0000] {processor.py:925} INFO - DAG(s) 'example_sla_dag' retrieved from /home/airflow/.local/lib/python3.12/site-packages/airflow/example_dags/example_sla_dag.py
[2024-08-26T15:39:29.362+0000] {logging_mixin.py:190} INFO - [2024-08-26T15:39:29.362+0000] {dag.py:3211} INFO - Sync 1 DAGs
[2024-08-26T15:39:29.409+0000] {logging_mixin.py:190} INFO - [2024-08-26T15:39:29.409+0000] {dag.py:4138} INFO - Setting next_dagrun for example_sla_dag to 2024-08-26 15:36:00+00:00, run_after=2024-08-26 15:38:00+00:00
[2024-08-26T15:39:29.441+0000] {processor.py:208} INFO - Processing /home/airflow/.local/lib/python3.12/site-packages/airflow/example_dags/example_sla_dag.py took 0.156 seconds
[2024-08-26T15:40:17.591+0000] {processor.py:186} INFO - Started process (PID=2489) to work on /home/airflow/.local/lib/python3.12/site-packages/airflow/example_dags/example_sla_dag.py
[2024-08-26T15:40:17.595+0000] {processor.py:914} INFO - Processing file /home/airflow/.local/lib/python3.12/site-packages/airflow/example_dags/example_sla_dag.py for tasks to queue
[2024-08-26T15:40:17.599+0000] {logging_mixin.py:190} INFO - [2024-08-26T15:40:17.597+0000] {dagbag.py:587} INFO - Filling up the DagBag from /home/airflow/.local/lib/python3.12/site-packages/airflow/example_dags/example_sla_dag.py
[2024-08-26T15:40:17.619+0000] {processor.py:925} INFO - DAG(s) 'example_sla_dag' retrieved from /home/airflow/.local/lib/python3.12/site-packages/airflow/example_dags/example_sla_dag.py
[2024-08-26T15:40:17.669+0000] {logging_mixin.py:190} INFO - [2024-08-26T15:40:17.669+0000] {dag.py:3211} INFO - Sync 1 DAGs
[2024-08-26T15:40:17.744+0000] {logging_mixin.py:190} INFO - [2024-08-26T15:40:17.744+0000] {dag.py:4138} INFO - Setting next_dagrun for example_sla_dag to 2024-08-26 15:38:00+00:00, run_after=2024-08-26 15:40:00+00:00
[2024-08-26T15:40:17.789+0000] {processor.py:208} INFO - Processing /home/airflow/.local/lib/python3.12/site-packages/airflow/example_dags/example_sla_dag.py took 0.214 seconds
[2024-08-26T15:41:06.015+0000] {processor.py:186} INFO - Started process (PID=2561) to work on /home/airflow/.local/lib/python3.12/site-packages/airflow/example_dags/example_sla_dag.py
[2024-08-26T15:41:06.019+0000] {processor.py:914} INFO - Processing file /home/airflow/.local/lib/python3.12/site-packages/airflow/example_dags/example_sla_dag.py for tasks to queue
[2024-08-26T15:41:06.024+0000] {logging_mixin.py:190} INFO - [2024-08-26T15:41:06.023+0000] {dagbag.py:587} INFO - Filling up the DagBag from /home/airflow/.local/lib/python3.12/site-packages/airflow/example_dags/example_sla_dag.py
[2024-08-26T15:41:06.047+0000] {processor.py:925} INFO - DAG(s) 'example_sla_dag' retrieved from /home/airflow/.local/lib/python3.12/site-packages/airflow/example_dags/example_sla_dag.py
[2024-08-26T15:41:06.102+0000] {logging_mixin.py:190} INFO - [2024-08-26T15:41:06.101+0000] {dag.py:3211} INFO - Sync 1 DAGs
[2024-08-26T15:41:06.174+0000] {logging_mixin.py:190} INFO - [2024-08-26T15:41:06.173+0000] {dag.py:4138} INFO - Setting next_dagrun for example_sla_dag to 2024-08-26 15:38:00+00:00, run_after=2024-08-26 15:40:00+00:00
[2024-08-26T15:41:06.237+0000] {processor.py:208} INFO - Processing /home/airflow/.local/lib/python3.12/site-packages/airflow/example_dags/example_sla_dag.py took 0.242 seconds
[2024-08-26T15:43:49.578+0000] {processor.py:186} INFO - Started process (PID=2655) to work on /home/airflow/.local/lib/python3.12/site-packages/airflow/example_dags/example_sla_dag.py
[2024-08-26T15:43:49.584+0000] {processor.py:914} INFO - Processing file /home/airflow/.local/lib/python3.12/site-packages/airflow/example_dags/example_sla_dag.py for tasks to queue
[2024-08-26T15:43:49.591+0000] {logging_mixin.py:190} INFO - [2024-08-26T15:43:49.589+0000] {dagbag.py:587} INFO - Filling up the DagBag from /home/airflow/.local/lib/python3.12/site-packages/airflow/example_dags/example_sla_dag.py
[2024-08-26T15:43:49.636+0000] {processor.py:925} INFO - DAG(s) 'example_sla_dag' retrieved from /home/airflow/.local/lib/python3.12/site-packages/airflow/example_dags/example_sla_dag.py
[2024-08-26T15:43:49.816+0000] {logging_mixin.py:190} INFO - [2024-08-26T15:43:49.812+0000] {dag.py:3211} INFO - Sync 1 DAGs
[2024-08-26T15:43:49.966+0000] {logging_mixin.py:190} INFO - [2024-08-26T15:43:49.965+0000] {dag.py:4138} INFO - Setting next_dagrun for example_sla_dag to 2024-08-26 15:40:00+00:00, run_after=2024-08-26 15:42:00+00:00
[2024-08-26T15:43:50.089+0000] {processor.py:208} INFO - Processing /home/airflow/.local/lib/python3.12/site-packages/airflow/example_dags/example_sla_dag.py took 0.549 seconds
[2024-08-26T15:44:36.987+0000] {processor.py:186} INFO - Started process (PID=2728) to work on /home/airflow/.local/lib/python3.12/site-packages/airflow/example_dags/example_sla_dag.py
[2024-08-26T15:44:36.992+0000] {processor.py:914} INFO - Processing file /home/airflow/.local/lib/python3.12/site-packages/airflow/example_dags/example_sla_dag.py for tasks to queue
[2024-08-26T15:44:36.995+0000] {logging_mixin.py:190} INFO - [2024-08-26T15:44:36.994+0000] {dagbag.py:587} INFO - Filling up the DagBag from /home/airflow/.local/lib/python3.12/site-packages/airflow/example_dags/example_sla_dag.py
[2024-08-26T15:44:37.015+0000] {processor.py:925} INFO - DAG(s) 'example_sla_dag' retrieved from /home/airflow/.local/lib/python3.12/site-packages/airflow/example_dags/example_sla_dag.py
[2024-08-26T15:44:37.068+0000] {logging_mixin.py:190} INFO - [2024-08-26T15:44:37.068+0000] {dag.py:3211} INFO - Sync 1 DAGs
[2024-08-26T15:44:37.128+0000] {logging_mixin.py:190} INFO - [2024-08-26T15:44:37.127+0000] {dag.py:4138} INFO - Setting next_dagrun for example_sla_dag to 2024-08-26 15:42:00+00:00, run_after=2024-08-26 15:44:00+00:00
[2024-08-26T15:44:37.169+0000] {processor.py:208} INFO - Processing /home/airflow/.local/lib/python3.12/site-packages/airflow/example_dags/example_sla_dag.py took 0.199 seconds
[2024-08-26T15:45:15.569+0000] {processor.py:186} INFO - Started process (PID=2794) to work on /home/airflow/.local/lib/python3.12/site-packages/airflow/example_dags/example_sla_dag.py
[2024-08-26T15:45:15.573+0000] {processor.py:914} INFO - Processing file /home/airflow/.local/lib/python3.12/site-packages/airflow/example_dags/example_sla_dag.py for tasks to queue
[2024-08-26T15:45:15.575+0000] {logging_mixin.py:190} INFO - [2024-08-26T15:45:15.575+0000] {dagbag.py:587} INFO - Filling up the DagBag from /home/airflow/.local/lib/python3.12/site-packages/airflow/example_dags/example_sla_dag.py
[2024-08-26T15:45:15.587+0000] {processor.py:925} INFO - DAG(s) 'example_sla_dag' retrieved from /home/airflow/.local/lib/python3.12/site-packages/airflow/example_dags/example_sla_dag.py
[2024-08-26T15:45:15.620+0000] {logging_mixin.py:190} INFO - [2024-08-26T15:45:15.620+0000] {dag.py:3211} INFO - Sync 1 DAGs
[2024-08-26T15:45:15.655+0000] {logging_mixin.py:190} INFO - [2024-08-26T15:45:15.655+0000] {dag.py:4138} INFO - Setting next_dagrun for example_sla_dag to 2024-08-26 15:42:00+00:00, run_after=2024-08-26 15:44:00+00:00
[2024-08-26T15:45:15.678+0000] {processor.py:208} INFO - Processing /home/airflow/.local/lib/python3.12/site-packages/airflow/example_dags/example_sla_dag.py took 0.119 seconds
[2024-08-26T15:45:57.246+0000] {processor.py:186} INFO - Started process (PID=2860) to work on /home/airflow/.local/lib/python3.12/site-packages/airflow/example_dags/example_sla_dag.py
[2024-08-26T15:45:57.248+0000] {processor.py:914} INFO - Processing file /home/airflow/.local/lib/python3.12/site-packages/airflow/example_dags/example_sla_dag.py for tasks to queue
[2024-08-26T15:45:57.252+0000] {logging_mixin.py:190} INFO - [2024-08-26T15:45:57.251+0000] {dagbag.py:587} INFO - Filling up the DagBag from /home/airflow/.local/lib/python3.12/site-packages/airflow/example_dags/example_sla_dag.py
[2024-08-26T15:45:57.275+0000] {processor.py:925} INFO - DAG(s) 'example_sla_dag' retrieved from /home/airflow/.local/lib/python3.12/site-packages/airflow/example_dags/example_sla_dag.py
[2024-08-26T15:45:57.349+0000] {logging_mixin.py:190} INFO - [2024-08-26T15:45:57.349+0000] {dag.py:3211} INFO - Sync 1 DAGs
[2024-08-26T15:45:57.431+0000] {logging_mixin.py:190} INFO - [2024-08-26T15:45:57.431+0000] {dag.py:4138} INFO - Setting next_dagrun for example_sla_dag to 2024-08-26 15:42:00+00:00, run_after=2024-08-26 15:44:00+00:00
[2024-08-26T15:45:57.484+0000] {processor.py:208} INFO - Processing /home/airflow/.local/lib/python3.12/site-packages/airflow/example_dags/example_sla_dag.py took 0.258 seconds
[2024-08-26T15:48:00.364+0000] {processor.py:186} INFO - Started process (PID=2948) to work on /home/airflow/.local/lib/python3.12/site-packages/airflow/example_dags/example_sla_dag.py
[2024-08-26T15:48:00.371+0000] {processor.py:914} INFO - Processing file /home/airflow/.local/lib/python3.12/site-packages/airflow/example_dags/example_sla_dag.py for tasks to queue
[2024-08-26T15:48:00.376+0000] {logging_mixin.py:190} INFO - [2024-08-26T15:48:00.375+0000] {dagbag.py:587} INFO - Filling up the DagBag from /home/airflow/.local/lib/python3.12/site-packages/airflow/example_dags/example_sla_dag.py
[2024-08-26T15:48:00.405+0000] {processor.py:925} INFO - DAG(s) 'example_sla_dag' retrieved from /home/airflow/.local/lib/python3.12/site-packages/airflow/example_dags/example_sla_dag.py
[2024-08-26T15:48:00.488+0000] {logging_mixin.py:190} INFO - [2024-08-26T15:48:00.487+0000] {dag.py:3211} INFO - Sync 1 DAGs
[2024-08-26T15:48:00.573+0000] {logging_mixin.py:190} INFO - [2024-08-26T15:48:00.572+0000] {dag.py:4138} INFO - Setting next_dagrun for example_sla_dag to 2024-08-26 15:46:00+00:00, run_after=2024-08-26 15:48:00+00:00
[2024-08-26T15:48:00.617+0000] {processor.py:208} INFO - Processing /home/airflow/.local/lib/python3.12/site-packages/airflow/example_dags/example_sla_dag.py took 0.278 seconds
[2024-08-26T15:50:45.440+0000] {processor.py:186} INFO - Started process (PID=3047) to work on /home/airflow/.local/lib/python3.12/site-packages/airflow/example_dags/example_sla_dag.py
[2024-08-26T15:50:45.450+0000] {processor.py:914} INFO - Processing file /home/airflow/.local/lib/python3.12/site-packages/airflow/example_dags/example_sla_dag.py for tasks to queue
[2024-08-26T15:50:45.464+0000] {logging_mixin.py:190} INFO - [2024-08-26T15:50:45.462+0000] {dagbag.py:587} INFO - Filling up the DagBag from /home/airflow/.local/lib/python3.12/site-packages/airflow/example_dags/example_sla_dag.py
[2024-08-26T15:50:45.540+0000] {processor.py:925} INFO - DAG(s) 'example_sla_dag' retrieved from /home/airflow/.local/lib/python3.12/site-packages/airflow/example_dags/example_sla_dag.py
[2024-08-26T15:50:45.755+0000] {logging_mixin.py:190} INFO - [2024-08-26T15:50:45.753+0000] {dag.py:3211} INFO - Sync 1 DAGs
[2024-08-26T15:50:46.012+0000] {logging_mixin.py:190} INFO - [2024-08-26T15:50:46.010+0000] {dag.py:4138} INFO - Setting next_dagrun for example_sla_dag to 2024-08-26 15:48:00+00:00, run_after=2024-08-26 15:50:00+00:00
[2024-08-26T15:50:46.155+0000] {processor.py:208} INFO - Processing /home/airflow/.local/lib/python3.12/site-packages/airflow/example_dags/example_sla_dag.py took 0.765 seconds
[2024-08-26T15:51:46.588+0000] {processor.py:186} INFO - Started process (PID=3119) to work on /home/airflow/.local/lib/python3.12/site-packages/airflow/example_dags/example_sla_dag.py
[2024-08-26T15:51:46.591+0000] {processor.py:914} INFO - Processing file /home/airflow/.local/lib/python3.12/site-packages/airflow/example_dags/example_sla_dag.py for tasks to queue
[2024-08-26T15:51:46.595+0000] {logging_mixin.py:190} INFO - [2024-08-26T15:51:46.594+0000] {dagbag.py:587} INFO - Filling up the DagBag from /home/airflow/.local/lib/python3.12/site-packages/airflow/example_dags/example_sla_dag.py
[2024-08-26T15:51:46.619+0000] {processor.py:925} INFO - DAG(s) 'example_sla_dag' retrieved from /home/airflow/.local/lib/python3.12/site-packages/airflow/example_dags/example_sla_dag.py
[2024-08-26T15:51:46.675+0000] {logging_mixin.py:190} INFO - [2024-08-26T15:51:46.675+0000] {dag.py:3211} INFO - Sync 1 DAGs
[2024-08-26T15:51:46.741+0000] {logging_mixin.py:190} INFO - [2024-08-26T15:51:46.740+0000] {dag.py:4138} INFO - Setting next_dagrun for example_sla_dag to 2024-08-26 15:48:00+00:00, run_after=2024-08-26 15:50:00+00:00
[2024-08-26T15:51:46.785+0000] {processor.py:208} INFO - Processing /home/airflow/.local/lib/python3.12/site-packages/airflow/example_dags/example_sla_dag.py took 0.214 seconds
[2024-08-26T15:52:28.591+0000] {processor.py:186} INFO - Started process (PID=3186) to work on /home/airflow/.local/lib/python3.12/site-packages/airflow/example_dags/example_sla_dag.py
[2024-08-26T15:52:28.593+0000] {processor.py:914} INFO - Processing file /home/airflow/.local/lib/python3.12/site-packages/airflow/example_dags/example_sla_dag.py for tasks to queue
[2024-08-26T15:52:28.596+0000] {logging_mixin.py:190} INFO - [2024-08-26T15:52:28.595+0000] {dagbag.py:587} INFO - Filling up the DagBag from /home/airflow/.local/lib/python3.12/site-packages/airflow/example_dags/example_sla_dag.py
[2024-08-26T15:52:28.618+0000] {processor.py:925} INFO - DAG(s) 'example_sla_dag' retrieved from /home/airflow/.local/lib/python3.12/site-packages/airflow/example_dags/example_sla_dag.py
[2024-08-26T15:52:28.668+0000] {logging_mixin.py:190} INFO - [2024-08-26T15:52:28.668+0000] {dag.py:3211} INFO - Sync 1 DAGs
[2024-08-26T15:52:28.739+0000] {logging_mixin.py:190} INFO - [2024-08-26T15:52:28.738+0000] {dag.py:4138} INFO - Setting next_dagrun for example_sla_dag to 2024-08-26 15:50:00+00:00, run_after=2024-08-26 15:52:00+00:00
[2024-08-26T15:52:28.797+0000] {processor.py:208} INFO - Processing /home/airflow/.local/lib/python3.12/site-packages/airflow/example_dags/example_sla_dag.py took 0.221 seconds
