[2024-08-26T10:34:45.236+0000] {processor.py:186} INFO - Started process (PID=93) to work on /home/airflow/.local/lib/python3.12/site-packages/airflow/example_dags/example_python_decorator.py
[2024-08-26T10:34:45.238+0000] {processor.py:914} INFO - Processing file /home/airflow/.local/lib/python3.12/site-packages/airflow/example_dags/example_python_decorator.py for tasks to queue
[2024-08-26T10:34:45.241+0000] {logging_mixin.py:190} INFO - [2024-08-26T10:34:45.241+0000] {dagbag.py:587} INFO - Filling up the DagBag from /home/airflow/.local/lib/python3.12/site-packages/airflow/example_dags/example_python_decorator.py
[2024-08-26T10:34:45.262+0000] {processor.py:925} INFO - DAG(s) 'example_python_decorator' retrieved from /home/airflow/.local/lib/python3.12/site-packages/airflow/example_dags/example_python_decorator.py
[2024-08-26T10:34:45.408+0000] {logging_mixin.py:190} INFO - [2024-08-26T10:34:45.408+0000] {dag.py:3211} INFO - Sync 1 DAGs
[2024-08-26T10:34:45.425+0000] {logging_mixin.py:190} INFO - [2024-08-26T10:34:45.424+0000] {dag.py:4138} INFO - Setting next_dagrun for example_python_decorator to None, run_after=None
[2024-08-26T10:34:45.450+0000] {processor.py:208} INFO - Processing /home/airflow/.local/lib/python3.12/site-packages/airflow/example_dags/example_python_decorator.py took 0.221 seconds
[2024-08-26T10:35:28.341+0000] {processor.py:186} INFO - Started process (PID=165) to work on /home/airflow/.local/lib/python3.12/site-packages/airflow/example_dags/example_python_decorator.py
[2024-08-26T10:35:28.343+0000] {processor.py:914} INFO - Processing file /home/airflow/.local/lib/python3.12/site-packages/airflow/example_dags/example_python_decorator.py for tasks to queue
[2024-08-26T10:35:28.348+0000] {logging_mixin.py:190} INFO - [2024-08-26T10:35:28.347+0000] {dagbag.py:587} INFO - Filling up the DagBag from /home/airflow/.local/lib/python3.12/site-packages/airflow/example_dags/example_python_decorator.py
[2024-08-26T10:35:28.372+0000] {processor.py:925} INFO - DAG(s) 'example_python_decorator' retrieved from /home/airflow/.local/lib/python3.12/site-packages/airflow/example_dags/example_python_decorator.py
[2024-08-26T10:35:28.412+0000] {logging_mixin.py:190} INFO - [2024-08-26T10:35:28.412+0000] {dag.py:3211} INFO - Sync 1 DAGs
[2024-08-26T10:35:28.436+0000] {logging_mixin.py:190} INFO - [2024-08-26T10:35:28.435+0000] {dag.py:4138} INFO - Setting next_dagrun for example_python_decorator to None, run_after=None
[2024-08-26T10:35:28.466+0000] {processor.py:208} INFO - Processing /home/airflow/.local/lib/python3.12/site-packages/airflow/example_dags/example_python_decorator.py took 0.133 seconds
[2024-08-26T10:38:04.663+0000] {processor.py:186} INFO - Started process (PID=93) to work on /home/airflow/.local/lib/python3.12/site-packages/airflow/example_dags/example_python_decorator.py
[2024-08-26T10:38:04.665+0000] {processor.py:914} INFO - Processing file /home/airflow/.local/lib/python3.12/site-packages/airflow/example_dags/example_python_decorator.py for tasks to queue
[2024-08-26T10:38:04.669+0000] {logging_mixin.py:190} INFO - [2024-08-26T10:38:04.668+0000] {dagbag.py:587} INFO - Filling up the DagBag from /home/airflow/.local/lib/python3.12/site-packages/airflow/example_dags/example_python_decorator.py
[2024-08-26T10:38:04.689+0000] {processor.py:925} INFO - DAG(s) 'example_python_decorator' retrieved from /home/airflow/.local/lib/python3.12/site-packages/airflow/example_dags/example_python_decorator.py
[2024-08-26T10:38:04.845+0000] {logging_mixin.py:190} INFO - [2024-08-26T10:38:04.844+0000] {dag.py:3211} INFO - Sync 1 DAGs
[2024-08-26T10:38:04.868+0000] {logging_mixin.py:190} INFO - [2024-08-26T10:38:04.867+0000] {dag.py:4138} INFO - Setting next_dagrun for example_python_decorator to None, run_after=None
[2024-08-26T10:38:04.896+0000] {processor.py:208} INFO - Processing /home/airflow/.local/lib/python3.12/site-packages/airflow/example_dags/example_python_decorator.py took 0.241 seconds
[2024-08-26T10:38:44.445+0000] {processor.py:186} INFO - Started process (PID=159) to work on /home/airflow/.local/lib/python3.12/site-packages/airflow/example_dags/example_python_decorator.py
[2024-08-26T10:38:44.446+0000] {processor.py:914} INFO - Processing file /home/airflow/.local/lib/python3.12/site-packages/airflow/example_dags/example_python_decorator.py for tasks to queue
[2024-08-26T10:38:44.451+0000] {logging_mixin.py:190} INFO - [2024-08-26T10:38:44.451+0000] {dagbag.py:587} INFO - Filling up the DagBag from /home/airflow/.local/lib/python3.12/site-packages/airflow/example_dags/example_python_decorator.py
[2024-08-26T10:38:44.474+0000] {processor.py:925} INFO - DAG(s) 'example_python_decorator' retrieved from /home/airflow/.local/lib/python3.12/site-packages/airflow/example_dags/example_python_decorator.py
[2024-08-26T10:38:44.513+0000] {logging_mixin.py:190} INFO - [2024-08-26T10:38:44.512+0000] {dag.py:3211} INFO - Sync 1 DAGs
[2024-08-26T10:38:44.535+0000] {logging_mixin.py:190} INFO - [2024-08-26T10:38:44.534+0000] {dag.py:4138} INFO - Setting next_dagrun for example_python_decorator to None, run_after=None
[2024-08-26T10:38:44.563+0000] {processor.py:208} INFO - Processing /home/airflow/.local/lib/python3.12/site-packages/airflow/example_dags/example_python_decorator.py took 0.126 seconds
[2024-08-26T10:39:23.146+0000] {processor.py:186} INFO - Started process (PID=225) to work on /home/airflow/.local/lib/python3.12/site-packages/airflow/example_dags/example_python_decorator.py
[2024-08-26T10:39:23.148+0000] {processor.py:914} INFO - Processing file /home/airflow/.local/lib/python3.12/site-packages/airflow/example_dags/example_python_decorator.py for tasks to queue
[2024-08-26T10:39:23.151+0000] {logging_mixin.py:190} INFO - [2024-08-26T10:39:23.151+0000] {dagbag.py:587} INFO - Filling up the DagBag from /home/airflow/.local/lib/python3.12/site-packages/airflow/example_dags/example_python_decorator.py
[2024-08-26T10:39:23.172+0000] {processor.py:925} INFO - DAG(s) 'example_python_decorator' retrieved from /home/airflow/.local/lib/python3.12/site-packages/airflow/example_dags/example_python_decorator.py
[2024-08-26T10:39:23.206+0000] {logging_mixin.py:190} INFO - [2024-08-26T10:39:23.205+0000] {dag.py:3211} INFO - Sync 1 DAGs
[2024-08-26T10:39:23.228+0000] {logging_mixin.py:190} INFO - [2024-08-26T10:39:23.228+0000] {dag.py:4138} INFO - Setting next_dagrun for example_python_decorator to None, run_after=None
[2024-08-26T10:39:23.255+0000] {processor.py:208} INFO - Processing /home/airflow/.local/lib/python3.12/site-packages/airflow/example_dags/example_python_decorator.py took 0.117 seconds
[2024-08-26T10:40:02.809+0000] {processor.py:186} INFO - Started process (PID=299) to work on /home/airflow/.local/lib/python3.12/site-packages/airflow/example_dags/example_python_decorator.py
[2024-08-26T10:40:02.811+0000] {processor.py:914} INFO - Processing file /home/airflow/.local/lib/python3.12/site-packages/airflow/example_dags/example_python_decorator.py for tasks to queue
[2024-08-26T10:40:02.834+0000] {logging_mixin.py:190} INFO - [2024-08-26T10:40:02.834+0000] {dagbag.py:587} INFO - Filling up the DagBag from /home/airflow/.local/lib/python3.12/site-packages/airflow/example_dags/example_python_decorator.py
[2024-08-26T10:40:02.856+0000] {processor.py:925} INFO - DAG(s) 'example_python_decorator' retrieved from /home/airflow/.local/lib/python3.12/site-packages/airflow/example_dags/example_python_decorator.py
[2024-08-26T10:40:02.887+0000] {logging_mixin.py:190} INFO - [2024-08-26T10:40:02.887+0000] {dag.py:3211} INFO - Sync 1 DAGs
[2024-08-26T10:40:02.908+0000] {logging_mixin.py:190} INFO - [2024-08-26T10:40:02.907+0000] {dag.py:4138} INFO - Setting next_dagrun for example_python_decorator to None, run_after=None
[2024-08-26T10:40:02.930+0000] {processor.py:208} INFO - Processing /home/airflow/.local/lib/python3.12/site-packages/airflow/example_dags/example_python_decorator.py took 0.130 seconds
[2024-08-26T10:40:46.209+0000] {processor.py:186} INFO - Started process (PID=367) to work on /home/airflow/.local/lib/python3.12/site-packages/airflow/example_dags/example_python_decorator.py
[2024-08-26T10:40:46.211+0000] {processor.py:914} INFO - Processing file /home/airflow/.local/lib/python3.12/site-packages/airflow/example_dags/example_python_decorator.py for tasks to queue
[2024-08-26T10:40:46.215+0000] {logging_mixin.py:190} INFO - [2024-08-26T10:40:46.215+0000] {dagbag.py:587} INFO - Filling up the DagBag from /home/airflow/.local/lib/python3.12/site-packages/airflow/example_dags/example_python_decorator.py
[2024-08-26T10:40:46.235+0000] {processor.py:925} INFO - DAG(s) 'example_python_decorator' retrieved from /home/airflow/.local/lib/python3.12/site-packages/airflow/example_dags/example_python_decorator.py
[2024-08-26T10:40:46.266+0000] {logging_mixin.py:190} INFO - [2024-08-26T10:40:46.266+0000] {dag.py:3211} INFO - Sync 1 DAGs
[2024-08-26T10:40:46.302+0000] {logging_mixin.py:190} INFO - [2024-08-26T10:40:46.302+0000] {dag.py:4138} INFO - Setting next_dagrun for example_python_decorator to None, run_after=None
[2024-08-26T10:40:46.332+0000] {processor.py:208} INFO - Processing /home/airflow/.local/lib/python3.12/site-packages/airflow/example_dags/example_python_decorator.py took 0.131 seconds
[2024-08-26T10:41:23.361+0000] {processor.py:186} INFO - Started process (PID=432) to work on /home/airflow/.local/lib/python3.12/site-packages/airflow/example_dags/example_python_decorator.py
[2024-08-26T10:41:23.363+0000] {processor.py:914} INFO - Processing file /home/airflow/.local/lib/python3.12/site-packages/airflow/example_dags/example_python_decorator.py for tasks to queue
[2024-08-26T10:41:23.367+0000] {logging_mixin.py:190} INFO - [2024-08-26T10:41:23.367+0000] {dagbag.py:587} INFO - Filling up the DagBag from /home/airflow/.local/lib/python3.12/site-packages/airflow/example_dags/example_python_decorator.py
[2024-08-26T10:41:23.389+0000] {processor.py:925} INFO - DAG(s) 'example_python_decorator' retrieved from /home/airflow/.local/lib/python3.12/site-packages/airflow/example_dags/example_python_decorator.py
[2024-08-26T10:41:23.435+0000] {logging_mixin.py:190} INFO - [2024-08-26T10:41:23.435+0000] {dag.py:3211} INFO - Sync 1 DAGs
[2024-08-26T10:41:23.460+0000] {logging_mixin.py:190} INFO - [2024-08-26T10:41:23.460+0000] {dag.py:4138} INFO - Setting next_dagrun for example_python_decorator to None, run_after=None
[2024-08-26T10:41:23.486+0000] {processor.py:208} INFO - Processing /home/airflow/.local/lib/python3.12/site-packages/airflow/example_dags/example_python_decorator.py took 0.134 seconds
[2024-08-26T10:42:09.241+0000] {processor.py:186} INFO - Started process (PID=504) to work on /home/airflow/.local/lib/python3.12/site-packages/airflow/example_dags/example_python_decorator.py
[2024-08-26T10:42:09.243+0000] {processor.py:914} INFO - Processing file /home/airflow/.local/lib/python3.12/site-packages/airflow/example_dags/example_python_decorator.py for tasks to queue
[2024-08-26T10:42:09.247+0000] {logging_mixin.py:190} INFO - [2024-08-26T10:42:09.246+0000] {dagbag.py:587} INFO - Filling up the DagBag from /home/airflow/.local/lib/python3.12/site-packages/airflow/example_dags/example_python_decorator.py
[2024-08-26T10:42:09.267+0000] {processor.py:925} INFO - DAG(s) 'example_python_decorator' retrieved from /home/airflow/.local/lib/python3.12/site-packages/airflow/example_dags/example_python_decorator.py
[2024-08-26T10:42:09.302+0000] {logging_mixin.py:190} INFO - [2024-08-26T10:42:09.302+0000] {dag.py:3211} INFO - Sync 1 DAGs
[2024-08-26T10:42:09.328+0000] {logging_mixin.py:190} INFO - [2024-08-26T10:42:09.327+0000] {dag.py:4138} INFO - Setting next_dagrun for example_python_decorator to None, run_after=None
[2024-08-26T10:42:09.356+0000] {processor.py:208} INFO - Processing /home/airflow/.local/lib/python3.12/site-packages/airflow/example_dags/example_python_decorator.py took 0.123 seconds
[2024-08-26T10:42:54.902+0000] {processor.py:186} INFO - Started process (PID=572) to work on /home/airflow/.local/lib/python3.12/site-packages/airflow/example_dags/example_python_decorator.py
[2024-08-26T10:42:54.903+0000] {processor.py:914} INFO - Processing file /home/airflow/.local/lib/python3.12/site-packages/airflow/example_dags/example_python_decorator.py for tasks to queue
[2024-08-26T10:42:54.906+0000] {logging_mixin.py:190} INFO - [2024-08-26T10:42:54.905+0000] {dagbag.py:587} INFO - Filling up the DagBag from /home/airflow/.local/lib/python3.12/site-packages/airflow/example_dags/example_python_decorator.py
[2024-08-26T10:42:54.927+0000] {processor.py:925} INFO - DAG(s) 'example_python_decorator' retrieved from /home/airflow/.local/lib/python3.12/site-packages/airflow/example_dags/example_python_decorator.py
[2024-08-26T10:42:54.962+0000] {logging_mixin.py:190} INFO - [2024-08-26T10:42:54.961+0000] {dag.py:3211} INFO - Sync 1 DAGs
[2024-08-26T10:42:54.982+0000] {logging_mixin.py:190} INFO - [2024-08-26T10:42:54.982+0000] {dag.py:4138} INFO - Setting next_dagrun for example_python_decorator to None, run_after=None
[2024-08-26T10:42:55.012+0000] {processor.py:208} INFO - Processing /home/airflow/.local/lib/python3.12/site-packages/airflow/example_dags/example_python_decorator.py took 0.121 seconds
[2024-08-26T10:43:37.636+0000] {processor.py:186} INFO - Started process (PID=650) to work on /home/airflow/.local/lib/python3.12/site-packages/airflow/example_dags/example_python_decorator.py
[2024-08-26T10:43:37.637+0000] {processor.py:914} INFO - Processing file /home/airflow/.local/lib/python3.12/site-packages/airflow/example_dags/example_python_decorator.py for tasks to queue
[2024-08-26T10:43:37.640+0000] {logging_mixin.py:190} INFO - [2024-08-26T10:43:37.639+0000] {dagbag.py:587} INFO - Filling up the DagBag from /home/airflow/.local/lib/python3.12/site-packages/airflow/example_dags/example_python_decorator.py
[2024-08-26T10:43:37.661+0000] {processor.py:925} INFO - DAG(s) 'example_python_decorator' retrieved from /home/airflow/.local/lib/python3.12/site-packages/airflow/example_dags/example_python_decorator.py
[2024-08-26T10:43:37.696+0000] {logging_mixin.py:190} INFO - [2024-08-26T10:43:37.695+0000] {dag.py:3211} INFO - Sync 1 DAGs
[2024-08-26T10:43:37.717+0000] {logging_mixin.py:190} INFO - [2024-08-26T10:43:37.717+0000] {dag.py:4138} INFO - Setting next_dagrun for example_python_decorator to None, run_after=None
[2024-08-26T10:43:37.742+0000] {processor.py:208} INFO - Processing /home/airflow/.local/lib/python3.12/site-packages/airflow/example_dags/example_python_decorator.py took 0.115 seconds
[2024-08-26T10:44:15.099+0000] {processor.py:186} INFO - Started process (PID=716) to work on /home/airflow/.local/lib/python3.12/site-packages/airflow/example_dags/example_python_decorator.py
[2024-08-26T10:44:15.100+0000] {processor.py:914} INFO - Processing file /home/airflow/.local/lib/python3.12/site-packages/airflow/example_dags/example_python_decorator.py for tasks to queue
[2024-08-26T10:44:15.102+0000] {logging_mixin.py:190} INFO - [2024-08-26T10:44:15.102+0000] {dagbag.py:587} INFO - Filling up the DagBag from /home/airflow/.local/lib/python3.12/site-packages/airflow/example_dags/example_python_decorator.py
[2024-08-26T10:44:15.122+0000] {processor.py:925} INFO - DAG(s) 'example_python_decorator' retrieved from /home/airflow/.local/lib/python3.12/site-packages/airflow/example_dags/example_python_decorator.py
[2024-08-26T10:44:15.171+0000] {logging_mixin.py:190} INFO - [2024-08-26T10:44:15.170+0000] {dag.py:3211} INFO - Sync 1 DAGs
[2024-08-26T10:44:15.192+0000] {logging_mixin.py:190} INFO - [2024-08-26T10:44:15.192+0000] {dag.py:4138} INFO - Setting next_dagrun for example_python_decorator to None, run_after=None
[2024-08-26T10:44:15.218+0000] {processor.py:208} INFO - Processing /home/airflow/.local/lib/python3.12/site-packages/airflow/example_dags/example_python_decorator.py took 0.127 seconds
[2024-08-26T10:44:54.439+0000] {processor.py:186} INFO - Started process (PID=783) to work on /home/airflow/.local/lib/python3.12/site-packages/airflow/example_dags/example_python_decorator.py
[2024-08-26T10:44:54.441+0000] {processor.py:914} INFO - Processing file /home/airflow/.local/lib/python3.12/site-packages/airflow/example_dags/example_python_decorator.py for tasks to queue
[2024-08-26T10:44:54.444+0000] {logging_mixin.py:190} INFO - [2024-08-26T10:44:54.443+0000] {dagbag.py:587} INFO - Filling up the DagBag from /home/airflow/.local/lib/python3.12/site-packages/airflow/example_dags/example_python_decorator.py
[2024-08-26T10:44:54.470+0000] {processor.py:925} INFO - DAG(s) 'example_python_decorator' retrieved from /home/airflow/.local/lib/python3.12/site-packages/airflow/example_dags/example_python_decorator.py
[2024-08-26T10:44:54.509+0000] {logging_mixin.py:190} INFO - [2024-08-26T10:44:54.509+0000] {dag.py:3211} INFO - Sync 1 DAGs
[2024-08-26T10:44:54.528+0000] {logging_mixin.py:190} INFO - [2024-08-26T10:44:54.528+0000] {dag.py:4138} INFO - Setting next_dagrun for example_python_decorator to None, run_after=None
[2024-08-26T10:44:54.562+0000] {processor.py:208} INFO - Processing /home/airflow/.local/lib/python3.12/site-packages/airflow/example_dags/example_python_decorator.py took 0.131 seconds
[2024-08-26T10:45:35.941+0000] {processor.py:186} INFO - Started process (PID=864) to work on /home/airflow/.local/lib/python3.12/site-packages/airflow/example_dags/example_python_decorator.py
[2024-08-26T10:45:35.943+0000] {processor.py:914} INFO - Processing file /home/airflow/.local/lib/python3.12/site-packages/airflow/example_dags/example_python_decorator.py for tasks to queue
[2024-08-26T10:45:35.946+0000] {logging_mixin.py:190} INFO - [2024-08-26T10:45:35.945+0000] {dagbag.py:587} INFO - Filling up the DagBag from /home/airflow/.local/lib/python3.12/site-packages/airflow/example_dags/example_python_decorator.py
[2024-08-26T10:45:35.984+0000] {processor.py:925} INFO - DAG(s) 'example_python_decorator' retrieved from /home/airflow/.local/lib/python3.12/site-packages/airflow/example_dags/example_python_decorator.py
[2024-08-26T10:45:36.029+0000] {logging_mixin.py:190} INFO - [2024-08-26T10:45:36.029+0000] {dag.py:3211} INFO - Sync 1 DAGs
[2024-08-26T10:45:36.054+0000] {logging_mixin.py:190} INFO - [2024-08-26T10:45:36.053+0000] {dag.py:4138} INFO - Setting next_dagrun for example_python_decorator to None, run_after=None
[2024-08-26T10:45:36.086+0000] {processor.py:208} INFO - Processing /home/airflow/.local/lib/python3.12/site-packages/airflow/example_dags/example_python_decorator.py took 0.155 seconds
[2024-08-26T10:46:13.874+0000] {processor.py:186} INFO - Started process (PID=930) to work on /home/airflow/.local/lib/python3.12/site-packages/airflow/example_dags/example_python_decorator.py
[2024-08-26T10:46:13.876+0000] {processor.py:914} INFO - Processing file /home/airflow/.local/lib/python3.12/site-packages/airflow/example_dags/example_python_decorator.py for tasks to queue
[2024-08-26T10:46:13.879+0000] {logging_mixin.py:190} INFO - [2024-08-26T10:46:13.878+0000] {dagbag.py:587} INFO - Filling up the DagBag from /home/airflow/.local/lib/python3.12/site-packages/airflow/example_dags/example_python_decorator.py
[2024-08-26T10:46:13.915+0000] {processor.py:925} INFO - DAG(s) 'example_python_decorator' retrieved from /home/airflow/.local/lib/python3.12/site-packages/airflow/example_dags/example_python_decorator.py
[2024-08-26T10:46:13.960+0000] {logging_mixin.py:190} INFO - [2024-08-26T10:46:13.960+0000] {dag.py:3211} INFO - Sync 1 DAGs
[2024-08-26T10:46:13.984+0000] {logging_mixin.py:190} INFO - [2024-08-26T10:46:13.983+0000] {dag.py:4138} INFO - Setting next_dagrun for example_python_decorator to None, run_after=None
[2024-08-26T10:46:14.117+0000] {processor.py:208} INFO - Processing /home/airflow/.local/lib/python3.12/site-packages/airflow/example_dags/example_python_decorator.py took 0.254 seconds
[2024-08-26T10:46:53.095+0000] {processor.py:186} INFO - Started process (PID=996) to work on /home/airflow/.local/lib/python3.12/site-packages/airflow/example_dags/example_python_decorator.py
[2024-08-26T10:46:53.096+0000] {processor.py:914} INFO - Processing file /home/airflow/.local/lib/python3.12/site-packages/airflow/example_dags/example_python_decorator.py for tasks to queue
[2024-08-26T10:46:53.098+0000] {logging_mixin.py:190} INFO - [2024-08-26T10:46:53.098+0000] {dagbag.py:587} INFO - Filling up the DagBag from /home/airflow/.local/lib/python3.12/site-packages/airflow/example_dags/example_python_decorator.py
[2024-08-26T10:46:53.119+0000] {processor.py:925} INFO - DAG(s) 'example_python_decorator' retrieved from /home/airflow/.local/lib/python3.12/site-packages/airflow/example_dags/example_python_decorator.py
[2024-08-26T10:46:53.153+0000] {logging_mixin.py:190} INFO - [2024-08-26T10:46:53.153+0000] {dag.py:3211} INFO - Sync 1 DAGs
[2024-08-26T10:46:53.174+0000] {logging_mixin.py:190} INFO - [2024-08-26T10:46:53.174+0000] {dag.py:4138} INFO - Setting next_dagrun for example_python_decorator to None, run_after=None
[2024-08-26T10:46:53.200+0000] {processor.py:208} INFO - Processing /home/airflow/.local/lib/python3.12/site-packages/airflow/example_dags/example_python_decorator.py took 0.113 seconds
[2024-08-26T10:47:46.039+0000] {processor.py:186} INFO - Started process (PID=1079) to work on /home/airflow/.local/lib/python3.12/site-packages/airflow/example_dags/example_python_decorator.py
[2024-08-26T10:47:46.040+0000] {processor.py:914} INFO - Processing file /home/airflow/.local/lib/python3.12/site-packages/airflow/example_dags/example_python_decorator.py for tasks to queue
[2024-08-26T10:47:46.042+0000] {logging_mixin.py:190} INFO - [2024-08-26T10:47:46.042+0000] {dagbag.py:587} INFO - Filling up the DagBag from /home/airflow/.local/lib/python3.12/site-packages/airflow/example_dags/example_python_decorator.py
[2024-08-26T10:47:46.061+0000] {processor.py:925} INFO - DAG(s) 'example_python_decorator' retrieved from /home/airflow/.local/lib/python3.12/site-packages/airflow/example_dags/example_python_decorator.py
[2024-08-26T10:47:46.093+0000] {logging_mixin.py:190} INFO - [2024-08-26T10:47:46.093+0000] {dag.py:3211} INFO - Sync 1 DAGs
[2024-08-26T10:47:46.113+0000] {logging_mixin.py:190} INFO - [2024-08-26T10:47:46.112+0000] {dag.py:4138} INFO - Setting next_dagrun for example_python_decorator to None, run_after=None
[2024-08-26T10:47:46.138+0000] {processor.py:208} INFO - Processing /home/airflow/.local/lib/python3.12/site-packages/airflow/example_dags/example_python_decorator.py took 0.107 seconds
[2024-08-26T10:48:23.428+0000] {processor.py:186} INFO - Started process (PID=1145) to work on /home/airflow/.local/lib/python3.12/site-packages/airflow/example_dags/example_python_decorator.py
[2024-08-26T10:48:23.431+0000] {processor.py:914} INFO - Processing file /home/airflow/.local/lib/python3.12/site-packages/airflow/example_dags/example_python_decorator.py for tasks to queue
[2024-08-26T10:48:23.433+0000] {logging_mixin.py:190} INFO - [2024-08-26T10:48:23.433+0000] {dagbag.py:587} INFO - Filling up the DagBag from /home/airflow/.local/lib/python3.12/site-packages/airflow/example_dags/example_python_decorator.py
[2024-08-26T10:48:23.448+0000] {processor.py:925} INFO - DAG(s) 'example_python_decorator' retrieved from /home/airflow/.local/lib/python3.12/site-packages/airflow/example_dags/example_python_decorator.py
[2024-08-26T10:48:23.476+0000] {logging_mixin.py:190} INFO - [2024-08-26T10:48:23.476+0000] {dag.py:3211} INFO - Sync 1 DAGs
[2024-08-26T10:48:23.492+0000] {logging_mixin.py:190} INFO - [2024-08-26T10:48:23.491+0000] {dag.py:4138} INFO - Setting next_dagrun for example_python_decorator to None, run_after=None
[2024-08-26T10:48:23.511+0000] {processor.py:208} INFO - Processing /home/airflow/.local/lib/python3.12/site-packages/airflow/example_dags/example_python_decorator.py took 0.089 seconds
[2024-08-26T10:49:15.956+0000] {processor.py:186} INFO - Started process (PID=1226) to work on /home/airflow/.local/lib/python3.12/site-packages/airflow/example_dags/example_python_decorator.py
[2024-08-26T10:49:15.960+0000] {processor.py:914} INFO - Processing file /home/airflow/.local/lib/python3.12/site-packages/airflow/example_dags/example_python_decorator.py for tasks to queue
[2024-08-26T10:49:15.965+0000] {logging_mixin.py:190} INFO - [2024-08-26T10:49:15.964+0000] {dagbag.py:587} INFO - Filling up the DagBag from /home/airflow/.local/lib/python3.12/site-packages/airflow/example_dags/example_python_decorator.py
[2024-08-26T10:49:16.001+0000] {processor.py:925} INFO - DAG(s) 'example_python_decorator' retrieved from /home/airflow/.local/lib/python3.12/site-packages/airflow/example_dags/example_python_decorator.py
[2024-08-26T10:49:16.063+0000] {logging_mixin.py:190} INFO - [2024-08-26T10:49:16.062+0000] {dag.py:3211} INFO - Sync 1 DAGs
[2024-08-26T10:49:16.099+0000] {logging_mixin.py:190} INFO - [2024-08-26T10:49:16.098+0000] {dag.py:4138} INFO - Setting next_dagrun for example_python_decorator to None, run_after=None
[2024-08-26T10:49:16.147+0000] {processor.py:208} INFO - Processing /home/airflow/.local/lib/python3.12/site-packages/airflow/example_dags/example_python_decorator.py took 0.205 seconds
[2024-08-26T15:09:27.743+0000] {processor.py:186} INFO - Started process (PID=87) to work on /home/airflow/.local/lib/python3.12/site-packages/airflow/example_dags/example_python_decorator.py
[2024-08-26T15:09:27.744+0000] {processor.py:914} INFO - Processing file /home/airflow/.local/lib/python3.12/site-packages/airflow/example_dags/example_python_decorator.py for tasks to queue
[2024-08-26T15:09:27.749+0000] {logging_mixin.py:190} INFO - [2024-08-26T15:09:27.748+0000] {dagbag.py:587} INFO - Filling up the DagBag from /home/airflow/.local/lib/python3.12/site-packages/airflow/example_dags/example_python_decorator.py
[2024-08-26T15:09:27.775+0000] {processor.py:925} INFO - DAG(s) 'example_python_decorator' retrieved from /home/airflow/.local/lib/python3.12/site-packages/airflow/example_dags/example_python_decorator.py
[2024-08-26T15:09:28.007+0000] {logging_mixin.py:190} INFO - [2024-08-26T15:09:28.007+0000] {dag.py:3211} INFO - Sync 1 DAGs
[2024-08-26T15:09:28.023+0000] {logging_mixin.py:190} INFO - [2024-08-26T15:09:28.023+0000] {dag.py:4138} INFO - Setting next_dagrun for example_python_decorator to None, run_after=None
[2024-08-26T15:09:28.049+0000] {processor.py:208} INFO - Processing /home/airflow/.local/lib/python3.12/site-packages/airflow/example_dags/example_python_decorator.py took 0.315 seconds
[2024-08-26T15:10:11.150+0000] {processor.py:186} INFO - Started process (PID=159) to work on /home/airflow/.local/lib/python3.12/site-packages/airflow/example_dags/example_python_decorator.py
[2024-08-26T15:10:11.151+0000] {processor.py:914} INFO - Processing file /home/airflow/.local/lib/python3.12/site-packages/airflow/example_dags/example_python_decorator.py for tasks to queue
[2024-08-26T15:10:11.154+0000] {logging_mixin.py:190} INFO - [2024-08-26T15:10:11.154+0000] {dagbag.py:587} INFO - Filling up the DagBag from /home/airflow/.local/lib/python3.12/site-packages/airflow/example_dags/example_python_decorator.py
[2024-08-26T15:10:11.174+0000] {processor.py:925} INFO - DAG(s) 'example_python_decorator' retrieved from /home/airflow/.local/lib/python3.12/site-packages/airflow/example_dags/example_python_decorator.py
[2024-08-26T15:10:11.217+0000] {logging_mixin.py:190} INFO - [2024-08-26T15:10:11.217+0000] {dag.py:3211} INFO - Sync 1 DAGs
[2024-08-26T15:10:11.238+0000] {logging_mixin.py:190} INFO - [2024-08-26T15:10:11.238+0000] {dag.py:4138} INFO - Setting next_dagrun for example_python_decorator to None, run_after=None
[2024-08-26T15:10:11.263+0000] {processor.py:208} INFO - Processing /home/airflow/.local/lib/python3.12/site-packages/airflow/example_dags/example_python_decorator.py took 0.121 seconds
[2024-08-26T15:10:48.857+0000] {processor.py:186} INFO - Started process (PID=226) to work on /home/airflow/.local/lib/python3.12/site-packages/airflow/example_dags/example_python_decorator.py
[2024-08-26T15:10:48.858+0000] {processor.py:914} INFO - Processing file /home/airflow/.local/lib/python3.12/site-packages/airflow/example_dags/example_python_decorator.py for tasks to queue
[2024-08-26T15:10:48.861+0000] {logging_mixin.py:190} INFO - [2024-08-26T15:10:48.861+0000] {dagbag.py:587} INFO - Filling up the DagBag from /home/airflow/.local/lib/python3.12/site-packages/airflow/example_dags/example_python_decorator.py
[2024-08-26T15:10:48.881+0000] {processor.py:925} INFO - DAG(s) 'example_python_decorator' retrieved from /home/airflow/.local/lib/python3.12/site-packages/airflow/example_dags/example_python_decorator.py
[2024-08-26T15:10:48.911+0000] {logging_mixin.py:190} INFO - [2024-08-26T15:10:48.911+0000] {dag.py:3211} INFO - Sync 1 DAGs
[2024-08-26T15:10:48.931+0000] {logging_mixin.py:190} INFO - [2024-08-26T15:10:48.931+0000] {dag.py:4138} INFO - Setting next_dagrun for example_python_decorator to None, run_after=None
[2024-08-26T15:10:48.954+0000] {processor.py:208} INFO - Processing /home/airflow/.local/lib/python3.12/site-packages/airflow/example_dags/example_python_decorator.py took 0.106 seconds
[2024-08-26T15:11:26.509+0000] {processor.py:186} INFO - Started process (PID=292) to work on /home/airflow/.local/lib/python3.12/site-packages/airflow/example_dags/example_python_decorator.py
[2024-08-26T15:11:26.510+0000] {processor.py:914} INFO - Processing file /home/airflow/.local/lib/python3.12/site-packages/airflow/example_dags/example_python_decorator.py for tasks to queue
[2024-08-26T15:11:26.514+0000] {logging_mixin.py:190} INFO - [2024-08-26T15:11:26.513+0000] {dagbag.py:587} INFO - Filling up the DagBag from /home/airflow/.local/lib/python3.12/site-packages/airflow/example_dags/example_python_decorator.py
[2024-08-26T15:11:26.534+0000] {processor.py:925} INFO - DAG(s) 'example_python_decorator' retrieved from /home/airflow/.local/lib/python3.12/site-packages/airflow/example_dags/example_python_decorator.py
[2024-08-26T15:11:26.567+0000] {logging_mixin.py:190} INFO - [2024-08-26T15:11:26.566+0000] {dag.py:3211} INFO - Sync 1 DAGs
[2024-08-26T15:11:26.588+0000] {logging_mixin.py:190} INFO - [2024-08-26T15:11:26.588+0000] {dag.py:4138} INFO - Setting next_dagrun for example_python_decorator to None, run_after=None
[2024-08-26T15:11:26.615+0000] {processor.py:208} INFO - Processing /home/airflow/.local/lib/python3.12/site-packages/airflow/example_dags/example_python_decorator.py took 0.114 seconds
[2024-08-26T15:12:05.200+0000] {processor.py:186} INFO - Started process (PID=364) to work on /home/airflow/.local/lib/python3.12/site-packages/airflow/example_dags/example_python_decorator.py
[2024-08-26T15:12:05.201+0000] {processor.py:914} INFO - Processing file /home/airflow/.local/lib/python3.12/site-packages/airflow/example_dags/example_python_decorator.py for tasks to queue
[2024-08-26T15:12:05.205+0000] {logging_mixin.py:190} INFO - [2024-08-26T15:12:05.204+0000] {dagbag.py:587} INFO - Filling up the DagBag from /home/airflow/.local/lib/python3.12/site-packages/airflow/example_dags/example_python_decorator.py
[2024-08-26T15:12:05.224+0000] {processor.py:925} INFO - DAG(s) 'example_python_decorator' retrieved from /home/airflow/.local/lib/python3.12/site-packages/airflow/example_dags/example_python_decorator.py
[2024-08-26T15:12:05.262+0000] {logging_mixin.py:190} INFO - [2024-08-26T15:12:05.262+0000] {dag.py:3211} INFO - Sync 1 DAGs
[2024-08-26T15:12:05.283+0000] {logging_mixin.py:190} INFO - [2024-08-26T15:12:05.282+0000] {dag.py:4138} INFO - Setting next_dagrun for example_python_decorator to None, run_after=None
[2024-08-26T15:12:05.315+0000] {processor.py:208} INFO - Processing /home/airflow/.local/lib/python3.12/site-packages/airflow/example_dags/example_python_decorator.py took 0.125 seconds
[2024-08-26T15:12:44.759+0000] {processor.py:186} INFO - Started process (PID=431) to work on /home/airflow/.local/lib/python3.12/site-packages/airflow/example_dags/example_python_decorator.py
[2024-08-26T15:12:44.760+0000] {processor.py:914} INFO - Processing file /home/airflow/.local/lib/python3.12/site-packages/airflow/example_dags/example_python_decorator.py for tasks to queue
[2024-08-26T15:12:44.766+0000] {logging_mixin.py:190} INFO - [2024-08-26T15:12:44.765+0000] {dagbag.py:587} INFO - Filling up the DagBag from /home/airflow/.local/lib/python3.12/site-packages/airflow/example_dags/example_python_decorator.py
[2024-08-26T15:12:44.793+0000] {processor.py:925} INFO - DAG(s) 'example_python_decorator' retrieved from /home/airflow/.local/lib/python3.12/site-packages/airflow/example_dags/example_python_decorator.py
[2024-08-26T15:12:44.835+0000] {logging_mixin.py:190} INFO - [2024-08-26T15:12:44.834+0000] {dag.py:3211} INFO - Sync 1 DAGs
[2024-08-26T15:12:44.862+0000] {logging_mixin.py:190} INFO - [2024-08-26T15:12:44.862+0000] {dag.py:4138} INFO - Setting next_dagrun for example_python_decorator to None, run_after=None
[2024-08-26T15:12:44.894+0000] {processor.py:208} INFO - Processing /home/airflow/.local/lib/python3.12/site-packages/airflow/example_dags/example_python_decorator.py took 0.144 seconds
[2024-08-26T15:13:35.869+0000] {processor.py:186} INFO - Started process (PID=514) to work on /home/airflow/.local/lib/python3.12/site-packages/airflow/example_dags/example_python_decorator.py
[2024-08-26T15:13:35.871+0000] {processor.py:914} INFO - Processing file /home/airflow/.local/lib/python3.12/site-packages/airflow/example_dags/example_python_decorator.py for tasks to queue
[2024-08-26T15:13:35.875+0000] {logging_mixin.py:190} INFO - [2024-08-26T15:13:35.874+0000] {dagbag.py:587} INFO - Filling up the DagBag from /home/airflow/.local/lib/python3.12/site-packages/airflow/example_dags/example_python_decorator.py
[2024-08-26T15:13:35.900+0000] {processor.py:925} INFO - DAG(s) 'example_python_decorator' retrieved from /home/airflow/.local/lib/python3.12/site-packages/airflow/example_dags/example_python_decorator.py
[2024-08-26T15:13:35.940+0000] {logging_mixin.py:190} INFO - [2024-08-26T15:13:35.939+0000] {dag.py:3211} INFO - Sync 1 DAGs
[2024-08-26T15:13:35.969+0000] {logging_mixin.py:190} INFO - [2024-08-26T15:13:35.968+0000] {dag.py:4138} INFO - Setting next_dagrun for example_python_decorator to None, run_after=None
[2024-08-26T15:13:36.005+0000] {processor.py:208} INFO - Processing /home/airflow/.local/lib/python3.12/site-packages/airflow/example_dags/example_python_decorator.py took 0.146 seconds
[2024-08-26T15:14:31.208+0000] {processor.py:186} INFO - Started process (PID=586) to work on /home/airflow/.local/lib/python3.12/site-packages/airflow/example_dags/example_python_decorator.py
[2024-08-26T15:14:31.210+0000] {processor.py:914} INFO - Processing file /home/airflow/.local/lib/python3.12/site-packages/airflow/example_dags/example_python_decorator.py for tasks to queue
[2024-08-26T15:14:31.212+0000] {logging_mixin.py:190} INFO - [2024-08-26T15:14:31.211+0000] {dagbag.py:587} INFO - Filling up the DagBag from /home/airflow/.local/lib/python3.12/site-packages/airflow/example_dags/example_python_decorator.py
[2024-08-26T15:14:31.232+0000] {processor.py:925} INFO - DAG(s) 'example_python_decorator' retrieved from /home/airflow/.local/lib/python3.12/site-packages/airflow/example_dags/example_python_decorator.py
[2024-08-26T15:14:31.264+0000] {logging_mixin.py:190} INFO - [2024-08-26T15:14:31.264+0000] {dag.py:3211} INFO - Sync 1 DAGs
[2024-08-26T15:14:31.286+0000] {logging_mixin.py:190} INFO - [2024-08-26T15:14:31.285+0000] {dag.py:4138} INFO - Setting next_dagrun for example_python_decorator to None, run_after=None
[2024-08-26T15:14:31.310+0000] {processor.py:208} INFO - Processing /home/airflow/.local/lib/python3.12/site-packages/airflow/example_dags/example_python_decorator.py took 0.109 seconds
[2024-08-26T15:15:09.204+0000] {processor.py:186} INFO - Started process (PID=653) to work on /home/airflow/.local/lib/python3.12/site-packages/airflow/example_dags/example_python_decorator.py
[2024-08-26T15:15:09.206+0000] {processor.py:914} INFO - Processing file /home/airflow/.local/lib/python3.12/site-packages/airflow/example_dags/example_python_decorator.py for tasks to queue
[2024-08-26T15:15:09.208+0000] {logging_mixin.py:190} INFO - [2024-08-26T15:15:09.207+0000] {dagbag.py:587} INFO - Filling up the DagBag from /home/airflow/.local/lib/python3.12/site-packages/airflow/example_dags/example_python_decorator.py
[2024-08-26T15:15:09.229+0000] {processor.py:925} INFO - DAG(s) 'example_python_decorator' retrieved from /home/airflow/.local/lib/python3.12/site-packages/airflow/example_dags/example_python_decorator.py
[2024-08-26T15:15:09.265+0000] {logging_mixin.py:190} INFO - [2024-08-26T15:15:09.264+0000] {dag.py:3211} INFO - Sync 1 DAGs
[2024-08-26T15:15:09.285+0000] {logging_mixin.py:190} INFO - [2024-08-26T15:15:09.285+0000] {dag.py:4138} INFO - Setting next_dagrun for example_python_decorator to None, run_after=None
[2024-08-26T15:15:09.314+0000] {processor.py:208} INFO - Processing /home/airflow/.local/lib/python3.12/site-packages/airflow/example_dags/example_python_decorator.py took 0.121 seconds
[2024-08-26T15:15:55.863+0000] {processor.py:186} INFO - Started process (PID=719) to work on /home/airflow/.local/lib/python3.12/site-packages/airflow/example_dags/example_python_decorator.py
[2024-08-26T15:15:55.865+0000] {processor.py:914} INFO - Processing file /home/airflow/.local/lib/python3.12/site-packages/airflow/example_dags/example_python_decorator.py for tasks to queue
[2024-08-26T15:15:55.868+0000] {logging_mixin.py:190} INFO - [2024-08-26T15:15:55.867+0000] {dagbag.py:587} INFO - Filling up the DagBag from /home/airflow/.local/lib/python3.12/site-packages/airflow/example_dags/example_python_decorator.py
[2024-08-26T15:15:55.896+0000] {processor.py:925} INFO - DAG(s) 'example_python_decorator' retrieved from /home/airflow/.local/lib/python3.12/site-packages/airflow/example_dags/example_python_decorator.py
[2024-08-26T15:15:55.944+0000] {logging_mixin.py:190} INFO - [2024-08-26T15:15:55.944+0000] {dag.py:3211} INFO - Sync 1 DAGs
[2024-08-26T15:15:55.976+0000] {logging_mixin.py:190} INFO - [2024-08-26T15:15:55.976+0000] {dag.py:4138} INFO - Setting next_dagrun for example_python_decorator to None, run_after=None
[2024-08-26T15:15:56.014+0000] {processor.py:208} INFO - Processing /home/airflow/.local/lib/python3.12/site-packages/airflow/example_dags/example_python_decorator.py took 0.164 seconds
[2024-08-26T15:16:31.947+0000] {processor.py:186} INFO - Started process (PID=790) to work on /home/airflow/.local/lib/python3.12/site-packages/airflow/example_dags/example_python_decorator.py
[2024-08-26T15:16:31.948+0000] {processor.py:914} INFO - Processing file /home/airflow/.local/lib/python3.12/site-packages/airflow/example_dags/example_python_decorator.py for tasks to queue
[2024-08-26T15:16:31.950+0000] {logging_mixin.py:190} INFO - [2024-08-26T15:16:31.950+0000] {dagbag.py:587} INFO - Filling up the DagBag from /home/airflow/.local/lib/python3.12/site-packages/airflow/example_dags/example_python_decorator.py
[2024-08-26T15:16:31.969+0000] {processor.py:925} INFO - DAG(s) 'example_python_decorator' retrieved from /home/airflow/.local/lib/python3.12/site-packages/airflow/example_dags/example_python_decorator.py
[2024-08-26T15:16:32.001+0000] {logging_mixin.py:190} INFO - [2024-08-26T15:16:32.001+0000] {dag.py:3211} INFO - Sync 1 DAGs
[2024-08-26T15:16:32.020+0000] {logging_mixin.py:190} INFO - [2024-08-26T15:16:32.020+0000] {dag.py:4138} INFO - Setting next_dagrun for example_python_decorator to None, run_after=None
[2024-08-26T15:16:32.045+0000] {processor.py:208} INFO - Processing /home/airflow/.local/lib/python3.12/site-packages/airflow/example_dags/example_python_decorator.py took 0.106 seconds
[2024-08-26T15:17:09.613+0000] {processor.py:186} INFO - Started process (PID=857) to work on /home/airflow/.local/lib/python3.12/site-packages/airflow/example_dags/example_python_decorator.py
[2024-08-26T15:17:09.614+0000] {processor.py:914} INFO - Processing file /home/airflow/.local/lib/python3.12/site-packages/airflow/example_dags/example_python_decorator.py for tasks to queue
[2024-08-26T15:17:09.616+0000] {logging_mixin.py:190} INFO - [2024-08-26T15:17:09.616+0000] {dagbag.py:587} INFO - Filling up the DagBag from /home/airflow/.local/lib/python3.12/site-packages/airflow/example_dags/example_python_decorator.py
[2024-08-26T15:17:09.636+0000] {processor.py:925} INFO - DAG(s) 'example_python_decorator' retrieved from /home/airflow/.local/lib/python3.12/site-packages/airflow/example_dags/example_python_decorator.py
[2024-08-26T15:17:09.671+0000] {logging_mixin.py:190} INFO - [2024-08-26T15:17:09.671+0000] {dag.py:3211} INFO - Sync 1 DAGs
[2024-08-26T15:17:09.695+0000] {logging_mixin.py:190} INFO - [2024-08-26T15:17:09.694+0000] {dag.py:4138} INFO - Setting next_dagrun for example_python_decorator to None, run_after=None
[2024-08-26T15:17:09.721+0000] {processor.py:208} INFO - Processing /home/airflow/.local/lib/python3.12/site-packages/airflow/example_dags/example_python_decorator.py took 0.119 seconds
[2024-08-26T15:17:46.041+0000] {processor.py:186} INFO - Started process (PID=923) to work on /home/airflow/.local/lib/python3.12/site-packages/airflow/example_dags/example_python_decorator.py
[2024-08-26T15:17:46.042+0000] {processor.py:914} INFO - Processing file /home/airflow/.local/lib/python3.12/site-packages/airflow/example_dags/example_python_decorator.py for tasks to queue
[2024-08-26T15:17:46.044+0000] {logging_mixin.py:190} INFO - [2024-08-26T15:17:46.044+0000] {dagbag.py:587} INFO - Filling up the DagBag from /home/airflow/.local/lib/python3.12/site-packages/airflow/example_dags/example_python_decorator.py
[2024-08-26T15:17:46.064+0000] {processor.py:925} INFO - DAG(s) 'example_python_decorator' retrieved from /home/airflow/.local/lib/python3.12/site-packages/airflow/example_dags/example_python_decorator.py
[2024-08-26T15:17:46.096+0000] {logging_mixin.py:190} INFO - [2024-08-26T15:17:46.095+0000] {dag.py:3211} INFO - Sync 1 DAGs
[2024-08-26T15:17:46.115+0000] {logging_mixin.py:190} INFO - [2024-08-26T15:17:46.114+0000] {dag.py:4138} INFO - Setting next_dagrun for example_python_decorator to None, run_after=None
[2024-08-26T15:17:46.138+0000] {processor.py:208} INFO - Processing /home/airflow/.local/lib/python3.12/site-packages/airflow/example_dags/example_python_decorator.py took 0.106 seconds
[2024-08-26T15:18:23.389+0000] {processor.py:186} INFO - Started process (PID=989) to work on /home/airflow/.local/lib/python3.12/site-packages/airflow/example_dags/example_python_decorator.py
[2024-08-26T15:18:23.391+0000] {processor.py:914} INFO - Processing file /home/airflow/.local/lib/python3.12/site-packages/airflow/example_dags/example_python_decorator.py for tasks to queue
[2024-08-26T15:18:23.393+0000] {logging_mixin.py:190} INFO - [2024-08-26T15:18:23.392+0000] {dagbag.py:587} INFO - Filling up the DagBag from /home/airflow/.local/lib/python3.12/site-packages/airflow/example_dags/example_python_decorator.py
[2024-08-26T15:18:23.412+0000] {processor.py:925} INFO - DAG(s) 'example_python_decorator' retrieved from /home/airflow/.local/lib/python3.12/site-packages/airflow/example_dags/example_python_decorator.py
[2024-08-26T15:18:23.442+0000] {logging_mixin.py:190} INFO - [2024-08-26T15:18:23.442+0000] {dag.py:3211} INFO - Sync 1 DAGs
[2024-08-26T15:18:23.460+0000] {logging_mixin.py:190} INFO - [2024-08-26T15:18:23.460+0000] {dag.py:4138} INFO - Setting next_dagrun for example_python_decorator to None, run_after=None
[2024-08-26T15:18:23.484+0000] {processor.py:208} INFO - Processing /home/airflow/.local/lib/python3.12/site-packages/airflow/example_dags/example_python_decorator.py took 0.103 seconds
[2024-08-26T15:19:05.838+0000] {processor.py:186} INFO - Started process (PID=1061) to work on /home/airflow/.local/lib/python3.12/site-packages/airflow/example_dags/example_python_decorator.py
[2024-08-26T15:19:05.840+0000] {processor.py:914} INFO - Processing file /home/airflow/.local/lib/python3.12/site-packages/airflow/example_dags/example_python_decorator.py for tasks to queue
[2024-08-26T15:19:05.842+0000] {logging_mixin.py:190} INFO - [2024-08-26T15:19:05.841+0000] {dagbag.py:587} INFO - Filling up the DagBag from /home/airflow/.local/lib/python3.12/site-packages/airflow/example_dags/example_python_decorator.py
[2024-08-26T15:19:05.860+0000] {processor.py:925} INFO - DAG(s) 'example_python_decorator' retrieved from /home/airflow/.local/lib/python3.12/site-packages/airflow/example_dags/example_python_decorator.py
[2024-08-26T15:19:05.890+0000] {logging_mixin.py:190} INFO - [2024-08-26T15:19:05.889+0000] {dag.py:3211} INFO - Sync 1 DAGs
[2024-08-26T15:19:05.908+0000] {logging_mixin.py:190} INFO - [2024-08-26T15:19:05.908+0000] {dag.py:4138} INFO - Setting next_dagrun for example_python_decorator to None, run_after=None
[2024-08-26T15:19:05.932+0000] {processor.py:208} INFO - Processing /home/airflow/.local/lib/python3.12/site-packages/airflow/example_dags/example_python_decorator.py took 0.102 seconds
[2024-08-26T15:19:43.073+0000] {processor.py:186} INFO - Started process (PID=1127) to work on /home/airflow/.local/lib/python3.12/site-packages/airflow/example_dags/example_python_decorator.py
[2024-08-26T15:19:43.075+0000] {processor.py:914} INFO - Processing file /home/airflow/.local/lib/python3.12/site-packages/airflow/example_dags/example_python_decorator.py for tasks to queue
[2024-08-26T15:19:43.076+0000] {logging_mixin.py:190} INFO - [2024-08-26T15:19:43.076+0000] {dagbag.py:587} INFO - Filling up the DagBag from /home/airflow/.local/lib/python3.12/site-packages/airflow/example_dags/example_python_decorator.py
[2024-08-26T15:19:43.098+0000] {processor.py:925} INFO - DAG(s) 'example_python_decorator' retrieved from /home/airflow/.local/lib/python3.12/site-packages/airflow/example_dags/example_python_decorator.py
[2024-08-26T15:19:43.133+0000] {logging_mixin.py:190} INFO - [2024-08-26T15:19:43.132+0000] {dag.py:3211} INFO - Sync 1 DAGs
[2024-08-26T15:19:43.157+0000] {logging_mixin.py:190} INFO - [2024-08-26T15:19:43.157+0000] {dag.py:4138} INFO - Setting next_dagrun for example_python_decorator to None, run_after=None
[2024-08-26T15:19:43.186+0000] {processor.py:208} INFO - Processing /home/airflow/.local/lib/python3.12/site-packages/airflow/example_dags/example_python_decorator.py took 0.121 seconds
[2024-08-26T15:20:21.463+0000] {processor.py:186} INFO - Started process (PID=1194) to work on /home/airflow/.local/lib/python3.12/site-packages/airflow/example_dags/example_python_decorator.py
[2024-08-26T15:20:21.464+0000] {processor.py:914} INFO - Processing file /home/airflow/.local/lib/python3.12/site-packages/airflow/example_dags/example_python_decorator.py for tasks to queue
[2024-08-26T15:20:21.466+0000] {logging_mixin.py:190} INFO - [2024-08-26T15:20:21.466+0000] {dagbag.py:587} INFO - Filling up the DagBag from /home/airflow/.local/lib/python3.12/site-packages/airflow/example_dags/example_python_decorator.py
[2024-08-26T15:20:21.489+0000] {processor.py:925} INFO - DAG(s) 'example_python_decorator' retrieved from /home/airflow/.local/lib/python3.12/site-packages/airflow/example_dags/example_python_decorator.py
[2024-08-26T15:20:21.525+0000] {logging_mixin.py:190} INFO - [2024-08-26T15:20:21.525+0000] {dag.py:3211} INFO - Sync 1 DAGs
[2024-08-26T15:20:21.548+0000] {logging_mixin.py:190} INFO - [2024-08-26T15:20:21.548+0000] {dag.py:4138} INFO - Setting next_dagrun for example_python_decorator to None, run_after=None
[2024-08-26T15:20:21.584+0000] {processor.py:208} INFO - Processing /home/airflow/.local/lib/python3.12/site-packages/airflow/example_dags/example_python_decorator.py took 0.130 seconds
[2024-08-26T15:20:59.733+0000] {processor.py:186} INFO - Started process (PID=1260) to work on /home/airflow/.local/lib/python3.12/site-packages/airflow/example_dags/example_python_decorator.py
[2024-08-26T15:20:59.735+0000] {processor.py:914} INFO - Processing file /home/airflow/.local/lib/python3.12/site-packages/airflow/example_dags/example_python_decorator.py for tasks to queue
[2024-08-26T15:20:59.736+0000] {logging_mixin.py:190} INFO - [2024-08-26T15:20:59.736+0000] {dagbag.py:587} INFO - Filling up the DagBag from /home/airflow/.local/lib/python3.12/site-packages/airflow/example_dags/example_python_decorator.py
[2024-08-26T15:20:59.756+0000] {processor.py:925} INFO - DAG(s) 'example_python_decorator' retrieved from /home/airflow/.local/lib/python3.12/site-packages/airflow/example_dags/example_python_decorator.py
[2024-08-26T15:20:59.788+0000] {logging_mixin.py:190} INFO - [2024-08-26T15:20:59.788+0000] {dag.py:3211} INFO - Sync 1 DAGs
[2024-08-26T15:20:59.807+0000] {logging_mixin.py:190} INFO - [2024-08-26T15:20:59.807+0000] {dag.py:4138} INFO - Setting next_dagrun for example_python_decorator to None, run_after=None
[2024-08-26T15:20:59.831+0000] {processor.py:208} INFO - Processing /home/airflow/.local/lib/python3.12/site-packages/airflow/example_dags/example_python_decorator.py took 0.106 seconds
[2024-08-26T15:21:38.961+0000] {processor.py:186} INFO - Started process (PID=1333) to work on /home/airflow/.local/lib/python3.12/site-packages/airflow/example_dags/example_python_decorator.py
[2024-08-26T15:21:38.963+0000] {processor.py:914} INFO - Processing file /home/airflow/.local/lib/python3.12/site-packages/airflow/example_dags/example_python_decorator.py for tasks to queue
[2024-08-26T15:21:38.965+0000] {logging_mixin.py:190} INFO - [2024-08-26T15:21:38.965+0000] {dagbag.py:587} INFO - Filling up the DagBag from /home/airflow/.local/lib/python3.12/site-packages/airflow/example_dags/example_python_decorator.py
[2024-08-26T15:21:38.987+0000] {processor.py:925} INFO - DAG(s) 'example_python_decorator' retrieved from /home/airflow/.local/lib/python3.12/site-packages/airflow/example_dags/example_python_decorator.py
[2024-08-26T15:21:39.022+0000] {logging_mixin.py:190} INFO - [2024-08-26T15:21:39.022+0000] {dag.py:3211} INFO - Sync 1 DAGs
[2024-08-26T15:21:39.044+0000] {logging_mixin.py:190} INFO - [2024-08-26T15:21:39.044+0000] {dag.py:4138} INFO - Setting next_dagrun for example_python_decorator to None, run_after=None
[2024-08-26T15:21:39.070+0000] {processor.py:208} INFO - Processing /home/airflow/.local/lib/python3.12/site-packages/airflow/example_dags/example_python_decorator.py took 0.117 seconds
[2024-08-26T15:22:28.438+0000] {processor.py:186} INFO - Started process (PID=1399) to work on /home/airflow/.local/lib/python3.12/site-packages/airflow/example_dags/example_python_decorator.py
[2024-08-26T15:22:28.441+0000] {processor.py:914} INFO - Processing file /home/airflow/.local/lib/python3.12/site-packages/airflow/example_dags/example_python_decorator.py for tasks to queue
[2024-08-26T15:22:28.446+0000] {logging_mixin.py:190} INFO - [2024-08-26T15:22:28.445+0000] {dagbag.py:587} INFO - Filling up the DagBag from /home/airflow/.local/lib/python3.12/site-packages/airflow/example_dags/example_python_decorator.py
[2024-08-26T15:22:28.508+0000] {processor.py:925} INFO - DAG(s) 'example_python_decorator' retrieved from /home/airflow/.local/lib/python3.12/site-packages/airflow/example_dags/example_python_decorator.py
[2024-08-26T15:22:28.595+0000] {logging_mixin.py:190} INFO - [2024-08-26T15:22:28.595+0000] {dag.py:3211} INFO - Sync 1 DAGs
[2024-08-26T15:22:28.660+0000] {logging_mixin.py:190} INFO - [2024-08-26T15:22:28.660+0000] {dag.py:4138} INFO - Setting next_dagrun for example_python_decorator to None, run_after=None
[2024-08-26T15:22:28.750+0000] {processor.py:208} INFO - Processing /home/airflow/.local/lib/python3.12/site-packages/airflow/example_dags/example_python_decorator.py took 0.336 seconds
[2024-08-26T15:23:21.421+0000] {processor.py:186} INFO - Started process (PID=1471) to work on /home/airflow/.local/lib/python3.12/site-packages/airflow/example_dags/example_python_decorator.py
[2024-08-26T15:23:21.423+0000] {processor.py:914} INFO - Processing file /home/airflow/.local/lib/python3.12/site-packages/airflow/example_dags/example_python_decorator.py for tasks to queue
[2024-08-26T15:23:21.426+0000] {logging_mixin.py:190} INFO - [2024-08-26T15:23:21.426+0000] {dagbag.py:587} INFO - Filling up the DagBag from /home/airflow/.local/lib/python3.12/site-packages/airflow/example_dags/example_python_decorator.py
[2024-08-26T15:23:21.453+0000] {processor.py:925} INFO - DAG(s) 'example_python_decorator' retrieved from /home/airflow/.local/lib/python3.12/site-packages/airflow/example_dags/example_python_decorator.py
[2024-08-26T15:23:21.499+0000] {logging_mixin.py:190} INFO - [2024-08-26T15:23:21.499+0000] {dag.py:3211} INFO - Sync 1 DAGs
[2024-08-26T15:23:21.528+0000] {logging_mixin.py:190} INFO - [2024-08-26T15:23:21.527+0000] {dag.py:4138} INFO - Setting next_dagrun for example_python_decorator to None, run_after=None
[2024-08-26T15:23:21.560+0000] {processor.py:208} INFO - Processing /home/airflow/.local/lib/python3.12/site-packages/airflow/example_dags/example_python_decorator.py took 0.151 seconds
[2024-08-26T15:23:55.501+0000] {processor.py:186} INFO - Started process (PID=1537) to work on /home/airflow/.local/lib/python3.12/site-packages/airflow/example_dags/example_python_decorator.py
[2024-08-26T15:23:55.502+0000] {processor.py:914} INFO - Processing file /home/airflow/.local/lib/python3.12/site-packages/airflow/example_dags/example_python_decorator.py for tasks to queue
[2024-08-26T15:23:55.504+0000] {logging_mixin.py:190} INFO - [2024-08-26T15:23:55.504+0000] {dagbag.py:587} INFO - Filling up the DagBag from /home/airflow/.local/lib/python3.12/site-packages/airflow/example_dags/example_python_decorator.py
[2024-08-26T15:23:55.524+0000] {processor.py:925} INFO - DAG(s) 'example_python_decorator' retrieved from /home/airflow/.local/lib/python3.12/site-packages/airflow/example_dags/example_python_decorator.py
[2024-08-26T15:23:55.554+0000] {logging_mixin.py:190} INFO - [2024-08-26T15:23:55.554+0000] {dag.py:3211} INFO - Sync 1 DAGs
[2024-08-26T15:23:55.573+0000] {logging_mixin.py:190} INFO - [2024-08-26T15:23:55.573+0000] {dag.py:4138} INFO - Setting next_dagrun for example_python_decorator to None, run_after=None
[2024-08-26T15:23:55.596+0000] {processor.py:208} INFO - Processing /home/airflow/.local/lib/python3.12/site-packages/airflow/example_dags/example_python_decorator.py took 0.103 seconds
[2024-08-26T15:24:31.798+0000] {processor.py:186} INFO - Started process (PID=1609) to work on /home/airflow/.local/lib/python3.12/site-packages/airflow/example_dags/example_python_decorator.py
[2024-08-26T15:24:31.799+0000] {processor.py:914} INFO - Processing file /home/airflow/.local/lib/python3.12/site-packages/airflow/example_dags/example_python_decorator.py for tasks to queue
[2024-08-26T15:24:31.801+0000] {logging_mixin.py:190} INFO - [2024-08-26T15:24:31.801+0000] {dagbag.py:587} INFO - Filling up the DagBag from /home/airflow/.local/lib/python3.12/site-packages/airflow/example_dags/example_python_decorator.py
[2024-08-26T15:24:31.820+0000] {processor.py:925} INFO - DAG(s) 'example_python_decorator' retrieved from /home/airflow/.local/lib/python3.12/site-packages/airflow/example_dags/example_python_decorator.py
[2024-08-26T15:24:31.854+0000] {logging_mixin.py:190} INFO - [2024-08-26T15:24:31.853+0000] {dag.py:3211} INFO - Sync 1 DAGs
[2024-08-26T15:24:31.876+0000] {logging_mixin.py:190} INFO - [2024-08-26T15:24:31.875+0000] {dag.py:4138} INFO - Setting next_dagrun for example_python_decorator to None, run_after=None
[2024-08-26T15:24:31.903+0000] {processor.py:208} INFO - Processing /home/airflow/.local/lib/python3.12/site-packages/airflow/example_dags/example_python_decorator.py took 0.113 seconds
[2024-08-26T15:25:09.938+0000] {processor.py:186} INFO - Started process (PID=1674) to work on /home/airflow/.local/lib/python3.12/site-packages/airflow/example_dags/example_python_decorator.py
[2024-08-26T15:25:09.940+0000] {processor.py:914} INFO - Processing file /home/airflow/.local/lib/python3.12/site-packages/airflow/example_dags/example_python_decorator.py for tasks to queue
[2024-08-26T15:25:09.943+0000] {logging_mixin.py:190} INFO - [2024-08-26T15:25:09.942+0000] {dagbag.py:587} INFO - Filling up the DagBag from /home/airflow/.local/lib/python3.12/site-packages/airflow/example_dags/example_python_decorator.py
[2024-08-26T15:25:09.965+0000] {processor.py:925} INFO - DAG(s) 'example_python_decorator' retrieved from /home/airflow/.local/lib/python3.12/site-packages/airflow/example_dags/example_python_decorator.py
[2024-08-26T15:25:09.998+0000] {logging_mixin.py:190} INFO - [2024-08-26T15:25:09.998+0000] {dag.py:3211} INFO - Sync 1 DAGs
[2024-08-26T15:25:10.018+0000] {logging_mixin.py:190} INFO - [2024-08-26T15:25:10.018+0000] {dag.py:4138} INFO - Setting next_dagrun for example_python_decorator to None, run_after=None
[2024-08-26T15:25:10.043+0000] {processor.py:208} INFO - Processing /home/airflow/.local/lib/python3.12/site-packages/airflow/example_dags/example_python_decorator.py took 0.115 seconds
[2024-08-26T15:25:51.924+0000] {processor.py:186} INFO - Started process (PID=1740) to work on /home/airflow/.local/lib/python3.12/site-packages/airflow/example_dags/example_python_decorator.py
[2024-08-26T15:25:51.926+0000] {processor.py:914} INFO - Processing file /home/airflow/.local/lib/python3.12/site-packages/airflow/example_dags/example_python_decorator.py for tasks to queue
[2024-08-26T15:25:51.929+0000] {logging_mixin.py:190} INFO - [2024-08-26T15:25:51.928+0000] {dagbag.py:587} INFO - Filling up the DagBag from /home/airflow/.local/lib/python3.12/site-packages/airflow/example_dags/example_python_decorator.py
[2024-08-26T15:25:51.959+0000] {processor.py:925} INFO - DAG(s) 'example_python_decorator' retrieved from /home/airflow/.local/lib/python3.12/site-packages/airflow/example_dags/example_python_decorator.py
[2024-08-26T15:25:52.006+0000] {logging_mixin.py:190} INFO - [2024-08-26T15:25:52.006+0000] {dag.py:3211} INFO - Sync 1 DAGs
[2024-08-26T15:25:52.033+0000] {logging_mixin.py:190} INFO - [2024-08-26T15:25:52.032+0000] {dag.py:4138} INFO - Setting next_dagrun for example_python_decorator to None, run_after=None
[2024-08-26T15:25:52.065+0000] {processor.py:208} INFO - Processing /home/airflow/.local/lib/python3.12/site-packages/airflow/example_dags/example_python_decorator.py took 0.152 seconds
[2024-08-26T15:27:18.107+0000] {processor.py:186} INFO - Started process (PID=1820) to work on /home/airflow/.local/lib/python3.12/site-packages/airflow/example_dags/example_python_decorator.py
[2024-08-26T15:27:18.111+0000] {processor.py:914} INFO - Processing file /home/airflow/.local/lib/python3.12/site-packages/airflow/example_dags/example_python_decorator.py for tasks to queue
[2024-08-26T15:27:18.118+0000] {logging_mixin.py:190} INFO - [2024-08-26T15:27:18.116+0000] {dagbag.py:587} INFO - Filling up the DagBag from /home/airflow/.local/lib/python3.12/site-packages/airflow/example_dags/example_python_decorator.py
[2024-08-26T15:27:18.172+0000] {processor.py:925} INFO - DAG(s) 'example_python_decorator' retrieved from /home/airflow/.local/lib/python3.12/site-packages/airflow/example_dags/example_python_decorator.py
[2024-08-26T15:27:18.250+0000] {logging_mixin.py:190} INFO - [2024-08-26T15:27:18.249+0000] {dag.py:3211} INFO - Sync 1 DAGs
[2024-08-26T15:27:18.309+0000] {logging_mixin.py:190} INFO - [2024-08-26T15:27:18.308+0000] {dag.py:4138} INFO - Setting next_dagrun for example_python_decorator to None, run_after=None
[2024-08-26T15:27:18.375+0000] {processor.py:208} INFO - Processing /home/airflow/.local/lib/python3.12/site-packages/airflow/example_dags/example_python_decorator.py took 0.288 seconds
[2024-08-26T15:27:57.629+0000] {processor.py:186} INFO - Started process (PID=1887) to work on /home/airflow/.local/lib/python3.12/site-packages/airflow/example_dags/example_python_decorator.py
[2024-08-26T15:27:57.634+0000] {processor.py:914} INFO - Processing file /home/airflow/.local/lib/python3.12/site-packages/airflow/example_dags/example_python_decorator.py for tasks to queue
[2024-08-26T15:27:57.641+0000] {logging_mixin.py:190} INFO - [2024-08-26T15:27:57.640+0000] {dagbag.py:587} INFO - Filling up the DagBag from /home/airflow/.local/lib/python3.12/site-packages/airflow/example_dags/example_python_decorator.py
[2024-08-26T15:27:57.712+0000] {processor.py:925} INFO - DAG(s) 'example_python_decorator' retrieved from /home/airflow/.local/lib/python3.12/site-packages/airflow/example_dags/example_python_decorator.py
[2024-08-26T15:27:57.841+0000] {logging_mixin.py:190} INFO - [2024-08-26T15:27:57.838+0000] {dag.py:3211} INFO - Sync 1 DAGs
[2024-08-26T15:27:57.947+0000] {logging_mixin.py:190} INFO - [2024-08-26T15:27:57.947+0000] {dag.py:4138} INFO - Setting next_dagrun for example_python_decorator to None, run_after=None
[2024-08-26T15:27:58.021+0000] {processor.py:208} INFO - Processing /home/airflow/.local/lib/python3.12/site-packages/airflow/example_dags/example_python_decorator.py took 0.430 seconds
[2024-08-26T15:28:36.451+0000] {processor.py:186} INFO - Started process (PID=1959) to work on /home/airflow/.local/lib/python3.12/site-packages/airflow/example_dags/example_python_decorator.py
[2024-08-26T15:28:36.453+0000] {processor.py:914} INFO - Processing file /home/airflow/.local/lib/python3.12/site-packages/airflow/example_dags/example_python_decorator.py for tasks to queue
[2024-08-26T15:28:36.458+0000] {logging_mixin.py:190} INFO - [2024-08-26T15:28:36.457+0000] {dagbag.py:587} INFO - Filling up the DagBag from /home/airflow/.local/lib/python3.12/site-packages/airflow/example_dags/example_python_decorator.py
[2024-08-26T15:28:36.557+0000] {processor.py:925} INFO - DAG(s) 'example_python_decorator' retrieved from /home/airflow/.local/lib/python3.12/site-packages/airflow/example_dags/example_python_decorator.py
[2024-08-26T15:28:36.664+0000] {logging_mixin.py:190} INFO - [2024-08-26T15:28:36.663+0000] {dag.py:3211} INFO - Sync 1 DAGs
[2024-08-26T15:28:36.736+0000] {logging_mixin.py:190} INFO - [2024-08-26T15:28:36.735+0000] {dag.py:4138} INFO - Setting next_dagrun for example_python_decorator to None, run_after=None
[2024-08-26T15:28:37.846+0000] {processor.py:208} INFO - Processing /home/airflow/.local/lib/python3.12/site-packages/airflow/example_dags/example_python_decorator.py took 1.409 seconds
[2024-08-26T15:29:46.302+0000] {processor.py:186} INFO - Started process (PID=2032) to work on /home/airflow/.local/lib/python3.12/site-packages/airflow/example_dags/example_python_decorator.py
[2024-08-26T15:29:46.309+0000] {processor.py:914} INFO - Processing file /home/airflow/.local/lib/python3.12/site-packages/airflow/example_dags/example_python_decorator.py for tasks to queue
[2024-08-26T15:29:46.322+0000] {logging_mixin.py:190} INFO - [2024-08-26T15:29:46.321+0000] {dagbag.py:587} INFO - Filling up the DagBag from /home/airflow/.local/lib/python3.12/site-packages/airflow/example_dags/example_python_decorator.py
[2024-08-26T15:29:46.411+0000] {processor.py:925} INFO - DAG(s) 'example_python_decorator' retrieved from /home/airflow/.local/lib/python3.12/site-packages/airflow/example_dags/example_python_decorator.py
[2024-08-26T15:29:46.536+0000] {logging_mixin.py:190} INFO - [2024-08-26T15:29:46.535+0000] {dag.py:3211} INFO - Sync 1 DAGs
[2024-08-26T15:29:46.678+0000] {logging_mixin.py:190} INFO - [2024-08-26T15:29:46.678+0000] {dag.py:4138} INFO - Setting next_dagrun for example_python_decorator to None, run_after=None
[2024-08-26T15:29:46.782+0000] {processor.py:208} INFO - Processing /home/airflow/.local/lib/python3.12/site-packages/airflow/example_dags/example_python_decorator.py took 0.528 seconds
[2024-08-26T15:31:03.730+0000] {processor.py:186} INFO - Started process (PID=2113) to work on /home/airflow/.local/lib/python3.12/site-packages/airflow/example_dags/example_python_decorator.py
[2024-08-26T15:31:03.734+0000] {processor.py:914} INFO - Processing file /home/airflow/.local/lib/python3.12/site-packages/airflow/example_dags/example_python_decorator.py for tasks to queue
[2024-08-26T15:31:03.739+0000] {logging_mixin.py:190} INFO - [2024-08-26T15:31:03.737+0000] {dagbag.py:587} INFO - Filling up the DagBag from /home/airflow/.local/lib/python3.12/site-packages/airflow/example_dags/example_python_decorator.py
[2024-08-26T15:31:03.786+0000] {processor.py:925} INFO - DAG(s) 'example_python_decorator' retrieved from /home/airflow/.local/lib/python3.12/site-packages/airflow/example_dags/example_python_decorator.py
[2024-08-26T15:31:03.869+0000] {logging_mixin.py:190} INFO - [2024-08-26T15:31:03.868+0000] {dag.py:3211} INFO - Sync 1 DAGs
[2024-08-26T15:31:03.918+0000] {logging_mixin.py:190} INFO - [2024-08-26T15:31:03.917+0000] {dag.py:4138} INFO - Setting next_dagrun for example_python_decorator to None, run_after=None
[2024-08-26T15:31:03.988+0000] {processor.py:208} INFO - Processing /home/airflow/.local/lib/python3.12/site-packages/airflow/example_dags/example_python_decorator.py took 0.277 seconds
[2024-08-26T15:31:55.561+0000] {processor.py:186} INFO - Started process (PID=2184) to work on /home/airflow/.local/lib/python3.12/site-packages/airflow/example_dags/example_python_decorator.py
[2024-08-26T15:31:55.566+0000] {processor.py:914} INFO - Processing file /home/airflow/.local/lib/python3.12/site-packages/airflow/example_dags/example_python_decorator.py for tasks to queue
[2024-08-26T15:31:55.571+0000] {logging_mixin.py:190} INFO - [2024-08-26T15:31:55.570+0000] {dagbag.py:587} INFO - Filling up the DagBag from /home/airflow/.local/lib/python3.12/site-packages/airflow/example_dags/example_python_decorator.py
[2024-08-26T15:31:55.626+0000] {processor.py:925} INFO - DAG(s) 'example_python_decorator' retrieved from /home/airflow/.local/lib/python3.12/site-packages/airflow/example_dags/example_python_decorator.py
[2024-08-26T15:31:55.715+0000] {logging_mixin.py:190} INFO - [2024-08-26T15:31:55.714+0000] {dag.py:3211} INFO - Sync 1 DAGs
[2024-08-26T15:31:55.779+0000] {logging_mixin.py:190} INFO - [2024-08-26T15:31:55.778+0000] {dag.py:4138} INFO - Setting next_dagrun for example_python_decorator to None, run_after=None
[2024-08-26T15:31:55.854+0000] {processor.py:208} INFO - Processing /home/airflow/.local/lib/python3.12/site-packages/airflow/example_dags/example_python_decorator.py took 0.319 seconds
[2024-08-26T15:33:11.246+0000] {processor.py:186} INFO - Started process (PID=2260) to work on /home/airflow/.local/lib/python3.12/site-packages/airflow/example_dags/example_python_decorator.py
[2024-08-26T15:33:11.251+0000] {processor.py:914} INFO - Processing file /home/airflow/.local/lib/python3.12/site-packages/airflow/example_dags/example_python_decorator.py for tasks to queue
[2024-08-26T15:33:11.259+0000] {logging_mixin.py:190} INFO - [2024-08-26T15:33:11.257+0000] {dagbag.py:587} INFO - Filling up the DagBag from /home/airflow/.local/lib/python3.12/site-packages/airflow/example_dags/example_python_decorator.py
[2024-08-26T15:33:11.381+0000] {processor.py:925} INFO - DAG(s) 'example_python_decorator' retrieved from /home/airflow/.local/lib/python3.12/site-packages/airflow/example_dags/example_python_decorator.py
[2024-08-26T15:33:11.546+0000] {logging_mixin.py:190} INFO - [2024-08-26T15:33:11.544+0000] {dag.py:3211} INFO - Sync 1 DAGs
[2024-08-26T15:33:11.688+0000] {logging_mixin.py:190} INFO - [2024-08-26T15:33:11.687+0000] {dag.py:4138} INFO - Setting next_dagrun for example_python_decorator to None, run_after=None
[2024-08-26T15:33:11.864+0000] {processor.py:208} INFO - Processing /home/airflow/.local/lib/python3.12/site-packages/airflow/example_dags/example_python_decorator.py took 0.657 seconds
[2024-08-26T15:39:00.938+0000] {processor.py:186} INFO - Started process (PID=2390) to work on /home/airflow/.local/lib/python3.12/site-packages/airflow/example_dags/example_python_decorator.py
[2024-08-26T15:39:00.943+0000] {processor.py:914} INFO - Processing file /home/airflow/.local/lib/python3.12/site-packages/airflow/example_dags/example_python_decorator.py for tasks to queue
[2024-08-26T15:39:00.948+0000] {logging_mixin.py:190} INFO - [2024-08-26T15:39:00.947+0000] {dagbag.py:587} INFO - Filling up the DagBag from /home/airflow/.local/lib/python3.12/site-packages/airflow/example_dags/example_python_decorator.py
[2024-08-26T15:39:01.009+0000] {processor.py:925} INFO - DAG(s) 'example_python_decorator' retrieved from /home/airflow/.local/lib/python3.12/site-packages/airflow/example_dags/example_python_decorator.py
[2024-08-26T15:39:01.143+0000] {logging_mixin.py:190} INFO - [2024-08-26T15:39:01.142+0000] {dag.py:3211} INFO - Sync 1 DAGs
[2024-08-26T15:39:01.209+0000] {logging_mixin.py:190} INFO - [2024-08-26T15:39:01.208+0000] {dag.py:4138} INFO - Setting next_dagrun for example_python_decorator to None, run_after=None
[2024-08-26T15:39:01.300+0000] {processor.py:208} INFO - Processing /home/airflow/.local/lib/python3.12/site-packages/airflow/example_dags/example_python_decorator.py took 0.389 seconds
[2024-08-26T15:39:34.744+0000] {processor.py:186} INFO - Started process (PID=2456) to work on /home/airflow/.local/lib/python3.12/site-packages/airflow/example_dags/example_python_decorator.py
[2024-08-26T15:39:34.747+0000] {processor.py:914} INFO - Processing file /home/airflow/.local/lib/python3.12/site-packages/airflow/example_dags/example_python_decorator.py for tasks to queue
[2024-08-26T15:39:34.750+0000] {logging_mixin.py:190} INFO - [2024-08-26T15:39:34.750+0000] {dagbag.py:587} INFO - Filling up the DagBag from /home/airflow/.local/lib/python3.12/site-packages/airflow/example_dags/example_python_decorator.py
[2024-08-26T15:39:34.789+0000] {processor.py:925} INFO - DAG(s) 'example_python_decorator' retrieved from /home/airflow/.local/lib/python3.12/site-packages/airflow/example_dags/example_python_decorator.py
[2024-08-26T15:39:34.852+0000] {logging_mixin.py:190} INFO - [2024-08-26T15:39:34.851+0000] {dag.py:3211} INFO - Sync 1 DAGs
[2024-08-26T15:39:34.904+0000] {logging_mixin.py:190} INFO - [2024-08-26T15:39:34.903+0000] {dag.py:4138} INFO - Setting next_dagrun for example_python_decorator to None, run_after=None
[2024-08-26T15:39:34.941+0000] {processor.py:208} INFO - Processing /home/airflow/.local/lib/python3.12/site-packages/airflow/example_dags/example_python_decorator.py took 0.222 seconds
[2024-08-26T15:40:22.922+0000] {processor.py:186} INFO - Started process (PID=2523) to work on /home/airflow/.local/lib/python3.12/site-packages/airflow/example_dags/example_python_decorator.py
[2024-08-26T15:40:22.926+0000] {processor.py:914} INFO - Processing file /home/airflow/.local/lib/python3.12/site-packages/airflow/example_dags/example_python_decorator.py for tasks to queue
[2024-08-26T15:40:22.929+0000] {logging_mixin.py:190} INFO - [2024-08-26T15:40:22.928+0000] {dagbag.py:587} INFO - Filling up the DagBag from /home/airflow/.local/lib/python3.12/site-packages/airflow/example_dags/example_python_decorator.py
[2024-08-26T15:40:22.959+0000] {processor.py:925} INFO - DAG(s) 'example_python_decorator' retrieved from /home/airflow/.local/lib/python3.12/site-packages/airflow/example_dags/example_python_decorator.py
[2024-08-26T15:40:23.013+0000] {logging_mixin.py:190} INFO - [2024-08-26T15:40:23.012+0000] {dag.py:3211} INFO - Sync 1 DAGs
[2024-08-26T15:40:23.049+0000] {logging_mixin.py:190} INFO - [2024-08-26T15:40:23.049+0000] {dag.py:4138} INFO - Setting next_dagrun for example_python_decorator to None, run_after=None
[2024-08-26T15:40:23.092+0000] {processor.py:208} INFO - Processing /home/airflow/.local/lib/python3.12/site-packages/airflow/example_dags/example_python_decorator.py took 0.184 seconds
[2024-08-26T15:41:13.624+0000] {processor.py:186} INFO - Started process (PID=2595) to work on /home/airflow/.local/lib/python3.12/site-packages/airflow/example_dags/example_python_decorator.py
[2024-08-26T15:41:13.629+0000] {processor.py:914} INFO - Processing file /home/airflow/.local/lib/python3.12/site-packages/airflow/example_dags/example_python_decorator.py for tasks to queue
[2024-08-26T15:41:13.635+0000] {logging_mixin.py:190} INFO - [2024-08-26T15:41:13.634+0000] {dagbag.py:587} INFO - Filling up the DagBag from /home/airflow/.local/lib/python3.12/site-packages/airflow/example_dags/example_python_decorator.py
[2024-08-26T15:41:13.694+0000] {processor.py:925} INFO - DAG(s) 'example_python_decorator' retrieved from /home/airflow/.local/lib/python3.12/site-packages/airflow/example_dags/example_python_decorator.py
[2024-08-26T15:41:13.779+0000] {logging_mixin.py:190} INFO - [2024-08-26T15:41:13.778+0000] {dag.py:3211} INFO - Sync 1 DAGs
[2024-08-26T15:41:13.879+0000] {logging_mixin.py:190} INFO - [2024-08-26T15:41:13.879+0000] {dag.py:4138} INFO - Setting next_dagrun for example_python_decorator to None, run_after=None
[2024-08-26T15:41:13.941+0000] {processor.py:208} INFO - Processing /home/airflow/.local/lib/python3.12/site-packages/airflow/example_dags/example_python_decorator.py took 0.341 seconds
[2024-08-26T15:44:02.577+0000] {processor.py:186} INFO - Started process (PID=2695) to work on /home/airflow/.local/lib/python3.12/site-packages/airflow/example_dags/example_python_decorator.py
[2024-08-26T15:44:02.582+0000] {processor.py:914} INFO - Processing file /home/airflow/.local/lib/python3.12/site-packages/airflow/example_dags/example_python_decorator.py for tasks to queue
[2024-08-26T15:44:02.589+0000] {logging_mixin.py:190} INFO - [2024-08-26T15:44:02.587+0000] {dagbag.py:587} INFO - Filling up the DagBag from /home/airflow/.local/lib/python3.12/site-packages/airflow/example_dags/example_python_decorator.py
[2024-08-26T15:44:02.660+0000] {processor.py:925} INFO - DAG(s) 'example_python_decorator' retrieved from /home/airflow/.local/lib/python3.12/site-packages/airflow/example_dags/example_python_decorator.py
[2024-08-26T15:44:02.782+0000] {logging_mixin.py:190} INFO - [2024-08-26T15:44:02.781+0000] {dag.py:3211} INFO - Sync 1 DAGs
[2024-08-26T15:44:02.838+0000] {logging_mixin.py:190} INFO - [2024-08-26T15:44:02.837+0000] {dag.py:4138} INFO - Setting next_dagrun for example_python_decorator to None, run_after=None
[2024-08-26T15:44:02.903+0000] {processor.py:208} INFO - Processing /home/airflow/.local/lib/python3.12/site-packages/airflow/example_dags/example_python_decorator.py took 0.356 seconds
[2024-08-26T15:44:42.649+0000] {processor.py:186} INFO - Started process (PID=2762) to work on /home/airflow/.local/lib/python3.12/site-packages/airflow/example_dags/example_python_decorator.py
[2024-08-26T15:44:42.652+0000] {processor.py:914} INFO - Processing file /home/airflow/.local/lib/python3.12/site-packages/airflow/example_dags/example_python_decorator.py for tasks to queue
[2024-08-26T15:44:42.655+0000] {logging_mixin.py:190} INFO - [2024-08-26T15:44:42.654+0000] {dagbag.py:587} INFO - Filling up the DagBag from /home/airflow/.local/lib/python3.12/site-packages/airflow/example_dags/example_python_decorator.py
[2024-08-26T15:44:42.687+0000] {processor.py:925} INFO - DAG(s) 'example_python_decorator' retrieved from /home/airflow/.local/lib/python3.12/site-packages/airflow/example_dags/example_python_decorator.py
[2024-08-26T15:44:42.740+0000] {logging_mixin.py:190} INFO - [2024-08-26T15:44:42.740+0000] {dag.py:3211} INFO - Sync 1 DAGs
[2024-08-26T15:44:42.774+0000] {logging_mixin.py:190} INFO - [2024-08-26T15:44:42.774+0000] {dag.py:4138} INFO - Setting next_dagrun for example_python_decorator to None, run_after=None
[2024-08-26T15:44:42.813+0000] {processor.py:208} INFO - Processing /home/airflow/.local/lib/python3.12/site-packages/airflow/example_dags/example_python_decorator.py took 0.180 seconds
[2024-08-26T15:45:19.199+0000] {processor.py:186} INFO - Started process (PID=2828) to work on /home/airflow/.local/lib/python3.12/site-packages/airflow/example_dags/example_python_decorator.py
[2024-08-26T15:45:19.201+0000] {processor.py:914} INFO - Processing file /home/airflow/.local/lib/python3.12/site-packages/airflow/example_dags/example_python_decorator.py for tasks to queue
[2024-08-26T15:45:19.203+0000] {logging_mixin.py:190} INFO - [2024-08-26T15:45:19.203+0000] {dagbag.py:587} INFO - Filling up the DagBag from /home/airflow/.local/lib/python3.12/site-packages/airflow/example_dags/example_python_decorator.py
[2024-08-26T15:45:19.222+0000] {processor.py:925} INFO - DAG(s) 'example_python_decorator' retrieved from /home/airflow/.local/lib/python3.12/site-packages/airflow/example_dags/example_python_decorator.py
[2024-08-26T15:45:19.261+0000] {logging_mixin.py:190} INFO - [2024-08-26T15:45:19.260+0000] {dag.py:3211} INFO - Sync 1 DAGs
[2024-08-26T15:45:19.282+0000] {logging_mixin.py:190} INFO - [2024-08-26T15:45:19.281+0000] {dag.py:4138} INFO - Setting next_dagrun for example_python_decorator to None, run_after=None
[2024-08-26T15:45:19.308+0000] {processor.py:208} INFO - Processing /home/airflow/.local/lib/python3.12/site-packages/airflow/example_dags/example_python_decorator.py took 0.119 seconds
[2024-08-26T15:46:04.884+0000] {processor.py:186} INFO - Started process (PID=2900) to work on /home/airflow/.local/lib/python3.12/site-packages/airflow/example_dags/example_python_decorator.py
[2024-08-26T15:46:04.888+0000] {processor.py:914} INFO - Processing file /home/airflow/.local/lib/python3.12/site-packages/airflow/example_dags/example_python_decorator.py for tasks to queue
[2024-08-26T15:46:04.896+0000] {logging_mixin.py:190} INFO - [2024-08-26T15:46:04.895+0000] {dagbag.py:587} INFO - Filling up the DagBag from /home/airflow/.local/lib/python3.12/site-packages/airflow/example_dags/example_python_decorator.py
[2024-08-26T15:46:04.950+0000] {processor.py:925} INFO - DAG(s) 'example_python_decorator' retrieved from /home/airflow/.local/lib/python3.12/site-packages/airflow/example_dags/example_python_decorator.py
[2024-08-26T15:46:05.043+0000] {logging_mixin.py:190} INFO - [2024-08-26T15:46:05.041+0000] {dag.py:3211} INFO - Sync 1 DAGs
[2024-08-26T15:46:05.109+0000] {logging_mixin.py:190} INFO - [2024-08-26T15:46:05.108+0000] {dag.py:4138} INFO - Setting next_dagrun for example_python_decorator to None, run_after=None
[2024-08-26T15:46:05.174+0000] {processor.py:208} INFO - Processing /home/airflow/.local/lib/python3.12/site-packages/airflow/example_dags/example_python_decorator.py took 0.321 seconds
[2024-08-26T15:48:15.759+0000] {processor.py:186} INFO - Started process (PID=2988) to work on /home/airflow/.local/lib/python3.12/site-packages/airflow/example_dags/example_python_decorator.py
[2024-08-26T15:48:15.766+0000] {processor.py:914} INFO - Processing file /home/airflow/.local/lib/python3.12/site-packages/airflow/example_dags/example_python_decorator.py for tasks to queue
[2024-08-26T15:48:15.775+0000] {logging_mixin.py:190} INFO - [2024-08-26T15:48:15.773+0000] {dagbag.py:587} INFO - Filling up the DagBag from /home/airflow/.local/lib/python3.12/site-packages/airflow/example_dags/example_python_decorator.py
[2024-08-26T15:48:15.881+0000] {processor.py:925} INFO - DAG(s) 'example_python_decorator' retrieved from /home/airflow/.local/lib/python3.12/site-packages/airflow/example_dags/example_python_decorator.py
[2024-08-26T15:48:16.199+0000] {logging_mixin.py:190} INFO - [2024-08-26T15:48:16.198+0000] {dag.py:3211} INFO - Sync 1 DAGs
[2024-08-26T15:48:16.373+0000] {logging_mixin.py:190} INFO - [2024-08-26T15:48:16.372+0000] {dag.py:4138} INFO - Setting next_dagrun for example_python_decorator to None, run_after=None
[2024-08-26T15:48:16.457+0000] {processor.py:208} INFO - Processing /home/airflow/.local/lib/python3.12/site-packages/airflow/example_dags/example_python_decorator.py took 0.743 seconds
[2024-08-26T15:51:10.962+0000] {processor.py:186} INFO - Started process (PID=3087) to work on /home/airflow/.local/lib/python3.12/site-packages/airflow/example_dags/example_python_decorator.py
[2024-08-26T15:51:10.980+0000] {processor.py:914} INFO - Processing file /home/airflow/.local/lib/python3.12/site-packages/airflow/example_dags/example_python_decorator.py for tasks to queue
[2024-08-26T15:51:11.002+0000] {logging_mixin.py:190} INFO - [2024-08-26T15:51:10.987+0000] {dagbag.py:587} INFO - Filling up the DagBag from /home/airflow/.local/lib/python3.12/site-packages/airflow/example_dags/example_python_decorator.py
[2024-08-26T15:51:11.181+0000] {processor.py:925} INFO - DAG(s) 'example_python_decorator' retrieved from /home/airflow/.local/lib/python3.12/site-packages/airflow/example_dags/example_python_decorator.py
[2024-08-26T15:51:11.526+0000] {logging_mixin.py:190} INFO - [2024-08-26T15:51:11.514+0000] {dag.py:3211} INFO - Sync 1 DAGs
[2024-08-26T15:51:11.660+0000] {logging_mixin.py:190} INFO - [2024-08-26T15:51:11.659+0000] {dag.py:4138} INFO - Setting next_dagrun for example_python_decorator to None, run_after=None
[2024-08-26T15:51:11.838+0000] {processor.py:208} INFO - Processing /home/airflow/.local/lib/python3.12/site-packages/airflow/example_dags/example_python_decorator.py took 0.932 seconds
[2024-08-26T15:51:53.472+0000] {processor.py:186} INFO - Started process (PID=3153) to work on /home/airflow/.local/lib/python3.12/site-packages/airflow/example_dags/example_python_decorator.py
[2024-08-26T15:51:53.475+0000] {processor.py:914} INFO - Processing file /home/airflow/.local/lib/python3.12/site-packages/airflow/example_dags/example_python_decorator.py for tasks to queue
[2024-08-26T15:51:53.478+0000] {logging_mixin.py:190} INFO - [2024-08-26T15:51:53.477+0000] {dagbag.py:587} INFO - Filling up the DagBag from /home/airflow/.local/lib/python3.12/site-packages/airflow/example_dags/example_python_decorator.py
[2024-08-26T15:51:53.511+0000] {processor.py:925} INFO - DAG(s) 'example_python_decorator' retrieved from /home/airflow/.local/lib/python3.12/site-packages/airflow/example_dags/example_python_decorator.py
[2024-08-26T15:51:53.567+0000] {logging_mixin.py:190} INFO - [2024-08-26T15:51:53.567+0000] {dag.py:3211} INFO - Sync 1 DAGs
[2024-08-26T15:51:53.606+0000] {logging_mixin.py:190} INFO - [2024-08-26T15:51:53.606+0000] {dag.py:4138} INFO - Setting next_dagrun for example_python_decorator to None, run_after=None
[2024-08-26T15:51:53.649+0000] {processor.py:208} INFO - Processing /home/airflow/.local/lib/python3.12/site-packages/airflow/example_dags/example_python_decorator.py took 0.192 seconds
[2024-08-26T15:52:35.614+0000] {processor.py:186} INFO - Started process (PID=3220) to work on /home/airflow/.local/lib/python3.12/site-packages/airflow/example_dags/example_python_decorator.py
[2024-08-26T15:52:35.618+0000] {processor.py:914} INFO - Processing file /home/airflow/.local/lib/python3.12/site-packages/airflow/example_dags/example_python_decorator.py for tasks to queue
[2024-08-26T15:52:35.622+0000] {logging_mixin.py:190} INFO - [2024-08-26T15:52:35.621+0000] {dagbag.py:587} INFO - Filling up the DagBag from /home/airflow/.local/lib/python3.12/site-packages/airflow/example_dags/example_python_decorator.py
[2024-08-26T15:52:35.659+0000] {processor.py:925} INFO - DAG(s) 'example_python_decorator' retrieved from /home/airflow/.local/lib/python3.12/site-packages/airflow/example_dags/example_python_decorator.py
[2024-08-26T15:52:35.739+0000] {logging_mixin.py:190} INFO - [2024-08-26T15:52:35.738+0000] {dag.py:3211} INFO - Sync 1 DAGs
[2024-08-26T15:52:35.781+0000] {logging_mixin.py:190} INFO - [2024-08-26T15:52:35.780+0000] {dag.py:4138} INFO - Setting next_dagrun for example_python_decorator to None, run_after=None
[2024-08-26T15:52:35.827+0000] {processor.py:208} INFO - Processing /home/airflow/.local/lib/python3.12/site-packages/airflow/example_dags/example_python_decorator.py took 0.235 seconds
