[2024-08-26T10:34:45.763+0000] {processor.py:186} INFO - Started process (PID=99) to work on /home/airflow/.local/lib/python3.12/site-packages/airflow/example_dags/example_branch_day_of_week_operator.py
[2024-08-26T10:34:45.765+0000] {processor.py:914} INFO - Processing file /home/airflow/.local/lib/python3.12/site-packages/airflow/example_dags/example_branch_day_of_week_operator.py for tasks to queue
[2024-08-26T10:34:45.769+0000] {logging_mixin.py:190} INFO - [2024-08-26T10:34:45.768+0000] {dagbag.py:587} INFO - Filling up the DagBag from /home/airflow/.local/lib/python3.12/site-packages/airflow/example_dags/example_branch_day_of_week_operator.py
[2024-08-26T10:34:45.783+0000] {processor.py:925} INFO - DAG(s) 'example_weekday_branch_operator' retrieved from /home/airflow/.local/lib/python3.12/site-packages/airflow/example_dags/example_branch_day_of_week_operator.py
[2024-08-26T10:34:45.815+0000] {logging_mixin.py:190} INFO - [2024-08-26T10:34:45.815+0000] {dag.py:3211} INFO - Sync 1 DAGs
[2024-08-26T10:34:45.848+0000] {logging_mixin.py:190} INFO - [2024-08-26T10:34:45.847+0000] {dag.py:4138} INFO - Setting next_dagrun for example_weekday_branch_operator to 2024-08-25 00:00:00+00:00, run_after=2024-08-26 00:00:00+00:00
[2024-08-26T10:34:45.874+0000] {processor.py:208} INFO - Processing /home/airflow/.local/lib/python3.12/site-packages/airflow/example_dags/example_branch_day_of_week_operator.py took 0.119 seconds
[2024-08-26T10:35:28.807+0000] {processor.py:186} INFO - Started process (PID=171) to work on /home/airflow/.local/lib/python3.12/site-packages/airflow/example_dags/example_branch_day_of_week_operator.py
[2024-08-26T10:35:28.808+0000] {processor.py:914} INFO - Processing file /home/airflow/.local/lib/python3.12/site-packages/airflow/example_dags/example_branch_day_of_week_operator.py for tasks to queue
[2024-08-26T10:35:28.813+0000] {logging_mixin.py:190} INFO - [2024-08-26T10:35:28.812+0000] {dagbag.py:587} INFO - Filling up the DagBag from /home/airflow/.local/lib/python3.12/site-packages/airflow/example_dags/example_branch_day_of_week_operator.py
[2024-08-26T10:35:28.827+0000] {processor.py:925} INFO - DAG(s) 'example_weekday_branch_operator' retrieved from /home/airflow/.local/lib/python3.12/site-packages/airflow/example_dags/example_branch_day_of_week_operator.py
[2024-08-26T10:35:28.863+0000] {logging_mixin.py:190} INFO - [2024-08-26T10:35:28.862+0000] {dag.py:3211} INFO - Sync 1 DAGs
[2024-08-26T10:35:28.901+0000] {logging_mixin.py:190} INFO - [2024-08-26T10:35:28.901+0000] {dag.py:4138} INFO - Setting next_dagrun for example_weekday_branch_operator to 2024-08-25 00:00:00+00:00, run_after=2024-08-26 00:00:00+00:00
[2024-08-26T10:35:28.927+0000] {processor.py:208} INFO - Processing /home/airflow/.local/lib/python3.12/site-packages/airflow/example_dags/example_branch_day_of_week_operator.py took 0.131 seconds
[2024-08-26T10:38:05.261+0000] {processor.py:186} INFO - Started process (PID=99) to work on /home/airflow/.local/lib/python3.12/site-packages/airflow/example_dags/example_branch_day_of_week_operator.py
[2024-08-26T10:38:05.269+0000] {processor.py:914} INFO - Processing file /home/airflow/.local/lib/python3.12/site-packages/airflow/example_dags/example_branch_day_of_week_operator.py for tasks to queue
[2024-08-26T10:38:05.276+0000] {logging_mixin.py:190} INFO - [2024-08-26T10:38:05.275+0000] {dagbag.py:587} INFO - Filling up the DagBag from /home/airflow/.local/lib/python3.12/site-packages/airflow/example_dags/example_branch_day_of_week_operator.py
[2024-08-26T10:38:05.295+0000] {processor.py:925} INFO - DAG(s) 'example_weekday_branch_operator' retrieved from /home/airflow/.local/lib/python3.12/site-packages/airflow/example_dags/example_branch_day_of_week_operator.py
[2024-08-26T10:38:05.333+0000] {logging_mixin.py:190} INFO - [2024-08-26T10:38:05.333+0000] {dag.py:3211} INFO - Sync 1 DAGs
[2024-08-26T10:38:05.370+0000] {logging_mixin.py:190} INFO - [2024-08-26T10:38:05.370+0000] {dag.py:4138} INFO - Setting next_dagrun for example_weekday_branch_operator to 2024-08-25 00:00:00+00:00, run_after=2024-08-26 00:00:00+00:00
[2024-08-26T10:38:05.393+0000] {processor.py:208} INFO - Processing /home/airflow/.local/lib/python3.12/site-packages/airflow/example_dags/example_branch_day_of_week_operator.py took 0.142 seconds
[2024-08-26T10:38:44.883+0000] {processor.py:186} INFO - Started process (PID=165) to work on /home/airflow/.local/lib/python3.12/site-packages/airflow/example_dags/example_branch_day_of_week_operator.py
[2024-08-26T10:38:44.884+0000] {processor.py:914} INFO - Processing file /home/airflow/.local/lib/python3.12/site-packages/airflow/example_dags/example_branch_day_of_week_operator.py for tasks to queue
[2024-08-26T10:38:44.887+0000] {logging_mixin.py:190} INFO - [2024-08-26T10:38:44.887+0000] {dagbag.py:587} INFO - Filling up the DagBag from /home/airflow/.local/lib/python3.12/site-packages/airflow/example_dags/example_branch_day_of_week_operator.py
[2024-08-26T10:38:44.902+0000] {processor.py:925} INFO - DAG(s) 'example_weekday_branch_operator' retrieved from /home/airflow/.local/lib/python3.12/site-packages/airflow/example_dags/example_branch_day_of_week_operator.py
[2024-08-26T10:38:44.931+0000] {logging_mixin.py:190} INFO - [2024-08-26T10:38:44.931+0000] {dag.py:3211} INFO - Sync 1 DAGs
[2024-08-26T10:38:44.967+0000] {logging_mixin.py:190} INFO - [2024-08-26T10:38:44.967+0000] {dag.py:4138} INFO - Setting next_dagrun for example_weekday_branch_operator to 2024-08-25 00:00:00+00:00, run_after=2024-08-26 00:00:00+00:00
[2024-08-26T10:38:44.992+0000] {processor.py:208} INFO - Processing /home/airflow/.local/lib/python3.12/site-packages/airflow/example_dags/example_branch_day_of_week_operator.py took 0.117 seconds
[2024-08-26T10:39:23.704+0000] {processor.py:186} INFO - Started process (PID=231) to work on /home/airflow/.local/lib/python3.12/site-packages/airflow/example_dags/example_branch_day_of_week_operator.py
[2024-08-26T10:39:23.706+0000] {processor.py:914} INFO - Processing file /home/airflow/.local/lib/python3.12/site-packages/airflow/example_dags/example_branch_day_of_week_operator.py for tasks to queue
[2024-08-26T10:39:23.709+0000] {logging_mixin.py:190} INFO - [2024-08-26T10:39:23.709+0000] {dagbag.py:587} INFO - Filling up the DagBag from /home/airflow/.local/lib/python3.12/site-packages/airflow/example_dags/example_branch_day_of_week_operator.py
[2024-08-26T10:39:23.723+0000] {processor.py:925} INFO - DAG(s) 'example_weekday_branch_operator' retrieved from /home/airflow/.local/lib/python3.12/site-packages/airflow/example_dags/example_branch_day_of_week_operator.py
[2024-08-26T10:39:23.752+0000] {logging_mixin.py:190} INFO - [2024-08-26T10:39:23.752+0000] {dag.py:3211} INFO - Sync 1 DAGs
[2024-08-26T10:39:23.784+0000] {logging_mixin.py:190} INFO - [2024-08-26T10:39:23.783+0000] {dag.py:4138} INFO - Setting next_dagrun for example_weekday_branch_operator to 2024-08-25 00:00:00+00:00, run_after=2024-08-26 00:00:00+00:00
[2024-08-26T10:39:23.807+0000] {processor.py:208} INFO - Processing /home/airflow/.local/lib/python3.12/site-packages/airflow/example_dags/example_branch_day_of_week_operator.py took 0.111 seconds
[2024-08-26T10:40:03.399+0000] {processor.py:186} INFO - Started process (PID=305) to work on /home/airflow/.local/lib/python3.12/site-packages/airflow/example_dags/example_branch_day_of_week_operator.py
[2024-08-26T10:40:03.401+0000] {processor.py:914} INFO - Processing file /home/airflow/.local/lib/python3.12/site-packages/airflow/example_dags/example_branch_day_of_week_operator.py for tasks to queue
[2024-08-26T10:40:03.405+0000] {logging_mixin.py:190} INFO - [2024-08-26T10:40:03.404+0000] {dagbag.py:587} INFO - Filling up the DagBag from /home/airflow/.local/lib/python3.12/site-packages/airflow/example_dags/example_branch_day_of_week_operator.py
[2024-08-26T10:40:03.418+0000] {processor.py:925} INFO - DAG(s) 'example_weekday_branch_operator' retrieved from /home/airflow/.local/lib/python3.12/site-packages/airflow/example_dags/example_branch_day_of_week_operator.py
[2024-08-26T10:40:03.447+0000] {logging_mixin.py:190} INFO - [2024-08-26T10:40:03.446+0000] {dag.py:3211} INFO - Sync 1 DAGs
[2024-08-26T10:40:03.479+0000] {logging_mixin.py:190} INFO - [2024-08-26T10:40:03.479+0000] {dag.py:4138} INFO - Setting next_dagrun for example_weekday_branch_operator to 2024-08-25 00:00:00+00:00, run_after=2024-08-26 00:00:00+00:00
[2024-08-26T10:40:03.502+0000] {processor.py:208} INFO - Processing /home/airflow/.local/lib/python3.12/site-packages/airflow/example_dags/example_branch_day_of_week_operator.py took 0.111 seconds
[2024-08-26T10:40:46.663+0000] {processor.py:186} INFO - Started process (PID=373) to work on /home/airflow/.local/lib/python3.12/site-packages/airflow/example_dags/example_branch_day_of_week_operator.py
[2024-08-26T10:40:46.665+0000] {processor.py:914} INFO - Processing file /home/airflow/.local/lib/python3.12/site-packages/airflow/example_dags/example_branch_day_of_week_operator.py for tasks to queue
[2024-08-26T10:40:46.668+0000] {logging_mixin.py:190} INFO - [2024-08-26T10:40:46.668+0000] {dagbag.py:587} INFO - Filling up the DagBag from /home/airflow/.local/lib/python3.12/site-packages/airflow/example_dags/example_branch_day_of_week_operator.py
[2024-08-26T10:40:46.681+0000] {processor.py:925} INFO - DAG(s) 'example_weekday_branch_operator' retrieved from /home/airflow/.local/lib/python3.12/site-packages/airflow/example_dags/example_branch_day_of_week_operator.py
[2024-08-26T10:40:46.710+0000] {logging_mixin.py:190} INFO - [2024-08-26T10:40:46.709+0000] {dag.py:3211} INFO - Sync 1 DAGs
[2024-08-26T10:40:46.740+0000] {logging_mixin.py:190} INFO - [2024-08-26T10:40:46.740+0000] {dag.py:4138} INFO - Setting next_dagrun for example_weekday_branch_operator to 2024-08-25 00:00:00+00:00, run_after=2024-08-26 00:00:00+00:00
[2024-08-26T10:40:46.765+0000] {processor.py:208} INFO - Processing /home/airflow/.local/lib/python3.12/site-packages/airflow/example_dags/example_branch_day_of_week_operator.py took 0.110 seconds
[2024-08-26T10:41:23.896+0000] {processor.py:186} INFO - Started process (PID=438) to work on /home/airflow/.local/lib/python3.12/site-packages/airflow/example_dags/example_branch_day_of_week_operator.py
[2024-08-26T10:41:23.898+0000] {processor.py:914} INFO - Processing file /home/airflow/.local/lib/python3.12/site-packages/airflow/example_dags/example_branch_day_of_week_operator.py for tasks to queue
[2024-08-26T10:41:23.903+0000] {logging_mixin.py:190} INFO - [2024-08-26T10:41:23.903+0000] {dagbag.py:587} INFO - Filling up the DagBag from /home/airflow/.local/lib/python3.12/site-packages/airflow/example_dags/example_branch_day_of_week_operator.py
[2024-08-26T10:41:23.933+0000] {processor.py:925} INFO - DAG(s) 'example_weekday_branch_operator' retrieved from /home/airflow/.local/lib/python3.12/site-packages/airflow/example_dags/example_branch_day_of_week_operator.py
[2024-08-26T10:41:23.976+0000] {logging_mixin.py:190} INFO - [2024-08-26T10:41:23.975+0000] {dag.py:3211} INFO - Sync 1 DAGs
[2024-08-26T10:41:24.018+0000] {logging_mixin.py:190} INFO - [2024-08-26T10:41:24.018+0000] {dag.py:4138} INFO - Setting next_dagrun for example_weekday_branch_operator to 2024-08-25 00:00:00+00:00, run_after=2024-08-26 00:00:00+00:00
[2024-08-26T10:41:24.044+0000] {processor.py:208} INFO - Processing /home/airflow/.local/lib/python3.12/site-packages/airflow/example_dags/example_branch_day_of_week_operator.py took 0.161 seconds
[2024-08-26T10:42:09.804+0000] {processor.py:186} INFO - Started process (PID=510) to work on /home/airflow/.local/lib/python3.12/site-packages/airflow/example_dags/example_branch_day_of_week_operator.py
[2024-08-26T10:42:09.805+0000] {processor.py:914} INFO - Processing file /home/airflow/.local/lib/python3.12/site-packages/airflow/example_dags/example_branch_day_of_week_operator.py for tasks to queue
[2024-08-26T10:42:09.809+0000] {logging_mixin.py:190} INFO - [2024-08-26T10:42:09.808+0000] {dagbag.py:587} INFO - Filling up the DagBag from /home/airflow/.local/lib/python3.12/site-packages/airflow/example_dags/example_branch_day_of_week_operator.py
[2024-08-26T10:42:09.822+0000] {processor.py:925} INFO - DAG(s) 'example_weekday_branch_operator' retrieved from /home/airflow/.local/lib/python3.12/site-packages/airflow/example_dags/example_branch_day_of_week_operator.py
[2024-08-26T10:42:09.851+0000] {logging_mixin.py:190} INFO - [2024-08-26T10:42:09.851+0000] {dag.py:3211} INFO - Sync 1 DAGs
[2024-08-26T10:42:09.890+0000] {logging_mixin.py:190} INFO - [2024-08-26T10:42:09.890+0000] {dag.py:4138} INFO - Setting next_dagrun for example_weekday_branch_operator to 2024-08-25 00:00:00+00:00, run_after=2024-08-26 00:00:00+00:00
[2024-08-26T10:42:09.919+0000] {processor.py:208} INFO - Processing /home/airflow/.local/lib/python3.12/site-packages/airflow/example_dags/example_branch_day_of_week_operator.py took 0.123 seconds
[2024-08-26T10:42:55.370+0000] {processor.py:186} INFO - Started process (PID=578) to work on /home/airflow/.local/lib/python3.12/site-packages/airflow/example_dags/example_branch_day_of_week_operator.py
[2024-08-26T10:42:55.372+0000] {processor.py:914} INFO - Processing file /home/airflow/.local/lib/python3.12/site-packages/airflow/example_dags/example_branch_day_of_week_operator.py for tasks to queue
[2024-08-26T10:42:55.375+0000] {logging_mixin.py:190} INFO - [2024-08-26T10:42:55.374+0000] {dagbag.py:587} INFO - Filling up the DagBag from /home/airflow/.local/lib/python3.12/site-packages/airflow/example_dags/example_branch_day_of_week_operator.py
[2024-08-26T10:42:55.388+0000] {processor.py:925} INFO - DAG(s) 'example_weekday_branch_operator' retrieved from /home/airflow/.local/lib/python3.12/site-packages/airflow/example_dags/example_branch_day_of_week_operator.py
[2024-08-26T10:42:55.419+0000] {logging_mixin.py:190} INFO - [2024-08-26T10:42:55.419+0000] {dag.py:3211} INFO - Sync 1 DAGs
[2024-08-26T10:42:55.453+0000] {logging_mixin.py:190} INFO - [2024-08-26T10:42:55.453+0000] {dag.py:4138} INFO - Setting next_dagrun for example_weekday_branch_operator to 2024-08-25 00:00:00+00:00, run_after=2024-08-26 00:00:00+00:00
[2024-08-26T10:42:55.480+0000] {processor.py:208} INFO - Processing /home/airflow/.local/lib/python3.12/site-packages/airflow/example_dags/example_branch_day_of_week_operator.py took 0.118 seconds
[2024-08-26T10:43:38.066+0000] {processor.py:186} INFO - Started process (PID=656) to work on /home/airflow/.local/lib/python3.12/site-packages/airflow/example_dags/example_branch_day_of_week_operator.py
[2024-08-26T10:43:38.068+0000] {processor.py:914} INFO - Processing file /home/airflow/.local/lib/python3.12/site-packages/airflow/example_dags/example_branch_day_of_week_operator.py for tasks to queue
[2024-08-26T10:43:38.070+0000] {logging_mixin.py:190} INFO - [2024-08-26T10:43:38.069+0000] {dagbag.py:587} INFO - Filling up the DagBag from /home/airflow/.local/lib/python3.12/site-packages/airflow/example_dags/example_branch_day_of_week_operator.py
[2024-08-26T10:43:38.083+0000] {processor.py:925} INFO - DAG(s) 'example_weekday_branch_operator' retrieved from /home/airflow/.local/lib/python3.12/site-packages/airflow/example_dags/example_branch_day_of_week_operator.py
[2024-08-26T10:43:38.117+0000] {logging_mixin.py:190} INFO - [2024-08-26T10:43:38.117+0000] {dag.py:3211} INFO - Sync 1 DAGs
[2024-08-26T10:43:38.151+0000] {logging_mixin.py:190} INFO - [2024-08-26T10:43:38.150+0000] {dag.py:4138} INFO - Setting next_dagrun for example_weekday_branch_operator to 2024-08-25 00:00:00+00:00, run_after=2024-08-26 00:00:00+00:00
[2024-08-26T10:43:38.177+0000] {processor.py:208} INFO - Processing /home/airflow/.local/lib/python3.12/site-packages/airflow/example_dags/example_branch_day_of_week_operator.py took 0.119 seconds
[2024-08-26T10:44:15.596+0000] {processor.py:186} INFO - Started process (PID=722) to work on /home/airflow/.local/lib/python3.12/site-packages/airflow/example_dags/example_branch_day_of_week_operator.py
[2024-08-26T10:44:15.598+0000] {processor.py:914} INFO - Processing file /home/airflow/.local/lib/python3.12/site-packages/airflow/example_dags/example_branch_day_of_week_operator.py for tasks to queue
[2024-08-26T10:44:15.601+0000] {logging_mixin.py:190} INFO - [2024-08-26T10:44:15.600+0000] {dagbag.py:587} INFO - Filling up the DagBag from /home/airflow/.local/lib/python3.12/site-packages/airflow/example_dags/example_branch_day_of_week_operator.py
[2024-08-26T10:44:15.625+0000] {processor.py:925} INFO - DAG(s) 'example_weekday_branch_operator' retrieved from /home/airflow/.local/lib/python3.12/site-packages/airflow/example_dags/example_branch_day_of_week_operator.py
[2024-08-26T10:44:15.679+0000] {logging_mixin.py:190} INFO - [2024-08-26T10:44:15.679+0000] {dag.py:3211} INFO - Sync 1 DAGs
[2024-08-26T10:44:15.740+0000] {logging_mixin.py:190} INFO - [2024-08-26T10:44:15.740+0000] {dag.py:4138} INFO - Setting next_dagrun for example_weekday_branch_operator to 2024-08-25 00:00:00+00:00, run_after=2024-08-26 00:00:00+00:00
[2024-08-26T10:44:15.792+0000] {processor.py:208} INFO - Processing /home/airflow/.local/lib/python3.12/site-packages/airflow/example_dags/example_branch_day_of_week_operator.py took 0.212 seconds
[2024-08-26T10:44:55.133+0000] {processor.py:186} INFO - Started process (PID=789) to work on /home/airflow/.local/lib/python3.12/site-packages/airflow/example_dags/example_branch_day_of_week_operator.py
[2024-08-26T10:44:55.135+0000] {processor.py:914} INFO - Processing file /home/airflow/.local/lib/python3.12/site-packages/airflow/example_dags/example_branch_day_of_week_operator.py for tasks to queue
[2024-08-26T10:44:55.137+0000] {logging_mixin.py:190} INFO - [2024-08-26T10:44:55.136+0000] {dagbag.py:587} INFO - Filling up the DagBag from /home/airflow/.local/lib/python3.12/site-packages/airflow/example_dags/example_branch_day_of_week_operator.py
[2024-08-26T10:44:55.156+0000] {processor.py:925} INFO - DAG(s) 'example_weekday_branch_operator' retrieved from /home/airflow/.local/lib/python3.12/site-packages/airflow/example_dags/example_branch_day_of_week_operator.py
[2024-08-26T10:44:55.191+0000] {logging_mixin.py:190} INFO - [2024-08-26T10:44:55.191+0000] {dag.py:3211} INFO - Sync 1 DAGs
[2024-08-26T10:44:55.231+0000] {logging_mixin.py:190} INFO - [2024-08-26T10:44:55.231+0000] {dag.py:4138} INFO - Setting next_dagrun for example_weekday_branch_operator to 2024-08-25 00:00:00+00:00, run_after=2024-08-26 00:00:00+00:00
[2024-08-26T10:44:55.260+0000] {processor.py:208} INFO - Processing /home/airflow/.local/lib/python3.12/site-packages/airflow/example_dags/example_branch_day_of_week_operator.py took 0.140 seconds
[2024-08-26T10:45:36.731+0000] {processor.py:186} INFO - Started process (PID=870) to work on /home/airflow/.local/lib/python3.12/site-packages/airflow/example_dags/example_branch_day_of_week_operator.py
[2024-08-26T10:45:36.733+0000] {processor.py:914} INFO - Processing file /home/airflow/.local/lib/python3.12/site-packages/airflow/example_dags/example_branch_day_of_week_operator.py for tasks to queue
[2024-08-26T10:45:36.735+0000] {logging_mixin.py:190} INFO - [2024-08-26T10:45:36.734+0000] {dagbag.py:587} INFO - Filling up the DagBag from /home/airflow/.local/lib/python3.12/site-packages/airflow/example_dags/example_branch_day_of_week_operator.py
[2024-08-26T10:45:36.758+0000] {processor.py:925} INFO - DAG(s) 'example_weekday_branch_operator' retrieved from /home/airflow/.local/lib/python3.12/site-packages/airflow/example_dags/example_branch_day_of_week_operator.py
[2024-08-26T10:45:36.792+0000] {logging_mixin.py:190} INFO - [2024-08-26T10:45:36.792+0000] {dag.py:3211} INFO - Sync 1 DAGs
[2024-08-26T10:45:36.844+0000] {logging_mixin.py:190} INFO - [2024-08-26T10:45:36.843+0000] {dag.py:4138} INFO - Setting next_dagrun for example_weekday_branch_operator to 2024-08-25 00:00:00+00:00, run_after=2024-08-26 00:00:00+00:00
[2024-08-26T10:45:36.875+0000] {processor.py:208} INFO - Processing /home/airflow/.local/lib/python3.12/site-packages/airflow/example_dags/example_branch_day_of_week_operator.py took 0.154 seconds
[2024-08-26T10:46:14.898+0000] {processor.py:186} INFO - Started process (PID=936) to work on /home/airflow/.local/lib/python3.12/site-packages/airflow/example_dags/example_branch_day_of_week_operator.py
[2024-08-26T10:46:14.900+0000] {processor.py:914} INFO - Processing file /home/airflow/.local/lib/python3.12/site-packages/airflow/example_dags/example_branch_day_of_week_operator.py for tasks to queue
[2024-08-26T10:46:14.903+0000] {logging_mixin.py:190} INFO - [2024-08-26T10:46:14.903+0000] {dagbag.py:587} INFO - Filling up the DagBag from /home/airflow/.local/lib/python3.12/site-packages/airflow/example_dags/example_branch_day_of_week_operator.py
[2024-08-26T10:46:14.917+0000] {processor.py:925} INFO - DAG(s) 'example_weekday_branch_operator' retrieved from /home/airflow/.local/lib/python3.12/site-packages/airflow/example_dags/example_branch_day_of_week_operator.py
[2024-08-26T10:46:14.954+0000] {logging_mixin.py:190} INFO - [2024-08-26T10:46:14.954+0000] {dag.py:3211} INFO - Sync 1 DAGs
[2024-08-26T10:46:14.985+0000] {logging_mixin.py:190} INFO - [2024-08-26T10:46:14.985+0000] {dag.py:4138} INFO - Setting next_dagrun for example_weekday_branch_operator to 2024-08-25 00:00:00+00:00, run_after=2024-08-26 00:00:00+00:00
[2024-08-26T10:46:15.008+0000] {processor.py:208} INFO - Processing /home/airflow/.local/lib/python3.12/site-packages/airflow/example_dags/example_branch_day_of_week_operator.py took 0.121 seconds
[2024-08-26T10:46:53.576+0000] {processor.py:186} INFO - Started process (PID=1002) to work on /home/airflow/.local/lib/python3.12/site-packages/airflow/example_dags/example_branch_day_of_week_operator.py
[2024-08-26T10:46:53.577+0000] {processor.py:914} INFO - Processing file /home/airflow/.local/lib/python3.12/site-packages/airflow/example_dags/example_branch_day_of_week_operator.py for tasks to queue
[2024-08-26T10:46:53.579+0000] {logging_mixin.py:190} INFO - [2024-08-26T10:46:53.579+0000] {dagbag.py:587} INFO - Filling up the DagBag from /home/airflow/.local/lib/python3.12/site-packages/airflow/example_dags/example_branch_day_of_week_operator.py
[2024-08-26T10:46:53.592+0000] {processor.py:925} INFO - DAG(s) 'example_weekday_branch_operator' retrieved from /home/airflow/.local/lib/python3.12/site-packages/airflow/example_dags/example_branch_day_of_week_operator.py
[2024-08-26T10:46:53.621+0000] {logging_mixin.py:190} INFO - [2024-08-26T10:46:53.621+0000] {dag.py:3211} INFO - Sync 1 DAGs
[2024-08-26T10:46:53.654+0000] {logging_mixin.py:190} INFO - [2024-08-26T10:46:53.654+0000] {dag.py:4138} INFO - Setting next_dagrun for example_weekday_branch_operator to 2024-08-25 00:00:00+00:00, run_after=2024-08-26 00:00:00+00:00
[2024-08-26T10:46:53.679+0000] {processor.py:208} INFO - Processing /home/airflow/.local/lib/python3.12/site-packages/airflow/example_dags/example_branch_day_of_week_operator.py took 0.111 seconds
[2024-08-26T10:47:46.578+0000] {processor.py:186} INFO - Started process (PID=1085) to work on /home/airflow/.local/lib/python3.12/site-packages/airflow/example_dags/example_branch_day_of_week_operator.py
[2024-08-26T10:47:46.579+0000] {processor.py:914} INFO - Processing file /home/airflow/.local/lib/python3.12/site-packages/airflow/example_dags/example_branch_day_of_week_operator.py for tasks to queue
[2024-08-26T10:47:46.581+0000] {logging_mixin.py:190} INFO - [2024-08-26T10:47:46.581+0000] {dagbag.py:587} INFO - Filling up the DagBag from /home/airflow/.local/lib/python3.12/site-packages/airflow/example_dags/example_branch_day_of_week_operator.py
[2024-08-26T10:47:46.595+0000] {processor.py:925} INFO - DAG(s) 'example_weekday_branch_operator' retrieved from /home/airflow/.local/lib/python3.12/site-packages/airflow/example_dags/example_branch_day_of_week_operator.py
[2024-08-26T10:47:46.628+0000] {logging_mixin.py:190} INFO - [2024-08-26T10:47:46.627+0000] {dag.py:3211} INFO - Sync 1 DAGs
[2024-08-26T10:47:46.664+0000] {logging_mixin.py:190} INFO - [2024-08-26T10:47:46.664+0000] {dag.py:4138} INFO - Setting next_dagrun for example_weekday_branch_operator to 2024-08-25 00:00:00+00:00, run_after=2024-08-26 00:00:00+00:00
[2024-08-26T10:47:46.689+0000] {processor.py:208} INFO - Processing /home/airflow/.local/lib/python3.12/site-packages/airflow/example_dags/example_branch_day_of_week_operator.py took 0.119 seconds
[2024-08-26T10:48:23.822+0000] {processor.py:186} INFO - Started process (PID=1151) to work on /home/airflow/.local/lib/python3.12/site-packages/airflow/example_dags/example_branch_day_of_week_operator.py
[2024-08-26T10:48:23.823+0000] {processor.py:914} INFO - Processing file /home/airflow/.local/lib/python3.12/site-packages/airflow/example_dags/example_branch_day_of_week_operator.py for tasks to queue
[2024-08-26T10:48:23.825+0000] {logging_mixin.py:190} INFO - [2024-08-26T10:48:23.825+0000] {dagbag.py:587} INFO - Filling up the DagBag from /home/airflow/.local/lib/python3.12/site-packages/airflow/example_dags/example_branch_day_of_week_operator.py
[2024-08-26T10:48:23.838+0000] {processor.py:925} INFO - DAG(s) 'example_weekday_branch_operator' retrieved from /home/airflow/.local/lib/python3.12/site-packages/airflow/example_dags/example_branch_day_of_week_operator.py
[2024-08-26T10:48:23.872+0000] {logging_mixin.py:190} INFO - [2024-08-26T10:48:23.871+0000] {dag.py:3211} INFO - Sync 1 DAGs
[2024-08-26T10:48:23.911+0000] {logging_mixin.py:190} INFO - [2024-08-26T10:48:23.910+0000] {dag.py:4138} INFO - Setting next_dagrun for example_weekday_branch_operator to 2024-08-25 00:00:00+00:00, run_after=2024-08-26 00:00:00+00:00
[2024-08-26T10:48:23.951+0000] {processor.py:208} INFO - Processing /home/airflow/.local/lib/python3.12/site-packages/airflow/example_dags/example_branch_day_of_week_operator.py took 0.135 seconds
[2024-08-26T10:49:16.653+0000] {processor.py:186} INFO - Started process (PID=1232) to work on /home/airflow/.local/lib/python3.12/site-packages/airflow/example_dags/example_branch_day_of_week_operator.py
[2024-08-26T10:49:16.667+0000] {processor.py:914} INFO - Processing file /home/airflow/.local/lib/python3.12/site-packages/airflow/example_dags/example_branch_day_of_week_operator.py for tasks to queue
[2024-08-26T10:49:16.678+0000] {logging_mixin.py:190} INFO - [2024-08-26T10:49:16.677+0000] {dagbag.py:587} INFO - Filling up the DagBag from /home/airflow/.local/lib/python3.12/site-packages/airflow/example_dags/example_branch_day_of_week_operator.py
[2024-08-26T10:49:16.708+0000] {processor.py:925} INFO - DAG(s) 'example_weekday_branch_operator' retrieved from /home/airflow/.local/lib/python3.12/site-packages/airflow/example_dags/example_branch_day_of_week_operator.py
[2024-08-26T10:49:16.758+0000] {logging_mixin.py:190} INFO - [2024-08-26T10:49:16.758+0000] {dag.py:3211} INFO - Sync 1 DAGs
[2024-08-26T10:49:16.811+0000] {logging_mixin.py:190} INFO - [2024-08-26T10:49:16.810+0000] {dag.py:4138} INFO - Setting next_dagrun for example_weekday_branch_operator to 2024-08-25 00:00:00+00:00, run_after=2024-08-26 00:00:00+00:00
[2024-08-26T10:49:16.848+0000] {processor.py:208} INFO - Processing /home/airflow/.local/lib/python3.12/site-packages/airflow/example_dags/example_branch_day_of_week_operator.py took 0.211 seconds
[2024-08-26T15:09:28.400+0000] {processor.py:186} INFO - Started process (PID=99) to work on /home/airflow/.local/lib/python3.12/site-packages/airflow/example_dags/example_branch_day_of_week_operator.py
[2024-08-26T15:09:28.402+0000] {processor.py:914} INFO - Processing file /home/airflow/.local/lib/python3.12/site-packages/airflow/example_dags/example_branch_day_of_week_operator.py for tasks to queue
[2024-08-26T15:09:28.406+0000] {logging_mixin.py:190} INFO - [2024-08-26T15:09:28.406+0000] {dagbag.py:587} INFO - Filling up the DagBag from /home/airflow/.local/lib/python3.12/site-packages/airflow/example_dags/example_branch_day_of_week_operator.py
[2024-08-26T15:09:28.420+0000] {processor.py:925} INFO - DAG(s) 'example_weekday_branch_operator' retrieved from /home/airflow/.local/lib/python3.12/site-packages/airflow/example_dags/example_branch_day_of_week_operator.py
[2024-08-26T15:09:28.452+0000] {logging_mixin.py:190} INFO - [2024-08-26T15:09:28.452+0000] {dag.py:3211} INFO - Sync 1 DAGs
[2024-08-26T15:09:28.492+0000] {logging_mixin.py:190} INFO - [2024-08-26T15:09:28.492+0000] {dag.py:4138} INFO - Setting next_dagrun for example_weekday_branch_operator to 2024-08-25 00:00:00+00:00, run_after=2024-08-26 00:00:00+00:00
[2024-08-26T15:09:28.519+0000] {processor.py:208} INFO - Processing /home/airflow/.local/lib/python3.12/site-packages/airflow/example_dags/example_branch_day_of_week_operator.py took 0.127 seconds
[2024-08-26T15:10:11.718+0000] {processor.py:186} INFO - Started process (PID=165) to work on /home/airflow/.local/lib/python3.12/site-packages/airflow/example_dags/example_branch_day_of_week_operator.py
[2024-08-26T15:10:11.719+0000] {processor.py:914} INFO - Processing file /home/airflow/.local/lib/python3.12/site-packages/airflow/example_dags/example_branch_day_of_week_operator.py for tasks to queue
[2024-08-26T15:10:11.723+0000] {logging_mixin.py:190} INFO - [2024-08-26T15:10:11.722+0000] {dagbag.py:587} INFO - Filling up the DagBag from /home/airflow/.local/lib/python3.12/site-packages/airflow/example_dags/example_branch_day_of_week_operator.py
[2024-08-26T15:10:11.735+0000] {processor.py:925} INFO - DAG(s) 'example_weekday_branch_operator' retrieved from /home/airflow/.local/lib/python3.12/site-packages/airflow/example_dags/example_branch_day_of_week_operator.py
[2024-08-26T15:10:11.764+0000] {logging_mixin.py:190} INFO - [2024-08-26T15:10:11.763+0000] {dag.py:3211} INFO - Sync 1 DAGs
[2024-08-26T15:10:11.796+0000] {logging_mixin.py:190} INFO - [2024-08-26T15:10:11.796+0000] {dag.py:4138} INFO - Setting next_dagrun for example_weekday_branch_operator to 2024-08-25 00:00:00+00:00, run_after=2024-08-26 00:00:00+00:00
[2024-08-26T15:10:11.819+0000] {processor.py:208} INFO - Processing /home/airflow/.local/lib/python3.12/site-packages/airflow/example_dags/example_branch_day_of_week_operator.py took 0.110 seconds
[2024-08-26T15:10:49.274+0000] {processor.py:186} INFO - Started process (PID=232) to work on /home/airflow/.local/lib/python3.12/site-packages/airflow/example_dags/example_branch_day_of_week_operator.py
[2024-08-26T15:10:49.275+0000] {processor.py:914} INFO - Processing file /home/airflow/.local/lib/python3.12/site-packages/airflow/example_dags/example_branch_day_of_week_operator.py for tasks to queue
[2024-08-26T15:10:49.279+0000] {logging_mixin.py:190} INFO - [2024-08-26T15:10:49.278+0000] {dagbag.py:587} INFO - Filling up the DagBag from /home/airflow/.local/lib/python3.12/site-packages/airflow/example_dags/example_branch_day_of_week_operator.py
[2024-08-26T15:10:49.291+0000] {processor.py:925} INFO - DAG(s) 'example_weekday_branch_operator' retrieved from /home/airflow/.local/lib/python3.12/site-packages/airflow/example_dags/example_branch_day_of_week_operator.py
[2024-08-26T15:10:49.319+0000] {logging_mixin.py:190} INFO - [2024-08-26T15:10:49.319+0000] {dag.py:3211} INFO - Sync 1 DAGs
[2024-08-26T15:10:49.349+0000] {logging_mixin.py:190} INFO - [2024-08-26T15:10:49.349+0000] {dag.py:4138} INFO - Setting next_dagrun for example_weekday_branch_operator to 2024-08-25 00:00:00+00:00, run_after=2024-08-26 00:00:00+00:00
[2024-08-26T15:10:49.372+0000] {processor.py:208} INFO - Processing /home/airflow/.local/lib/python3.12/site-packages/airflow/example_dags/example_branch_day_of_week_operator.py took 0.105 seconds
[2024-08-26T15:11:27.063+0000] {processor.py:186} INFO - Started process (PID=298) to work on /home/airflow/.local/lib/python3.12/site-packages/airflow/example_dags/example_branch_day_of_week_operator.py
[2024-08-26T15:11:27.064+0000] {processor.py:914} INFO - Processing file /home/airflow/.local/lib/python3.12/site-packages/airflow/example_dags/example_branch_day_of_week_operator.py for tasks to queue
[2024-08-26T15:11:27.068+0000] {logging_mixin.py:190} INFO - [2024-08-26T15:11:27.067+0000] {dagbag.py:587} INFO - Filling up the DagBag from /home/airflow/.local/lib/python3.12/site-packages/airflow/example_dags/example_branch_day_of_week_operator.py
[2024-08-26T15:11:27.080+0000] {processor.py:925} INFO - DAG(s) 'example_weekday_branch_operator' retrieved from /home/airflow/.local/lib/python3.12/site-packages/airflow/example_dags/example_branch_day_of_week_operator.py
[2024-08-26T15:11:27.108+0000] {logging_mixin.py:190} INFO - [2024-08-26T15:11:27.108+0000] {dag.py:3211} INFO - Sync 1 DAGs
[2024-08-26T15:11:27.141+0000] {logging_mixin.py:190} INFO - [2024-08-26T15:11:27.141+0000] {dag.py:4138} INFO - Setting next_dagrun for example_weekday_branch_operator to 2024-08-25 00:00:00+00:00, run_after=2024-08-26 00:00:00+00:00
[2024-08-26T15:11:27.165+0000] {processor.py:208} INFO - Processing /home/airflow/.local/lib/python3.12/site-packages/airflow/example_dags/example_branch_day_of_week_operator.py took 0.110 seconds
[2024-08-26T15:12:05.634+0000] {processor.py:186} INFO - Started process (PID=370) to work on /home/airflow/.local/lib/python3.12/site-packages/airflow/example_dags/example_branch_day_of_week_operator.py
[2024-08-26T15:12:05.636+0000] {processor.py:914} INFO - Processing file /home/airflow/.local/lib/python3.12/site-packages/airflow/example_dags/example_branch_day_of_week_operator.py for tasks to queue
[2024-08-26T15:12:05.639+0000] {logging_mixin.py:190} INFO - [2024-08-26T15:12:05.638+0000] {dagbag.py:587} INFO - Filling up the DagBag from /home/airflow/.local/lib/python3.12/site-packages/airflow/example_dags/example_branch_day_of_week_operator.py
[2024-08-26T15:12:05.654+0000] {processor.py:925} INFO - DAG(s) 'example_weekday_branch_operator' retrieved from /home/airflow/.local/lib/python3.12/site-packages/airflow/example_dags/example_branch_day_of_week_operator.py
[2024-08-26T15:12:05.686+0000] {logging_mixin.py:190} INFO - [2024-08-26T15:12:05.686+0000] {dag.py:3211} INFO - Sync 1 DAGs
[2024-08-26T15:12:05.722+0000] {logging_mixin.py:190} INFO - [2024-08-26T15:12:05.722+0000] {dag.py:4138} INFO - Setting next_dagrun for example_weekday_branch_operator to 2024-08-25 00:00:00+00:00, run_after=2024-08-26 00:00:00+00:00
[2024-08-26T15:12:05.751+0000] {processor.py:208} INFO - Processing /home/airflow/.local/lib/python3.12/site-packages/airflow/example_dags/example_branch_day_of_week_operator.py took 0.126 seconds
[2024-08-26T15:12:45.531+0000] {processor.py:186} INFO - Started process (PID=437) to work on /home/airflow/.local/lib/python3.12/site-packages/airflow/example_dags/example_branch_day_of_week_operator.py
[2024-08-26T15:12:45.533+0000] {processor.py:914} INFO - Processing file /home/airflow/.local/lib/python3.12/site-packages/airflow/example_dags/example_branch_day_of_week_operator.py for tasks to queue
[2024-08-26T15:12:45.536+0000] {logging_mixin.py:190} INFO - [2024-08-26T15:12:45.536+0000] {dagbag.py:587} INFO - Filling up the DagBag from /home/airflow/.local/lib/python3.12/site-packages/airflow/example_dags/example_branch_day_of_week_operator.py
[2024-08-26T15:12:45.550+0000] {processor.py:925} INFO - DAG(s) 'example_weekday_branch_operator' retrieved from /home/airflow/.local/lib/python3.12/site-packages/airflow/example_dags/example_branch_day_of_week_operator.py
[2024-08-26T15:12:45.579+0000] {logging_mixin.py:190} INFO - [2024-08-26T15:12:45.578+0000] {dag.py:3211} INFO - Sync 1 DAGs
[2024-08-26T15:12:45.614+0000] {logging_mixin.py:190} INFO - [2024-08-26T15:12:45.614+0000] {dag.py:4138} INFO - Setting next_dagrun for example_weekday_branch_operator to 2024-08-25 00:00:00+00:00, run_after=2024-08-26 00:00:00+00:00
[2024-08-26T15:12:45.638+0000] {processor.py:208} INFO - Processing /home/airflow/.local/lib/python3.12/site-packages/airflow/example_dags/example_branch_day_of_week_operator.py took 0.115 seconds
[2024-08-26T15:13:37.903+0000] {processor.py:186} INFO - Started process (PID=520) to work on /home/airflow/.local/lib/python3.12/site-packages/airflow/example_dags/example_branch_day_of_week_operator.py
[2024-08-26T15:13:37.908+0000] {processor.py:914} INFO - Processing file /home/airflow/.local/lib/python3.12/site-packages/airflow/example_dags/example_branch_day_of_week_operator.py for tasks to queue
[2024-08-26T15:13:37.911+0000] {logging_mixin.py:190} INFO - [2024-08-26T15:13:37.911+0000] {dagbag.py:587} INFO - Filling up the DagBag from /home/airflow/.local/lib/python3.12/site-packages/airflow/example_dags/example_branch_day_of_week_operator.py
[2024-08-26T15:13:37.925+0000] {processor.py:925} INFO - DAG(s) 'example_weekday_branch_operator' retrieved from /home/airflow/.local/lib/python3.12/site-packages/airflow/example_dags/example_branch_day_of_week_operator.py
[2024-08-26T15:13:37.956+0000] {logging_mixin.py:190} INFO - [2024-08-26T15:13:37.956+0000] {dag.py:3211} INFO - Sync 1 DAGs
[2024-08-26T15:13:37.997+0000] {logging_mixin.py:190} INFO - [2024-08-26T15:13:37.996+0000] {dag.py:4138} INFO - Setting next_dagrun for example_weekday_branch_operator to 2024-08-25 00:00:00+00:00, run_after=2024-08-26 00:00:00+00:00
[2024-08-26T15:13:38.025+0000] {processor.py:208} INFO - Processing /home/airflow/.local/lib/python3.12/site-packages/airflow/example_dags/example_branch_day_of_week_operator.py took 0.132 seconds
[2024-08-26T15:14:31.764+0000] {processor.py:186} INFO - Started process (PID=593) to work on /home/airflow/.local/lib/python3.12/site-packages/airflow/example_dags/example_branch_day_of_week_operator.py
[2024-08-26T15:14:31.766+0000] {processor.py:914} INFO - Processing file /home/airflow/.local/lib/python3.12/site-packages/airflow/example_dags/example_branch_day_of_week_operator.py for tasks to queue
[2024-08-26T15:14:31.768+0000] {logging_mixin.py:190} INFO - [2024-08-26T15:14:31.768+0000] {dagbag.py:587} INFO - Filling up the DagBag from /home/airflow/.local/lib/python3.12/site-packages/airflow/example_dags/example_branch_day_of_week_operator.py
[2024-08-26T15:14:31.783+0000] {processor.py:925} INFO - DAG(s) 'example_weekday_branch_operator' retrieved from /home/airflow/.local/lib/python3.12/site-packages/airflow/example_dags/example_branch_day_of_week_operator.py
[2024-08-26T15:14:31.815+0000] {logging_mixin.py:190} INFO - [2024-08-26T15:14:31.815+0000] {dag.py:3211} INFO - Sync 1 DAGs
[2024-08-26T15:14:31.848+0000] {logging_mixin.py:190} INFO - [2024-08-26T15:14:31.847+0000] {dag.py:4138} INFO - Setting next_dagrun for example_weekday_branch_operator to 2024-08-25 00:00:00+00:00, run_after=2024-08-26 00:00:00+00:00
[2024-08-26T15:14:31.870+0000] {processor.py:208} INFO - Processing /home/airflow/.local/lib/python3.12/site-packages/airflow/example_dags/example_branch_day_of_week_operator.py took 0.114 seconds
[2024-08-26T15:15:09.686+0000] {processor.py:186} INFO - Started process (PID=659) to work on /home/airflow/.local/lib/python3.12/site-packages/airflow/example_dags/example_branch_day_of_week_operator.py
[2024-08-26T15:15:09.688+0000] {processor.py:914} INFO - Processing file /home/airflow/.local/lib/python3.12/site-packages/airflow/example_dags/example_branch_day_of_week_operator.py for tasks to queue
[2024-08-26T15:15:09.691+0000] {logging_mixin.py:190} INFO - [2024-08-26T15:15:09.690+0000] {dagbag.py:587} INFO - Filling up the DagBag from /home/airflow/.local/lib/python3.12/site-packages/airflow/example_dags/example_branch_day_of_week_operator.py
[2024-08-26T15:15:09.706+0000] {processor.py:925} INFO - DAG(s) 'example_weekday_branch_operator' retrieved from /home/airflow/.local/lib/python3.12/site-packages/airflow/example_dags/example_branch_day_of_week_operator.py
[2024-08-26T15:15:09.738+0000] {logging_mixin.py:190} INFO - [2024-08-26T15:15:09.738+0000] {dag.py:3211} INFO - Sync 1 DAGs
[2024-08-26T15:15:09.774+0000] {logging_mixin.py:190} INFO - [2024-08-26T15:15:09.774+0000] {dag.py:4138} INFO - Setting next_dagrun for example_weekday_branch_operator to 2024-08-25 00:00:00+00:00, run_after=2024-08-26 00:00:00+00:00
[2024-08-26T15:15:09.801+0000] {processor.py:208} INFO - Processing /home/airflow/.local/lib/python3.12/site-packages/airflow/example_dags/example_branch_day_of_week_operator.py took 0.124 seconds
[2024-08-26T15:15:56.499+0000] {processor.py:186} INFO - Started process (PID=725) to work on /home/airflow/.local/lib/python3.12/site-packages/airflow/example_dags/example_branch_day_of_week_operator.py
[2024-08-26T15:15:56.502+0000] {processor.py:914} INFO - Processing file /home/airflow/.local/lib/python3.12/site-packages/airflow/example_dags/example_branch_day_of_week_operator.py for tasks to queue
[2024-08-26T15:15:56.505+0000] {logging_mixin.py:190} INFO - [2024-08-26T15:15:56.504+0000] {dagbag.py:587} INFO - Filling up the DagBag from /home/airflow/.local/lib/python3.12/site-packages/airflow/example_dags/example_branch_day_of_week_operator.py
[2024-08-26T15:15:56.523+0000] {processor.py:925} INFO - DAG(s) 'example_weekday_branch_operator' retrieved from /home/airflow/.local/lib/python3.12/site-packages/airflow/example_dags/example_branch_day_of_week_operator.py
[2024-08-26T15:15:56.568+0000] {logging_mixin.py:190} INFO - [2024-08-26T15:15:56.567+0000] {dag.py:3211} INFO - Sync 1 DAGs
[2024-08-26T15:15:56.617+0000] {logging_mixin.py:190} INFO - [2024-08-26T15:15:56.617+0000] {dag.py:4138} INFO - Setting next_dagrun for example_weekday_branch_operator to 2024-08-25 00:00:00+00:00, run_after=2024-08-26 00:00:00+00:00
[2024-08-26T15:15:56.653+0000] {processor.py:208} INFO - Processing /home/airflow/.local/lib/python3.12/site-packages/airflow/example_dags/example_branch_day_of_week_operator.py took 0.165 seconds
[2024-08-26T15:16:32.401+0000] {processor.py:186} INFO - Started process (PID=796) to work on /home/airflow/.local/lib/python3.12/site-packages/airflow/example_dags/example_branch_day_of_week_operator.py
[2024-08-26T15:16:32.403+0000] {processor.py:914} INFO - Processing file /home/airflow/.local/lib/python3.12/site-packages/airflow/example_dags/example_branch_day_of_week_operator.py for tasks to queue
[2024-08-26T15:16:32.405+0000] {logging_mixin.py:190} INFO - [2024-08-26T15:16:32.404+0000] {dagbag.py:587} INFO - Filling up the DagBag from /home/airflow/.local/lib/python3.12/site-packages/airflow/example_dags/example_branch_day_of_week_operator.py
[2024-08-26T15:16:32.417+0000] {processor.py:925} INFO - DAG(s) 'example_weekday_branch_operator' retrieved from /home/airflow/.local/lib/python3.12/site-packages/airflow/example_dags/example_branch_day_of_week_operator.py
[2024-08-26T15:16:32.445+0000] {logging_mixin.py:190} INFO - [2024-08-26T15:16:32.445+0000] {dag.py:3211} INFO - Sync 1 DAGs
[2024-08-26T15:16:32.476+0000] {logging_mixin.py:190} INFO - [2024-08-26T15:16:32.476+0000] {dag.py:4138} INFO - Setting next_dagrun for example_weekday_branch_operator to 2024-08-25 00:00:00+00:00, run_after=2024-08-26 00:00:00+00:00
[2024-08-26T15:16:32.499+0000] {processor.py:208} INFO - Processing /home/airflow/.local/lib/python3.12/site-packages/airflow/example_dags/example_branch_day_of_week_operator.py took 0.106 seconds
[2024-08-26T15:17:10.060+0000] {processor.py:186} INFO - Started process (PID=863) to work on /home/airflow/.local/lib/python3.12/site-packages/airflow/example_dags/example_branch_day_of_week_operator.py
[2024-08-26T15:17:10.061+0000] {processor.py:914} INFO - Processing file /home/airflow/.local/lib/python3.12/site-packages/airflow/example_dags/example_branch_day_of_week_operator.py for tasks to queue
[2024-08-26T15:17:10.063+0000] {logging_mixin.py:190} INFO - [2024-08-26T15:17:10.063+0000] {dagbag.py:587} INFO - Filling up the DagBag from /home/airflow/.local/lib/python3.12/site-packages/airflow/example_dags/example_branch_day_of_week_operator.py
[2024-08-26T15:17:10.076+0000] {processor.py:925} INFO - DAG(s) 'example_weekday_branch_operator' retrieved from /home/airflow/.local/lib/python3.12/site-packages/airflow/example_dags/example_branch_day_of_week_operator.py
[2024-08-26T15:17:10.110+0000] {logging_mixin.py:190} INFO - [2024-08-26T15:17:10.110+0000] {dag.py:3211} INFO - Sync 1 DAGs
[2024-08-26T15:17:10.146+0000] {logging_mixin.py:190} INFO - [2024-08-26T15:17:10.146+0000] {dag.py:4138} INFO - Setting next_dagrun for example_weekday_branch_operator to 2024-08-25 00:00:00+00:00, run_after=2024-08-26 00:00:00+00:00
[2024-08-26T15:17:10.170+0000] {processor.py:208} INFO - Processing /home/airflow/.local/lib/python3.12/site-packages/airflow/example_dags/example_branch_day_of_week_operator.py took 0.118 seconds
[2024-08-26T15:17:46.626+0000] {processor.py:186} INFO - Started process (PID=929) to work on /home/airflow/.local/lib/python3.12/site-packages/airflow/example_dags/example_branch_day_of_week_operator.py
[2024-08-26T15:17:46.628+0000] {processor.py:914} INFO - Processing file /home/airflow/.local/lib/python3.12/site-packages/airflow/example_dags/example_branch_day_of_week_operator.py for tasks to queue
[2024-08-26T15:17:46.630+0000] {logging_mixin.py:190} INFO - [2024-08-26T15:17:46.629+0000] {dagbag.py:587} INFO - Filling up the DagBag from /home/airflow/.local/lib/python3.12/site-packages/airflow/example_dags/example_branch_day_of_week_operator.py
[2024-08-26T15:17:46.644+0000] {processor.py:925} INFO - DAG(s) 'example_weekday_branch_operator' retrieved from /home/airflow/.local/lib/python3.12/site-packages/airflow/example_dags/example_branch_day_of_week_operator.py
[2024-08-26T15:17:46.676+0000] {logging_mixin.py:190} INFO - [2024-08-26T15:17:46.676+0000] {dag.py:3211} INFO - Sync 1 DAGs
[2024-08-26T15:17:46.708+0000] {logging_mixin.py:190} INFO - [2024-08-26T15:17:46.708+0000] {dag.py:4138} INFO - Setting next_dagrun for example_weekday_branch_operator to 2024-08-25 00:00:00+00:00, run_after=2024-08-26 00:00:00+00:00
[2024-08-26T15:17:46.733+0000] {processor.py:208} INFO - Processing /home/airflow/.local/lib/python3.12/site-packages/airflow/example_dags/example_branch_day_of_week_operator.py took 0.114 seconds
[2024-08-26T15:18:23.817+0000] {processor.py:186} INFO - Started process (PID=995) to work on /home/airflow/.local/lib/python3.12/site-packages/airflow/example_dags/example_branch_day_of_week_operator.py
[2024-08-26T15:18:23.819+0000] {processor.py:914} INFO - Processing file /home/airflow/.local/lib/python3.12/site-packages/airflow/example_dags/example_branch_day_of_week_operator.py for tasks to queue
[2024-08-26T15:18:23.821+0000] {logging_mixin.py:190} INFO - [2024-08-26T15:18:23.820+0000] {dagbag.py:587} INFO - Filling up the DagBag from /home/airflow/.local/lib/python3.12/site-packages/airflow/example_dags/example_branch_day_of_week_operator.py
[2024-08-26T15:18:23.836+0000] {processor.py:925} INFO - DAG(s) 'example_weekday_branch_operator' retrieved from /home/airflow/.local/lib/python3.12/site-packages/airflow/example_dags/example_branch_day_of_week_operator.py
[2024-08-26T15:18:23.867+0000] {logging_mixin.py:190} INFO - [2024-08-26T15:18:23.867+0000] {dag.py:3211} INFO - Sync 1 DAGs
[2024-08-26T15:18:23.903+0000] {logging_mixin.py:190} INFO - [2024-08-26T15:18:23.903+0000] {dag.py:4138} INFO - Setting next_dagrun for example_weekday_branch_operator to 2024-08-25 00:00:00+00:00, run_after=2024-08-26 00:00:00+00:00
[2024-08-26T15:18:23.929+0000] {processor.py:208} INFO - Processing /home/airflow/.local/lib/python3.12/site-packages/airflow/example_dags/example_branch_day_of_week_operator.py took 0.120 seconds
[2024-08-26T15:19:06.272+0000] {processor.py:186} INFO - Started process (PID=1067) to work on /home/airflow/.local/lib/python3.12/site-packages/airflow/example_dags/example_branch_day_of_week_operator.py
[2024-08-26T15:19:06.273+0000] {processor.py:914} INFO - Processing file /home/airflow/.local/lib/python3.12/site-packages/airflow/example_dags/example_branch_day_of_week_operator.py for tasks to queue
[2024-08-26T15:19:06.275+0000] {logging_mixin.py:190} INFO - [2024-08-26T15:19:06.275+0000] {dagbag.py:587} INFO - Filling up the DagBag from /home/airflow/.local/lib/python3.12/site-packages/airflow/example_dags/example_branch_day_of_week_operator.py
[2024-08-26T15:19:06.291+0000] {processor.py:925} INFO - DAG(s) 'example_weekday_branch_operator' retrieved from /home/airflow/.local/lib/python3.12/site-packages/airflow/example_dags/example_branch_day_of_week_operator.py
[2024-08-26T15:19:06.322+0000] {logging_mixin.py:190} INFO - [2024-08-26T15:19:06.321+0000] {dag.py:3211} INFO - Sync 1 DAGs
[2024-08-26T15:19:06.358+0000] {logging_mixin.py:190} INFO - [2024-08-26T15:19:06.358+0000] {dag.py:4138} INFO - Setting next_dagrun for example_weekday_branch_operator to 2024-08-25 00:00:00+00:00, run_after=2024-08-26 00:00:00+00:00
[2024-08-26T15:19:06.384+0000] {processor.py:208} INFO - Processing /home/airflow/.local/lib/python3.12/site-packages/airflow/example_dags/example_branch_day_of_week_operator.py took 0.121 seconds
[2024-08-26T15:19:43.641+0000] {processor.py:186} INFO - Started process (PID=1133) to work on /home/airflow/.local/lib/python3.12/site-packages/airflow/example_dags/example_branch_day_of_week_operator.py
[2024-08-26T15:19:43.642+0000] {processor.py:914} INFO - Processing file /home/airflow/.local/lib/python3.12/site-packages/airflow/example_dags/example_branch_day_of_week_operator.py for tasks to queue
[2024-08-26T15:19:43.645+0000] {logging_mixin.py:190} INFO - [2024-08-26T15:19:43.644+0000] {dagbag.py:587} INFO - Filling up the DagBag from /home/airflow/.local/lib/python3.12/site-packages/airflow/example_dags/example_branch_day_of_week_operator.py
[2024-08-26T15:19:43.658+0000] {processor.py:925} INFO - DAG(s) 'example_weekday_branch_operator' retrieved from /home/airflow/.local/lib/python3.12/site-packages/airflow/example_dags/example_branch_day_of_week_operator.py
[2024-08-26T15:19:43.688+0000] {logging_mixin.py:190} INFO - [2024-08-26T15:19:43.688+0000] {dag.py:3211} INFO - Sync 1 DAGs
[2024-08-26T15:19:43.719+0000] {logging_mixin.py:190} INFO - [2024-08-26T15:19:43.719+0000] {dag.py:4138} INFO - Setting next_dagrun for example_weekday_branch_operator to 2024-08-25 00:00:00+00:00, run_after=2024-08-26 00:00:00+00:00
[2024-08-26T15:19:43.743+0000] {processor.py:208} INFO - Processing /home/airflow/.local/lib/python3.12/site-packages/airflow/example_dags/example_branch_day_of_week_operator.py took 0.110 seconds
[2024-08-26T15:20:21.926+0000] {processor.py:186} INFO - Started process (PID=1200) to work on /home/airflow/.local/lib/python3.12/site-packages/airflow/example_dags/example_branch_day_of_week_operator.py
[2024-08-26T15:20:21.928+0000] {processor.py:914} INFO - Processing file /home/airflow/.local/lib/python3.12/site-packages/airflow/example_dags/example_branch_day_of_week_operator.py for tasks to queue
[2024-08-26T15:20:21.930+0000] {logging_mixin.py:190} INFO - [2024-08-26T15:20:21.929+0000] {dagbag.py:587} INFO - Filling up the DagBag from /home/airflow/.local/lib/python3.12/site-packages/airflow/example_dags/example_branch_day_of_week_operator.py
[2024-08-26T15:20:21.945+0000] {processor.py:925} INFO - DAG(s) 'example_weekday_branch_operator' retrieved from /home/airflow/.local/lib/python3.12/site-packages/airflow/example_dags/example_branch_day_of_week_operator.py
[2024-08-26T15:20:21.977+0000] {logging_mixin.py:190} INFO - [2024-08-26T15:20:21.976+0000] {dag.py:3211} INFO - Sync 1 DAGs
[2024-08-26T15:20:22.013+0000] {logging_mixin.py:190} INFO - [2024-08-26T15:20:22.012+0000] {dag.py:4138} INFO - Setting next_dagrun for example_weekday_branch_operator to 2024-08-25 00:00:00+00:00, run_after=2024-08-26 00:00:00+00:00
[2024-08-26T15:20:22.038+0000] {processor.py:208} INFO - Processing /home/airflow/.local/lib/python3.12/site-packages/airflow/example_dags/example_branch_day_of_week_operator.py took 0.121 seconds
[2024-08-26T15:21:00.165+0000] {processor.py:186} INFO - Started process (PID=1272) to work on /home/airflow/.local/lib/python3.12/site-packages/airflow/example_dags/example_branch_day_of_week_operator.py
[2024-08-26T15:21:00.167+0000] {processor.py:914} INFO - Processing file /home/airflow/.local/lib/python3.12/site-packages/airflow/example_dags/example_branch_day_of_week_operator.py for tasks to queue
[2024-08-26T15:21:00.169+0000] {logging_mixin.py:190} INFO - [2024-08-26T15:21:00.168+0000] {dagbag.py:587} INFO - Filling up the DagBag from /home/airflow/.local/lib/python3.12/site-packages/airflow/example_dags/example_branch_day_of_week_operator.py
[2024-08-26T15:21:00.181+0000] {processor.py:925} INFO - DAG(s) 'example_weekday_branch_operator' retrieved from /home/airflow/.local/lib/python3.12/site-packages/airflow/example_dags/example_branch_day_of_week_operator.py
[2024-08-26T15:21:00.210+0000] {logging_mixin.py:190} INFO - [2024-08-26T15:21:00.210+0000] {dag.py:3211} INFO - Sync 1 DAGs
[2024-08-26T15:21:00.253+0000] {logging_mixin.py:190} INFO - [2024-08-26T15:21:00.252+0000] {dag.py:4138} INFO - Setting next_dagrun for example_weekday_branch_operator to 2024-08-25 00:00:00+00:00, run_after=2024-08-26 00:00:00+00:00
[2024-08-26T15:21:00.276+0000] {processor.py:208} INFO - Processing /home/airflow/.local/lib/python3.12/site-packages/airflow/example_dags/example_branch_day_of_week_operator.py took 0.119 seconds
[2024-08-26T15:21:39.607+0000] {processor.py:186} INFO - Started process (PID=1339) to work on /home/airflow/.local/lib/python3.12/site-packages/airflow/example_dags/example_branch_day_of_week_operator.py
[2024-08-26T15:21:39.609+0000] {processor.py:914} INFO - Processing file /home/airflow/.local/lib/python3.12/site-packages/airflow/example_dags/example_branch_day_of_week_operator.py for tasks to queue
[2024-08-26T15:21:39.611+0000] {logging_mixin.py:190} INFO - [2024-08-26T15:21:39.610+0000] {dagbag.py:587} INFO - Filling up the DagBag from /home/airflow/.local/lib/python3.12/site-packages/airflow/example_dags/example_branch_day_of_week_operator.py
[2024-08-26T15:21:39.627+0000] {processor.py:925} INFO - DAG(s) 'example_weekday_branch_operator' retrieved from /home/airflow/.local/lib/python3.12/site-packages/airflow/example_dags/example_branch_day_of_week_operator.py
[2024-08-26T15:21:39.657+0000] {logging_mixin.py:190} INFO - [2024-08-26T15:21:39.657+0000] {dag.py:3211} INFO - Sync 1 DAGs
[2024-08-26T15:21:39.688+0000] {logging_mixin.py:190} INFO - [2024-08-26T15:21:39.688+0000] {dag.py:4138} INFO - Setting next_dagrun for example_weekday_branch_operator to 2024-08-25 00:00:00+00:00, run_after=2024-08-26 00:00:00+00:00
[2024-08-26T15:21:39.712+0000] {processor.py:208} INFO - Processing /home/airflow/.local/lib/python3.12/site-packages/airflow/example_dags/example_branch_day_of_week_operator.py took 0.116 seconds
[2024-08-26T15:22:30.013+0000] {processor.py:186} INFO - Started process (PID=1405) to work on /home/airflow/.local/lib/python3.12/site-packages/airflow/example_dags/example_branch_day_of_week_operator.py
[2024-08-26T15:22:30.021+0000] {processor.py:914} INFO - Processing file /home/airflow/.local/lib/python3.12/site-packages/airflow/example_dags/example_branch_day_of_week_operator.py for tasks to queue
[2024-08-26T15:22:30.028+0000] {logging_mixin.py:190} INFO - [2024-08-26T15:22:30.026+0000] {dagbag.py:587} INFO - Filling up the DagBag from /home/airflow/.local/lib/python3.12/site-packages/airflow/example_dags/example_branch_day_of_week_operator.py
[2024-08-26T15:22:30.102+0000] {processor.py:925} INFO - DAG(s) 'example_weekday_branch_operator' retrieved from /home/airflow/.local/lib/python3.12/site-packages/airflow/example_dags/example_branch_day_of_week_operator.py
[2024-08-26T15:22:30.311+0000] {logging_mixin.py:190} INFO - [2024-08-26T15:22:30.310+0000] {dag.py:3211} INFO - Sync 1 DAGs
[2024-08-26T15:22:30.530+0000] {logging_mixin.py:190} INFO - [2024-08-26T15:22:30.527+0000] {dag.py:4138} INFO - Setting next_dagrun for example_weekday_branch_operator to 2024-08-25 00:00:00+00:00, run_after=2024-08-26 00:00:00+00:00
[2024-08-26T15:22:30.697+0000] {processor.py:208} INFO - Processing /home/airflow/.local/lib/python3.12/site-packages/airflow/example_dags/example_branch_day_of_week_operator.py took 0.722 seconds
[2024-08-26T15:23:22.200+0000] {processor.py:186} INFO - Started process (PID=1477) to work on /home/airflow/.local/lib/python3.12/site-packages/airflow/example_dags/example_branch_day_of_week_operator.py
[2024-08-26T15:23:22.202+0000] {processor.py:914} INFO - Processing file /home/airflow/.local/lib/python3.12/site-packages/airflow/example_dags/example_branch_day_of_week_operator.py for tasks to queue
[2024-08-26T15:23:22.207+0000] {logging_mixin.py:190} INFO - [2024-08-26T15:23:22.205+0000] {dagbag.py:587} INFO - Filling up the DagBag from /home/airflow/.local/lib/python3.12/site-packages/airflow/example_dags/example_branch_day_of_week_operator.py
[2024-08-26T15:23:22.232+0000] {processor.py:925} INFO - DAG(s) 'example_weekday_branch_operator' retrieved from /home/airflow/.local/lib/python3.12/site-packages/airflow/example_dags/example_branch_day_of_week_operator.py
[2024-08-26T15:23:22.273+0000] {logging_mixin.py:190} INFO - [2024-08-26T15:23:22.273+0000] {dag.py:3211} INFO - Sync 1 DAGs
[2024-08-26T15:23:22.325+0000] {logging_mixin.py:190} INFO - [2024-08-26T15:23:22.325+0000] {dag.py:4138} INFO - Setting next_dagrun for example_weekday_branch_operator to 2024-08-25 00:00:00+00:00, run_after=2024-08-26 00:00:00+00:00
[2024-08-26T15:23:22.362+0000] {processor.py:208} INFO - Processing /home/airflow/.local/lib/python3.12/site-packages/airflow/example_dags/example_branch_day_of_week_operator.py took 0.179 seconds
[2024-08-26T15:23:56.013+0000] {processor.py:186} INFO - Started process (PID=1543) to work on /home/airflow/.local/lib/python3.12/site-packages/airflow/example_dags/example_branch_day_of_week_operator.py
[2024-08-26T15:23:56.014+0000] {processor.py:914} INFO - Processing file /home/airflow/.local/lib/python3.12/site-packages/airflow/example_dags/example_branch_day_of_week_operator.py for tasks to queue
[2024-08-26T15:23:56.016+0000] {logging_mixin.py:190} INFO - [2024-08-26T15:23:56.016+0000] {dagbag.py:587} INFO - Filling up the DagBag from /home/airflow/.local/lib/python3.12/site-packages/airflow/example_dags/example_branch_day_of_week_operator.py
[2024-08-26T15:23:56.030+0000] {processor.py:925} INFO - DAG(s) 'example_weekday_branch_operator' retrieved from /home/airflow/.local/lib/python3.12/site-packages/airflow/example_dags/example_branch_day_of_week_operator.py
[2024-08-26T15:23:56.059+0000] {logging_mixin.py:190} INFO - [2024-08-26T15:23:56.058+0000] {dag.py:3211} INFO - Sync 1 DAGs
[2024-08-26T15:23:56.089+0000] {logging_mixin.py:190} INFO - [2024-08-26T15:23:56.089+0000] {dag.py:4138} INFO - Setting next_dagrun for example_weekday_branch_operator to 2024-08-25 00:00:00+00:00, run_after=2024-08-26 00:00:00+00:00
[2024-08-26T15:23:56.111+0000] {processor.py:208} INFO - Processing /home/airflow/.local/lib/python3.12/site-packages/airflow/example_dags/example_branch_day_of_week_operator.py took 0.107 seconds
[2024-08-26T15:24:32.322+0000] {processor.py:186} INFO - Started process (PID=1615) to work on /home/airflow/.local/lib/python3.12/site-packages/airflow/example_dags/example_branch_day_of_week_operator.py
[2024-08-26T15:24:32.323+0000] {processor.py:914} INFO - Processing file /home/airflow/.local/lib/python3.12/site-packages/airflow/example_dags/example_branch_day_of_week_operator.py for tasks to queue
[2024-08-26T15:24:32.325+0000] {logging_mixin.py:190} INFO - [2024-08-26T15:24:32.324+0000] {dagbag.py:587} INFO - Filling up the DagBag from /home/airflow/.local/lib/python3.12/site-packages/airflow/example_dags/example_branch_day_of_week_operator.py
[2024-08-26T15:24:32.338+0000] {processor.py:925} INFO - DAG(s) 'example_weekday_branch_operator' retrieved from /home/airflow/.local/lib/python3.12/site-packages/airflow/example_dags/example_branch_day_of_week_operator.py
[2024-08-26T15:24:32.369+0000] {logging_mixin.py:190} INFO - [2024-08-26T15:24:32.369+0000] {dag.py:3211} INFO - Sync 1 DAGs
[2024-08-26T15:24:32.402+0000] {logging_mixin.py:190} INFO - [2024-08-26T15:24:32.402+0000] {dag.py:4138} INFO - Setting next_dagrun for example_weekday_branch_operator to 2024-08-25 00:00:00+00:00, run_after=2024-08-26 00:00:00+00:00
[2024-08-26T15:24:32.427+0000] {processor.py:208} INFO - Processing /home/airflow/.local/lib/python3.12/site-packages/airflow/example_dags/example_branch_day_of_week_operator.py took 0.114 seconds
[2024-08-26T15:25:10.488+0000] {processor.py:186} INFO - Started process (PID=1680) to work on /home/airflow/.local/lib/python3.12/site-packages/airflow/example_dags/example_branch_day_of_week_operator.py
[2024-08-26T15:25:10.490+0000] {processor.py:914} INFO - Processing file /home/airflow/.local/lib/python3.12/site-packages/airflow/example_dags/example_branch_day_of_week_operator.py for tasks to queue
[2024-08-26T15:25:10.492+0000] {logging_mixin.py:190} INFO - [2024-08-26T15:25:10.491+0000] {dagbag.py:587} INFO - Filling up the DagBag from /home/airflow/.local/lib/python3.12/site-packages/airflow/example_dags/example_branch_day_of_week_operator.py
[2024-08-26T15:25:10.504+0000] {processor.py:925} INFO - DAG(s) 'example_weekday_branch_operator' retrieved from /home/airflow/.local/lib/python3.12/site-packages/airflow/example_dags/example_branch_day_of_week_operator.py
[2024-08-26T15:25:10.533+0000] {logging_mixin.py:190} INFO - [2024-08-26T15:25:10.533+0000] {dag.py:3211} INFO - Sync 1 DAGs
[2024-08-26T15:25:10.563+0000] {logging_mixin.py:190} INFO - [2024-08-26T15:25:10.563+0000] {dag.py:4138} INFO - Setting next_dagrun for example_weekday_branch_operator to 2024-08-25 00:00:00+00:00, run_after=2024-08-26 00:00:00+00:00
[2024-08-26T15:25:10.590+0000] {processor.py:208} INFO - Processing /home/airflow/.local/lib/python3.12/site-packages/airflow/example_dags/example_branch_day_of_week_operator.py took 0.109 seconds
[2024-08-26T15:25:52.631+0000] {processor.py:186} INFO - Started process (PID=1746) to work on /home/airflow/.local/lib/python3.12/site-packages/airflow/example_dags/example_branch_day_of_week_operator.py
[2024-08-26T15:25:52.633+0000] {processor.py:914} INFO - Processing file /home/airflow/.local/lib/python3.12/site-packages/airflow/example_dags/example_branch_day_of_week_operator.py for tasks to queue
[2024-08-26T15:25:52.636+0000] {logging_mixin.py:190} INFO - [2024-08-26T15:25:52.635+0000] {dagbag.py:587} INFO - Filling up the DagBag from /home/airflow/.local/lib/python3.12/site-packages/airflow/example_dags/example_branch_day_of_week_operator.py
[2024-08-26T15:25:52.653+0000] {processor.py:925} INFO - DAG(s) 'example_weekday_branch_operator' retrieved from /home/airflow/.local/lib/python3.12/site-packages/airflow/example_dags/example_branch_day_of_week_operator.py
[2024-08-26T15:25:52.706+0000] {logging_mixin.py:190} INFO - [2024-08-26T15:25:52.706+0000] {dag.py:3211} INFO - Sync 1 DAGs
[2024-08-26T15:25:52.763+0000] {logging_mixin.py:190} INFO - [2024-08-26T15:25:52.763+0000] {dag.py:4138} INFO - Setting next_dagrun for example_weekday_branch_operator to 2024-08-25 00:00:00+00:00, run_after=2024-08-26 00:00:00+00:00
[2024-08-26T15:25:52.802+0000] {processor.py:208} INFO - Processing /home/airflow/.local/lib/python3.12/site-packages/airflow/example_dags/example_branch_day_of_week_operator.py took 0.183 seconds
[2024-08-26T15:27:19.319+0000] {processor.py:186} INFO - Started process (PID=1826) to work on /home/airflow/.local/lib/python3.12/site-packages/airflow/example_dags/example_branch_day_of_week_operator.py
[2024-08-26T15:27:19.324+0000] {processor.py:914} INFO - Processing file /home/airflow/.local/lib/python3.12/site-packages/airflow/example_dags/example_branch_day_of_week_operator.py for tasks to queue
[2024-08-26T15:27:19.330+0000] {logging_mixin.py:190} INFO - [2024-08-26T15:27:19.328+0000] {dagbag.py:587} INFO - Filling up the DagBag from /home/airflow/.local/lib/python3.12/site-packages/airflow/example_dags/example_branch_day_of_week_operator.py
[2024-08-26T15:27:19.388+0000] {processor.py:925} INFO - DAG(s) 'example_weekday_branch_operator' retrieved from /home/airflow/.local/lib/python3.12/site-packages/airflow/example_dags/example_branch_day_of_week_operator.py
[2024-08-26T15:27:19.491+0000] {logging_mixin.py:190} INFO - [2024-08-26T15:27:19.490+0000] {dag.py:3211} INFO - Sync 1 DAGs
[2024-08-26T15:27:19.603+0000] {logging_mixin.py:190} INFO - [2024-08-26T15:27:19.602+0000] {dag.py:4138} INFO - Setting next_dagrun for example_weekday_branch_operator to 2024-08-25 00:00:00+00:00, run_after=2024-08-26 00:00:00+00:00
[2024-08-26T15:27:19.672+0000] {processor.py:208} INFO - Processing /home/airflow/.local/lib/python3.12/site-packages/airflow/example_dags/example_branch_day_of_week_operator.py took 0.381 seconds
[2024-08-26T15:27:59.268+0000] {processor.py:186} INFO - Started process (PID=1894) to work on /home/airflow/.local/lib/python3.12/site-packages/airflow/example_dags/example_branch_day_of_week_operator.py
[2024-08-26T15:27:59.271+0000] {processor.py:914} INFO - Processing file /home/airflow/.local/lib/python3.12/site-packages/airflow/example_dags/example_branch_day_of_week_operator.py for tasks to queue
[2024-08-26T15:27:59.277+0000] {logging_mixin.py:190} INFO - [2024-08-26T15:27:59.276+0000] {dagbag.py:587} INFO - Filling up the DagBag from /home/airflow/.local/lib/python3.12/site-packages/airflow/example_dags/example_branch_day_of_week_operator.py
[2024-08-26T15:27:59.310+0000] {processor.py:925} INFO - DAG(s) 'example_weekday_branch_operator' retrieved from /home/airflow/.local/lib/python3.12/site-packages/airflow/example_dags/example_branch_day_of_week_operator.py
[2024-08-26T15:27:59.398+0000] {logging_mixin.py:190} INFO - [2024-08-26T15:27:59.397+0000] {dag.py:3211} INFO - Sync 1 DAGs
[2024-08-26T15:27:59.523+0000] {logging_mixin.py:190} INFO - [2024-08-26T15:27:59.522+0000] {dag.py:4138} INFO - Setting next_dagrun for example_weekday_branch_operator to 2024-08-25 00:00:00+00:00, run_after=2024-08-26 00:00:00+00:00
[2024-08-26T15:27:59.607+0000] {processor.py:208} INFO - Processing /home/airflow/.local/lib/python3.12/site-packages/airflow/example_dags/example_branch_day_of_week_operator.py took 0.359 seconds
[2024-08-26T15:28:41.274+0000] {processor.py:186} INFO - Started process (PID=1966) to work on /home/airflow/.local/lib/python3.12/site-packages/airflow/example_dags/example_branch_day_of_week_operator.py
[2024-08-26T15:28:41.276+0000] {processor.py:914} INFO - Processing file /home/airflow/.local/lib/python3.12/site-packages/airflow/example_dags/example_branch_day_of_week_operator.py for tasks to queue
[2024-08-26T15:28:41.280+0000] {logging_mixin.py:190} INFO - [2024-08-26T15:28:41.279+0000] {dagbag.py:587} INFO - Filling up the DagBag from /home/airflow/.local/lib/python3.12/site-packages/airflow/example_dags/example_branch_day_of_week_operator.py
[2024-08-26T15:28:41.313+0000] {processor.py:925} INFO - DAG(s) 'example_weekday_branch_operator' retrieved from /home/airflow/.local/lib/python3.12/site-packages/airflow/example_dags/example_branch_day_of_week_operator.py
[2024-08-26T15:28:41.388+0000] {logging_mixin.py:190} INFO - [2024-08-26T15:28:41.387+0000] {dag.py:3211} INFO - Sync 1 DAGs
[2024-08-26T15:28:41.776+0000] {logging_mixin.py:190} INFO - [2024-08-26T15:28:41.775+0000] {dag.py:4138} INFO - Setting next_dagrun for example_weekday_branch_operator to 2024-08-25 00:00:00+00:00, run_after=2024-08-26 00:00:00+00:00
[2024-08-26T15:28:41.817+0000] {processor.py:208} INFO - Processing /home/airflow/.local/lib/python3.12/site-packages/airflow/example_dags/example_branch_day_of_week_operator.py took 0.558 seconds
[2024-08-26T15:29:49.214+0000] {processor.py:186} INFO - Started process (PID=2039) to work on /home/airflow/.local/lib/python3.12/site-packages/airflow/example_dags/example_branch_day_of_week_operator.py
[2024-08-26T15:29:49.220+0000] {processor.py:914} INFO - Processing file /home/airflow/.local/lib/python3.12/site-packages/airflow/example_dags/example_branch_day_of_week_operator.py for tasks to queue
[2024-08-26T15:29:49.228+0000] {logging_mixin.py:190} INFO - [2024-08-26T15:29:49.226+0000] {dagbag.py:587} INFO - Filling up the DagBag from /home/airflow/.local/lib/python3.12/site-packages/airflow/example_dags/example_branch_day_of_week_operator.py
[2024-08-26T15:29:49.285+0000] {processor.py:925} INFO - DAG(s) 'example_weekday_branch_operator' retrieved from /home/airflow/.local/lib/python3.12/site-packages/airflow/example_dags/example_branch_day_of_week_operator.py
[2024-08-26T15:29:49.385+0000] {logging_mixin.py:190} INFO - [2024-08-26T15:29:49.384+0000] {dag.py:3211} INFO - Sync 1 DAGs
[2024-08-26T15:29:49.503+0000] {logging_mixin.py:190} INFO - [2024-08-26T15:29:49.502+0000] {dag.py:4138} INFO - Setting next_dagrun for example_weekday_branch_operator to 2024-08-25 00:00:00+00:00, run_after=2024-08-26 00:00:00+00:00
[2024-08-26T15:29:49.580+0000] {processor.py:208} INFO - Processing /home/airflow/.local/lib/python3.12/site-packages/airflow/example_dags/example_branch_day_of_week_operator.py took 0.392 seconds
[2024-08-26T15:31:04.927+0000] {processor.py:186} INFO - Started process (PID=2119) to work on /home/airflow/.local/lib/python3.12/site-packages/airflow/example_dags/example_branch_day_of_week_operator.py
[2024-08-26T15:31:04.930+0000] {processor.py:914} INFO - Processing file /home/airflow/.local/lib/python3.12/site-packages/airflow/example_dags/example_branch_day_of_week_operator.py for tasks to queue
[2024-08-26T15:31:04.935+0000] {logging_mixin.py:190} INFO - [2024-08-26T15:31:04.934+0000] {dagbag.py:587} INFO - Filling up the DagBag from /home/airflow/.local/lib/python3.12/site-packages/airflow/example_dags/example_branch_day_of_week_operator.py
[2024-08-26T15:31:04.966+0000] {processor.py:925} INFO - DAG(s) 'example_weekday_branch_operator' retrieved from /home/airflow/.local/lib/python3.12/site-packages/airflow/example_dags/example_branch_day_of_week_operator.py
[2024-08-26T15:31:05.041+0000] {logging_mixin.py:190} INFO - [2024-08-26T15:31:05.040+0000] {dag.py:3211} INFO - Sync 1 DAGs
[2024-08-26T15:31:05.124+0000] {logging_mixin.py:190} INFO - [2024-08-26T15:31:05.124+0000] {dag.py:4138} INFO - Setting next_dagrun for example_weekday_branch_operator to 2024-08-25 00:00:00+00:00, run_after=2024-08-26 00:00:00+00:00
[2024-08-26T15:31:05.186+0000] {processor.py:208} INFO - Processing /home/airflow/.local/lib/python3.12/site-packages/airflow/example_dags/example_branch_day_of_week_operator.py took 0.280 seconds
[2024-08-26T15:31:56.907+0000] {processor.py:186} INFO - Started process (PID=2190) to work on /home/airflow/.local/lib/python3.12/site-packages/airflow/example_dags/example_branch_day_of_week_operator.py
[2024-08-26T15:31:56.912+0000] {processor.py:914} INFO - Processing file /home/airflow/.local/lib/python3.12/site-packages/airflow/example_dags/example_branch_day_of_week_operator.py for tasks to queue
[2024-08-26T15:31:56.918+0000] {logging_mixin.py:190} INFO - [2024-08-26T15:31:56.916+0000] {dagbag.py:587} INFO - Filling up the DagBag from /home/airflow/.local/lib/python3.12/site-packages/airflow/example_dags/example_branch_day_of_week_operator.py
[2024-08-26T15:31:56.955+0000] {processor.py:925} INFO - DAG(s) 'example_weekday_branch_operator' retrieved from /home/airflow/.local/lib/python3.12/site-packages/airflow/example_dags/example_branch_day_of_week_operator.py
[2024-08-26T15:31:57.092+0000] {logging_mixin.py:190} INFO - [2024-08-26T15:31:57.090+0000] {dag.py:3211} INFO - Sync 1 DAGs
[2024-08-26T15:31:57.325+0000] {logging_mixin.py:190} INFO - [2024-08-26T15:31:57.324+0000] {dag.py:4138} INFO - Setting next_dagrun for example_weekday_branch_operator to 2024-08-25 00:00:00+00:00, run_after=2024-08-26 00:00:00+00:00
[2024-08-26T15:31:57.397+0000] {processor.py:208} INFO - Processing /home/airflow/.local/lib/python3.12/site-packages/airflow/example_dags/example_branch_day_of_week_operator.py took 0.514 seconds
[2024-08-26T15:33:16.001+0000] {processor.py:186} INFO - Started process (PID=2266) to work on /home/airflow/.local/lib/python3.12/site-packages/airflow/example_dags/example_branch_day_of_week_operator.py
[2024-08-26T15:33:16.013+0000] {processor.py:914} INFO - Processing file /home/airflow/.local/lib/python3.12/site-packages/airflow/example_dags/example_branch_day_of_week_operator.py for tasks to queue
[2024-08-26T15:33:16.093+0000] {logging_mixin.py:190} INFO - [2024-08-26T15:33:16.091+0000] {dagbag.py:587} INFO - Filling up the DagBag from /home/airflow/.local/lib/python3.12/site-packages/airflow/example_dags/example_branch_day_of_week_operator.py
[2024-08-26T15:33:16.182+0000] {processor.py:925} INFO - DAG(s) 'example_weekday_branch_operator' retrieved from /home/airflow/.local/lib/python3.12/site-packages/airflow/example_dags/example_branch_day_of_week_operator.py
[2024-08-26T15:33:16.533+0000] {logging_mixin.py:190} INFO - [2024-08-26T15:33:16.532+0000] {dag.py:3211} INFO - Sync 1 DAGs
[2024-08-26T15:33:16.829+0000] {logging_mixin.py:190} INFO - [2024-08-26T15:33:16.823+0000] {dag.py:4138} INFO - Setting next_dagrun for example_weekday_branch_operator to 2024-08-25 00:00:00+00:00, run_after=2024-08-26 00:00:00+00:00
[2024-08-26T15:33:16.981+0000] {processor.py:208} INFO - Processing /home/airflow/.local/lib/python3.12/site-packages/airflow/example_dags/example_branch_day_of_week_operator.py took 1.062 seconds
[2024-08-26T15:39:02.292+0000] {processor.py:186} INFO - Started process (PID=2396) to work on /home/airflow/.local/lib/python3.12/site-packages/airflow/example_dags/example_branch_day_of_week_operator.py
[2024-08-26T15:39:02.295+0000] {processor.py:914} INFO - Processing file /home/airflow/.local/lib/python3.12/site-packages/airflow/example_dags/example_branch_day_of_week_operator.py for tasks to queue
[2024-08-26T15:39:02.300+0000] {logging_mixin.py:190} INFO - [2024-08-26T15:39:02.300+0000] {dagbag.py:587} INFO - Filling up the DagBag from /home/airflow/.local/lib/python3.12/site-packages/airflow/example_dags/example_branch_day_of_week_operator.py
[2024-08-26T15:39:02.332+0000] {processor.py:925} INFO - DAG(s) 'example_weekday_branch_operator' retrieved from /home/airflow/.local/lib/python3.12/site-packages/airflow/example_dags/example_branch_day_of_week_operator.py
[2024-08-26T15:39:02.421+0000] {logging_mixin.py:190} INFO - [2024-08-26T15:39:02.420+0000] {dag.py:3211} INFO - Sync 1 DAGs
[2024-08-26T15:39:02.518+0000] {logging_mixin.py:190} INFO - [2024-08-26T15:39:02.517+0000] {dag.py:4138} INFO - Setting next_dagrun for example_weekday_branch_operator to 2024-08-25 00:00:00+00:00, run_after=2024-08-26 00:00:00+00:00
[2024-08-26T15:39:02.585+0000] {processor.py:208} INFO - Processing /home/airflow/.local/lib/python3.12/site-packages/airflow/example_dags/example_branch_day_of_week_operator.py took 0.319 seconds
[2024-08-26T15:39:35.685+0000] {processor.py:186} INFO - Started process (PID=2462) to work on /home/airflow/.local/lib/python3.12/site-packages/airflow/example_dags/example_branch_day_of_week_operator.py
[2024-08-26T15:39:35.687+0000] {processor.py:914} INFO - Processing file /home/airflow/.local/lib/python3.12/site-packages/airflow/example_dags/example_branch_day_of_week_operator.py for tasks to queue
[2024-08-26T15:39:35.691+0000] {logging_mixin.py:190} INFO - [2024-08-26T15:39:35.690+0000] {dagbag.py:587} INFO - Filling up the DagBag from /home/airflow/.local/lib/python3.12/site-packages/airflow/example_dags/example_branch_day_of_week_operator.py
[2024-08-26T15:39:35.711+0000] {processor.py:925} INFO - DAG(s) 'example_weekday_branch_operator' retrieved from /home/airflow/.local/lib/python3.12/site-packages/airflow/example_dags/example_branch_day_of_week_operator.py
[2024-08-26T15:39:35.768+0000] {logging_mixin.py:190} INFO - [2024-08-26T15:39:35.767+0000] {dag.py:3211} INFO - Sync 1 DAGs
[2024-08-26T15:39:35.831+0000] {logging_mixin.py:190} INFO - [2024-08-26T15:39:35.830+0000] {dag.py:4138} INFO - Setting next_dagrun for example_weekday_branch_operator to 2024-08-25 00:00:00+00:00, run_after=2024-08-26 00:00:00+00:00
[2024-08-26T15:39:35.879+0000] {processor.py:208} INFO - Processing /home/airflow/.local/lib/python3.12/site-packages/airflow/example_dags/example_branch_day_of_week_operator.py took 0.210 seconds
[2024-08-26T15:40:23.622+0000] {processor.py:186} INFO - Started process (PID=2529) to work on /home/airflow/.local/lib/python3.12/site-packages/airflow/example_dags/example_branch_day_of_week_operator.py
[2024-08-26T15:40:23.625+0000] {processor.py:914} INFO - Processing file /home/airflow/.local/lib/python3.12/site-packages/airflow/example_dags/example_branch_day_of_week_operator.py for tasks to queue
[2024-08-26T15:40:23.628+0000] {logging_mixin.py:190} INFO - [2024-08-26T15:40:23.627+0000] {dagbag.py:587} INFO - Filling up the DagBag from /home/airflow/.local/lib/python3.12/site-packages/airflow/example_dags/example_branch_day_of_week_operator.py
[2024-08-26T15:40:23.646+0000] {processor.py:925} INFO - DAG(s) 'example_weekday_branch_operator' retrieved from /home/airflow/.local/lib/python3.12/site-packages/airflow/example_dags/example_branch_day_of_week_operator.py
[2024-08-26T15:40:23.706+0000] {logging_mixin.py:190} INFO - [2024-08-26T15:40:23.705+0000] {dag.py:3211} INFO - Sync 1 DAGs
[2024-08-26T15:40:23.756+0000] {logging_mixin.py:190} INFO - [2024-08-26T15:40:23.756+0000] {dag.py:4138} INFO - Setting next_dagrun for example_weekday_branch_operator to 2024-08-25 00:00:00+00:00, run_after=2024-08-26 00:00:00+00:00
[2024-08-26T15:40:23.799+0000] {processor.py:208} INFO - Processing /home/airflow/.local/lib/python3.12/site-packages/airflow/example_dags/example_branch_day_of_week_operator.py took 0.192 seconds
[2024-08-26T15:41:15.749+0000] {processor.py:186} INFO - Started process (PID=2601) to work on /home/airflow/.local/lib/python3.12/site-packages/airflow/example_dags/example_branch_day_of_week_operator.py
[2024-08-26T15:41:15.755+0000] {processor.py:914} INFO - Processing file /home/airflow/.local/lib/python3.12/site-packages/airflow/example_dags/example_branch_day_of_week_operator.py for tasks to queue
[2024-08-26T15:41:15.763+0000] {logging_mixin.py:190} INFO - [2024-08-26T15:41:15.761+0000] {dagbag.py:587} INFO - Filling up the DagBag from /home/airflow/.local/lib/python3.12/site-packages/airflow/example_dags/example_branch_day_of_week_operator.py
[2024-08-26T15:41:15.810+0000] {processor.py:925} INFO - DAG(s) 'example_weekday_branch_operator' retrieved from /home/airflow/.local/lib/python3.12/site-packages/airflow/example_dags/example_branch_day_of_week_operator.py
[2024-08-26T15:41:15.923+0000] {logging_mixin.py:190} INFO - [2024-08-26T15:41:15.922+0000] {dag.py:3211} INFO - Sync 1 DAGs
[2024-08-26T15:41:16.065+0000] {logging_mixin.py:190} INFO - [2024-08-26T15:41:16.064+0000] {dag.py:4138} INFO - Setting next_dagrun for example_weekday_branch_operator to 2024-08-25 00:00:00+00:00, run_after=2024-08-26 00:00:00+00:00
[2024-08-26T15:41:16.162+0000] {processor.py:208} INFO - Processing /home/airflow/.local/lib/python3.12/site-packages/airflow/example_dags/example_branch_day_of_week_operator.py took 0.510 seconds
[2024-08-26T15:44:03.830+0000] {processor.py:186} INFO - Started process (PID=2701) to work on /home/airflow/.local/lib/python3.12/site-packages/airflow/example_dags/example_branch_day_of_week_operator.py
[2024-08-26T15:44:03.835+0000] {processor.py:914} INFO - Processing file /home/airflow/.local/lib/python3.12/site-packages/airflow/example_dags/example_branch_day_of_week_operator.py for tasks to queue
[2024-08-26T15:44:03.843+0000] {logging_mixin.py:190} INFO - [2024-08-26T15:44:03.842+0000] {dagbag.py:587} INFO - Filling up the DagBag from /home/airflow/.local/lib/python3.12/site-packages/airflow/example_dags/example_branch_day_of_week_operator.py
[2024-08-26T15:44:03.882+0000] {processor.py:925} INFO - DAG(s) 'example_weekday_branch_operator' retrieved from /home/airflow/.local/lib/python3.12/site-packages/airflow/example_dags/example_branch_day_of_week_operator.py
[2024-08-26T15:44:03.981+0000] {logging_mixin.py:190} INFO - [2024-08-26T15:44:03.980+0000] {dag.py:3211} INFO - Sync 1 DAGs
[2024-08-26T15:44:04.103+0000] {logging_mixin.py:190} INFO - [2024-08-26T15:44:04.102+0000] {dag.py:4138} INFO - Setting next_dagrun for example_weekday_branch_operator to 2024-08-25 00:00:00+00:00, run_after=2024-08-26 00:00:00+00:00
[2024-08-26T15:44:04.189+0000] {processor.py:208} INFO - Processing /home/airflow/.local/lib/python3.12/site-packages/airflow/example_dags/example_branch_day_of_week_operator.py took 0.385 seconds
[2024-08-26T15:44:43.545+0000] {processor.py:186} INFO - Started process (PID=2768) to work on /home/airflow/.local/lib/python3.12/site-packages/airflow/example_dags/example_branch_day_of_week_operator.py
[2024-08-26T15:44:43.548+0000] {processor.py:914} INFO - Processing file /home/airflow/.local/lib/python3.12/site-packages/airflow/example_dags/example_branch_day_of_week_operator.py for tasks to queue
[2024-08-26T15:44:43.551+0000] {logging_mixin.py:190} INFO - [2024-08-26T15:44:43.551+0000] {dagbag.py:587} INFO - Filling up the DagBag from /home/airflow/.local/lib/python3.12/site-packages/airflow/example_dags/example_branch_day_of_week_operator.py
[2024-08-26T15:44:43.570+0000] {processor.py:925} INFO - DAG(s) 'example_weekday_branch_operator' retrieved from /home/airflow/.local/lib/python3.12/site-packages/airflow/example_dags/example_branch_day_of_week_operator.py
[2024-08-26T15:44:43.620+0000] {logging_mixin.py:190} INFO - [2024-08-26T15:44:43.620+0000] {dag.py:3211} INFO - Sync 1 DAGs
[2024-08-26T15:44:43.671+0000] {logging_mixin.py:190} INFO - [2024-08-26T15:44:43.670+0000] {dag.py:4138} INFO - Setting next_dagrun for example_weekday_branch_operator to 2024-08-25 00:00:00+00:00, run_after=2024-08-26 00:00:00+00:00
[2024-08-26T15:44:43.709+0000] {processor.py:208} INFO - Processing /home/airflow/.local/lib/python3.12/site-packages/airflow/example_dags/example_branch_day_of_week_operator.py took 0.179 seconds
[2024-08-26T15:45:19.646+0000] {processor.py:186} INFO - Started process (PID=2834) to work on /home/airflow/.local/lib/python3.12/site-packages/airflow/example_dags/example_branch_day_of_week_operator.py
[2024-08-26T15:45:19.648+0000] {processor.py:914} INFO - Processing file /home/airflow/.local/lib/python3.12/site-packages/airflow/example_dags/example_branch_day_of_week_operator.py for tasks to queue
[2024-08-26T15:45:19.651+0000] {logging_mixin.py:190} INFO - [2024-08-26T15:45:19.650+0000] {dagbag.py:587} INFO - Filling up the DagBag from /home/airflow/.local/lib/python3.12/site-packages/airflow/example_dags/example_branch_day_of_week_operator.py
[2024-08-26T15:45:19.665+0000] {processor.py:925} INFO - DAG(s) 'example_weekday_branch_operator' retrieved from /home/airflow/.local/lib/python3.12/site-packages/airflow/example_dags/example_branch_day_of_week_operator.py
[2024-08-26T15:45:19.697+0000] {logging_mixin.py:190} INFO - [2024-08-26T15:45:19.697+0000] {dag.py:3211} INFO - Sync 1 DAGs
[2024-08-26T15:45:19.730+0000] {logging_mixin.py:190} INFO - [2024-08-26T15:45:19.730+0000] {dag.py:4138} INFO - Setting next_dagrun for example_weekday_branch_operator to 2024-08-25 00:00:00+00:00, run_after=2024-08-26 00:00:00+00:00
[2024-08-26T15:45:19.764+0000] {processor.py:208} INFO - Processing /home/airflow/.local/lib/python3.12/site-packages/airflow/example_dags/example_branch_day_of_week_operator.py took 0.130 seconds
[2024-08-26T15:46:06.616+0000] {processor.py:186} INFO - Started process (PID=2906) to work on /home/airflow/.local/lib/python3.12/site-packages/airflow/example_dags/example_branch_day_of_week_operator.py
[2024-08-26T15:46:06.621+0000] {processor.py:914} INFO - Processing file /home/airflow/.local/lib/python3.12/site-packages/airflow/example_dags/example_branch_day_of_week_operator.py for tasks to queue
[2024-08-26T15:46:06.628+0000] {logging_mixin.py:190} INFO - [2024-08-26T15:46:06.626+0000] {dagbag.py:587} INFO - Filling up the DagBag from /home/airflow/.local/lib/python3.12/site-packages/airflow/example_dags/example_branch_day_of_week_operator.py
[2024-08-26T15:46:06.671+0000] {processor.py:925} INFO - DAG(s) 'example_weekday_branch_operator' retrieved from /home/airflow/.local/lib/python3.12/site-packages/airflow/example_dags/example_branch_day_of_week_operator.py
[2024-08-26T15:46:06.793+0000] {logging_mixin.py:190} INFO - [2024-08-26T15:46:06.791+0000] {dag.py:3211} INFO - Sync 1 DAGs
[2024-08-26T15:46:06.903+0000] {logging_mixin.py:190} INFO - [2024-08-26T15:46:06.902+0000] {dag.py:4138} INFO - Setting next_dagrun for example_weekday_branch_operator to 2024-08-25 00:00:00+00:00, run_after=2024-08-26 00:00:00+00:00
[2024-08-26T15:46:06.983+0000] {processor.py:208} INFO - Processing /home/airflow/.local/lib/python3.12/site-packages/airflow/example_dags/example_branch_day_of_week_operator.py took 0.399 seconds
[2024-08-26T15:48:17.699+0000] {processor.py:186} INFO - Started process (PID=2994) to work on /home/airflow/.local/lib/python3.12/site-packages/airflow/example_dags/example_branch_day_of_week_operator.py
[2024-08-26T15:48:17.704+0000] {processor.py:914} INFO - Processing file /home/airflow/.local/lib/python3.12/site-packages/airflow/example_dags/example_branch_day_of_week_operator.py for tasks to queue
[2024-08-26T15:48:17.709+0000] {logging_mixin.py:190} INFO - [2024-08-26T15:48:17.708+0000] {dagbag.py:587} INFO - Filling up the DagBag from /home/airflow/.local/lib/python3.12/site-packages/airflow/example_dags/example_branch_day_of_week_operator.py
[2024-08-26T15:48:17.741+0000] {processor.py:925} INFO - DAG(s) 'example_weekday_branch_operator' retrieved from /home/airflow/.local/lib/python3.12/site-packages/airflow/example_dags/example_branch_day_of_week_operator.py
[2024-08-26T15:48:17.843+0000] {logging_mixin.py:190} INFO - [2024-08-26T15:48:17.842+0000] {dag.py:3211} INFO - Sync 1 DAGs
[2024-08-26T15:48:17.957+0000] {logging_mixin.py:190} INFO - [2024-08-26T15:48:17.956+0000] {dag.py:4138} INFO - Setting next_dagrun for example_weekday_branch_operator to 2024-08-25 00:00:00+00:00, run_after=2024-08-26 00:00:00+00:00
[2024-08-26T15:48:18.025+0000] {processor.py:208} INFO - Processing /home/airflow/.local/lib/python3.12/site-packages/airflow/example_dags/example_branch_day_of_week_operator.py took 0.350 seconds
[2024-08-26T15:51:15.259+0000] {processor.py:186} INFO - Started process (PID=3093) to work on /home/airflow/.local/lib/python3.12/site-packages/airflow/example_dags/example_branch_day_of_week_operator.py
[2024-08-26T15:51:15.267+0000] {processor.py:914} INFO - Processing file /home/airflow/.local/lib/python3.12/site-packages/airflow/example_dags/example_branch_day_of_week_operator.py for tasks to queue
[2024-08-26T15:51:15.294+0000] {logging_mixin.py:190} INFO - [2024-08-26T15:51:15.292+0000] {dagbag.py:587} INFO - Filling up the DagBag from /home/airflow/.local/lib/python3.12/site-packages/airflow/example_dags/example_branch_day_of_week_operator.py
[2024-08-26T15:51:15.384+0000] {processor.py:925} INFO - DAG(s) 'example_weekday_branch_operator' retrieved from /home/airflow/.local/lib/python3.12/site-packages/airflow/example_dags/example_branch_day_of_week_operator.py
[2024-08-26T15:51:15.587+0000] {logging_mixin.py:190} INFO - [2024-08-26T15:51:15.586+0000] {dag.py:3211} INFO - Sync 1 DAGs
[2024-08-26T15:51:15.794+0000] {logging_mixin.py:190} INFO - [2024-08-26T15:51:15.794+0000] {dag.py:4138} INFO - Setting next_dagrun for example_weekday_branch_operator to 2024-08-25 00:00:00+00:00, run_after=2024-08-26 00:00:00+00:00
[2024-08-26T15:51:15.920+0000] {processor.py:208} INFO - Processing /home/airflow/.local/lib/python3.12/site-packages/airflow/example_dags/example_branch_day_of_week_operator.py took 0.729 seconds
[2024-08-26T15:51:54.446+0000] {processor.py:186} INFO - Started process (PID=3159) to work on /home/airflow/.local/lib/python3.12/site-packages/airflow/example_dags/example_branch_day_of_week_operator.py
[2024-08-26T15:51:54.449+0000] {processor.py:914} INFO - Processing file /home/airflow/.local/lib/python3.12/site-packages/airflow/example_dags/example_branch_day_of_week_operator.py for tasks to queue
[2024-08-26T15:51:54.452+0000] {logging_mixin.py:190} INFO - [2024-08-26T15:51:54.451+0000] {dagbag.py:587} INFO - Filling up the DagBag from /home/airflow/.local/lib/python3.12/site-packages/airflow/example_dags/example_branch_day_of_week_operator.py
[2024-08-26T15:51:54.478+0000] {processor.py:925} INFO - DAG(s) 'example_weekday_branch_operator' retrieved from /home/airflow/.local/lib/python3.12/site-packages/airflow/example_dags/example_branch_day_of_week_operator.py
[2024-08-26T15:51:54.537+0000] {logging_mixin.py:190} INFO - [2024-08-26T15:51:54.536+0000] {dag.py:3211} INFO - Sync 1 DAGs
[2024-08-26T15:51:54.610+0000] {logging_mixin.py:190} INFO - [2024-08-26T15:51:54.610+0000] {dag.py:4138} INFO - Setting next_dagrun for example_weekday_branch_operator to 2024-08-25 00:00:00+00:00, run_after=2024-08-26 00:00:00+00:00
[2024-08-26T15:51:54.651+0000] {processor.py:208} INFO - Processing /home/airflow/.local/lib/python3.12/site-packages/airflow/example_dags/example_branch_day_of_week_operator.py took 0.220 seconds
[2024-08-26T15:52:36.609+0000] {processor.py:186} INFO - Started process (PID=3226) to work on /home/airflow/.local/lib/python3.12/site-packages/airflow/example_dags/example_branch_day_of_week_operator.py
[2024-08-26T15:52:36.616+0000] {processor.py:914} INFO - Processing file /home/airflow/.local/lib/python3.12/site-packages/airflow/example_dags/example_branch_day_of_week_operator.py for tasks to queue
[2024-08-26T15:52:36.623+0000] {logging_mixin.py:190} INFO - [2024-08-26T15:52:36.621+0000] {dagbag.py:587} INFO - Filling up the DagBag from /home/airflow/.local/lib/python3.12/site-packages/airflow/example_dags/example_branch_day_of_week_operator.py
[2024-08-26T15:52:36.675+0000] {processor.py:925} INFO - DAG(s) 'example_weekday_branch_operator' retrieved from /home/airflow/.local/lib/python3.12/site-packages/airflow/example_dags/example_branch_day_of_week_operator.py
[2024-08-26T15:52:36.763+0000] {logging_mixin.py:190} INFO - [2024-08-26T15:52:36.762+0000] {dag.py:3211} INFO - Sync 1 DAGs
[2024-08-26T15:52:36.870+0000] {logging_mixin.py:190} INFO - [2024-08-26T15:52:36.869+0000] {dag.py:4138} INFO - Setting next_dagrun for example_weekday_branch_operator to 2024-08-25 00:00:00+00:00, run_after=2024-08-26 00:00:00+00:00
[2024-08-26T15:52:36.921+0000] {processor.py:208} INFO - Processing /home/airflow/.local/lib/python3.12/site-packages/airflow/example_dags/example_branch_day_of_week_operator.py took 0.337 seconds
