[2024-08-26T10:34:42.843+0000] {processor.py:186} INFO - Started process (PID=72) to work on /home/airflow/.local/lib/python3.12/site-packages/airflow/example_dags/example_dag_decorator.py
[2024-08-26T10:34:42.844+0000] {processor.py:914} INFO - Processing file /home/airflow/.local/lib/python3.12/site-packages/airflow/example_dags/example_dag_decorator.py for tasks to queue
[2024-08-26T10:34:42.847+0000] {logging_mixin.py:190} INFO - [2024-08-26T10:34:42.847+0000] {dagbag.py:587} INFO - Filling up the DagBag from /home/airflow/.local/lib/python3.12/site-packages/airflow/example_dags/example_dag_decorator.py
[2024-08-26T10:34:42.865+0000] {processor.py:925} INFO - DAG(s) 'example_dag_decorator' retrieved from /home/airflow/.local/lib/python3.12/site-packages/airflow/example_dags/example_dag_decorator.py
[2024-08-26T10:34:43.015+0000] {logging_mixin.py:190} INFO - [2024-08-26T10:34:43.015+0000] {dag.py:3211} INFO - Sync 1 DAGs
[2024-08-26T10:34:43.041+0000] {logging_mixin.py:190} INFO - [2024-08-26T10:34:43.041+0000] {dag.py:4138} INFO - Setting next_dagrun for example_dag_decorator to None, run_after=None
[2024-08-26T10:34:43.065+0000] {processor.py:208} INFO - Processing /home/airflow/.local/lib/python3.12/site-packages/airflow/example_dags/example_dag_decorator.py took 0.230 seconds
[2024-08-26T10:35:25.933+0000] {processor.py:186} INFO - Started process (PID=144) to work on /home/airflow/.local/lib/python3.12/site-packages/airflow/example_dags/example_dag_decorator.py
[2024-08-26T10:35:25.935+0000] {processor.py:914} INFO - Processing file /home/airflow/.local/lib/python3.12/site-packages/airflow/example_dags/example_dag_decorator.py for tasks to queue
[2024-08-26T10:35:25.940+0000] {logging_mixin.py:190} INFO - [2024-08-26T10:35:25.939+0000] {dagbag.py:587} INFO - Filling up the DagBag from /home/airflow/.local/lib/python3.12/site-packages/airflow/example_dags/example_dag_decorator.py
[2024-08-26T10:35:25.960+0000] {processor.py:925} INFO - DAG(s) 'example_dag_decorator' retrieved from /home/airflow/.local/lib/python3.12/site-packages/airflow/example_dags/example_dag_decorator.py
[2024-08-26T10:35:26.114+0000] {logging_mixin.py:190} INFO - [2024-08-26T10:35:26.114+0000] {dag.py:3211} INFO - Sync 1 DAGs
[2024-08-26T10:35:26.134+0000] {logging_mixin.py:190} INFO - [2024-08-26T10:35:26.133+0000] {dag.py:4138} INFO - Setting next_dagrun for example_dag_decorator to None, run_after=None
[2024-08-26T10:35:26.163+0000] {processor.py:208} INFO - Processing /home/airflow/.local/lib/python3.12/site-packages/airflow/example_dags/example_dag_decorator.py took 0.238 seconds
[2024-08-26T10:38:02.089+0000] {processor.py:186} INFO - Started process (PID=72) to work on /home/airflow/.local/lib/python3.12/site-packages/airflow/example_dags/example_dag_decorator.py
[2024-08-26T10:38:02.091+0000] {processor.py:914} INFO - Processing file /home/airflow/.local/lib/python3.12/site-packages/airflow/example_dags/example_dag_decorator.py for tasks to queue
[2024-08-26T10:38:02.094+0000] {logging_mixin.py:190} INFO - [2024-08-26T10:38:02.094+0000] {dagbag.py:587} INFO - Filling up the DagBag from /home/airflow/.local/lib/python3.12/site-packages/airflow/example_dags/example_dag_decorator.py
[2024-08-26T10:38:02.111+0000] {processor.py:925} INFO - DAG(s) 'example_dag_decorator' retrieved from /home/airflow/.local/lib/python3.12/site-packages/airflow/example_dags/example_dag_decorator.py
[2024-08-26T10:38:02.269+0000] {logging_mixin.py:190} INFO - [2024-08-26T10:38:02.269+0000] {dag.py:3211} INFO - Sync 1 DAGs
[2024-08-26T10:38:02.299+0000] {logging_mixin.py:190} INFO - [2024-08-26T10:38:02.299+0000] {dag.py:4138} INFO - Setting next_dagrun for example_dag_decorator to None, run_after=None
[2024-08-26T10:38:02.328+0000] {processor.py:208} INFO - Processing /home/airflow/.local/lib/python3.12/site-packages/airflow/example_dags/example_dag_decorator.py took 0.246 seconds
[2024-08-26T10:38:42.104+0000] {processor.py:186} INFO - Started process (PID=138) to work on /home/airflow/.local/lib/python3.12/site-packages/airflow/example_dags/example_dag_decorator.py
[2024-08-26T10:38:42.106+0000] {processor.py:914} INFO - Processing file /home/airflow/.local/lib/python3.12/site-packages/airflow/example_dags/example_dag_decorator.py for tasks to queue
[2024-08-26T10:38:42.109+0000] {logging_mixin.py:190} INFO - [2024-08-26T10:38:42.109+0000] {dagbag.py:587} INFO - Filling up the DagBag from /home/airflow/.local/lib/python3.12/site-packages/airflow/example_dags/example_dag_decorator.py
[2024-08-26T10:38:42.125+0000] {processor.py:925} INFO - DAG(s) 'example_dag_decorator' retrieved from /home/airflow/.local/lib/python3.12/site-packages/airflow/example_dags/example_dag_decorator.py
[2024-08-26T10:38:42.292+0000] {logging_mixin.py:190} INFO - [2024-08-26T10:38:42.291+0000] {dag.py:3211} INFO - Sync 1 DAGs
[2024-08-26T10:38:42.314+0000] {logging_mixin.py:190} INFO - [2024-08-26T10:38:42.313+0000] {dag.py:4138} INFO - Setting next_dagrun for example_dag_decorator to None, run_after=None
[2024-08-26T10:38:42.346+0000] {processor.py:208} INFO - Processing /home/airflow/.local/lib/python3.12/site-packages/airflow/example_dags/example_dag_decorator.py took 0.250 seconds
[2024-08-26T10:39:19.846+0000] {processor.py:186} INFO - Started process (PID=204) to work on /home/airflow/.local/lib/python3.12/site-packages/airflow/example_dags/example_dag_decorator.py
[2024-08-26T10:39:19.848+0000] {processor.py:914} INFO - Processing file /home/airflow/.local/lib/python3.12/site-packages/airflow/example_dags/example_dag_decorator.py for tasks to queue
[2024-08-26T10:39:19.852+0000] {logging_mixin.py:190} INFO - [2024-08-26T10:39:19.851+0000] {dagbag.py:587} INFO - Filling up the DagBag from /home/airflow/.local/lib/python3.12/site-packages/airflow/example_dags/example_dag_decorator.py
[2024-08-26T10:39:19.871+0000] {processor.py:925} INFO - DAG(s) 'example_dag_decorator' retrieved from /home/airflow/.local/lib/python3.12/site-packages/airflow/example_dags/example_dag_decorator.py
[2024-08-26T10:39:20.089+0000] {logging_mixin.py:190} INFO - [2024-08-26T10:39:20.089+0000] {dag.py:3211} INFO - Sync 1 DAGs
[2024-08-26T10:39:20.115+0000] {logging_mixin.py:190} INFO - [2024-08-26T10:39:20.115+0000] {dag.py:4138} INFO - Setting next_dagrun for example_dag_decorator to None, run_after=None
[2024-08-26T10:39:20.150+0000] {processor.py:208} INFO - Processing /home/airflow/.local/lib/python3.12/site-packages/airflow/example_dags/example_dag_decorator.py took 0.313 seconds
[2024-08-26T10:40:00.195+0000] {processor.py:186} INFO - Started process (PID=278) to work on /home/airflow/.local/lib/python3.12/site-packages/airflow/example_dags/example_dag_decorator.py
[2024-08-26T10:40:00.197+0000] {processor.py:914} INFO - Processing file /home/airflow/.local/lib/python3.12/site-packages/airflow/example_dags/example_dag_decorator.py for tasks to queue
[2024-08-26T10:40:00.200+0000] {logging_mixin.py:190} INFO - [2024-08-26T10:40:00.200+0000] {dagbag.py:587} INFO - Filling up the DagBag from /home/airflow/.local/lib/python3.12/site-packages/airflow/example_dags/example_dag_decorator.py
[2024-08-26T10:40:00.216+0000] {processor.py:925} INFO - DAG(s) 'example_dag_decorator' retrieved from /home/airflow/.local/lib/python3.12/site-packages/airflow/example_dags/example_dag_decorator.py
[2024-08-26T10:40:00.383+0000] {logging_mixin.py:190} INFO - [2024-08-26T10:40:00.383+0000] {dag.py:3211} INFO - Sync 1 DAGs
[2024-08-26T10:40:00.406+0000] {logging_mixin.py:190} INFO - [2024-08-26T10:40:00.405+0000] {dag.py:4138} INFO - Setting next_dagrun for example_dag_decorator to None, run_after=None
[2024-08-26T10:40:00.437+0000] {processor.py:208} INFO - Processing /home/airflow/.local/lib/python3.12/site-packages/airflow/example_dags/example_dag_decorator.py took 0.250 seconds
[2024-08-26T10:40:43.815+0000] {processor.py:186} INFO - Started process (PID=346) to work on /home/airflow/.local/lib/python3.12/site-packages/airflow/example_dags/example_dag_decorator.py
[2024-08-26T10:40:43.817+0000] {processor.py:914} INFO - Processing file /home/airflow/.local/lib/python3.12/site-packages/airflow/example_dags/example_dag_decorator.py for tasks to queue
[2024-08-26T10:40:43.820+0000] {logging_mixin.py:190} INFO - [2024-08-26T10:40:43.820+0000] {dagbag.py:587} INFO - Filling up the DagBag from /home/airflow/.local/lib/python3.12/site-packages/airflow/example_dags/example_dag_decorator.py
[2024-08-26T10:40:43.838+0000] {processor.py:925} INFO - DAG(s) 'example_dag_decorator' retrieved from /home/airflow/.local/lib/python3.12/site-packages/airflow/example_dags/example_dag_decorator.py
[2024-08-26T10:40:44.006+0000] {logging_mixin.py:190} INFO - [2024-08-26T10:40:44.006+0000] {dag.py:3211} INFO - Sync 1 DAGs
[2024-08-26T10:40:44.033+0000] {logging_mixin.py:190} INFO - [2024-08-26T10:40:44.032+0000] {dag.py:4138} INFO - Setting next_dagrun for example_dag_decorator to None, run_after=None
[2024-08-26T10:40:44.131+0000] {processor.py:208} INFO - Processing /home/airflow/.local/lib/python3.12/site-packages/airflow/example_dags/example_dag_decorator.py took 0.325 seconds
[2024-08-26T10:41:21.121+0000] {processor.py:186} INFO - Started process (PID=411) to work on /home/airflow/.local/lib/python3.12/site-packages/airflow/example_dags/example_dag_decorator.py
[2024-08-26T10:41:21.122+0000] {processor.py:914} INFO - Processing file /home/airflow/.local/lib/python3.12/site-packages/airflow/example_dags/example_dag_decorator.py for tasks to queue
[2024-08-26T10:41:21.126+0000] {logging_mixin.py:190} INFO - [2024-08-26T10:41:21.125+0000] {dagbag.py:587} INFO - Filling up the DagBag from /home/airflow/.local/lib/python3.12/site-packages/airflow/example_dags/example_dag_decorator.py
[2024-08-26T10:41:21.141+0000] {processor.py:925} INFO - DAG(s) 'example_dag_decorator' retrieved from /home/airflow/.local/lib/python3.12/site-packages/airflow/example_dags/example_dag_decorator.py
[2024-08-26T10:41:21.312+0000] {logging_mixin.py:190} INFO - [2024-08-26T10:41:21.312+0000] {dag.py:3211} INFO - Sync 1 DAGs
[2024-08-26T10:41:21.328+0000] {logging_mixin.py:190} INFO - [2024-08-26T10:41:21.327+0000] {dag.py:4138} INFO - Setting next_dagrun for example_dag_decorator to None, run_after=None
[2024-08-26T10:41:21.352+0000] {processor.py:208} INFO - Processing /home/airflow/.local/lib/python3.12/site-packages/airflow/example_dags/example_dag_decorator.py took 0.240 seconds
[2024-08-26T10:42:05.407+0000] {processor.py:186} INFO - Started process (PID=483) to work on /home/airflow/.local/lib/python3.12/site-packages/airflow/example_dags/example_dag_decorator.py
[2024-08-26T10:42:05.409+0000] {processor.py:914} INFO - Processing file /home/airflow/.local/lib/python3.12/site-packages/airflow/example_dags/example_dag_decorator.py for tasks to queue
[2024-08-26T10:42:05.413+0000] {logging_mixin.py:190} INFO - [2024-08-26T10:42:05.413+0000] {dagbag.py:587} INFO - Filling up the DagBag from /home/airflow/.local/lib/python3.12/site-packages/airflow/example_dags/example_dag_decorator.py
[2024-08-26T10:42:05.431+0000] {processor.py:925} INFO - DAG(s) 'example_dag_decorator' retrieved from /home/airflow/.local/lib/python3.12/site-packages/airflow/example_dags/example_dag_decorator.py
[2024-08-26T10:42:05.615+0000] {logging_mixin.py:190} INFO - [2024-08-26T10:42:05.614+0000] {dag.py:3211} INFO - Sync 1 DAGs
[2024-08-26T10:42:05.635+0000] {logging_mixin.py:190} INFO - [2024-08-26T10:42:05.635+0000] {dag.py:4138} INFO - Setting next_dagrun for example_dag_decorator to None, run_after=None
[2024-08-26T10:42:05.666+0000] {processor.py:208} INFO - Processing /home/airflow/.local/lib/python3.12/site-packages/airflow/example_dags/example_dag_decorator.py took 0.267 seconds
[2024-08-26T10:42:52.409+0000] {processor.py:186} INFO - Started process (PID=549) to work on /home/airflow/.local/lib/python3.12/site-packages/airflow/example_dags/example_dag_decorator.py
[2024-08-26T10:42:52.415+0000] {processor.py:914} INFO - Processing file /home/airflow/.local/lib/python3.12/site-packages/airflow/example_dags/example_dag_decorator.py for tasks to queue
[2024-08-26T10:42:52.417+0000] {logging_mixin.py:190} INFO - [2024-08-26T10:42:52.417+0000] {dagbag.py:587} INFO - Filling up the DagBag from /home/airflow/.local/lib/python3.12/site-packages/airflow/example_dags/example_dag_decorator.py
[2024-08-26T10:42:52.445+0000] {processor.py:925} INFO - DAG(s) 'example_dag_decorator' retrieved from /home/airflow/.local/lib/python3.12/site-packages/airflow/example_dags/example_dag_decorator.py
[2024-08-26T10:42:52.688+0000] {logging_mixin.py:190} INFO - [2024-08-26T10:42:52.688+0000] {dag.py:3211} INFO - Sync 1 DAGs
[2024-08-26T10:42:52.706+0000] {logging_mixin.py:190} INFO - [2024-08-26T10:42:52.706+0000] {dag.py:4138} INFO - Setting next_dagrun for example_dag_decorator to None, run_after=None
[2024-08-26T10:42:52.736+0000] {processor.py:208} INFO - Processing /home/airflow/.local/lib/python3.12/site-packages/airflow/example_dags/example_dag_decorator.py took 0.337 seconds
[2024-08-26T10:43:35.415+0000] {processor.py:186} INFO - Started process (PID=629) to work on /home/airflow/.local/lib/python3.12/site-packages/airflow/example_dags/example_dag_decorator.py
[2024-08-26T10:43:35.417+0000] {processor.py:914} INFO - Processing file /home/airflow/.local/lib/python3.12/site-packages/airflow/example_dags/example_dag_decorator.py for tasks to queue
[2024-08-26T10:43:35.419+0000] {logging_mixin.py:190} INFO - [2024-08-26T10:43:35.419+0000] {dagbag.py:587} INFO - Filling up the DagBag from /home/airflow/.local/lib/python3.12/site-packages/airflow/example_dags/example_dag_decorator.py
[2024-08-26T10:43:35.438+0000] {processor.py:925} INFO - DAG(s) 'example_dag_decorator' retrieved from /home/airflow/.local/lib/python3.12/site-packages/airflow/example_dags/example_dag_decorator.py
[2024-08-26T10:43:35.472+0000] {logging_mixin.py:190} INFO - [2024-08-26T10:43:35.471+0000] {dag.py:3211} INFO - Sync 1 DAGs
[2024-08-26T10:43:35.493+0000] {logging_mixin.py:190} INFO - [2024-08-26T10:43:35.493+0000] {dag.py:4138} INFO - Setting next_dagrun for example_dag_decorator to None, run_after=None
[2024-08-26T10:43:35.517+0000] {processor.py:208} INFO - Processing /home/airflow/.local/lib/python3.12/site-packages/airflow/example_dags/example_dag_decorator.py took 0.111 seconds
[2024-08-26T10:44:12.747+0000] {processor.py:186} INFO - Started process (PID=695) to work on /home/airflow/.local/lib/python3.12/site-packages/airflow/example_dags/example_dag_decorator.py
[2024-08-26T10:44:12.749+0000] {processor.py:914} INFO - Processing file /home/airflow/.local/lib/python3.12/site-packages/airflow/example_dags/example_dag_decorator.py for tasks to queue
[2024-08-26T10:44:12.751+0000] {logging_mixin.py:190} INFO - [2024-08-26T10:44:12.751+0000] {dagbag.py:587} INFO - Filling up the DagBag from /home/airflow/.local/lib/python3.12/site-packages/airflow/example_dags/example_dag_decorator.py
[2024-08-26T10:44:12.777+0000] {processor.py:925} INFO - DAG(s) 'example_dag_decorator' retrieved from /home/airflow/.local/lib/python3.12/site-packages/airflow/example_dags/example_dag_decorator.py
[2024-08-26T10:44:12.824+0000] {logging_mixin.py:190} INFO - [2024-08-26T10:44:12.824+0000] {dag.py:3211} INFO - Sync 1 DAGs
[2024-08-26T10:44:12.857+0000] {logging_mixin.py:190} INFO - [2024-08-26T10:44:12.857+0000] {dag.py:4138} INFO - Setting next_dagrun for example_dag_decorator to None, run_after=None
[2024-08-26T10:44:12.888+0000] {processor.py:208} INFO - Processing /home/airflow/.local/lib/python3.12/site-packages/airflow/example_dags/example_dag_decorator.py took 0.154 seconds
[2024-08-26T10:44:52.082+0000] {processor.py:186} INFO - Started process (PID=762) to work on /home/airflow/.local/lib/python3.12/site-packages/airflow/example_dags/example_dag_decorator.py
[2024-08-26T10:44:52.084+0000] {processor.py:914} INFO - Processing file /home/airflow/.local/lib/python3.12/site-packages/airflow/example_dags/example_dag_decorator.py for tasks to queue
[2024-08-26T10:44:52.086+0000] {logging_mixin.py:190} INFO - [2024-08-26T10:44:52.085+0000] {dagbag.py:587} INFO - Filling up the DagBag from /home/airflow/.local/lib/python3.12/site-packages/airflow/example_dags/example_dag_decorator.py
[2024-08-26T10:44:52.102+0000] {processor.py:925} INFO - DAG(s) 'example_dag_decorator' retrieved from /home/airflow/.local/lib/python3.12/site-packages/airflow/example_dags/example_dag_decorator.py
[2024-08-26T10:44:52.137+0000] {logging_mixin.py:190} INFO - [2024-08-26T10:44:52.137+0000] {dag.py:3211} INFO - Sync 1 DAGs
[2024-08-26T10:44:52.158+0000] {logging_mixin.py:190} INFO - [2024-08-26T10:44:52.158+0000] {dag.py:4138} INFO - Setting next_dagrun for example_dag_decorator to None, run_after=None
[2024-08-26T10:44:52.182+0000] {processor.py:208} INFO - Processing /home/airflow/.local/lib/python3.12/site-packages/airflow/example_dags/example_dag_decorator.py took 0.108 seconds
[2024-08-26T10:45:33.020+0000] {processor.py:186} INFO - Started process (PID=837) to work on /home/airflow/.local/lib/python3.12/site-packages/airflow/example_dags/example_dag_decorator.py
[2024-08-26T10:45:33.022+0000] {processor.py:914} INFO - Processing file /home/airflow/.local/lib/python3.12/site-packages/airflow/example_dags/example_dag_decorator.py for tasks to queue
[2024-08-26T10:45:33.026+0000] {logging_mixin.py:190} INFO - [2024-08-26T10:45:33.025+0000] {dagbag.py:587} INFO - Filling up the DagBag from /home/airflow/.local/lib/python3.12/site-packages/airflow/example_dags/example_dag_decorator.py
[2024-08-26T10:45:33.048+0000] {processor.py:925} INFO - DAG(s) 'example_dag_decorator' retrieved from /home/airflow/.local/lib/python3.12/site-packages/airflow/example_dags/example_dag_decorator.py
[2024-08-26T10:45:33.230+0000] {logging_mixin.py:190} INFO - [2024-08-26T10:45:33.229+0000] {dag.py:3211} INFO - Sync 1 DAGs
[2024-08-26T10:45:33.249+0000] {logging_mixin.py:190} INFO - [2024-08-26T10:45:33.249+0000] {dag.py:4138} INFO - Setting next_dagrun for example_dag_decorator to None, run_after=None
[2024-08-26T10:45:33.280+0000] {processor.py:208} INFO - Processing /home/airflow/.local/lib/python3.12/site-packages/airflow/example_dags/example_dag_decorator.py took 0.270 seconds
[2024-08-26T10:46:11.600+0000] {processor.py:186} INFO - Started process (PID=909) to work on /home/airflow/.local/lib/python3.12/site-packages/airflow/example_dags/example_dag_decorator.py
[2024-08-26T10:46:11.603+0000] {processor.py:914} INFO - Processing file /home/airflow/.local/lib/python3.12/site-packages/airflow/example_dags/example_dag_decorator.py for tasks to queue
[2024-08-26T10:46:11.605+0000] {logging_mixin.py:190} INFO - [2024-08-26T10:46:11.605+0000] {dagbag.py:587} INFO - Filling up the DagBag from /home/airflow/.local/lib/python3.12/site-packages/airflow/example_dags/example_dag_decorator.py
[2024-08-26T10:46:11.626+0000] {processor.py:925} INFO - DAG(s) 'example_dag_decorator' retrieved from /home/airflow/.local/lib/python3.12/site-packages/airflow/example_dags/example_dag_decorator.py
[2024-08-26T10:46:11.840+0000] {logging_mixin.py:190} INFO - [2024-08-26T10:46:11.840+0000] {dag.py:3211} INFO - Sync 1 DAGs
[2024-08-26T10:46:11.858+0000] {logging_mixin.py:190} INFO - [2024-08-26T10:46:11.858+0000] {dag.py:4138} INFO - Setting next_dagrun for example_dag_decorator to None, run_after=None
[2024-08-26T10:46:11.885+0000] {processor.py:208} INFO - Processing /home/airflow/.local/lib/python3.12/site-packages/airflow/example_dags/example_dag_decorator.py took 0.294 seconds
[2024-08-26T10:46:50.231+0000] {processor.py:186} INFO - Started process (PID=975) to work on /home/airflow/.local/lib/python3.12/site-packages/airflow/example_dags/example_dag_decorator.py
[2024-08-26T10:46:50.233+0000] {processor.py:914} INFO - Processing file /home/airflow/.local/lib/python3.12/site-packages/airflow/example_dags/example_dag_decorator.py for tasks to queue
[2024-08-26T10:46:50.234+0000] {logging_mixin.py:190} INFO - [2024-08-26T10:46:50.234+0000] {dagbag.py:587} INFO - Filling up the DagBag from /home/airflow/.local/lib/python3.12/site-packages/airflow/example_dags/example_dag_decorator.py
[2024-08-26T10:46:50.250+0000] {processor.py:925} INFO - DAG(s) 'example_dag_decorator' retrieved from /home/airflow/.local/lib/python3.12/site-packages/airflow/example_dags/example_dag_decorator.py
[2024-08-26T10:46:50.436+0000] {logging_mixin.py:190} INFO - [2024-08-26T10:46:50.435+0000] {dag.py:3211} INFO - Sync 1 DAGs
[2024-08-26T10:46:50.452+0000] {logging_mixin.py:190} INFO - [2024-08-26T10:46:50.452+0000] {dag.py:4138} INFO - Setting next_dagrun for example_dag_decorator to None, run_after=None
[2024-08-26T10:46:50.478+0000] {processor.py:208} INFO - Processing /home/airflow/.local/lib/python3.12/site-packages/airflow/example_dags/example_dag_decorator.py took 0.254 seconds
[2024-08-26T10:47:41.459+0000] {processor.py:186} INFO - Started process (PID=1058) to work on /home/airflow/.local/lib/python3.12/site-packages/airflow/example_dags/example_dag_decorator.py
[2024-08-26T10:47:41.463+0000] {processor.py:914} INFO - Processing file /home/airflow/.local/lib/python3.12/site-packages/airflow/example_dags/example_dag_decorator.py for tasks to queue
[2024-08-26T10:47:41.467+0000] {logging_mixin.py:190} INFO - [2024-08-26T10:47:41.466+0000] {dagbag.py:587} INFO - Filling up the DagBag from /home/airflow/.local/lib/python3.12/site-packages/airflow/example_dags/example_dag_decorator.py
[2024-08-26T10:47:41.491+0000] {processor.py:925} INFO - DAG(s) 'example_dag_decorator' retrieved from /home/airflow/.local/lib/python3.12/site-packages/airflow/example_dags/example_dag_decorator.py
[2024-08-26T10:47:41.768+0000] {logging_mixin.py:190} INFO - [2024-08-26T10:47:41.767+0000] {dag.py:3211} INFO - Sync 1 DAGs
[2024-08-26T10:47:41.795+0000] {logging_mixin.py:190} INFO - [2024-08-26T10:47:41.795+0000] {dag.py:4138} INFO - Setting next_dagrun for example_dag_decorator to None, run_after=None
[2024-08-26T10:47:41.835+0000] {processor.py:208} INFO - Processing /home/airflow/.local/lib/python3.12/site-packages/airflow/example_dags/example_dag_decorator.py took 0.390 seconds
[2024-08-26T10:48:21.203+0000] {processor.py:186} INFO - Started process (PID=1124) to work on /home/airflow/.local/lib/python3.12/site-packages/airflow/example_dags/example_dag_decorator.py
[2024-08-26T10:48:21.205+0000] {processor.py:914} INFO - Processing file /home/airflow/.local/lib/python3.12/site-packages/airflow/example_dags/example_dag_decorator.py for tasks to queue
[2024-08-26T10:48:21.207+0000] {logging_mixin.py:190} INFO - [2024-08-26T10:48:21.207+0000] {dagbag.py:587} INFO - Filling up the DagBag from /home/airflow/.local/lib/python3.12/site-packages/airflow/example_dags/example_dag_decorator.py
[2024-08-26T10:48:21.235+0000] {processor.py:925} INFO - DAG(s) 'example_dag_decorator' retrieved from /home/airflow/.local/lib/python3.12/site-packages/airflow/example_dags/example_dag_decorator.py
[2024-08-26T10:48:21.433+0000] {logging_mixin.py:190} INFO - [2024-08-26T10:48:21.433+0000] {dag.py:3211} INFO - Sync 1 DAGs
[2024-08-26T10:48:21.451+0000] {logging_mixin.py:190} INFO - [2024-08-26T10:48:21.451+0000] {dag.py:4138} INFO - Setting next_dagrun for example_dag_decorator to None, run_after=None
[2024-08-26T10:48:21.476+0000] {processor.py:208} INFO - Processing /home/airflow/.local/lib/python3.12/site-packages/airflow/example_dags/example_dag_decorator.py took 0.285 seconds
[2024-08-26T10:49:07.528+0000] {processor.py:186} INFO - Started process (PID=1205) to work on /home/airflow/.local/lib/python3.12/site-packages/airflow/example_dags/example_dag_decorator.py
[2024-08-26T10:49:07.534+0000] {processor.py:914} INFO - Processing file /home/airflow/.local/lib/python3.12/site-packages/airflow/example_dags/example_dag_decorator.py for tasks to queue
[2024-08-26T10:49:07.542+0000] {logging_mixin.py:190} INFO - [2024-08-26T10:49:07.541+0000] {dagbag.py:587} INFO - Filling up the DagBag from /home/airflow/.local/lib/python3.12/site-packages/airflow/example_dags/example_dag_decorator.py
[2024-08-26T10:49:07.621+0000] {processor.py:925} INFO - DAG(s) 'example_dag_decorator' retrieved from /home/airflow/.local/lib/python3.12/site-packages/airflow/example_dags/example_dag_decorator.py
[2024-08-26T10:49:08.377+0000] {logging_mixin.py:190} INFO - [2024-08-26T10:49:08.376+0000] {dag.py:3211} INFO - Sync 1 DAGs
[2024-08-26T10:49:08.438+0000] {logging_mixin.py:190} INFO - [2024-08-26T10:49:08.437+0000] {dag.py:4138} INFO - Setting next_dagrun for example_dag_decorator to None, run_after=None
[2024-08-26T10:49:08.502+0000] {processor.py:208} INFO - Processing /home/airflow/.local/lib/python3.12/site-packages/airflow/example_dags/example_dag_decorator.py took 1.010 seconds
[2024-08-26T10:49:44.202+0000] {processor.py:186} INFO - Started process (PID=1271) to work on /home/airflow/.local/lib/python3.12/site-packages/airflow/example_dags/example_dag_decorator.py
[2024-08-26T10:49:44.204+0000] {processor.py:914} INFO - Processing file /home/airflow/.local/lib/python3.12/site-packages/airflow/example_dags/example_dag_decorator.py for tasks to queue
[2024-08-26T10:49:44.206+0000] {logging_mixin.py:190} INFO - [2024-08-26T10:49:44.206+0000] {dagbag.py:587} INFO - Filling up the DagBag from /home/airflow/.local/lib/python3.12/site-packages/airflow/example_dags/example_dag_decorator.py
[2024-08-26T10:49:44.224+0000] {processor.py:925} INFO - DAG(s) 'example_dag_decorator' retrieved from /home/airflow/.local/lib/python3.12/site-packages/airflow/example_dags/example_dag_decorator.py
[2024-08-26T10:49:44.400+0000] {logging_mixin.py:190} INFO - [2024-08-26T10:49:44.400+0000] {dag.py:3211} INFO - Sync 1 DAGs
[2024-08-26T10:49:44.418+0000] {logging_mixin.py:190} INFO - [2024-08-26T10:49:44.417+0000] {dag.py:4138} INFO - Setting next_dagrun for example_dag_decorator to None, run_after=None
[2024-08-26T10:49:44.442+0000] {processor.py:208} INFO - Processing /home/airflow/.local/lib/python3.12/site-packages/airflow/example_dags/example_dag_decorator.py took 0.249 seconds
[2024-08-26T15:09:25.060+0000] {processor.py:186} INFO - Started process (PID=66) to work on /home/airflow/.local/lib/python3.12/site-packages/airflow/example_dags/example_dag_decorator.py
[2024-08-26T15:09:25.062+0000] {processor.py:914} INFO - Processing file /home/airflow/.local/lib/python3.12/site-packages/airflow/example_dags/example_dag_decorator.py for tasks to queue
[2024-08-26T15:09:25.066+0000] {logging_mixin.py:190} INFO - [2024-08-26T15:09:25.065+0000] {dagbag.py:587} INFO - Filling up the DagBag from /home/airflow/.local/lib/python3.12/site-packages/airflow/example_dags/example_dag_decorator.py
[2024-08-26T15:09:25.083+0000] {processor.py:925} INFO - DAG(s) 'example_dag_decorator' retrieved from /home/airflow/.local/lib/python3.12/site-packages/airflow/example_dags/example_dag_decorator.py
[2024-08-26T15:09:25.243+0000] {logging_mixin.py:190} INFO - [2024-08-26T15:09:25.242+0000] {dag.py:3211} INFO - Sync 1 DAGs
[2024-08-26T15:09:25.262+0000] {logging_mixin.py:190} INFO - [2024-08-26T15:09:25.262+0000] {dag.py:4138} INFO - Setting next_dagrun for example_dag_decorator to None, run_after=None
[2024-08-26T15:09:25.288+0000] {processor.py:208} INFO - Processing /home/airflow/.local/lib/python3.12/site-packages/airflow/example_dags/example_dag_decorator.py took 0.236 seconds
[2024-08-26T15:10:08.636+0000] {processor.py:186} INFO - Started process (PID=138) to work on /home/airflow/.local/lib/python3.12/site-packages/airflow/example_dags/example_dag_decorator.py
[2024-08-26T15:10:08.637+0000] {processor.py:914} INFO - Processing file /home/airflow/.local/lib/python3.12/site-packages/airflow/example_dags/example_dag_decorator.py for tasks to queue
[2024-08-26T15:10:08.641+0000] {logging_mixin.py:190} INFO - [2024-08-26T15:10:08.640+0000] {dagbag.py:587} INFO - Filling up the DagBag from /home/airflow/.local/lib/python3.12/site-packages/airflow/example_dags/example_dag_decorator.py
[2024-08-26T15:10:08.658+0000] {processor.py:925} INFO - DAG(s) 'example_dag_decorator' retrieved from /home/airflow/.local/lib/python3.12/site-packages/airflow/example_dags/example_dag_decorator.py
[2024-08-26T15:10:08.835+0000] {logging_mixin.py:190} INFO - [2024-08-26T15:10:08.835+0000] {dag.py:3211} INFO - Sync 1 DAGs
[2024-08-26T15:10:08.859+0000] {logging_mixin.py:190} INFO - [2024-08-26T15:10:08.859+0000] {dag.py:4138} INFO - Setting next_dagrun for example_dag_decorator to None, run_after=None
[2024-08-26T15:10:08.886+0000] {processor.py:208} INFO - Processing /home/airflow/.local/lib/python3.12/site-packages/airflow/example_dags/example_dag_decorator.py took 0.258 seconds
[2024-08-26T15:10:46.791+0000] {processor.py:186} INFO - Started process (PID=205) to work on /home/airflow/.local/lib/python3.12/site-packages/airflow/example_dags/example_dag_decorator.py
[2024-08-26T15:10:46.793+0000] {processor.py:914} INFO - Processing file /home/airflow/.local/lib/python3.12/site-packages/airflow/example_dags/example_dag_decorator.py for tasks to queue
[2024-08-26T15:10:46.796+0000] {logging_mixin.py:190} INFO - [2024-08-26T15:10:46.796+0000] {dagbag.py:587} INFO - Filling up the DagBag from /home/airflow/.local/lib/python3.12/site-packages/airflow/example_dags/example_dag_decorator.py
[2024-08-26T15:10:46.815+0000] {processor.py:925} INFO - DAG(s) 'example_dag_decorator' retrieved from /home/airflow/.local/lib/python3.12/site-packages/airflow/example_dags/example_dag_decorator.py
[2024-08-26T15:10:46.858+0000] {logging_mixin.py:190} INFO - [2024-08-26T15:10:46.858+0000] {dag.py:3211} INFO - Sync 1 DAGs
[2024-08-26T15:10:46.879+0000] {logging_mixin.py:190} INFO - [2024-08-26T15:10:46.879+0000] {dag.py:4138} INFO - Setting next_dagrun for example_dag_decorator to None, run_after=None
[2024-08-26T15:10:46.902+0000] {processor.py:208} INFO - Processing /home/airflow/.local/lib/python3.12/site-packages/airflow/example_dags/example_dag_decorator.py took 0.119 seconds
[2024-08-26T15:11:24.134+0000] {processor.py:186} INFO - Started process (PID=271) to work on /home/airflow/.local/lib/python3.12/site-packages/airflow/example_dags/example_dag_decorator.py
[2024-08-26T15:11:24.135+0000] {processor.py:914} INFO - Processing file /home/airflow/.local/lib/python3.12/site-packages/airflow/example_dags/example_dag_decorator.py for tasks to queue
[2024-08-26T15:11:24.138+0000] {logging_mixin.py:190} INFO - [2024-08-26T15:11:24.138+0000] {dagbag.py:587} INFO - Filling up the DagBag from /home/airflow/.local/lib/python3.12/site-packages/airflow/example_dags/example_dag_decorator.py
[2024-08-26T15:11:24.154+0000] {processor.py:925} INFO - DAG(s) 'example_dag_decorator' retrieved from /home/airflow/.local/lib/python3.12/site-packages/airflow/example_dags/example_dag_decorator.py
[2024-08-26T15:11:24.294+0000] {logging_mixin.py:190} INFO - [2024-08-26T15:11:24.294+0000] {dag.py:3211} INFO - Sync 1 DAGs
[2024-08-26T15:11:24.311+0000] {logging_mixin.py:190} INFO - [2024-08-26T15:11:24.311+0000] {dag.py:4138} INFO - Setting next_dagrun for example_dag_decorator to None, run_after=None
[2024-08-26T15:11:24.339+0000] {processor.py:208} INFO - Processing /home/airflow/.local/lib/python3.12/site-packages/airflow/example_dags/example_dag_decorator.py took 0.213 seconds
[2024-08-26T15:12:02.678+0000] {processor.py:186} INFO - Started process (PID=343) to work on /home/airflow/.local/lib/python3.12/site-packages/airflow/example_dags/example_dag_decorator.py
[2024-08-26T15:12:02.680+0000] {processor.py:914} INFO - Processing file /home/airflow/.local/lib/python3.12/site-packages/airflow/example_dags/example_dag_decorator.py for tasks to queue
[2024-08-26T15:12:02.683+0000] {logging_mixin.py:190} INFO - [2024-08-26T15:12:02.683+0000] {dagbag.py:587} INFO - Filling up the DagBag from /home/airflow/.local/lib/python3.12/site-packages/airflow/example_dags/example_dag_decorator.py
[2024-08-26T15:12:02.700+0000] {processor.py:925} INFO - DAG(s) 'example_dag_decorator' retrieved from /home/airflow/.local/lib/python3.12/site-packages/airflow/example_dags/example_dag_decorator.py
[2024-08-26T15:12:02.733+0000] {logging_mixin.py:190} INFO - [2024-08-26T15:12:02.733+0000] {dag.py:3211} INFO - Sync 1 DAGs
[2024-08-26T15:12:02.754+0000] {logging_mixin.py:190} INFO - [2024-08-26T15:12:02.753+0000] {dag.py:4138} INFO - Setting next_dagrun for example_dag_decorator to None, run_after=None
[2024-08-26T15:12:02.778+0000] {processor.py:208} INFO - Processing /home/airflow/.local/lib/python3.12/site-packages/airflow/example_dags/example_dag_decorator.py took 0.108 seconds
[2024-08-26T15:12:42.512+0000] {processor.py:186} INFO - Started process (PID=410) to work on /home/airflow/.local/lib/python3.12/site-packages/airflow/example_dags/example_dag_decorator.py
[2024-08-26T15:12:42.513+0000] {processor.py:914} INFO - Processing file /home/airflow/.local/lib/python3.12/site-packages/airflow/example_dags/example_dag_decorator.py for tasks to queue
[2024-08-26T15:12:42.517+0000] {logging_mixin.py:190} INFO - [2024-08-26T15:12:42.516+0000] {dagbag.py:587} INFO - Filling up the DagBag from /home/airflow/.local/lib/python3.12/site-packages/airflow/example_dags/example_dag_decorator.py
[2024-08-26T15:12:42.533+0000] {processor.py:925} INFO - DAG(s) 'example_dag_decorator' retrieved from /home/airflow/.local/lib/python3.12/site-packages/airflow/example_dags/example_dag_decorator.py
[2024-08-26T15:12:42.692+0000] {logging_mixin.py:190} INFO - [2024-08-26T15:12:42.692+0000] {dag.py:3211} INFO - Sync 1 DAGs
[2024-08-26T15:12:42.711+0000] {logging_mixin.py:190} INFO - [2024-08-26T15:12:42.710+0000] {dag.py:4138} INFO - Setting next_dagrun for example_dag_decorator to None, run_after=None
[2024-08-26T15:12:42.736+0000] {processor.py:208} INFO - Processing /home/airflow/.local/lib/python3.12/site-packages/airflow/example_dags/example_dag_decorator.py took 0.232 seconds
[2024-08-26T15:13:32.611+0000] {processor.py:186} INFO - Started process (PID=493) to work on /home/airflow/.local/lib/python3.12/site-packages/airflow/example_dags/example_dag_decorator.py
[2024-08-26T15:13:32.613+0000] {processor.py:914} INFO - Processing file /home/airflow/.local/lib/python3.12/site-packages/airflow/example_dags/example_dag_decorator.py for tasks to queue
[2024-08-26T15:13:32.617+0000] {logging_mixin.py:190} INFO - [2024-08-26T15:13:32.617+0000] {dagbag.py:587} INFO - Filling up the DagBag from /home/airflow/.local/lib/python3.12/site-packages/airflow/example_dags/example_dag_decorator.py
[2024-08-26T15:13:32.636+0000] {processor.py:925} INFO - DAG(s) 'example_dag_decorator' retrieved from /home/airflow/.local/lib/python3.12/site-packages/airflow/example_dags/example_dag_decorator.py
[2024-08-26T15:13:32.814+0000] {logging_mixin.py:190} INFO - [2024-08-26T15:13:32.814+0000] {dag.py:3211} INFO - Sync 1 DAGs
[2024-08-26T15:13:32.834+0000] {logging_mixin.py:190} INFO - [2024-08-26T15:13:32.834+0000] {dag.py:4138} INFO - Setting next_dagrun for example_dag_decorator to None, run_after=None
[2024-08-26T15:13:32.863+0000] {processor.py:208} INFO - Processing /home/airflow/.local/lib/python3.12/site-packages/airflow/example_dags/example_dag_decorator.py took 0.262 seconds
[2024-08-26T15:14:28.561+0000] {processor.py:186} INFO - Started process (PID=559) to work on /home/airflow/.local/lib/python3.12/site-packages/airflow/example_dags/example_dag_decorator.py
[2024-08-26T15:14:28.563+0000] {processor.py:914} INFO - Processing file /home/airflow/.local/lib/python3.12/site-packages/airflow/example_dags/example_dag_decorator.py for tasks to queue
[2024-08-26T15:14:28.567+0000] {logging_mixin.py:190} INFO - [2024-08-26T15:14:28.567+0000] {dagbag.py:587} INFO - Filling up the DagBag from /home/airflow/.local/lib/python3.12/site-packages/airflow/example_dags/example_dag_decorator.py
[2024-08-26T15:14:28.587+0000] {processor.py:925} INFO - DAG(s) 'example_dag_decorator' retrieved from /home/airflow/.local/lib/python3.12/site-packages/airflow/example_dags/example_dag_decorator.py
[2024-08-26T15:14:28.808+0000] {logging_mixin.py:190} INFO - [2024-08-26T15:14:28.808+0000] {dag.py:3211} INFO - Sync 1 DAGs
[2024-08-26T15:14:28.827+0000] {logging_mixin.py:190} INFO - [2024-08-26T15:14:28.826+0000] {dag.py:4138} INFO - Setting next_dagrun for example_dag_decorator to None, run_after=None
[2024-08-26T15:14:28.853+0000] {processor.py:208} INFO - Processing /home/airflow/.local/lib/python3.12/site-packages/airflow/example_dags/example_dag_decorator.py took 0.301 seconds
[2024-08-26T15:15:06.921+0000] {processor.py:186} INFO - Started process (PID=632) to work on /home/airflow/.local/lib/python3.12/site-packages/airflow/example_dags/example_dag_decorator.py
[2024-08-26T15:15:06.922+0000] {processor.py:914} INFO - Processing file /home/airflow/.local/lib/python3.12/site-packages/airflow/example_dags/example_dag_decorator.py for tasks to queue
[2024-08-26T15:15:06.924+0000] {logging_mixin.py:190} INFO - [2024-08-26T15:15:06.924+0000] {dagbag.py:587} INFO - Filling up the DagBag from /home/airflow/.local/lib/python3.12/site-packages/airflow/example_dags/example_dag_decorator.py
[2024-08-26T15:15:06.939+0000] {processor.py:925} INFO - DAG(s) 'example_dag_decorator' retrieved from /home/airflow/.local/lib/python3.12/site-packages/airflow/example_dags/example_dag_decorator.py
[2024-08-26T15:15:07.083+0000] {logging_mixin.py:190} INFO - [2024-08-26T15:15:07.083+0000] {dag.py:3211} INFO - Sync 1 DAGs
[2024-08-26T15:15:07.106+0000] {logging_mixin.py:190} INFO - [2024-08-26T15:15:07.106+0000] {dag.py:4138} INFO - Setting next_dagrun for example_dag_decorator to None, run_after=None
[2024-08-26T15:15:07.128+0000] {processor.py:208} INFO - Processing /home/airflow/.local/lib/python3.12/site-packages/airflow/example_dags/example_dag_decorator.py took 0.215 seconds
[2024-08-26T15:15:52.673+0000] {processor.py:186} INFO - Started process (PID=698) to work on /home/airflow/.local/lib/python3.12/site-packages/airflow/example_dags/example_dag_decorator.py
[2024-08-26T15:15:52.675+0000] {processor.py:914} INFO - Processing file /home/airflow/.local/lib/python3.12/site-packages/airflow/example_dags/example_dag_decorator.py for tasks to queue
[2024-08-26T15:15:52.678+0000] {logging_mixin.py:190} INFO - [2024-08-26T15:15:52.677+0000] {dagbag.py:587} INFO - Filling up the DagBag from /home/airflow/.local/lib/python3.12/site-packages/airflow/example_dags/example_dag_decorator.py
[2024-08-26T15:15:52.702+0000] {processor.py:925} INFO - DAG(s) 'example_dag_decorator' retrieved from /home/airflow/.local/lib/python3.12/site-packages/airflow/example_dags/example_dag_decorator.py
[2024-08-26T15:15:52.930+0000] {logging_mixin.py:190} INFO - [2024-08-26T15:15:52.929+0000] {dag.py:3211} INFO - Sync 1 DAGs
[2024-08-26T15:15:52.954+0000] {logging_mixin.py:190} INFO - [2024-08-26T15:15:52.954+0000] {dag.py:4138} INFO - Setting next_dagrun for example_dag_decorator to None, run_after=None
[2024-08-26T15:15:52.990+0000] {processor.py:208} INFO - Processing /home/airflow/.local/lib/python3.12/site-packages/airflow/example_dags/example_dag_decorator.py took 0.330 seconds
[2024-08-26T15:16:29.659+0000] {processor.py:186} INFO - Started process (PID=769) to work on /home/airflow/.local/lib/python3.12/site-packages/airflow/example_dags/example_dag_decorator.py
[2024-08-26T15:16:29.660+0000] {processor.py:914} INFO - Processing file /home/airflow/.local/lib/python3.12/site-packages/airflow/example_dags/example_dag_decorator.py for tasks to queue
[2024-08-26T15:16:29.662+0000] {logging_mixin.py:190} INFO - [2024-08-26T15:16:29.662+0000] {dagbag.py:587} INFO - Filling up the DagBag from /home/airflow/.local/lib/python3.12/site-packages/airflow/example_dags/example_dag_decorator.py
[2024-08-26T15:16:29.680+0000] {processor.py:925} INFO - DAG(s) 'example_dag_decorator' retrieved from /home/airflow/.local/lib/python3.12/site-packages/airflow/example_dags/example_dag_decorator.py
[2024-08-26T15:16:29.720+0000] {logging_mixin.py:190} INFO - [2024-08-26T15:16:29.720+0000] {dag.py:3211} INFO - Sync 1 DAGs
[2024-08-26T15:16:29.744+0000] {logging_mixin.py:190} INFO - [2024-08-26T15:16:29.744+0000] {dag.py:4138} INFO - Setting next_dagrun for example_dag_decorator to None, run_after=None
[2024-08-26T15:16:29.784+0000] {processor.py:208} INFO - Processing /home/airflow/.local/lib/python3.12/site-packages/airflow/example_dags/example_dag_decorator.py took 0.133 seconds
[2024-08-26T15:17:07.354+0000] {processor.py:186} INFO - Started process (PID=836) to work on /home/airflow/.local/lib/python3.12/site-packages/airflow/example_dags/example_dag_decorator.py
[2024-08-26T15:17:07.355+0000] {processor.py:914} INFO - Processing file /home/airflow/.local/lib/python3.12/site-packages/airflow/example_dags/example_dag_decorator.py for tasks to queue
[2024-08-26T15:17:07.357+0000] {logging_mixin.py:190} INFO - [2024-08-26T15:17:07.357+0000] {dagbag.py:587} INFO - Filling up the DagBag from /home/airflow/.local/lib/python3.12/site-packages/airflow/example_dags/example_dag_decorator.py
[2024-08-26T15:17:07.373+0000] {processor.py:925} INFO - DAG(s) 'example_dag_decorator' retrieved from /home/airflow/.local/lib/python3.12/site-packages/airflow/example_dags/example_dag_decorator.py
[2024-08-26T15:17:07.513+0000] {logging_mixin.py:190} INFO - [2024-08-26T15:17:07.513+0000] {dag.py:3211} INFO - Sync 1 DAGs
[2024-08-26T15:17:07.529+0000] {logging_mixin.py:190} INFO - [2024-08-26T15:17:07.529+0000] {dag.py:4138} INFO - Setting next_dagrun for example_dag_decorator to None, run_after=None
[2024-08-26T15:17:07.554+0000] {processor.py:208} INFO - Processing /home/airflow/.local/lib/python3.12/site-packages/airflow/example_dags/example_dag_decorator.py took 0.208 seconds
[2024-08-26T15:17:43.999+0000] {processor.py:186} INFO - Started process (PID=902) to work on /home/airflow/.local/lib/python3.12/site-packages/airflow/example_dags/example_dag_decorator.py
[2024-08-26T15:17:44.001+0000] {processor.py:914} INFO - Processing file /home/airflow/.local/lib/python3.12/site-packages/airflow/example_dags/example_dag_decorator.py for tasks to queue
[2024-08-26T15:17:44.004+0000] {logging_mixin.py:190} INFO - [2024-08-26T15:17:44.003+0000] {dagbag.py:587} INFO - Filling up the DagBag from /home/airflow/.local/lib/python3.12/site-packages/airflow/example_dags/example_dag_decorator.py
[2024-08-26T15:17:44.020+0000] {processor.py:925} INFO - DAG(s) 'example_dag_decorator' retrieved from /home/airflow/.local/lib/python3.12/site-packages/airflow/example_dags/example_dag_decorator.py
[2024-08-26T15:17:44.169+0000] {logging_mixin.py:190} INFO - [2024-08-26T15:17:44.168+0000] {dag.py:3211} INFO - Sync 1 DAGs
[2024-08-26T15:17:44.185+0000] {logging_mixin.py:190} INFO - [2024-08-26T15:17:44.185+0000] {dag.py:4138} INFO - Setting next_dagrun for example_dag_decorator to None, run_after=None
[2024-08-26T15:17:44.208+0000] {processor.py:208} INFO - Processing /home/airflow/.local/lib/python3.12/site-packages/airflow/example_dags/example_dag_decorator.py took 0.219 seconds
[2024-08-26T15:18:20.994+0000] {processor.py:186} INFO - Started process (PID=968) to work on /home/airflow/.local/lib/python3.12/site-packages/airflow/example_dags/example_dag_decorator.py
[2024-08-26T15:18:20.996+0000] {processor.py:914} INFO - Processing file /home/airflow/.local/lib/python3.12/site-packages/airflow/example_dags/example_dag_decorator.py for tasks to queue
[2024-08-26T15:18:20.997+0000] {logging_mixin.py:190} INFO - [2024-08-26T15:18:20.997+0000] {dagbag.py:587} INFO - Filling up the DagBag from /home/airflow/.local/lib/python3.12/site-packages/airflow/example_dags/example_dag_decorator.py
[2024-08-26T15:18:21.013+0000] {processor.py:925} INFO - DAG(s) 'example_dag_decorator' retrieved from /home/airflow/.local/lib/python3.12/site-packages/airflow/example_dags/example_dag_decorator.py
[2024-08-26T15:18:21.147+0000] {logging_mixin.py:190} INFO - [2024-08-26T15:18:21.146+0000] {dag.py:3211} INFO - Sync 1 DAGs
[2024-08-26T15:18:21.161+0000] {logging_mixin.py:190} INFO - [2024-08-26T15:18:21.161+0000] {dag.py:4138} INFO - Setting next_dagrun for example_dag_decorator to None, run_after=None
[2024-08-26T15:18:21.184+0000] {processor.py:208} INFO - Processing /home/airflow/.local/lib/python3.12/site-packages/airflow/example_dags/example_dag_decorator.py took 0.197 seconds
[2024-08-26T15:19:03.794+0000] {processor.py:186} INFO - Started process (PID=1040) to work on /home/airflow/.local/lib/python3.12/site-packages/airflow/example_dags/example_dag_decorator.py
[2024-08-26T15:19:03.796+0000] {processor.py:914} INFO - Processing file /home/airflow/.local/lib/python3.12/site-packages/airflow/example_dags/example_dag_decorator.py for tasks to queue
[2024-08-26T15:19:03.798+0000] {logging_mixin.py:190} INFO - [2024-08-26T15:19:03.797+0000] {dagbag.py:587} INFO - Filling up the DagBag from /home/airflow/.local/lib/python3.12/site-packages/airflow/example_dags/example_dag_decorator.py
[2024-08-26T15:19:03.816+0000] {processor.py:925} INFO - DAG(s) 'example_dag_decorator' retrieved from /home/airflow/.local/lib/python3.12/site-packages/airflow/example_dags/example_dag_decorator.py
[2024-08-26T15:19:03.962+0000] {logging_mixin.py:190} INFO - [2024-08-26T15:19:03.962+0000] {dag.py:3211} INFO - Sync 1 DAGs
[2024-08-26T15:19:03.976+0000] {logging_mixin.py:190} INFO - [2024-08-26T15:19:03.976+0000] {dag.py:4138} INFO - Setting next_dagrun for example_dag_decorator to None, run_after=None
[2024-08-26T15:19:03.997+0000] {processor.py:208} INFO - Processing /home/airflow/.local/lib/python3.12/site-packages/airflow/example_dags/example_dag_decorator.py took 0.211 seconds
[2024-08-26T15:19:40.576+0000] {processor.py:186} INFO - Started process (PID=1106) to work on /home/airflow/.local/lib/python3.12/site-packages/airflow/example_dags/example_dag_decorator.py
[2024-08-26T15:19:40.577+0000] {processor.py:914} INFO - Processing file /home/airflow/.local/lib/python3.12/site-packages/airflow/example_dags/example_dag_decorator.py for tasks to queue
[2024-08-26T15:19:40.579+0000] {logging_mixin.py:190} INFO - [2024-08-26T15:19:40.579+0000] {dagbag.py:587} INFO - Filling up the DagBag from /home/airflow/.local/lib/python3.12/site-packages/airflow/example_dags/example_dag_decorator.py
[2024-08-26T15:19:40.596+0000] {processor.py:925} INFO - DAG(s) 'example_dag_decorator' retrieved from /home/airflow/.local/lib/python3.12/site-packages/airflow/example_dags/example_dag_decorator.py
[2024-08-26T15:19:40.728+0000] {logging_mixin.py:190} INFO - [2024-08-26T15:19:40.728+0000] {dag.py:3211} INFO - Sync 1 DAGs
[2024-08-26T15:19:40.744+0000] {logging_mixin.py:190} INFO - [2024-08-26T15:19:40.743+0000] {dag.py:4138} INFO - Setting next_dagrun for example_dag_decorator to None, run_after=None
[2024-08-26T15:19:40.767+0000] {processor.py:208} INFO - Processing /home/airflow/.local/lib/python3.12/site-packages/airflow/example_dags/example_dag_decorator.py took 0.199 seconds
[2024-08-26T15:20:18.940+0000] {processor.py:186} INFO - Started process (PID=1173) to work on /home/airflow/.local/lib/python3.12/site-packages/airflow/example_dags/example_dag_decorator.py
[2024-08-26T15:20:18.942+0000] {processor.py:914} INFO - Processing file /home/airflow/.local/lib/python3.12/site-packages/airflow/example_dags/example_dag_decorator.py for tasks to queue
[2024-08-26T15:20:18.943+0000] {logging_mixin.py:190} INFO - [2024-08-26T15:20:18.943+0000] {dagbag.py:587} INFO - Filling up the DagBag from /home/airflow/.local/lib/python3.12/site-packages/airflow/example_dags/example_dag_decorator.py
[2024-08-26T15:20:18.959+0000] {processor.py:925} INFO - DAG(s) 'example_dag_decorator' retrieved from /home/airflow/.local/lib/python3.12/site-packages/airflow/example_dags/example_dag_decorator.py
[2024-08-26T15:20:18.992+0000] {logging_mixin.py:190} INFO - [2024-08-26T15:20:18.992+0000] {dag.py:3211} INFO - Sync 1 DAGs
[2024-08-26T15:20:19.011+0000] {logging_mixin.py:190} INFO - [2024-08-26T15:20:19.011+0000] {dag.py:4138} INFO - Setting next_dagrun for example_dag_decorator to None, run_after=None
[2024-08-26T15:20:19.035+0000] {processor.py:208} INFO - Processing /home/airflow/.local/lib/python3.12/site-packages/airflow/example_dags/example_dag_decorator.py took 0.103 seconds
[2024-08-26T15:20:57.369+0000] {processor.py:186} INFO - Started process (PID=1239) to work on /home/airflow/.local/lib/python3.12/site-packages/airflow/example_dags/example_dag_decorator.py
[2024-08-26T15:20:57.370+0000] {processor.py:914} INFO - Processing file /home/airflow/.local/lib/python3.12/site-packages/airflow/example_dags/example_dag_decorator.py for tasks to queue
[2024-08-26T15:20:57.372+0000] {logging_mixin.py:190} INFO - [2024-08-26T15:20:57.371+0000] {dagbag.py:587} INFO - Filling up the DagBag from /home/airflow/.local/lib/python3.12/site-packages/airflow/example_dags/example_dag_decorator.py
[2024-08-26T15:20:57.387+0000] {processor.py:925} INFO - DAG(s) 'example_dag_decorator' retrieved from /home/airflow/.local/lib/python3.12/site-packages/airflow/example_dags/example_dag_decorator.py
[2024-08-26T15:20:57.422+0000] {logging_mixin.py:190} INFO - [2024-08-26T15:20:57.422+0000] {dag.py:3211} INFO - Sync 1 DAGs
[2024-08-26T15:20:57.444+0000] {logging_mixin.py:190} INFO - [2024-08-26T15:20:57.443+0000] {dag.py:4138} INFO - Setting next_dagrun for example_dag_decorator to None, run_after=None
[2024-08-26T15:20:57.477+0000] {processor.py:208} INFO - Processing /home/airflow/.local/lib/python3.12/site-packages/airflow/example_dags/example_dag_decorator.py took 0.116 seconds
[2024-08-26T15:21:36.270+0000] {processor.py:186} INFO - Started process (PID=1312) to work on /home/airflow/.local/lib/python3.12/site-packages/airflow/example_dags/example_dag_decorator.py
[2024-08-26T15:21:36.275+0000] {processor.py:914} INFO - Processing file /home/airflow/.local/lib/python3.12/site-packages/airflow/example_dags/example_dag_decorator.py for tasks to queue
[2024-08-26T15:21:36.279+0000] {logging_mixin.py:190} INFO - [2024-08-26T15:21:36.278+0000] {dagbag.py:587} INFO - Filling up the DagBag from /home/airflow/.local/lib/python3.12/site-packages/airflow/example_dags/example_dag_decorator.py
[2024-08-26T15:21:36.306+0000] {processor.py:925} INFO - DAG(s) 'example_dag_decorator' retrieved from /home/airflow/.local/lib/python3.12/site-packages/airflow/example_dags/example_dag_decorator.py
[2024-08-26T15:21:36.366+0000] {logging_mixin.py:190} INFO - [2024-08-26T15:21:36.365+0000] {dag.py:3211} INFO - Sync 1 DAGs
[2024-08-26T15:21:36.394+0000] {logging_mixin.py:190} INFO - [2024-08-26T15:21:36.393+0000] {dag.py:4138} INFO - Setting next_dagrun for example_dag_decorator to None, run_after=None
[2024-08-26T15:21:36.420+0000] {processor.py:208} INFO - Processing /home/airflow/.local/lib/python3.12/site-packages/airflow/example_dags/example_dag_decorator.py took 0.162 seconds
[2024-08-26T15:22:20.548+0000] {processor.py:186} INFO - Started process (PID=1378) to work on /home/airflow/.local/lib/python3.12/site-packages/airflow/example_dags/example_dag_decorator.py
[2024-08-26T15:22:20.555+0000] {processor.py:914} INFO - Processing file /home/airflow/.local/lib/python3.12/site-packages/airflow/example_dags/example_dag_decorator.py for tasks to queue
[2024-08-26T15:22:20.562+0000] {logging_mixin.py:190} INFO - [2024-08-26T15:22:20.560+0000] {dagbag.py:587} INFO - Filling up the DagBag from /home/airflow/.local/lib/python3.12/site-packages/airflow/example_dags/example_dag_decorator.py
[2024-08-26T15:22:20.617+0000] {processor.py:925} INFO - DAG(s) 'example_dag_decorator' retrieved from /home/airflow/.local/lib/python3.12/site-packages/airflow/example_dags/example_dag_decorator.py
[2024-08-26T15:22:21.057+0000] {logging_mixin.py:190} INFO - [2024-08-26T15:22:21.056+0000] {dag.py:3211} INFO - Sync 1 DAGs
[2024-08-26T15:22:21.093+0000] {logging_mixin.py:190} INFO - [2024-08-26T15:22:21.093+0000] {dag.py:4138} INFO - Setting next_dagrun for example_dag_decorator to None, run_after=None
[2024-08-26T15:22:21.149+0000] {processor.py:208} INFO - Processing /home/airflow/.local/lib/python3.12/site-packages/airflow/example_dags/example_dag_decorator.py took 0.637 seconds
[2024-08-26T15:23:17.930+0000] {processor.py:186} INFO - Started process (PID=1450) to work on /home/airflow/.local/lib/python3.12/site-packages/airflow/example_dags/example_dag_decorator.py
[2024-08-26T15:23:17.933+0000] {processor.py:914} INFO - Processing file /home/airflow/.local/lib/python3.12/site-packages/airflow/example_dags/example_dag_decorator.py for tasks to queue
[2024-08-26T15:23:17.936+0000] {logging_mixin.py:190} INFO - [2024-08-26T15:23:17.935+0000] {dagbag.py:587} INFO - Filling up the DagBag from /home/airflow/.local/lib/python3.12/site-packages/airflow/example_dags/example_dag_decorator.py
[2024-08-26T15:23:17.964+0000] {processor.py:925} INFO - DAG(s) 'example_dag_decorator' retrieved from /home/airflow/.local/lib/python3.12/site-packages/airflow/example_dags/example_dag_decorator.py
[2024-08-26T15:23:18.196+0000] {logging_mixin.py:190} INFO - [2024-08-26T15:23:18.196+0000] {dag.py:3211} INFO - Sync 1 DAGs
[2024-08-26T15:23:18.223+0000] {logging_mixin.py:190} INFO - [2024-08-26T15:23:18.222+0000] {dag.py:4138} INFO - Setting next_dagrun for example_dag_decorator to None, run_after=None
[2024-08-26T15:23:18.262+0000] {processor.py:208} INFO - Processing /home/airflow/.local/lib/python3.12/site-packages/airflow/example_dags/example_dag_decorator.py took 0.345 seconds
[2024-08-26T15:23:53.159+0000] {processor.py:186} INFO - Started process (PID=1516) to work on /home/airflow/.local/lib/python3.12/site-packages/airflow/example_dags/example_dag_decorator.py
[2024-08-26T15:23:53.160+0000] {processor.py:914} INFO - Processing file /home/airflow/.local/lib/python3.12/site-packages/airflow/example_dags/example_dag_decorator.py for tasks to queue
[2024-08-26T15:23:53.163+0000] {logging_mixin.py:190} INFO - [2024-08-26T15:23:53.162+0000] {dagbag.py:587} INFO - Filling up the DagBag from /home/airflow/.local/lib/python3.12/site-packages/airflow/example_dags/example_dag_decorator.py
[2024-08-26T15:23:53.179+0000] {processor.py:925} INFO - DAG(s) 'example_dag_decorator' retrieved from /home/airflow/.local/lib/python3.12/site-packages/airflow/example_dags/example_dag_decorator.py
[2024-08-26T15:23:53.326+0000] {logging_mixin.py:190} INFO - [2024-08-26T15:23:53.326+0000] {dag.py:3211} INFO - Sync 1 DAGs
[2024-08-26T15:23:53.342+0000] {logging_mixin.py:190} INFO - [2024-08-26T15:23:53.342+0000] {dag.py:4138} INFO - Setting next_dagrun for example_dag_decorator to None, run_after=None
[2024-08-26T15:23:53.372+0000] {processor.py:208} INFO - Processing /home/airflow/.local/lib/python3.12/site-packages/airflow/example_dags/example_dag_decorator.py took 0.223 seconds
[2024-08-26T15:24:29.234+0000] {processor.py:186} INFO - Started process (PID=1582) to work on /home/airflow/.local/lib/python3.12/site-packages/airflow/example_dags/example_dag_decorator.py
[2024-08-26T15:24:29.235+0000] {processor.py:914} INFO - Processing file /home/airflow/.local/lib/python3.12/site-packages/airflow/example_dags/example_dag_decorator.py for tasks to queue
[2024-08-26T15:24:29.237+0000] {logging_mixin.py:190} INFO - [2024-08-26T15:24:29.236+0000] {dagbag.py:587} INFO - Filling up the DagBag from /home/airflow/.local/lib/python3.12/site-packages/airflow/example_dags/example_dag_decorator.py
[2024-08-26T15:24:29.252+0000] {processor.py:925} INFO - DAG(s) 'example_dag_decorator' retrieved from /home/airflow/.local/lib/python3.12/site-packages/airflow/example_dags/example_dag_decorator.py
[2024-08-26T15:24:29.385+0000] {logging_mixin.py:190} INFO - [2024-08-26T15:24:29.385+0000] {dag.py:3211} INFO - Sync 1 DAGs
[2024-08-26T15:24:29.567+0000] {logging_mixin.py:190} INFO - [2024-08-26T15:24:29.567+0000] {dag.py:4138} INFO - Setting next_dagrun for example_dag_decorator to None, run_after=None
[2024-08-26T15:24:29.589+0000] {processor.py:208} INFO - Processing /home/airflow/.local/lib/python3.12/site-packages/airflow/example_dags/example_dag_decorator.py took 0.363 seconds
[2024-08-26T15:25:06.191+0000] {processor.py:186} INFO - Started process (PID=1653) to work on /home/airflow/.local/lib/python3.12/site-packages/airflow/example_dags/example_dag_decorator.py
[2024-08-26T15:25:06.193+0000] {processor.py:914} INFO - Processing file /home/airflow/.local/lib/python3.12/site-packages/airflow/example_dags/example_dag_decorator.py for tasks to queue
[2024-08-26T15:25:06.195+0000] {logging_mixin.py:190} INFO - [2024-08-26T15:25:06.195+0000] {dagbag.py:587} INFO - Filling up the DagBag from /home/airflow/.local/lib/python3.12/site-packages/airflow/example_dags/example_dag_decorator.py
[2024-08-26T15:25:06.211+0000] {processor.py:925} INFO - DAG(s) 'example_dag_decorator' retrieved from /home/airflow/.local/lib/python3.12/site-packages/airflow/example_dags/example_dag_decorator.py
[2024-08-26T15:25:06.244+0000] {logging_mixin.py:190} INFO - [2024-08-26T15:25:06.244+0000] {dag.py:3211} INFO - Sync 1 DAGs
[2024-08-26T15:25:06.267+0000] {logging_mixin.py:190} INFO - [2024-08-26T15:25:06.266+0000] {dag.py:4138} INFO - Setting next_dagrun for example_dag_decorator to None, run_after=None
[2024-08-26T15:25:06.313+0000] {processor.py:208} INFO - Processing /home/airflow/.local/lib/python3.12/site-packages/airflow/example_dags/example_dag_decorator.py took 0.130 seconds
[2024-08-26T15:25:48.714+0000] {processor.py:186} INFO - Started process (PID=1719) to work on /home/airflow/.local/lib/python3.12/site-packages/airflow/example_dags/example_dag_decorator.py
[2024-08-26T15:25:48.716+0000] {processor.py:914} INFO - Processing file /home/airflow/.local/lib/python3.12/site-packages/airflow/example_dags/example_dag_decorator.py for tasks to queue
[2024-08-26T15:25:48.718+0000] {logging_mixin.py:190} INFO - [2024-08-26T15:25:48.718+0000] {dagbag.py:587} INFO - Filling up the DagBag from /home/airflow/.local/lib/python3.12/site-packages/airflow/example_dags/example_dag_decorator.py
[2024-08-26T15:25:48.738+0000] {processor.py:925} INFO - DAG(s) 'example_dag_decorator' retrieved from /home/airflow/.local/lib/python3.12/site-packages/airflow/example_dags/example_dag_decorator.py
[2024-08-26T15:25:48.958+0000] {logging_mixin.py:190} INFO - [2024-08-26T15:25:48.957+0000] {dag.py:3211} INFO - Sync 1 DAGs
[2024-08-26T15:25:48.981+0000] {logging_mixin.py:190} INFO - [2024-08-26T15:25:48.981+0000] {dag.py:4138} INFO - Setting next_dagrun for example_dag_decorator to None, run_after=None
[2024-08-26T15:25:49.255+0000] {processor.py:208} INFO - Processing /home/airflow/.local/lib/python3.12/site-packages/airflow/example_dags/example_dag_decorator.py took 0.550 seconds
[2024-08-26T15:27:09.526+0000] {processor.py:186} INFO - Started process (PID=1799) to work on /home/airflow/.local/lib/python3.12/site-packages/airflow/example_dags/example_dag_decorator.py
[2024-08-26T15:27:09.530+0000] {processor.py:914} INFO - Processing file /home/airflow/.local/lib/python3.12/site-packages/airflow/example_dags/example_dag_decorator.py for tasks to queue
[2024-08-26T15:27:09.537+0000] {logging_mixin.py:190} INFO - [2024-08-26T15:27:09.535+0000] {dagbag.py:587} INFO - Filling up the DagBag from /home/airflow/.local/lib/python3.12/site-packages/airflow/example_dags/example_dag_decorator.py
[2024-08-26T15:27:09.599+0000] {processor.py:925} INFO - DAG(s) 'example_dag_decorator' retrieved from /home/airflow/.local/lib/python3.12/site-packages/airflow/example_dags/example_dag_decorator.py
[2024-08-26T15:27:10.107+0000] {logging_mixin.py:190} INFO - [2024-08-26T15:27:10.106+0000] {dag.py:3211} INFO - Sync 1 DAGs
[2024-08-26T15:27:10.178+0000] {logging_mixin.py:190} INFO - [2024-08-26T15:27:10.177+0000] {dag.py:4138} INFO - Setting next_dagrun for example_dag_decorator to None, run_after=None
[2024-08-26T15:27:10.959+0000] {processor.py:208} INFO - Processing /home/airflow/.local/lib/python3.12/site-packages/airflow/example_dags/example_dag_decorator.py took 1.465 seconds
[2024-08-26T15:27:47.825+0000] {processor.py:186} INFO - Started process (PID=1866) to work on /home/airflow/.local/lib/python3.12/site-packages/airflow/example_dags/example_dag_decorator.py
[2024-08-26T15:27:47.828+0000] {processor.py:914} INFO - Processing file /home/airflow/.local/lib/python3.12/site-packages/airflow/example_dags/example_dag_decorator.py for tasks to queue
[2024-08-26T15:27:47.833+0000] {logging_mixin.py:190} INFO - [2024-08-26T15:27:47.832+0000] {dagbag.py:587} INFO - Filling up the DagBag from /home/airflow/.local/lib/python3.12/site-packages/airflow/example_dags/example_dag_decorator.py
[2024-08-26T15:27:47.874+0000] {processor.py:925} INFO - DAG(s) 'example_dag_decorator' retrieved from /home/airflow/.local/lib/python3.12/site-packages/airflow/example_dags/example_dag_decorator.py
[2024-08-26T15:27:48.286+0000] {logging_mixin.py:190} INFO - [2024-08-26T15:27:48.286+0000] {dag.py:3211} INFO - Sync 1 DAGs
[2024-08-26T15:27:48.333+0000] {logging_mixin.py:190} INFO - [2024-08-26T15:27:48.333+0000] {dag.py:4138} INFO - Setting next_dagrun for example_dag_decorator to None, run_after=None
[2024-08-26T15:27:48.401+0000] {processor.py:208} INFO - Processing /home/airflow/.local/lib/python3.12/site-packages/airflow/example_dags/example_dag_decorator.py took 0.594 seconds
[2024-08-26T15:28:31.259+0000] {processor.py:186} INFO - Started process (PID=1932) to work on /home/airflow/.local/lib/python3.12/site-packages/airflow/example_dags/example_dag_decorator.py
[2024-08-26T15:28:31.261+0000] {processor.py:914} INFO - Processing file /home/airflow/.local/lib/python3.12/site-packages/airflow/example_dags/example_dag_decorator.py for tasks to queue
[2024-08-26T15:28:31.265+0000] {logging_mixin.py:190} INFO - [2024-08-26T15:28:31.264+0000] {dagbag.py:587} INFO - Filling up the DagBag from /home/airflow/.local/lib/python3.12/site-packages/airflow/example_dags/example_dag_decorator.py
[2024-08-26T15:28:31.293+0000] {processor.py:925} INFO - DAG(s) 'example_dag_decorator' retrieved from /home/airflow/.local/lib/python3.12/site-packages/airflow/example_dags/example_dag_decorator.py
[2024-08-26T15:28:31.808+0000] {logging_mixin.py:190} INFO - [2024-08-26T15:28:31.808+0000] {dag.py:3211} INFO - Sync 1 DAGs
[2024-08-26T15:28:31.836+0000] {logging_mixin.py:190} INFO - [2024-08-26T15:28:31.836+0000] {dag.py:4138} INFO - Setting next_dagrun for example_dag_decorator to None, run_after=None
[2024-08-26T15:28:31.875+0000] {processor.py:208} INFO - Processing /home/airflow/.local/lib/python3.12/site-packages/airflow/example_dags/example_dag_decorator.py took 0.629 seconds
[2024-08-26T15:29:37.349+0000] {processor.py:186} INFO - Started process (PID=2011) to work on /home/airflow/.local/lib/python3.12/site-packages/airflow/example_dags/example_dag_decorator.py
[2024-08-26T15:29:37.354+0000] {processor.py:914} INFO - Processing file /home/airflow/.local/lib/python3.12/site-packages/airflow/example_dags/example_dag_decorator.py for tasks to queue
[2024-08-26T15:29:37.361+0000] {logging_mixin.py:190} INFO - [2024-08-26T15:29:37.360+0000] {dagbag.py:587} INFO - Filling up the DagBag from /home/airflow/.local/lib/python3.12/site-packages/airflow/example_dags/example_dag_decorator.py
[2024-08-26T15:29:37.414+0000] {processor.py:925} INFO - DAG(s) 'example_dag_decorator' retrieved from /home/airflow/.local/lib/python3.12/site-packages/airflow/example_dags/example_dag_decorator.py
[2024-08-26T15:29:37.847+0000] {logging_mixin.py:190} INFO - [2024-08-26T15:29:37.846+0000] {dag.py:3211} INFO - Sync 1 DAGs
[2024-08-26T15:29:37.889+0000] {logging_mixin.py:190} INFO - [2024-08-26T15:29:37.888+0000] {dag.py:4138} INFO - Setting next_dagrun for example_dag_decorator to None, run_after=None
[2024-08-26T15:29:37.972+0000] {processor.py:208} INFO - Processing /home/airflow/.local/lib/python3.12/site-packages/airflow/example_dags/example_dag_decorator.py took 0.645 seconds
[2024-08-26T15:30:49.965+0000] {processor.py:186} INFO - Started process (PID=2086) to work on /home/airflow/.local/lib/python3.12/site-packages/airflow/example_dags/example_dag_decorator.py
[2024-08-26T15:30:49.969+0000] {processor.py:914} INFO - Processing file /home/airflow/.local/lib/python3.12/site-packages/airflow/example_dags/example_dag_decorator.py for tasks to queue
[2024-08-26T15:30:49.976+0000] {logging_mixin.py:190} INFO - [2024-08-26T15:30:49.974+0000] {dagbag.py:587} INFO - Filling up the DagBag from /home/airflow/.local/lib/python3.12/site-packages/airflow/example_dags/example_dag_decorator.py
[2024-08-26T15:30:50.051+0000] {processor.py:925} INFO - DAG(s) 'example_dag_decorator' retrieved from /home/airflow/.local/lib/python3.12/site-packages/airflow/example_dags/example_dag_decorator.py
[2024-08-26T15:30:50.843+0000] {logging_mixin.py:190} INFO - [2024-08-26T15:30:50.842+0000] {dag.py:3211} INFO - Sync 1 DAGs
[2024-08-26T15:30:50.987+0000] {logging_mixin.py:190} INFO - [2024-08-26T15:30:50.986+0000] {dag.py:4138} INFO - Setting next_dagrun for example_dag_decorator to None, run_after=None
[2024-08-26T15:30:51.348+0000] {processor.py:208} INFO - Processing /home/airflow/.local/lib/python3.12/site-packages/airflow/example_dags/example_dag_decorator.py took 1.414 seconds
[2024-08-26T15:31:48.082+0000] {processor.py:186} INFO - Started process (PID=2163) to work on /home/airflow/.local/lib/python3.12/site-packages/airflow/example_dags/example_dag_decorator.py
[2024-08-26T15:31:48.086+0000] {processor.py:914} INFO - Processing file /home/airflow/.local/lib/python3.12/site-packages/airflow/example_dags/example_dag_decorator.py for tasks to queue
[2024-08-26T15:31:48.091+0000] {logging_mixin.py:190} INFO - [2024-08-26T15:31:48.090+0000] {dagbag.py:587} INFO - Filling up the DagBag from /home/airflow/.local/lib/python3.12/site-packages/airflow/example_dags/example_dag_decorator.py
[2024-08-26T15:31:48.133+0000] {processor.py:925} INFO - DAG(s) 'example_dag_decorator' retrieved from /home/airflow/.local/lib/python3.12/site-packages/airflow/example_dags/example_dag_decorator.py
[2024-08-26T15:31:48.579+0000] {logging_mixin.py:190} INFO - [2024-08-26T15:31:48.578+0000] {dag.py:3211} INFO - Sync 1 DAGs
[2024-08-26T15:31:48.629+0000] {logging_mixin.py:190} INFO - [2024-08-26T15:31:48.628+0000] {dag.py:4138} INFO - Setting next_dagrun for example_dag_decorator to None, run_after=None
[2024-08-26T15:31:48.700+0000] {processor.py:208} INFO - Processing /home/airflow/.local/lib/python3.12/site-packages/airflow/example_dags/example_dag_decorator.py took 0.638 seconds
[2024-08-26T15:32:53.587+0000] {processor.py:186} INFO - Started process (PID=2234) to work on /home/airflow/.local/lib/python3.12/site-packages/airflow/example_dags/example_dag_decorator.py
[2024-08-26T15:32:53.593+0000] {processor.py:914} INFO - Processing file /home/airflow/.local/lib/python3.12/site-packages/airflow/example_dags/example_dag_decorator.py for tasks to queue
[2024-08-26T15:32:53.604+0000] {logging_mixin.py:190} INFO - [2024-08-26T15:32:53.602+0000] {dagbag.py:587} INFO - Filling up the DagBag from /home/airflow/.local/lib/python3.12/site-packages/airflow/example_dags/example_dag_decorator.py
[2024-08-26T15:32:53.689+0000] {processor.py:925} INFO - DAG(s) 'example_dag_decorator' retrieved from /home/airflow/.local/lib/python3.12/site-packages/airflow/example_dags/example_dag_decorator.py
[2024-08-26T15:32:53.812+0000] {logging_mixin.py:190} INFO - [2024-08-26T15:32:53.811+0000] {dag.py:3211} INFO - Sync 1 DAGs
[2024-08-26T15:32:53.939+0000] {logging_mixin.py:190} INFO - [2024-08-26T15:32:53.938+0000] {dag.py:4138} INFO - Setting next_dagrun for example_dag_decorator to None, run_after=None
[2024-08-26T15:32:54.097+0000] {processor.py:208} INFO - Processing /home/airflow/.local/lib/python3.12/site-packages/airflow/example_dags/example_dag_decorator.py took 0.552 seconds
[2024-08-26T15:38:41.549+0000] {processor.py:186} INFO - Started process (PID=2363) to work on /home/airflow/.local/lib/python3.12/site-packages/airflow/example_dags/example_dag_decorator.py
[2024-08-26T15:38:41.562+0000] {processor.py:914} INFO - Processing file /home/airflow/.local/lib/python3.12/site-packages/airflow/example_dags/example_dag_decorator.py for tasks to queue
[2024-08-26T15:38:41.578+0000] {logging_mixin.py:190} INFO - [2024-08-26T15:38:41.576+0000] {dagbag.py:587} INFO - Filling up the DagBag from /home/airflow/.local/lib/python3.12/site-packages/airflow/example_dags/example_dag_decorator.py
[2024-08-26T15:38:41.788+0000] {processor.py:925} INFO - DAG(s) 'example_dag_decorator' retrieved from /home/airflow/.local/lib/python3.12/site-packages/airflow/example_dags/example_dag_decorator.py
[2024-08-26T15:38:46.688+0000] {logging_mixin.py:190} INFO - [2024-08-26T15:38:46.681+0000] {dag.py:3211} INFO - Sync 1 DAGs
[2024-08-26T15:38:46.885+0000] {logging_mixin.py:190} INFO - [2024-08-26T15:38:46.884+0000] {dag.py:4138} INFO - Setting next_dagrun for example_dag_decorator to None, run_after=None
[2024-08-26T15:38:47.900+0000] {processor.py:208} INFO - Processing /home/airflow/.local/lib/python3.12/site-packages/airflow/example_dags/example_dag_decorator.py took 6.419 seconds
[2024-08-26T15:39:30.759+0000] {processor.py:186} INFO - Started process (PID=2435) to work on /home/airflow/.local/lib/python3.12/site-packages/airflow/example_dags/example_dag_decorator.py
[2024-08-26T15:39:30.762+0000] {processor.py:914} INFO - Processing file /home/airflow/.local/lib/python3.12/site-packages/airflow/example_dags/example_dag_decorator.py for tasks to queue
[2024-08-26T15:39:30.765+0000] {logging_mixin.py:190} INFO - [2024-08-26T15:39:30.764+0000] {dagbag.py:587} INFO - Filling up the DagBag from /home/airflow/.local/lib/python3.12/site-packages/airflow/example_dags/example_dag_decorator.py
[2024-08-26T15:39:30.788+0000] {processor.py:925} INFO - DAG(s) 'example_dag_decorator' retrieved from /home/airflow/.local/lib/python3.12/site-packages/airflow/example_dags/example_dag_decorator.py
[2024-08-26T15:39:31.086+0000] {logging_mixin.py:190} INFO - [2024-08-26T15:39:31.085+0000] {dag.py:3211} INFO - Sync 1 DAGs
[2024-08-26T15:39:31.118+0000] {logging_mixin.py:190} INFO - [2024-08-26T15:39:31.117+0000] {dag.py:4138} INFO - Setting next_dagrun for example_dag_decorator to None, run_after=None
[2024-08-26T15:39:31.163+0000] {processor.py:208} INFO - Processing /home/airflow/.local/lib/python3.12/site-packages/airflow/example_dags/example_dag_decorator.py took 0.417 seconds
[2024-08-26T15:40:19.293+0000] {processor.py:186} INFO - Started process (PID=2502) to work on /home/airflow/.local/lib/python3.12/site-packages/airflow/example_dags/example_dag_decorator.py
[2024-08-26T15:40:19.296+0000] {processor.py:914} INFO - Processing file /home/airflow/.local/lib/python3.12/site-packages/airflow/example_dags/example_dag_decorator.py for tasks to queue
[2024-08-26T15:40:19.300+0000] {logging_mixin.py:190} INFO - [2024-08-26T15:40:19.299+0000] {dagbag.py:587} INFO - Filling up the DagBag from /home/airflow/.local/lib/python3.12/site-packages/airflow/example_dags/example_dag_decorator.py
[2024-08-26T15:40:19.329+0000] {processor.py:925} INFO - DAG(s) 'example_dag_decorator' retrieved from /home/airflow/.local/lib/python3.12/site-packages/airflow/example_dags/example_dag_decorator.py
[2024-08-26T15:40:19.728+0000] {logging_mixin.py:190} INFO - [2024-08-26T15:40:19.727+0000] {dag.py:3211} INFO - Sync 1 DAGs
[2024-08-26T15:40:19.765+0000] {logging_mixin.py:190} INFO - [2024-08-26T15:40:19.764+0000] {dag.py:4138} INFO - Setting next_dagrun for example_dag_decorator to None, run_after=None
[2024-08-26T15:40:19.817+0000] {processor.py:208} INFO - Processing /home/airflow/.local/lib/python3.12/site-packages/airflow/example_dags/example_dag_decorator.py took 0.539 seconds
[2024-08-26T15:41:08.016+0000] {processor.py:186} INFO - Started process (PID=2574) to work on /home/airflow/.local/lib/python3.12/site-packages/airflow/example_dags/example_dag_decorator.py
[2024-08-26T15:41:08.021+0000] {processor.py:914} INFO - Processing file /home/airflow/.local/lib/python3.12/site-packages/airflow/example_dags/example_dag_decorator.py for tasks to queue
[2024-08-26T15:41:08.025+0000] {logging_mixin.py:190} INFO - [2024-08-26T15:41:08.024+0000] {dagbag.py:587} INFO - Filling up the DagBag from /home/airflow/.local/lib/python3.12/site-packages/airflow/example_dags/example_dag_decorator.py
[2024-08-26T15:41:08.059+0000] {processor.py:925} INFO - DAG(s) 'example_dag_decorator' retrieved from /home/airflow/.local/lib/python3.12/site-packages/airflow/example_dags/example_dag_decorator.py
[2024-08-26T15:41:08.469+0000] {logging_mixin.py:190} INFO - [2024-08-26T15:41:08.468+0000] {dag.py:3211} INFO - Sync 1 DAGs
[2024-08-26T15:41:08.511+0000] {logging_mixin.py:190} INFO - [2024-08-26T15:41:08.510+0000] {dag.py:4138} INFO - Setting next_dagrun for example_dag_decorator to None, run_after=None
[2024-08-26T15:41:08.567+0000] {processor.py:208} INFO - Processing /home/airflow/.local/lib/python3.12/site-packages/airflow/example_dags/example_dag_decorator.py took 0.570 seconds
[2024-08-26T15:43:54.242+0000] {processor.py:186} INFO - Started process (PID=2668) to work on /home/airflow/.local/lib/python3.12/site-packages/airflow/example_dags/example_dag_decorator.py
[2024-08-26T15:43:54.248+0000] {processor.py:914} INFO - Processing file /home/airflow/.local/lib/python3.12/site-packages/airflow/example_dags/example_dag_decorator.py for tasks to queue
[2024-08-26T15:43:54.255+0000] {logging_mixin.py:190} INFO - [2024-08-26T15:43:54.254+0000] {dagbag.py:587} INFO - Filling up the DagBag from /home/airflow/.local/lib/python3.12/site-packages/airflow/example_dags/example_dag_decorator.py
[2024-08-26T15:43:54.308+0000] {processor.py:925} INFO - DAG(s) 'example_dag_decorator' retrieved from /home/airflow/.local/lib/python3.12/site-packages/airflow/example_dags/example_dag_decorator.py
[2024-08-26T15:43:55.017+0000] {logging_mixin.py:190} INFO - [2024-08-26T15:43:55.016+0000] {dag.py:3211} INFO - Sync 1 DAGs
[2024-08-26T15:43:55.073+0000] {logging_mixin.py:190} INFO - [2024-08-26T15:43:55.072+0000] {dag.py:4138} INFO - Setting next_dagrun for example_dag_decorator to None, run_after=None
[2024-08-26T15:43:55.148+0000] {processor.py:208} INFO - Processing /home/airflow/.local/lib/python3.12/site-packages/airflow/example_dags/example_dag_decorator.py took 0.941 seconds
[2024-08-26T15:44:38.747+0000] {processor.py:186} INFO - Started process (PID=2741) to work on /home/airflow/.local/lib/python3.12/site-packages/airflow/example_dags/example_dag_decorator.py
[2024-08-26T15:44:38.751+0000] {processor.py:914} INFO - Processing file /home/airflow/.local/lib/python3.12/site-packages/airflow/example_dags/example_dag_decorator.py for tasks to queue
[2024-08-26T15:44:38.754+0000] {logging_mixin.py:190} INFO - [2024-08-26T15:44:38.754+0000] {dagbag.py:587} INFO - Filling up the DagBag from /home/airflow/.local/lib/python3.12/site-packages/airflow/example_dags/example_dag_decorator.py
[2024-08-26T15:44:38.787+0000] {processor.py:925} INFO - DAG(s) 'example_dag_decorator' retrieved from /home/airflow/.local/lib/python3.12/site-packages/airflow/example_dags/example_dag_decorator.py
[2024-08-26T15:44:39.114+0000] {logging_mixin.py:190} INFO - [2024-08-26T15:44:39.114+0000] {dag.py:3211} INFO - Sync 1 DAGs
[2024-08-26T15:44:39.144+0000] {logging_mixin.py:190} INFO - [2024-08-26T15:44:39.144+0000] {dag.py:4138} INFO - Setting next_dagrun for example_dag_decorator to None, run_after=None
[2024-08-26T15:44:39.186+0000] {processor.py:208} INFO - Processing /home/airflow/.local/lib/python3.12/site-packages/airflow/example_dags/example_dag_decorator.py took 0.454 seconds
[2024-08-26T15:45:16.593+0000] {processor.py:186} INFO - Started process (PID=2807) to work on /home/airflow/.local/lib/python3.12/site-packages/airflow/example_dags/example_dag_decorator.py
[2024-08-26T15:45:16.595+0000] {processor.py:914} INFO - Processing file /home/airflow/.local/lib/python3.12/site-packages/airflow/example_dags/example_dag_decorator.py for tasks to queue
[2024-08-26T15:45:16.597+0000] {logging_mixin.py:190} INFO - [2024-08-26T15:45:16.596+0000] {dagbag.py:587} INFO - Filling up the DagBag from /home/airflow/.local/lib/python3.12/site-packages/airflow/example_dags/example_dag_decorator.py
[2024-08-26T15:45:16.612+0000] {processor.py:925} INFO - DAG(s) 'example_dag_decorator' retrieved from /home/airflow/.local/lib/python3.12/site-packages/airflow/example_dags/example_dag_decorator.py
[2024-08-26T15:45:16.650+0000] {logging_mixin.py:190} INFO - [2024-08-26T15:45:16.650+0000] {dag.py:3211} INFO - Sync 1 DAGs
[2024-08-26T15:45:16.673+0000] {logging_mixin.py:190} INFO - [2024-08-26T15:45:16.673+0000] {dag.py:4138} INFO - Setting next_dagrun for example_dag_decorator to None, run_after=None
[2024-08-26T15:45:16.702+0000] {processor.py:208} INFO - Processing /home/airflow/.local/lib/python3.12/site-packages/airflow/example_dags/example_dag_decorator.py took 0.118 seconds
[2024-08-26T15:45:59.266+0000] {processor.py:186} INFO - Started process (PID=2873) to work on /home/airflow/.local/lib/python3.12/site-packages/airflow/example_dags/example_dag_decorator.py
[2024-08-26T15:45:59.269+0000] {processor.py:914} INFO - Processing file /home/airflow/.local/lib/python3.12/site-packages/airflow/example_dags/example_dag_decorator.py for tasks to queue
[2024-08-26T15:45:59.272+0000] {logging_mixin.py:190} INFO - [2024-08-26T15:45:59.271+0000] {dagbag.py:587} INFO - Filling up the DagBag from /home/airflow/.local/lib/python3.12/site-packages/airflow/example_dags/example_dag_decorator.py
[2024-08-26T15:45:59.301+0000] {processor.py:925} INFO - DAG(s) 'example_dag_decorator' retrieved from /home/airflow/.local/lib/python3.12/site-packages/airflow/example_dags/example_dag_decorator.py
[2024-08-26T15:45:59.701+0000] {logging_mixin.py:190} INFO - [2024-08-26T15:45:59.700+0000] {dag.py:3211} INFO - Sync 1 DAGs
[2024-08-26T15:45:59.732+0000] {logging_mixin.py:190} INFO - [2024-08-26T15:45:59.732+0000] {dag.py:4138} INFO - Setting next_dagrun for example_dag_decorator to None, run_after=None
[2024-08-26T15:45:59.775+0000] {processor.py:208} INFO - Processing /home/airflow/.local/lib/python3.12/site-packages/airflow/example_dags/example_dag_decorator.py took 0.525 seconds
[2024-08-26T15:48:02.672+0000] {processor.py:186} INFO - Started process (PID=2961) to work on /home/airflow/.local/lib/python3.12/site-packages/airflow/example_dags/example_dag_decorator.py
[2024-08-26T15:48:02.676+0000] {processor.py:914} INFO - Processing file /home/airflow/.local/lib/python3.12/site-packages/airflow/example_dags/example_dag_decorator.py for tasks to queue
[2024-08-26T15:48:02.680+0000] {logging_mixin.py:190} INFO - [2024-08-26T15:48:02.678+0000] {dagbag.py:587} INFO - Filling up the DagBag from /home/airflow/.local/lib/python3.12/site-packages/airflow/example_dags/example_dag_decorator.py
[2024-08-26T15:48:02.708+0000] {processor.py:925} INFO - DAG(s) 'example_dag_decorator' retrieved from /home/airflow/.local/lib/python3.12/site-packages/airflow/example_dags/example_dag_decorator.py
[2024-08-26T15:48:03.137+0000] {logging_mixin.py:190} INFO - [2024-08-26T15:48:03.137+0000] {dag.py:3211} INFO - Sync 1 DAGs
[2024-08-26T15:48:03.169+0000] {logging_mixin.py:190} INFO - [2024-08-26T15:48:03.168+0000] {dag.py:4138} INFO - Setting next_dagrun for example_dag_decorator to None, run_after=None
[2024-08-26T15:48:03.218+0000] {processor.py:208} INFO - Processing /home/airflow/.local/lib/python3.12/site-packages/airflow/example_dags/example_dag_decorator.py took 0.563 seconds
[2024-08-26T15:50:51.470+0000] {processor.py:186} INFO - Started process (PID=3060) to work on /home/airflow/.local/lib/python3.12/site-packages/airflow/example_dags/example_dag_decorator.py
[2024-08-26T15:50:51.483+0000] {processor.py:914} INFO - Processing file /home/airflow/.local/lib/python3.12/site-packages/airflow/example_dags/example_dag_decorator.py for tasks to queue
[2024-08-26T15:50:51.498+0000] {logging_mixin.py:190} INFO - [2024-08-26T15:50:51.493+0000] {dagbag.py:587} INFO - Filling up the DagBag from /home/airflow/.local/lib/python3.12/site-packages/airflow/example_dags/example_dag_decorator.py
[2024-08-26T15:50:51.601+0000] {processor.py:925} INFO - DAG(s) 'example_dag_decorator' retrieved from /home/airflow/.local/lib/python3.12/site-packages/airflow/example_dags/example_dag_decorator.py
[2024-08-26T15:50:53.837+0000] {logging_mixin.py:190} INFO - [2024-08-26T15:50:53.833+0000] {dag.py:3211} INFO - Sync 1 DAGs
[2024-08-26T15:50:54.100+0000] {logging_mixin.py:190} INFO - [2024-08-26T15:50:54.098+0000] {dag.py:4138} INFO - Setting next_dagrun for example_dag_decorator to None, run_after=None
[2024-08-26T15:50:54.434+0000] {processor.py:208} INFO - Processing /home/airflow/.local/lib/python3.12/site-packages/airflow/example_dags/example_dag_decorator.py took 3.033 seconds
[2024-08-26T15:51:48.581+0000] {processor.py:186} INFO - Started process (PID=3132) to work on /home/airflow/.local/lib/python3.12/site-packages/airflow/example_dags/example_dag_decorator.py
[2024-08-26T15:51:48.584+0000] {processor.py:914} INFO - Processing file /home/airflow/.local/lib/python3.12/site-packages/airflow/example_dags/example_dag_decorator.py for tasks to queue
[2024-08-26T15:51:48.588+0000] {logging_mixin.py:190} INFO - [2024-08-26T15:51:48.587+0000] {dagbag.py:587} INFO - Filling up the DagBag from /home/airflow/.local/lib/python3.12/site-packages/airflow/example_dags/example_dag_decorator.py
[2024-08-26T15:51:48.618+0000] {processor.py:925} INFO - DAG(s) 'example_dag_decorator' retrieved from /home/airflow/.local/lib/python3.12/site-packages/airflow/example_dags/example_dag_decorator.py
[2024-08-26T15:51:49.066+0000] {logging_mixin.py:190} INFO - [2024-08-26T15:51:49.066+0000] {dag.py:3211} INFO - Sync 1 DAGs
[2024-08-26T15:51:49.101+0000] {logging_mixin.py:190} INFO - [2024-08-26T15:51:49.101+0000] {dag.py:4138} INFO - Setting next_dagrun for example_dag_decorator to None, run_after=None
[2024-08-26T15:51:49.152+0000] {processor.py:208} INFO - Processing /home/airflow/.local/lib/python3.12/site-packages/airflow/example_dags/example_dag_decorator.py took 0.588 seconds
[2024-08-26T15:52:30.564+0000] {processor.py:186} INFO - Started process (PID=3199) to work on /home/airflow/.local/lib/python3.12/site-packages/airflow/example_dags/example_dag_decorator.py
[2024-08-26T15:52:30.566+0000] {processor.py:914} INFO - Processing file /home/airflow/.local/lib/python3.12/site-packages/airflow/example_dags/example_dag_decorator.py for tasks to queue
[2024-08-26T15:52:30.569+0000] {logging_mixin.py:190} INFO - [2024-08-26T15:52:30.569+0000] {dagbag.py:587} INFO - Filling up the DagBag from /home/airflow/.local/lib/python3.12/site-packages/airflow/example_dags/example_dag_decorator.py
[2024-08-26T15:52:30.594+0000] {processor.py:925} INFO - DAG(s) 'example_dag_decorator' retrieved from /home/airflow/.local/lib/python3.12/site-packages/airflow/example_dags/example_dag_decorator.py
[2024-08-26T15:52:30.649+0000] {logging_mixin.py:190} INFO - [2024-08-26T15:52:30.649+0000] {dag.py:3211} INFO - Sync 1 DAGs
[2024-08-26T15:52:30.681+0000] {logging_mixin.py:190} INFO - [2024-08-26T15:52:30.681+0000] {dag.py:4138} INFO - Setting next_dagrun for example_dag_decorator to None, run_after=None
[2024-08-26T15:52:30.720+0000] {processor.py:208} INFO - Processing /home/airflow/.local/lib/python3.12/site-packages/airflow/example_dags/example_dag_decorator.py took 0.174 seconds
