[2024-08-26T10:34:45.987+0000] {processor.py:186} INFO - Started process (PID=101) to work on /home/airflow/.local/lib/python3.12/site-packages/airflow/example_dags/example_python_operator.py
[2024-08-26T10:34:45.993+0000] {processor.py:914} INFO - Processing file /home/airflow/.local/lib/python3.12/site-packages/airflow/example_dags/example_python_operator.py for tasks to queue
[2024-08-26T10:34:46.000+0000] {logging_mixin.py:190} INFO - [2024-08-26T10:34:45.999+0000] {dagbag.py:587} INFO - Filling up the DagBag from /home/airflow/.local/lib/python3.12/site-packages/airflow/example_dags/example_python_operator.py
[2024-08-26T10:34:46.028+0000] {processor.py:925} INFO - DAG(s) 'example_python_operator' retrieved from /home/airflow/.local/lib/python3.12/site-packages/airflow/example_dags/example_python_operator.py
[2024-08-26T10:34:46.197+0000] {logging_mixin.py:190} INFO - [2024-08-26T10:34:46.197+0000] {dag.py:3211} INFO - Sync 1 DAGs
[2024-08-26T10:34:46.218+0000] {logging_mixin.py:190} INFO - [2024-08-26T10:34:46.218+0000] {dag.py:4138} INFO - Setting next_dagrun for example_python_operator to None, run_after=None
[2024-08-26T10:34:46.248+0000] {processor.py:208} INFO - Processing /home/airflow/.local/lib/python3.12/site-packages/airflow/example_dags/example_python_operator.py took 0.270 seconds
[2024-08-26T10:35:28.969+0000] {processor.py:186} INFO - Started process (PID=173) to work on /home/airflow/.local/lib/python3.12/site-packages/airflow/example_dags/example_python_operator.py
[2024-08-26T10:35:28.971+0000] {processor.py:914} INFO - Processing file /home/airflow/.local/lib/python3.12/site-packages/airflow/example_dags/example_python_operator.py for tasks to queue
[2024-08-26T10:35:28.974+0000] {logging_mixin.py:190} INFO - [2024-08-26T10:35:28.974+0000] {dagbag.py:587} INFO - Filling up the DagBag from /home/airflow/.local/lib/python3.12/site-packages/airflow/example_dags/example_python_operator.py
[2024-08-26T10:35:28.992+0000] {processor.py:925} INFO - DAG(s) 'example_python_operator' retrieved from /home/airflow/.local/lib/python3.12/site-packages/airflow/example_dags/example_python_operator.py
[2024-08-26T10:35:29.022+0000] {logging_mixin.py:190} INFO - [2024-08-26T10:35:29.022+0000] {dag.py:3211} INFO - Sync 1 DAGs
[2024-08-26T10:35:29.042+0000] {logging_mixin.py:190} INFO - [2024-08-26T10:35:29.041+0000] {dag.py:4138} INFO - Setting next_dagrun for example_python_operator to None, run_after=None
[2024-08-26T10:35:29.104+0000] {processor.py:208} INFO - Processing /home/airflow/.local/lib/python3.12/site-packages/airflow/example_dags/example_python_operator.py took 0.143 seconds
[2024-08-26T10:38:05.429+0000] {processor.py:186} INFO - Started process (PID=101) to work on /home/airflow/.local/lib/python3.12/site-packages/airflow/example_dags/example_python_operator.py
[2024-08-26T10:38:05.431+0000] {processor.py:914} INFO - Processing file /home/airflow/.local/lib/python3.12/site-packages/airflow/example_dags/example_python_operator.py for tasks to queue
[2024-08-26T10:38:05.436+0000] {logging_mixin.py:190} INFO - [2024-08-26T10:38:05.436+0000] {dagbag.py:587} INFO - Filling up the DagBag from /home/airflow/.local/lib/python3.12/site-packages/airflow/example_dags/example_python_operator.py
[2024-08-26T10:38:05.456+0000] {processor.py:925} INFO - DAG(s) 'example_python_operator' retrieved from /home/airflow/.local/lib/python3.12/site-packages/airflow/example_dags/example_python_operator.py
[2024-08-26T10:38:05.601+0000] {logging_mixin.py:190} INFO - [2024-08-26T10:38:05.601+0000] {dag.py:3211} INFO - Sync 1 DAGs
[2024-08-26T10:38:05.619+0000] {logging_mixin.py:190} INFO - [2024-08-26T10:38:05.618+0000] {dag.py:4138} INFO - Setting next_dagrun for example_python_operator to None, run_after=None
[2024-08-26T10:38:05.642+0000] {processor.py:208} INFO - Processing /home/airflow/.local/lib/python3.12/site-packages/airflow/example_dags/example_python_operator.py took 0.221 seconds
[2024-08-26T10:38:45.026+0000] {processor.py:186} INFO - Started process (PID=167) to work on /home/airflow/.local/lib/python3.12/site-packages/airflow/example_dags/example_python_operator.py
[2024-08-26T10:38:45.027+0000] {processor.py:914} INFO - Processing file /home/airflow/.local/lib/python3.12/site-packages/airflow/example_dags/example_python_operator.py for tasks to queue
[2024-08-26T10:38:45.030+0000] {logging_mixin.py:190} INFO - [2024-08-26T10:38:45.030+0000] {dagbag.py:587} INFO - Filling up the DagBag from /home/airflow/.local/lib/python3.12/site-packages/airflow/example_dags/example_python_operator.py
[2024-08-26T10:38:45.047+0000] {processor.py:925} INFO - DAG(s) 'example_python_operator' retrieved from /home/airflow/.local/lib/python3.12/site-packages/airflow/example_dags/example_python_operator.py
[2024-08-26T10:38:45.083+0000] {logging_mixin.py:190} INFO - [2024-08-26T10:38:45.083+0000] {dag.py:3211} INFO - Sync 1 DAGs
[2024-08-26T10:38:45.104+0000] {logging_mixin.py:190} INFO - [2024-08-26T10:38:45.104+0000] {dag.py:4138} INFO - Setting next_dagrun for example_python_operator to None, run_after=None
[2024-08-26T10:38:45.143+0000] {processor.py:208} INFO - Processing /home/airflow/.local/lib/python3.12/site-packages/airflow/example_dags/example_python_operator.py took 0.125 seconds
[2024-08-26T10:39:23.837+0000] {processor.py:186} INFO - Started process (PID=233) to work on /home/airflow/.local/lib/python3.12/site-packages/airflow/example_dags/example_python_operator.py
[2024-08-26T10:39:23.838+0000] {processor.py:914} INFO - Processing file /home/airflow/.local/lib/python3.12/site-packages/airflow/example_dags/example_python_operator.py for tasks to queue
[2024-08-26T10:39:23.842+0000] {logging_mixin.py:190} INFO - [2024-08-26T10:39:23.841+0000] {dagbag.py:587} INFO - Filling up the DagBag from /home/airflow/.local/lib/python3.12/site-packages/airflow/example_dags/example_python_operator.py
[2024-08-26T10:39:23.859+0000] {processor.py:925} INFO - DAG(s) 'example_python_operator' retrieved from /home/airflow/.local/lib/python3.12/site-packages/airflow/example_dags/example_python_operator.py
[2024-08-26T10:39:23.890+0000] {logging_mixin.py:190} INFO - [2024-08-26T10:39:23.890+0000] {dag.py:3211} INFO - Sync 1 DAGs
[2024-08-26T10:39:23.911+0000] {logging_mixin.py:190} INFO - [2024-08-26T10:39:23.910+0000] {dag.py:4138} INFO - Setting next_dagrun for example_python_operator to None, run_after=None
[2024-08-26T10:39:23.934+0000] {processor.py:208} INFO - Processing /home/airflow/.local/lib/python3.12/site-packages/airflow/example_dags/example_python_operator.py took 0.105 seconds
[2024-08-26T10:40:03.532+0000] {processor.py:186} INFO - Started process (PID=307) to work on /home/airflow/.local/lib/python3.12/site-packages/airflow/example_dags/example_python_operator.py
[2024-08-26T10:40:03.534+0000] {processor.py:914} INFO - Processing file /home/airflow/.local/lib/python3.12/site-packages/airflow/example_dags/example_python_operator.py for tasks to queue
[2024-08-26T10:40:03.537+0000] {logging_mixin.py:190} INFO - [2024-08-26T10:40:03.536+0000] {dagbag.py:587} INFO - Filling up the DagBag from /home/airflow/.local/lib/python3.12/site-packages/airflow/example_dags/example_python_operator.py
[2024-08-26T10:40:03.553+0000] {processor.py:925} INFO - DAG(s) 'example_python_operator' retrieved from /home/airflow/.local/lib/python3.12/site-packages/airflow/example_dags/example_python_operator.py
[2024-08-26T10:40:03.583+0000] {logging_mixin.py:190} INFO - [2024-08-26T10:40:03.583+0000] {dag.py:3211} INFO - Sync 1 DAGs
[2024-08-26T10:40:03.602+0000] {logging_mixin.py:190} INFO - [2024-08-26T10:40:03.602+0000] {dag.py:4138} INFO - Setting next_dagrun for example_python_operator to None, run_after=None
[2024-08-26T10:40:03.625+0000] {processor.py:208} INFO - Processing /home/airflow/.local/lib/python3.12/site-packages/airflow/example_dags/example_python_operator.py took 0.100 seconds
[2024-08-26T10:40:46.810+0000] {processor.py:186} INFO - Started process (PID=375) to work on /home/airflow/.local/lib/python3.12/site-packages/airflow/example_dags/example_python_operator.py
[2024-08-26T10:40:46.812+0000] {processor.py:914} INFO - Processing file /home/airflow/.local/lib/python3.12/site-packages/airflow/example_dags/example_python_operator.py for tasks to queue
[2024-08-26T10:40:46.816+0000] {logging_mixin.py:190} INFO - [2024-08-26T10:40:46.816+0000] {dagbag.py:587} INFO - Filling up the DagBag from /home/airflow/.local/lib/python3.12/site-packages/airflow/example_dags/example_python_operator.py
[2024-08-26T10:40:46.834+0000] {processor.py:925} INFO - DAG(s) 'example_python_operator' retrieved from /home/airflow/.local/lib/python3.12/site-packages/airflow/example_dags/example_python_operator.py
[2024-08-26T10:40:46.865+0000] {logging_mixin.py:190} INFO - [2024-08-26T10:40:46.865+0000] {dag.py:3211} INFO - Sync 1 DAGs
[2024-08-26T10:40:46.885+0000] {logging_mixin.py:190} INFO - [2024-08-26T10:40:46.884+0000] {dag.py:4138} INFO - Setting next_dagrun for example_python_operator to None, run_after=None
[2024-08-26T10:40:46.908+0000] {processor.py:208} INFO - Processing /home/airflow/.local/lib/python3.12/site-packages/airflow/example_dags/example_python_operator.py took 0.109 seconds
[2024-08-26T10:41:24.083+0000] {processor.py:186} INFO - Started process (PID=440) to work on /home/airflow/.local/lib/python3.12/site-packages/airflow/example_dags/example_python_operator.py
[2024-08-26T10:41:24.085+0000] {processor.py:914} INFO - Processing file /home/airflow/.local/lib/python3.12/site-packages/airflow/example_dags/example_python_operator.py for tasks to queue
[2024-08-26T10:41:24.089+0000] {logging_mixin.py:190} INFO - [2024-08-26T10:41:24.089+0000] {dagbag.py:587} INFO - Filling up the DagBag from /home/airflow/.local/lib/python3.12/site-packages/airflow/example_dags/example_python_operator.py
[2024-08-26T10:41:24.114+0000] {processor.py:925} INFO - DAG(s) 'example_python_operator' retrieved from /home/airflow/.local/lib/python3.12/site-packages/airflow/example_dags/example_python_operator.py
[2024-08-26T10:41:24.152+0000] {logging_mixin.py:190} INFO - [2024-08-26T10:41:24.152+0000] {dag.py:3211} INFO - Sync 1 DAGs
[2024-08-26T10:41:24.184+0000] {logging_mixin.py:190} INFO - [2024-08-26T10:41:24.183+0000] {dag.py:4138} INFO - Setting next_dagrun for example_python_operator to None, run_after=None
[2024-08-26T10:41:24.212+0000] {processor.py:208} INFO - Processing /home/airflow/.local/lib/python3.12/site-packages/airflow/example_dags/example_python_operator.py took 0.137 seconds
[2024-08-26T10:42:09.974+0000] {processor.py:186} INFO - Started process (PID=512) to work on /home/airflow/.local/lib/python3.12/site-packages/airflow/example_dags/example_python_operator.py
[2024-08-26T10:42:09.975+0000] {processor.py:914} INFO - Processing file /home/airflow/.local/lib/python3.12/site-packages/airflow/example_dags/example_python_operator.py for tasks to queue
[2024-08-26T10:42:09.979+0000] {logging_mixin.py:190} INFO - [2024-08-26T10:42:09.979+0000] {dagbag.py:587} INFO - Filling up the DagBag from /home/airflow/.local/lib/python3.12/site-packages/airflow/example_dags/example_python_operator.py
[2024-08-26T10:42:09.998+0000] {processor.py:925} INFO - DAG(s) 'example_python_operator' retrieved from /home/airflow/.local/lib/python3.12/site-packages/airflow/example_dags/example_python_operator.py
[2024-08-26T10:42:10.044+0000] {logging_mixin.py:190} INFO - [2024-08-26T10:42:10.044+0000] {dag.py:3211} INFO - Sync 1 DAGs
[2024-08-26T10:42:10.072+0000] {logging_mixin.py:190} INFO - [2024-08-26T10:42:10.072+0000] {dag.py:4138} INFO - Setting next_dagrun for example_python_operator to None, run_after=None
[2024-08-26T10:42:10.102+0000] {processor.py:208} INFO - Processing /home/airflow/.local/lib/python3.12/site-packages/airflow/example_dags/example_python_operator.py took 0.136 seconds
[2024-08-26T10:42:55.519+0000] {processor.py:186} INFO - Started process (PID=580) to work on /home/airflow/.local/lib/python3.12/site-packages/airflow/example_dags/example_python_operator.py
[2024-08-26T10:42:55.521+0000] {processor.py:914} INFO - Processing file /home/airflow/.local/lib/python3.12/site-packages/airflow/example_dags/example_python_operator.py for tasks to queue
[2024-08-26T10:42:55.523+0000] {logging_mixin.py:190} INFO - [2024-08-26T10:42:55.522+0000] {dagbag.py:587} INFO - Filling up the DagBag from /home/airflow/.local/lib/python3.12/site-packages/airflow/example_dags/example_python_operator.py
[2024-08-26T10:42:55.542+0000] {processor.py:925} INFO - DAG(s) 'example_python_operator' retrieved from /home/airflow/.local/lib/python3.12/site-packages/airflow/example_dags/example_python_operator.py
[2024-08-26T10:42:55.579+0000] {logging_mixin.py:190} INFO - [2024-08-26T10:42:55.579+0000] {dag.py:3211} INFO - Sync 1 DAGs
[2024-08-26T10:42:55.599+0000] {logging_mixin.py:190} INFO - [2024-08-26T10:42:55.599+0000] {dag.py:4138} INFO - Setting next_dagrun for example_python_operator to None, run_after=None
[2024-08-26T10:42:55.626+0000] {processor.py:208} INFO - Processing /home/airflow/.local/lib/python3.12/site-packages/airflow/example_dags/example_python_operator.py took 0.115 seconds
[2024-08-26T10:43:38.215+0000] {processor.py:186} INFO - Started process (PID=658) to work on /home/airflow/.local/lib/python3.12/site-packages/airflow/example_dags/example_python_operator.py
[2024-08-26T10:43:38.217+0000] {processor.py:914} INFO - Processing file /home/airflow/.local/lib/python3.12/site-packages/airflow/example_dags/example_python_operator.py for tasks to queue
[2024-08-26T10:43:38.219+0000] {logging_mixin.py:190} INFO - [2024-08-26T10:43:38.218+0000] {dagbag.py:587} INFO - Filling up the DagBag from /home/airflow/.local/lib/python3.12/site-packages/airflow/example_dags/example_python_operator.py
[2024-08-26T10:43:38.237+0000] {processor.py:925} INFO - DAG(s) 'example_python_operator' retrieved from /home/airflow/.local/lib/python3.12/site-packages/airflow/example_dags/example_python_operator.py
[2024-08-26T10:43:38.271+0000] {logging_mixin.py:190} INFO - [2024-08-26T10:43:38.271+0000] {dag.py:3211} INFO - Sync 1 DAGs
[2024-08-26T10:43:38.293+0000] {logging_mixin.py:190} INFO - [2024-08-26T10:43:38.293+0000] {dag.py:4138} INFO - Setting next_dagrun for example_python_operator to None, run_after=None
[2024-08-26T10:43:38.320+0000] {processor.py:208} INFO - Processing /home/airflow/.local/lib/python3.12/site-packages/airflow/example_dags/example_python_operator.py took 0.113 seconds
[2024-08-26T10:44:15.859+0000] {processor.py:186} INFO - Started process (PID=724) to work on /home/airflow/.local/lib/python3.12/site-packages/airflow/example_dags/example_python_operator.py
[2024-08-26T10:44:15.861+0000] {processor.py:914} INFO - Processing file /home/airflow/.local/lib/python3.12/site-packages/airflow/example_dags/example_python_operator.py for tasks to queue
[2024-08-26T10:44:15.865+0000] {logging_mixin.py:190} INFO - [2024-08-26T10:44:15.864+0000] {dagbag.py:587} INFO - Filling up the DagBag from /home/airflow/.local/lib/python3.12/site-packages/airflow/example_dags/example_python_operator.py
[2024-08-26T10:44:15.896+0000] {processor.py:925} INFO - DAG(s) 'example_python_operator' retrieved from /home/airflow/.local/lib/python3.12/site-packages/airflow/example_dags/example_python_operator.py
[2024-08-26T10:44:15.965+0000] {logging_mixin.py:190} INFO - [2024-08-26T10:44:15.965+0000] {dag.py:3211} INFO - Sync 1 DAGs
[2024-08-26T10:44:15.995+0000] {logging_mixin.py:190} INFO - [2024-08-26T10:44:15.995+0000] {dag.py:4138} INFO - Setting next_dagrun for example_python_operator to None, run_after=None
[2024-08-26T10:44:16.026+0000] {processor.py:208} INFO - Processing /home/airflow/.local/lib/python3.12/site-packages/airflow/example_dags/example_python_operator.py took 0.181 seconds
[2024-08-26T10:44:55.435+0000] {processor.py:186} INFO - Started process (PID=791) to work on /home/airflow/.local/lib/python3.12/site-packages/airflow/example_dags/example_python_operator.py
[2024-08-26T10:44:55.436+0000] {processor.py:914} INFO - Processing file /home/airflow/.local/lib/python3.12/site-packages/airflow/example_dags/example_python_operator.py for tasks to queue
[2024-08-26T10:44:55.438+0000] {logging_mixin.py:190} INFO - [2024-08-26T10:44:55.438+0000] {dagbag.py:587} INFO - Filling up the DagBag from /home/airflow/.local/lib/python3.12/site-packages/airflow/example_dags/example_python_operator.py
[2024-08-26T10:44:55.458+0000] {processor.py:925} INFO - DAG(s) 'example_python_operator' retrieved from /home/airflow/.local/lib/python3.12/site-packages/airflow/example_dags/example_python_operator.py
[2024-08-26T10:44:55.496+0000] {logging_mixin.py:190} INFO - [2024-08-26T10:44:55.496+0000] {dag.py:3211} INFO - Sync 1 DAGs
[2024-08-26T10:44:55.519+0000] {logging_mixin.py:190} INFO - [2024-08-26T10:44:55.519+0000] {dag.py:4138} INFO - Setting next_dagrun for example_python_operator to None, run_after=None
[2024-08-26T10:44:55.552+0000] {processor.py:208} INFO - Processing /home/airflow/.local/lib/python3.12/site-packages/airflow/example_dags/example_python_operator.py took 0.125 seconds
[2024-08-26T10:45:36.919+0000] {processor.py:186} INFO - Started process (PID=872) to work on /home/airflow/.local/lib/python3.12/site-packages/airflow/example_dags/example_python_operator.py
[2024-08-26T10:45:36.921+0000] {processor.py:914} INFO - Processing file /home/airflow/.local/lib/python3.12/site-packages/airflow/example_dags/example_python_operator.py for tasks to queue
[2024-08-26T10:45:36.924+0000] {logging_mixin.py:190} INFO - [2024-08-26T10:45:36.924+0000] {dagbag.py:587} INFO - Filling up the DagBag from /home/airflow/.local/lib/python3.12/site-packages/airflow/example_dags/example_python_operator.py
[2024-08-26T10:45:36.945+0000] {processor.py:925} INFO - DAG(s) 'example_python_operator' retrieved from /home/airflow/.local/lib/python3.12/site-packages/airflow/example_dags/example_python_operator.py
[2024-08-26T10:45:36.986+0000] {logging_mixin.py:190} INFO - [2024-08-26T10:45:36.986+0000] {dag.py:3211} INFO - Sync 1 DAGs
[2024-08-26T10:45:37.017+0000] {logging_mixin.py:190} INFO - [2024-08-26T10:45:37.017+0000] {dag.py:4138} INFO - Setting next_dagrun for example_python_operator to None, run_after=None
[2024-08-26T10:45:37.061+0000] {processor.py:208} INFO - Processing /home/airflow/.local/lib/python3.12/site-packages/airflow/example_dags/example_python_operator.py took 0.150 seconds
[2024-08-26T10:46:15.061+0000] {processor.py:186} INFO - Started process (PID=938) to work on /home/airflow/.local/lib/python3.12/site-packages/airflow/example_dags/example_python_operator.py
[2024-08-26T10:46:15.063+0000] {processor.py:914} INFO - Processing file /home/airflow/.local/lib/python3.12/site-packages/airflow/example_dags/example_python_operator.py for tasks to queue
[2024-08-26T10:46:15.065+0000] {logging_mixin.py:190} INFO - [2024-08-26T10:46:15.064+0000] {dagbag.py:587} INFO - Filling up the DagBag from /home/airflow/.local/lib/python3.12/site-packages/airflow/example_dags/example_python_operator.py
[2024-08-26T10:46:15.083+0000] {processor.py:925} INFO - DAG(s) 'example_python_operator' retrieved from /home/airflow/.local/lib/python3.12/site-packages/airflow/example_dags/example_python_operator.py
[2024-08-26T10:46:15.117+0000] {logging_mixin.py:190} INFO - [2024-08-26T10:46:15.116+0000] {dag.py:3211} INFO - Sync 1 DAGs
[2024-08-26T10:46:15.137+0000] {logging_mixin.py:190} INFO - [2024-08-26T10:46:15.136+0000] {dag.py:4138} INFO - Setting next_dagrun for example_python_operator to None, run_after=None
[2024-08-26T10:46:15.162+0000] {processor.py:208} INFO - Processing /home/airflow/.local/lib/python3.12/site-packages/airflow/example_dags/example_python_operator.py took 0.110 seconds
[2024-08-26T10:46:53.724+0000] {processor.py:186} INFO - Started process (PID=1004) to work on /home/airflow/.local/lib/python3.12/site-packages/airflow/example_dags/example_python_operator.py
[2024-08-26T10:46:53.727+0000] {processor.py:914} INFO - Processing file /home/airflow/.local/lib/python3.12/site-packages/airflow/example_dags/example_python_operator.py for tasks to queue
[2024-08-26T10:46:53.729+0000] {logging_mixin.py:190} INFO - [2024-08-26T10:46:53.729+0000] {dagbag.py:587} INFO - Filling up the DagBag from /home/airflow/.local/lib/python3.12/site-packages/airflow/example_dags/example_python_operator.py
[2024-08-26T10:46:53.748+0000] {processor.py:925} INFO - DAG(s) 'example_python_operator' retrieved from /home/airflow/.local/lib/python3.12/site-packages/airflow/example_dags/example_python_operator.py
[2024-08-26T10:46:53.782+0000] {logging_mixin.py:190} INFO - [2024-08-26T10:46:53.781+0000] {dag.py:3211} INFO - Sync 1 DAGs
[2024-08-26T10:46:53.813+0000] {logging_mixin.py:190} INFO - [2024-08-26T10:46:53.813+0000] {dag.py:4138} INFO - Setting next_dagrun for example_python_operator to None, run_after=None
[2024-08-26T10:46:53.851+0000] {processor.py:208} INFO - Processing /home/airflow/.local/lib/python3.12/site-packages/airflow/example_dags/example_python_operator.py took 0.137 seconds
[2024-08-26T10:47:46.740+0000] {processor.py:186} INFO - Started process (PID=1087) to work on /home/airflow/.local/lib/python3.12/site-packages/airflow/example_dags/example_python_operator.py
[2024-08-26T10:47:46.742+0000] {processor.py:914} INFO - Processing file /home/airflow/.local/lib/python3.12/site-packages/airflow/example_dags/example_python_operator.py for tasks to queue
[2024-08-26T10:47:46.744+0000] {logging_mixin.py:190} INFO - [2024-08-26T10:47:46.744+0000] {dagbag.py:587} INFO - Filling up the DagBag from /home/airflow/.local/lib/python3.12/site-packages/airflow/example_dags/example_python_operator.py
[2024-08-26T10:47:46.763+0000] {processor.py:925} INFO - DAG(s) 'example_python_operator' retrieved from /home/airflow/.local/lib/python3.12/site-packages/airflow/example_dags/example_python_operator.py
[2024-08-26T10:47:46.801+0000] {logging_mixin.py:190} INFO - [2024-08-26T10:47:46.800+0000] {dag.py:3211} INFO - Sync 1 DAGs
[2024-08-26T10:47:46.823+0000] {logging_mixin.py:190} INFO - [2024-08-26T10:47:46.822+0000] {dag.py:4138} INFO - Setting next_dagrun for example_python_operator to None, run_after=None
[2024-08-26T10:47:46.850+0000] {processor.py:208} INFO - Processing /home/airflow/.local/lib/python3.12/site-packages/airflow/example_dags/example_python_operator.py took 0.118 seconds
[2024-08-26T10:48:24.006+0000] {processor.py:186} INFO - Started process (PID=1153) to work on /home/airflow/.local/lib/python3.12/site-packages/airflow/example_dags/example_python_operator.py
[2024-08-26T10:48:24.007+0000] {processor.py:914} INFO - Processing file /home/airflow/.local/lib/python3.12/site-packages/airflow/example_dags/example_python_operator.py for tasks to queue
[2024-08-26T10:48:24.009+0000] {logging_mixin.py:190} INFO - [2024-08-26T10:48:24.009+0000] {dagbag.py:587} INFO - Filling up the DagBag from /home/airflow/.local/lib/python3.12/site-packages/airflow/example_dags/example_python_operator.py
[2024-08-26T10:48:24.024+0000] {processor.py:925} INFO - DAG(s) 'example_python_operator' retrieved from /home/airflow/.local/lib/python3.12/site-packages/airflow/example_dags/example_python_operator.py
[2024-08-26T10:48:24.052+0000] {logging_mixin.py:190} INFO - [2024-08-26T10:48:24.052+0000] {dag.py:3211} INFO - Sync 1 DAGs
[2024-08-26T10:48:24.067+0000] {logging_mixin.py:190} INFO - [2024-08-26T10:48:24.067+0000] {dag.py:4138} INFO - Setting next_dagrun for example_python_operator to None, run_after=None
[2024-08-26T10:48:24.086+0000] {processor.py:208} INFO - Processing /home/airflow/.local/lib/python3.12/site-packages/airflow/example_dags/example_python_operator.py took 0.090 seconds
[2024-08-26T10:49:16.906+0000] {processor.py:186} INFO - Started process (PID=1234) to work on /home/airflow/.local/lib/python3.12/site-packages/airflow/example_dags/example_python_operator.py
[2024-08-26T10:49:16.909+0000] {processor.py:914} INFO - Processing file /home/airflow/.local/lib/python3.12/site-packages/airflow/example_dags/example_python_operator.py for tasks to queue
[2024-08-26T10:49:16.912+0000] {logging_mixin.py:190} INFO - [2024-08-26T10:49:16.911+0000] {dagbag.py:587} INFO - Filling up the DagBag from /home/airflow/.local/lib/python3.12/site-packages/airflow/example_dags/example_python_operator.py
[2024-08-26T10:49:16.942+0000] {processor.py:925} INFO - DAG(s) 'example_python_operator' retrieved from /home/airflow/.local/lib/python3.12/site-packages/airflow/example_dags/example_python_operator.py
[2024-08-26T10:49:17.004+0000] {logging_mixin.py:190} INFO - [2024-08-26T10:49:17.003+0000] {dag.py:3211} INFO - Sync 1 DAGs
[2024-08-26T10:49:17.030+0000] {logging_mixin.py:190} INFO - [2024-08-26T10:49:17.029+0000] {dag.py:4138} INFO - Setting next_dagrun for example_python_operator to None, run_after=None
[2024-08-26T10:49:17.066+0000] {processor.py:208} INFO - Processing /home/airflow/.local/lib/python3.12/site-packages/airflow/example_dags/example_python_operator.py took 0.177 seconds
[2024-08-26T15:09:28.559+0000] {processor.py:186} INFO - Started process (PID=101) to work on /home/airflow/.local/lib/python3.12/site-packages/airflow/example_dags/example_python_operator.py
[2024-08-26T15:09:28.561+0000] {processor.py:914} INFO - Processing file /home/airflow/.local/lib/python3.12/site-packages/airflow/example_dags/example_python_operator.py for tasks to queue
[2024-08-26T15:09:28.565+0000] {logging_mixin.py:190} INFO - [2024-08-26T15:09:28.565+0000] {dagbag.py:587} INFO - Filling up the DagBag from /home/airflow/.local/lib/python3.12/site-packages/airflow/example_dags/example_python_operator.py
[2024-08-26T15:09:28.583+0000] {processor.py:925} INFO - DAG(s) 'example_python_operator' retrieved from /home/airflow/.local/lib/python3.12/site-packages/airflow/example_dags/example_python_operator.py
[2024-08-26T15:09:28.729+0000] {logging_mixin.py:190} INFO - [2024-08-26T15:09:28.728+0000] {dag.py:3211} INFO - Sync 1 DAGs
[2024-08-26T15:09:28.747+0000] {logging_mixin.py:190} INFO - [2024-08-26T15:09:28.746+0000] {dag.py:4138} INFO - Setting next_dagrun for example_python_operator to None, run_after=None
[2024-08-26T15:09:28.775+0000] {processor.py:208} INFO - Processing /home/airflow/.local/lib/python3.12/site-packages/airflow/example_dags/example_python_operator.py took 0.226 seconds
[2024-08-26T15:10:11.844+0000] {processor.py:186} INFO - Started process (PID=167) to work on /home/airflow/.local/lib/python3.12/site-packages/airflow/example_dags/example_python_operator.py
[2024-08-26T15:10:11.846+0000] {processor.py:914} INFO - Processing file /home/airflow/.local/lib/python3.12/site-packages/airflow/example_dags/example_python_operator.py for tasks to queue
[2024-08-26T15:10:11.849+0000] {logging_mixin.py:190} INFO - [2024-08-26T15:10:11.849+0000] {dagbag.py:587} INFO - Filling up the DagBag from /home/airflow/.local/lib/python3.12/site-packages/airflow/example_dags/example_python_operator.py
[2024-08-26T15:10:11.865+0000] {processor.py:925} INFO - DAG(s) 'example_python_operator' retrieved from /home/airflow/.local/lib/python3.12/site-packages/airflow/example_dags/example_python_operator.py
[2024-08-26T15:10:11.893+0000] {logging_mixin.py:190} INFO - [2024-08-26T15:10:11.893+0000] {dag.py:3211} INFO - Sync 1 DAGs
[2024-08-26T15:10:11.912+0000] {logging_mixin.py:190} INFO - [2024-08-26T15:10:11.911+0000] {dag.py:4138} INFO - Setting next_dagrun for example_python_operator to None, run_after=None
[2024-08-26T15:10:11.934+0000] {processor.py:208} INFO - Processing /home/airflow/.local/lib/python3.12/site-packages/airflow/example_dags/example_python_operator.py took 0.097 seconds
[2024-08-26T15:10:49.530+0000] {processor.py:186} INFO - Started process (PID=234) to work on /home/airflow/.local/lib/python3.12/site-packages/airflow/example_dags/example_python_operator.py
[2024-08-26T15:10:49.531+0000] {processor.py:914} INFO - Processing file /home/airflow/.local/lib/python3.12/site-packages/airflow/example_dags/example_python_operator.py for tasks to queue
[2024-08-26T15:10:49.535+0000] {logging_mixin.py:190} INFO - [2024-08-26T15:10:49.534+0000] {dagbag.py:587} INFO - Filling up the DagBag from /home/airflow/.local/lib/python3.12/site-packages/airflow/example_dags/example_python_operator.py
[2024-08-26T15:10:49.552+0000] {processor.py:925} INFO - DAG(s) 'example_python_operator' retrieved from /home/airflow/.local/lib/python3.12/site-packages/airflow/example_dags/example_python_operator.py
[2024-08-26T15:10:49.585+0000] {logging_mixin.py:190} INFO - [2024-08-26T15:10:49.584+0000] {dag.py:3211} INFO - Sync 1 DAGs
[2024-08-26T15:10:49.610+0000] {logging_mixin.py:190} INFO - [2024-08-26T15:10:49.609+0000] {dag.py:4138} INFO - Setting next_dagrun for example_python_operator to None, run_after=None
[2024-08-26T15:10:49.634+0000] {processor.py:208} INFO - Processing /home/airflow/.local/lib/python3.12/site-packages/airflow/example_dags/example_python_operator.py took 0.111 seconds
[2024-08-26T15:11:27.194+0000] {processor.py:186} INFO - Started process (PID=300) to work on /home/airflow/.local/lib/python3.12/site-packages/airflow/example_dags/example_python_operator.py
[2024-08-26T15:11:27.195+0000] {processor.py:914} INFO - Processing file /home/airflow/.local/lib/python3.12/site-packages/airflow/example_dags/example_python_operator.py for tasks to queue
[2024-08-26T15:11:27.199+0000] {logging_mixin.py:190} INFO - [2024-08-26T15:11:27.198+0000] {dagbag.py:587} INFO - Filling up the DagBag from /home/airflow/.local/lib/python3.12/site-packages/airflow/example_dags/example_python_operator.py
[2024-08-26T15:11:27.215+0000] {processor.py:925} INFO - DAG(s) 'example_python_operator' retrieved from /home/airflow/.local/lib/python3.12/site-packages/airflow/example_dags/example_python_operator.py
[2024-08-26T15:11:27.244+0000] {logging_mixin.py:190} INFO - [2024-08-26T15:11:27.244+0000] {dag.py:3211} INFO - Sync 1 DAGs
[2024-08-26T15:11:27.263+0000] {logging_mixin.py:190} INFO - [2024-08-26T15:11:27.262+0000] {dag.py:4138} INFO - Setting next_dagrun for example_python_operator to None, run_after=None
[2024-08-26T15:11:27.284+0000] {processor.py:208} INFO - Processing /home/airflow/.local/lib/python3.12/site-packages/airflow/example_dags/example_python_operator.py took 0.098 seconds
[2024-08-26T15:12:05.788+0000] {processor.py:186} INFO - Started process (PID=372) to work on /home/airflow/.local/lib/python3.12/site-packages/airflow/example_dags/example_python_operator.py
[2024-08-26T15:12:05.790+0000] {processor.py:914} INFO - Processing file /home/airflow/.local/lib/python3.12/site-packages/airflow/example_dags/example_python_operator.py for tasks to queue
[2024-08-26T15:12:05.793+0000] {logging_mixin.py:190} INFO - [2024-08-26T15:12:05.793+0000] {dagbag.py:587} INFO - Filling up the DagBag from /home/airflow/.local/lib/python3.12/site-packages/airflow/example_dags/example_python_operator.py
[2024-08-26T15:12:05.812+0000] {processor.py:925} INFO - DAG(s) 'example_python_operator' retrieved from /home/airflow/.local/lib/python3.12/site-packages/airflow/example_dags/example_python_operator.py
[2024-08-26T15:12:05.846+0000] {logging_mixin.py:190} INFO - [2024-08-26T15:12:05.845+0000] {dag.py:3211} INFO - Sync 1 DAGs
[2024-08-26T15:12:05.867+0000] {logging_mixin.py:190} INFO - [2024-08-26T15:12:05.867+0000] {dag.py:4138} INFO - Setting next_dagrun for example_python_operator to None, run_after=None
[2024-08-26T15:12:05.894+0000] {processor.py:208} INFO - Processing /home/airflow/.local/lib/python3.12/site-packages/airflow/example_dags/example_python_operator.py took 0.114 seconds
[2024-08-26T15:12:45.687+0000] {processor.py:186} INFO - Started process (PID=439) to work on /home/airflow/.local/lib/python3.12/site-packages/airflow/example_dags/example_python_operator.py
[2024-08-26T15:12:45.688+0000] {processor.py:914} INFO - Processing file /home/airflow/.local/lib/python3.12/site-packages/airflow/example_dags/example_python_operator.py for tasks to queue
[2024-08-26T15:12:45.692+0000] {logging_mixin.py:190} INFO - [2024-08-26T15:12:45.691+0000] {dagbag.py:587} INFO - Filling up the DagBag from /home/airflow/.local/lib/python3.12/site-packages/airflow/example_dags/example_python_operator.py
[2024-08-26T15:12:45.709+0000] {processor.py:925} INFO - DAG(s) 'example_python_operator' retrieved from /home/airflow/.local/lib/python3.12/site-packages/airflow/example_dags/example_python_operator.py
[2024-08-26T15:12:45.740+0000] {logging_mixin.py:190} INFO - [2024-08-26T15:12:45.740+0000] {dag.py:3211} INFO - Sync 1 DAGs
[2024-08-26T15:12:45.762+0000] {logging_mixin.py:190} INFO - [2024-08-26T15:12:45.762+0000] {dag.py:4138} INFO - Setting next_dagrun for example_python_operator to None, run_after=None
[2024-08-26T15:12:45.790+0000] {processor.py:208} INFO - Processing /home/airflow/.local/lib/python3.12/site-packages/airflow/example_dags/example_python_operator.py took 0.111 seconds
[2024-08-26T15:13:38.065+0000] {processor.py:186} INFO - Started process (PID=522) to work on /home/airflow/.local/lib/python3.12/site-packages/airflow/example_dags/example_python_operator.py
[2024-08-26T15:13:38.067+0000] {processor.py:914} INFO - Processing file /home/airflow/.local/lib/python3.12/site-packages/airflow/example_dags/example_python_operator.py for tasks to queue
[2024-08-26T15:13:38.070+0000] {logging_mixin.py:190} INFO - [2024-08-26T15:13:38.070+0000] {dagbag.py:587} INFO - Filling up the DagBag from /home/airflow/.local/lib/python3.12/site-packages/airflow/example_dags/example_python_operator.py
[2024-08-26T15:13:38.089+0000] {processor.py:925} INFO - DAG(s) 'example_python_operator' retrieved from /home/airflow/.local/lib/python3.12/site-packages/airflow/example_dags/example_python_operator.py
[2024-08-26T15:13:38.124+0000] {logging_mixin.py:190} INFO - [2024-08-26T15:13:38.124+0000] {dag.py:3211} INFO - Sync 1 DAGs
[2024-08-26T15:13:38.147+0000] {logging_mixin.py:190} INFO - [2024-08-26T15:13:38.147+0000] {dag.py:4138} INFO - Setting next_dagrun for example_python_operator to None, run_after=None
[2024-08-26T15:13:38.175+0000] {processor.py:208} INFO - Processing /home/airflow/.local/lib/python3.12/site-packages/airflow/example_dags/example_python_operator.py took 0.118 seconds
[2024-08-26T15:14:31.904+0000] {processor.py:186} INFO - Started process (PID=595) to work on /home/airflow/.local/lib/python3.12/site-packages/airflow/example_dags/example_python_operator.py
[2024-08-26T15:14:31.906+0000] {processor.py:914} INFO - Processing file /home/airflow/.local/lib/python3.12/site-packages/airflow/example_dags/example_python_operator.py for tasks to queue
[2024-08-26T15:14:31.908+0000] {logging_mixin.py:190} INFO - [2024-08-26T15:14:31.908+0000] {dagbag.py:587} INFO - Filling up the DagBag from /home/airflow/.local/lib/python3.12/site-packages/airflow/example_dags/example_python_operator.py
[2024-08-26T15:14:31.924+0000] {processor.py:925} INFO - DAG(s) 'example_python_operator' retrieved from /home/airflow/.local/lib/python3.12/site-packages/airflow/example_dags/example_python_operator.py
[2024-08-26T15:14:31.955+0000] {logging_mixin.py:190} INFO - [2024-08-26T15:14:31.955+0000] {dag.py:3211} INFO - Sync 1 DAGs
[2024-08-26T15:14:31.975+0000] {logging_mixin.py:190} INFO - [2024-08-26T15:14:31.975+0000] {dag.py:4138} INFO - Setting next_dagrun for example_python_operator to None, run_after=None
[2024-08-26T15:14:31.999+0000] {processor.py:208} INFO - Processing /home/airflow/.local/lib/python3.12/site-packages/airflow/example_dags/example_python_operator.py took 0.103 seconds
[2024-08-26T15:15:09.974+0000] {processor.py:186} INFO - Started process (PID=661) to work on /home/airflow/.local/lib/python3.12/site-packages/airflow/example_dags/example_python_operator.py
[2024-08-26T15:15:09.976+0000] {processor.py:914} INFO - Processing file /home/airflow/.local/lib/python3.12/site-packages/airflow/example_dags/example_python_operator.py for tasks to queue
[2024-08-26T15:15:09.978+0000] {logging_mixin.py:190} INFO - [2024-08-26T15:15:09.978+0000] {dagbag.py:587} INFO - Filling up the DagBag from /home/airflow/.local/lib/python3.12/site-packages/airflow/example_dags/example_python_operator.py
[2024-08-26T15:15:10.003+0000] {processor.py:925} INFO - DAG(s) 'example_python_operator' retrieved from /home/airflow/.local/lib/python3.12/site-packages/airflow/example_dags/example_python_operator.py
[2024-08-26T15:15:10.053+0000] {logging_mixin.py:190} INFO - [2024-08-26T15:15:10.053+0000] {dag.py:3211} INFO - Sync 1 DAGs
[2024-08-26T15:15:10.085+0000] {logging_mixin.py:190} INFO - [2024-08-26T15:15:10.085+0000] {dag.py:4138} INFO - Setting next_dagrun for example_python_operator to None, run_after=None
[2024-08-26T15:15:10.119+0000] {processor.py:208} INFO - Processing /home/airflow/.local/lib/python3.12/site-packages/airflow/example_dags/example_python_operator.py took 0.155 seconds
[2024-08-26T15:15:56.706+0000] {processor.py:186} INFO - Started process (PID=727) to work on /home/airflow/.local/lib/python3.12/site-packages/airflow/example_dags/example_python_operator.py
[2024-08-26T15:15:56.708+0000] {processor.py:914} INFO - Processing file /home/airflow/.local/lib/python3.12/site-packages/airflow/example_dags/example_python_operator.py for tasks to queue
[2024-08-26T15:15:56.711+0000] {logging_mixin.py:190} INFO - [2024-08-26T15:15:56.710+0000] {dagbag.py:587} INFO - Filling up the DagBag from /home/airflow/.local/lib/python3.12/site-packages/airflow/example_dags/example_python_operator.py
[2024-08-26T15:15:56.736+0000] {processor.py:925} INFO - DAG(s) 'example_python_operator' retrieved from /home/airflow/.local/lib/python3.12/site-packages/airflow/example_dags/example_python_operator.py
[2024-08-26T15:15:56.783+0000] {logging_mixin.py:190} INFO - [2024-08-26T15:15:56.783+0000] {dag.py:3211} INFO - Sync 1 DAGs
[2024-08-26T15:15:56.822+0000] {logging_mixin.py:190} INFO - [2024-08-26T15:15:56.821+0000] {dag.py:4138} INFO - Setting next_dagrun for example_python_operator to None, run_after=None
[2024-08-26T15:15:56.867+0000] {processor.py:208} INFO - Processing /home/airflow/.local/lib/python3.12/site-packages/airflow/example_dags/example_python_operator.py took 0.174 seconds
[2024-08-26T15:16:32.537+0000] {processor.py:186} INFO - Started process (PID=798) to work on /home/airflow/.local/lib/python3.12/site-packages/airflow/example_dags/example_python_operator.py
[2024-08-26T15:16:32.539+0000] {processor.py:914} INFO - Processing file /home/airflow/.local/lib/python3.12/site-packages/airflow/example_dags/example_python_operator.py for tasks to queue
[2024-08-26T15:16:32.541+0000] {logging_mixin.py:190} INFO - [2024-08-26T15:16:32.541+0000] {dagbag.py:587} INFO - Filling up the DagBag from /home/airflow/.local/lib/python3.12/site-packages/airflow/example_dags/example_python_operator.py
[2024-08-26T15:16:32.558+0000] {processor.py:925} INFO - DAG(s) 'example_python_operator' retrieved from /home/airflow/.local/lib/python3.12/site-packages/airflow/example_dags/example_python_operator.py
[2024-08-26T15:16:32.590+0000] {logging_mixin.py:190} INFO - [2024-08-26T15:16:32.589+0000] {dag.py:3211} INFO - Sync 1 DAGs
[2024-08-26T15:16:32.610+0000] {logging_mixin.py:190} INFO - [2024-08-26T15:16:32.610+0000] {dag.py:4138} INFO - Setting next_dagrun for example_python_operator to None, run_after=None
[2024-08-26T15:16:32.673+0000] {processor.py:208} INFO - Processing /home/airflow/.local/lib/python3.12/site-packages/airflow/example_dags/example_python_operator.py took 0.143 seconds
[2024-08-26T15:17:10.210+0000] {processor.py:186} INFO - Started process (PID=865) to work on /home/airflow/.local/lib/python3.12/site-packages/airflow/example_dags/example_python_operator.py
[2024-08-26T15:17:10.212+0000] {processor.py:914} INFO - Processing file /home/airflow/.local/lib/python3.12/site-packages/airflow/example_dags/example_python_operator.py for tasks to queue
[2024-08-26T15:17:10.214+0000] {logging_mixin.py:190} INFO - [2024-08-26T15:17:10.213+0000] {dagbag.py:587} INFO - Filling up the DagBag from /home/airflow/.local/lib/python3.12/site-packages/airflow/example_dags/example_python_operator.py
[2024-08-26T15:17:10.231+0000] {processor.py:925} INFO - DAG(s) 'example_python_operator' retrieved from /home/airflow/.local/lib/python3.12/site-packages/airflow/example_dags/example_python_operator.py
[2024-08-26T15:17:10.270+0000] {logging_mixin.py:190} INFO - [2024-08-26T15:17:10.270+0000] {dag.py:3211} INFO - Sync 1 DAGs
[2024-08-26T15:17:10.292+0000] {logging_mixin.py:190} INFO - [2024-08-26T15:17:10.292+0000] {dag.py:4138} INFO - Setting next_dagrun for example_python_operator to None, run_after=None
[2024-08-26T15:17:10.318+0000] {processor.py:208} INFO - Processing /home/airflow/.local/lib/python3.12/site-packages/airflow/example_dags/example_python_operator.py took 0.116 seconds
[2024-08-26T15:17:46.882+0000] {processor.py:186} INFO - Started process (PID=931) to work on /home/airflow/.local/lib/python3.12/site-packages/airflow/example_dags/example_python_operator.py
[2024-08-26T15:17:46.884+0000] {processor.py:914} INFO - Processing file /home/airflow/.local/lib/python3.12/site-packages/airflow/example_dags/example_python_operator.py for tasks to queue
[2024-08-26T15:17:46.886+0000] {logging_mixin.py:190} INFO - [2024-08-26T15:17:46.886+0000] {dagbag.py:587} INFO - Filling up the DagBag from /home/airflow/.local/lib/python3.12/site-packages/airflow/example_dags/example_python_operator.py
[2024-08-26T15:17:46.903+0000] {processor.py:925} INFO - DAG(s) 'example_python_operator' retrieved from /home/airflow/.local/lib/python3.12/site-packages/airflow/example_dags/example_python_operator.py
[2024-08-26T15:17:46.935+0000] {logging_mixin.py:190} INFO - [2024-08-26T15:17:46.934+0000] {dag.py:3211} INFO - Sync 1 DAGs
[2024-08-26T15:17:46.954+0000] {logging_mixin.py:190} INFO - [2024-08-26T15:17:46.954+0000] {dag.py:4138} INFO - Setting next_dagrun for example_python_operator to None, run_after=None
[2024-08-26T15:17:46.981+0000] {processor.py:208} INFO - Processing /home/airflow/.local/lib/python3.12/site-packages/airflow/example_dags/example_python_operator.py took 0.106 seconds
[2024-08-26T15:18:24.093+0000] {processor.py:186} INFO - Started process (PID=997) to work on /home/airflow/.local/lib/python3.12/site-packages/airflow/example_dags/example_python_operator.py
[2024-08-26T15:18:24.095+0000] {processor.py:914} INFO - Processing file /home/airflow/.local/lib/python3.12/site-packages/airflow/example_dags/example_python_operator.py for tasks to queue
[2024-08-26T15:18:24.098+0000] {logging_mixin.py:190} INFO - [2024-08-26T15:18:24.097+0000] {dagbag.py:587} INFO - Filling up the DagBag from /home/airflow/.local/lib/python3.12/site-packages/airflow/example_dags/example_python_operator.py
[2024-08-26T15:18:24.116+0000] {processor.py:925} INFO - DAG(s) 'example_python_operator' retrieved from /home/airflow/.local/lib/python3.12/site-packages/airflow/example_dags/example_python_operator.py
[2024-08-26T15:18:24.164+0000] {logging_mixin.py:190} INFO - [2024-08-26T15:18:24.164+0000] {dag.py:3211} INFO - Sync 1 DAGs
[2024-08-26T15:18:24.187+0000] {logging_mixin.py:190} INFO - [2024-08-26T15:18:24.187+0000] {dag.py:4138} INFO - Setting next_dagrun for example_python_operator to None, run_after=None
[2024-08-26T15:18:24.216+0000] {processor.py:208} INFO - Processing /home/airflow/.local/lib/python3.12/site-packages/airflow/example_dags/example_python_operator.py took 0.135 seconds
[2024-08-26T15:19:06.421+0000] {processor.py:186} INFO - Started process (PID=1069) to work on /home/airflow/.local/lib/python3.12/site-packages/airflow/example_dags/example_python_operator.py
[2024-08-26T15:19:06.423+0000] {processor.py:914} INFO - Processing file /home/airflow/.local/lib/python3.12/site-packages/airflow/example_dags/example_python_operator.py for tasks to queue
[2024-08-26T15:19:06.425+0000] {logging_mixin.py:190} INFO - [2024-08-26T15:19:06.424+0000] {dagbag.py:587} INFO - Filling up the DagBag from /home/airflow/.local/lib/python3.12/site-packages/airflow/example_dags/example_python_operator.py
[2024-08-26T15:19:06.442+0000] {processor.py:925} INFO - DAG(s) 'example_python_operator' retrieved from /home/airflow/.local/lib/python3.12/site-packages/airflow/example_dags/example_python_operator.py
[2024-08-26T15:19:06.472+0000] {logging_mixin.py:190} INFO - [2024-08-26T15:19:06.472+0000] {dag.py:3211} INFO - Sync 1 DAGs
[2024-08-26T15:19:06.493+0000] {logging_mixin.py:190} INFO - [2024-08-26T15:19:06.492+0000] {dag.py:4138} INFO - Setting next_dagrun for example_python_operator to None, run_after=None
[2024-08-26T15:19:06.518+0000] {processor.py:208} INFO - Processing /home/airflow/.local/lib/python3.12/site-packages/airflow/example_dags/example_python_operator.py took 0.104 seconds
[2024-08-26T15:19:43.771+0000] {processor.py:186} INFO - Started process (PID=1135) to work on /home/airflow/.local/lib/python3.12/site-packages/airflow/example_dags/example_python_operator.py
[2024-08-26T15:19:43.773+0000] {processor.py:914} INFO - Processing file /home/airflow/.local/lib/python3.12/site-packages/airflow/example_dags/example_python_operator.py for tasks to queue
[2024-08-26T15:19:43.774+0000] {logging_mixin.py:190} INFO - [2024-08-26T15:19:43.774+0000] {dagbag.py:587} INFO - Filling up the DagBag from /home/airflow/.local/lib/python3.12/site-packages/airflow/example_dags/example_python_operator.py
[2024-08-26T15:19:43.790+0000] {processor.py:925} INFO - DAG(s) 'example_python_operator' retrieved from /home/airflow/.local/lib/python3.12/site-packages/airflow/example_dags/example_python_operator.py
[2024-08-26T15:19:43.820+0000] {logging_mixin.py:190} INFO - [2024-08-26T15:19:43.819+0000] {dag.py:3211} INFO - Sync 1 DAGs
[2024-08-26T15:19:43.838+0000] {logging_mixin.py:190} INFO - [2024-08-26T15:19:43.838+0000] {dag.py:4138} INFO - Setting next_dagrun for example_python_operator to None, run_after=None
[2024-08-26T15:19:43.862+0000] {processor.py:208} INFO - Processing /home/airflow/.local/lib/python3.12/site-packages/airflow/example_dags/example_python_operator.py took 0.098 seconds
[2024-08-26T15:20:22.121+0000] {processor.py:186} INFO - Started process (PID=1202) to work on /home/airflow/.local/lib/python3.12/site-packages/airflow/example_dags/example_python_operator.py
[2024-08-26T15:20:22.122+0000] {processor.py:914} INFO - Processing file /home/airflow/.local/lib/python3.12/site-packages/airflow/example_dags/example_python_operator.py for tasks to queue
[2024-08-26T15:20:22.124+0000] {logging_mixin.py:190} INFO - [2024-08-26T15:20:22.124+0000] {dagbag.py:587} INFO - Filling up the DagBag from /home/airflow/.local/lib/python3.12/site-packages/airflow/example_dags/example_python_operator.py
[2024-08-26T15:20:22.143+0000] {processor.py:925} INFO - DAG(s) 'example_python_operator' retrieved from /home/airflow/.local/lib/python3.12/site-packages/airflow/example_dags/example_python_operator.py
[2024-08-26T15:20:22.175+0000] {logging_mixin.py:190} INFO - [2024-08-26T15:20:22.175+0000] {dag.py:3211} INFO - Sync 1 DAGs
[2024-08-26T15:20:22.196+0000] {logging_mixin.py:190} INFO - [2024-08-26T15:20:22.195+0000] {dag.py:4138} INFO - Setting next_dagrun for example_python_operator to None, run_after=None
[2024-08-26T15:20:22.220+0000] {processor.py:208} INFO - Processing /home/airflow/.local/lib/python3.12/site-packages/airflow/example_dags/example_python_operator.py took 0.107 seconds
[2024-08-26T15:21:00.438+0000] {processor.py:186} INFO - Started process (PID=1274) to work on /home/airflow/.local/lib/python3.12/site-packages/airflow/example_dags/example_python_operator.py
[2024-08-26T15:21:00.440+0000] {processor.py:914} INFO - Processing file /home/airflow/.local/lib/python3.12/site-packages/airflow/example_dags/example_python_operator.py for tasks to queue
[2024-08-26T15:21:00.442+0000] {logging_mixin.py:190} INFO - [2024-08-26T15:21:00.441+0000] {dagbag.py:587} INFO - Filling up the DagBag from /home/airflow/.local/lib/python3.12/site-packages/airflow/example_dags/example_python_operator.py
[2024-08-26T15:21:00.458+0000] {processor.py:925} INFO - DAG(s) 'example_python_operator' retrieved from /home/airflow/.local/lib/python3.12/site-packages/airflow/example_dags/example_python_operator.py
[2024-08-26T15:21:00.491+0000] {logging_mixin.py:190} INFO - [2024-08-26T15:21:00.491+0000] {dag.py:3211} INFO - Sync 1 DAGs
[2024-08-26T15:21:00.510+0000] {logging_mixin.py:190} INFO - [2024-08-26T15:21:00.510+0000] {dag.py:4138} INFO - Setting next_dagrun for example_python_operator to None, run_after=None
[2024-08-26T15:21:00.538+0000] {processor.py:208} INFO - Processing /home/airflow/.local/lib/python3.12/site-packages/airflow/example_dags/example_python_operator.py took 0.108 seconds
[2024-08-26T15:21:39.884+0000] {processor.py:186} INFO - Started process (PID=1341) to work on /home/airflow/.local/lib/python3.12/site-packages/airflow/example_dags/example_python_operator.py
[2024-08-26T15:21:39.885+0000] {processor.py:914} INFO - Processing file /home/airflow/.local/lib/python3.12/site-packages/airflow/example_dags/example_python_operator.py for tasks to queue
[2024-08-26T15:21:39.887+0000] {logging_mixin.py:190} INFO - [2024-08-26T15:21:39.887+0000] {dagbag.py:587} INFO - Filling up the DagBag from /home/airflow/.local/lib/python3.12/site-packages/airflow/example_dags/example_python_operator.py
[2024-08-26T15:21:39.907+0000] {processor.py:925} INFO - DAG(s) 'example_python_operator' retrieved from /home/airflow/.local/lib/python3.12/site-packages/airflow/example_dags/example_python_operator.py
[2024-08-26T15:21:39.944+0000] {logging_mixin.py:190} INFO - [2024-08-26T15:21:39.944+0000] {dag.py:3211} INFO - Sync 1 DAGs
[2024-08-26T15:21:39.967+0000] {logging_mixin.py:190} INFO - [2024-08-26T15:21:39.966+0000] {dag.py:4138} INFO - Setting next_dagrun for example_python_operator to None, run_after=None
[2024-08-26T15:21:40.000+0000] {processor.py:208} INFO - Processing /home/airflow/.local/lib/python3.12/site-packages/airflow/example_dags/example_python_operator.py took 0.125 seconds
[2024-08-26T15:22:30.820+0000] {processor.py:186} INFO - Started process (PID=1413) to work on /home/airflow/.local/lib/python3.12/site-packages/airflow/example_dags/example_python_operator.py
[2024-08-26T15:22:30.824+0000] {processor.py:914} INFO - Processing file /home/airflow/.local/lib/python3.12/site-packages/airflow/example_dags/example_python_operator.py for tasks to queue
[2024-08-26T15:22:30.831+0000] {logging_mixin.py:190} INFO - [2024-08-26T15:22:30.829+0000] {dagbag.py:587} INFO - Filling up the DagBag from /home/airflow/.local/lib/python3.12/site-packages/airflow/example_dags/example_python_operator.py
[2024-08-26T15:22:30.898+0000] {processor.py:925} INFO - DAG(s) 'example_python_operator' retrieved from /home/airflow/.local/lib/python3.12/site-packages/airflow/example_dags/example_python_operator.py
[2024-08-26T15:22:31.048+0000] {logging_mixin.py:190} INFO - [2024-08-26T15:22:31.047+0000] {dag.py:3211} INFO - Sync 1 DAGs
[2024-08-26T15:22:31.113+0000] {logging_mixin.py:190} INFO - [2024-08-26T15:22:31.112+0000] {dag.py:4138} INFO - Setting next_dagrun for example_python_operator to None, run_after=None
[2024-08-26T15:22:31.187+0000] {processor.py:208} INFO - Processing /home/airflow/.local/lib/python3.12/site-packages/airflow/example_dags/example_python_operator.py took 0.392 seconds
[2024-08-26T15:23:22.431+0000] {processor.py:186} INFO - Started process (PID=1479) to work on /home/airflow/.local/lib/python3.12/site-packages/airflow/example_dags/example_python_operator.py
[2024-08-26T15:23:22.433+0000] {processor.py:914} INFO - Processing file /home/airflow/.local/lib/python3.12/site-packages/airflow/example_dags/example_python_operator.py for tasks to queue
[2024-08-26T15:23:22.436+0000] {logging_mixin.py:190} INFO - [2024-08-26T15:23:22.435+0000] {dagbag.py:587} INFO - Filling up the DagBag from /home/airflow/.local/lib/python3.12/site-packages/airflow/example_dags/example_python_operator.py
[2024-08-26T15:23:22.459+0000] {processor.py:925} INFO - DAG(s) 'example_python_operator' retrieved from /home/airflow/.local/lib/python3.12/site-packages/airflow/example_dags/example_python_operator.py
[2024-08-26T15:23:22.502+0000] {logging_mixin.py:190} INFO - [2024-08-26T15:23:22.502+0000] {dag.py:3211} INFO - Sync 1 DAGs
[2024-08-26T15:23:22.529+0000] {logging_mixin.py:190} INFO - [2024-08-26T15:23:22.529+0000] {dag.py:4138} INFO - Setting next_dagrun for example_python_operator to None, run_after=None
[2024-08-26T15:23:22.562+0000] {processor.py:208} INFO - Processing /home/airflow/.local/lib/python3.12/site-packages/airflow/example_dags/example_python_operator.py took 0.142 seconds
[2024-08-26T15:23:56.144+0000] {processor.py:186} INFO - Started process (PID=1545) to work on /home/airflow/.local/lib/python3.12/site-packages/airflow/example_dags/example_python_operator.py
[2024-08-26T15:23:56.145+0000] {processor.py:914} INFO - Processing file /home/airflow/.local/lib/python3.12/site-packages/airflow/example_dags/example_python_operator.py for tasks to queue
[2024-08-26T15:23:56.147+0000] {logging_mixin.py:190} INFO - [2024-08-26T15:23:56.147+0000] {dagbag.py:587} INFO - Filling up the DagBag from /home/airflow/.local/lib/python3.12/site-packages/airflow/example_dags/example_python_operator.py
[2024-08-26T15:23:56.164+0000] {processor.py:925} INFO - DAG(s) 'example_python_operator' retrieved from /home/airflow/.local/lib/python3.12/site-packages/airflow/example_dags/example_python_operator.py
[2024-08-26T15:23:56.194+0000] {logging_mixin.py:190} INFO - [2024-08-26T15:23:56.194+0000] {dag.py:3211} INFO - Sync 1 DAGs
[2024-08-26T15:23:56.221+0000] {logging_mixin.py:190} INFO - [2024-08-26T15:23:56.220+0000] {dag.py:4138} INFO - Setting next_dagrun for example_python_operator to None, run_after=None
[2024-08-26T15:23:56.245+0000] {processor.py:208} INFO - Processing /home/airflow/.local/lib/python3.12/site-packages/airflow/example_dags/example_python_operator.py took 0.109 seconds
[2024-08-26T15:24:32.480+0000] {processor.py:186} INFO - Started process (PID=1617) to work on /home/airflow/.local/lib/python3.12/site-packages/airflow/example_dags/example_python_operator.py
[2024-08-26T15:24:32.481+0000] {processor.py:914} INFO - Processing file /home/airflow/.local/lib/python3.12/site-packages/airflow/example_dags/example_python_operator.py for tasks to queue
[2024-08-26T15:24:32.483+0000] {logging_mixin.py:190} INFO - [2024-08-26T15:24:32.483+0000] {dagbag.py:587} INFO - Filling up the DagBag from /home/airflow/.local/lib/python3.12/site-packages/airflow/example_dags/example_python_operator.py
[2024-08-26T15:24:32.500+0000] {processor.py:925} INFO - DAG(s) 'example_python_operator' retrieved from /home/airflow/.local/lib/python3.12/site-packages/airflow/example_dags/example_python_operator.py
[2024-08-26T15:24:32.537+0000] {logging_mixin.py:190} INFO - [2024-08-26T15:24:32.536+0000] {dag.py:3211} INFO - Sync 1 DAGs
[2024-08-26T15:24:32.558+0000] {logging_mixin.py:190} INFO - [2024-08-26T15:24:32.558+0000] {dag.py:4138} INFO - Setting next_dagrun for example_python_operator to None, run_after=None
[2024-08-26T15:24:32.587+0000] {processor.py:208} INFO - Processing /home/airflow/.local/lib/python3.12/site-packages/airflow/example_dags/example_python_operator.py took 0.116 seconds
[2024-08-26T15:25:10.643+0000] {processor.py:186} INFO - Started process (PID=1682) to work on /home/airflow/.local/lib/python3.12/site-packages/airflow/example_dags/example_python_operator.py
[2024-08-26T15:25:10.644+0000] {processor.py:914} INFO - Processing file /home/airflow/.local/lib/python3.12/site-packages/airflow/example_dags/example_python_operator.py for tasks to queue
[2024-08-26T15:25:10.646+0000] {logging_mixin.py:190} INFO - [2024-08-26T15:25:10.646+0000] {dagbag.py:587} INFO - Filling up the DagBag from /home/airflow/.local/lib/python3.12/site-packages/airflow/example_dags/example_python_operator.py
[2024-08-26T15:25:10.663+0000] {processor.py:925} INFO - DAG(s) 'example_python_operator' retrieved from /home/airflow/.local/lib/python3.12/site-packages/airflow/example_dags/example_python_operator.py
[2024-08-26T15:25:10.694+0000] {logging_mixin.py:190} INFO - [2024-08-26T15:25:10.694+0000] {dag.py:3211} INFO - Sync 1 DAGs
[2024-08-26T15:25:10.714+0000] {logging_mixin.py:190} INFO - [2024-08-26T15:25:10.714+0000] {dag.py:4138} INFO - Setting next_dagrun for example_python_operator to None, run_after=None
[2024-08-26T15:25:10.738+0000] {processor.py:208} INFO - Processing /home/airflow/.local/lib/python3.12/site-packages/airflow/example_dags/example_python_operator.py took 0.103 seconds
[2024-08-26T15:25:52.873+0000] {processor.py:186} INFO - Started process (PID=1748) to work on /home/airflow/.local/lib/python3.12/site-packages/airflow/example_dags/example_python_operator.py
[2024-08-26T15:25:52.875+0000] {processor.py:914} INFO - Processing file /home/airflow/.local/lib/python3.12/site-packages/airflow/example_dags/example_python_operator.py for tasks to queue
[2024-08-26T15:25:52.878+0000] {logging_mixin.py:190} INFO - [2024-08-26T15:25:52.877+0000] {dagbag.py:587} INFO - Filling up the DagBag from /home/airflow/.local/lib/python3.12/site-packages/airflow/example_dags/example_python_operator.py
[2024-08-26T15:25:52.902+0000] {processor.py:925} INFO - DAG(s) 'example_python_operator' retrieved from /home/airflow/.local/lib/python3.12/site-packages/airflow/example_dags/example_python_operator.py
[2024-08-26T15:25:52.944+0000] {logging_mixin.py:190} INFO - [2024-08-26T15:25:52.944+0000] {dag.py:3211} INFO - Sync 1 DAGs
[2024-08-26T15:25:52.970+0000] {logging_mixin.py:190} INFO - [2024-08-26T15:25:52.970+0000] {dag.py:4138} INFO - Setting next_dagrun for example_python_operator to None, run_after=None
[2024-08-26T15:25:53.009+0000] {processor.py:208} INFO - Processing /home/airflow/.local/lib/python3.12/site-packages/airflow/example_dags/example_python_operator.py took 0.147 seconds
[2024-08-26T15:27:20.029+0000] {processor.py:186} INFO - Started process (PID=1828) to work on /home/airflow/.local/lib/python3.12/site-packages/airflow/example_dags/example_python_operator.py
[2024-08-26T15:27:20.033+0000] {processor.py:914} INFO - Processing file /home/airflow/.local/lib/python3.12/site-packages/airflow/example_dags/example_python_operator.py for tasks to queue
[2024-08-26T15:27:20.038+0000] {logging_mixin.py:190} INFO - [2024-08-26T15:27:20.037+0000] {dagbag.py:587} INFO - Filling up the DagBag from /home/airflow/.local/lib/python3.12/site-packages/airflow/example_dags/example_python_operator.py
[2024-08-26T15:27:20.082+0000] {processor.py:925} INFO - DAG(s) 'example_python_operator' retrieved from /home/airflow/.local/lib/python3.12/site-packages/airflow/example_dags/example_python_operator.py
[2024-08-26T15:27:20.159+0000] {logging_mixin.py:190} INFO - [2024-08-26T15:27:20.158+0000] {dag.py:3211} INFO - Sync 1 DAGs
[2024-08-26T15:27:20.215+0000] {logging_mixin.py:190} INFO - [2024-08-26T15:27:20.214+0000] {dag.py:4138} INFO - Setting next_dagrun for example_python_operator to None, run_after=None
[2024-08-26T15:27:20.279+0000] {processor.py:208} INFO - Processing /home/airflow/.local/lib/python3.12/site-packages/airflow/example_dags/example_python_operator.py took 0.270 seconds
[2024-08-26T15:27:59.728+0000] {processor.py:186} INFO - Started process (PID=1896) to work on /home/airflow/.local/lib/python3.12/site-packages/airflow/example_dags/example_python_operator.py
[2024-08-26T15:27:59.734+0000] {processor.py:914} INFO - Processing file /home/airflow/.local/lib/python3.12/site-packages/airflow/example_dags/example_python_operator.py for tasks to queue
[2024-08-26T15:27:59.741+0000] {logging_mixin.py:190} INFO - [2024-08-26T15:27:59.740+0000] {dagbag.py:587} INFO - Filling up the DagBag from /home/airflow/.local/lib/python3.12/site-packages/airflow/example_dags/example_python_operator.py
[2024-08-26T15:27:59.811+0000] {processor.py:925} INFO - DAG(s) 'example_python_operator' retrieved from /home/airflow/.local/lib/python3.12/site-packages/airflow/example_dags/example_python_operator.py
[2024-08-26T15:28:00.021+0000] {logging_mixin.py:190} INFO - [2024-08-26T15:28:00.018+0000] {dag.py:3211} INFO - Sync 1 DAGs
[2024-08-26T15:28:00.159+0000] {logging_mixin.py:190} INFO - [2024-08-26T15:28:00.157+0000] {dag.py:4138} INFO - Setting next_dagrun for example_python_operator to None, run_after=None
[2024-08-26T15:28:00.278+0000] {processor.py:208} INFO - Processing /home/airflow/.local/lib/python3.12/site-packages/airflow/example_dags/example_python_operator.py took 0.578 seconds
[2024-08-26T15:28:41.874+0000] {processor.py:186} INFO - Started process (PID=1968) to work on /home/airflow/.local/lib/python3.12/site-packages/airflow/example_dags/example_python_operator.py
[2024-08-26T15:28:41.876+0000] {processor.py:914} INFO - Processing file /home/airflow/.local/lib/python3.12/site-packages/airflow/example_dags/example_python_operator.py for tasks to queue
[2024-08-26T15:28:41.879+0000] {logging_mixin.py:190} INFO - [2024-08-26T15:28:41.878+0000] {dagbag.py:587} INFO - Filling up the DagBag from /home/airflow/.local/lib/python3.12/site-packages/airflow/example_dags/example_python_operator.py
[2024-08-26T15:28:41.905+0000] {processor.py:925} INFO - DAG(s) 'example_python_operator' retrieved from /home/airflow/.local/lib/python3.12/site-packages/airflow/example_dags/example_python_operator.py
[2024-08-26T15:28:41.954+0000] {logging_mixin.py:190} INFO - [2024-08-26T15:28:41.954+0000] {dag.py:3211} INFO - Sync 1 DAGs
[2024-08-26T15:28:42.233+0000] {logging_mixin.py:190} INFO - [2024-08-26T15:28:42.233+0000] {dag.py:4138} INFO - Setting next_dagrun for example_python_operator to None, run_after=None
[2024-08-26T15:28:42.265+0000] {processor.py:208} INFO - Processing /home/airflow/.local/lib/python3.12/site-packages/airflow/example_dags/example_python_operator.py took 0.403 seconds
[2024-08-26T15:29:49.731+0000] {processor.py:186} INFO - Started process (PID=2041) to work on /home/airflow/.local/lib/python3.12/site-packages/airflow/example_dags/example_python_operator.py
[2024-08-26T15:29:49.739+0000] {processor.py:914} INFO - Processing file /home/airflow/.local/lib/python3.12/site-packages/airflow/example_dags/example_python_operator.py for tasks to queue
[2024-08-26T15:29:49.748+0000] {logging_mixin.py:190} INFO - [2024-08-26T15:29:49.746+0000] {dagbag.py:587} INFO - Filling up the DagBag from /home/airflow/.local/lib/python3.12/site-packages/airflow/example_dags/example_python_operator.py
[2024-08-26T15:29:49.823+0000] {processor.py:925} INFO - DAG(s) 'example_python_operator' retrieved from /home/airflow/.local/lib/python3.12/site-packages/airflow/example_dags/example_python_operator.py
[2024-08-26T15:29:49.988+0000] {logging_mixin.py:190} INFO - [2024-08-26T15:29:49.987+0000] {dag.py:3211} INFO - Sync 1 DAGs
[2024-08-26T15:29:50.106+0000] {logging_mixin.py:190} INFO - [2024-08-26T15:29:50.105+0000] {dag.py:4138} INFO - Setting next_dagrun for example_python_operator to None, run_after=None
[2024-08-26T15:29:50.273+0000] {processor.py:208} INFO - Processing /home/airflow/.local/lib/python3.12/site-packages/airflow/example_dags/example_python_operator.py took 0.575 seconds
[2024-08-26T15:31:05.581+0000] {processor.py:186} INFO - Started process (PID=2121) to work on /home/airflow/.local/lib/python3.12/site-packages/airflow/example_dags/example_python_operator.py
[2024-08-26T15:31:05.593+0000] {processor.py:914} INFO - Processing file /home/airflow/.local/lib/python3.12/site-packages/airflow/example_dags/example_python_operator.py for tasks to queue
[2024-08-26T15:31:05.601+0000] {logging_mixin.py:190} INFO - [2024-08-26T15:31:05.599+0000] {dagbag.py:587} INFO - Filling up the DagBag from /home/airflow/.local/lib/python3.12/site-packages/airflow/example_dags/example_python_operator.py
[2024-08-26T15:31:05.673+0000] {processor.py:925} INFO - DAG(s) 'example_python_operator' retrieved from /home/airflow/.local/lib/python3.12/site-packages/airflow/example_dags/example_python_operator.py
[2024-08-26T15:31:05.758+0000] {logging_mixin.py:190} INFO - [2024-08-26T15:31:05.757+0000] {dag.py:3211} INFO - Sync 1 DAGs
[2024-08-26T15:31:05.814+0000] {logging_mixin.py:190} INFO - [2024-08-26T15:31:05.813+0000] {dag.py:4138} INFO - Setting next_dagrun for example_python_operator to None, run_after=None
[2024-08-26T15:31:05.873+0000] {processor.py:208} INFO - Processing /home/airflow/.local/lib/python3.12/site-packages/airflow/example_dags/example_python_operator.py took 0.323 seconds
[2024-08-26T15:31:57.510+0000] {processor.py:186} INFO - Started process (PID=2192) to work on /home/airflow/.local/lib/python3.12/site-packages/airflow/example_dags/example_python_operator.py
[2024-08-26T15:31:57.516+0000] {processor.py:914} INFO - Processing file /home/airflow/.local/lib/python3.12/site-packages/airflow/example_dags/example_python_operator.py for tasks to queue
[2024-08-26T15:31:57.521+0000] {logging_mixin.py:190} INFO - [2024-08-26T15:31:57.520+0000] {dagbag.py:587} INFO - Filling up the DagBag from /home/airflow/.local/lib/python3.12/site-packages/airflow/example_dags/example_python_operator.py
[2024-08-26T15:31:57.588+0000] {processor.py:925} INFO - DAG(s) 'example_python_operator' retrieved from /home/airflow/.local/lib/python3.12/site-packages/airflow/example_dags/example_python_operator.py
[2024-08-26T15:31:57.701+0000] {logging_mixin.py:190} INFO - [2024-08-26T15:31:57.700+0000] {dag.py:3211} INFO - Sync 1 DAGs
[2024-08-26T15:31:57.767+0000] {logging_mixin.py:190} INFO - [2024-08-26T15:31:57.767+0000] {dag.py:4138} INFO - Setting next_dagrun for example_python_operator to None, run_after=None
[2024-08-26T15:31:57.903+0000] {processor.py:208} INFO - Processing /home/airflow/.local/lib/python3.12/site-packages/airflow/example_dags/example_python_operator.py took 0.419 seconds
[2024-08-26T15:33:17.161+0000] {processor.py:186} INFO - Started process (PID=2268) to work on /home/airflow/.local/lib/python3.12/site-packages/airflow/example_dags/example_python_operator.py
[2024-08-26T15:33:17.169+0000] {processor.py:914} INFO - Processing file /home/airflow/.local/lib/python3.12/site-packages/airflow/example_dags/example_python_operator.py for tasks to queue
[2024-08-26T15:33:17.179+0000] {logging_mixin.py:190} INFO - [2024-08-26T15:33:17.177+0000] {dagbag.py:587} INFO - Filling up the DagBag from /home/airflow/.local/lib/python3.12/site-packages/airflow/example_dags/example_python_operator.py
[2024-08-26T15:33:17.293+0000] {processor.py:925} INFO - DAG(s) 'example_python_operator' retrieved from /home/airflow/.local/lib/python3.12/site-packages/airflow/example_dags/example_python_operator.py
[2024-08-26T15:33:17.437+0000] {logging_mixin.py:190} INFO - [2024-08-26T15:33:17.435+0000] {dag.py:3211} INFO - Sync 1 DAGs
[2024-08-26T15:33:17.644+0000] {logging_mixin.py:190} INFO - [2024-08-26T15:33:17.642+0000] {dag.py:4138} INFO - Setting next_dagrun for example_python_operator to None, run_after=None
[2024-08-26T15:33:17.778+0000] {processor.py:208} INFO - Processing /home/airflow/.local/lib/python3.12/site-packages/airflow/example_dags/example_python_operator.py took 0.671 seconds
[2024-08-26T15:39:03.054+0000] {processor.py:186} INFO - Started process (PID=2398) to work on /home/airflow/.local/lib/python3.12/site-packages/airflow/example_dags/example_python_operator.py
[2024-08-26T15:39:03.059+0000] {processor.py:914} INFO - Processing file /home/airflow/.local/lib/python3.12/site-packages/airflow/example_dags/example_python_operator.py for tasks to queue
[2024-08-26T15:39:03.068+0000] {logging_mixin.py:190} INFO - [2024-08-26T15:39:03.066+0000] {dagbag.py:587} INFO - Filling up the DagBag from /home/airflow/.local/lib/python3.12/site-packages/airflow/example_dags/example_python_operator.py
[2024-08-26T15:39:03.126+0000] {processor.py:925} INFO - DAG(s) 'example_python_operator' retrieved from /home/airflow/.local/lib/python3.12/site-packages/airflow/example_dags/example_python_operator.py
[2024-08-26T15:39:03.234+0000] {logging_mixin.py:190} INFO - [2024-08-26T15:39:03.233+0000] {dag.py:3211} INFO - Sync 1 DAGs
[2024-08-26T15:39:03.301+0000] {logging_mixin.py:190} INFO - [2024-08-26T15:39:03.301+0000] {dag.py:4138} INFO - Setting next_dagrun for example_python_operator to None, run_after=None
[2024-08-26T15:39:03.392+0000] {processor.py:208} INFO - Processing /home/airflow/.local/lib/python3.12/site-packages/airflow/example_dags/example_python_operator.py took 0.371 seconds
[2024-08-26T15:39:35.990+0000] {processor.py:186} INFO - Started process (PID=2464) to work on /home/airflow/.local/lib/python3.12/site-packages/airflow/example_dags/example_python_operator.py
[2024-08-26T15:39:35.993+0000] {processor.py:914} INFO - Processing file /home/airflow/.local/lib/python3.12/site-packages/airflow/example_dags/example_python_operator.py for tasks to queue
[2024-08-26T15:39:35.997+0000] {logging_mixin.py:190} INFO - [2024-08-26T15:39:35.996+0000] {dagbag.py:587} INFO - Filling up the DagBag from /home/airflow/.local/lib/python3.12/site-packages/airflow/example_dags/example_python_operator.py
[2024-08-26T15:39:36.040+0000] {processor.py:925} INFO - DAG(s) 'example_python_operator' retrieved from /home/airflow/.local/lib/python3.12/site-packages/airflow/example_dags/example_python_operator.py
[2024-08-26T15:39:36.101+0000] {logging_mixin.py:190} INFO - [2024-08-26T15:39:36.100+0000] {dag.py:3211} INFO - Sync 1 DAGs
[2024-08-26T15:39:36.138+0000] {logging_mixin.py:190} INFO - [2024-08-26T15:39:36.138+0000] {dag.py:4138} INFO - Setting next_dagrun for example_python_operator to None, run_after=None
[2024-08-26T15:39:36.178+0000] {processor.py:208} INFO - Processing /home/airflow/.local/lib/python3.12/site-packages/airflow/example_dags/example_python_operator.py took 0.205 seconds
[2024-08-26T15:40:23.877+0000] {processor.py:186} INFO - Started process (PID=2531) to work on /home/airflow/.local/lib/python3.12/site-packages/airflow/example_dags/example_python_operator.py
[2024-08-26T15:40:23.880+0000] {processor.py:914} INFO - Processing file /home/airflow/.local/lib/python3.12/site-packages/airflow/example_dags/example_python_operator.py for tasks to queue
[2024-08-26T15:40:23.883+0000] {logging_mixin.py:190} INFO - [2024-08-26T15:40:23.882+0000] {dagbag.py:587} INFO - Filling up the DagBag from /home/airflow/.local/lib/python3.12/site-packages/airflow/example_dags/example_python_operator.py
[2024-08-26T15:40:23.908+0000] {processor.py:925} INFO - DAG(s) 'example_python_operator' retrieved from /home/airflow/.local/lib/python3.12/site-packages/airflow/example_dags/example_python_operator.py
[2024-08-26T15:40:23.960+0000] {logging_mixin.py:190} INFO - [2024-08-26T15:40:23.960+0000] {dag.py:3211} INFO - Sync 1 DAGs
[2024-08-26T15:40:23.992+0000] {logging_mixin.py:190} INFO - [2024-08-26T15:40:23.991+0000] {dag.py:4138} INFO - Setting next_dagrun for example_python_operator to None, run_after=None
[2024-08-26T15:40:24.031+0000] {processor.py:208} INFO - Processing /home/airflow/.local/lib/python3.12/site-packages/airflow/example_dags/example_python_operator.py took 0.170 seconds
[2024-08-26T15:41:16.292+0000] {processor.py:186} INFO - Started process (PID=2603) to work on /home/airflow/.local/lib/python3.12/site-packages/airflow/example_dags/example_python_operator.py
[2024-08-26T15:41:16.297+0000] {processor.py:914} INFO - Processing file /home/airflow/.local/lib/python3.12/site-packages/airflow/example_dags/example_python_operator.py for tasks to queue
[2024-08-26T15:41:16.305+0000] {logging_mixin.py:190} INFO - [2024-08-26T15:41:16.302+0000] {dagbag.py:587} INFO - Filling up the DagBag from /home/airflow/.local/lib/python3.12/site-packages/airflow/example_dags/example_python_operator.py
[2024-08-26T15:41:16.366+0000] {processor.py:925} INFO - DAG(s) 'example_python_operator' retrieved from /home/airflow/.local/lib/python3.12/site-packages/airflow/example_dags/example_python_operator.py
[2024-08-26T15:41:16.513+0000] {logging_mixin.py:190} INFO - [2024-08-26T15:41:16.512+0000] {dag.py:3211} INFO - Sync 1 DAGs
[2024-08-26T15:41:16.582+0000] {logging_mixin.py:190} INFO - [2024-08-26T15:41:16.581+0000] {dag.py:4138} INFO - Setting next_dagrun for example_python_operator to None, run_after=None
[2024-08-26T15:41:16.659+0000] {processor.py:208} INFO - Processing /home/airflow/.local/lib/python3.12/site-packages/airflow/example_dags/example_python_operator.py took 0.397 seconds
[2024-08-26T15:44:04.309+0000] {processor.py:186} INFO - Started process (PID=2703) to work on /home/airflow/.local/lib/python3.12/site-packages/airflow/example_dags/example_python_operator.py
[2024-08-26T15:44:04.314+0000] {processor.py:914} INFO - Processing file /home/airflow/.local/lib/python3.12/site-packages/airflow/example_dags/example_python_operator.py for tasks to queue
[2024-08-26T15:44:04.321+0000] {logging_mixin.py:190} INFO - [2024-08-26T15:44:04.320+0000] {dagbag.py:587} INFO - Filling up the DagBag from /home/airflow/.local/lib/python3.12/site-packages/airflow/example_dags/example_python_operator.py
[2024-08-26T15:44:04.379+0000] {processor.py:925} INFO - DAG(s) 'example_python_operator' retrieved from /home/airflow/.local/lib/python3.12/site-packages/airflow/example_dags/example_python_operator.py
[2024-08-26T15:44:04.479+0000] {logging_mixin.py:190} INFO - [2024-08-26T15:44:04.478+0000] {dag.py:3211} INFO - Sync 1 DAGs
[2024-08-26T15:44:04.538+0000] {logging_mixin.py:190} INFO - [2024-08-26T15:44:04.537+0000] {dag.py:4138} INFO - Setting next_dagrun for example_python_operator to None, run_after=None
[2024-08-26T15:44:04.609+0000] {processor.py:208} INFO - Processing /home/airflow/.local/lib/python3.12/site-packages/airflow/example_dags/example_python_operator.py took 0.332 seconds
[2024-08-26T15:44:43.807+0000] {processor.py:186} INFO - Started process (PID=2770) to work on /home/airflow/.local/lib/python3.12/site-packages/airflow/example_dags/example_python_operator.py
[2024-08-26T15:44:43.810+0000] {processor.py:914} INFO - Processing file /home/airflow/.local/lib/python3.12/site-packages/airflow/example_dags/example_python_operator.py for tasks to queue
[2024-08-26T15:44:43.814+0000] {logging_mixin.py:190} INFO - [2024-08-26T15:44:43.813+0000] {dagbag.py:587} INFO - Filling up the DagBag from /home/airflow/.local/lib/python3.12/site-packages/airflow/example_dags/example_python_operator.py
[2024-08-26T15:44:43.841+0000] {processor.py:925} INFO - DAG(s) 'example_python_operator' retrieved from /home/airflow/.local/lib/python3.12/site-packages/airflow/example_dags/example_python_operator.py
[2024-08-26T15:44:43.895+0000] {logging_mixin.py:190} INFO - [2024-08-26T15:44:43.895+0000] {dag.py:3211} INFO - Sync 1 DAGs
[2024-08-26T15:44:43.928+0000] {logging_mixin.py:190} INFO - [2024-08-26T15:44:43.928+0000] {dag.py:4138} INFO - Setting next_dagrun for example_python_operator to None, run_after=None
[2024-08-26T15:44:43.968+0000] {processor.py:208} INFO - Processing /home/airflow/.local/lib/python3.12/site-packages/airflow/example_dags/example_python_operator.py took 0.176 seconds
[2024-08-26T15:45:19.928+0000] {processor.py:186} INFO - Started process (PID=2836) to work on /home/airflow/.local/lib/python3.12/site-packages/airflow/example_dags/example_python_operator.py
[2024-08-26T15:45:19.929+0000] {processor.py:914} INFO - Processing file /home/airflow/.local/lib/python3.12/site-packages/airflow/example_dags/example_python_operator.py for tasks to queue
[2024-08-26T15:45:19.931+0000] {logging_mixin.py:190} INFO - [2024-08-26T15:45:19.931+0000] {dagbag.py:587} INFO - Filling up the DagBag from /home/airflow/.local/lib/python3.12/site-packages/airflow/example_dags/example_python_operator.py
[2024-08-26T15:45:19.948+0000] {processor.py:925} INFO - DAG(s) 'example_python_operator' retrieved from /home/airflow/.local/lib/python3.12/site-packages/airflow/example_dags/example_python_operator.py
[2024-08-26T15:45:19.982+0000] {logging_mixin.py:190} INFO - [2024-08-26T15:45:19.982+0000] {dag.py:3211} INFO - Sync 1 DAGs
[2024-08-26T15:45:20.005+0000] {logging_mixin.py:190} INFO - [2024-08-26T15:45:20.004+0000] {dag.py:4138} INFO - Setting next_dagrun for example_python_operator to None, run_after=None
[2024-08-26T15:45:20.029+0000] {processor.py:208} INFO - Processing /home/airflow/.local/lib/python3.12/site-packages/airflow/example_dags/example_python_operator.py took 0.111 seconds
[2024-08-26T15:46:07.230+0000] {processor.py:186} INFO - Started process (PID=2908) to work on /home/airflow/.local/lib/python3.12/site-packages/airflow/example_dags/example_python_operator.py
[2024-08-26T15:46:07.237+0000] {processor.py:914} INFO - Processing file /home/airflow/.local/lib/python3.12/site-packages/airflow/example_dags/example_python_operator.py for tasks to queue
[2024-08-26T15:46:07.247+0000] {logging_mixin.py:190} INFO - [2024-08-26T15:46:07.245+0000] {dagbag.py:587} INFO - Filling up the DagBag from /home/airflow/.local/lib/python3.12/site-packages/airflow/example_dags/example_python_operator.py
[2024-08-26T15:46:07.297+0000] {processor.py:925} INFO - DAG(s) 'example_python_operator' retrieved from /home/airflow/.local/lib/python3.12/site-packages/airflow/example_dags/example_python_operator.py
[2024-08-26T15:46:07.403+0000] {logging_mixin.py:190} INFO - [2024-08-26T15:46:07.402+0000] {dag.py:3211} INFO - Sync 1 DAGs
[2024-08-26T15:46:07.471+0000] {logging_mixin.py:190} INFO - [2024-08-26T15:46:07.470+0000] {dag.py:4138} INFO - Setting next_dagrun for example_python_operator to None, run_after=None
[2024-08-26T15:46:07.556+0000] {processor.py:208} INFO - Processing /home/airflow/.local/lib/python3.12/site-packages/airflow/example_dags/example_python_operator.py took 0.366 seconds
[2024-08-26T15:48:18.142+0000] {processor.py:186} INFO - Started process (PID=2996) to work on /home/airflow/.local/lib/python3.12/site-packages/airflow/example_dags/example_python_operator.py
[2024-08-26T15:48:18.147+0000] {processor.py:914} INFO - Processing file /home/airflow/.local/lib/python3.12/site-packages/airflow/example_dags/example_python_operator.py for tasks to queue
[2024-08-26T15:48:18.153+0000] {logging_mixin.py:190} INFO - [2024-08-26T15:48:18.152+0000] {dagbag.py:587} INFO - Filling up the DagBag from /home/airflow/.local/lib/python3.12/site-packages/airflow/example_dags/example_python_operator.py
[2024-08-26T15:48:18.200+0000] {processor.py:925} INFO - DAG(s) 'example_python_operator' retrieved from /home/airflow/.local/lib/python3.12/site-packages/airflow/example_dags/example_python_operator.py
[2024-08-26T15:48:18.312+0000] {logging_mixin.py:190} INFO - [2024-08-26T15:48:18.311+0000] {dag.py:3211} INFO - Sync 1 DAGs
[2024-08-26T15:48:18.376+0000] {logging_mixin.py:190} INFO - [2024-08-26T15:48:18.375+0000] {dag.py:4138} INFO - Setting next_dagrun for example_python_operator to None, run_after=None
[2024-08-26T15:48:18.444+0000] {processor.py:208} INFO - Processing /home/airflow/.local/lib/python3.12/site-packages/airflow/example_dags/example_python_operator.py took 0.326 seconds
[2024-08-26T15:51:16.947+0000] {processor.py:186} INFO - Started process (PID=3095) to work on /home/airflow/.local/lib/python3.12/site-packages/airflow/example_dags/example_python_operator.py
[2024-08-26T15:51:16.964+0000] {processor.py:914} INFO - Processing file /home/airflow/.local/lib/python3.12/site-packages/airflow/example_dags/example_python_operator.py for tasks to queue
[2024-08-26T15:51:16.970+0000] {logging_mixin.py:190} INFO - [2024-08-26T15:51:16.969+0000] {dagbag.py:587} INFO - Filling up the DagBag from /home/airflow/.local/lib/python3.12/site-packages/airflow/example_dags/example_python_operator.py
[2024-08-26T15:51:17.070+0000] {processor.py:925} INFO - DAG(s) 'example_python_operator' retrieved from /home/airflow/.local/lib/python3.12/site-packages/airflow/example_dags/example_python_operator.py
[2024-08-26T15:51:17.284+0000] {logging_mixin.py:190} INFO - [2024-08-26T15:51:17.272+0000] {dag.py:3211} INFO - Sync 1 DAGs
[2024-08-26T15:51:17.413+0000] {logging_mixin.py:190} INFO - [2024-08-26T15:51:17.412+0000] {dag.py:4138} INFO - Setting next_dagrun for example_python_operator to None, run_after=None
[2024-08-26T15:51:17.595+0000] {processor.py:208} INFO - Processing /home/airflow/.local/lib/python3.12/site-packages/airflow/example_dags/example_python_operator.py took 0.700 seconds
[2024-08-26T15:51:54.936+0000] {processor.py:186} INFO - Started process (PID=3164) to work on /home/airflow/.local/lib/python3.12/site-packages/airflow/example_dags/example_python_operator.py
[2024-08-26T15:51:54.939+0000] {processor.py:914} INFO - Processing file /home/airflow/.local/lib/python3.12/site-packages/airflow/example_dags/example_python_operator.py for tasks to queue
[2024-08-26T15:51:54.942+0000] {logging_mixin.py:190} INFO - [2024-08-26T15:51:54.941+0000] {dagbag.py:587} INFO - Filling up the DagBag from /home/airflow/.local/lib/python3.12/site-packages/airflow/example_dags/example_python_operator.py
[2024-08-26T15:51:54.968+0000] {processor.py:925} INFO - DAG(s) 'example_python_operator' retrieved from /home/airflow/.local/lib/python3.12/site-packages/airflow/example_dags/example_python_operator.py
[2024-08-26T15:51:55.024+0000] {logging_mixin.py:190} INFO - [2024-08-26T15:51:55.023+0000] {dag.py:3211} INFO - Sync 1 DAGs
[2024-08-26T15:51:55.057+0000] {logging_mixin.py:190} INFO - [2024-08-26T15:51:55.056+0000] {dag.py:4138} INFO - Setting next_dagrun for example_python_operator to None, run_after=None
[2024-08-26T15:51:55.096+0000] {processor.py:208} INFO - Processing /home/airflow/.local/lib/python3.12/site-packages/airflow/example_dags/example_python_operator.py took 0.175 seconds
[2024-08-26T15:52:36.996+0000] {processor.py:186} INFO - Started process (PID=3228) to work on /home/airflow/.local/lib/python3.12/site-packages/airflow/example_dags/example_python_operator.py
[2024-08-26T15:52:37.002+0000] {processor.py:914} INFO - Processing file /home/airflow/.local/lib/python3.12/site-packages/airflow/example_dags/example_python_operator.py for tasks to queue
[2024-08-26T15:52:37.009+0000] {logging_mixin.py:190} INFO - [2024-08-26T15:52:37.008+0000] {dagbag.py:587} INFO - Filling up the DagBag from /home/airflow/.local/lib/python3.12/site-packages/airflow/example_dags/example_python_operator.py
[2024-08-26T15:52:37.039+0000] {processor.py:925} INFO - DAG(s) 'example_python_operator' retrieved from /home/airflow/.local/lib/python3.12/site-packages/airflow/example_dags/example_python_operator.py
[2024-08-26T15:52:37.101+0000] {logging_mixin.py:190} INFO - [2024-08-26T15:52:37.101+0000] {dag.py:3211} INFO - Sync 1 DAGs
[2024-08-26T15:52:37.138+0000] {logging_mixin.py:190} INFO - [2024-08-26T15:52:37.138+0000] {dag.py:4138} INFO - Setting next_dagrun for example_python_operator to None, run_after=None
[2024-08-26T15:52:37.184+0000] {processor.py:208} INFO - Processing /home/airflow/.local/lib/python3.12/site-packages/airflow/example_dags/example_python_operator.py took 0.207 seconds
