[2024-08-26T10:34:42.349+0000] {processor.py:186} INFO - Started process (PID=66) to work on /home/airflow/.local/lib/python3.12/site-packages/airflow/example_dags/example_sensors.py
[2024-08-26T10:34:42.351+0000] {processor.py:914} INFO - Processing file /home/airflow/.local/lib/python3.12/site-packages/airflow/example_dags/example_sensors.py for tasks to queue
[2024-08-26T10:34:42.355+0000] {logging_mixin.py:190} INFO - [2024-08-26T10:34:42.355+0000] {dagbag.py:587} INFO - Filling up the DagBag from /home/airflow/.local/lib/python3.12/site-packages/airflow/example_dags/example_sensors.py
[2024-08-26T10:34:42.372+0000] {processor.py:925} INFO - DAG(s) 'example_sensors' retrieved from /home/airflow/.local/lib/python3.12/site-packages/airflow/example_dags/example_sensors.py
[2024-08-26T10:34:42.421+0000] {logging_mixin.py:190} INFO - [2024-08-26T10:34:42.421+0000] {dag.py:3211} INFO - Sync 1 DAGs
[2024-08-26T10:34:42.441+0000] {logging_mixin.py:190} INFO - [2024-08-26T10:34:42.441+0000] {dag.py:4138} INFO - Setting next_dagrun for example_sensors to None, run_after=None
[2024-08-26T10:34:42.467+0000] {processor.py:208} INFO - Processing /home/airflow/.local/lib/python3.12/site-packages/airflow/example_dags/example_sensors.py took 0.127 seconds
[2024-08-26T10:35:25.304+0000] {processor.py:186} INFO - Started process (PID=138) to work on /home/airflow/.local/lib/python3.12/site-packages/airflow/example_dags/example_sensors.py
[2024-08-26T10:35:25.306+0000] {processor.py:914} INFO - Processing file /home/airflow/.local/lib/python3.12/site-packages/airflow/example_dags/example_sensors.py for tasks to queue
[2024-08-26T10:35:25.310+0000] {logging_mixin.py:190} INFO - [2024-08-26T10:35:25.309+0000] {dagbag.py:587} INFO - Filling up the DagBag from /home/airflow/.local/lib/python3.12/site-packages/airflow/example_dags/example_sensors.py
[2024-08-26T10:35:25.326+0000] {processor.py:925} INFO - DAG(s) 'example_sensors' retrieved from /home/airflow/.local/lib/python3.12/site-packages/airflow/example_dags/example_sensors.py
[2024-08-26T10:35:25.363+0000] {logging_mixin.py:190} INFO - [2024-08-26T10:35:25.363+0000] {dag.py:3211} INFO - Sync 1 DAGs
[2024-08-26T10:35:25.384+0000] {logging_mixin.py:190} INFO - [2024-08-26T10:35:25.383+0000] {dag.py:4138} INFO - Setting next_dagrun for example_sensors to None, run_after=None
[2024-08-26T10:35:25.410+0000] {processor.py:208} INFO - Processing /home/airflow/.local/lib/python3.12/site-packages/airflow/example_dags/example_sensors.py took 0.114 seconds
[2024-08-26T10:38:01.321+0000] {processor.py:186} INFO - Started process (PID=66) to work on /home/airflow/.local/lib/python3.12/site-packages/airflow/example_dags/example_sensors.py
[2024-08-26T10:38:01.324+0000] {processor.py:914} INFO - Processing file /home/airflow/.local/lib/python3.12/site-packages/airflow/example_dags/example_sensors.py for tasks to queue
[2024-08-26T10:38:01.330+0000] {logging_mixin.py:190} INFO - [2024-08-26T10:38:01.329+0000] {dagbag.py:587} INFO - Filling up the DagBag from /home/airflow/.local/lib/python3.12/site-packages/airflow/example_dags/example_sensors.py
[2024-08-26T10:38:01.355+0000] {processor.py:925} INFO - DAG(s) 'example_sensors' retrieved from /home/airflow/.local/lib/python3.12/site-packages/airflow/example_dags/example_sensors.py
[2024-08-26T10:38:01.486+0000] {logging_mixin.py:190} INFO - [2024-08-26T10:38:01.486+0000] {dag.py:3211} INFO - Sync 1 DAGs
[2024-08-26T10:38:01.520+0000] {logging_mixin.py:190} INFO - [2024-08-26T10:38:01.520+0000] {dag.py:4138} INFO - Setting next_dagrun for example_sensors to None, run_after=None
[2024-08-26T10:38:01.566+0000] {processor.py:208} INFO - Processing /home/airflow/.local/lib/python3.12/site-packages/airflow/example_dags/example_sensors.py took 0.258 seconds
[2024-08-26T10:38:41.652+0000] {processor.py:186} INFO - Started process (PID=132) to work on /home/airflow/.local/lib/python3.12/site-packages/airflow/example_dags/example_sensors.py
[2024-08-26T10:38:41.654+0000] {processor.py:914} INFO - Processing file /home/airflow/.local/lib/python3.12/site-packages/airflow/example_dags/example_sensors.py for tasks to queue
[2024-08-26T10:38:41.658+0000] {logging_mixin.py:190} INFO - [2024-08-26T10:38:41.657+0000] {dagbag.py:587} INFO - Filling up the DagBag from /home/airflow/.local/lib/python3.12/site-packages/airflow/example_dags/example_sensors.py
[2024-08-26T10:38:41.673+0000] {processor.py:925} INFO - DAG(s) 'example_sensors' retrieved from /home/airflow/.local/lib/python3.12/site-packages/airflow/example_dags/example_sensors.py
[2024-08-26T10:38:41.710+0000] {logging_mixin.py:190} INFO - [2024-08-26T10:38:41.709+0000] {dag.py:3211} INFO - Sync 1 DAGs
[2024-08-26T10:38:41.729+0000] {logging_mixin.py:190} INFO - [2024-08-26T10:38:41.729+0000] {dag.py:4138} INFO - Setting next_dagrun for example_sensors to None, run_after=None
[2024-08-26T10:38:41.754+0000] {processor.py:208} INFO - Processing /home/airflow/.local/lib/python3.12/site-packages/airflow/example_dags/example_sensors.py took 0.110 seconds
[2024-08-26T10:39:19.233+0000] {processor.py:186} INFO - Started process (PID=198) to work on /home/airflow/.local/lib/python3.12/site-packages/airflow/example_dags/example_sensors.py
[2024-08-26T10:39:19.235+0000] {processor.py:914} INFO - Processing file /home/airflow/.local/lib/python3.12/site-packages/airflow/example_dags/example_sensors.py for tasks to queue
[2024-08-26T10:39:19.240+0000] {logging_mixin.py:190} INFO - [2024-08-26T10:39:19.240+0000] {dagbag.py:587} INFO - Filling up the DagBag from /home/airflow/.local/lib/python3.12/site-packages/airflow/example_dags/example_sensors.py
[2024-08-26T10:39:19.266+0000] {processor.py:925} INFO - DAG(s) 'example_sensors' retrieved from /home/airflow/.local/lib/python3.12/site-packages/airflow/example_dags/example_sensors.py
[2024-08-26T10:39:19.321+0000] {logging_mixin.py:190} INFO - [2024-08-26T10:39:19.321+0000] {dag.py:3211} INFO - Sync 1 DAGs
[2024-08-26T10:39:19.346+0000] {logging_mixin.py:190} INFO - [2024-08-26T10:39:19.346+0000] {dag.py:4138} INFO - Setting next_dagrun for example_sensors to None, run_after=None
[2024-08-26T10:39:19.385+0000] {processor.py:208} INFO - Processing /home/airflow/.local/lib/python3.12/site-packages/airflow/example_dags/example_sensors.py took 0.168 seconds
[2024-08-26T10:39:59.617+0000] {processor.py:186} INFO - Started process (PID=272) to work on /home/airflow/.local/lib/python3.12/site-packages/airflow/example_dags/example_sensors.py
[2024-08-26T10:39:59.618+0000] {processor.py:914} INFO - Processing file /home/airflow/.local/lib/python3.12/site-packages/airflow/example_dags/example_sensors.py for tasks to queue
[2024-08-26T10:39:59.623+0000] {logging_mixin.py:190} INFO - [2024-08-26T10:39:59.622+0000] {dagbag.py:587} INFO - Filling up the DagBag from /home/airflow/.local/lib/python3.12/site-packages/airflow/example_dags/example_sensors.py
[2024-08-26T10:39:59.640+0000] {processor.py:925} INFO - DAG(s) 'example_sensors' retrieved from /home/airflow/.local/lib/python3.12/site-packages/airflow/example_dags/example_sensors.py
[2024-08-26T10:39:59.702+0000] {logging_mixin.py:190} INFO - [2024-08-26T10:39:59.702+0000] {dag.py:3211} INFO - Sync 1 DAGs
[2024-08-26T10:39:59.726+0000] {logging_mixin.py:190} INFO - [2024-08-26T10:39:59.725+0000] {dag.py:4138} INFO - Setting next_dagrun for example_sensors to None, run_after=None
[2024-08-26T10:39:59.818+0000] {processor.py:208} INFO - Processing /home/airflow/.local/lib/python3.12/site-packages/airflow/example_dags/example_sensors.py took 0.210 seconds
[2024-08-26T10:40:43.254+0000] {processor.py:186} INFO - Started process (PID=340) to work on /home/airflow/.local/lib/python3.12/site-packages/airflow/example_dags/example_sensors.py
[2024-08-26T10:40:43.257+0000] {processor.py:914} INFO - Processing file /home/airflow/.local/lib/python3.12/site-packages/airflow/example_dags/example_sensors.py for tasks to queue
[2024-08-26T10:40:43.262+0000] {logging_mixin.py:190} INFO - [2024-08-26T10:40:43.261+0000] {dagbag.py:587} INFO - Filling up the DagBag from /home/airflow/.local/lib/python3.12/site-packages/airflow/example_dags/example_sensors.py
[2024-08-26T10:40:43.279+0000] {processor.py:925} INFO - DAG(s) 'example_sensors' retrieved from /home/airflow/.local/lib/python3.12/site-packages/airflow/example_dags/example_sensors.py
[2024-08-26T10:40:43.333+0000] {logging_mixin.py:190} INFO - [2024-08-26T10:40:43.333+0000] {dag.py:3211} INFO - Sync 1 DAGs
[2024-08-26T10:40:43.363+0000] {logging_mixin.py:190} INFO - [2024-08-26T10:40:43.362+0000] {dag.py:4138} INFO - Setting next_dagrun for example_sensors to None, run_after=None
[2024-08-26T10:40:43.402+0000] {processor.py:208} INFO - Processing /home/airflow/.local/lib/python3.12/site-packages/airflow/example_dags/example_sensors.py took 0.158 seconds
[2024-08-26T10:41:20.630+0000] {processor.py:186} INFO - Started process (PID=405) to work on /home/airflow/.local/lib/python3.12/site-packages/airflow/example_dags/example_sensors.py
[2024-08-26T10:41:20.631+0000] {processor.py:914} INFO - Processing file /home/airflow/.local/lib/python3.12/site-packages/airflow/example_dags/example_sensors.py for tasks to queue
[2024-08-26T10:41:20.635+0000] {logging_mixin.py:190} INFO - [2024-08-26T10:41:20.634+0000] {dagbag.py:587} INFO - Filling up the DagBag from /home/airflow/.local/lib/python3.12/site-packages/airflow/example_dags/example_sensors.py
[2024-08-26T10:41:20.650+0000] {processor.py:925} INFO - DAG(s) 'example_sensors' retrieved from /home/airflow/.local/lib/python3.12/site-packages/airflow/example_dags/example_sensors.py
[2024-08-26T10:41:20.687+0000] {logging_mixin.py:190} INFO - [2024-08-26T10:41:20.686+0000] {dag.py:3211} INFO - Sync 1 DAGs
[2024-08-26T10:41:20.710+0000] {logging_mixin.py:190} INFO - [2024-08-26T10:41:20.710+0000] {dag.py:4138} INFO - Setting next_dagrun for example_sensors to None, run_after=None
[2024-08-26T10:41:20.762+0000] {processor.py:208} INFO - Processing /home/airflow/.local/lib/python3.12/site-packages/airflow/example_dags/example_sensors.py took 0.140 seconds
[2024-08-26T10:42:03.492+0000] {processor.py:186} INFO - Started process (PID=477) to work on /home/airflow/.local/lib/python3.12/site-packages/airflow/example_dags/example_sensors.py
[2024-08-26T10:42:03.494+0000] {processor.py:914} INFO - Processing file /home/airflow/.local/lib/python3.12/site-packages/airflow/example_dags/example_sensors.py for tasks to queue
[2024-08-26T10:42:03.499+0000] {logging_mixin.py:190} INFO - [2024-08-26T10:42:03.498+0000] {dagbag.py:587} INFO - Filling up the DagBag from /home/airflow/.local/lib/python3.12/site-packages/airflow/example_dags/example_sensors.py
[2024-08-26T10:42:03.518+0000] {processor.py:925} INFO - DAG(s) 'example_sensors' retrieved from /home/airflow/.local/lib/python3.12/site-packages/airflow/example_dags/example_sensors.py
[2024-08-26T10:42:03.568+0000] {logging_mixin.py:190} INFO - [2024-08-26T10:42:03.568+0000] {dag.py:3211} INFO - Sync 1 DAGs
[2024-08-26T10:42:03.590+0000] {logging_mixin.py:190} INFO - [2024-08-26T10:42:03.590+0000] {dag.py:4138} INFO - Setting next_dagrun for example_sensors to None, run_after=None
[2024-08-26T10:42:03.638+0000] {processor.py:208} INFO - Processing /home/airflow/.local/lib/python3.12/site-packages/airflow/example_dags/example_sensors.py took 0.155 seconds
[2024-08-26T10:42:51.642+0000] {processor.py:186} INFO - Started process (PID=543) to work on /home/airflow/.local/lib/python3.12/site-packages/airflow/example_dags/example_sensors.py
[2024-08-26T10:42:51.645+0000] {processor.py:914} INFO - Processing file /home/airflow/.local/lib/python3.12/site-packages/airflow/example_dags/example_sensors.py for tasks to queue
[2024-08-26T10:42:51.647+0000] {logging_mixin.py:190} INFO - [2024-08-26T10:42:51.646+0000] {dagbag.py:587} INFO - Filling up the DagBag from /home/airflow/.local/lib/python3.12/site-packages/airflow/example_dags/example_sensors.py
[2024-08-26T10:42:51.666+0000] {processor.py:925} INFO - DAG(s) 'example_sensors' retrieved from /home/airflow/.local/lib/python3.12/site-packages/airflow/example_dags/example_sensors.py
[2024-08-26T10:42:51.727+0000] {logging_mixin.py:190} INFO - [2024-08-26T10:42:51.727+0000] {dag.py:3211} INFO - Sync 1 DAGs
[2024-08-26T10:42:51.756+0000] {logging_mixin.py:190} INFO - [2024-08-26T10:42:51.756+0000] {dag.py:4138} INFO - Setting next_dagrun for example_sensors to None, run_after=None
[2024-08-26T10:42:51.797+0000] {processor.py:208} INFO - Processing /home/airflow/.local/lib/python3.12/site-packages/airflow/example_dags/example_sensors.py took 0.165 seconds
[2024-08-26T10:43:34.657+0000] {processor.py:186} INFO - Started process (PID=623) to work on /home/airflow/.local/lib/python3.12/site-packages/airflow/example_dags/example_sensors.py
[2024-08-26T10:43:34.659+0000] {processor.py:914} INFO - Processing file /home/airflow/.local/lib/python3.12/site-packages/airflow/example_dags/example_sensors.py for tasks to queue
[2024-08-26T10:43:34.664+0000] {logging_mixin.py:190} INFO - [2024-08-26T10:43:34.663+0000] {dagbag.py:587} INFO - Filling up the DagBag from /home/airflow/.local/lib/python3.12/site-packages/airflow/example_dags/example_sensors.py
[2024-08-26T10:43:34.689+0000] {processor.py:925} INFO - DAG(s) 'example_sensors' retrieved from /home/airflow/.local/lib/python3.12/site-packages/airflow/example_dags/example_sensors.py
[2024-08-26T10:43:34.764+0000] {logging_mixin.py:190} INFO - [2024-08-26T10:43:34.764+0000] {dag.py:3211} INFO - Sync 1 DAGs
[2024-08-26T10:43:34.790+0000] {logging_mixin.py:190} INFO - [2024-08-26T10:43:34.790+0000] {dag.py:4138} INFO - Setting next_dagrun for example_sensors to None, run_after=None
[2024-08-26T10:43:34.956+0000] {processor.py:208} INFO - Processing /home/airflow/.local/lib/python3.12/site-packages/airflow/example_dags/example_sensors.py took 0.306 seconds
[2024-08-26T10:44:12.214+0000] {processor.py:186} INFO - Started process (PID=689) to work on /home/airflow/.local/lib/python3.12/site-packages/airflow/example_dags/example_sensors.py
[2024-08-26T10:44:12.215+0000] {processor.py:914} INFO - Processing file /home/airflow/.local/lib/python3.12/site-packages/airflow/example_dags/example_sensors.py for tasks to queue
[2024-08-26T10:44:12.217+0000] {logging_mixin.py:190} INFO - [2024-08-26T10:44:12.216+0000] {dagbag.py:587} INFO - Filling up the DagBag from /home/airflow/.local/lib/python3.12/site-packages/airflow/example_dags/example_sensors.py
[2024-08-26T10:44:12.234+0000] {processor.py:925} INFO - DAG(s) 'example_sensors' retrieved from /home/airflow/.local/lib/python3.12/site-packages/airflow/example_dags/example_sensors.py
[2024-08-26T10:44:12.282+0000] {logging_mixin.py:190} INFO - [2024-08-26T10:44:12.281+0000] {dag.py:3211} INFO - Sync 1 DAGs
[2024-08-26T10:44:12.307+0000] {logging_mixin.py:190} INFO - [2024-08-26T10:44:12.307+0000] {dag.py:4138} INFO - Setting next_dagrun for example_sensors to None, run_after=None
[2024-08-26T10:44:12.335+0000] {processor.py:208} INFO - Processing /home/airflow/.local/lib/python3.12/site-packages/airflow/example_dags/example_sensors.py took 0.132 seconds
[2024-08-26T10:44:51.608+0000] {processor.py:186} INFO - Started process (PID=756) to work on /home/airflow/.local/lib/python3.12/site-packages/airflow/example_dags/example_sensors.py
[2024-08-26T10:44:51.610+0000] {processor.py:914} INFO - Processing file /home/airflow/.local/lib/python3.12/site-packages/airflow/example_dags/example_sensors.py for tasks to queue
[2024-08-26T10:44:51.612+0000] {logging_mixin.py:190} INFO - [2024-08-26T10:44:51.611+0000] {dagbag.py:587} INFO - Filling up the DagBag from /home/airflow/.local/lib/python3.12/site-packages/airflow/example_dags/example_sensors.py
[2024-08-26T10:44:51.628+0000] {processor.py:925} INFO - DAG(s) 'example_sensors' retrieved from /home/airflow/.local/lib/python3.12/site-packages/airflow/example_dags/example_sensors.py
[2024-08-26T10:44:51.669+0000] {logging_mixin.py:190} INFO - [2024-08-26T10:44:51.668+0000] {dag.py:3211} INFO - Sync 1 DAGs
[2024-08-26T10:44:51.690+0000] {logging_mixin.py:190} INFO - [2024-08-26T10:44:51.690+0000] {dag.py:4138} INFO - Setting next_dagrun for example_sensors to None, run_after=None
[2024-08-26T10:44:51.717+0000] {processor.py:208} INFO - Processing /home/airflow/.local/lib/python3.12/site-packages/airflow/example_dags/example_sensors.py took 0.118 seconds
[2024-08-26T10:45:32.424+0000] {processor.py:186} INFO - Started process (PID=831) to work on /home/airflow/.local/lib/python3.12/site-packages/airflow/example_dags/example_sensors.py
[2024-08-26T10:45:32.426+0000] {processor.py:914} INFO - Processing file /home/airflow/.local/lib/python3.12/site-packages/airflow/example_dags/example_sensors.py for tasks to queue
[2024-08-26T10:45:32.428+0000] {logging_mixin.py:190} INFO - [2024-08-26T10:45:32.428+0000] {dagbag.py:587} INFO - Filling up the DagBag from /home/airflow/.local/lib/python3.12/site-packages/airflow/example_dags/example_sensors.py
[2024-08-26T10:45:32.449+0000] {processor.py:925} INFO - DAG(s) 'example_sensors' retrieved from /home/airflow/.local/lib/python3.12/site-packages/airflow/example_dags/example_sensors.py
[2024-08-26T10:45:32.496+0000] {logging_mixin.py:190} INFO - [2024-08-26T10:45:32.496+0000] {dag.py:3211} INFO - Sync 1 DAGs
[2024-08-26T10:45:32.525+0000] {logging_mixin.py:190} INFO - [2024-08-26T10:45:32.524+0000] {dag.py:4138} INFO - Setting next_dagrun for example_sensors to None, run_after=None
[2024-08-26T10:45:32.564+0000] {processor.py:208} INFO - Processing /home/airflow/.local/lib/python3.12/site-packages/airflow/example_dags/example_sensors.py took 0.149 seconds
[2024-08-26T10:46:11.142+0000] {processor.py:186} INFO - Started process (PID=903) to work on /home/airflow/.local/lib/python3.12/site-packages/airflow/example_dags/example_sensors.py
[2024-08-26T10:46:11.144+0000] {processor.py:914} INFO - Processing file /home/airflow/.local/lib/python3.12/site-packages/airflow/example_dags/example_sensors.py for tasks to queue
[2024-08-26T10:46:11.146+0000] {logging_mixin.py:190} INFO - [2024-08-26T10:46:11.145+0000] {dagbag.py:587} INFO - Filling up the DagBag from /home/airflow/.local/lib/python3.12/site-packages/airflow/example_dags/example_sensors.py
[2024-08-26T10:46:11.163+0000] {processor.py:925} INFO - DAG(s) 'example_sensors' retrieved from /home/airflow/.local/lib/python3.12/site-packages/airflow/example_dags/example_sensors.py
[2024-08-26T10:46:11.199+0000] {logging_mixin.py:190} INFO - [2024-08-26T10:46:11.199+0000] {dag.py:3211} INFO - Sync 1 DAGs
[2024-08-26T10:46:11.221+0000] {logging_mixin.py:190} INFO - [2024-08-26T10:46:11.221+0000] {dag.py:4138} INFO - Setting next_dagrun for example_sensors to None, run_after=None
[2024-08-26T10:46:11.247+0000] {processor.py:208} INFO - Processing /home/airflow/.local/lib/python3.12/site-packages/airflow/example_dags/example_sensors.py took 0.113 seconds
[2024-08-26T10:46:49.802+0000] {processor.py:186} INFO - Started process (PID=969) to work on /home/airflow/.local/lib/python3.12/site-packages/airflow/example_dags/example_sensors.py
[2024-08-26T10:46:49.803+0000] {processor.py:914} INFO - Processing file /home/airflow/.local/lib/python3.12/site-packages/airflow/example_dags/example_sensors.py for tasks to queue
[2024-08-26T10:46:49.806+0000] {logging_mixin.py:190} INFO - [2024-08-26T10:46:49.805+0000] {dagbag.py:587} INFO - Filling up the DagBag from /home/airflow/.local/lib/python3.12/site-packages/airflow/example_dags/example_sensors.py
[2024-08-26T10:46:49.823+0000] {processor.py:925} INFO - DAG(s) 'example_sensors' retrieved from /home/airflow/.local/lib/python3.12/site-packages/airflow/example_dags/example_sensors.py
[2024-08-26T10:46:49.861+0000] {logging_mixin.py:190} INFO - [2024-08-26T10:46:49.861+0000] {dag.py:3211} INFO - Sync 1 DAGs
[2024-08-26T10:46:49.882+0000] {logging_mixin.py:190} INFO - [2024-08-26T10:46:49.881+0000] {dag.py:4138} INFO - Setting next_dagrun for example_sensors to None, run_after=None
[2024-08-26T10:46:49.908+0000] {processor.py:208} INFO - Processing /home/airflow/.local/lib/python3.12/site-packages/airflow/example_dags/example_sensors.py took 0.115 seconds
[2024-08-26T10:47:40.899+0000] {processor.py:186} INFO - Started process (PID=1052) to work on /home/airflow/.local/lib/python3.12/site-packages/airflow/example_dags/example_sensors.py
[2024-08-26T10:47:40.901+0000] {processor.py:914} INFO - Processing file /home/airflow/.local/lib/python3.12/site-packages/airflow/example_dags/example_sensors.py for tasks to queue
[2024-08-26T10:47:40.904+0000] {logging_mixin.py:190} INFO - [2024-08-26T10:47:40.904+0000] {dagbag.py:587} INFO - Filling up the DagBag from /home/airflow/.local/lib/python3.12/site-packages/airflow/example_dags/example_sensors.py
[2024-08-26T10:47:40.922+0000] {processor.py:925} INFO - DAG(s) 'example_sensors' retrieved from /home/airflow/.local/lib/python3.12/site-packages/airflow/example_dags/example_sensors.py
[2024-08-26T10:47:40.966+0000] {logging_mixin.py:190} INFO - [2024-08-26T10:47:40.966+0000] {dag.py:3211} INFO - Sync 1 DAGs
[2024-08-26T10:47:40.986+0000] {logging_mixin.py:190} INFO - [2024-08-26T10:47:40.986+0000] {dag.py:4138} INFO - Setting next_dagrun for example_sensors to None, run_after=None
[2024-08-26T10:47:41.016+0000] {processor.py:208} INFO - Processing /home/airflow/.local/lib/python3.12/site-packages/airflow/example_dags/example_sensors.py took 0.130 seconds
[2024-08-26T10:48:20.713+0000] {processor.py:186} INFO - Started process (PID=1118) to work on /home/airflow/.local/lib/python3.12/site-packages/airflow/example_dags/example_sensors.py
[2024-08-26T10:48:20.715+0000] {processor.py:914} INFO - Processing file /home/airflow/.local/lib/python3.12/site-packages/airflow/example_dags/example_sensors.py for tasks to queue
[2024-08-26T10:48:20.717+0000] {logging_mixin.py:190} INFO - [2024-08-26T10:48:20.717+0000] {dagbag.py:587} INFO - Filling up the DagBag from /home/airflow/.local/lib/python3.12/site-packages/airflow/example_dags/example_sensors.py
[2024-08-26T10:48:20.733+0000] {processor.py:925} INFO - DAG(s) 'example_sensors' retrieved from /home/airflow/.local/lib/python3.12/site-packages/airflow/example_dags/example_sensors.py
[2024-08-26T10:48:20.769+0000] {logging_mixin.py:190} INFO - [2024-08-26T10:48:20.769+0000] {dag.py:3211} INFO - Sync 1 DAGs
[2024-08-26T10:48:20.789+0000] {logging_mixin.py:190} INFO - [2024-08-26T10:48:20.788+0000] {dag.py:4138} INFO - Setting next_dagrun for example_sensors to None, run_after=None
[2024-08-26T10:48:20.812+0000] {processor.py:208} INFO - Processing /home/airflow/.local/lib/python3.12/site-packages/airflow/example_dags/example_sensors.py took 0.107 seconds
[2024-08-26T10:49:03.821+0000] {processor.py:186} INFO - Started process (PID=1194) to work on /home/airflow/.local/lib/python3.12/site-packages/airflow/example_dags/example_sensors.py
[2024-08-26T10:49:03.824+0000] {processor.py:914} INFO - Processing file /home/airflow/.local/lib/python3.12/site-packages/airflow/example_dags/example_sensors.py for tasks to queue
[2024-08-26T10:49:03.827+0000] {logging_mixin.py:190} INFO - [2024-08-26T10:49:03.827+0000] {dagbag.py:587} INFO - Filling up the DagBag from /home/airflow/.local/lib/python3.12/site-packages/airflow/example_dags/example_sensors.py
[2024-08-26T10:49:03.866+0000] {processor.py:925} INFO - DAG(s) 'example_sensors' retrieved from /home/airflow/.local/lib/python3.12/site-packages/airflow/example_dags/example_sensors.py
[2024-08-26T10:49:03.974+0000] {logging_mixin.py:190} INFO - [2024-08-26T10:49:03.973+0000] {dag.py:3211} INFO - Sync 1 DAGs
[2024-08-26T10:49:04.084+0000] {logging_mixin.py:190} INFO - [2024-08-26T10:49:04.083+0000] {dag.py:4138} INFO - Setting next_dagrun for example_sensors to None, run_after=None
[2024-08-26T10:49:04.943+0000] {processor.py:208} INFO - Processing /home/airflow/.local/lib/python3.12/site-packages/airflow/example_dags/example_sensors.py took 1.118 seconds
[2024-08-26T10:49:43.725+0000] {processor.py:186} INFO - Started process (PID=1265) to work on /home/airflow/.local/lib/python3.12/site-packages/airflow/example_dags/example_sensors.py
[2024-08-26T10:49:43.727+0000] {processor.py:914} INFO - Processing file /home/airflow/.local/lib/python3.12/site-packages/airflow/example_dags/example_sensors.py for tasks to queue
[2024-08-26T10:49:43.729+0000] {logging_mixin.py:190} INFO - [2024-08-26T10:49:43.729+0000] {dagbag.py:587} INFO - Filling up the DagBag from /home/airflow/.local/lib/python3.12/site-packages/airflow/example_dags/example_sensors.py
[2024-08-26T10:49:43.749+0000] {processor.py:925} INFO - DAG(s) 'example_sensors' retrieved from /home/airflow/.local/lib/python3.12/site-packages/airflow/example_dags/example_sensors.py
[2024-08-26T10:49:43.792+0000] {logging_mixin.py:190} INFO - [2024-08-26T10:49:43.791+0000] {dag.py:3211} INFO - Sync 1 DAGs
[2024-08-26T10:49:43.811+0000] {logging_mixin.py:190} INFO - [2024-08-26T10:49:43.810+0000] {dag.py:4138} INFO - Setting next_dagrun for example_sensors to None, run_after=None
[2024-08-26T10:49:43.836+0000] {processor.py:208} INFO - Processing /home/airflow/.local/lib/python3.12/site-packages/airflow/example_dags/example_sensors.py took 0.120 seconds
[2024-08-26T15:09:24.586+0000] {processor.py:186} INFO - Started process (PID=60) to work on /home/airflow/.local/lib/python3.12/site-packages/airflow/example_dags/example_sensors.py
[2024-08-26T15:09:24.588+0000] {processor.py:914} INFO - Processing file /home/airflow/.local/lib/python3.12/site-packages/airflow/example_dags/example_sensors.py for tasks to queue
[2024-08-26T15:09:24.591+0000] {logging_mixin.py:190} INFO - [2024-08-26T15:09:24.591+0000] {dagbag.py:587} INFO - Filling up the DagBag from /home/airflow/.local/lib/python3.12/site-packages/airflow/example_dags/example_sensors.py
[2024-08-26T15:09:24.607+0000] {processor.py:925} INFO - DAG(s) 'example_sensors' retrieved from /home/airflow/.local/lib/python3.12/site-packages/airflow/example_dags/example_sensors.py
[2024-08-26T15:09:24.652+0000] {logging_mixin.py:190} INFO - [2024-08-26T15:09:24.651+0000] {dag.py:3211} INFO - Sync 1 DAGs
[2024-08-26T15:09:24.671+0000] {logging_mixin.py:190} INFO - [2024-08-26T15:09:24.670+0000] {dag.py:4138} INFO - Setting next_dagrun for example_sensors to None, run_after=None
[2024-08-26T15:09:24.698+0000] {processor.py:208} INFO - Processing /home/airflow/.local/lib/python3.12/site-packages/airflow/example_dags/example_sensors.py took 0.120 seconds
[2024-08-26T15:10:08.151+0000] {processor.py:186} INFO - Started process (PID=132) to work on /home/airflow/.local/lib/python3.12/site-packages/airflow/example_dags/example_sensors.py
[2024-08-26T15:10:08.183+0000] {processor.py:914} INFO - Processing file /home/airflow/.local/lib/python3.12/site-packages/airflow/example_dags/example_sensors.py for tasks to queue
[2024-08-26T15:10:08.187+0000] {logging_mixin.py:190} INFO - [2024-08-26T15:10:08.187+0000] {dagbag.py:587} INFO - Filling up the DagBag from /home/airflow/.local/lib/python3.12/site-packages/airflow/example_dags/example_sensors.py
[2024-08-26T15:10:08.208+0000] {processor.py:925} INFO - DAG(s) 'example_sensors' retrieved from /home/airflow/.local/lib/python3.12/site-packages/airflow/example_dags/example_sensors.py
[2024-08-26T15:10:08.255+0000] {logging_mixin.py:190} INFO - [2024-08-26T15:10:08.255+0000] {dag.py:3211} INFO - Sync 1 DAGs
[2024-08-26T15:10:08.277+0000] {logging_mixin.py:190} INFO - [2024-08-26T15:10:08.277+0000] {dag.py:4138} INFO - Setting next_dagrun for example_sensors to None, run_after=None
[2024-08-26T15:10:08.302+0000] {processor.py:208} INFO - Processing /home/airflow/.local/lib/python3.12/site-packages/airflow/example_dags/example_sensors.py took 0.161 seconds
[2024-08-26T15:10:46.369+0000] {processor.py:186} INFO - Started process (PID=199) to work on /home/airflow/.local/lib/python3.12/site-packages/airflow/example_dags/example_sensors.py
[2024-08-26T15:10:46.370+0000] {processor.py:914} INFO - Processing file /home/airflow/.local/lib/python3.12/site-packages/airflow/example_dags/example_sensors.py for tasks to queue
[2024-08-26T15:10:46.374+0000] {logging_mixin.py:190} INFO - [2024-08-26T15:10:46.373+0000] {dagbag.py:587} INFO - Filling up the DagBag from /home/airflow/.local/lib/python3.12/site-packages/airflow/example_dags/example_sensors.py
[2024-08-26T15:10:46.388+0000] {processor.py:925} INFO - DAG(s) 'example_sensors' retrieved from /home/airflow/.local/lib/python3.12/site-packages/airflow/example_dags/example_sensors.py
[2024-08-26T15:10:46.423+0000] {logging_mixin.py:190} INFO - [2024-08-26T15:10:46.423+0000] {dag.py:3211} INFO - Sync 1 DAGs
[2024-08-26T15:10:46.441+0000] {logging_mixin.py:190} INFO - [2024-08-26T15:10:46.441+0000] {dag.py:4138} INFO - Setting next_dagrun for example_sensors to None, run_after=None
[2024-08-26T15:10:46.464+0000] {processor.py:208} INFO - Processing /home/airflow/.local/lib/python3.12/site-packages/airflow/example_dags/example_sensors.py took 0.102 seconds
[2024-08-26T15:11:23.543+0000] {processor.py:186} INFO - Started process (PID=265) to work on /home/airflow/.local/lib/python3.12/site-packages/airflow/example_dags/example_sensors.py
[2024-08-26T15:11:23.545+0000] {processor.py:914} INFO - Processing file /home/airflow/.local/lib/python3.12/site-packages/airflow/example_dags/example_sensors.py for tasks to queue
[2024-08-26T15:11:23.548+0000] {logging_mixin.py:190} INFO - [2024-08-26T15:11:23.548+0000] {dagbag.py:587} INFO - Filling up the DagBag from /home/airflow/.local/lib/python3.12/site-packages/airflow/example_dags/example_sensors.py
[2024-08-26T15:11:23.564+0000] {processor.py:925} INFO - DAG(s) 'example_sensors' retrieved from /home/airflow/.local/lib/python3.12/site-packages/airflow/example_dags/example_sensors.py
[2024-08-26T15:11:23.600+0000] {logging_mixin.py:190} INFO - [2024-08-26T15:11:23.600+0000] {dag.py:3211} INFO - Sync 1 DAGs
[2024-08-26T15:11:23.619+0000] {logging_mixin.py:190} INFO - [2024-08-26T15:11:23.619+0000] {dag.py:4138} INFO - Setting next_dagrun for example_sensors to None, run_after=None
[2024-08-26T15:11:23.642+0000] {processor.py:208} INFO - Processing /home/airflow/.local/lib/python3.12/site-packages/airflow/example_dags/example_sensors.py took 0.106 seconds
[2024-08-26T15:12:02.140+0000] {processor.py:186} INFO - Started process (PID=337) to work on /home/airflow/.local/lib/python3.12/site-packages/airflow/example_dags/example_sensors.py
[2024-08-26T15:12:02.141+0000] {processor.py:914} INFO - Processing file /home/airflow/.local/lib/python3.12/site-packages/airflow/example_dags/example_sensors.py for tasks to queue
[2024-08-26T15:12:02.145+0000] {logging_mixin.py:190} INFO - [2024-08-26T15:12:02.145+0000] {dagbag.py:587} INFO - Filling up the DagBag from /home/airflow/.local/lib/python3.12/site-packages/airflow/example_dags/example_sensors.py
[2024-08-26T15:12:02.162+0000] {processor.py:925} INFO - DAG(s) 'example_sensors' retrieved from /home/airflow/.local/lib/python3.12/site-packages/airflow/example_dags/example_sensors.py
[2024-08-26T15:12:02.199+0000] {logging_mixin.py:190} INFO - [2024-08-26T15:12:02.199+0000] {dag.py:3211} INFO - Sync 1 DAGs
[2024-08-26T15:12:02.218+0000] {logging_mixin.py:190} INFO - [2024-08-26T15:12:02.218+0000] {dag.py:4138} INFO - Setting next_dagrun for example_sensors to None, run_after=None
[2024-08-26T15:12:02.242+0000] {processor.py:208} INFO - Processing /home/airflow/.local/lib/python3.12/site-packages/airflow/example_dags/example_sensors.py took 0.109 seconds
[2024-08-26T15:12:42.083+0000] {processor.py:186} INFO - Started process (PID=404) to work on /home/airflow/.local/lib/python3.12/site-packages/airflow/example_dags/example_sensors.py
[2024-08-26T15:12:42.084+0000] {processor.py:914} INFO - Processing file /home/airflow/.local/lib/python3.12/site-packages/airflow/example_dags/example_sensors.py for tasks to queue
[2024-08-26T15:12:42.087+0000] {logging_mixin.py:190} INFO - [2024-08-26T15:12:42.087+0000] {dagbag.py:587} INFO - Filling up the DagBag from /home/airflow/.local/lib/python3.12/site-packages/airflow/example_dags/example_sensors.py
[2024-08-26T15:12:42.106+0000] {processor.py:925} INFO - DAG(s) 'example_sensors' retrieved from /home/airflow/.local/lib/python3.12/site-packages/airflow/example_dags/example_sensors.py
[2024-08-26T15:12:42.143+0000] {logging_mixin.py:190} INFO - [2024-08-26T15:12:42.143+0000] {dag.py:3211} INFO - Sync 1 DAGs
[2024-08-26T15:12:42.163+0000] {logging_mixin.py:190} INFO - [2024-08-26T15:12:42.162+0000] {dag.py:4138} INFO - Setting next_dagrun for example_sensors to None, run_after=None
[2024-08-26T15:12:42.187+0000] {processor.py:208} INFO - Processing /home/airflow/.local/lib/python3.12/site-packages/airflow/example_dags/example_sensors.py took 0.114 seconds
[2024-08-26T15:13:31.981+0000] {processor.py:186} INFO - Started process (PID=487) to work on /home/airflow/.local/lib/python3.12/site-packages/airflow/example_dags/example_sensors.py
[2024-08-26T15:13:31.983+0000] {processor.py:914} INFO - Processing file /home/airflow/.local/lib/python3.12/site-packages/airflow/example_dags/example_sensors.py for tasks to queue
[2024-08-26T15:13:31.987+0000] {logging_mixin.py:190} INFO - [2024-08-26T15:13:31.987+0000] {dagbag.py:587} INFO - Filling up the DagBag from /home/airflow/.local/lib/python3.12/site-packages/airflow/example_dags/example_sensors.py
[2024-08-26T15:13:32.008+0000] {processor.py:925} INFO - DAG(s) 'example_sensors' retrieved from /home/airflow/.local/lib/python3.12/site-packages/airflow/example_dags/example_sensors.py
[2024-08-26T15:13:32.056+0000] {logging_mixin.py:190} INFO - [2024-08-26T15:13:32.055+0000] {dag.py:3211} INFO - Sync 1 DAGs
[2024-08-26T15:13:32.096+0000] {logging_mixin.py:190} INFO - [2024-08-26T15:13:32.095+0000] {dag.py:4138} INFO - Setting next_dagrun for example_sensors to None, run_after=None
[2024-08-26T15:13:32.137+0000] {processor.py:208} INFO - Processing /home/airflow/.local/lib/python3.12/site-packages/airflow/example_dags/example_sensors.py took 0.168 seconds
[2024-08-26T15:14:27.774+0000] {processor.py:186} INFO - Started process (PID=553) to work on /home/airflow/.local/lib/python3.12/site-packages/airflow/example_dags/example_sensors.py
[2024-08-26T15:14:27.776+0000] {processor.py:914} INFO - Processing file /home/airflow/.local/lib/python3.12/site-packages/airflow/example_dags/example_sensors.py for tasks to queue
[2024-08-26T15:14:27.780+0000] {logging_mixin.py:190} INFO - [2024-08-26T15:14:27.780+0000] {dagbag.py:587} INFO - Filling up the DagBag from /home/airflow/.local/lib/python3.12/site-packages/airflow/example_dags/example_sensors.py
[2024-08-26T15:14:27.802+0000] {processor.py:925} INFO - DAG(s) 'example_sensors' retrieved from /home/airflow/.local/lib/python3.12/site-packages/airflow/example_dags/example_sensors.py
[2024-08-26T15:14:27.862+0000] {logging_mixin.py:190} INFO - [2024-08-26T15:14:27.861+0000] {dag.py:3211} INFO - Sync 1 DAGs
[2024-08-26T15:14:27.890+0000] {logging_mixin.py:190} INFO - [2024-08-26T15:14:27.890+0000] {dag.py:4138} INFO - Setting next_dagrun for example_sensors to None, run_after=None
[2024-08-26T15:14:27.929+0000] {processor.py:208} INFO - Processing /home/airflow/.local/lib/python3.12/site-packages/airflow/example_dags/example_sensors.py took 0.164 seconds
[2024-08-26T15:15:05.952+0000] {processor.py:186} INFO - Started process (PID=626) to work on /home/airflow/.local/lib/python3.12/site-packages/airflow/example_dags/example_sensors.py
[2024-08-26T15:15:05.953+0000] {processor.py:914} INFO - Processing file /home/airflow/.local/lib/python3.12/site-packages/airflow/example_dags/example_sensors.py for tasks to queue
[2024-08-26T15:15:05.955+0000] {logging_mixin.py:190} INFO - [2024-08-26T15:15:05.955+0000] {dagbag.py:587} INFO - Filling up the DagBag from /home/airflow/.local/lib/python3.12/site-packages/airflow/example_dags/example_sensors.py
[2024-08-26T15:15:05.982+0000] {processor.py:925} INFO - DAG(s) 'example_sensors' retrieved from /home/airflow/.local/lib/python3.12/site-packages/airflow/example_dags/example_sensors.py
[2024-08-26T15:15:06.037+0000] {logging_mixin.py:190} INFO - [2024-08-26T15:15:06.037+0000] {dag.py:3211} INFO - Sync 1 DAGs
[2024-08-26T15:15:06.088+0000] {logging_mixin.py:190} INFO - [2024-08-26T15:15:06.087+0000] {dag.py:4138} INFO - Setting next_dagrun for example_sensors to None, run_after=None
[2024-08-26T15:15:06.314+0000] {processor.py:208} INFO - Processing /home/airflow/.local/lib/python3.12/site-packages/airflow/example_dags/example_sensors.py took 0.373 seconds
[2024-08-26T15:15:52.021+0000] {processor.py:186} INFO - Started process (PID=692) to work on /home/airflow/.local/lib/python3.12/site-packages/airflow/example_dags/example_sensors.py
[2024-08-26T15:15:52.023+0000] {processor.py:914} INFO - Processing file /home/airflow/.local/lib/python3.12/site-packages/airflow/example_dags/example_sensors.py for tasks to queue
[2024-08-26T15:15:52.027+0000] {logging_mixin.py:190} INFO - [2024-08-26T15:15:52.026+0000] {dagbag.py:587} INFO - Filling up the DagBag from /home/airflow/.local/lib/python3.12/site-packages/airflow/example_dags/example_sensors.py
[2024-08-26T15:15:52.054+0000] {processor.py:925} INFO - DAG(s) 'example_sensors' retrieved from /home/airflow/.local/lib/python3.12/site-packages/airflow/example_dags/example_sensors.py
[2024-08-26T15:15:52.112+0000] {logging_mixin.py:190} INFO - [2024-08-26T15:15:52.111+0000] {dag.py:3211} INFO - Sync 1 DAGs
[2024-08-26T15:15:52.144+0000] {logging_mixin.py:190} INFO - [2024-08-26T15:15:52.144+0000] {dag.py:4138} INFO - Setting next_dagrun for example_sensors to None, run_after=None
[2024-08-26T15:15:52.181+0000] {processor.py:208} INFO - Processing /home/airflow/.local/lib/python3.12/site-packages/airflow/example_dags/example_sensors.py took 0.173 seconds
[2024-08-26T15:16:29.008+0000] {processor.py:186} INFO - Started process (PID=758) to work on /home/airflow/.local/lib/python3.12/site-packages/airflow/example_dags/example_sensors.py
[2024-08-26T15:16:29.010+0000] {processor.py:914} INFO - Processing file /home/airflow/.local/lib/python3.12/site-packages/airflow/example_dags/example_sensors.py for tasks to queue
[2024-08-26T15:16:29.013+0000] {logging_mixin.py:190} INFO - [2024-08-26T15:16:29.012+0000] {dagbag.py:587} INFO - Filling up the DagBag from /home/airflow/.local/lib/python3.12/site-packages/airflow/example_dags/example_sensors.py
[2024-08-26T15:16:29.034+0000] {processor.py:925} INFO - DAG(s) 'example_sensors' retrieved from /home/airflow/.local/lib/python3.12/site-packages/airflow/example_dags/example_sensors.py
[2024-08-26T15:16:29.082+0000] {logging_mixin.py:190} INFO - [2024-08-26T15:16:29.081+0000] {dag.py:3211} INFO - Sync 1 DAGs
[2024-08-26T15:16:29.178+0000] {logging_mixin.py:190} INFO - [2024-08-26T15:16:29.177+0000] {dag.py:4138} INFO - Setting next_dagrun for example_sensors to None, run_after=None
[2024-08-26T15:16:29.232+0000] {processor.py:208} INFO - Processing /home/airflow/.local/lib/python3.12/site-packages/airflow/example_dags/example_sensors.py took 0.236 seconds
[2024-08-26T15:17:06.793+0000] {processor.py:186} INFO - Started process (PID=830) to work on /home/airflow/.local/lib/python3.12/site-packages/airflow/example_dags/example_sensors.py
[2024-08-26T15:17:06.795+0000] {processor.py:914} INFO - Processing file /home/airflow/.local/lib/python3.12/site-packages/airflow/example_dags/example_sensors.py for tasks to queue
[2024-08-26T15:17:06.801+0000] {logging_mixin.py:190} INFO - [2024-08-26T15:17:06.800+0000] {dagbag.py:587} INFO - Filling up the DagBag from /home/airflow/.local/lib/python3.12/site-packages/airflow/example_dags/example_sensors.py
[2024-08-26T15:17:06.817+0000] {processor.py:925} INFO - DAG(s) 'example_sensors' retrieved from /home/airflow/.local/lib/python3.12/site-packages/airflow/example_dags/example_sensors.py
[2024-08-26T15:17:06.868+0000] {logging_mixin.py:190} INFO - [2024-08-26T15:17:06.868+0000] {dag.py:3211} INFO - Sync 1 DAGs
[2024-08-26T15:17:06.889+0000] {logging_mixin.py:190} INFO - [2024-08-26T15:17:06.888+0000] {dag.py:4138} INFO - Setting next_dagrun for example_sensors to None, run_after=None
[2024-08-26T15:17:06.917+0000] {processor.py:208} INFO - Processing /home/airflow/.local/lib/python3.12/site-packages/airflow/example_dags/example_sensors.py took 0.135 seconds
[2024-08-26T15:17:43.564+0000] {processor.py:186} INFO - Started process (PID=896) to work on /home/airflow/.local/lib/python3.12/site-packages/airflow/example_dags/example_sensors.py
[2024-08-26T15:17:43.566+0000] {processor.py:914} INFO - Processing file /home/airflow/.local/lib/python3.12/site-packages/airflow/example_dags/example_sensors.py for tasks to queue
[2024-08-26T15:17:43.568+0000] {logging_mixin.py:190} INFO - [2024-08-26T15:17:43.567+0000] {dagbag.py:587} INFO - Filling up the DagBag from /home/airflow/.local/lib/python3.12/site-packages/airflow/example_dags/example_sensors.py
[2024-08-26T15:17:43.586+0000] {processor.py:925} INFO - DAG(s) 'example_sensors' retrieved from /home/airflow/.local/lib/python3.12/site-packages/airflow/example_dags/example_sensors.py
[2024-08-26T15:17:43.622+0000] {logging_mixin.py:190} INFO - [2024-08-26T15:17:43.622+0000] {dag.py:3211} INFO - Sync 1 DAGs
[2024-08-26T15:17:43.641+0000] {logging_mixin.py:190} INFO - [2024-08-26T15:17:43.641+0000] {dag.py:4138} INFO - Setting next_dagrun for example_sensors to None, run_after=None
[2024-08-26T15:17:43.664+0000] {processor.py:208} INFO - Processing /home/airflow/.local/lib/python3.12/site-packages/airflow/example_dags/example_sensors.py took 0.111 seconds
[2024-08-26T15:18:20.541+0000] {processor.py:186} INFO - Started process (PID=962) to work on /home/airflow/.local/lib/python3.12/site-packages/airflow/example_dags/example_sensors.py
[2024-08-26T15:18:20.543+0000] {processor.py:914} INFO - Processing file /home/airflow/.local/lib/python3.12/site-packages/airflow/example_dags/example_sensors.py for tasks to queue
[2024-08-26T15:18:20.545+0000] {logging_mixin.py:190} INFO - [2024-08-26T15:18:20.545+0000] {dagbag.py:587} INFO - Filling up the DagBag from /home/airflow/.local/lib/python3.12/site-packages/airflow/example_dags/example_sensors.py
[2024-08-26T15:18:20.564+0000] {processor.py:925} INFO - DAG(s) 'example_sensors' retrieved from /home/airflow/.local/lib/python3.12/site-packages/airflow/example_dags/example_sensors.py
[2024-08-26T15:18:20.603+0000] {logging_mixin.py:190} INFO - [2024-08-26T15:18:20.603+0000] {dag.py:3211} INFO - Sync 1 DAGs
[2024-08-26T15:18:20.624+0000] {logging_mixin.py:190} INFO - [2024-08-26T15:18:20.623+0000] {dag.py:4138} INFO - Setting next_dagrun for example_sensors to None, run_after=None
[2024-08-26T15:18:20.650+0000] {processor.py:208} INFO - Processing /home/airflow/.local/lib/python3.12/site-packages/airflow/example_dags/example_sensors.py took 0.117 seconds
[2024-08-26T15:19:03.288+0000] {processor.py:186} INFO - Started process (PID=1034) to work on /home/airflow/.local/lib/python3.12/site-packages/airflow/example_dags/example_sensors.py
[2024-08-26T15:19:03.289+0000] {processor.py:914} INFO - Processing file /home/airflow/.local/lib/python3.12/site-packages/airflow/example_dags/example_sensors.py for tasks to queue
[2024-08-26T15:19:03.291+0000] {logging_mixin.py:190} INFO - [2024-08-26T15:19:03.291+0000] {dagbag.py:587} INFO - Filling up the DagBag from /home/airflow/.local/lib/python3.12/site-packages/airflow/example_dags/example_sensors.py
[2024-08-26T15:19:03.307+0000] {processor.py:925} INFO - DAG(s) 'example_sensors' retrieved from /home/airflow/.local/lib/python3.12/site-packages/airflow/example_dags/example_sensors.py
[2024-08-26T15:19:03.342+0000] {logging_mixin.py:190} INFO - [2024-08-26T15:19:03.342+0000] {dag.py:3211} INFO - Sync 1 DAGs
[2024-08-26T15:19:03.361+0000] {logging_mixin.py:190} INFO - [2024-08-26T15:19:03.361+0000] {dag.py:4138} INFO - Setting next_dagrun for example_sensors to None, run_after=None
[2024-08-26T15:19:03.384+0000] {processor.py:208} INFO - Processing /home/airflow/.local/lib/python3.12/site-packages/airflow/example_dags/example_sensors.py took 0.105 seconds
[2024-08-26T15:19:40.155+0000] {processor.py:186} INFO - Started process (PID=1100) to work on /home/airflow/.local/lib/python3.12/site-packages/airflow/example_dags/example_sensors.py
[2024-08-26T15:19:40.156+0000] {processor.py:914} INFO - Processing file /home/airflow/.local/lib/python3.12/site-packages/airflow/example_dags/example_sensors.py for tasks to queue
[2024-08-26T15:19:40.158+0000] {logging_mixin.py:190} INFO - [2024-08-26T15:19:40.158+0000] {dagbag.py:587} INFO - Filling up the DagBag from /home/airflow/.local/lib/python3.12/site-packages/airflow/example_dags/example_sensors.py
[2024-08-26T15:19:40.173+0000] {processor.py:925} INFO - DAG(s) 'example_sensors' retrieved from /home/airflow/.local/lib/python3.12/site-packages/airflow/example_dags/example_sensors.py
[2024-08-26T15:19:40.210+0000] {logging_mixin.py:190} INFO - [2024-08-26T15:19:40.209+0000] {dag.py:3211} INFO - Sync 1 DAGs
[2024-08-26T15:19:40.229+0000] {logging_mixin.py:190} INFO - [2024-08-26T15:19:40.229+0000] {dag.py:4138} INFO - Setting next_dagrun for example_sensors to None, run_after=None
[2024-08-26T15:19:40.254+0000] {processor.py:208} INFO - Processing /home/airflow/.local/lib/python3.12/site-packages/airflow/example_dags/example_sensors.py took 0.106 seconds
[2024-08-26T15:20:18.422+0000] {processor.py:186} INFO - Started process (PID=1167) to work on /home/airflow/.local/lib/python3.12/site-packages/airflow/example_dags/example_sensors.py
[2024-08-26T15:20:18.424+0000] {processor.py:914} INFO - Processing file /home/airflow/.local/lib/python3.12/site-packages/airflow/example_dags/example_sensors.py for tasks to queue
[2024-08-26T15:20:18.426+0000] {logging_mixin.py:190} INFO - [2024-08-26T15:20:18.425+0000] {dagbag.py:587} INFO - Filling up the DagBag from /home/airflow/.local/lib/python3.12/site-packages/airflow/example_dags/example_sensors.py
[2024-08-26T15:20:18.441+0000] {processor.py:925} INFO - DAG(s) 'example_sensors' retrieved from /home/airflow/.local/lib/python3.12/site-packages/airflow/example_dags/example_sensors.py
[2024-08-26T15:20:18.476+0000] {logging_mixin.py:190} INFO - [2024-08-26T15:20:18.476+0000] {dag.py:3211} INFO - Sync 1 DAGs
[2024-08-26T15:20:18.495+0000] {logging_mixin.py:190} INFO - [2024-08-26T15:20:18.494+0000] {dag.py:4138} INFO - Setting next_dagrun for example_sensors to None, run_after=None
[2024-08-26T15:20:18.518+0000] {processor.py:208} INFO - Processing /home/airflow/.local/lib/python3.12/site-packages/airflow/example_dags/example_sensors.py took 0.103 seconds
[2024-08-26T15:20:56.789+0000] {processor.py:186} INFO - Started process (PID=1233) to work on /home/airflow/.local/lib/python3.12/site-packages/airflow/example_dags/example_sensors.py
[2024-08-26T15:20:56.790+0000] {processor.py:914} INFO - Processing file /home/airflow/.local/lib/python3.12/site-packages/airflow/example_dags/example_sensors.py for tasks to queue
[2024-08-26T15:20:56.792+0000] {logging_mixin.py:190} INFO - [2024-08-26T15:20:56.792+0000] {dagbag.py:587} INFO - Filling up the DagBag from /home/airflow/.local/lib/python3.12/site-packages/airflow/example_dags/example_sensors.py
[2024-08-26T15:20:56.810+0000] {processor.py:925} INFO - DAG(s) 'example_sensors' retrieved from /home/airflow/.local/lib/python3.12/site-packages/airflow/example_dags/example_sensors.py
[2024-08-26T15:20:56.880+0000] {logging_mixin.py:190} INFO - [2024-08-26T15:20:56.880+0000] {dag.py:3211} INFO - Sync 1 DAGs
[2024-08-26T15:20:56.900+0000] {logging_mixin.py:190} INFO - [2024-08-26T15:20:56.899+0000] {dag.py:4138} INFO - Setting next_dagrun for example_sensors to None, run_after=None
[2024-08-26T15:20:56.923+0000] {processor.py:208} INFO - Processing /home/airflow/.local/lib/python3.12/site-packages/airflow/example_dags/example_sensors.py took 0.144 seconds
[2024-08-26T15:21:34.623+0000] {processor.py:186} INFO - Started process (PID=1306) to work on /home/airflow/.local/lib/python3.12/site-packages/airflow/example_dags/example_sensors.py
[2024-08-26T15:21:34.625+0000] {processor.py:914} INFO - Processing file /home/airflow/.local/lib/python3.12/site-packages/airflow/example_dags/example_sensors.py for tasks to queue
[2024-08-26T15:21:34.627+0000] {logging_mixin.py:190} INFO - [2024-08-26T15:21:34.627+0000] {dagbag.py:587} INFO - Filling up the DagBag from /home/airflow/.local/lib/python3.12/site-packages/airflow/example_dags/example_sensors.py
[2024-08-26T15:21:34.648+0000] {processor.py:925} INFO - DAG(s) 'example_sensors' retrieved from /home/airflow/.local/lib/python3.12/site-packages/airflow/example_dags/example_sensors.py
[2024-08-26T15:21:34.698+0000] {logging_mixin.py:190} INFO - [2024-08-26T15:21:34.697+0000] {dag.py:3211} INFO - Sync 1 DAGs
[2024-08-26T15:21:34.770+0000] {logging_mixin.py:190} INFO - [2024-08-26T15:21:34.770+0000] {dag.py:4138} INFO - Setting next_dagrun for example_sensors to None, run_after=None
[2024-08-26T15:21:34.840+0000] {processor.py:208} INFO - Processing /home/airflow/.local/lib/python3.12/site-packages/airflow/example_dags/example_sensors.py took 0.227 seconds
[2024-08-26T15:22:19.202+0000] {processor.py:186} INFO - Started process (PID=1372) to work on /home/airflow/.local/lib/python3.12/site-packages/airflow/example_dags/example_sensors.py
[2024-08-26T15:22:19.207+0000] {processor.py:914} INFO - Processing file /home/airflow/.local/lib/python3.12/site-packages/airflow/example_dags/example_sensors.py for tasks to queue
[2024-08-26T15:22:19.212+0000] {logging_mixin.py:190} INFO - [2024-08-26T15:22:19.211+0000] {dagbag.py:587} INFO - Filling up the DagBag from /home/airflow/.local/lib/python3.12/site-packages/airflow/example_dags/example_sensors.py
[2024-08-26T15:22:19.258+0000] {processor.py:925} INFO - DAG(s) 'example_sensors' retrieved from /home/airflow/.local/lib/python3.12/site-packages/airflow/example_dags/example_sensors.py
[2024-08-26T15:22:19.390+0000] {logging_mixin.py:190} INFO - [2024-08-26T15:22:19.389+0000] {dag.py:3211} INFO - Sync 1 DAGs
[2024-08-26T15:22:19.443+0000] {logging_mixin.py:190} INFO - [2024-08-26T15:22:19.442+0000] {dag.py:4138} INFO - Setting next_dagrun for example_sensors to None, run_after=None
[2024-08-26T15:22:19.507+0000] {processor.py:208} INFO - Processing /home/airflow/.local/lib/python3.12/site-packages/airflow/example_dags/example_sensors.py took 0.333 seconds
[2024-08-26T15:23:17.255+0000] {processor.py:186} INFO - Started process (PID=1444) to work on /home/airflow/.local/lib/python3.12/site-packages/airflow/example_dags/example_sensors.py
[2024-08-26T15:23:17.257+0000] {processor.py:914} INFO - Processing file /home/airflow/.local/lib/python3.12/site-packages/airflow/example_dags/example_sensors.py for tasks to queue
[2024-08-26T15:23:17.260+0000] {logging_mixin.py:190} INFO - [2024-08-26T15:23:17.260+0000] {dagbag.py:587} INFO - Filling up the DagBag from /home/airflow/.local/lib/python3.12/site-packages/airflow/example_dags/example_sensors.py
[2024-08-26T15:23:17.286+0000] {processor.py:925} INFO - DAG(s) 'example_sensors' retrieved from /home/airflow/.local/lib/python3.12/site-packages/airflow/example_dags/example_sensors.py
[2024-08-26T15:23:17.346+0000] {logging_mixin.py:190} INFO - [2024-08-26T15:23:17.345+0000] {dag.py:3211} INFO - Sync 1 DAGs
[2024-08-26T15:23:17.378+0000] {logging_mixin.py:190} INFO - [2024-08-26T15:23:17.378+0000] {dag.py:4138} INFO - Setting next_dagrun for example_sensors to None, run_after=None
[2024-08-26T15:23:17.417+0000] {processor.py:208} INFO - Processing /home/airflow/.local/lib/python3.12/site-packages/airflow/example_dags/example_sensors.py took 0.176 seconds
[2024-08-26T15:23:52.719+0000] {processor.py:186} INFO - Started process (PID=1510) to work on /home/airflow/.local/lib/python3.12/site-packages/airflow/example_dags/example_sensors.py
[2024-08-26T15:23:52.720+0000] {processor.py:914} INFO - Processing file /home/airflow/.local/lib/python3.12/site-packages/airflow/example_dags/example_sensors.py for tasks to queue
[2024-08-26T15:23:52.722+0000] {logging_mixin.py:190} INFO - [2024-08-26T15:23:52.721+0000] {dagbag.py:587} INFO - Filling up the DagBag from /home/airflow/.local/lib/python3.12/site-packages/airflow/example_dags/example_sensors.py
[2024-08-26T15:23:52.737+0000] {processor.py:925} INFO - DAG(s) 'example_sensors' retrieved from /home/airflow/.local/lib/python3.12/site-packages/airflow/example_dags/example_sensors.py
[2024-08-26T15:23:52.775+0000] {logging_mixin.py:190} INFO - [2024-08-26T15:23:52.774+0000] {dag.py:3211} INFO - Sync 1 DAGs
[2024-08-26T15:23:52.795+0000] {logging_mixin.py:190} INFO - [2024-08-26T15:23:52.795+0000] {dag.py:4138} INFO - Setting next_dagrun for example_sensors to None, run_after=None
[2024-08-26T15:23:52.820+0000] {processor.py:208} INFO - Processing /home/airflow/.local/lib/python3.12/site-packages/airflow/example_dags/example_sensors.py took 0.109 seconds
[2024-08-26T15:24:28.817+0000] {processor.py:186} INFO - Started process (PID=1576) to work on /home/airflow/.local/lib/python3.12/site-packages/airflow/example_dags/example_sensors.py
[2024-08-26T15:24:28.819+0000] {processor.py:914} INFO - Processing file /home/airflow/.local/lib/python3.12/site-packages/airflow/example_dags/example_sensors.py for tasks to queue
[2024-08-26T15:24:28.820+0000] {logging_mixin.py:190} INFO - [2024-08-26T15:24:28.820+0000] {dagbag.py:587} INFO - Filling up the DagBag from /home/airflow/.local/lib/python3.12/site-packages/airflow/example_dags/example_sensors.py
[2024-08-26T15:24:28.836+0000] {processor.py:925} INFO - DAG(s) 'example_sensors' retrieved from /home/airflow/.local/lib/python3.12/site-packages/airflow/example_dags/example_sensors.py
[2024-08-26T15:24:28.871+0000] {logging_mixin.py:190} INFO - [2024-08-26T15:24:28.871+0000] {dag.py:3211} INFO - Sync 1 DAGs
[2024-08-26T15:24:28.890+0000] {logging_mixin.py:190} INFO - [2024-08-26T15:24:28.889+0000] {dag.py:4138} INFO - Setting next_dagrun for example_sensors to None, run_after=None
[2024-08-26T15:24:28.913+0000] {processor.py:208} INFO - Processing /home/airflow/.local/lib/python3.12/site-packages/airflow/example_dags/example_sensors.py took 0.104 seconds
[2024-08-26T15:25:05.676+0000] {processor.py:186} INFO - Started process (PID=1647) to work on /home/airflow/.local/lib/python3.12/site-packages/airflow/example_dags/example_sensors.py
[2024-08-26T15:25:05.678+0000] {processor.py:914} INFO - Processing file /home/airflow/.local/lib/python3.12/site-packages/airflow/example_dags/example_sensors.py for tasks to queue
[2024-08-26T15:25:05.680+0000] {logging_mixin.py:190} INFO - [2024-08-26T15:25:05.679+0000] {dagbag.py:587} INFO - Filling up the DagBag from /home/airflow/.local/lib/python3.12/site-packages/airflow/example_dags/example_sensors.py
[2024-08-26T15:25:05.698+0000] {processor.py:925} INFO - DAG(s) 'example_sensors' retrieved from /home/airflow/.local/lib/python3.12/site-packages/airflow/example_dags/example_sensors.py
[2024-08-26T15:25:05.740+0000] {logging_mixin.py:190} INFO - [2024-08-26T15:25:05.739+0000] {dag.py:3211} INFO - Sync 1 DAGs
[2024-08-26T15:25:05.770+0000] {logging_mixin.py:190} INFO - [2024-08-26T15:25:05.770+0000] {dag.py:4138} INFO - Setting next_dagrun for example_sensors to None, run_after=None
[2024-08-26T15:25:05.800+0000] {processor.py:208} INFO - Processing /home/airflow/.local/lib/python3.12/site-packages/airflow/example_dags/example_sensors.py took 0.133 seconds
[2024-08-26T15:25:48.117+0000] {processor.py:186} INFO - Started process (PID=1713) to work on /home/airflow/.local/lib/python3.12/site-packages/airflow/example_dags/example_sensors.py
[2024-08-26T15:25:48.119+0000] {processor.py:914} INFO - Processing file /home/airflow/.local/lib/python3.12/site-packages/airflow/example_dags/example_sensors.py for tasks to queue
[2024-08-26T15:25:48.121+0000] {logging_mixin.py:190} INFO - [2024-08-26T15:25:48.121+0000] {dagbag.py:587} INFO - Filling up the DagBag from /home/airflow/.local/lib/python3.12/site-packages/airflow/example_dags/example_sensors.py
[2024-08-26T15:25:48.142+0000] {processor.py:925} INFO - DAG(s) 'example_sensors' retrieved from /home/airflow/.local/lib/python3.12/site-packages/airflow/example_dags/example_sensors.py
[2024-08-26T15:25:48.193+0000] {logging_mixin.py:190} INFO - [2024-08-26T15:25:48.193+0000] {dag.py:3211} INFO - Sync 1 DAGs
[2024-08-26T15:25:48.221+0000] {logging_mixin.py:190} INFO - [2024-08-26T15:25:48.221+0000] {dag.py:4138} INFO - Setting next_dagrun for example_sensors to None, run_after=None
[2024-08-26T15:25:48.255+0000] {processor.py:208} INFO - Processing /home/airflow/.local/lib/python3.12/site-packages/airflow/example_dags/example_sensors.py took 0.152 seconds
[2024-08-26T15:27:07.049+0000] {processor.py:186} INFO - Started process (PID=1793) to work on /home/airflow/.local/lib/python3.12/site-packages/airflow/example_dags/example_sensors.py
[2024-08-26T15:27:07.054+0000] {processor.py:914} INFO - Processing file /home/airflow/.local/lib/python3.12/site-packages/airflow/example_dags/example_sensors.py for tasks to queue
[2024-08-26T15:27:07.061+0000] {logging_mixin.py:190} INFO - [2024-08-26T15:27:07.060+0000] {dagbag.py:587} INFO - Filling up the DagBag from /home/airflow/.local/lib/python3.12/site-packages/airflow/example_dags/example_sensors.py
[2024-08-26T15:27:07.131+0000] {processor.py:925} INFO - DAG(s) 'example_sensors' retrieved from /home/airflow/.local/lib/python3.12/site-packages/airflow/example_dags/example_sensors.py
[2024-08-26T15:27:07.304+0000] {logging_mixin.py:190} INFO - [2024-08-26T15:27:07.303+0000] {dag.py:3211} INFO - Sync 1 DAGs
[2024-08-26T15:27:07.444+0000] {logging_mixin.py:190} INFO - [2024-08-26T15:27:07.443+0000] {dag.py:4138} INFO - Setting next_dagrun for example_sensors to None, run_after=None
[2024-08-26T15:27:07.646+0000] {processor.py:208} INFO - Processing /home/airflow/.local/lib/python3.12/site-packages/airflow/example_dags/example_sensors.py took 0.627 seconds
[2024-08-26T15:27:46.761+0000] {processor.py:186} INFO - Started process (PID=1860) to work on /home/airflow/.local/lib/python3.12/site-packages/airflow/example_dags/example_sensors.py
[2024-08-26T15:27:46.764+0000] {processor.py:914} INFO - Processing file /home/airflow/.local/lib/python3.12/site-packages/airflow/example_dags/example_sensors.py for tasks to queue
[2024-08-26T15:27:46.768+0000] {logging_mixin.py:190} INFO - [2024-08-26T15:27:46.767+0000] {dagbag.py:587} INFO - Filling up the DagBag from /home/airflow/.local/lib/python3.12/site-packages/airflow/example_dags/example_sensors.py
[2024-08-26T15:27:46.808+0000] {processor.py:925} INFO - DAG(s) 'example_sensors' retrieved from /home/airflow/.local/lib/python3.12/site-packages/airflow/example_dags/example_sensors.py
[2024-08-26T15:27:46.894+0000] {logging_mixin.py:190} INFO - [2024-08-26T15:27:46.894+0000] {dag.py:3211} INFO - Sync 1 DAGs
[2024-08-26T15:27:46.940+0000] {logging_mixin.py:190} INFO - [2024-08-26T15:27:46.939+0000] {dag.py:4138} INFO - Setting next_dagrun for example_sensors to None, run_after=None
[2024-08-26T15:27:46.999+0000] {processor.py:208} INFO - Processing /home/airflow/.local/lib/python3.12/site-packages/airflow/example_dags/example_sensors.py took 0.257 seconds
[2024-08-26T15:28:30.405+0000] {processor.py:186} INFO - Started process (PID=1926) to work on /home/airflow/.local/lib/python3.12/site-packages/airflow/example_dags/example_sensors.py
[2024-08-26T15:28:30.408+0000] {processor.py:914} INFO - Processing file /home/airflow/.local/lib/python3.12/site-packages/airflow/example_dags/example_sensors.py for tasks to queue
[2024-08-26T15:28:30.411+0000] {logging_mixin.py:190} INFO - [2024-08-26T15:28:30.411+0000] {dagbag.py:587} INFO - Filling up the DagBag from /home/airflow/.local/lib/python3.12/site-packages/airflow/example_dags/example_sensors.py
[2024-08-26T15:28:30.435+0000] {processor.py:925} INFO - DAG(s) 'example_sensors' retrieved from /home/airflow/.local/lib/python3.12/site-packages/airflow/example_dags/example_sensors.py
[2024-08-26T15:28:30.495+0000] {logging_mixin.py:190} INFO - [2024-08-26T15:28:30.494+0000] {dag.py:3211} INFO - Sync 1 DAGs
[2024-08-26T15:28:30.531+0000] {logging_mixin.py:190} INFO - [2024-08-26T15:28:30.531+0000] {dag.py:4138} INFO - Setting next_dagrun for example_sensors to None, run_after=None
[2024-08-26T15:28:30.575+0000] {processor.py:208} INFO - Processing /home/airflow/.local/lib/python3.12/site-packages/airflow/example_dags/example_sensors.py took 0.184 seconds
[2024-08-26T15:29:34.791+0000] {processor.py:186} INFO - Started process (PID=2005) to work on /home/airflow/.local/lib/python3.12/site-packages/airflow/example_dags/example_sensors.py
[2024-08-26T15:29:34.796+0000] {processor.py:914} INFO - Processing file /home/airflow/.local/lib/python3.12/site-packages/airflow/example_dags/example_sensors.py for tasks to queue
[2024-08-26T15:29:34.804+0000] {logging_mixin.py:190} INFO - [2024-08-26T15:29:34.803+0000] {dagbag.py:587} INFO - Filling up the DagBag from /home/airflow/.local/lib/python3.12/site-packages/airflow/example_dags/example_sensors.py
[2024-08-26T15:29:34.866+0000] {processor.py:925} INFO - DAG(s) 'example_sensors' retrieved from /home/airflow/.local/lib/python3.12/site-packages/airflow/example_dags/example_sensors.py
[2024-08-26T15:29:34.980+0000] {logging_mixin.py:190} INFO - [2024-08-26T15:29:34.979+0000] {dag.py:3211} INFO - Sync 1 DAGs
[2024-08-26T15:29:35.040+0000] {logging_mixin.py:190} INFO - [2024-08-26T15:29:35.040+0000] {dag.py:4138} INFO - Setting next_dagrun for example_sensors to None, run_after=None
[2024-08-26T15:29:35.119+0000] {processor.py:208} INFO - Processing /home/airflow/.local/lib/python3.12/site-packages/airflow/example_dags/example_sensors.py took 0.356 seconds
[2024-08-26T15:30:47.689+0000] {processor.py:186} INFO - Started process (PID=2080) to work on /home/airflow/.local/lib/python3.12/site-packages/airflow/example_dags/example_sensors.py
[2024-08-26T15:30:47.694+0000] {processor.py:914} INFO - Processing file /home/airflow/.local/lib/python3.12/site-packages/airflow/example_dags/example_sensors.py for tasks to queue
[2024-08-26T15:30:47.702+0000] {logging_mixin.py:190} INFO - [2024-08-26T15:30:47.700+0000] {dagbag.py:587} INFO - Filling up the DagBag from /home/airflow/.local/lib/python3.12/site-packages/airflow/example_dags/example_sensors.py
[2024-08-26T15:30:47.763+0000] {processor.py:925} INFO - DAG(s) 'example_sensors' retrieved from /home/airflow/.local/lib/python3.12/site-packages/airflow/example_dags/example_sensors.py
[2024-08-26T15:30:47.946+0000] {logging_mixin.py:190} INFO - [2024-08-26T15:30:47.945+0000] {dag.py:3211} INFO - Sync 1 DAGs
[2024-08-26T15:30:48.047+0000] {logging_mixin.py:190} INFO - [2024-08-26T15:30:48.045+0000] {dag.py:4138} INFO - Setting next_dagrun for example_sensors to None, run_after=None
[2024-08-26T15:30:48.197+0000] {processor.py:208} INFO - Processing /home/airflow/.local/lib/python3.12/site-packages/airflow/example_dags/example_sensors.py took 0.541 seconds
[2024-08-26T15:31:46.854+0000] {processor.py:186} INFO - Started process (PID=2157) to work on /home/airflow/.local/lib/python3.12/site-packages/airflow/example_dags/example_sensors.py
[2024-08-26T15:31:46.858+0000] {processor.py:914} INFO - Processing file /home/airflow/.local/lib/python3.12/site-packages/airflow/example_dags/example_sensors.py for tasks to queue
[2024-08-26T15:31:46.865+0000] {logging_mixin.py:190} INFO - [2024-08-26T15:31:46.863+0000] {dagbag.py:587} INFO - Filling up the DagBag from /home/airflow/.local/lib/python3.12/site-packages/airflow/example_dags/example_sensors.py
[2024-08-26T15:31:46.915+0000] {processor.py:925} INFO - DAG(s) 'example_sensors' retrieved from /home/airflow/.local/lib/python3.12/site-packages/airflow/example_dags/example_sensors.py
[2024-08-26T15:31:47.028+0000] {logging_mixin.py:190} INFO - [2024-08-26T15:31:47.027+0000] {dag.py:3211} INFO - Sync 1 DAGs
[2024-08-26T15:31:47.089+0000] {logging_mixin.py:190} INFO - [2024-08-26T15:31:47.088+0000] {dag.py:4138} INFO - Setting next_dagrun for example_sensors to None, run_after=None
[2024-08-26T15:31:47.166+0000] {processor.py:208} INFO - Processing /home/airflow/.local/lib/python3.12/site-packages/airflow/example_dags/example_sensors.py took 0.333 seconds
[2024-08-26T15:32:51.229+0000] {processor.py:186} INFO - Started process (PID=2228) to work on /home/airflow/.local/lib/python3.12/site-packages/airflow/example_dags/example_sensors.py
[2024-08-26T15:32:51.240+0000] {processor.py:914} INFO - Processing file /home/airflow/.local/lib/python3.12/site-packages/airflow/example_dags/example_sensors.py for tasks to queue
[2024-08-26T15:32:51.248+0000] {logging_mixin.py:190} INFO - [2024-08-26T15:32:51.246+0000] {dagbag.py:587} INFO - Filling up the DagBag from /home/airflow/.local/lib/python3.12/site-packages/airflow/example_dags/example_sensors.py
[2024-08-26T15:32:51.319+0000] {processor.py:925} INFO - DAG(s) 'example_sensors' retrieved from /home/airflow/.local/lib/python3.12/site-packages/airflow/example_dags/example_sensors.py
[2024-08-26T15:32:51.451+0000] {logging_mixin.py:190} INFO - [2024-08-26T15:32:51.449+0000] {dag.py:3211} INFO - Sync 1 DAGs
[2024-08-26T15:32:51.520+0000] {logging_mixin.py:190} INFO - [2024-08-26T15:32:51.519+0000] {dag.py:4138} INFO - Setting next_dagrun for example_sensors to None, run_after=None
[2024-08-26T15:32:51.668+0000] {processor.py:208} INFO - Processing /home/airflow/.local/lib/python3.12/site-packages/airflow/example_dags/example_sensors.py took 0.487 seconds
[2024-08-26T15:38:17.692+0000] {processor.py:186} INFO - Started process (PID=2351) to work on /home/airflow/.local/lib/python3.12/site-packages/airflow/example_dags/example_sensors.py
[2024-08-26T15:38:17.777+0000] {processor.py:914} INFO - Processing file /home/airflow/.local/lib/python3.12/site-packages/airflow/example_dags/example_sensors.py for tasks to queue
[2024-08-26T15:38:18.843+0000] {logging_mixin.py:190} INFO - [2024-08-26T15:38:18.708+0000] {dagbag.py:587} INFO - Filling up the DagBag from /home/airflow/.local/lib/python3.12/site-packages/airflow/example_dags/example_sensors.py
[2024-08-26T15:38:22.268+0000] {processor.py:925} INFO - DAG(s) 'example_sensors' retrieved from /home/airflow/.local/lib/python3.12/site-packages/airflow/example_dags/example_sensors.py
[2024-08-26T15:38:30.172+0000] {logging_mixin.py:190} INFO - [2024-08-26T15:38:30.142+0000] {dag.py:3211} INFO - Sync 1 DAGs
[2024-08-26T15:38:32.048+0000] {logging_mixin.py:190} INFO - [2024-08-26T15:38:32.033+0000] {dag.py:4138} INFO - Setting next_dagrun for example_sensors to None, run_after=None
[2024-08-26T15:38:32.895+0000] {processor.py:208} INFO - Processing /home/airflow/.local/lib/python3.12/site-packages/airflow/example_dags/example_sensors.py took 16.103 seconds
[2024-08-26T15:39:30.087+0000] {processor.py:186} INFO - Started process (PID=2429) to work on /home/airflow/.local/lib/python3.12/site-packages/airflow/example_dags/example_sensors.py
[2024-08-26T15:39:30.090+0000] {processor.py:914} INFO - Processing file /home/airflow/.local/lib/python3.12/site-packages/airflow/example_dags/example_sensors.py for tasks to queue
[2024-08-26T15:39:30.093+0000] {logging_mixin.py:190} INFO - [2024-08-26T15:39:30.092+0000] {dagbag.py:587} INFO - Filling up the DagBag from /home/airflow/.local/lib/python3.12/site-packages/airflow/example_dags/example_sensors.py
[2024-08-26T15:39:30.114+0000] {processor.py:925} INFO - DAG(s) 'example_sensors' retrieved from /home/airflow/.local/lib/python3.12/site-packages/airflow/example_dags/example_sensors.py
[2024-08-26T15:39:30.171+0000] {logging_mixin.py:190} INFO - [2024-08-26T15:39:30.171+0000] {dag.py:3211} INFO - Sync 1 DAGs
[2024-08-26T15:39:30.201+0000] {logging_mixin.py:190} INFO - [2024-08-26T15:39:30.200+0000] {dag.py:4138} INFO - Setting next_dagrun for example_sensors to None, run_after=None
[2024-08-26T15:39:30.235+0000] {processor.py:208} INFO - Processing /home/airflow/.local/lib/python3.12/site-packages/airflow/example_dags/example_sensors.py took 0.161 seconds
[2024-08-26T15:40:18.468+0000] {processor.py:186} INFO - Started process (PID=2496) to work on /home/airflow/.local/lib/python3.12/site-packages/airflow/example_dags/example_sensors.py
[2024-08-26T15:40:18.471+0000] {processor.py:914} INFO - Processing file /home/airflow/.local/lib/python3.12/site-packages/airflow/example_dags/example_sensors.py for tasks to queue
[2024-08-26T15:40:18.475+0000] {logging_mixin.py:190} INFO - [2024-08-26T15:40:18.474+0000] {dagbag.py:587} INFO - Filling up the DagBag from /home/airflow/.local/lib/python3.12/site-packages/airflow/example_dags/example_sensors.py
[2024-08-26T15:40:18.499+0000] {processor.py:925} INFO - DAG(s) 'example_sensors' retrieved from /home/airflow/.local/lib/python3.12/site-packages/airflow/example_dags/example_sensors.py
[2024-08-26T15:40:18.567+0000] {logging_mixin.py:190} INFO - [2024-08-26T15:40:18.566+0000] {dag.py:3211} INFO - Sync 1 DAGs
[2024-08-26T15:40:18.603+0000] {logging_mixin.py:190} INFO - [2024-08-26T15:40:18.603+0000] {dag.py:4138} INFO - Setting next_dagrun for example_sensors to None, run_after=None
[2024-08-26T15:40:18.644+0000] {processor.py:208} INFO - Processing /home/airflow/.local/lib/python3.12/site-packages/airflow/example_dags/example_sensors.py took 0.190 seconds
[2024-08-26T15:41:07.053+0000] {processor.py:186} INFO - Started process (PID=2568) to work on /home/airflow/.local/lib/python3.12/site-packages/airflow/example_dags/example_sensors.py
[2024-08-26T15:41:07.056+0000] {processor.py:914} INFO - Processing file /home/airflow/.local/lib/python3.12/site-packages/airflow/example_dags/example_sensors.py for tasks to queue
[2024-08-26T15:41:07.060+0000] {logging_mixin.py:190} INFO - [2024-08-26T15:41:07.059+0000] {dagbag.py:587} INFO - Filling up the DagBag from /home/airflow/.local/lib/python3.12/site-packages/airflow/example_dags/example_sensors.py
[2024-08-26T15:41:07.091+0000] {processor.py:925} INFO - DAG(s) 'example_sensors' retrieved from /home/airflow/.local/lib/python3.12/site-packages/airflow/example_dags/example_sensors.py
[2024-08-26T15:41:07.173+0000] {logging_mixin.py:190} INFO - [2024-08-26T15:41:07.172+0000] {dag.py:3211} INFO - Sync 1 DAGs
[2024-08-26T15:41:07.216+0000] {logging_mixin.py:190} INFO - [2024-08-26T15:41:07.215+0000] {dag.py:4138} INFO - Setting next_dagrun for example_sensors to None, run_after=None
[2024-08-26T15:41:07.262+0000] {processor.py:208} INFO - Processing /home/airflow/.local/lib/python3.12/site-packages/airflow/example_dags/example_sensors.py took 0.227 seconds
[2024-08-26T15:43:51.961+0000] {processor.py:186} INFO - Started process (PID=2662) to work on /home/airflow/.local/lib/python3.12/site-packages/airflow/example_dags/example_sensors.py
[2024-08-26T15:43:51.966+0000] {processor.py:914} INFO - Processing file /home/airflow/.local/lib/python3.12/site-packages/airflow/example_dags/example_sensors.py for tasks to queue
[2024-08-26T15:43:51.974+0000] {logging_mixin.py:190} INFO - [2024-08-26T15:43:51.972+0000] {dagbag.py:587} INFO - Filling up the DagBag from /home/airflow/.local/lib/python3.12/site-packages/airflow/example_dags/example_sensors.py
[2024-08-26T15:43:52.057+0000] {processor.py:925} INFO - DAG(s) 'example_sensors' retrieved from /home/airflow/.local/lib/python3.12/site-packages/airflow/example_dags/example_sensors.py
[2024-08-26T15:43:52.257+0000] {logging_mixin.py:190} INFO - [2024-08-26T15:43:52.256+0000] {dag.py:3211} INFO - Sync 1 DAGs
[2024-08-26T15:43:52.327+0000] {logging_mixin.py:190} INFO - [2024-08-26T15:43:52.326+0000] {dag.py:4138} INFO - Setting next_dagrun for example_sensors to None, run_after=None
[2024-08-26T15:43:52.409+0000] {processor.py:208} INFO - Processing /home/airflow/.local/lib/python3.12/site-packages/airflow/example_dags/example_sensors.py took 0.490 seconds
[2024-08-26T15:44:37.932+0000] {processor.py:186} INFO - Started process (PID=2735) to work on /home/airflow/.local/lib/python3.12/site-packages/airflow/example_dags/example_sensors.py
[2024-08-26T15:44:37.935+0000] {processor.py:914} INFO - Processing file /home/airflow/.local/lib/python3.12/site-packages/airflow/example_dags/example_sensors.py for tasks to queue
[2024-08-26T15:44:37.939+0000] {logging_mixin.py:190} INFO - [2024-08-26T15:44:37.938+0000] {dagbag.py:587} INFO - Filling up the DagBag from /home/airflow/.local/lib/python3.12/site-packages/airflow/example_dags/example_sensors.py
[2024-08-26T15:44:37.965+0000] {processor.py:925} INFO - DAG(s) 'example_sensors' retrieved from /home/airflow/.local/lib/python3.12/site-packages/airflow/example_dags/example_sensors.py
[2024-08-26T15:44:38.036+0000] {logging_mixin.py:190} INFO - [2024-08-26T15:44:38.036+0000] {dag.py:3211} INFO - Sync 1 DAGs
[2024-08-26T15:44:38.072+0000] {logging_mixin.py:190} INFO - [2024-08-26T15:44:38.072+0000] {dag.py:4138} INFO - Setting next_dagrun for example_sensors to None, run_after=None
[2024-08-26T15:44:38.115+0000] {processor.py:208} INFO - Processing /home/airflow/.local/lib/python3.12/site-packages/airflow/example_dags/example_sensors.py took 0.199 seconds
[2024-08-26T15:45:16.125+0000] {processor.py:186} INFO - Started process (PID=2801) to work on /home/airflow/.local/lib/python3.12/site-packages/airflow/example_dags/example_sensors.py
[2024-08-26T15:45:16.126+0000] {processor.py:914} INFO - Processing file /home/airflow/.local/lib/python3.12/site-packages/airflow/example_dags/example_sensors.py for tasks to queue
[2024-08-26T15:45:16.129+0000] {logging_mixin.py:190} INFO - [2024-08-26T15:45:16.128+0000] {dagbag.py:587} INFO - Filling up the DagBag from /home/airflow/.local/lib/python3.12/site-packages/airflow/example_dags/example_sensors.py
[2024-08-26T15:45:16.144+0000] {processor.py:925} INFO - DAG(s) 'example_sensors' retrieved from /home/airflow/.local/lib/python3.12/site-packages/airflow/example_dags/example_sensors.py
[2024-08-26T15:45:16.184+0000] {logging_mixin.py:190} INFO - [2024-08-26T15:45:16.184+0000] {dag.py:3211} INFO - Sync 1 DAGs
[2024-08-26T15:45:16.205+0000] {logging_mixin.py:190} INFO - [2024-08-26T15:45:16.205+0000] {dag.py:4138} INFO - Setting next_dagrun for example_sensors to None, run_after=None
[2024-08-26T15:45:16.230+0000] {processor.py:208} INFO - Processing /home/airflow/.local/lib/python3.12/site-packages/airflow/example_dags/example_sensors.py took 0.115 seconds
[2024-08-26T15:45:58.410+0000] {processor.py:186} INFO - Started process (PID=2867) to work on /home/airflow/.local/lib/python3.12/site-packages/airflow/example_dags/example_sensors.py
[2024-08-26T15:45:58.413+0000] {processor.py:914} INFO - Processing file /home/airflow/.local/lib/python3.12/site-packages/airflow/example_dags/example_sensors.py for tasks to queue
[2024-08-26T15:45:58.416+0000] {logging_mixin.py:190} INFO - [2024-08-26T15:45:58.415+0000] {dagbag.py:587} INFO - Filling up the DagBag from /home/airflow/.local/lib/python3.12/site-packages/airflow/example_dags/example_sensors.py
[2024-08-26T15:45:58.445+0000] {processor.py:925} INFO - DAG(s) 'example_sensors' retrieved from /home/airflow/.local/lib/python3.12/site-packages/airflow/example_dags/example_sensors.py
[2024-08-26T15:45:58.547+0000] {logging_mixin.py:190} INFO - [2024-08-26T15:45:58.546+0000] {dag.py:3211} INFO - Sync 1 DAGs
[2024-08-26T15:45:58.607+0000] {logging_mixin.py:190} INFO - [2024-08-26T15:45:58.606+0000] {dag.py:4138} INFO - Setting next_dagrun for example_sensors to None, run_after=None
[2024-08-26T15:45:58.657+0000] {processor.py:208} INFO - Processing /home/airflow/.local/lib/python3.12/site-packages/airflow/example_dags/example_sensors.py took 0.262 seconds
[2024-08-26T15:48:01.525+0000] {processor.py:186} INFO - Started process (PID=2955) to work on /home/airflow/.local/lib/python3.12/site-packages/airflow/example_dags/example_sensors.py
[2024-08-26T15:48:01.528+0000] {processor.py:914} INFO - Processing file /home/airflow/.local/lib/python3.12/site-packages/airflow/example_dags/example_sensors.py for tasks to queue
[2024-08-26T15:48:01.532+0000] {logging_mixin.py:190} INFO - [2024-08-26T15:48:01.531+0000] {dagbag.py:587} INFO - Filling up the DagBag from /home/airflow/.local/lib/python3.12/site-packages/airflow/example_dags/example_sensors.py
[2024-08-26T15:48:01.562+0000] {processor.py:925} INFO - DAG(s) 'example_sensors' retrieved from /home/airflow/.local/lib/python3.12/site-packages/airflow/example_dags/example_sensors.py
[2024-08-26T15:48:01.690+0000] {logging_mixin.py:190} INFO - [2024-08-26T15:48:01.689+0000] {dag.py:3211} INFO - Sync 1 DAGs
[2024-08-26T15:48:01.731+0000] {logging_mixin.py:190} INFO - [2024-08-26T15:48:01.731+0000] {dag.py:4138} INFO - Setting next_dagrun for example_sensors to None, run_after=None
[2024-08-26T15:48:01.782+0000] {processor.py:208} INFO - Processing /home/airflow/.local/lib/python3.12/site-packages/airflow/example_dags/example_sensors.py took 0.275 seconds
[2024-08-26T15:50:48.038+0000] {processor.py:186} INFO - Started process (PID=3054) to work on /home/airflow/.local/lib/python3.12/site-packages/airflow/example_dags/example_sensors.py
[2024-08-26T15:50:48.045+0000] {processor.py:914} INFO - Processing file /home/airflow/.local/lib/python3.12/site-packages/airflow/example_dags/example_sensors.py for tasks to queue
[2024-08-26T15:50:48.051+0000] {logging_mixin.py:190} INFO - [2024-08-26T15:50:48.050+0000] {dagbag.py:587} INFO - Filling up the DagBag from /home/airflow/.local/lib/python3.12/site-packages/airflow/example_dags/example_sensors.py
[2024-08-26T15:50:48.108+0000] {processor.py:925} INFO - DAG(s) 'example_sensors' retrieved from /home/airflow/.local/lib/python3.12/site-packages/airflow/example_dags/example_sensors.py
[2024-08-26T15:50:48.319+0000] {logging_mixin.py:190} INFO - [2024-08-26T15:50:48.318+0000] {dag.py:3211} INFO - Sync 1 DAGs
[2024-08-26T15:50:48.408+0000] {logging_mixin.py:190} INFO - [2024-08-26T15:50:48.407+0000] {dag.py:4138} INFO - Setting next_dagrun for example_sensors to None, run_after=None
[2024-08-26T15:50:48.512+0000] {processor.py:208} INFO - Processing /home/airflow/.local/lib/python3.12/site-packages/airflow/example_dags/example_sensors.py took 0.522 seconds
[2024-08-26T15:51:47.649+0000] {processor.py:186} INFO - Started process (PID=3126) to work on /home/airflow/.local/lib/python3.12/site-packages/airflow/example_dags/example_sensors.py
[2024-08-26T15:51:47.653+0000] {processor.py:914} INFO - Processing file /home/airflow/.local/lib/python3.12/site-packages/airflow/example_dags/example_sensors.py for tasks to queue
[2024-08-26T15:51:47.658+0000] {logging_mixin.py:190} INFO - [2024-08-26T15:51:47.657+0000] {dagbag.py:587} INFO - Filling up the DagBag from /home/airflow/.local/lib/python3.12/site-packages/airflow/example_dags/example_sensors.py
[2024-08-26T15:51:47.688+0000] {processor.py:925} INFO - DAG(s) 'example_sensors' retrieved from /home/airflow/.local/lib/python3.12/site-packages/airflow/example_dags/example_sensors.py
[2024-08-26T15:51:47.774+0000] {logging_mixin.py:190} INFO - [2024-08-26T15:51:47.773+0000] {dag.py:3211} INFO - Sync 1 DAGs
[2024-08-26T15:51:47.817+0000] {logging_mixin.py:190} INFO - [2024-08-26T15:51:47.816+0000] {dag.py:4138} INFO - Setting next_dagrun for example_sensors to None, run_after=None
[2024-08-26T15:51:47.865+0000] {processor.py:208} INFO - Processing /home/airflow/.local/lib/python3.12/site-packages/airflow/example_dags/example_sensors.py took 0.235 seconds
[2024-08-26T15:52:29.599+0000] {processor.py:186} INFO - Started process (PID=3193) to work on /home/airflow/.local/lib/python3.12/site-packages/airflow/example_dags/example_sensors.py
[2024-08-26T15:52:29.602+0000] {processor.py:914} INFO - Processing file /home/airflow/.local/lib/python3.12/site-packages/airflow/example_dags/example_sensors.py for tasks to queue
[2024-08-26T15:52:29.606+0000] {logging_mixin.py:190} INFO - [2024-08-26T15:52:29.605+0000] {dagbag.py:587} INFO - Filling up the DagBag from /home/airflow/.local/lib/python3.12/site-packages/airflow/example_dags/example_sensors.py
[2024-08-26T15:52:29.635+0000] {processor.py:925} INFO - DAG(s) 'example_sensors' retrieved from /home/airflow/.local/lib/python3.12/site-packages/airflow/example_dags/example_sensors.py
[2024-08-26T15:52:29.713+0000] {logging_mixin.py:190} INFO - [2024-08-26T15:52:29.713+0000] {dag.py:3211} INFO - Sync 1 DAGs
[2024-08-26T15:52:29.753+0000] {logging_mixin.py:190} INFO - [2024-08-26T15:52:29.752+0000] {dag.py:4138} INFO - Setting next_dagrun for example_sensors to None, run_after=None
[2024-08-26T15:52:29.802+0000] {processor.py:208} INFO - Processing /home/airflow/.local/lib/python3.12/site-packages/airflow/example_dags/example_sensors.py took 0.220 seconds
