[2024-08-26T10:34:42.084+0000] {processor.py:186} INFO - Started process (PID=64) to work on /home/airflow/.local/lib/python3.12/site-packages/airflow/example_dags/example_xcomargs.py
[2024-08-26T10:34:42.086+0000] {processor.py:914} INFO - Processing file /home/airflow/.local/lib/python3.12/site-packages/airflow/example_dags/example_xcomargs.py for tasks to queue
[2024-08-26T10:34:42.090+0000] {logging_mixin.py:190} INFO - [2024-08-26T10:34:42.089+0000] {dagbag.py:587} INFO - Filling up the DagBag from /home/airflow/.local/lib/python3.12/site-packages/airflow/example_dags/example_xcomargs.py
[2024-08-26T10:34:42.108+0000] {processor.py:925} INFO - DAG(s) 'example_xcom_args', 'example_xcom_args_with_operators' retrieved from /home/airflow/.local/lib/python3.12/site-packages/airflow/example_dags/example_xcomargs.py
[2024-08-26T10:34:42.150+0000] {logging_mixin.py:190} INFO - [2024-08-26T10:34:42.150+0000] {dag.py:3211} INFO - Sync 2 DAGs
[2024-08-26T10:34:42.170+0000] {logging_mixin.py:190} INFO - [2024-08-26T10:34:42.170+0000] {dag.py:4138} INFO - Setting next_dagrun for example_xcom_args to None, run_after=None
[2024-08-26T10:34:42.176+0000] {logging_mixin.py:190} INFO - [2024-08-26T10:34:42.176+0000] {dag.py:4138} INFO - Setting next_dagrun for example_xcom_args_with_operators to None, run_after=None
[2024-08-26T10:34:42.196+0000] {processor.py:208} INFO - Processing /home/airflow/.local/lib/python3.12/site-packages/airflow/example_dags/example_xcomargs.py took 0.120 seconds
[2024-08-26T10:35:25.160+0000] {processor.py:186} INFO - Started process (PID=136) to work on /home/airflow/.local/lib/python3.12/site-packages/airflow/example_dags/example_xcomargs.py
[2024-08-26T10:35:25.162+0000] {processor.py:914} INFO - Processing file /home/airflow/.local/lib/python3.12/site-packages/airflow/example_dags/example_xcomargs.py for tasks to queue
[2024-08-26T10:35:25.165+0000] {logging_mixin.py:190} INFO - [2024-08-26T10:35:25.165+0000] {dagbag.py:587} INFO - Filling up the DagBag from /home/airflow/.local/lib/python3.12/site-packages/airflow/example_dags/example_xcomargs.py
[2024-08-26T10:35:25.181+0000] {processor.py:925} INFO - DAG(s) 'example_xcom_args_with_operators', 'example_xcom_args' retrieved from /home/airflow/.local/lib/python3.12/site-packages/airflow/example_dags/example_xcomargs.py
[2024-08-26T10:35:25.218+0000] {logging_mixin.py:190} INFO - [2024-08-26T10:35:25.217+0000] {dag.py:3211} INFO - Sync 2 DAGs
[2024-08-26T10:35:25.239+0000] {logging_mixin.py:190} INFO - [2024-08-26T10:35:25.239+0000] {dag.py:4138} INFO - Setting next_dagrun for example_xcom_args to None, run_after=None
[2024-08-26T10:35:25.245+0000] {logging_mixin.py:190} INFO - [2024-08-26T10:35:25.245+0000] {dag.py:4138} INFO - Setting next_dagrun for example_xcom_args_with_operators to None, run_after=None
[2024-08-26T10:35:25.267+0000] {processor.py:208} INFO - Processing /home/airflow/.local/lib/python3.12/site-packages/airflow/example_dags/example_xcomargs.py took 0.116 seconds
[2024-08-26T10:38:00.770+0000] {processor.py:186} INFO - Started process (PID=64) to work on /home/airflow/.local/lib/python3.12/site-packages/airflow/example_dags/example_xcomargs.py
[2024-08-26T10:38:00.773+0000] {processor.py:914} INFO - Processing file /home/airflow/.local/lib/python3.12/site-packages/airflow/example_dags/example_xcomargs.py for tasks to queue
[2024-08-26T10:38:00.779+0000] {logging_mixin.py:190} INFO - [2024-08-26T10:38:00.778+0000] {dagbag.py:587} INFO - Filling up the DagBag from /home/airflow/.local/lib/python3.12/site-packages/airflow/example_dags/example_xcomargs.py
[2024-08-26T10:38:00.799+0000] {processor.py:925} INFO - DAG(s) 'example_xcom_args', 'example_xcom_args_with_operators' retrieved from /home/airflow/.local/lib/python3.12/site-packages/airflow/example_dags/example_xcomargs.py
[2024-08-26T10:38:00.847+0000] {logging_mixin.py:190} INFO - [2024-08-26T10:38:00.847+0000] {dag.py:3211} INFO - Sync 2 DAGs
[2024-08-26T10:38:00.886+0000] {logging_mixin.py:190} INFO - [2024-08-26T10:38:00.886+0000] {dag.py:4138} INFO - Setting next_dagrun for example_xcom_args to None, run_after=None
[2024-08-26T10:38:00.893+0000] {logging_mixin.py:190} INFO - [2024-08-26T10:38:00.892+0000] {dag.py:4138} INFO - Setting next_dagrun for example_xcom_args_with_operators to None, run_after=None
[2024-08-26T10:38:00.918+0000] {processor.py:208} INFO - Processing /home/airflow/.local/lib/python3.12/site-packages/airflow/example_dags/example_xcomargs.py took 0.159 seconds
[2024-08-26T10:38:41.511+0000] {processor.py:186} INFO - Started process (PID=130) to work on /home/airflow/.local/lib/python3.12/site-packages/airflow/example_dags/example_xcomargs.py
[2024-08-26T10:38:41.512+0000] {processor.py:914} INFO - Processing file /home/airflow/.local/lib/python3.12/site-packages/airflow/example_dags/example_xcomargs.py for tasks to queue
[2024-08-26T10:38:41.516+0000] {logging_mixin.py:190} INFO - [2024-08-26T10:38:41.516+0000] {dagbag.py:587} INFO - Filling up the DagBag from /home/airflow/.local/lib/python3.12/site-packages/airflow/example_dags/example_xcomargs.py
[2024-08-26T10:38:41.530+0000] {processor.py:925} INFO - DAG(s) 'example_xcom_args', 'example_xcom_args_with_operators' retrieved from /home/airflow/.local/lib/python3.12/site-packages/airflow/example_dags/example_xcomargs.py
[2024-08-26T10:38:41.566+0000] {logging_mixin.py:190} INFO - [2024-08-26T10:38:41.566+0000] {dag.py:3211} INFO - Sync 2 DAGs
[2024-08-26T10:38:41.588+0000] {logging_mixin.py:190} INFO - [2024-08-26T10:38:41.587+0000] {dag.py:4138} INFO - Setting next_dagrun for example_xcom_args to None, run_after=None
[2024-08-26T10:38:41.593+0000] {logging_mixin.py:190} INFO - [2024-08-26T10:38:41.593+0000] {dag.py:4138} INFO - Setting next_dagrun for example_xcom_args_with_operators to None, run_after=None
[2024-08-26T10:38:41.618+0000] {processor.py:208} INFO - Processing /home/airflow/.local/lib/python3.12/site-packages/airflow/example_dags/example_xcomargs.py took 0.115 seconds
[2024-08-26T10:39:18.974+0000] {processor.py:186} INFO - Started process (PID=196) to work on /home/airflow/.local/lib/python3.12/site-packages/airflow/example_dags/example_xcomargs.py
[2024-08-26T10:39:18.978+0000] {processor.py:914} INFO - Processing file /home/airflow/.local/lib/python3.12/site-packages/airflow/example_dags/example_xcomargs.py for tasks to queue
[2024-08-26T10:39:18.983+0000] {logging_mixin.py:190} INFO - [2024-08-26T10:39:18.983+0000] {dagbag.py:587} INFO - Filling up the DagBag from /home/airflow/.local/lib/python3.12/site-packages/airflow/example_dags/example_xcomargs.py
[2024-08-26T10:39:18.999+0000] {processor.py:925} INFO - DAG(s) 'example_xcom_args', 'example_xcom_args_with_operators' retrieved from /home/airflow/.local/lib/python3.12/site-packages/airflow/example_dags/example_xcomargs.py
[2024-08-26T10:39:19.040+0000] {logging_mixin.py:190} INFO - [2024-08-26T10:39:19.039+0000] {dag.py:3211} INFO - Sync 2 DAGs
[2024-08-26T10:39:19.065+0000] {logging_mixin.py:190} INFO - [2024-08-26T10:39:19.064+0000] {dag.py:4138} INFO - Setting next_dagrun for example_xcom_args to None, run_after=None
[2024-08-26T10:39:19.074+0000] {logging_mixin.py:190} INFO - [2024-08-26T10:39:19.074+0000] {dag.py:4138} INFO - Setting next_dagrun for example_xcom_args_with_operators to None, run_after=None
[2024-08-26T10:39:19.156+0000] {processor.py:208} INFO - Processing /home/airflow/.local/lib/python3.12/site-packages/airflow/example_dags/example_xcomargs.py took 0.192 seconds
[2024-08-26T10:39:59.477+0000] {processor.py:186} INFO - Started process (PID=270) to work on /home/airflow/.local/lib/python3.12/site-packages/airflow/example_dags/example_xcomargs.py
[2024-08-26T10:39:59.478+0000] {processor.py:914} INFO - Processing file /home/airflow/.local/lib/python3.12/site-packages/airflow/example_dags/example_xcomargs.py for tasks to queue
[2024-08-26T10:39:59.482+0000] {logging_mixin.py:190} INFO - [2024-08-26T10:39:59.481+0000] {dagbag.py:587} INFO - Filling up the DagBag from /home/airflow/.local/lib/python3.12/site-packages/airflow/example_dags/example_xcomargs.py
[2024-08-26T10:39:59.496+0000] {processor.py:925} INFO - DAG(s) 'example_xcom_args_with_operators', 'example_xcom_args' retrieved from /home/airflow/.local/lib/python3.12/site-packages/airflow/example_dags/example_xcomargs.py
[2024-08-26T10:39:59.531+0000] {logging_mixin.py:190} INFO - [2024-08-26T10:39:59.530+0000] {dag.py:3211} INFO - Sync 2 DAGs
[2024-08-26T10:39:59.553+0000] {logging_mixin.py:190} INFO - [2024-08-26T10:39:59.553+0000] {dag.py:4138} INFO - Setting next_dagrun for example_xcom_args to None, run_after=None
[2024-08-26T10:39:59.559+0000] {logging_mixin.py:190} INFO - [2024-08-26T10:39:59.558+0000] {dag.py:4138} INFO - Setting next_dagrun for example_xcom_args_with_operators to None, run_after=None
[2024-08-26T10:39:59.581+0000] {processor.py:208} INFO - Processing /home/airflow/.local/lib/python3.12/site-packages/airflow/example_dags/example_xcomargs.py took 0.113 seconds
[2024-08-26T10:40:43.115+0000] {processor.py:186} INFO - Started process (PID=338) to work on /home/airflow/.local/lib/python3.12/site-packages/airflow/example_dags/example_xcomargs.py
[2024-08-26T10:40:43.117+0000] {processor.py:914} INFO - Processing file /home/airflow/.local/lib/python3.12/site-packages/airflow/example_dags/example_xcomargs.py for tasks to queue
[2024-08-26T10:40:43.120+0000] {logging_mixin.py:190} INFO - [2024-08-26T10:40:43.120+0000] {dagbag.py:587} INFO - Filling up the DagBag from /home/airflow/.local/lib/python3.12/site-packages/airflow/example_dags/example_xcomargs.py
[2024-08-26T10:40:43.133+0000] {processor.py:925} INFO - DAG(s) 'example_xcom_args_with_operators', 'example_xcom_args' retrieved from /home/airflow/.local/lib/python3.12/site-packages/airflow/example_dags/example_xcomargs.py
[2024-08-26T10:40:43.166+0000] {logging_mixin.py:190} INFO - [2024-08-26T10:40:43.166+0000] {dag.py:3211} INFO - Sync 2 DAGs
[2024-08-26T10:40:43.187+0000] {logging_mixin.py:190} INFO - [2024-08-26T10:40:43.187+0000] {dag.py:4138} INFO - Setting next_dagrun for example_xcom_args to None, run_after=None
[2024-08-26T10:40:43.193+0000] {logging_mixin.py:190} INFO - [2024-08-26T10:40:43.192+0000] {dag.py:4138} INFO - Setting next_dagrun for example_xcom_args_with_operators to None, run_after=None
[2024-08-26T10:40:43.215+0000] {processor.py:208} INFO - Processing /home/airflow/.local/lib/python3.12/site-packages/airflow/example_dags/example_xcomargs.py took 0.108 seconds
[2024-08-26T10:41:20.497+0000] {processor.py:186} INFO - Started process (PID=403) to work on /home/airflow/.local/lib/python3.12/site-packages/airflow/example_dags/example_xcomargs.py
[2024-08-26T10:41:20.498+0000] {processor.py:914} INFO - Processing file /home/airflow/.local/lib/python3.12/site-packages/airflow/example_dags/example_xcomargs.py for tasks to queue
[2024-08-26T10:41:20.502+0000] {logging_mixin.py:190} INFO - [2024-08-26T10:41:20.501+0000] {dagbag.py:587} INFO - Filling up the DagBag from /home/airflow/.local/lib/python3.12/site-packages/airflow/example_dags/example_xcomargs.py
[2024-08-26T10:41:20.515+0000] {processor.py:925} INFO - DAG(s) 'example_xcom_args_with_operators', 'example_xcom_args' retrieved from /home/airflow/.local/lib/python3.12/site-packages/airflow/example_dags/example_xcomargs.py
[2024-08-26T10:41:20.547+0000] {logging_mixin.py:190} INFO - [2024-08-26T10:41:20.547+0000] {dag.py:3211} INFO - Sync 2 DAGs
[2024-08-26T10:41:20.567+0000] {logging_mixin.py:190} INFO - [2024-08-26T10:41:20.567+0000] {dag.py:4138} INFO - Setting next_dagrun for example_xcom_args to None, run_after=None
[2024-08-26T10:41:20.572+0000] {logging_mixin.py:190} INFO - [2024-08-26T10:41:20.572+0000] {dag.py:4138} INFO - Setting next_dagrun for example_xcom_args_with_operators to None, run_after=None
[2024-08-26T10:41:20.595+0000] {processor.py:208} INFO - Processing /home/airflow/.local/lib/python3.12/site-packages/airflow/example_dags/example_xcomargs.py took 0.106 seconds
[2024-08-26T10:42:03.215+0000] {processor.py:186} INFO - Started process (PID=475) to work on /home/airflow/.local/lib/python3.12/site-packages/airflow/example_dags/example_xcomargs.py
[2024-08-26T10:42:03.217+0000] {processor.py:914} INFO - Processing file /home/airflow/.local/lib/python3.12/site-packages/airflow/example_dags/example_xcomargs.py for tasks to queue
[2024-08-26T10:42:03.221+0000] {logging_mixin.py:190} INFO - [2024-08-26T10:42:03.221+0000] {dagbag.py:587} INFO - Filling up the DagBag from /home/airflow/.local/lib/python3.12/site-packages/airflow/example_dags/example_xcomargs.py
[2024-08-26T10:42:03.277+0000] {processor.py:925} INFO - DAG(s) 'example_xcom_args_with_operators', 'example_xcom_args' retrieved from /home/airflow/.local/lib/python3.12/site-packages/airflow/example_dags/example_xcomargs.py
[2024-08-26T10:42:03.328+0000] {logging_mixin.py:190} INFO - [2024-08-26T10:42:03.328+0000] {dag.py:3211} INFO - Sync 2 DAGs
[2024-08-26T10:42:03.364+0000] {logging_mixin.py:190} INFO - [2024-08-26T10:42:03.363+0000] {dag.py:4138} INFO - Setting next_dagrun for example_xcom_args to None, run_after=None
[2024-08-26T10:42:03.372+0000] {logging_mixin.py:190} INFO - [2024-08-26T10:42:03.371+0000] {dag.py:4138} INFO - Setting next_dagrun for example_xcom_args_with_operators to None, run_after=None
[2024-08-26T10:42:03.411+0000] {processor.py:208} INFO - Processing /home/airflow/.local/lib/python3.12/site-packages/airflow/example_dags/example_xcomargs.py took 0.204 seconds
[2024-08-26T10:42:51.471+0000] {processor.py:186} INFO - Started process (PID=541) to work on /home/airflow/.local/lib/python3.12/site-packages/airflow/example_dags/example_xcomargs.py
[2024-08-26T10:42:51.474+0000] {processor.py:914} INFO - Processing file /home/airflow/.local/lib/python3.12/site-packages/airflow/example_dags/example_xcomargs.py for tasks to queue
[2024-08-26T10:42:51.477+0000] {logging_mixin.py:190} INFO - [2024-08-26T10:42:51.476+0000] {dagbag.py:587} INFO - Filling up the DagBag from /home/airflow/.local/lib/python3.12/site-packages/airflow/example_dags/example_xcomargs.py
[2024-08-26T10:42:51.495+0000] {processor.py:925} INFO - DAG(s) 'example_xcom_args', 'example_xcom_args_with_operators' retrieved from /home/airflow/.local/lib/python3.12/site-packages/airflow/example_dags/example_xcomargs.py
[2024-08-26T10:42:51.537+0000] {logging_mixin.py:190} INFO - [2024-08-26T10:42:51.537+0000] {dag.py:3211} INFO - Sync 2 DAGs
[2024-08-26T10:42:51.565+0000] {logging_mixin.py:190} INFO - [2024-08-26T10:42:51.565+0000] {dag.py:4138} INFO - Setting next_dagrun for example_xcom_args to None, run_after=None
[2024-08-26T10:42:51.571+0000] {logging_mixin.py:190} INFO - [2024-08-26T10:42:51.571+0000] {dag.py:4138} INFO - Setting next_dagrun for example_xcom_args_with_operators to None, run_after=None
[2024-08-26T10:42:51.600+0000] {processor.py:208} INFO - Processing /home/airflow/.local/lib/python3.12/site-packages/airflow/example_dags/example_xcomargs.py took 0.139 seconds
[2024-08-26T10:43:34.504+0000] {processor.py:186} INFO - Started process (PID=621) to work on /home/airflow/.local/lib/python3.12/site-packages/airflow/example_dags/example_xcomargs.py
[2024-08-26T10:43:34.508+0000] {processor.py:914} INFO - Processing file /home/airflow/.local/lib/python3.12/site-packages/airflow/example_dags/example_xcomargs.py for tasks to queue
[2024-08-26T10:43:34.511+0000] {logging_mixin.py:190} INFO - [2024-08-26T10:43:34.510+0000] {dagbag.py:587} INFO - Filling up the DagBag from /home/airflow/.local/lib/python3.12/site-packages/airflow/example_dags/example_xcomargs.py
[2024-08-26T10:43:34.537+0000] {processor.py:925} INFO - DAG(s) 'example_xcom_args', 'example_xcom_args_with_operators' retrieved from /home/airflow/.local/lib/python3.12/site-packages/airflow/example_dags/example_xcomargs.py
[2024-08-26T10:43:34.572+0000] {logging_mixin.py:190} INFO - [2024-08-26T10:43:34.572+0000] {dag.py:3211} INFO - Sync 2 DAGs
[2024-08-26T10:43:34.594+0000] {logging_mixin.py:190} INFO - [2024-08-26T10:43:34.594+0000] {dag.py:4138} INFO - Setting next_dagrun for example_xcom_args to None, run_after=None
[2024-08-26T10:43:34.600+0000] {logging_mixin.py:190} INFO - [2024-08-26T10:43:34.599+0000] {dag.py:4138} INFO - Setting next_dagrun for example_xcom_args_with_operators to None, run_after=None
[2024-08-26T10:43:34.621+0000] {processor.py:208} INFO - Processing /home/airflow/.local/lib/python3.12/site-packages/airflow/example_dags/example_xcomargs.py took 0.125 seconds
[2024-08-26T10:44:12.065+0000] {processor.py:186} INFO - Started process (PID=687) to work on /home/airflow/.local/lib/python3.12/site-packages/airflow/example_dags/example_xcomargs.py
[2024-08-26T10:44:12.067+0000] {processor.py:914} INFO - Processing file /home/airflow/.local/lib/python3.12/site-packages/airflow/example_dags/example_xcomargs.py for tasks to queue
[2024-08-26T10:44:12.069+0000] {logging_mixin.py:190} INFO - [2024-08-26T10:44:12.069+0000] {dagbag.py:587} INFO - Filling up the DagBag from /home/airflow/.local/lib/python3.12/site-packages/airflow/example_dags/example_xcomargs.py
[2024-08-26T10:44:12.085+0000] {processor.py:925} INFO - DAG(s) 'example_xcom_args', 'example_xcom_args_with_operators' retrieved from /home/airflow/.local/lib/python3.12/site-packages/airflow/example_dags/example_xcomargs.py
[2024-08-26T10:44:12.122+0000] {logging_mixin.py:190} INFO - [2024-08-26T10:44:12.121+0000] {dag.py:3211} INFO - Sync 2 DAGs
[2024-08-26T10:44:12.144+0000] {logging_mixin.py:190} INFO - [2024-08-26T10:44:12.144+0000] {dag.py:4138} INFO - Setting next_dagrun for example_xcom_args to None, run_after=None
[2024-08-26T10:44:12.150+0000] {logging_mixin.py:190} INFO - [2024-08-26T10:44:12.150+0000] {dag.py:4138} INFO - Setting next_dagrun for example_xcom_args_with_operators to None, run_after=None
[2024-08-26T10:44:12.174+0000] {processor.py:208} INFO - Processing /home/airflow/.local/lib/python3.12/site-packages/airflow/example_dags/example_xcomargs.py took 0.117 seconds
[2024-08-26T10:44:51.456+0000] {processor.py:186} INFO - Started process (PID=754) to work on /home/airflow/.local/lib/python3.12/site-packages/airflow/example_dags/example_xcomargs.py
[2024-08-26T10:44:51.459+0000] {processor.py:914} INFO - Processing file /home/airflow/.local/lib/python3.12/site-packages/airflow/example_dags/example_xcomargs.py for tasks to queue
[2024-08-26T10:44:51.461+0000] {logging_mixin.py:190} INFO - [2024-08-26T10:44:51.460+0000] {dagbag.py:587} INFO - Filling up the DagBag from /home/airflow/.local/lib/python3.12/site-packages/airflow/example_dags/example_xcomargs.py
[2024-08-26T10:44:51.477+0000] {processor.py:925} INFO - DAG(s) 'example_xcom_args_with_operators', 'example_xcom_args' retrieved from /home/airflow/.local/lib/python3.12/site-packages/airflow/example_dags/example_xcomargs.py
[2024-08-26T10:44:51.515+0000] {logging_mixin.py:190} INFO - [2024-08-26T10:44:51.515+0000] {dag.py:3211} INFO - Sync 2 DAGs
[2024-08-26T10:44:51.542+0000] {logging_mixin.py:190} INFO - [2024-08-26T10:44:51.541+0000] {dag.py:4138} INFO - Setting next_dagrun for example_xcom_args to None, run_after=None
[2024-08-26T10:44:51.549+0000] {logging_mixin.py:190} INFO - [2024-08-26T10:44:51.548+0000] {dag.py:4138} INFO - Setting next_dagrun for example_xcom_args_with_operators to None, run_after=None
[2024-08-26T10:44:51.572+0000] {processor.py:208} INFO - Processing /home/airflow/.local/lib/python3.12/site-packages/airflow/example_dags/example_xcomargs.py took 0.126 seconds
[2024-08-26T10:45:32.258+0000] {processor.py:186} INFO - Started process (PID=829) to work on /home/airflow/.local/lib/python3.12/site-packages/airflow/example_dags/example_xcomargs.py
[2024-08-26T10:45:32.261+0000] {processor.py:914} INFO - Processing file /home/airflow/.local/lib/python3.12/site-packages/airflow/example_dags/example_xcomargs.py for tasks to queue
[2024-08-26T10:45:32.263+0000] {logging_mixin.py:190} INFO - [2024-08-26T10:45:32.263+0000] {dagbag.py:587} INFO - Filling up the DagBag from /home/airflow/.local/lib/python3.12/site-packages/airflow/example_dags/example_xcomargs.py
[2024-08-26T10:45:32.282+0000] {processor.py:925} INFO - DAG(s) 'example_xcom_args', 'example_xcom_args_with_operators' retrieved from /home/airflow/.local/lib/python3.12/site-packages/airflow/example_dags/example_xcomargs.py
[2024-08-26T10:45:32.328+0000] {logging_mixin.py:190} INFO - [2024-08-26T10:45:32.327+0000] {dag.py:3211} INFO - Sync 2 DAGs
[2024-08-26T10:45:32.353+0000] {logging_mixin.py:190} INFO - [2024-08-26T10:45:32.353+0000] {dag.py:4138} INFO - Setting next_dagrun for example_xcom_args to None, run_after=None
[2024-08-26T10:45:32.360+0000] {logging_mixin.py:190} INFO - [2024-08-26T10:45:32.360+0000] {dag.py:4138} INFO - Setting next_dagrun for example_xcom_args_with_operators to None, run_after=None
[2024-08-26T10:45:32.384+0000] {processor.py:208} INFO - Processing /home/airflow/.local/lib/python3.12/site-packages/airflow/example_dags/example_xcomargs.py took 0.138 seconds
[2024-08-26T10:46:11.005+0000] {processor.py:186} INFO - Started process (PID=901) to work on /home/airflow/.local/lib/python3.12/site-packages/airflow/example_dags/example_xcomargs.py
[2024-08-26T10:46:11.007+0000] {processor.py:914} INFO - Processing file /home/airflow/.local/lib/python3.12/site-packages/airflow/example_dags/example_xcomargs.py for tasks to queue
[2024-08-26T10:46:11.009+0000] {logging_mixin.py:190} INFO - [2024-08-26T10:46:11.008+0000] {dagbag.py:587} INFO - Filling up the DagBag from /home/airflow/.local/lib/python3.12/site-packages/airflow/example_dags/example_xcomargs.py
[2024-08-26T10:46:11.023+0000] {processor.py:925} INFO - DAG(s) 'example_xcom_args_with_operators', 'example_xcom_args' retrieved from /home/airflow/.local/lib/python3.12/site-packages/airflow/example_dags/example_xcomargs.py
[2024-08-26T10:46:11.062+0000] {logging_mixin.py:190} INFO - [2024-08-26T10:46:11.062+0000] {dag.py:3211} INFO - Sync 2 DAGs
[2024-08-26T10:46:11.082+0000] {logging_mixin.py:190} INFO - [2024-08-26T10:46:11.082+0000] {dag.py:4138} INFO - Setting next_dagrun for example_xcom_args to None, run_after=None
[2024-08-26T10:46:11.088+0000] {logging_mixin.py:190} INFO - [2024-08-26T10:46:11.087+0000] {dag.py:4138} INFO - Setting next_dagrun for example_xcom_args_with_operators to None, run_after=None
[2024-08-26T10:46:11.110+0000] {processor.py:208} INFO - Processing /home/airflow/.local/lib/python3.12/site-packages/airflow/example_dags/example_xcomargs.py took 0.113 seconds
[2024-08-26T10:46:49.670+0000] {processor.py:186} INFO - Started process (PID=967) to work on /home/airflow/.local/lib/python3.12/site-packages/airflow/example_dags/example_xcomargs.py
[2024-08-26T10:46:49.672+0000] {processor.py:914} INFO - Processing file /home/airflow/.local/lib/python3.12/site-packages/airflow/example_dags/example_xcomargs.py for tasks to queue
[2024-08-26T10:46:49.674+0000] {logging_mixin.py:190} INFO - [2024-08-26T10:46:49.673+0000] {dagbag.py:587} INFO - Filling up the DagBag from /home/airflow/.local/lib/python3.12/site-packages/airflow/example_dags/example_xcomargs.py
[2024-08-26T10:46:49.687+0000] {processor.py:925} INFO - DAG(s) 'example_xcom_args', 'example_xcom_args_with_operators' retrieved from /home/airflow/.local/lib/python3.12/site-packages/airflow/example_dags/example_xcomargs.py
[2024-08-26T10:46:49.721+0000] {logging_mixin.py:190} INFO - [2024-08-26T10:46:49.720+0000] {dag.py:3211} INFO - Sync 2 DAGs
[2024-08-26T10:46:49.741+0000] {logging_mixin.py:190} INFO - [2024-08-26T10:46:49.740+0000] {dag.py:4138} INFO - Setting next_dagrun for example_xcom_args to None, run_after=None
[2024-08-26T10:46:49.746+0000] {logging_mixin.py:190} INFO - [2024-08-26T10:46:49.745+0000] {dag.py:4138} INFO - Setting next_dagrun for example_xcom_args_with_operators to None, run_after=None
[2024-08-26T10:46:49.767+0000] {processor.py:208} INFO - Processing /home/airflow/.local/lib/python3.12/site-packages/airflow/example_dags/example_xcomargs.py took 0.105 seconds
[2024-08-26T10:47:40.711+0000] {processor.py:186} INFO - Started process (PID=1050) to work on /home/airflow/.local/lib/python3.12/site-packages/airflow/example_dags/example_xcomargs.py
[2024-08-26T10:47:40.713+0000] {processor.py:914} INFO - Processing file /home/airflow/.local/lib/python3.12/site-packages/airflow/example_dags/example_xcomargs.py for tasks to queue
[2024-08-26T10:47:40.715+0000] {logging_mixin.py:190} INFO - [2024-08-26T10:47:40.714+0000] {dagbag.py:587} INFO - Filling up the DagBag from /home/airflow/.local/lib/python3.12/site-packages/airflow/example_dags/example_xcomargs.py
[2024-08-26T10:47:40.729+0000] {processor.py:925} INFO - DAG(s) 'example_xcom_args', 'example_xcom_args_with_operators' retrieved from /home/airflow/.local/lib/python3.12/site-packages/airflow/example_dags/example_xcomargs.py
[2024-08-26T10:47:40.789+0000] {logging_mixin.py:190} INFO - [2024-08-26T10:47:40.789+0000] {dag.py:3211} INFO - Sync 2 DAGs
[2024-08-26T10:47:40.819+0000] {logging_mixin.py:190} INFO - [2024-08-26T10:47:40.819+0000] {dag.py:4138} INFO - Setting next_dagrun for example_xcom_args to None, run_after=None
[2024-08-26T10:47:40.825+0000] {logging_mixin.py:190} INFO - [2024-08-26T10:47:40.825+0000] {dag.py:4138} INFO - Setting next_dagrun for example_xcom_args_with_operators to None, run_after=None
[2024-08-26T10:47:40.855+0000] {processor.py:208} INFO - Processing /home/airflow/.local/lib/python3.12/site-packages/airflow/example_dags/example_xcomargs.py took 0.153 seconds
[2024-08-26T10:48:20.551+0000] {processor.py:186} INFO - Started process (PID=1116) to work on /home/airflow/.local/lib/python3.12/site-packages/airflow/example_dags/example_xcomargs.py
[2024-08-26T10:48:20.554+0000] {processor.py:914} INFO - Processing file /home/airflow/.local/lib/python3.12/site-packages/airflow/example_dags/example_xcomargs.py for tasks to queue
[2024-08-26T10:48:20.557+0000] {logging_mixin.py:190} INFO - [2024-08-26T10:48:20.556+0000] {dagbag.py:587} INFO - Filling up the DagBag from /home/airflow/.local/lib/python3.12/site-packages/airflow/example_dags/example_xcomargs.py
[2024-08-26T10:48:20.574+0000] {processor.py:925} INFO - DAG(s) 'example_xcom_args', 'example_xcom_args_with_operators' retrieved from /home/airflow/.local/lib/python3.12/site-packages/airflow/example_dags/example_xcomargs.py
[2024-08-26T10:48:20.614+0000] {logging_mixin.py:190} INFO - [2024-08-26T10:48:20.613+0000] {dag.py:3211} INFO - Sync 2 DAGs
[2024-08-26T10:48:20.635+0000] {logging_mixin.py:190} INFO - [2024-08-26T10:48:20.634+0000] {dag.py:4138} INFO - Setting next_dagrun for example_xcom_args to None, run_after=None
[2024-08-26T10:48:20.640+0000] {logging_mixin.py:190} INFO - [2024-08-26T10:48:20.640+0000] {dag.py:4138} INFO - Setting next_dagrun for example_xcom_args_with_operators to None, run_after=None
[2024-08-26T10:48:20.676+0000] {processor.py:208} INFO - Processing /home/airflow/.local/lib/python3.12/site-packages/airflow/example_dags/example_xcomargs.py took 0.135 seconds
[2024-08-26T10:49:03.538+0000] {processor.py:186} INFO - Started process (PID=1192) to work on /home/airflow/.local/lib/python3.12/site-packages/airflow/example_dags/example_xcomargs.py
[2024-08-26T10:49:03.542+0000] {processor.py:914} INFO - Processing file /home/airflow/.local/lib/python3.12/site-packages/airflow/example_dags/example_xcomargs.py for tasks to queue
[2024-08-26T10:49:03.547+0000] {logging_mixin.py:190} INFO - [2024-08-26T10:49:03.546+0000] {dagbag.py:587} INFO - Filling up the DagBag from /home/airflow/.local/lib/python3.12/site-packages/airflow/example_dags/example_xcomargs.py
[2024-08-26T10:49:03.571+0000] {processor.py:925} INFO - DAG(s) 'example_xcom_args', 'example_xcom_args_with_operators' retrieved from /home/airflow/.local/lib/python3.12/site-packages/airflow/example_dags/example_xcomargs.py
[2024-08-26T10:49:03.637+0000] {logging_mixin.py:190} INFO - [2024-08-26T10:49:03.637+0000] {dag.py:3211} INFO - Sync 2 DAGs
[2024-08-26T10:49:03.678+0000] {logging_mixin.py:190} INFO - [2024-08-26T10:49:03.678+0000] {dag.py:4138} INFO - Setting next_dagrun for example_xcom_args to None, run_after=None
[2024-08-26T10:49:03.688+0000] {logging_mixin.py:190} INFO - [2024-08-26T10:49:03.688+0000] {dag.py:4138} INFO - Setting next_dagrun for example_xcom_args_with_operators to None, run_after=None
[2024-08-26T10:49:03.744+0000] {processor.py:208} INFO - Processing /home/airflow/.local/lib/python3.12/site-packages/airflow/example_dags/example_xcomargs.py took 0.218 seconds
[2024-08-26T10:49:43.575+0000] {processor.py:186} INFO - Started process (PID=1263) to work on /home/airflow/.local/lib/python3.12/site-packages/airflow/example_dags/example_xcomargs.py
[2024-08-26T10:49:43.577+0000] {processor.py:914} INFO - Processing file /home/airflow/.local/lib/python3.12/site-packages/airflow/example_dags/example_xcomargs.py for tasks to queue
[2024-08-26T10:49:43.579+0000] {logging_mixin.py:190} INFO - [2024-08-26T10:49:43.579+0000] {dagbag.py:587} INFO - Filling up the DagBag from /home/airflow/.local/lib/python3.12/site-packages/airflow/example_dags/example_xcomargs.py
[2024-08-26T10:49:43.595+0000] {processor.py:925} INFO - DAG(s) 'example_xcom_args_with_operators', 'example_xcom_args' retrieved from /home/airflow/.local/lib/python3.12/site-packages/airflow/example_dags/example_xcomargs.py
[2024-08-26T10:49:43.633+0000] {logging_mixin.py:190} INFO - [2024-08-26T10:49:43.633+0000] {dag.py:3211} INFO - Sync 2 DAGs
[2024-08-26T10:49:43.660+0000] {logging_mixin.py:190} INFO - [2024-08-26T10:49:43.660+0000] {dag.py:4138} INFO - Setting next_dagrun for example_xcom_args to None, run_after=None
[2024-08-26T10:49:43.666+0000] {logging_mixin.py:190} INFO - [2024-08-26T10:49:43.666+0000] {dag.py:4138} INFO - Setting next_dagrun for example_xcom_args_with_operators to None, run_after=None
[2024-08-26T10:49:43.689+0000] {processor.py:208} INFO - Processing /home/airflow/.local/lib/python3.12/site-packages/airflow/example_dags/example_xcomargs.py took 0.123 seconds
[2024-08-26T15:09:24.392+0000] {processor.py:186} INFO - Started process (PID=58) to work on /home/airflow/.local/lib/python3.12/site-packages/airflow/example_dags/example_xcomargs.py
[2024-08-26T15:09:24.394+0000] {processor.py:914} INFO - Processing file /home/airflow/.local/lib/python3.12/site-packages/airflow/example_dags/example_xcomargs.py for tasks to queue
[2024-08-26T15:09:24.398+0000] {logging_mixin.py:190} INFO - [2024-08-26T15:09:24.397+0000] {dagbag.py:587} INFO - Filling up the DagBag from /home/airflow/.local/lib/python3.12/site-packages/airflow/example_dags/example_xcomargs.py
[2024-08-26T15:09:24.413+0000] {processor.py:925} INFO - DAG(s) 'example_xcom_args', 'example_xcom_args_with_operators' retrieved from /home/airflow/.local/lib/python3.12/site-packages/airflow/example_dags/example_xcomargs.py
[2024-08-26T15:09:24.455+0000] {logging_mixin.py:190} INFO - [2024-08-26T15:09:24.454+0000] {dag.py:3211} INFO - Sync 2 DAGs
[2024-08-26T15:09:24.475+0000] {logging_mixin.py:190} INFO - [2024-08-26T15:09:24.475+0000] {dag.py:4138} INFO - Setting next_dagrun for example_xcom_args to None, run_after=None
[2024-08-26T15:09:24.480+0000] {logging_mixin.py:190} INFO - [2024-08-26T15:09:24.480+0000] {dag.py:4138} INFO - Setting next_dagrun for example_xcom_args_with_operators to None, run_after=None
[2024-08-26T15:09:24.503+0000] {processor.py:208} INFO - Processing /home/airflow/.local/lib/python3.12/site-packages/airflow/example_dags/example_xcomargs.py took 0.119 seconds
[2024-08-26T15:10:07.993+0000] {processor.py:186} INFO - Started process (PID=130) to work on /home/airflow/.local/lib/python3.12/site-packages/airflow/example_dags/example_xcomargs.py
[2024-08-26T15:10:07.995+0000] {processor.py:914} INFO - Processing file /home/airflow/.local/lib/python3.12/site-packages/airflow/example_dags/example_xcomargs.py for tasks to queue
[2024-08-26T15:10:07.999+0000] {logging_mixin.py:190} INFO - [2024-08-26T15:10:07.999+0000] {dagbag.py:587} INFO - Filling up the DagBag from /home/airflow/.local/lib/python3.12/site-packages/airflow/example_dags/example_xcomargs.py
[2024-08-26T15:10:08.014+0000] {processor.py:925} INFO - DAG(s) 'example_xcom_args', 'example_xcom_args_with_operators' retrieved from /home/airflow/.local/lib/python3.12/site-packages/airflow/example_dags/example_xcomargs.py
[2024-08-26T15:10:08.053+0000] {logging_mixin.py:190} INFO - [2024-08-26T15:10:08.053+0000] {dag.py:3211} INFO - Sync 2 DAGs
[2024-08-26T15:10:08.077+0000] {logging_mixin.py:190} INFO - [2024-08-26T15:10:08.076+0000] {dag.py:4138} INFO - Setting next_dagrun for example_xcom_args to None, run_after=None
[2024-08-26T15:10:08.083+0000] {logging_mixin.py:190} INFO - [2024-08-26T15:10:08.082+0000] {dag.py:4138} INFO - Setting next_dagrun for example_xcom_args_with_operators to None, run_after=None
[2024-08-26T15:10:08.108+0000] {processor.py:208} INFO - Processing /home/airflow/.local/lib/python3.12/site-packages/airflow/example_dags/example_xcomargs.py took 0.124 seconds
[2024-08-26T15:10:46.238+0000] {processor.py:186} INFO - Started process (PID=197) to work on /home/airflow/.local/lib/python3.12/site-packages/airflow/example_dags/example_xcomargs.py
[2024-08-26T15:10:46.240+0000] {processor.py:914} INFO - Processing file /home/airflow/.local/lib/python3.12/site-packages/airflow/example_dags/example_xcomargs.py for tasks to queue
[2024-08-26T15:10:46.243+0000] {logging_mixin.py:190} INFO - [2024-08-26T15:10:46.243+0000] {dagbag.py:587} INFO - Filling up the DagBag from /home/airflow/.local/lib/python3.12/site-packages/airflow/example_dags/example_xcomargs.py
[2024-08-26T15:10:46.257+0000] {processor.py:925} INFO - DAG(s) 'example_xcom_args', 'example_xcom_args_with_operators' retrieved from /home/airflow/.local/lib/python3.12/site-packages/airflow/example_dags/example_xcomargs.py
[2024-08-26T15:10:46.289+0000] {logging_mixin.py:190} INFO - [2024-08-26T15:10:46.289+0000] {dag.py:3211} INFO - Sync 2 DAGs
[2024-08-26T15:10:46.310+0000] {logging_mixin.py:190} INFO - [2024-08-26T15:10:46.309+0000] {dag.py:4138} INFO - Setting next_dagrun for example_xcom_args to None, run_after=None
[2024-08-26T15:10:46.315+0000] {logging_mixin.py:190} INFO - [2024-08-26T15:10:46.314+0000] {dag.py:4138} INFO - Setting next_dagrun for example_xcom_args_with_operators to None, run_after=None
[2024-08-26T15:10:46.335+0000] {processor.py:208} INFO - Processing /home/airflow/.local/lib/python3.12/site-packages/airflow/example_dags/example_xcomargs.py took 0.104 seconds
[2024-08-26T15:11:23.408+0000] {processor.py:186} INFO - Started process (PID=263) to work on /home/airflow/.local/lib/python3.12/site-packages/airflow/example_dags/example_xcomargs.py
[2024-08-26T15:11:23.410+0000] {processor.py:914} INFO - Processing file /home/airflow/.local/lib/python3.12/site-packages/airflow/example_dags/example_xcomargs.py for tasks to queue
[2024-08-26T15:11:23.413+0000] {logging_mixin.py:190} INFO - [2024-08-26T15:11:23.413+0000] {dagbag.py:587} INFO - Filling up the DagBag from /home/airflow/.local/lib/python3.12/site-packages/airflow/example_dags/example_xcomargs.py
[2024-08-26T15:11:23.426+0000] {processor.py:925} INFO - DAG(s) 'example_xcom_args_with_operators', 'example_xcom_args' retrieved from /home/airflow/.local/lib/python3.12/site-packages/airflow/example_dags/example_xcomargs.py
[2024-08-26T15:11:23.460+0000] {logging_mixin.py:190} INFO - [2024-08-26T15:11:23.459+0000] {dag.py:3211} INFO - Sync 2 DAGs
[2024-08-26T15:11:23.480+0000] {logging_mixin.py:190} INFO - [2024-08-26T15:11:23.480+0000] {dag.py:4138} INFO - Setting next_dagrun for example_xcom_args to None, run_after=None
[2024-08-26T15:11:23.486+0000] {logging_mixin.py:190} INFO - [2024-08-26T15:11:23.485+0000] {dag.py:4138} INFO - Setting next_dagrun for example_xcom_args_with_operators to None, run_after=None
[2024-08-26T15:11:23.508+0000] {processor.py:208} INFO - Processing /home/airflow/.local/lib/python3.12/site-packages/airflow/example_dags/example_xcomargs.py took 0.113 seconds
[2024-08-26T15:12:02.008+0000] {processor.py:186} INFO - Started process (PID=335) to work on /home/airflow/.local/lib/python3.12/site-packages/airflow/example_dags/example_xcomargs.py
[2024-08-26T15:12:02.009+0000] {processor.py:914} INFO - Processing file /home/airflow/.local/lib/python3.12/site-packages/airflow/example_dags/example_xcomargs.py for tasks to queue
[2024-08-26T15:12:02.012+0000] {logging_mixin.py:190} INFO - [2024-08-26T15:12:02.012+0000] {dagbag.py:587} INFO - Filling up the DagBag from /home/airflow/.local/lib/python3.12/site-packages/airflow/example_dags/example_xcomargs.py
[2024-08-26T15:12:02.026+0000] {processor.py:925} INFO - DAG(s) 'example_xcom_args_with_operators', 'example_xcom_args' retrieved from /home/airflow/.local/lib/python3.12/site-packages/airflow/example_dags/example_xcomargs.py
[2024-08-26T15:12:02.058+0000] {logging_mixin.py:190} INFO - [2024-08-26T15:12:02.058+0000] {dag.py:3211} INFO - Sync 2 DAGs
[2024-08-26T15:12:02.077+0000] {logging_mixin.py:190} INFO - [2024-08-26T15:12:02.077+0000] {dag.py:4138} INFO - Setting next_dagrun for example_xcom_args to None, run_after=None
[2024-08-26T15:12:02.083+0000] {logging_mixin.py:190} INFO - [2024-08-26T15:12:02.082+0000] {dag.py:4138} INFO - Setting next_dagrun for example_xcom_args_with_operators to None, run_after=None
[2024-08-26T15:12:02.103+0000] {processor.py:208} INFO - Processing /home/airflow/.local/lib/python3.12/site-packages/airflow/example_dags/example_xcomargs.py took 0.103 seconds
[2024-08-26T15:12:41.746+0000] {processor.py:186} INFO - Started process (PID=402) to work on /home/airflow/.local/lib/python3.12/site-packages/airflow/example_dags/example_xcomargs.py
[2024-08-26T15:12:41.748+0000] {processor.py:914} INFO - Processing file /home/airflow/.local/lib/python3.12/site-packages/airflow/example_dags/example_xcomargs.py for tasks to queue
[2024-08-26T15:12:41.751+0000] {logging_mixin.py:190} INFO - [2024-08-26T15:12:41.751+0000] {dagbag.py:587} INFO - Filling up the DagBag from /home/airflow/.local/lib/python3.12/site-packages/airflow/example_dags/example_xcomargs.py
[2024-08-26T15:12:41.765+0000] {processor.py:925} INFO - DAG(s) 'example_xcom_args', 'example_xcom_args_with_operators' retrieved from /home/airflow/.local/lib/python3.12/site-packages/airflow/example_dags/example_xcomargs.py
[2024-08-26T15:12:41.799+0000] {logging_mixin.py:190} INFO - [2024-08-26T15:12:41.799+0000] {dag.py:3211} INFO - Sync 2 DAGs
[2024-08-26T15:12:41.819+0000] {logging_mixin.py:190} INFO - [2024-08-26T15:12:41.819+0000] {dag.py:4138} INFO - Setting next_dagrun for example_xcom_args to None, run_after=None
[2024-08-26T15:12:41.824+0000] {logging_mixin.py:190} INFO - [2024-08-26T15:12:41.824+0000] {dag.py:4138} INFO - Setting next_dagrun for example_xcom_args_with_operators to None, run_after=None
[2024-08-26T15:12:41.853+0000] {processor.py:208} INFO - Processing /home/airflow/.local/lib/python3.12/site-packages/airflow/example_dags/example_xcomargs.py took 0.115 seconds
[2024-08-26T15:13:31.793+0000] {processor.py:186} INFO - Started process (PID=485) to work on /home/airflow/.local/lib/python3.12/site-packages/airflow/example_dags/example_xcomargs.py
[2024-08-26T15:13:31.795+0000] {processor.py:914} INFO - Processing file /home/airflow/.local/lib/python3.12/site-packages/airflow/example_dags/example_xcomargs.py for tasks to queue
[2024-08-26T15:13:31.800+0000] {logging_mixin.py:190} INFO - [2024-08-26T15:13:31.800+0000] {dagbag.py:587} INFO - Filling up the DagBag from /home/airflow/.local/lib/python3.12/site-packages/airflow/example_dags/example_xcomargs.py
[2024-08-26T15:13:31.827+0000] {processor.py:925} INFO - DAG(s) 'example_xcom_args', 'example_xcom_args_with_operators' retrieved from /home/airflow/.local/lib/python3.12/site-packages/airflow/example_dags/example_xcomargs.py
[2024-08-26T15:13:31.874+0000] {logging_mixin.py:190} INFO - [2024-08-26T15:13:31.873+0000] {dag.py:3211} INFO - Sync 2 DAGs
[2024-08-26T15:13:31.901+0000] {logging_mixin.py:190} INFO - [2024-08-26T15:13:31.901+0000] {dag.py:4138} INFO - Setting next_dagrun for example_xcom_args to None, run_after=None
[2024-08-26T15:13:31.909+0000] {logging_mixin.py:190} INFO - [2024-08-26T15:13:31.908+0000] {dag.py:4138} INFO - Setting next_dagrun for example_xcom_args_with_operators to None, run_after=None
[2024-08-26T15:13:31.936+0000] {processor.py:208} INFO - Processing /home/airflow/.local/lib/python3.12/site-packages/airflow/example_dags/example_xcomargs.py took 0.154 seconds
[2024-08-26T15:14:27.598+0000] {processor.py:186} INFO - Started process (PID=551) to work on /home/airflow/.local/lib/python3.12/site-packages/airflow/example_dags/example_xcomargs.py
[2024-08-26T15:14:27.600+0000] {processor.py:914} INFO - Processing file /home/airflow/.local/lib/python3.12/site-packages/airflow/example_dags/example_xcomargs.py for tasks to queue
[2024-08-26T15:14:27.604+0000] {logging_mixin.py:190} INFO - [2024-08-26T15:14:27.603+0000] {dagbag.py:587} INFO - Filling up the DagBag from /home/airflow/.local/lib/python3.12/site-packages/airflow/example_dags/example_xcomargs.py
[2024-08-26T15:14:27.622+0000] {processor.py:925} INFO - DAG(s) 'example_xcom_args', 'example_xcom_args_with_operators' retrieved from /home/airflow/.local/lib/python3.12/site-packages/airflow/example_dags/example_xcomargs.py
[2024-08-26T15:14:27.663+0000] {logging_mixin.py:190} INFO - [2024-08-26T15:14:27.663+0000] {dag.py:3211} INFO - Sync 2 DAGs
[2024-08-26T15:14:27.689+0000] {logging_mixin.py:190} INFO - [2024-08-26T15:14:27.689+0000] {dag.py:4138} INFO - Setting next_dagrun for example_xcom_args to None, run_after=None
[2024-08-26T15:14:27.697+0000] {logging_mixin.py:190} INFO - [2024-08-26T15:14:27.696+0000] {dag.py:4138} INFO - Setting next_dagrun for example_xcom_args_with_operators to None, run_after=None
[2024-08-26T15:14:27.725+0000] {processor.py:208} INFO - Processing /home/airflow/.local/lib/python3.12/site-packages/airflow/example_dags/example_xcomargs.py took 0.137 seconds
[2024-08-26T15:15:05.783+0000] {processor.py:186} INFO - Started process (PID=624) to work on /home/airflow/.local/lib/python3.12/site-packages/airflow/example_dags/example_xcomargs.py
[2024-08-26T15:15:05.785+0000] {processor.py:914} INFO - Processing file /home/airflow/.local/lib/python3.12/site-packages/airflow/example_dags/example_xcomargs.py for tasks to queue
[2024-08-26T15:15:05.788+0000] {logging_mixin.py:190} INFO - [2024-08-26T15:15:05.787+0000] {dagbag.py:587} INFO - Filling up the DagBag from /home/airflow/.local/lib/python3.12/site-packages/airflow/example_dags/example_xcomargs.py
[2024-08-26T15:15:05.806+0000] {processor.py:925} INFO - DAG(s) 'example_xcom_args_with_operators', 'example_xcom_args' retrieved from /home/airflow/.local/lib/python3.12/site-packages/airflow/example_dags/example_xcomargs.py
[2024-08-26T15:15:05.843+0000] {logging_mixin.py:190} INFO - [2024-08-26T15:15:05.843+0000] {dag.py:3211} INFO - Sync 2 DAGs
[2024-08-26T15:15:05.870+0000] {logging_mixin.py:190} INFO - [2024-08-26T15:15:05.869+0000] {dag.py:4138} INFO - Setting next_dagrun for example_xcom_args to None, run_after=None
[2024-08-26T15:15:05.876+0000] {logging_mixin.py:190} INFO - [2024-08-26T15:15:05.876+0000] {dag.py:4138} INFO - Setting next_dagrun for example_xcom_args_with_operators to None, run_after=None
[2024-08-26T15:15:05.902+0000] {processor.py:208} INFO - Processing /home/airflow/.local/lib/python3.12/site-packages/airflow/example_dags/example_xcomargs.py took 0.128 seconds
[2024-08-26T15:15:51.819+0000] {processor.py:186} INFO - Started process (PID=690) to work on /home/airflow/.local/lib/python3.12/site-packages/airflow/example_dags/example_xcomargs.py
[2024-08-26T15:15:51.821+0000] {processor.py:914} INFO - Processing file /home/airflow/.local/lib/python3.12/site-packages/airflow/example_dags/example_xcomargs.py for tasks to queue
[2024-08-26T15:15:51.824+0000] {logging_mixin.py:190} INFO - [2024-08-26T15:15:51.823+0000] {dagbag.py:587} INFO - Filling up the DagBag from /home/airflow/.local/lib/python3.12/site-packages/airflow/example_dags/example_xcomargs.py
[2024-08-26T15:15:51.846+0000] {processor.py:925} INFO - DAG(s) 'example_xcom_args', 'example_xcom_args_with_operators' retrieved from /home/airflow/.local/lib/python3.12/site-packages/airflow/example_dags/example_xcomargs.py
[2024-08-26T15:15:51.894+0000] {logging_mixin.py:190} INFO - [2024-08-26T15:15:51.893+0000] {dag.py:3211} INFO - Sync 2 DAGs
[2024-08-26T15:15:51.924+0000] {logging_mixin.py:190} INFO - [2024-08-26T15:15:51.924+0000] {dag.py:4138} INFO - Setting next_dagrun for example_xcom_args to None, run_after=None
[2024-08-26T15:15:51.932+0000] {logging_mixin.py:190} INFO - [2024-08-26T15:15:51.932+0000] {dag.py:4138} INFO - Setting next_dagrun for example_xcom_args_with_operators to None, run_after=None
[2024-08-26T15:15:51.966+0000] {processor.py:208} INFO - Processing /home/airflow/.local/lib/python3.12/site-packages/airflow/example_dags/example_xcomargs.py took 0.160 seconds
[2024-08-26T15:16:28.803+0000] {processor.py:186} INFO - Started process (PID=756) to work on /home/airflow/.local/lib/python3.12/site-packages/airflow/example_dags/example_xcomargs.py
[2024-08-26T15:16:28.806+0000] {processor.py:914} INFO - Processing file /home/airflow/.local/lib/python3.12/site-packages/airflow/example_dags/example_xcomargs.py for tasks to queue
[2024-08-26T15:16:28.808+0000] {logging_mixin.py:190} INFO - [2024-08-26T15:16:28.807+0000] {dagbag.py:587} INFO - Filling up the DagBag from /home/airflow/.local/lib/python3.12/site-packages/airflow/example_dags/example_xcomargs.py
[2024-08-26T15:16:28.825+0000] {processor.py:925} INFO - DAG(s) 'example_xcom_args', 'example_xcom_args_with_operators' retrieved from /home/airflow/.local/lib/python3.12/site-packages/airflow/example_dags/example_xcomargs.py
[2024-08-26T15:16:28.866+0000] {logging_mixin.py:190} INFO - [2024-08-26T15:16:28.866+0000] {dag.py:3211} INFO - Sync 2 DAGs
[2024-08-26T15:16:28.910+0000] {logging_mixin.py:190} INFO - [2024-08-26T15:16:28.909+0000] {dag.py:4138} INFO - Setting next_dagrun for example_xcom_args to None, run_after=None
[2024-08-26T15:16:28.919+0000] {logging_mixin.py:190} INFO - [2024-08-26T15:16:28.919+0000] {dag.py:4138} INFO - Setting next_dagrun for example_xcom_args_with_operators to None, run_after=None
[2024-08-26T15:16:28.954+0000] {processor.py:208} INFO - Processing /home/airflow/.local/lib/python3.12/site-packages/airflow/example_dags/example_xcomargs.py took 0.160 seconds
[2024-08-26T15:17:06.616+0000] {processor.py:186} INFO - Started process (PID=828) to work on /home/airflow/.local/lib/python3.12/site-packages/airflow/example_dags/example_xcomargs.py
[2024-08-26T15:17:06.617+0000] {processor.py:914} INFO - Processing file /home/airflow/.local/lib/python3.12/site-packages/airflow/example_dags/example_xcomargs.py for tasks to queue
[2024-08-26T15:17:06.619+0000] {logging_mixin.py:190} INFO - [2024-08-26T15:17:06.619+0000] {dagbag.py:587} INFO - Filling up the DagBag from /home/airflow/.local/lib/python3.12/site-packages/airflow/example_dags/example_xcomargs.py
[2024-08-26T15:17:06.633+0000] {processor.py:925} INFO - DAG(s) 'example_xcom_args', 'example_xcom_args_with_operators' retrieved from /home/airflow/.local/lib/python3.12/site-packages/airflow/example_dags/example_xcomargs.py
[2024-08-26T15:17:06.674+0000] {logging_mixin.py:190} INFO - [2024-08-26T15:17:06.674+0000] {dag.py:3211} INFO - Sync 2 DAGs
[2024-08-26T15:17:06.701+0000] {logging_mixin.py:190} INFO - [2024-08-26T15:17:06.701+0000] {dag.py:4138} INFO - Setting next_dagrun for example_xcom_args to None, run_after=None
[2024-08-26T15:17:06.711+0000] {logging_mixin.py:190} INFO - [2024-08-26T15:17:06.710+0000] {dag.py:4138} INFO - Setting next_dagrun for example_xcom_args_with_operators to None, run_after=None
[2024-08-26T15:17:06.750+0000] {processor.py:208} INFO - Processing /home/airflow/.local/lib/python3.12/site-packages/airflow/example_dags/example_xcomargs.py took 0.142 seconds
[2024-08-26T15:17:43.436+0000] {processor.py:186} INFO - Started process (PID=894) to work on /home/airflow/.local/lib/python3.12/site-packages/airflow/example_dags/example_xcomargs.py
[2024-08-26T15:17:43.438+0000] {processor.py:914} INFO - Processing file /home/airflow/.local/lib/python3.12/site-packages/airflow/example_dags/example_xcomargs.py for tasks to queue
[2024-08-26T15:17:43.440+0000] {logging_mixin.py:190} INFO - [2024-08-26T15:17:43.439+0000] {dagbag.py:587} INFO - Filling up the DagBag from /home/airflow/.local/lib/python3.12/site-packages/airflow/example_dags/example_xcomargs.py
[2024-08-26T15:17:43.454+0000] {processor.py:925} INFO - DAG(s) 'example_xcom_args', 'example_xcom_args_with_operators' retrieved from /home/airflow/.local/lib/python3.12/site-packages/airflow/example_dags/example_xcomargs.py
[2024-08-26T15:17:43.485+0000] {logging_mixin.py:190} INFO - [2024-08-26T15:17:43.484+0000] {dag.py:3211} INFO - Sync 2 DAGs
[2024-08-26T15:17:43.504+0000] {logging_mixin.py:190} INFO - [2024-08-26T15:17:43.504+0000] {dag.py:4138} INFO - Setting next_dagrun for example_xcom_args to None, run_after=None
[2024-08-26T15:17:43.509+0000] {logging_mixin.py:190} INFO - [2024-08-26T15:17:43.509+0000] {dag.py:4138} INFO - Setting next_dagrun for example_xcom_args_with_operators to None, run_after=None
[2024-08-26T15:17:43.529+0000] {processor.py:208} INFO - Processing /home/airflow/.local/lib/python3.12/site-packages/airflow/example_dags/example_xcomargs.py took 0.101 seconds
[2024-08-26T15:18:20.398+0000] {processor.py:186} INFO - Started process (PID=960) to work on /home/airflow/.local/lib/python3.12/site-packages/airflow/example_dags/example_xcomargs.py
[2024-08-26T15:18:20.399+0000] {processor.py:914} INFO - Processing file /home/airflow/.local/lib/python3.12/site-packages/airflow/example_dags/example_xcomargs.py for tasks to queue
[2024-08-26T15:18:20.401+0000] {logging_mixin.py:190} INFO - [2024-08-26T15:18:20.401+0000] {dagbag.py:587} INFO - Filling up the DagBag from /home/airflow/.local/lib/python3.12/site-packages/airflow/example_dags/example_xcomargs.py
[2024-08-26T15:18:20.414+0000] {processor.py:925} INFO - DAG(s) 'example_xcom_args', 'example_xcom_args_with_operators' retrieved from /home/airflow/.local/lib/python3.12/site-packages/airflow/example_dags/example_xcomargs.py
[2024-08-26T15:18:20.448+0000] {logging_mixin.py:190} INFO - [2024-08-26T15:18:20.448+0000] {dag.py:3211} INFO - Sync 2 DAGs
[2024-08-26T15:18:20.469+0000] {logging_mixin.py:190} INFO - [2024-08-26T15:18:20.469+0000] {dag.py:4138} INFO - Setting next_dagrun for example_xcom_args to None, run_after=None
[2024-08-26T15:18:20.475+0000] {logging_mixin.py:190} INFO - [2024-08-26T15:18:20.475+0000] {dag.py:4138} INFO - Setting next_dagrun for example_xcom_args_with_operators to None, run_after=None
[2024-08-26T15:18:20.499+0000] {processor.py:208} INFO - Processing /home/airflow/.local/lib/python3.12/site-packages/airflow/example_dags/example_xcomargs.py took 0.109 seconds
[2024-08-26T15:19:03.154+0000] {processor.py:186} INFO - Started process (PID=1032) to work on /home/airflow/.local/lib/python3.12/site-packages/airflow/example_dags/example_xcomargs.py
[2024-08-26T15:19:03.155+0000] {processor.py:914} INFO - Processing file /home/airflow/.local/lib/python3.12/site-packages/airflow/example_dags/example_xcomargs.py for tasks to queue
[2024-08-26T15:19:03.157+0000] {logging_mixin.py:190} INFO - [2024-08-26T15:19:03.157+0000] {dagbag.py:587} INFO - Filling up the DagBag from /home/airflow/.local/lib/python3.12/site-packages/airflow/example_dags/example_xcomargs.py
[2024-08-26T15:19:03.171+0000] {processor.py:925} INFO - DAG(s) 'example_xcom_args', 'example_xcom_args_with_operators' retrieved from /home/airflow/.local/lib/python3.12/site-packages/airflow/example_dags/example_xcomargs.py
[2024-08-26T15:19:03.208+0000] {logging_mixin.py:190} INFO - [2024-08-26T15:19:03.208+0000] {dag.py:3211} INFO - Sync 2 DAGs
[2024-08-26T15:19:03.227+0000] {logging_mixin.py:190} INFO - [2024-08-26T15:19:03.227+0000] {dag.py:4138} INFO - Setting next_dagrun for example_xcom_args to None, run_after=None
[2024-08-26T15:19:03.233+0000] {logging_mixin.py:190} INFO - [2024-08-26T15:19:03.232+0000] {dag.py:4138} INFO - Setting next_dagrun for example_xcom_args_with_operators to None, run_after=None
[2024-08-26T15:19:03.254+0000] {processor.py:208} INFO - Processing /home/airflow/.local/lib/python3.12/site-packages/airflow/example_dags/example_xcomargs.py took 0.108 seconds
[2024-08-26T15:19:40.015+0000] {processor.py:186} INFO - Started process (PID=1098) to work on /home/airflow/.local/lib/python3.12/site-packages/airflow/example_dags/example_xcomargs.py
[2024-08-26T15:19:40.017+0000] {processor.py:914} INFO - Processing file /home/airflow/.local/lib/python3.12/site-packages/airflow/example_dags/example_xcomargs.py for tasks to queue
[2024-08-26T15:19:40.018+0000] {logging_mixin.py:190} INFO - [2024-08-26T15:19:40.018+0000] {dagbag.py:587} INFO - Filling up the DagBag from /home/airflow/.local/lib/python3.12/site-packages/airflow/example_dags/example_xcomargs.py
[2024-08-26T15:19:40.032+0000] {processor.py:925} INFO - DAG(s) 'example_xcom_args_with_operators', 'example_xcom_args' retrieved from /home/airflow/.local/lib/python3.12/site-packages/airflow/example_dags/example_xcomargs.py
[2024-08-26T15:19:40.077+0000] {logging_mixin.py:190} INFO - [2024-08-26T15:19:40.076+0000] {dag.py:3211} INFO - Sync 2 DAGs
[2024-08-26T15:19:40.097+0000] {logging_mixin.py:190} INFO - [2024-08-26T15:19:40.097+0000] {dag.py:4138} INFO - Setting next_dagrun for example_xcom_args to None, run_after=None
[2024-08-26T15:19:40.103+0000] {logging_mixin.py:190} INFO - [2024-08-26T15:19:40.103+0000] {dag.py:4138} INFO - Setting next_dagrun for example_xcom_args_with_operators to None, run_after=None
[2024-08-26T15:19:40.122+0000] {processor.py:208} INFO - Processing /home/airflow/.local/lib/python3.12/site-packages/airflow/example_dags/example_xcomargs.py took 0.115 seconds
[2024-08-26T15:20:18.284+0000] {processor.py:186} INFO - Started process (PID=1165) to work on /home/airflow/.local/lib/python3.12/site-packages/airflow/example_dags/example_xcomargs.py
[2024-08-26T15:20:18.285+0000] {processor.py:914} INFO - Processing file /home/airflow/.local/lib/python3.12/site-packages/airflow/example_dags/example_xcomargs.py for tasks to queue
[2024-08-26T15:20:18.288+0000] {logging_mixin.py:190} INFO - [2024-08-26T15:20:18.287+0000] {dagbag.py:587} INFO - Filling up the DagBag from /home/airflow/.local/lib/python3.12/site-packages/airflow/example_dags/example_xcomargs.py
[2024-08-26T15:20:18.301+0000] {processor.py:925} INFO - DAG(s) 'example_xcom_args', 'example_xcom_args_with_operators' retrieved from /home/airflow/.local/lib/python3.12/site-packages/airflow/example_dags/example_xcomargs.py
[2024-08-26T15:20:18.334+0000] {logging_mixin.py:190} INFO - [2024-08-26T15:20:18.334+0000] {dag.py:3211} INFO - Sync 2 DAGs
[2024-08-26T15:20:18.358+0000] {logging_mixin.py:190} INFO - [2024-08-26T15:20:18.358+0000] {dag.py:4138} INFO - Setting next_dagrun for example_xcom_args to None, run_after=None
[2024-08-26T15:20:18.366+0000] {logging_mixin.py:190} INFO - [2024-08-26T15:20:18.365+0000] {dag.py:4138} INFO - Setting next_dagrun for example_xcom_args_with_operators to None, run_after=None
[2024-08-26T15:20:18.388+0000] {processor.py:208} INFO - Processing /home/airflow/.local/lib/python3.12/site-packages/airflow/example_dags/example_xcomargs.py took 0.113 seconds
[2024-08-26T15:20:56.510+0000] {processor.py:186} INFO - Started process (PID=1231) to work on /home/airflow/.local/lib/python3.12/site-packages/airflow/example_dags/example_xcomargs.py
[2024-08-26T15:20:56.512+0000] {processor.py:914} INFO - Processing file /home/airflow/.local/lib/python3.12/site-packages/airflow/example_dags/example_xcomargs.py for tasks to queue
[2024-08-26T15:20:56.513+0000] {logging_mixin.py:190} INFO - [2024-08-26T15:20:56.513+0000] {dagbag.py:587} INFO - Filling up the DagBag from /home/airflow/.local/lib/python3.12/site-packages/airflow/example_dags/example_xcomargs.py
[2024-08-26T15:20:56.527+0000] {processor.py:925} INFO - DAG(s) 'example_xcom_args', 'example_xcom_args_with_operators' retrieved from /home/airflow/.local/lib/python3.12/site-packages/airflow/example_dags/example_xcomargs.py
[2024-08-26T15:20:56.560+0000] {logging_mixin.py:190} INFO - [2024-08-26T15:20:56.560+0000] {dag.py:3211} INFO - Sync 2 DAGs
[2024-08-26T15:20:56.579+0000] {logging_mixin.py:190} INFO - [2024-08-26T15:20:56.579+0000] {dag.py:4138} INFO - Setting next_dagrun for example_xcom_args to None, run_after=None
[2024-08-26T15:20:56.584+0000] {logging_mixin.py:190} INFO - [2024-08-26T15:20:56.584+0000] {dag.py:4138} INFO - Setting next_dagrun for example_xcom_args_with_operators to None, run_after=None
[2024-08-26T15:20:56.605+0000] {processor.py:208} INFO - Processing /home/airflow/.local/lib/python3.12/site-packages/airflow/example_dags/example_xcomargs.py took 0.103 seconds
[2024-08-26T15:21:34.460+0000] {processor.py:186} INFO - Started process (PID=1304) to work on /home/airflow/.local/lib/python3.12/site-packages/airflow/example_dags/example_xcomargs.py
[2024-08-26T15:21:34.462+0000] {processor.py:914} INFO - Processing file /home/airflow/.local/lib/python3.12/site-packages/airflow/example_dags/example_xcomargs.py for tasks to queue
[2024-08-26T15:21:34.464+0000] {logging_mixin.py:190} INFO - [2024-08-26T15:21:34.463+0000] {dagbag.py:587} INFO - Filling up the DagBag from /home/airflow/.local/lib/python3.12/site-packages/airflow/example_dags/example_xcomargs.py
[2024-08-26T15:21:34.479+0000] {processor.py:925} INFO - DAG(s) 'example_xcom_args_with_operators', 'example_xcom_args' retrieved from /home/airflow/.local/lib/python3.12/site-packages/airflow/example_dags/example_xcomargs.py
[2024-08-26T15:21:34.519+0000] {logging_mixin.py:190} INFO - [2024-08-26T15:21:34.518+0000] {dag.py:3211} INFO - Sync 2 DAGs
[2024-08-26T15:21:34.548+0000] {logging_mixin.py:190} INFO - [2024-08-26T15:21:34.548+0000] {dag.py:4138} INFO - Setting next_dagrun for example_xcom_args to None, run_after=None
[2024-08-26T15:21:34.554+0000] {logging_mixin.py:190} INFO - [2024-08-26T15:21:34.554+0000] {dag.py:4138} INFO - Setting next_dagrun for example_xcom_args_with_operators to None, run_after=None
[2024-08-26T15:21:34.577+0000] {processor.py:208} INFO - Processing /home/airflow/.local/lib/python3.12/site-packages/airflow/example_dags/example_xcomargs.py took 0.125 seconds
[2024-08-26T15:22:18.735+0000] {processor.py:186} INFO - Started process (PID=1370) to work on /home/airflow/.local/lib/python3.12/site-packages/airflow/example_dags/example_xcomargs.py
[2024-08-26T15:22:18.738+0000] {processor.py:914} INFO - Processing file /home/airflow/.local/lib/python3.12/site-packages/airflow/example_dags/example_xcomargs.py for tasks to queue
[2024-08-26T15:22:18.743+0000] {logging_mixin.py:190} INFO - [2024-08-26T15:22:18.742+0000] {dagbag.py:587} INFO - Filling up the DagBag from /home/airflow/.local/lib/python3.12/site-packages/airflow/example_dags/example_xcomargs.py
[2024-08-26T15:22:18.841+0000] {processor.py:925} INFO - DAG(s) 'example_xcom_args_with_operators', 'example_xcom_args' retrieved from /home/airflow/.local/lib/python3.12/site-packages/airflow/example_dags/example_xcomargs.py
[2024-08-26T15:22:18.958+0000] {logging_mixin.py:190} INFO - [2024-08-26T15:22:18.957+0000] {dag.py:3211} INFO - Sync 2 DAGs
[2024-08-26T15:22:19.027+0000] {logging_mixin.py:190} INFO - [2024-08-26T15:22:19.026+0000] {dag.py:4138} INFO - Setting next_dagrun for example_xcom_args to None, run_after=None
[2024-08-26T15:22:19.044+0000] {logging_mixin.py:190} INFO - [2024-08-26T15:22:19.043+0000] {dag.py:4138} INFO - Setting next_dagrun for example_xcom_args_with_operators to None, run_after=None
[2024-08-26T15:22:19.090+0000] {processor.py:208} INFO - Processing /home/airflow/.local/lib/python3.12/site-packages/airflow/example_dags/example_xcomargs.py took 0.375 seconds
[2024-08-26T15:23:17.018+0000] {processor.py:186} INFO - Started process (PID=1442) to work on /home/airflow/.local/lib/python3.12/site-packages/airflow/example_dags/example_xcomargs.py
[2024-08-26T15:23:17.020+0000] {processor.py:914} INFO - Processing file /home/airflow/.local/lib/python3.12/site-packages/airflow/example_dags/example_xcomargs.py for tasks to queue
[2024-08-26T15:23:17.023+0000] {logging_mixin.py:190} INFO - [2024-08-26T15:23:17.023+0000] {dagbag.py:587} INFO - Filling up the DagBag from /home/airflow/.local/lib/python3.12/site-packages/airflow/example_dags/example_xcomargs.py
[2024-08-26T15:23:17.046+0000] {processor.py:925} INFO - DAG(s) 'example_xcom_args', 'example_xcom_args_with_operators' retrieved from /home/airflow/.local/lib/python3.12/site-packages/airflow/example_dags/example_xcomargs.py
[2024-08-26T15:23:17.103+0000] {logging_mixin.py:190} INFO - [2024-08-26T15:23:17.102+0000] {dag.py:3211} INFO - Sync 2 DAGs
[2024-08-26T15:23:17.149+0000] {logging_mixin.py:190} INFO - [2024-08-26T15:23:17.149+0000] {dag.py:4138} INFO - Setting next_dagrun for example_xcom_args to None, run_after=None
[2024-08-26T15:23:17.159+0000] {logging_mixin.py:190} INFO - [2024-08-26T15:23:17.159+0000] {dag.py:4138} INFO - Setting next_dagrun for example_xcom_args_with_operators to None, run_after=None
[2024-08-26T15:23:17.198+0000] {processor.py:208} INFO - Processing /home/airflow/.local/lib/python3.12/site-packages/airflow/example_dags/example_xcomargs.py took 0.194 seconds
[2024-08-26T15:23:52.582+0000] {processor.py:186} INFO - Started process (PID=1508) to work on /home/airflow/.local/lib/python3.12/site-packages/airflow/example_dags/example_xcomargs.py
[2024-08-26T15:23:52.583+0000] {processor.py:914} INFO - Processing file /home/airflow/.local/lib/python3.12/site-packages/airflow/example_dags/example_xcomargs.py for tasks to queue
[2024-08-26T15:23:52.585+0000] {logging_mixin.py:190} INFO - [2024-08-26T15:23:52.584+0000] {dagbag.py:587} INFO - Filling up the DagBag from /home/airflow/.local/lib/python3.12/site-packages/airflow/example_dags/example_xcomargs.py
[2024-08-26T15:23:52.598+0000] {processor.py:925} INFO - DAG(s) 'example_xcom_args_with_operators', 'example_xcom_args' retrieved from /home/airflow/.local/lib/python3.12/site-packages/airflow/example_dags/example_xcomargs.py
[2024-08-26T15:23:52.638+0000] {logging_mixin.py:190} INFO - [2024-08-26T15:23:52.638+0000] {dag.py:3211} INFO - Sync 2 DAGs
[2024-08-26T15:23:52.659+0000] {logging_mixin.py:190} INFO - [2024-08-26T15:23:52.659+0000] {dag.py:4138} INFO - Setting next_dagrun for example_xcom_args to None, run_after=None
[2024-08-26T15:23:52.665+0000] {logging_mixin.py:190} INFO - [2024-08-26T15:23:52.664+0000] {dag.py:4138} INFO - Setting next_dagrun for example_xcom_args_with_operators to None, run_after=None
[2024-08-26T15:23:52.686+0000] {processor.py:208} INFO - Processing /home/airflow/.local/lib/python3.12/site-packages/airflow/example_dags/example_xcomargs.py took 0.112 seconds
[2024-08-26T15:24:28.686+0000] {processor.py:186} INFO - Started process (PID=1574) to work on /home/airflow/.local/lib/python3.12/site-packages/airflow/example_dags/example_xcomargs.py
[2024-08-26T15:24:28.687+0000] {processor.py:914} INFO - Processing file /home/airflow/.local/lib/python3.12/site-packages/airflow/example_dags/example_xcomargs.py for tasks to queue
[2024-08-26T15:24:28.689+0000] {logging_mixin.py:190} INFO - [2024-08-26T15:24:28.689+0000] {dagbag.py:587} INFO - Filling up the DagBag from /home/airflow/.local/lib/python3.12/site-packages/airflow/example_dags/example_xcomargs.py
[2024-08-26T15:24:28.702+0000] {processor.py:925} INFO - DAG(s) 'example_xcom_args', 'example_xcom_args_with_operators' retrieved from /home/airflow/.local/lib/python3.12/site-packages/airflow/example_dags/example_xcomargs.py
[2024-08-26T15:24:28.735+0000] {logging_mixin.py:190} INFO - [2024-08-26T15:24:28.735+0000] {dag.py:3211} INFO - Sync 2 DAGs
[2024-08-26T15:24:28.756+0000] {logging_mixin.py:190} INFO - [2024-08-26T15:24:28.756+0000] {dag.py:4138} INFO - Setting next_dagrun for example_xcom_args to None, run_after=None
[2024-08-26T15:24:28.762+0000] {logging_mixin.py:190} INFO - [2024-08-26T15:24:28.761+0000] {dag.py:4138} INFO - Setting next_dagrun for example_xcom_args_with_operators to None, run_after=None
[2024-08-26T15:24:28.782+0000] {processor.py:208} INFO - Processing /home/airflow/.local/lib/python3.12/site-packages/airflow/example_dags/example_xcomargs.py took 0.104 seconds
[2024-08-26T15:25:05.492+0000] {processor.py:186} INFO - Started process (PID=1645) to work on /home/airflow/.local/lib/python3.12/site-packages/airflow/example_dags/example_xcomargs.py
[2024-08-26T15:25:05.493+0000] {processor.py:914} INFO - Processing file /home/airflow/.local/lib/python3.12/site-packages/airflow/example_dags/example_xcomargs.py for tasks to queue
[2024-08-26T15:25:05.495+0000] {logging_mixin.py:190} INFO - [2024-08-26T15:25:05.495+0000] {dagbag.py:587} INFO - Filling up the DagBag from /home/airflow/.local/lib/python3.12/site-packages/airflow/example_dags/example_xcomargs.py
[2024-08-26T15:25:05.510+0000] {processor.py:925} INFO - DAG(s) 'example_xcom_args_with_operators', 'example_xcom_args' retrieved from /home/airflow/.local/lib/python3.12/site-packages/airflow/example_dags/example_xcomargs.py
[2024-08-26T15:25:05.548+0000] {logging_mixin.py:190} INFO - [2024-08-26T15:25:05.548+0000] {dag.py:3211} INFO - Sync 2 DAGs
[2024-08-26T15:25:05.588+0000] {logging_mixin.py:190} INFO - [2024-08-26T15:25:05.588+0000] {dag.py:4138} INFO - Setting next_dagrun for example_xcom_args to None, run_after=None
[2024-08-26T15:25:05.594+0000] {logging_mixin.py:190} INFO - [2024-08-26T15:25:05.594+0000] {dag.py:4138} INFO - Setting next_dagrun for example_xcom_args_with_operators to None, run_after=None
[2024-08-26T15:25:05.627+0000] {processor.py:208} INFO - Processing /home/airflow/.local/lib/python3.12/site-packages/airflow/example_dags/example_xcomargs.py took 0.144 seconds
[2024-08-26T15:25:47.946+0000] {processor.py:186} INFO - Started process (PID=1711) to work on /home/airflow/.local/lib/python3.12/site-packages/airflow/example_dags/example_xcomargs.py
[2024-08-26T15:25:47.947+0000] {processor.py:914} INFO - Processing file /home/airflow/.local/lib/python3.12/site-packages/airflow/example_dags/example_xcomargs.py for tasks to queue
[2024-08-26T15:25:47.950+0000] {logging_mixin.py:190} INFO - [2024-08-26T15:25:47.949+0000] {dagbag.py:587} INFO - Filling up the DagBag from /home/airflow/.local/lib/python3.12/site-packages/airflow/example_dags/example_xcomargs.py
[2024-08-26T15:25:47.968+0000] {processor.py:925} INFO - DAG(s) 'example_xcom_args', 'example_xcom_args_with_operators' retrieved from /home/airflow/.local/lib/python3.12/site-packages/airflow/example_dags/example_xcomargs.py
[2024-08-26T15:25:48.011+0000] {logging_mixin.py:190} INFO - [2024-08-26T15:25:48.010+0000] {dag.py:3211} INFO - Sync 2 DAGs
[2024-08-26T15:25:48.036+0000] {logging_mixin.py:190} INFO - [2024-08-26T15:25:48.036+0000] {dag.py:4138} INFO - Setting next_dagrun for example_xcom_args to None, run_after=None
[2024-08-26T15:25:48.042+0000] {logging_mixin.py:190} INFO - [2024-08-26T15:25:48.042+0000] {dag.py:4138} INFO - Setting next_dagrun for example_xcom_args_with_operators to None, run_after=None
[2024-08-26T15:25:48.073+0000] {processor.py:208} INFO - Processing /home/airflow/.local/lib/python3.12/site-packages/airflow/example_dags/example_xcomargs.py took 0.137 seconds
[2024-08-26T15:27:06.481+0000] {processor.py:186} INFO - Started process (PID=1791) to work on /home/airflow/.local/lib/python3.12/site-packages/airflow/example_dags/example_xcomargs.py
[2024-08-26T15:27:06.486+0000] {processor.py:914} INFO - Processing file /home/airflow/.local/lib/python3.12/site-packages/airflow/example_dags/example_xcomargs.py for tasks to queue
[2024-08-26T15:27:06.493+0000] {logging_mixin.py:190} INFO - [2024-08-26T15:27:06.491+0000] {dagbag.py:587} INFO - Filling up the DagBag from /home/airflow/.local/lib/python3.12/site-packages/airflow/example_dags/example_xcomargs.py
[2024-08-26T15:27:06.572+0000] {processor.py:925} INFO - DAG(s) 'example_xcom_args_with_operators', 'example_xcom_args' retrieved from /home/airflow/.local/lib/python3.12/site-packages/airflow/example_dags/example_xcomargs.py
[2024-08-26T15:27:06.714+0000] {logging_mixin.py:190} INFO - [2024-08-26T15:27:06.713+0000] {dag.py:3211} INFO - Sync 2 DAGs
[2024-08-26T15:27:06.810+0000] {logging_mixin.py:190} INFO - [2024-08-26T15:27:06.809+0000] {dag.py:4138} INFO - Setting next_dagrun for example_xcom_args to None, run_after=None
[2024-08-26T15:27:06.831+0000] {logging_mixin.py:190} INFO - [2024-08-26T15:27:06.830+0000] {dag.py:4138} INFO - Setting next_dagrun for example_xcom_args_with_operators to None, run_after=None
[2024-08-26T15:27:06.910+0000] {processor.py:208} INFO - Processing /home/airflow/.local/lib/python3.12/site-packages/airflow/example_dags/example_xcomargs.py took 0.464 seconds
[2024-08-26T15:27:46.409+0000] {processor.py:186} INFO - Started process (PID=1858) to work on /home/airflow/.local/lib/python3.12/site-packages/airflow/example_dags/example_xcomargs.py
[2024-08-26T15:27:46.412+0000] {processor.py:914} INFO - Processing file /home/airflow/.local/lib/python3.12/site-packages/airflow/example_dags/example_xcomargs.py for tasks to queue
[2024-08-26T15:27:46.417+0000] {logging_mixin.py:190} INFO - [2024-08-26T15:27:46.416+0000] {dagbag.py:587} INFO - Filling up the DagBag from /home/airflow/.local/lib/python3.12/site-packages/airflow/example_dags/example_xcomargs.py
[2024-08-26T15:27:46.457+0000] {processor.py:925} INFO - DAG(s) 'example_xcom_args_with_operators', 'example_xcom_args' retrieved from /home/airflow/.local/lib/python3.12/site-packages/airflow/example_dags/example_xcomargs.py
[2024-08-26T15:27:46.556+0000] {logging_mixin.py:190} INFO - [2024-08-26T15:27:46.555+0000] {dag.py:3211} INFO - Sync 2 DAGs
[2024-08-26T15:27:46.614+0000] {logging_mixin.py:190} INFO - [2024-08-26T15:27:46.613+0000] {dag.py:4138} INFO - Setting next_dagrun for example_xcom_args to None, run_after=None
[2024-08-26T15:27:46.626+0000] {logging_mixin.py:190} INFO - [2024-08-26T15:27:46.626+0000] {dag.py:4138} INFO - Setting next_dagrun for example_xcom_args_with_operators to None, run_after=None
[2024-08-26T15:27:46.680+0000] {processor.py:208} INFO - Processing /home/airflow/.local/lib/python3.12/site-packages/airflow/example_dags/example_xcomargs.py took 0.291 seconds
[2024-08-26T15:28:30.215+0000] {processor.py:186} INFO - Started process (PID=1924) to work on /home/airflow/.local/lib/python3.12/site-packages/airflow/example_dags/example_xcomargs.py
[2024-08-26T15:28:30.217+0000] {processor.py:914} INFO - Processing file /home/airflow/.local/lib/python3.12/site-packages/airflow/example_dags/example_xcomargs.py for tasks to queue
[2024-08-26T15:28:30.220+0000] {logging_mixin.py:190} INFO - [2024-08-26T15:28:30.219+0000] {dagbag.py:587} INFO - Filling up the DagBag from /home/airflow/.local/lib/python3.12/site-packages/airflow/example_dags/example_xcomargs.py
[2024-08-26T15:28:30.240+0000] {processor.py:925} INFO - DAG(s) 'example_xcom_args', 'example_xcom_args_with_operators' retrieved from /home/airflow/.local/lib/python3.12/site-packages/airflow/example_dags/example_xcomargs.py
[2024-08-26T15:28:30.288+0000] {logging_mixin.py:190} INFO - [2024-08-26T15:28:30.288+0000] {dag.py:3211} INFO - Sync 2 DAGs
[2024-08-26T15:28:30.318+0000] {logging_mixin.py:190} INFO - [2024-08-26T15:28:30.317+0000] {dag.py:4138} INFO - Setting next_dagrun for example_xcom_args to None, run_after=None
[2024-08-26T15:28:30.325+0000] {logging_mixin.py:190} INFO - [2024-08-26T15:28:30.325+0000] {dag.py:4138} INFO - Setting next_dagrun for example_xcom_args_with_operators to None, run_after=None
[2024-08-26T15:28:30.355+0000] {processor.py:208} INFO - Processing /home/airflow/.local/lib/python3.12/site-packages/airflow/example_dags/example_xcomargs.py took 0.154 seconds
[2024-08-26T15:29:34.242+0000] {processor.py:186} INFO - Started process (PID=2003) to work on /home/airflow/.local/lib/python3.12/site-packages/airflow/example_dags/example_xcomargs.py
[2024-08-26T15:29:34.252+0000] {processor.py:914} INFO - Processing file /home/airflow/.local/lib/python3.12/site-packages/airflow/example_dags/example_xcomargs.py for tasks to queue
[2024-08-26T15:29:34.264+0000] {logging_mixin.py:190} INFO - [2024-08-26T15:29:34.262+0000] {dagbag.py:587} INFO - Filling up the DagBag from /home/airflow/.local/lib/python3.12/site-packages/airflow/example_dags/example_xcomargs.py
[2024-08-26T15:29:34.348+0000] {processor.py:925} INFO - DAG(s) 'example_xcom_args_with_operators', 'example_xcom_args' retrieved from /home/airflow/.local/lib/python3.12/site-packages/airflow/example_dags/example_xcomargs.py
[2024-08-26T15:29:34.481+0000] {logging_mixin.py:190} INFO - [2024-08-26T15:29:34.477+0000] {dag.py:3211} INFO - Sync 2 DAGs
[2024-08-26T15:29:34.576+0000] {logging_mixin.py:190} INFO - [2024-08-26T15:29:34.576+0000] {dag.py:4138} INFO - Setting next_dagrun for example_xcom_args to None, run_after=None
[2024-08-26T15:29:34.594+0000] {logging_mixin.py:190} INFO - [2024-08-26T15:29:34.593+0000] {dag.py:4138} INFO - Setting next_dagrun for example_xcom_args_with_operators to None, run_after=None
[2024-08-26T15:29:34.670+0000] {processor.py:208} INFO - Processing /home/airflow/.local/lib/python3.12/site-packages/airflow/example_dags/example_xcomargs.py took 0.467 seconds
[2024-08-26T15:30:47.229+0000] {processor.py:186} INFO - Started process (PID=2078) to work on /home/airflow/.local/lib/python3.12/site-packages/airflow/example_dags/example_xcomargs.py
[2024-08-26T15:30:47.233+0000] {processor.py:914} INFO - Processing file /home/airflow/.local/lib/python3.12/site-packages/airflow/example_dags/example_xcomargs.py for tasks to queue
[2024-08-26T15:30:47.238+0000] {logging_mixin.py:190} INFO - [2024-08-26T15:30:47.237+0000] {dagbag.py:587} INFO - Filling up the DagBag from /home/airflow/.local/lib/python3.12/site-packages/airflow/example_dags/example_xcomargs.py
[2024-08-26T15:30:47.275+0000] {processor.py:925} INFO - DAG(s) 'example_xcom_args', 'example_xcom_args_with_operators' retrieved from /home/airflow/.local/lib/python3.12/site-packages/airflow/example_dags/example_xcomargs.py
[2024-08-26T15:30:47.376+0000] {logging_mixin.py:190} INFO - [2024-08-26T15:30:47.375+0000] {dag.py:3211} INFO - Sync 2 DAGs
[2024-08-26T15:30:47.431+0000] {logging_mixin.py:190} INFO - [2024-08-26T15:30:47.431+0000] {dag.py:4138} INFO - Setting next_dagrun for example_xcom_args to None, run_after=None
[2024-08-26T15:30:47.444+0000] {logging_mixin.py:190} INFO - [2024-08-26T15:30:47.444+0000] {dag.py:4138} INFO - Setting next_dagrun for example_xcom_args_with_operators to None, run_after=None
[2024-08-26T15:30:47.512+0000] {processor.py:208} INFO - Processing /home/airflow/.local/lib/python3.12/site-packages/airflow/example_dags/example_xcomargs.py took 0.303 seconds
[2024-08-26T15:31:46.429+0000] {processor.py:186} INFO - Started process (PID=2155) to work on /home/airflow/.local/lib/python3.12/site-packages/airflow/example_dags/example_xcomargs.py
[2024-08-26T15:31:46.434+0000] {processor.py:914} INFO - Processing file /home/airflow/.local/lib/python3.12/site-packages/airflow/example_dags/example_xcomargs.py for tasks to queue
[2024-08-26T15:31:46.439+0000] {logging_mixin.py:190} INFO - [2024-08-26T15:31:46.438+0000] {dagbag.py:587} INFO - Filling up the DagBag from /home/airflow/.local/lib/python3.12/site-packages/airflow/example_dags/example_xcomargs.py
[2024-08-26T15:31:46.490+0000] {processor.py:925} INFO - DAG(s) 'example_xcom_args', 'example_xcom_args_with_operators' retrieved from /home/airflow/.local/lib/python3.12/site-packages/airflow/example_dags/example_xcomargs.py
[2024-08-26T15:31:46.599+0000] {logging_mixin.py:190} INFO - [2024-08-26T15:31:46.598+0000] {dag.py:3211} INFO - Sync 2 DAGs
[2024-08-26T15:31:46.682+0000] {logging_mixin.py:190} INFO - [2024-08-26T15:31:46.681+0000] {dag.py:4138} INFO - Setting next_dagrun for example_xcom_args to None, run_after=None
[2024-08-26T15:31:46.705+0000] {logging_mixin.py:190} INFO - [2024-08-26T15:31:46.704+0000] {dag.py:4138} INFO - Setting next_dagrun for example_xcom_args_with_operators to None, run_after=None
[2024-08-26T15:31:46.769+0000] {processor.py:208} INFO - Processing /home/airflow/.local/lib/python3.12/site-packages/airflow/example_dags/example_xcomargs.py took 0.370 seconds
[2024-08-26T15:32:50.632+0000] {processor.py:186} INFO - Started process (PID=2226) to work on /home/airflow/.local/lib/python3.12/site-packages/airflow/example_dags/example_xcomargs.py
[2024-08-26T15:32:50.639+0000] {processor.py:914} INFO - Processing file /home/airflow/.local/lib/python3.12/site-packages/airflow/example_dags/example_xcomargs.py for tasks to queue
[2024-08-26T15:32:50.645+0000] {logging_mixin.py:190} INFO - [2024-08-26T15:32:50.644+0000] {dagbag.py:587} INFO - Filling up the DagBag from /home/airflow/.local/lib/python3.12/site-packages/airflow/example_dags/example_xcomargs.py
[2024-08-26T15:32:50.705+0000] {processor.py:925} INFO - DAG(s) 'example_xcom_args', 'example_xcom_args_with_operators' retrieved from /home/airflow/.local/lib/python3.12/site-packages/airflow/example_dags/example_xcomargs.py
[2024-08-26T15:32:50.834+0000] {logging_mixin.py:190} INFO - [2024-08-26T15:32:50.833+0000] {dag.py:3211} INFO - Sync 2 DAGs
[2024-08-26T15:32:50.981+0000] {logging_mixin.py:190} INFO - [2024-08-26T15:32:50.981+0000] {dag.py:4138} INFO - Setting next_dagrun for example_xcom_args to None, run_after=None
[2024-08-26T15:32:50.995+0000] {logging_mixin.py:190} INFO - [2024-08-26T15:32:50.994+0000] {dag.py:4138} INFO - Setting next_dagrun for example_xcom_args_with_operators to None, run_after=None
[2024-08-26T15:32:51.073+0000] {processor.py:208} INFO - Processing /home/airflow/.local/lib/python3.12/site-packages/airflow/example_dags/example_xcomargs.py took 0.482 seconds
[2024-08-26T15:38:04.373+0000] {processor.py:186} INFO - Started process (PID=2349) to work on /home/airflow/.local/lib/python3.12/site-packages/airflow/example_dags/example_xcomargs.py
[2024-08-26T15:38:04.393+0000] {processor.py:914} INFO - Processing file /home/airflow/.local/lib/python3.12/site-packages/airflow/example_dags/example_xcomargs.py for tasks to queue
[2024-08-26T15:38:04.744+0000] {logging_mixin.py:190} INFO - [2024-08-26T15:38:04.677+0000] {dagbag.py:587} INFO - Filling up the DagBag from /home/airflow/.local/lib/python3.12/site-packages/airflow/example_dags/example_xcomargs.py
[2024-08-26T15:38:05.530+0000] {processor.py:925} INFO - DAG(s) 'example_xcom_args_with_operators', 'example_xcom_args' retrieved from /home/airflow/.local/lib/python3.12/site-packages/airflow/example_dags/example_xcomargs.py
[2024-08-26T15:38:09.323+0000] {logging_mixin.py:190} INFO - [2024-08-26T15:38:09.321+0000] {dag.py:3211} INFO - Sync 2 DAGs
[2024-08-26T15:38:11.210+0000] {logging_mixin.py:190} INFO - [2024-08-26T15:38:11.208+0000] {dag.py:4138} INFO - Setting next_dagrun for example_xcom_args to None, run_after=None
[2024-08-26T15:38:12.159+0000] {logging_mixin.py:190} INFO - [2024-08-26T15:38:12.145+0000] {dag.py:4138} INFO - Setting next_dagrun for example_xcom_args_with_operators to None, run_after=None
[2024-08-26T15:38:13.983+0000] {processor.py:208} INFO - Processing /home/airflow/.local/lib/python3.12/site-packages/airflow/example_dags/example_xcomargs.py took 10.610 seconds
[2024-08-26T15:39:29.877+0000] {processor.py:186} INFO - Started process (PID=2427) to work on /home/airflow/.local/lib/python3.12/site-packages/airflow/example_dags/example_xcomargs.py
[2024-08-26T15:39:29.881+0000] {processor.py:914} INFO - Processing file /home/airflow/.local/lib/python3.12/site-packages/airflow/example_dags/example_xcomargs.py for tasks to queue
[2024-08-26T15:39:29.887+0000] {logging_mixin.py:190} INFO - [2024-08-26T15:39:29.885+0000] {dagbag.py:587} INFO - Filling up the DagBag from /home/airflow/.local/lib/python3.12/site-packages/airflow/example_dags/example_xcomargs.py
[2024-08-26T15:39:29.909+0000] {processor.py:925} INFO - DAG(s) 'example_xcom_args', 'example_xcom_args_with_operators' retrieved from /home/airflow/.local/lib/python3.12/site-packages/airflow/example_dags/example_xcomargs.py
[2024-08-26T15:39:29.960+0000] {logging_mixin.py:190} INFO - [2024-08-26T15:39:29.960+0000] {dag.py:3211} INFO - Sync 2 DAGs
[2024-08-26T15:39:29.992+0000] {logging_mixin.py:190} INFO - [2024-08-26T15:39:29.992+0000] {dag.py:4138} INFO - Setting next_dagrun for example_xcom_args to None, run_after=None
[2024-08-26T15:39:29.999+0000] {logging_mixin.py:190} INFO - [2024-08-26T15:39:29.998+0000] {dag.py:4138} INFO - Setting next_dagrun for example_xcom_args_with_operators to None, run_after=None
[2024-08-26T15:39:30.033+0000] {processor.py:208} INFO - Processing /home/airflow/.local/lib/python3.12/site-packages/airflow/example_dags/example_xcomargs.py took 0.177 seconds
[2024-08-26T15:40:18.241+0000] {processor.py:186} INFO - Started process (PID=2494) to work on /home/airflow/.local/lib/python3.12/site-packages/airflow/example_dags/example_xcomargs.py
[2024-08-26T15:40:18.245+0000] {processor.py:914} INFO - Processing file /home/airflow/.local/lib/python3.12/site-packages/airflow/example_dags/example_xcomargs.py for tasks to queue
[2024-08-26T15:40:18.248+0000] {logging_mixin.py:190} INFO - [2024-08-26T15:40:18.247+0000] {dagbag.py:587} INFO - Filling up the DagBag from /home/airflow/.local/lib/python3.12/site-packages/airflow/example_dags/example_xcomargs.py
[2024-08-26T15:40:18.268+0000] {processor.py:925} INFO - DAG(s) 'example_xcom_args_with_operators', 'example_xcom_args' retrieved from /home/airflow/.local/lib/python3.12/site-packages/airflow/example_dags/example_xcomargs.py
[2024-08-26T15:40:18.327+0000] {logging_mixin.py:190} INFO - [2024-08-26T15:40:18.327+0000] {dag.py:3211} INFO - Sync 2 DAGs
[2024-08-26T15:40:18.363+0000] {logging_mixin.py:190} INFO - [2024-08-26T15:40:18.363+0000] {dag.py:4138} INFO - Setting next_dagrun for example_xcom_args to None, run_after=None
[2024-08-26T15:40:18.371+0000] {logging_mixin.py:190} INFO - [2024-08-26T15:40:18.371+0000] {dag.py:4138} INFO - Setting next_dagrun for example_xcom_args_with_operators to None, run_after=None
[2024-08-26T15:40:18.406+0000] {processor.py:208} INFO - Processing /home/airflow/.local/lib/python3.12/site-packages/airflow/example_dags/example_xcomargs.py took 0.180 seconds
[2024-08-26T15:41:06.764+0000] {processor.py:186} INFO - Started process (PID=2566) to work on /home/airflow/.local/lib/python3.12/site-packages/airflow/example_dags/example_xcomargs.py
[2024-08-26T15:41:06.767+0000] {processor.py:914} INFO - Processing file /home/airflow/.local/lib/python3.12/site-packages/airflow/example_dags/example_xcomargs.py for tasks to queue
[2024-08-26T15:41:06.772+0000] {logging_mixin.py:190} INFO - [2024-08-26T15:41:06.770+0000] {dagbag.py:587} INFO - Filling up the DagBag from /home/airflow/.local/lib/python3.12/site-packages/airflow/example_dags/example_xcomargs.py
[2024-08-26T15:41:06.795+0000] {processor.py:925} INFO - DAG(s) 'example_xcom_args', 'example_xcom_args_with_operators' retrieved from /home/airflow/.local/lib/python3.12/site-packages/airflow/example_dags/example_xcomargs.py
[2024-08-26T15:41:06.863+0000] {logging_mixin.py:190} INFO - [2024-08-26T15:41:06.863+0000] {dag.py:3211} INFO - Sync 2 DAGs
[2024-08-26T15:41:06.905+0000] {logging_mixin.py:190} INFO - [2024-08-26T15:41:06.905+0000] {dag.py:4138} INFO - Setting next_dagrun for example_xcom_args to None, run_after=None
[2024-08-26T15:41:06.915+0000] {logging_mixin.py:190} INFO - [2024-08-26T15:41:06.915+0000] {dag.py:4138} INFO - Setting next_dagrun for example_xcom_args_with_operators to None, run_after=None
[2024-08-26T15:41:06.972+0000] {processor.py:208} INFO - Processing /home/airflow/.local/lib/python3.12/site-packages/airflow/example_dags/example_xcomargs.py took 0.224 seconds
[2024-08-26T15:43:51.321+0000] {processor.py:186} INFO - Started process (PID=2660) to work on /home/airflow/.local/lib/python3.12/site-packages/airflow/example_dags/example_xcomargs.py
[2024-08-26T15:43:51.328+0000] {processor.py:914} INFO - Processing file /home/airflow/.local/lib/python3.12/site-packages/airflow/example_dags/example_xcomargs.py for tasks to queue
[2024-08-26T15:43:51.336+0000] {logging_mixin.py:190} INFO - [2024-08-26T15:43:51.334+0000] {dagbag.py:587} INFO - Filling up the DagBag from /home/airflow/.local/lib/python3.12/site-packages/airflow/example_dags/example_xcomargs.py
[2024-08-26T15:43:51.384+0000] {processor.py:925} INFO - DAG(s) 'example_xcom_args_with_operators', 'example_xcom_args' retrieved from /home/airflow/.local/lib/python3.12/site-packages/airflow/example_dags/example_xcomargs.py
[2024-08-26T15:43:51.590+0000] {logging_mixin.py:190} INFO - [2024-08-26T15:43:51.588+0000] {dag.py:3211} INFO - Sync 2 DAGs
[2024-08-26T15:43:51.679+0000] {logging_mixin.py:190} INFO - [2024-08-26T15:43:51.677+0000] {dag.py:4138} INFO - Setting next_dagrun for example_xcom_args to None, run_after=None
[2024-08-26T15:43:51.696+0000] {logging_mixin.py:190} INFO - [2024-08-26T15:43:51.694+0000] {dag.py:4138} INFO - Setting next_dagrun for example_xcom_args_with_operators to None, run_after=None
[2024-08-26T15:43:51.774+0000] {processor.py:208} INFO - Processing /home/airflow/.local/lib/python3.12/site-packages/airflow/example_dags/example_xcomargs.py took 0.488 seconds
[2024-08-26T15:44:37.656+0000] {processor.py:186} INFO - Started process (PID=2733) to work on /home/airflow/.local/lib/python3.12/site-packages/airflow/example_dags/example_xcomargs.py
[2024-08-26T15:44:37.659+0000] {processor.py:914} INFO - Processing file /home/airflow/.local/lib/python3.12/site-packages/airflow/example_dags/example_xcomargs.py for tasks to queue
[2024-08-26T15:44:37.664+0000] {logging_mixin.py:190} INFO - [2024-08-26T15:44:37.663+0000] {dagbag.py:587} INFO - Filling up the DagBag from /home/airflow/.local/lib/python3.12/site-packages/airflow/example_dags/example_xcomargs.py
[2024-08-26T15:44:37.687+0000] {processor.py:925} INFO - DAG(s) 'example_xcom_args', 'example_xcom_args_with_operators' retrieved from /home/airflow/.local/lib/python3.12/site-packages/airflow/example_dags/example_xcomargs.py
[2024-08-26T15:44:37.781+0000] {logging_mixin.py:190} INFO - [2024-08-26T15:44:37.780+0000] {dag.py:3211} INFO - Sync 2 DAGs
[2024-08-26T15:44:37.819+0000] {logging_mixin.py:190} INFO - [2024-08-26T15:44:37.818+0000] {dag.py:4138} INFO - Setting next_dagrun for example_xcom_args to None, run_after=None
[2024-08-26T15:44:37.827+0000] {logging_mixin.py:190} INFO - [2024-08-26T15:44:37.826+0000] {dag.py:4138} INFO - Setting next_dagrun for example_xcom_args_with_operators to None, run_after=None
[2024-08-26T15:44:37.865+0000] {processor.py:208} INFO - Processing /home/airflow/.local/lib/python3.12/site-packages/airflow/example_dags/example_xcomargs.py took 0.229 seconds
[2024-08-26T15:45:15.985+0000] {processor.py:186} INFO - Started process (PID=2799) to work on /home/airflow/.local/lib/python3.12/site-packages/airflow/example_dags/example_xcomargs.py
[2024-08-26T15:45:15.986+0000] {processor.py:914} INFO - Processing file /home/airflow/.local/lib/python3.12/site-packages/airflow/example_dags/example_xcomargs.py for tasks to queue
[2024-08-26T15:45:15.989+0000] {logging_mixin.py:190} INFO - [2024-08-26T15:45:15.988+0000] {dagbag.py:587} INFO - Filling up the DagBag from /home/airflow/.local/lib/python3.12/site-packages/airflow/example_dags/example_xcomargs.py
[2024-08-26T15:45:16.001+0000] {processor.py:925} INFO - DAG(s) 'example_xcom_args_with_operators', 'example_xcom_args' retrieved from /home/airflow/.local/lib/python3.12/site-packages/airflow/example_dags/example_xcomargs.py
[2024-08-26T15:45:16.036+0000] {logging_mixin.py:190} INFO - [2024-08-26T15:45:16.036+0000] {dag.py:3211} INFO - Sync 2 DAGs
[2024-08-26T15:45:16.058+0000] {logging_mixin.py:190} INFO - [2024-08-26T15:45:16.057+0000] {dag.py:4138} INFO - Setting next_dagrun for example_xcom_args to None, run_after=None
[2024-08-26T15:45:16.063+0000] {logging_mixin.py:190} INFO - [2024-08-26T15:45:16.062+0000] {dag.py:4138} INFO - Setting next_dagrun for example_xcom_args_with_operators to None, run_after=None
[2024-08-26T15:45:16.085+0000] {processor.py:208} INFO - Processing /home/airflow/.local/lib/python3.12/site-packages/airflow/example_dags/example_xcomargs.py took 0.110 seconds
[2024-08-26T15:45:58.180+0000] {processor.py:186} INFO - Started process (PID=2865) to work on /home/airflow/.local/lib/python3.12/site-packages/airflow/example_dags/example_xcomargs.py
[2024-08-26T15:45:58.182+0000] {processor.py:914} INFO - Processing file /home/airflow/.local/lib/python3.12/site-packages/airflow/example_dags/example_xcomargs.py for tasks to queue
[2024-08-26T15:45:58.186+0000] {logging_mixin.py:190} INFO - [2024-08-26T15:45:58.185+0000] {dagbag.py:587} INFO - Filling up the DagBag from /home/airflow/.local/lib/python3.12/site-packages/airflow/example_dags/example_xcomargs.py
[2024-08-26T15:45:58.206+0000] {processor.py:925} INFO - DAG(s) 'example_xcom_args_with_operators', 'example_xcom_args' retrieved from /home/airflow/.local/lib/python3.12/site-packages/airflow/example_dags/example_xcomargs.py
[2024-08-26T15:45:58.268+0000] {logging_mixin.py:190} INFO - [2024-08-26T15:45:58.267+0000] {dag.py:3211} INFO - Sync 2 DAGs
[2024-08-26T15:45:58.302+0000] {logging_mixin.py:190} INFO - [2024-08-26T15:45:58.301+0000] {dag.py:4138} INFO - Setting next_dagrun for example_xcom_args to None, run_after=None
[2024-08-26T15:45:58.309+0000] {logging_mixin.py:190} INFO - [2024-08-26T15:45:58.309+0000] {dag.py:4138} INFO - Setting next_dagrun for example_xcom_args_with_operators to None, run_after=None
[2024-08-26T15:45:58.348+0000] {processor.py:208} INFO - Processing /home/airflow/.local/lib/python3.12/site-packages/airflow/example_dags/example_xcomargs.py took 0.183 seconds
[2024-08-26T15:48:01.233+0000] {processor.py:186} INFO - Started process (PID=2953) to work on /home/airflow/.local/lib/python3.12/site-packages/airflow/example_dags/example_xcomargs.py
[2024-08-26T15:48:01.236+0000] {processor.py:914} INFO - Processing file /home/airflow/.local/lib/python3.12/site-packages/airflow/example_dags/example_xcomargs.py for tasks to queue
[2024-08-26T15:48:01.240+0000] {logging_mixin.py:190} INFO - [2024-08-26T15:48:01.239+0000] {dagbag.py:587} INFO - Filling up the DagBag from /home/airflow/.local/lib/python3.12/site-packages/airflow/example_dags/example_xcomargs.py
[2024-08-26T15:48:01.260+0000] {processor.py:925} INFO - DAG(s) 'example_xcom_args', 'example_xcom_args_with_operators' retrieved from /home/airflow/.local/lib/python3.12/site-packages/airflow/example_dags/example_xcomargs.py
[2024-08-26T15:48:01.342+0000] {logging_mixin.py:190} INFO - [2024-08-26T15:48:01.341+0000] {dag.py:3211} INFO - Sync 2 DAGs
[2024-08-26T15:48:01.383+0000] {logging_mixin.py:190} INFO - [2024-08-26T15:48:01.382+0000] {dag.py:4138} INFO - Setting next_dagrun for example_xcom_args to None, run_after=None
[2024-08-26T15:48:01.395+0000] {logging_mixin.py:190} INFO - [2024-08-26T15:48:01.394+0000] {dag.py:4138} INFO - Setting next_dagrun for example_xcom_args_with_operators to None, run_after=None
[2024-08-26T15:48:01.441+0000] {processor.py:208} INFO - Processing /home/airflow/.local/lib/python3.12/site-packages/airflow/example_dags/example_xcomargs.py took 0.225 seconds
[2024-08-26T15:50:47.350+0000] {processor.py:186} INFO - Started process (PID=3052) to work on /home/airflow/.local/lib/python3.12/site-packages/airflow/example_dags/example_xcomargs.py
[2024-08-26T15:50:47.356+0000] {processor.py:914} INFO - Processing file /home/airflow/.local/lib/python3.12/site-packages/airflow/example_dags/example_xcomargs.py for tasks to queue
[2024-08-26T15:50:47.364+0000] {logging_mixin.py:190} INFO - [2024-08-26T15:50:47.362+0000] {dagbag.py:587} INFO - Filling up the DagBag from /home/airflow/.local/lib/python3.12/site-packages/airflow/example_dags/example_xcomargs.py
[2024-08-26T15:50:47.411+0000] {processor.py:925} INFO - DAG(s) 'example_xcom_args', 'example_xcom_args_with_operators' retrieved from /home/airflow/.local/lib/python3.12/site-packages/airflow/example_dags/example_xcomargs.py
[2024-08-26T15:50:47.592+0000] {logging_mixin.py:190} INFO - [2024-08-26T15:50:47.590+0000] {dag.py:3211} INFO - Sync 2 DAGs
[2024-08-26T15:50:47.673+0000] {logging_mixin.py:190} INFO - [2024-08-26T15:50:47.672+0000] {dag.py:4138} INFO - Setting next_dagrun for example_xcom_args to None, run_after=None
[2024-08-26T15:50:47.690+0000] {logging_mixin.py:190} INFO - [2024-08-26T15:50:47.689+0000] {dag.py:4138} INFO - Setting next_dagrun for example_xcom_args_with_operators to None, run_after=None
[2024-08-26T15:50:47.773+0000] {processor.py:208} INFO - Processing /home/airflow/.local/lib/python3.12/site-packages/airflow/example_dags/example_xcomargs.py took 0.466 seconds
[2024-08-26T15:51:47.336+0000] {processor.py:186} INFO - Started process (PID=3124) to work on /home/airflow/.local/lib/python3.12/site-packages/airflow/example_dags/example_xcomargs.py
[2024-08-26T15:51:47.339+0000] {processor.py:914} INFO - Processing file /home/airflow/.local/lib/python3.12/site-packages/airflow/example_dags/example_xcomargs.py for tasks to queue
[2024-08-26T15:51:47.343+0000] {logging_mixin.py:190} INFO - [2024-08-26T15:51:47.342+0000] {dagbag.py:587} INFO - Filling up the DagBag from /home/airflow/.local/lib/python3.12/site-packages/airflow/example_dags/example_xcomargs.py
[2024-08-26T15:51:47.373+0000] {processor.py:925} INFO - DAG(s) 'example_xcom_args_with_operators', 'example_xcom_args' retrieved from /home/airflow/.local/lib/python3.12/site-packages/airflow/example_dags/example_xcomargs.py
[2024-08-26T15:51:47.462+0000] {logging_mixin.py:190} INFO - [2024-08-26T15:51:47.461+0000] {dag.py:3211} INFO - Sync 2 DAGs
[2024-08-26T15:51:47.520+0000] {logging_mixin.py:190} INFO - [2024-08-26T15:51:47.519+0000] {dag.py:4138} INFO - Setting next_dagrun for example_xcom_args to None, run_after=None
[2024-08-26T15:51:47.528+0000] {logging_mixin.py:190} INFO - [2024-08-26T15:51:47.528+0000] {dag.py:4138} INFO - Setting next_dagrun for example_xcom_args_with_operators to None, run_after=None
[2024-08-26T15:51:47.571+0000] {processor.py:208} INFO - Processing /home/airflow/.local/lib/python3.12/site-packages/airflow/example_dags/example_xcomargs.py took 0.253 seconds
[2024-08-26T15:52:29.321+0000] {processor.py:186} INFO - Started process (PID=3191) to work on /home/airflow/.local/lib/python3.12/site-packages/airflow/example_dags/example_xcomargs.py
[2024-08-26T15:52:29.323+0000] {processor.py:914} INFO - Processing file /home/airflow/.local/lib/python3.12/site-packages/airflow/example_dags/example_xcomargs.py for tasks to queue
[2024-08-26T15:52:29.328+0000] {logging_mixin.py:190} INFO - [2024-08-26T15:52:29.326+0000] {dagbag.py:587} INFO - Filling up the DagBag from /home/airflow/.local/lib/python3.12/site-packages/airflow/example_dags/example_xcomargs.py
[2024-08-26T15:52:29.349+0000] {processor.py:925} INFO - DAG(s) 'example_xcom_args', 'example_xcom_args_with_operators' retrieved from /home/airflow/.local/lib/python3.12/site-packages/airflow/example_dags/example_xcomargs.py
[2024-08-26T15:52:29.425+0000] {logging_mixin.py:190} INFO - [2024-08-26T15:52:29.424+0000] {dag.py:3211} INFO - Sync 2 DAGs
[2024-08-26T15:52:29.471+0000] {logging_mixin.py:190} INFO - [2024-08-26T15:52:29.470+0000] {dag.py:4138} INFO - Setting next_dagrun for example_xcom_args to None, run_after=None
[2024-08-26T15:52:29.480+0000] {logging_mixin.py:190} INFO - [2024-08-26T15:52:29.479+0000] {dag.py:4138} INFO - Setting next_dagrun for example_xcom_args_with_operators to None, run_after=None
[2024-08-26T15:52:29.525+0000] {processor.py:208} INFO - Processing /home/airflow/.local/lib/python3.12/site-packages/airflow/example_dags/example_xcomargs.py took 0.220 seconds
