[2024-08-26T10:34:45.625+0000] {processor.py:186} INFO - Started process (PID=97) to work on /home/airflow/.local/lib/python3.12/site-packages/airflow/example_dags/example_branch_labels.py
[2024-08-26T10:34:45.626+0000] {processor.py:914} INFO - Processing file /home/airflow/.local/lib/python3.12/site-packages/airflow/example_dags/example_branch_labels.py for tasks to queue
[2024-08-26T10:34:45.630+0000] {logging_mixin.py:190} INFO - [2024-08-26T10:34:45.629+0000] {dagbag.py:587} INFO - Filling up the DagBag from /home/airflow/.local/lib/python3.12/site-packages/airflow/example_dags/example_branch_labels.py
[2024-08-26T10:34:45.643+0000] {processor.py:925} INFO - DAG(s) 'example_branch_labels' retrieved from /home/airflow/.local/lib/python3.12/site-packages/airflow/example_dags/example_branch_labels.py
[2024-08-26T10:34:45.675+0000] {logging_mixin.py:190} INFO - [2024-08-26T10:34:45.675+0000] {dag.py:3211} INFO - Sync 1 DAGs
[2024-08-26T10:34:45.707+0000] {logging_mixin.py:190} INFO - [2024-08-26T10:34:45.707+0000] {dag.py:4138} INFO - Setting next_dagrun for example_branch_labels to 2024-08-25 00:00:00+00:00, run_after=2024-08-26 00:00:00+00:00
[2024-08-26T10:34:45.729+0000] {processor.py:208} INFO - Processing /home/airflow/.local/lib/python3.12/site-packages/airflow/example_dags/example_branch_labels.py took 0.112 seconds
[2024-08-26T10:35:28.649+0000] {processor.py:186} INFO - Started process (PID=169) to work on /home/airflow/.local/lib/python3.12/site-packages/airflow/example_dags/example_branch_labels.py
[2024-08-26T10:35:28.651+0000] {processor.py:914} INFO - Processing file /home/airflow/.local/lib/python3.12/site-packages/airflow/example_dags/example_branch_labels.py for tasks to queue
[2024-08-26T10:35:28.655+0000] {logging_mixin.py:190} INFO - [2024-08-26T10:35:28.654+0000] {dagbag.py:587} INFO - Filling up the DagBag from /home/airflow/.local/lib/python3.12/site-packages/airflow/example_dags/example_branch_labels.py
[2024-08-26T10:35:28.669+0000] {processor.py:925} INFO - DAG(s) 'example_branch_labels' retrieved from /home/airflow/.local/lib/python3.12/site-packages/airflow/example_dags/example_branch_labels.py
[2024-08-26T10:35:28.703+0000] {logging_mixin.py:190} INFO - [2024-08-26T10:35:28.703+0000] {dag.py:3211} INFO - Sync 1 DAGs
[2024-08-26T10:35:28.740+0000] {logging_mixin.py:190} INFO - [2024-08-26T10:35:28.739+0000] {dag.py:4138} INFO - Setting next_dagrun for example_branch_labels to 2024-08-25 00:00:00+00:00, run_after=2024-08-26 00:00:00+00:00
[2024-08-26T10:35:28.765+0000] {processor.py:208} INFO - Processing /home/airflow/.local/lib/python3.12/site-packages/airflow/example_dags/example_branch_labels.py took 0.125 seconds
[2024-08-26T10:38:05.075+0000] {processor.py:186} INFO - Started process (PID=97) to work on /home/airflow/.local/lib/python3.12/site-packages/airflow/example_dags/example_branch_labels.py
[2024-08-26T10:38:05.077+0000] {processor.py:914} INFO - Processing file /home/airflow/.local/lib/python3.12/site-packages/airflow/example_dags/example_branch_labels.py for tasks to queue
[2024-08-26T10:38:05.080+0000] {logging_mixin.py:190} INFO - [2024-08-26T10:38:05.080+0000] {dagbag.py:587} INFO - Filling up the DagBag from /home/airflow/.local/lib/python3.12/site-packages/airflow/example_dags/example_branch_labels.py
[2024-08-26T10:38:05.094+0000] {processor.py:925} INFO - DAG(s) 'example_branch_labels' retrieved from /home/airflow/.local/lib/python3.12/site-packages/airflow/example_dags/example_branch_labels.py
[2024-08-26T10:38:05.129+0000] {logging_mixin.py:190} INFO - [2024-08-26T10:38:05.129+0000] {dag.py:3211} INFO - Sync 1 DAGs
[2024-08-26T10:38:05.166+0000] {logging_mixin.py:190} INFO - [2024-08-26T10:38:05.166+0000] {dag.py:4138} INFO - Setting next_dagrun for example_branch_labels to 2024-08-25 00:00:00+00:00, run_after=2024-08-26 00:00:00+00:00
[2024-08-26T10:38:05.190+0000] {processor.py:208} INFO - Processing /home/airflow/.local/lib/python3.12/site-packages/airflow/example_dags/example_branch_labels.py took 0.122 seconds
[2024-08-26T10:38:44.741+0000] {processor.py:186} INFO - Started process (PID=163) to work on /home/airflow/.local/lib/python3.12/site-packages/airflow/example_dags/example_branch_labels.py
[2024-08-26T10:38:44.742+0000] {processor.py:914} INFO - Processing file /home/airflow/.local/lib/python3.12/site-packages/airflow/example_dags/example_branch_labels.py for tasks to queue
[2024-08-26T10:38:44.746+0000] {logging_mixin.py:190} INFO - [2024-08-26T10:38:44.745+0000] {dagbag.py:587} INFO - Filling up the DagBag from /home/airflow/.local/lib/python3.12/site-packages/airflow/example_dags/example_branch_labels.py
[2024-08-26T10:38:44.760+0000] {processor.py:925} INFO - DAG(s) 'example_branch_labels' retrieved from /home/airflow/.local/lib/python3.12/site-packages/airflow/example_dags/example_branch_labels.py
[2024-08-26T10:38:44.790+0000] {logging_mixin.py:190} INFO - [2024-08-26T10:38:44.790+0000] {dag.py:3211} INFO - Sync 1 DAGs
[2024-08-26T10:38:44.826+0000] {logging_mixin.py:190} INFO - [2024-08-26T10:38:44.825+0000] {dag.py:4138} INFO - Setting next_dagrun for example_branch_labels to 2024-08-25 00:00:00+00:00, run_after=2024-08-26 00:00:00+00:00
[2024-08-26T10:38:44.849+0000] {processor.py:208} INFO - Processing /home/airflow/.local/lib/python3.12/site-packages/airflow/example_dags/example_branch_labels.py took 0.117 seconds
[2024-08-26T10:39:23.419+0000] {processor.py:186} INFO - Started process (PID=229) to work on /home/airflow/.local/lib/python3.12/site-packages/airflow/example_dags/example_branch_labels.py
[2024-08-26T10:39:23.421+0000] {processor.py:914} INFO - Processing file /home/airflow/.local/lib/python3.12/site-packages/airflow/example_dags/example_branch_labels.py for tasks to queue
[2024-08-26T10:39:23.424+0000] {logging_mixin.py:190} INFO - [2024-08-26T10:39:23.423+0000] {dagbag.py:587} INFO - Filling up the DagBag from /home/airflow/.local/lib/python3.12/site-packages/airflow/example_dags/example_branch_labels.py
[2024-08-26T10:39:23.438+0000] {processor.py:925} INFO - DAG(s) 'example_branch_labels' retrieved from /home/airflow/.local/lib/python3.12/site-packages/airflow/example_dags/example_branch_labels.py
[2024-08-26T10:39:23.468+0000] {logging_mixin.py:190} INFO - [2024-08-26T10:39:23.467+0000] {dag.py:3211} INFO - Sync 1 DAGs
[2024-08-26T10:39:23.501+0000] {logging_mixin.py:190} INFO - [2024-08-26T10:39:23.501+0000] {dag.py:4138} INFO - Setting next_dagrun for example_branch_labels to 2024-08-25 00:00:00+00:00, run_after=2024-08-26 00:00:00+00:00
[2024-08-26T10:39:23.525+0000] {processor.py:208} INFO - Processing /home/airflow/.local/lib/python3.12/site-packages/airflow/example_dags/example_branch_labels.py took 0.114 seconds
[2024-08-26T10:40:03.127+0000] {processor.py:186} INFO - Started process (PID=303) to work on /home/airflow/.local/lib/python3.12/site-packages/airflow/example_dags/example_branch_labels.py
[2024-08-26T10:40:03.128+0000] {processor.py:914} INFO - Processing file /home/airflow/.local/lib/python3.12/site-packages/airflow/example_dags/example_branch_labels.py for tasks to queue
[2024-08-26T10:40:03.131+0000] {logging_mixin.py:190} INFO - [2024-08-26T10:40:03.131+0000] {dagbag.py:587} INFO - Filling up the DagBag from /home/airflow/.local/lib/python3.12/site-packages/airflow/example_dags/example_branch_labels.py
[2024-08-26T10:40:03.145+0000] {processor.py:925} INFO - DAG(s) 'example_branch_labels' retrieved from /home/airflow/.local/lib/python3.12/site-packages/airflow/example_dags/example_branch_labels.py
[2024-08-26T10:40:03.174+0000] {logging_mixin.py:190} INFO - [2024-08-26T10:40:03.174+0000] {dag.py:3211} INFO - Sync 1 DAGs
[2024-08-26T10:40:03.207+0000] {logging_mixin.py:190} INFO - [2024-08-26T10:40:03.207+0000] {dag.py:4138} INFO - Setting next_dagrun for example_branch_labels to 2024-08-25 00:00:00+00:00, run_after=2024-08-26 00:00:00+00:00
[2024-08-26T10:40:03.230+0000] {processor.py:208} INFO - Processing /home/airflow/.local/lib/python3.12/site-packages/airflow/example_dags/example_branch_labels.py took 0.111 seconds
[2024-08-26T10:40:46.529+0000] {processor.py:186} INFO - Started process (PID=371) to work on /home/airflow/.local/lib/python3.12/site-packages/airflow/example_dags/example_branch_labels.py
[2024-08-26T10:40:46.531+0000] {processor.py:914} INFO - Processing file /home/airflow/.local/lib/python3.12/site-packages/airflow/example_dags/example_branch_labels.py for tasks to queue
[2024-08-26T10:40:46.535+0000] {logging_mixin.py:190} INFO - [2024-08-26T10:40:46.534+0000] {dagbag.py:587} INFO - Filling up the DagBag from /home/airflow/.local/lib/python3.12/site-packages/airflow/example_dags/example_branch_labels.py
[2024-08-26T10:40:46.548+0000] {processor.py:925} INFO - DAG(s) 'example_branch_labels' retrieved from /home/airflow/.local/lib/python3.12/site-packages/airflow/example_dags/example_branch_labels.py
[2024-08-26T10:40:46.576+0000] {logging_mixin.py:190} INFO - [2024-08-26T10:40:46.576+0000] {dag.py:3211} INFO - Sync 1 DAGs
[2024-08-26T10:40:46.608+0000] {logging_mixin.py:190} INFO - [2024-08-26T10:40:46.607+0000] {dag.py:4138} INFO - Setting next_dagrun for example_branch_labels to 2024-08-25 00:00:00+00:00, run_after=2024-08-26 00:00:00+00:00
[2024-08-26T10:40:46.630+0000] {processor.py:208} INFO - Processing /home/airflow/.local/lib/python3.12/site-packages/airflow/example_dags/example_branch_labels.py took 0.108 seconds
[2024-08-26T10:41:23.701+0000] {processor.py:186} INFO - Started process (PID=436) to work on /home/airflow/.local/lib/python3.12/site-packages/airflow/example_dags/example_branch_labels.py
[2024-08-26T10:41:23.703+0000] {processor.py:914} INFO - Processing file /home/airflow/.local/lib/python3.12/site-packages/airflow/example_dags/example_branch_labels.py for tasks to queue
[2024-08-26T10:41:23.706+0000] {logging_mixin.py:190} INFO - [2024-08-26T10:41:23.706+0000] {dagbag.py:587} INFO - Filling up the DagBag from /home/airflow/.local/lib/python3.12/site-packages/airflow/example_dags/example_branch_labels.py
[2024-08-26T10:41:23.720+0000] {processor.py:925} INFO - DAG(s) 'example_branch_labels' retrieved from /home/airflow/.local/lib/python3.12/site-packages/airflow/example_dags/example_branch_labels.py
[2024-08-26T10:41:23.755+0000] {logging_mixin.py:190} INFO - [2024-08-26T10:41:23.754+0000] {dag.py:3211} INFO - Sync 1 DAGs
[2024-08-26T10:41:23.796+0000] {logging_mixin.py:190} INFO - [2024-08-26T10:41:23.796+0000] {dag.py:4138} INFO - Setting next_dagrun for example_branch_labels to 2024-08-25 00:00:00+00:00, run_after=2024-08-26 00:00:00+00:00
[2024-08-26T10:41:23.842+0000] {processor.py:208} INFO - Processing /home/airflow/.local/lib/python3.12/site-packages/airflow/example_dags/example_branch_labels.py took 0.151 seconds
[2024-08-26T10:42:09.655+0000] {processor.py:186} INFO - Started process (PID=508) to work on /home/airflow/.local/lib/python3.12/site-packages/airflow/example_dags/example_branch_labels.py
[2024-08-26T10:42:09.657+0000] {processor.py:914} INFO - Processing file /home/airflow/.local/lib/python3.12/site-packages/airflow/example_dags/example_branch_labels.py for tasks to queue
[2024-08-26T10:42:09.662+0000] {logging_mixin.py:190} INFO - [2024-08-26T10:42:09.661+0000] {dagbag.py:587} INFO - Filling up the DagBag from /home/airflow/.local/lib/python3.12/site-packages/airflow/example_dags/example_branch_labels.py
[2024-08-26T10:42:09.676+0000] {processor.py:925} INFO - DAG(s) 'example_branch_labels' retrieved from /home/airflow/.local/lib/python3.12/site-packages/airflow/example_dags/example_branch_labels.py
[2024-08-26T10:42:09.706+0000] {logging_mixin.py:190} INFO - [2024-08-26T10:42:09.705+0000] {dag.py:3211} INFO - Sync 1 DAGs
[2024-08-26T10:42:09.741+0000] {logging_mixin.py:190} INFO - [2024-08-26T10:42:09.740+0000] {dag.py:4138} INFO - Setting next_dagrun for example_branch_labels to 2024-08-25 00:00:00+00:00, run_after=2024-08-26 00:00:00+00:00
[2024-08-26T10:42:09.765+0000] {processor.py:208} INFO - Processing /home/airflow/.local/lib/python3.12/site-packages/airflow/example_dags/example_branch_labels.py took 0.118 seconds
[2024-08-26T10:42:55.214+0000] {processor.py:186} INFO - Started process (PID=576) to work on /home/airflow/.local/lib/python3.12/site-packages/airflow/example_dags/example_branch_labels.py
[2024-08-26T10:42:55.216+0000] {processor.py:914} INFO - Processing file /home/airflow/.local/lib/python3.12/site-packages/airflow/example_dags/example_branch_labels.py for tasks to queue
[2024-08-26T10:42:55.218+0000] {logging_mixin.py:190} INFO - [2024-08-26T10:42:55.218+0000] {dagbag.py:587} INFO - Filling up the DagBag from /home/airflow/.local/lib/python3.12/site-packages/airflow/example_dags/example_branch_labels.py
[2024-08-26T10:42:55.234+0000] {processor.py:925} INFO - DAG(s) 'example_branch_labels' retrieved from /home/airflow/.local/lib/python3.12/site-packages/airflow/example_dags/example_branch_labels.py
[2024-08-26T10:42:55.271+0000] {logging_mixin.py:190} INFO - [2024-08-26T10:42:55.270+0000] {dag.py:3211} INFO - Sync 1 DAGs
[2024-08-26T10:42:55.311+0000] {logging_mixin.py:190} INFO - [2024-08-26T10:42:55.310+0000] {dag.py:4138} INFO - Setting next_dagrun for example_branch_labels to 2024-08-25 00:00:00+00:00, run_after=2024-08-26 00:00:00+00:00
[2024-08-26T10:42:55.335+0000] {processor.py:208} INFO - Processing /home/airflow/.local/lib/python3.12/site-packages/airflow/example_dags/example_branch_labels.py took 0.129 seconds
[2024-08-26T10:43:37.920+0000] {processor.py:186} INFO - Started process (PID=654) to work on /home/airflow/.local/lib/python3.12/site-packages/airflow/example_dags/example_branch_labels.py
[2024-08-26T10:43:37.922+0000] {processor.py:914} INFO - Processing file /home/airflow/.local/lib/python3.12/site-packages/airflow/example_dags/example_branch_labels.py for tasks to queue
[2024-08-26T10:43:37.924+0000] {logging_mixin.py:190} INFO - [2024-08-26T10:43:37.924+0000] {dagbag.py:587} INFO - Filling up the DagBag from /home/airflow/.local/lib/python3.12/site-packages/airflow/example_dags/example_branch_labels.py
[2024-08-26T10:43:37.940+0000] {processor.py:925} INFO - DAG(s) 'example_branch_labels' retrieved from /home/airflow/.local/lib/python3.12/site-packages/airflow/example_dags/example_branch_labels.py
[2024-08-26T10:43:37.974+0000] {logging_mixin.py:190} INFO - [2024-08-26T10:43:37.973+0000] {dag.py:3211} INFO - Sync 1 DAGs
[2024-08-26T10:43:38.008+0000] {logging_mixin.py:190} INFO - [2024-08-26T10:43:38.008+0000] {dag.py:4138} INFO - Setting next_dagrun for example_branch_labels to 2024-08-25 00:00:00+00:00, run_after=2024-08-26 00:00:00+00:00
[2024-08-26T10:43:38.032+0000] {processor.py:208} INFO - Processing /home/airflow/.local/lib/python3.12/site-packages/airflow/example_dags/example_branch_labels.py took 0.120 seconds
[2024-08-26T10:44:15.406+0000] {processor.py:186} INFO - Started process (PID=720) to work on /home/airflow/.local/lib/python3.12/site-packages/airflow/example_dags/example_branch_labels.py
[2024-08-26T10:44:15.407+0000] {processor.py:914} INFO - Processing file /home/airflow/.local/lib/python3.12/site-packages/airflow/example_dags/example_branch_labels.py for tasks to queue
[2024-08-26T10:44:15.410+0000] {logging_mixin.py:190} INFO - [2024-08-26T10:44:15.409+0000] {dagbag.py:587} INFO - Filling up the DagBag from /home/airflow/.local/lib/python3.12/site-packages/airflow/example_dags/example_branch_labels.py
[2024-08-26T10:44:15.427+0000] {processor.py:925} INFO - DAG(s) 'example_branch_labels' retrieved from /home/airflow/.local/lib/python3.12/site-packages/airflow/example_dags/example_branch_labels.py
[2024-08-26T10:44:15.472+0000] {logging_mixin.py:190} INFO - [2024-08-26T10:44:15.472+0000] {dag.py:3211} INFO - Sync 1 DAGs
[2024-08-26T10:44:15.518+0000] {logging_mixin.py:190} INFO - [2024-08-26T10:44:15.518+0000] {dag.py:4138} INFO - Setting next_dagrun for example_branch_labels to 2024-08-25 00:00:00+00:00, run_after=2024-08-26 00:00:00+00:00
[2024-08-26T10:44:15.544+0000] {processor.py:208} INFO - Processing /home/airflow/.local/lib/python3.12/site-packages/airflow/example_dags/example_branch_labels.py took 0.149 seconds
[2024-08-26T10:44:54.878+0000] {processor.py:186} INFO - Started process (PID=787) to work on /home/airflow/.local/lib/python3.12/site-packages/airflow/example_dags/example_branch_labels.py
[2024-08-26T10:44:54.880+0000] {processor.py:914} INFO - Processing file /home/airflow/.local/lib/python3.12/site-packages/airflow/example_dags/example_branch_labels.py for tasks to queue
[2024-08-26T10:44:54.885+0000] {logging_mixin.py:190} INFO - [2024-08-26T10:44:54.884+0000] {dagbag.py:587} INFO - Filling up the DagBag from /home/airflow/.local/lib/python3.12/site-packages/airflow/example_dags/example_branch_labels.py
[2024-08-26T10:44:54.924+0000] {processor.py:925} INFO - DAG(s) 'example_branch_labels' retrieved from /home/airflow/.local/lib/python3.12/site-packages/airflow/example_dags/example_branch_labels.py
[2024-08-26T10:44:54.980+0000] {logging_mixin.py:190} INFO - [2024-08-26T10:44:54.979+0000] {dag.py:3211} INFO - Sync 1 DAGs
[2024-08-26T10:44:55.034+0000] {logging_mixin.py:190} INFO - [2024-08-26T10:44:55.033+0000] {dag.py:4138} INFO - Setting next_dagrun for example_branch_labels to 2024-08-25 00:00:00+00:00, run_after=2024-08-26 00:00:00+00:00
[2024-08-26T10:44:55.072+0000] {processor.py:208} INFO - Processing /home/airflow/.local/lib/python3.12/site-packages/airflow/example_dags/example_branch_labels.py took 0.209 seconds
[2024-08-26T10:45:36.320+0000] {processor.py:186} INFO - Started process (PID=868) to work on /home/airflow/.local/lib/python3.12/site-packages/airflow/example_dags/example_branch_labels.py
[2024-08-26T10:45:36.323+0000] {processor.py:914} INFO - Processing file /home/airflow/.local/lib/python3.12/site-packages/airflow/example_dags/example_branch_labels.py for tasks to queue
[2024-08-26T10:45:36.327+0000] {logging_mixin.py:190} INFO - [2024-08-26T10:45:36.326+0000] {dagbag.py:587} INFO - Filling up the DagBag from /home/airflow/.local/lib/python3.12/site-packages/airflow/example_dags/example_branch_labels.py
[2024-08-26T10:45:36.354+0000] {processor.py:925} INFO - DAG(s) 'example_branch_labels' retrieved from /home/airflow/.local/lib/python3.12/site-packages/airflow/example_dags/example_branch_labels.py
[2024-08-26T10:45:36.439+0000] {logging_mixin.py:190} INFO - [2024-08-26T10:45:36.438+0000] {dag.py:3211} INFO - Sync 1 DAGs
[2024-08-26T10:45:36.563+0000] {logging_mixin.py:190} INFO - [2024-08-26T10:45:36.562+0000] {dag.py:4138} INFO - Setting next_dagrun for example_branch_labels to 2024-08-25 00:00:00+00:00, run_after=2024-08-26 00:00:00+00:00
[2024-08-26T10:45:36.682+0000] {processor.py:208} INFO - Processing /home/airflow/.local/lib/python3.12/site-packages/airflow/example_dags/example_branch_labels.py took 0.374 seconds
[2024-08-26T10:46:14.687+0000] {processor.py:186} INFO - Started process (PID=934) to work on /home/airflow/.local/lib/python3.12/site-packages/airflow/example_dags/example_branch_labels.py
[2024-08-26T10:46:14.689+0000] {processor.py:914} INFO - Processing file /home/airflow/.local/lib/python3.12/site-packages/airflow/example_dags/example_branch_labels.py for tasks to queue
[2024-08-26T10:46:14.691+0000] {logging_mixin.py:190} INFO - [2024-08-26T10:46:14.691+0000] {dagbag.py:587} INFO - Filling up the DagBag from /home/airflow/.local/lib/python3.12/site-packages/airflow/example_dags/example_branch_labels.py
[2024-08-26T10:46:14.706+0000] {processor.py:925} INFO - DAG(s) 'example_branch_labels' retrieved from /home/airflow/.local/lib/python3.12/site-packages/airflow/example_dags/example_branch_labels.py
[2024-08-26T10:46:14.742+0000] {logging_mixin.py:190} INFO - [2024-08-26T10:46:14.742+0000] {dag.py:3211} INFO - Sync 1 DAGs
[2024-08-26T10:46:14.790+0000] {logging_mixin.py:190} INFO - [2024-08-26T10:46:14.789+0000] {dag.py:4138} INFO - Setting next_dagrun for example_branch_labels to 2024-08-25 00:00:00+00:00, run_after=2024-08-26 00:00:00+00:00
[2024-08-26T10:46:14.855+0000] {processor.py:208} INFO - Processing /home/airflow/.local/lib/python3.12/site-packages/airflow/example_dags/example_branch_labels.py took 0.178 seconds
[2024-08-26T10:46:53.441+0000] {processor.py:186} INFO - Started process (PID=1000) to work on /home/airflow/.local/lib/python3.12/site-packages/airflow/example_dags/example_branch_labels.py
[2024-08-26T10:46:53.443+0000] {processor.py:914} INFO - Processing file /home/airflow/.local/lib/python3.12/site-packages/airflow/example_dags/example_branch_labels.py for tasks to queue
[2024-08-26T10:46:53.445+0000] {logging_mixin.py:190} INFO - [2024-08-26T10:46:53.445+0000] {dagbag.py:587} INFO - Filling up the DagBag from /home/airflow/.local/lib/python3.12/site-packages/airflow/example_dags/example_branch_labels.py
[2024-08-26T10:46:53.459+0000] {processor.py:925} INFO - DAG(s) 'example_branch_labels' retrieved from /home/airflow/.local/lib/python3.12/site-packages/airflow/example_dags/example_branch_labels.py
[2024-08-26T10:46:53.488+0000] {logging_mixin.py:190} INFO - [2024-08-26T10:46:53.487+0000] {dag.py:3211} INFO - Sync 1 DAGs
[2024-08-26T10:46:53.520+0000] {logging_mixin.py:190} INFO - [2024-08-26T10:46:53.520+0000] {dag.py:4138} INFO - Setting next_dagrun for example_branch_labels to 2024-08-25 00:00:00+00:00, run_after=2024-08-26 00:00:00+00:00
[2024-08-26T10:46:53.542+0000] {processor.py:208} INFO - Processing /home/airflow/.local/lib/python3.12/site-packages/airflow/example_dags/example_branch_labels.py took 0.109 seconds
[2024-08-26T10:47:46.434+0000] {processor.py:186} INFO - Started process (PID=1083) to work on /home/airflow/.local/lib/python3.12/site-packages/airflow/example_dags/example_branch_labels.py
[2024-08-26T10:47:46.436+0000] {processor.py:914} INFO - Processing file /home/airflow/.local/lib/python3.12/site-packages/airflow/example_dags/example_branch_labels.py for tasks to queue
[2024-08-26T10:47:46.438+0000] {logging_mixin.py:190} INFO - [2024-08-26T10:47:46.437+0000] {dagbag.py:587} INFO - Filling up the DagBag from /home/airflow/.local/lib/python3.12/site-packages/airflow/example_dags/example_branch_labels.py
[2024-08-26T10:47:46.452+0000] {processor.py:925} INFO - DAG(s) 'example_branch_labels' retrieved from /home/airflow/.local/lib/python3.12/site-packages/airflow/example_dags/example_branch_labels.py
[2024-08-26T10:47:46.482+0000] {logging_mixin.py:190} INFO - [2024-08-26T10:47:46.481+0000] {dag.py:3211} INFO - Sync 1 DAGs
[2024-08-26T10:47:46.516+0000] {logging_mixin.py:190} INFO - [2024-08-26T10:47:46.515+0000] {dag.py:4138} INFO - Setting next_dagrun for example_branch_labels to 2024-08-25 00:00:00+00:00, run_after=2024-08-26 00:00:00+00:00
[2024-08-26T10:47:46.539+0000] {processor.py:208} INFO - Processing /home/airflow/.local/lib/python3.12/site-packages/airflow/example_dags/example_branch_labels.py took 0.113 seconds
[2024-08-26T10:48:23.707+0000] {processor.py:186} INFO - Started process (PID=1149) to work on /home/airflow/.local/lib/python3.12/site-packages/airflow/example_dags/example_branch_labels.py
[2024-08-26T10:48:23.708+0000] {processor.py:914} INFO - Processing file /home/airflow/.local/lib/python3.12/site-packages/airflow/example_dags/example_branch_labels.py for tasks to queue
[2024-08-26T10:48:23.710+0000] {logging_mixin.py:190} INFO - [2024-08-26T10:48:23.709+0000] {dagbag.py:587} INFO - Filling up the DagBag from /home/airflow/.local/lib/python3.12/site-packages/airflow/example_dags/example_branch_labels.py
[2024-08-26T10:48:23.721+0000] {processor.py:925} INFO - DAG(s) 'example_branch_labels' retrieved from /home/airflow/.local/lib/python3.12/site-packages/airflow/example_dags/example_branch_labels.py
[2024-08-26T10:48:23.745+0000] {logging_mixin.py:190} INFO - [2024-08-26T10:48:23.745+0000] {dag.py:3211} INFO - Sync 1 DAGs
[2024-08-26T10:48:23.771+0000] {logging_mixin.py:190} INFO - [2024-08-26T10:48:23.771+0000] {dag.py:4138} INFO - Setting next_dagrun for example_branch_labels to 2024-08-25 00:00:00+00:00, run_after=2024-08-26 00:00:00+00:00
[2024-08-26T10:48:23.793+0000] {processor.py:208} INFO - Processing /home/airflow/.local/lib/python3.12/site-packages/airflow/example_dags/example_branch_labels.py took 0.093 seconds
[2024-08-26T10:49:16.410+0000] {processor.py:186} INFO - Started process (PID=1230) to work on /home/airflow/.local/lib/python3.12/site-packages/airflow/example_dags/example_branch_labels.py
[2024-08-26T10:49:16.414+0000] {processor.py:914} INFO - Processing file /home/airflow/.local/lib/python3.12/site-packages/airflow/example_dags/example_branch_labels.py for tasks to queue
[2024-08-26T10:49:16.417+0000] {logging_mixin.py:190} INFO - [2024-08-26T10:49:16.417+0000] {dagbag.py:587} INFO - Filling up the DagBag from /home/airflow/.local/lib/python3.12/site-packages/airflow/example_dags/example_branch_labels.py
[2024-08-26T10:49:16.439+0000] {processor.py:925} INFO - DAG(s) 'example_branch_labels' retrieved from /home/airflow/.local/lib/python3.12/site-packages/airflow/example_dags/example_branch_labels.py
[2024-08-26T10:49:16.482+0000] {logging_mixin.py:190} INFO - [2024-08-26T10:49:16.482+0000] {dag.py:3211} INFO - Sync 1 DAGs
[2024-08-26T10:49:16.535+0000] {logging_mixin.py:190} INFO - [2024-08-26T10:49:16.535+0000] {dag.py:4138} INFO - Setting next_dagrun for example_branch_labels to 2024-08-25 00:00:00+00:00, run_after=2024-08-26 00:00:00+00:00
[2024-08-26T10:49:16.576+0000] {processor.py:208} INFO - Processing /home/airflow/.local/lib/python3.12/site-packages/airflow/example_dags/example_branch_labels.py took 0.179 seconds
[2024-08-26T15:09:28.227+0000] {processor.py:186} INFO - Started process (PID=97) to work on /home/airflow/.local/lib/python3.12/site-packages/airflow/example_dags/example_branch_labels.py
[2024-08-26T15:09:28.230+0000] {processor.py:914} INFO - Processing file /home/airflow/.local/lib/python3.12/site-packages/airflow/example_dags/example_branch_labels.py for tasks to queue
[2024-08-26T15:09:28.233+0000] {logging_mixin.py:190} INFO - [2024-08-26T15:09:28.233+0000] {dagbag.py:587} INFO - Filling up the DagBag from /home/airflow/.local/lib/python3.12/site-packages/airflow/example_dags/example_branch_labels.py
[2024-08-26T15:09:28.250+0000] {processor.py:925} INFO - DAG(s) 'example_branch_labels' retrieved from /home/airflow/.local/lib/python3.12/site-packages/airflow/example_dags/example_branch_labels.py
[2024-08-26T15:09:28.288+0000] {logging_mixin.py:190} INFO - [2024-08-26T15:09:28.288+0000] {dag.py:3211} INFO - Sync 1 DAGs
[2024-08-26T15:09:28.329+0000] {logging_mixin.py:190} INFO - [2024-08-26T15:09:28.329+0000] {dag.py:4138} INFO - Setting next_dagrun for example_branch_labels to 2024-08-25 00:00:00+00:00, run_after=2024-08-26 00:00:00+00:00
[2024-08-26T15:09:28.359+0000] {processor.py:208} INFO - Processing /home/airflow/.local/lib/python3.12/site-packages/airflow/example_dags/example_branch_labels.py took 0.142 seconds
[2024-08-26T15:10:11.430+0000] {processor.py:186} INFO - Started process (PID=163) to work on /home/airflow/.local/lib/python3.12/site-packages/airflow/example_dags/example_branch_labels.py
[2024-08-26T15:10:11.432+0000] {processor.py:914} INFO - Processing file /home/airflow/.local/lib/python3.12/site-packages/airflow/example_dags/example_branch_labels.py for tasks to queue
[2024-08-26T15:10:11.435+0000] {logging_mixin.py:190} INFO - [2024-08-26T15:10:11.434+0000] {dagbag.py:587} INFO - Filling up the DagBag from /home/airflow/.local/lib/python3.12/site-packages/airflow/example_dags/example_branch_labels.py
[2024-08-26T15:10:11.448+0000] {processor.py:925} INFO - DAG(s) 'example_branch_labels' retrieved from /home/airflow/.local/lib/python3.12/site-packages/airflow/example_dags/example_branch_labels.py
[2024-08-26T15:10:11.476+0000] {logging_mixin.py:190} INFO - [2024-08-26T15:10:11.475+0000] {dag.py:3211} INFO - Sync 1 DAGs
[2024-08-26T15:10:11.507+0000] {logging_mixin.py:190} INFO - [2024-08-26T15:10:11.506+0000] {dag.py:4138} INFO - Setting next_dagrun for example_branch_labels to 2024-08-25 00:00:00+00:00, run_after=2024-08-26 00:00:00+00:00
[2024-08-26T15:10:11.529+0000] {processor.py:208} INFO - Processing /home/airflow/.local/lib/python3.12/site-packages/airflow/example_dags/example_branch_labels.py took 0.106 seconds
[2024-08-26T15:10:49.137+0000] {processor.py:186} INFO - Started process (PID=230) to work on /home/airflow/.local/lib/python3.12/site-packages/airflow/example_dags/example_branch_labels.py
[2024-08-26T15:10:49.138+0000] {processor.py:914} INFO - Processing file /home/airflow/.local/lib/python3.12/site-packages/airflow/example_dags/example_branch_labels.py for tasks to queue
[2024-08-26T15:10:49.142+0000] {logging_mixin.py:190} INFO - [2024-08-26T15:10:49.141+0000] {dagbag.py:587} INFO - Filling up the DagBag from /home/airflow/.local/lib/python3.12/site-packages/airflow/example_dags/example_branch_labels.py
[2024-08-26T15:10:49.155+0000] {processor.py:925} INFO - DAG(s) 'example_branch_labels' retrieved from /home/airflow/.local/lib/python3.12/site-packages/airflow/example_dags/example_branch_labels.py
[2024-08-26T15:10:49.183+0000] {logging_mixin.py:190} INFO - [2024-08-26T15:10:49.183+0000] {dag.py:3211} INFO - Sync 1 DAGs
[2024-08-26T15:10:49.216+0000] {logging_mixin.py:190} INFO - [2024-08-26T15:10:49.216+0000] {dag.py:4138} INFO - Setting next_dagrun for example_branch_labels to 2024-08-25 00:00:00+00:00, run_after=2024-08-26 00:00:00+00:00
[2024-08-26T15:10:49.238+0000] {processor.py:208} INFO - Processing /home/airflow/.local/lib/python3.12/site-packages/airflow/example_dags/example_branch_labels.py took 0.109 seconds
[2024-08-26T15:11:26.793+0000] {processor.py:186} INFO - Started process (PID=296) to work on /home/airflow/.local/lib/python3.12/site-packages/airflow/example_dags/example_branch_labels.py
[2024-08-26T15:11:26.794+0000] {processor.py:914} INFO - Processing file /home/airflow/.local/lib/python3.12/site-packages/airflow/example_dags/example_branch_labels.py for tasks to queue
[2024-08-26T15:11:26.798+0000] {logging_mixin.py:190} INFO - [2024-08-26T15:11:26.797+0000] {dagbag.py:587} INFO - Filling up the DagBag from /home/airflow/.local/lib/python3.12/site-packages/airflow/example_dags/example_branch_labels.py
[2024-08-26T15:11:26.811+0000] {processor.py:925} INFO - DAG(s) 'example_branch_labels' retrieved from /home/airflow/.local/lib/python3.12/site-packages/airflow/example_dags/example_branch_labels.py
[2024-08-26T15:11:26.839+0000] {logging_mixin.py:190} INFO - [2024-08-26T15:11:26.839+0000] {dag.py:3211} INFO - Sync 1 DAGs
[2024-08-26T15:11:26.872+0000] {logging_mixin.py:190} INFO - [2024-08-26T15:11:26.872+0000] {dag.py:4138} INFO - Setting next_dagrun for example_branch_labels to 2024-08-25 00:00:00+00:00, run_after=2024-08-26 00:00:00+00:00
[2024-08-26T15:11:26.895+0000] {processor.py:208} INFO - Processing /home/airflow/.local/lib/python3.12/site-packages/airflow/example_dags/example_branch_labels.py took 0.110 seconds
[2024-08-26T15:12:05.488+0000] {processor.py:186} INFO - Started process (PID=368) to work on /home/airflow/.local/lib/python3.12/site-packages/airflow/example_dags/example_branch_labels.py
[2024-08-26T15:12:05.490+0000] {processor.py:914} INFO - Processing file /home/airflow/.local/lib/python3.12/site-packages/airflow/example_dags/example_branch_labels.py for tasks to queue
[2024-08-26T15:12:05.493+0000] {logging_mixin.py:190} INFO - [2024-08-26T15:12:05.493+0000] {dagbag.py:587} INFO - Filling up the DagBag from /home/airflow/.local/lib/python3.12/site-packages/airflow/example_dags/example_branch_labels.py
[2024-08-26T15:12:05.506+0000] {processor.py:925} INFO - DAG(s) 'example_branch_labels' retrieved from /home/airflow/.local/lib/python3.12/site-packages/airflow/example_dags/example_branch_labels.py
[2024-08-26T15:12:05.536+0000] {logging_mixin.py:190} INFO - [2024-08-26T15:12:05.536+0000] {dag.py:3211} INFO - Sync 1 DAGs
[2024-08-26T15:12:05.572+0000] {logging_mixin.py:190} INFO - [2024-08-26T15:12:05.571+0000] {dag.py:4138} INFO - Setting next_dagrun for example_branch_labels to 2024-08-25 00:00:00+00:00, run_after=2024-08-26 00:00:00+00:00
[2024-08-26T15:12:05.598+0000] {processor.py:208} INFO - Processing /home/airflow/.local/lib/python3.12/site-packages/airflow/example_dags/example_branch_labels.py took 0.117 seconds
[2024-08-26T15:12:45.372+0000] {processor.py:186} INFO - Started process (PID=435) to work on /home/airflow/.local/lib/python3.12/site-packages/airflow/example_dags/example_branch_labels.py
[2024-08-26T15:12:45.374+0000] {processor.py:914} INFO - Processing file /home/airflow/.local/lib/python3.12/site-packages/airflow/example_dags/example_branch_labels.py for tasks to queue
[2024-08-26T15:12:45.377+0000] {logging_mixin.py:190} INFO - [2024-08-26T15:12:45.377+0000] {dagbag.py:587} INFO - Filling up the DagBag from /home/airflow/.local/lib/python3.12/site-packages/airflow/example_dags/example_branch_labels.py
[2024-08-26T15:12:45.393+0000] {processor.py:925} INFO - DAG(s) 'example_branch_labels' retrieved from /home/airflow/.local/lib/python3.12/site-packages/airflow/example_dags/example_branch_labels.py
[2024-08-26T15:12:45.428+0000] {logging_mixin.py:190} INFO - [2024-08-26T15:12:45.427+0000] {dag.py:3211} INFO - Sync 1 DAGs
[2024-08-26T15:12:45.466+0000] {logging_mixin.py:190} INFO - [2024-08-26T15:12:45.466+0000] {dag.py:4138} INFO - Setting next_dagrun for example_branch_labels to 2024-08-25 00:00:00+00:00, run_after=2024-08-26 00:00:00+00:00
[2024-08-26T15:12:45.490+0000] {processor.py:208} INFO - Processing /home/airflow/.local/lib/python3.12/site-packages/airflow/example_dags/example_branch_labels.py took 0.179 seconds
[2024-08-26T15:13:37.659+0000] {processor.py:186} INFO - Started process (PID=518) to work on /home/airflow/.local/lib/python3.12/site-packages/airflow/example_dags/example_branch_labels.py
[2024-08-26T15:13:37.662+0000] {processor.py:914} INFO - Processing file /home/airflow/.local/lib/python3.12/site-packages/airflow/example_dags/example_branch_labels.py for tasks to queue
[2024-08-26T15:13:37.667+0000] {logging_mixin.py:190} INFO - [2024-08-26T15:13:37.666+0000] {dagbag.py:587} INFO - Filling up the DagBag from /home/airflow/.local/lib/python3.12/site-packages/airflow/example_dags/example_branch_labels.py
[2024-08-26T15:13:37.691+0000] {processor.py:925} INFO - DAG(s) 'example_branch_labels' retrieved from /home/airflow/.local/lib/python3.12/site-packages/airflow/example_dags/example_branch_labels.py
[2024-08-26T15:13:37.753+0000] {logging_mixin.py:190} INFO - [2024-08-26T15:13:37.752+0000] {dag.py:3211} INFO - Sync 1 DAGs
[2024-08-26T15:13:37.817+0000] {logging_mixin.py:190} INFO - [2024-08-26T15:13:37.817+0000] {dag.py:4138} INFO - Setting next_dagrun for example_branch_labels to 2024-08-25 00:00:00+00:00, run_after=2024-08-26 00:00:00+00:00
[2024-08-26T15:13:37.859+0000] {processor.py:208} INFO - Processing /home/airflow/.local/lib/python3.12/site-packages/airflow/example_dags/example_branch_labels.py took 0.215 seconds
[2024-08-26T15:14:31.620+0000] {processor.py:186} INFO - Started process (PID=591) to work on /home/airflow/.local/lib/python3.12/site-packages/airflow/example_dags/example_branch_labels.py
[2024-08-26T15:14:31.625+0000] {processor.py:914} INFO - Processing file /home/airflow/.local/lib/python3.12/site-packages/airflow/example_dags/example_branch_labels.py for tasks to queue
[2024-08-26T15:14:31.627+0000] {logging_mixin.py:190} INFO - [2024-08-26T15:14:31.627+0000] {dagbag.py:587} INFO - Filling up the DagBag from /home/airflow/.local/lib/python3.12/site-packages/airflow/example_dags/example_branch_labels.py
[2024-08-26T15:14:31.645+0000] {processor.py:925} INFO - DAG(s) 'example_branch_labels' retrieved from /home/airflow/.local/lib/python3.12/site-packages/airflow/example_dags/example_branch_labels.py
[2024-08-26T15:14:31.675+0000] {logging_mixin.py:190} INFO - [2024-08-26T15:14:31.675+0000] {dag.py:3211} INFO - Sync 1 DAGs
[2024-08-26T15:14:31.708+0000] {logging_mixin.py:190} INFO - [2024-08-26T15:14:31.708+0000] {dag.py:4138} INFO - Setting next_dagrun for example_branch_labels to 2024-08-25 00:00:00+00:00, run_after=2024-08-26 00:00:00+00:00
[2024-08-26T15:14:31.730+0000] {processor.py:208} INFO - Processing /home/airflow/.local/lib/python3.12/site-packages/airflow/example_dags/example_branch_labels.py took 0.117 seconds
[2024-08-26T15:15:09.521+0000] {processor.py:186} INFO - Started process (PID=657) to work on /home/airflow/.local/lib/python3.12/site-packages/airflow/example_dags/example_branch_labels.py
[2024-08-26T15:15:09.523+0000] {processor.py:914} INFO - Processing file /home/airflow/.local/lib/python3.12/site-packages/airflow/example_dags/example_branch_labels.py for tasks to queue
[2024-08-26T15:15:09.525+0000] {logging_mixin.py:190} INFO - [2024-08-26T15:15:09.525+0000] {dagbag.py:587} INFO - Filling up the DagBag from /home/airflow/.local/lib/python3.12/site-packages/airflow/example_dags/example_branch_labels.py
[2024-08-26T15:15:09.540+0000] {processor.py:925} INFO - DAG(s) 'example_branch_labels' retrieved from /home/airflow/.local/lib/python3.12/site-packages/airflow/example_dags/example_branch_labels.py
[2024-08-26T15:15:09.580+0000] {logging_mixin.py:190} INFO - [2024-08-26T15:15:09.580+0000] {dag.py:3211} INFO - Sync 1 DAGs
[2024-08-26T15:15:09.622+0000] {logging_mixin.py:190} INFO - [2024-08-26T15:15:09.622+0000] {dag.py:4138} INFO - Setting next_dagrun for example_branch_labels to 2024-08-25 00:00:00+00:00, run_after=2024-08-26 00:00:00+00:00
[2024-08-26T15:15:09.650+0000] {processor.py:208} INFO - Processing /home/airflow/.local/lib/python3.12/site-packages/airflow/example_dags/example_branch_labels.py took 0.137 seconds
[2024-08-26T15:15:56.296+0000] {processor.py:186} INFO - Started process (PID=723) to work on /home/airflow/.local/lib/python3.12/site-packages/airflow/example_dags/example_branch_labels.py
[2024-08-26T15:15:56.298+0000] {processor.py:914} INFO - Processing file /home/airflow/.local/lib/python3.12/site-packages/airflow/example_dags/example_branch_labels.py for tasks to queue
[2024-08-26T15:15:56.301+0000] {logging_mixin.py:190} INFO - [2024-08-26T15:15:56.300+0000] {dagbag.py:587} INFO - Filling up the DagBag from /home/airflow/.local/lib/python3.12/site-packages/airflow/example_dags/example_branch_labels.py
[2024-08-26T15:15:56.322+0000] {processor.py:925} INFO - DAG(s) 'example_branch_labels' retrieved from /home/airflow/.local/lib/python3.12/site-packages/airflow/example_dags/example_branch_labels.py
[2024-08-26T15:15:56.369+0000] {logging_mixin.py:190} INFO - [2024-08-26T15:15:56.368+0000] {dag.py:3211} INFO - Sync 1 DAGs
[2024-08-26T15:15:56.420+0000] {logging_mixin.py:190} INFO - [2024-08-26T15:15:56.419+0000] {dag.py:4138} INFO - Setting next_dagrun for example_branch_labels to 2024-08-25 00:00:00+00:00, run_after=2024-08-26 00:00:00+00:00
[2024-08-26T15:15:56.452+0000] {processor.py:208} INFO - Processing /home/airflow/.local/lib/python3.12/site-packages/airflow/example_dags/example_branch_labels.py took 0.168 seconds
[2024-08-26T15:16:32.263+0000] {processor.py:186} INFO - Started process (PID=794) to work on /home/airflow/.local/lib/python3.12/site-packages/airflow/example_dags/example_branch_labels.py
[2024-08-26T15:16:32.264+0000] {processor.py:914} INFO - Processing file /home/airflow/.local/lib/python3.12/site-packages/airflow/example_dags/example_branch_labels.py for tasks to queue
[2024-08-26T15:16:32.266+0000] {logging_mixin.py:190} INFO - [2024-08-26T15:16:32.266+0000] {dagbag.py:587} INFO - Filling up the DagBag from /home/airflow/.local/lib/python3.12/site-packages/airflow/example_dags/example_branch_labels.py
[2024-08-26T15:16:32.279+0000] {processor.py:925} INFO - DAG(s) 'example_branch_labels' retrieved from /home/airflow/.local/lib/python3.12/site-packages/airflow/example_dags/example_branch_labels.py
[2024-08-26T15:16:32.309+0000] {logging_mixin.py:190} INFO - [2024-08-26T15:16:32.308+0000] {dag.py:3211} INFO - Sync 1 DAGs
[2024-08-26T15:16:32.341+0000] {logging_mixin.py:190} INFO - [2024-08-26T15:16:32.341+0000] {dag.py:4138} INFO - Setting next_dagrun for example_branch_labels to 2024-08-25 00:00:00+00:00, run_after=2024-08-26 00:00:00+00:00
[2024-08-26T15:16:32.366+0000] {processor.py:208} INFO - Processing /home/airflow/.local/lib/python3.12/site-packages/airflow/example_dags/example_branch_labels.py took 0.111 seconds
[2024-08-26T15:17:09.916+0000] {processor.py:186} INFO - Started process (PID=861) to work on /home/airflow/.local/lib/python3.12/site-packages/airflow/example_dags/example_branch_labels.py
[2024-08-26T15:17:09.917+0000] {processor.py:914} INFO - Processing file /home/airflow/.local/lib/python3.12/site-packages/airflow/example_dags/example_branch_labels.py for tasks to queue
[2024-08-26T15:17:09.919+0000] {logging_mixin.py:190} INFO - [2024-08-26T15:17:09.919+0000] {dagbag.py:587} INFO - Filling up the DagBag from /home/airflow/.local/lib/python3.12/site-packages/airflow/example_dags/example_branch_labels.py
[2024-08-26T15:17:09.935+0000] {processor.py:925} INFO - DAG(s) 'example_branch_labels' retrieved from /home/airflow/.local/lib/python3.12/site-packages/airflow/example_dags/example_branch_labels.py
[2024-08-26T15:17:09.967+0000] {logging_mixin.py:190} INFO - [2024-08-26T15:17:09.967+0000] {dag.py:3211} INFO - Sync 1 DAGs
[2024-08-26T15:17:10.001+0000] {logging_mixin.py:190} INFO - [2024-08-26T15:17:10.001+0000] {dag.py:4138} INFO - Setting next_dagrun for example_branch_labels to 2024-08-25 00:00:00+00:00, run_after=2024-08-26 00:00:00+00:00
[2024-08-26T15:17:10.026+0000] {processor.py:208} INFO - Processing /home/airflow/.local/lib/python3.12/site-packages/airflow/example_dags/example_branch_labels.py took 0.121 seconds
[2024-08-26T15:17:46.493+0000] {processor.py:186} INFO - Started process (PID=927) to work on /home/airflow/.local/lib/python3.12/site-packages/airflow/example_dags/example_branch_labels.py
[2024-08-26T15:17:46.494+0000] {processor.py:914} INFO - Processing file /home/airflow/.local/lib/python3.12/site-packages/airflow/example_dags/example_branch_labels.py for tasks to queue
[2024-08-26T15:17:46.496+0000] {logging_mixin.py:190} INFO - [2024-08-26T15:17:46.496+0000] {dagbag.py:587} INFO - Filling up the DagBag from /home/airflow/.local/lib/python3.12/site-packages/airflow/example_dags/example_branch_labels.py
[2024-08-26T15:17:46.507+0000] {processor.py:925} INFO - DAG(s) 'example_branch_labels' retrieved from /home/airflow/.local/lib/python3.12/site-packages/airflow/example_dags/example_branch_labels.py
[2024-08-26T15:17:46.533+0000] {logging_mixin.py:190} INFO - [2024-08-26T15:17:46.532+0000] {dag.py:3211} INFO - Sync 1 DAGs
[2024-08-26T15:17:46.563+0000] {logging_mixin.py:190} INFO - [2024-08-26T15:17:46.563+0000] {dag.py:4138} INFO - Setting next_dagrun for example_branch_labels to 2024-08-25 00:00:00+00:00, run_after=2024-08-26 00:00:00+00:00
[2024-08-26T15:17:46.587+0000] {processor.py:208} INFO - Processing /home/airflow/.local/lib/python3.12/site-packages/airflow/example_dags/example_branch_labels.py took 0.104 seconds
[2024-08-26T15:18:23.678+0000] {processor.py:186} INFO - Started process (PID=993) to work on /home/airflow/.local/lib/python3.12/site-packages/airflow/example_dags/example_branch_labels.py
[2024-08-26T15:18:23.679+0000] {processor.py:914} INFO - Processing file /home/airflow/.local/lib/python3.12/site-packages/airflow/example_dags/example_branch_labels.py for tasks to queue
[2024-08-26T15:18:23.681+0000] {logging_mixin.py:190} INFO - [2024-08-26T15:18:23.681+0000] {dagbag.py:587} INFO - Filling up the DagBag from /home/airflow/.local/lib/python3.12/site-packages/airflow/example_dags/example_branch_labels.py
[2024-08-26T15:18:23.695+0000] {processor.py:925} INFO - DAG(s) 'example_branch_labels' retrieved from /home/airflow/.local/lib/python3.12/site-packages/airflow/example_dags/example_branch_labels.py
[2024-08-26T15:18:23.725+0000] {logging_mixin.py:190} INFO - [2024-08-26T15:18:23.725+0000] {dag.py:3211} INFO - Sync 1 DAGs
[2024-08-26T15:18:23.758+0000] {logging_mixin.py:190} INFO - [2024-08-26T15:18:23.757+0000] {dag.py:4138} INFO - Setting next_dagrun for example_branch_labels to 2024-08-25 00:00:00+00:00, run_after=2024-08-26 00:00:00+00:00
[2024-08-26T15:18:23.781+0000] {processor.py:208} INFO - Processing /home/airflow/.local/lib/python3.12/site-packages/airflow/example_dags/example_branch_labels.py took 0.111 seconds
[2024-08-26T15:19:06.103+0000] {processor.py:186} INFO - Started process (PID=1065) to work on /home/airflow/.local/lib/python3.12/site-packages/airflow/example_dags/example_branch_labels.py
[2024-08-26T15:19:06.105+0000] {processor.py:914} INFO - Processing file /home/airflow/.local/lib/python3.12/site-packages/airflow/example_dags/example_branch_labels.py for tasks to queue
[2024-08-26T15:19:06.107+0000] {logging_mixin.py:190} INFO - [2024-08-26T15:19:06.106+0000] {dagbag.py:587} INFO - Filling up the DagBag from /home/airflow/.local/lib/python3.12/site-packages/airflow/example_dags/example_branch_labels.py
[2024-08-26T15:19:06.120+0000] {processor.py:925} INFO - DAG(s) 'example_branch_labels' retrieved from /home/airflow/.local/lib/python3.12/site-packages/airflow/example_dags/example_branch_labels.py
[2024-08-26T15:19:06.150+0000] {logging_mixin.py:190} INFO - [2024-08-26T15:19:06.149+0000] {dag.py:3211} INFO - Sync 1 DAGs
[2024-08-26T15:19:06.205+0000] {logging_mixin.py:190} INFO - [2024-08-26T15:19:06.204+0000] {dag.py:4138} INFO - Setting next_dagrun for example_branch_labels to 2024-08-25 00:00:00+00:00, run_after=2024-08-26 00:00:00+00:00
[2024-08-26T15:19:06.230+0000] {processor.py:208} INFO - Processing /home/airflow/.local/lib/python3.12/site-packages/airflow/example_dags/example_branch_labels.py took 0.135 seconds
[2024-08-26T15:19:43.367+0000] {processor.py:186} INFO - Started process (PID=1131) to work on /home/airflow/.local/lib/python3.12/site-packages/airflow/example_dags/example_branch_labels.py
[2024-08-26T15:19:43.369+0000] {processor.py:914} INFO - Processing file /home/airflow/.local/lib/python3.12/site-packages/airflow/example_dags/example_branch_labels.py for tasks to queue
[2024-08-26T15:19:43.370+0000] {logging_mixin.py:190} INFO - [2024-08-26T15:19:43.370+0000] {dagbag.py:587} INFO - Filling up the DagBag from /home/airflow/.local/lib/python3.12/site-packages/airflow/example_dags/example_branch_labels.py
[2024-08-26T15:19:43.384+0000] {processor.py:925} INFO - DAG(s) 'example_branch_labels' retrieved from /home/airflow/.local/lib/python3.12/site-packages/airflow/example_dags/example_branch_labels.py
[2024-08-26T15:19:43.415+0000] {logging_mixin.py:190} INFO - [2024-08-26T15:19:43.414+0000] {dag.py:3211} INFO - Sync 1 DAGs
[2024-08-26T15:19:43.448+0000] {logging_mixin.py:190} INFO - [2024-08-26T15:19:43.447+0000] {dag.py:4138} INFO - Setting next_dagrun for example_branch_labels to 2024-08-25 00:00:00+00:00, run_after=2024-08-26 00:00:00+00:00
[2024-08-26T15:19:43.473+0000] {processor.py:208} INFO - Processing /home/airflow/.local/lib/python3.12/site-packages/airflow/example_dags/example_branch_labels.py took 0.113 seconds
[2024-08-26T15:20:21.778+0000] {processor.py:186} INFO - Started process (PID=1198) to work on /home/airflow/.local/lib/python3.12/site-packages/airflow/example_dags/example_branch_labels.py
[2024-08-26T15:20:21.780+0000] {processor.py:914} INFO - Processing file /home/airflow/.local/lib/python3.12/site-packages/airflow/example_dags/example_branch_labels.py for tasks to queue
[2024-08-26T15:20:21.782+0000] {logging_mixin.py:190} INFO - [2024-08-26T15:20:21.781+0000] {dagbag.py:587} INFO - Filling up the DagBag from /home/airflow/.local/lib/python3.12/site-packages/airflow/example_dags/example_branch_labels.py
[2024-08-26T15:20:21.795+0000] {processor.py:925} INFO - DAG(s) 'example_branch_labels' retrieved from /home/airflow/.local/lib/python3.12/site-packages/airflow/example_dags/example_branch_labels.py
[2024-08-26T15:20:21.826+0000] {logging_mixin.py:190} INFO - [2024-08-26T15:20:21.826+0000] {dag.py:3211} INFO - Sync 1 DAGs
[2024-08-26T15:20:21.861+0000] {logging_mixin.py:190} INFO - [2024-08-26T15:20:21.860+0000] {dag.py:4138} INFO - Setting next_dagrun for example_branch_labels to 2024-08-25 00:00:00+00:00, run_after=2024-08-26 00:00:00+00:00
[2024-08-26T15:20:21.887+0000] {processor.py:208} INFO - Processing /home/airflow/.local/lib/python3.12/site-packages/airflow/example_dags/example_branch_labels.py took 0.117 seconds
[2024-08-26T15:21:00.021+0000] {processor.py:186} INFO - Started process (PID=1270) to work on /home/airflow/.local/lib/python3.12/site-packages/airflow/example_dags/example_branch_labels.py
[2024-08-26T15:21:00.023+0000] {processor.py:914} INFO - Processing file /home/airflow/.local/lib/python3.12/site-packages/airflow/example_dags/example_branch_labels.py for tasks to queue
[2024-08-26T15:21:00.025+0000] {logging_mixin.py:190} INFO - [2024-08-26T15:21:00.024+0000] {dagbag.py:587} INFO - Filling up the DagBag from /home/airflow/.local/lib/python3.12/site-packages/airflow/example_dags/example_branch_labels.py
[2024-08-26T15:21:00.039+0000] {processor.py:925} INFO - DAG(s) 'example_branch_labels' retrieved from /home/airflow/.local/lib/python3.12/site-packages/airflow/example_dags/example_branch_labels.py
[2024-08-26T15:21:00.071+0000] {logging_mixin.py:190} INFO - [2024-08-26T15:21:00.070+0000] {dag.py:3211} INFO - Sync 1 DAGs
[2024-08-26T15:21:00.104+0000] {logging_mixin.py:190} INFO - [2024-08-26T15:21:00.104+0000] {dag.py:4138} INFO - Setting next_dagrun for example_branch_labels to 2024-08-25 00:00:00+00:00, run_after=2024-08-26 00:00:00+00:00
[2024-08-26T15:21:00.130+0000] {processor.py:208} INFO - Processing /home/airflow/.local/lib/python3.12/site-packages/airflow/example_dags/example_branch_labels.py took 0.119 seconds
[2024-08-26T15:21:39.463+0000] {processor.py:186} INFO - Started process (PID=1337) to work on /home/airflow/.local/lib/python3.12/site-packages/airflow/example_dags/example_branch_labels.py
[2024-08-26T15:21:39.464+0000] {processor.py:914} INFO - Processing file /home/airflow/.local/lib/python3.12/site-packages/airflow/example_dags/example_branch_labels.py for tasks to queue
[2024-08-26T15:21:39.466+0000] {logging_mixin.py:190} INFO - [2024-08-26T15:21:39.466+0000] {dagbag.py:587} INFO - Filling up the DagBag from /home/airflow/.local/lib/python3.12/site-packages/airflow/example_dags/example_branch_labels.py
[2024-08-26T15:21:39.482+0000] {processor.py:925} INFO - DAG(s) 'example_branch_labels' retrieved from /home/airflow/.local/lib/python3.12/site-packages/airflow/example_dags/example_branch_labels.py
[2024-08-26T15:21:39.512+0000] {logging_mixin.py:190} INFO - [2024-08-26T15:21:39.512+0000] {dag.py:3211} INFO - Sync 1 DAGs
[2024-08-26T15:21:39.543+0000] {logging_mixin.py:190} INFO - [2024-08-26T15:21:39.542+0000] {dag.py:4138} INFO - Setting next_dagrun for example_branch_labels to 2024-08-25 00:00:00+00:00, run_after=2024-08-26 00:00:00+00:00
[2024-08-26T15:21:39.564+0000] {processor.py:208} INFO - Processing /home/airflow/.local/lib/python3.12/site-packages/airflow/example_dags/example_branch_labels.py took 0.109 seconds
[2024-08-26T15:22:29.460+0000] {processor.py:186} INFO - Started process (PID=1403) to work on /home/airflow/.local/lib/python3.12/site-packages/airflow/example_dags/example_branch_labels.py
[2024-08-26T15:22:29.467+0000] {processor.py:914} INFO - Processing file /home/airflow/.local/lib/python3.12/site-packages/airflow/example_dags/example_branch_labels.py for tasks to queue
[2024-08-26T15:22:29.475+0000] {logging_mixin.py:190} INFO - [2024-08-26T15:22:29.474+0000] {dagbag.py:587} INFO - Filling up the DagBag from /home/airflow/.local/lib/python3.12/site-packages/airflow/example_dags/example_branch_labels.py
[2024-08-26T15:22:29.535+0000] {processor.py:925} INFO - DAG(s) 'example_branch_labels' retrieved from /home/airflow/.local/lib/python3.12/site-packages/airflow/example_dags/example_branch_labels.py
[2024-08-26T15:22:29.643+0000] {logging_mixin.py:190} INFO - [2024-08-26T15:22:29.642+0000] {dag.py:3211} INFO - Sync 1 DAGs
[2024-08-26T15:22:29.782+0000] {logging_mixin.py:190} INFO - [2024-08-26T15:22:29.781+0000] {dag.py:4138} INFO - Setting next_dagrun for example_branch_labels to 2024-08-25 00:00:00+00:00, run_after=2024-08-26 00:00:00+00:00
[2024-08-26T15:22:29.884+0000] {processor.py:208} INFO - Processing /home/airflow/.local/lib/python3.12/site-packages/airflow/example_dags/example_branch_labels.py took 0.478 seconds
[2024-08-26T15:23:21.979+0000] {processor.py:186} INFO - Started process (PID=1475) to work on /home/airflow/.local/lib/python3.12/site-packages/airflow/example_dags/example_branch_labels.py
[2024-08-26T15:23:21.982+0000] {processor.py:914} INFO - Processing file /home/airflow/.local/lib/python3.12/site-packages/airflow/example_dags/example_branch_labels.py for tasks to queue
[2024-08-26T15:23:21.984+0000] {logging_mixin.py:190} INFO - [2024-08-26T15:23:21.984+0000] {dagbag.py:587} INFO - Filling up the DagBag from /home/airflow/.local/lib/python3.12/site-packages/airflow/example_dags/example_branch_labels.py
[2024-08-26T15:23:22.002+0000] {processor.py:925} INFO - DAG(s) 'example_branch_labels' retrieved from /home/airflow/.local/lib/python3.12/site-packages/airflow/example_dags/example_branch_labels.py
[2024-08-26T15:23:22.045+0000] {logging_mixin.py:190} INFO - [2024-08-26T15:23:22.045+0000] {dag.py:3211} INFO - Sync 1 DAGs
[2024-08-26T15:23:22.094+0000] {logging_mixin.py:190} INFO - [2024-08-26T15:23:22.094+0000] {dag.py:4138} INFO - Setting next_dagrun for example_branch_labels to 2024-08-25 00:00:00+00:00, run_after=2024-08-26 00:00:00+00:00
[2024-08-26T15:23:22.129+0000] {processor.py:208} INFO - Processing /home/airflow/.local/lib/python3.12/site-packages/airflow/example_dags/example_branch_labels.py took 0.161 seconds
[2024-08-26T15:23:55.882+0000] {processor.py:186} INFO - Started process (PID=1541) to work on /home/airflow/.local/lib/python3.12/site-packages/airflow/example_dags/example_branch_labels.py
[2024-08-26T15:23:55.885+0000] {processor.py:914} INFO - Processing file /home/airflow/.local/lib/python3.12/site-packages/airflow/example_dags/example_branch_labels.py for tasks to queue
[2024-08-26T15:23:55.886+0000] {logging_mixin.py:190} INFO - [2024-08-26T15:23:55.886+0000] {dagbag.py:587} INFO - Filling up the DagBag from /home/airflow/.local/lib/python3.12/site-packages/airflow/example_dags/example_branch_labels.py
[2024-08-26T15:23:55.898+0000] {processor.py:925} INFO - DAG(s) 'example_branch_labels' retrieved from /home/airflow/.local/lib/python3.12/site-packages/airflow/example_dags/example_branch_labels.py
[2024-08-26T15:23:55.928+0000] {logging_mixin.py:190} INFO - [2024-08-26T15:23:55.927+0000] {dag.py:3211} INFO - Sync 1 DAGs
[2024-08-26T15:23:55.958+0000] {logging_mixin.py:190} INFO - [2024-08-26T15:23:55.958+0000] {dag.py:4138} INFO - Setting next_dagrun for example_branch_labels to 2024-08-25 00:00:00+00:00, run_after=2024-08-26 00:00:00+00:00
[2024-08-26T15:23:55.980+0000] {processor.py:208} INFO - Processing /home/airflow/.local/lib/python3.12/site-packages/airflow/example_dags/example_branch_labels.py took 0.106 seconds
[2024-08-26T15:24:32.181+0000] {processor.py:186} INFO - Started process (PID=1613) to work on /home/airflow/.local/lib/python3.12/site-packages/airflow/example_dags/example_branch_labels.py
[2024-08-26T15:24:32.182+0000] {processor.py:914} INFO - Processing file /home/airflow/.local/lib/python3.12/site-packages/airflow/example_dags/example_branch_labels.py for tasks to queue
[2024-08-26T15:24:32.184+0000] {logging_mixin.py:190} INFO - [2024-08-26T15:24:32.184+0000] {dagbag.py:587} INFO - Filling up the DagBag from /home/airflow/.local/lib/python3.12/site-packages/airflow/example_dags/example_branch_labels.py
[2024-08-26T15:24:32.197+0000] {processor.py:925} INFO - DAG(s) 'example_branch_labels' retrieved from /home/airflow/.local/lib/python3.12/site-packages/airflow/example_dags/example_branch_labels.py
[2024-08-26T15:24:32.228+0000] {logging_mixin.py:190} INFO - [2024-08-26T15:24:32.227+0000] {dag.py:3211} INFO - Sync 1 DAGs
[2024-08-26T15:24:32.258+0000] {logging_mixin.py:190} INFO - [2024-08-26T15:24:32.258+0000] {dag.py:4138} INFO - Setting next_dagrun for example_branch_labels to 2024-08-25 00:00:00+00:00, run_after=2024-08-26 00:00:00+00:00
[2024-08-26T15:24:32.281+0000] {processor.py:208} INFO - Processing /home/airflow/.local/lib/python3.12/site-packages/airflow/example_dags/example_branch_labels.py took 0.108 seconds
[2024-08-26T15:25:10.352+0000] {processor.py:186} INFO - Started process (PID=1678) to work on /home/airflow/.local/lib/python3.12/site-packages/airflow/example_dags/example_branch_labels.py
[2024-08-26T15:25:10.354+0000] {processor.py:914} INFO - Processing file /home/airflow/.local/lib/python3.12/site-packages/airflow/example_dags/example_branch_labels.py for tasks to queue
[2024-08-26T15:25:10.356+0000] {logging_mixin.py:190} INFO - [2024-08-26T15:25:10.355+0000] {dagbag.py:587} INFO - Filling up the DagBag from /home/airflow/.local/lib/python3.12/site-packages/airflow/example_dags/example_branch_labels.py
[2024-08-26T15:25:10.369+0000] {processor.py:925} INFO - DAG(s) 'example_branch_labels' retrieved from /home/airflow/.local/lib/python3.12/site-packages/airflow/example_dags/example_branch_labels.py
[2024-08-26T15:25:10.399+0000] {logging_mixin.py:190} INFO - [2024-08-26T15:25:10.399+0000] {dag.py:3211} INFO - Sync 1 DAGs
[2024-08-26T15:25:10.429+0000] {logging_mixin.py:190} INFO - [2024-08-26T15:25:10.429+0000] {dag.py:4138} INFO - Setting next_dagrun for example_branch_labels to 2024-08-25 00:00:00+00:00, run_after=2024-08-26 00:00:00+00:00
[2024-08-26T15:25:10.450+0000] {processor.py:208} INFO - Processing /home/airflow/.local/lib/python3.12/site-packages/airflow/example_dags/example_branch_labels.py took 0.105 seconds
[2024-08-26T15:25:52.447+0000] {processor.py:186} INFO - Started process (PID=1744) to work on /home/airflow/.local/lib/python3.12/site-packages/airflow/example_dags/example_branch_labels.py
[2024-08-26T15:25:52.449+0000] {processor.py:914} INFO - Processing file /home/airflow/.local/lib/python3.12/site-packages/airflow/example_dags/example_branch_labels.py for tasks to queue
[2024-08-26T15:25:52.451+0000] {logging_mixin.py:190} INFO - [2024-08-26T15:25:52.451+0000] {dagbag.py:587} INFO - Filling up the DagBag from /home/airflow/.local/lib/python3.12/site-packages/airflow/example_dags/example_branch_labels.py
[2024-08-26T15:25:52.468+0000] {processor.py:925} INFO - DAG(s) 'example_branch_labels' retrieved from /home/airflow/.local/lib/python3.12/site-packages/airflow/example_dags/example_branch_labels.py
[2024-08-26T15:25:52.506+0000] {logging_mixin.py:190} INFO - [2024-08-26T15:25:52.506+0000] {dag.py:3211} INFO - Sync 1 DAGs
[2024-08-26T15:25:52.548+0000] {logging_mixin.py:190} INFO - [2024-08-26T15:25:52.548+0000] {dag.py:4138} INFO - Setting next_dagrun for example_branch_labels to 2024-08-25 00:00:00+00:00, run_after=2024-08-26 00:00:00+00:00
[2024-08-26T15:25:52.580+0000] {processor.py:208} INFO - Processing /home/airflow/.local/lib/python3.12/site-packages/airflow/example_dags/example_branch_labels.py took 0.143 seconds
[2024-08-26T15:27:18.915+0000] {processor.py:186} INFO - Started process (PID=1824) to work on /home/airflow/.local/lib/python3.12/site-packages/airflow/example_dags/example_branch_labels.py
[2024-08-26T15:27:18.920+0000] {processor.py:914} INFO - Processing file /home/airflow/.local/lib/python3.12/site-packages/airflow/example_dags/example_branch_labels.py for tasks to queue
[2024-08-26T15:27:18.926+0000] {logging_mixin.py:190} INFO - [2024-08-26T15:27:18.925+0000] {dagbag.py:587} INFO - Filling up the DagBag from /home/airflow/.local/lib/python3.12/site-packages/airflow/example_dags/example_branch_labels.py
[2024-08-26T15:27:18.969+0000] {processor.py:925} INFO - DAG(s) 'example_branch_labels' retrieved from /home/airflow/.local/lib/python3.12/site-packages/airflow/example_dags/example_branch_labels.py
[2024-08-26T15:27:19.041+0000] {logging_mixin.py:190} INFO - [2024-08-26T15:27:19.040+0000] {dag.py:3211} INFO - Sync 1 DAGs
[2024-08-26T15:27:19.135+0000] {logging_mixin.py:190} INFO - [2024-08-26T15:27:19.134+0000] {dag.py:4138} INFO - Setting next_dagrun for example_branch_labels to 2024-08-25 00:00:00+00:00, run_after=2024-08-26 00:00:00+00:00
[2024-08-26T15:27:19.212+0000] {processor.py:208} INFO - Processing /home/airflow/.local/lib/python3.12/site-packages/airflow/example_dags/example_branch_labels.py took 0.323 seconds
[2024-08-26T15:27:58.573+0000] {processor.py:186} INFO - Started process (PID=1891) to work on /home/airflow/.local/lib/python3.12/site-packages/airflow/example_dags/example_branch_labels.py
[2024-08-26T15:27:58.576+0000] {processor.py:914} INFO - Processing file /home/airflow/.local/lib/python3.12/site-packages/airflow/example_dags/example_branch_labels.py for tasks to queue
[2024-08-26T15:27:58.582+0000] {logging_mixin.py:190} INFO - [2024-08-26T15:27:58.580+0000] {dagbag.py:587} INFO - Filling up the DagBag from /home/airflow/.local/lib/python3.12/site-packages/airflow/example_dags/example_branch_labels.py
[2024-08-26T15:27:58.624+0000] {processor.py:925} INFO - DAG(s) 'example_branch_labels' retrieved from /home/airflow/.local/lib/python3.12/site-packages/airflow/example_dags/example_branch_labels.py
[2024-08-26T15:27:58.710+0000] {logging_mixin.py:190} INFO - [2024-08-26T15:27:58.709+0000] {dag.py:3211} INFO - Sync 1 DAGs
[2024-08-26T15:27:58.820+0000] {logging_mixin.py:190} INFO - [2024-08-26T15:27:58.819+0000] {dag.py:4138} INFO - Setting next_dagrun for example_branch_labels to 2024-08-25 00:00:00+00:00, run_after=2024-08-26 00:00:00+00:00
[2024-08-26T15:27:58.900+0000] {processor.py:208} INFO - Processing /home/airflow/.local/lib/python3.12/site-packages/airflow/example_dags/example_branch_labels.py took 0.355 seconds
[2024-08-26T15:28:40.646+0000] {processor.py:186} INFO - Started process (PID=1964) to work on /home/airflow/.local/lib/python3.12/site-packages/airflow/example_dags/example_branch_labels.py
[2024-08-26T15:28:40.650+0000] {processor.py:914} INFO - Processing file /home/airflow/.local/lib/python3.12/site-packages/airflow/example_dags/example_branch_labels.py for tasks to queue
[2024-08-26T15:28:40.656+0000] {logging_mixin.py:190} INFO - [2024-08-26T15:28:40.655+0000] {dagbag.py:587} INFO - Filling up the DagBag from /home/airflow/.local/lib/python3.12/site-packages/airflow/example_dags/example_branch_labels.py
[2024-08-26T15:28:40.693+0000] {processor.py:925} INFO - DAG(s) 'example_branch_labels' retrieved from /home/airflow/.local/lib/python3.12/site-packages/airflow/example_dags/example_branch_labels.py
[2024-08-26T15:28:40.764+0000] {logging_mixin.py:190} INFO - [2024-08-26T15:28:40.763+0000] {dag.py:3211} INFO - Sync 1 DAGs
[2024-08-26T15:28:41.133+0000] {logging_mixin.py:190} INFO - [2024-08-26T15:28:41.132+0000] {dag.py:4138} INFO - Setting next_dagrun for example_branch_labels to 2024-08-25 00:00:00+00:00, run_after=2024-08-26 00:00:00+00:00
[2024-08-26T15:28:41.201+0000] {processor.py:208} INFO - Processing /home/airflow/.local/lib/python3.12/site-packages/airflow/example_dags/example_branch_labels.py took 0.568 seconds
[2024-08-26T15:29:48.336+0000] {processor.py:186} INFO - Started process (PID=2037) to work on /home/airflow/.local/lib/python3.12/site-packages/airflow/example_dags/example_branch_labels.py
[2024-08-26T15:29:48.403+0000] {processor.py:914} INFO - Processing file /home/airflow/.local/lib/python3.12/site-packages/airflow/example_dags/example_branch_labels.py for tasks to queue
[2024-08-26T15:29:48.416+0000] {logging_mixin.py:190} INFO - [2024-08-26T15:29:48.413+0000] {dagbag.py:587} INFO - Filling up the DagBag from /home/airflow/.local/lib/python3.12/site-packages/airflow/example_dags/example_branch_labels.py
[2024-08-26T15:29:48.539+0000] {processor.py:925} INFO - DAG(s) 'example_branch_labels' retrieved from /home/airflow/.local/lib/python3.12/site-packages/airflow/example_dags/example_branch_labels.py
[2024-08-26T15:29:48.696+0000] {logging_mixin.py:190} INFO - [2024-08-26T15:29:48.695+0000] {dag.py:3211} INFO - Sync 1 DAGs
[2024-08-26T15:29:48.922+0000] {logging_mixin.py:190} INFO - [2024-08-26T15:29:48.918+0000] {dag.py:4138} INFO - Setting next_dagrun for example_branch_labels to 2024-08-25 00:00:00+00:00, run_after=2024-08-26 00:00:00+00:00
[2024-08-26T15:29:49.077+0000] {processor.py:208} INFO - Processing /home/airflow/.local/lib/python3.12/site-packages/airflow/example_dags/example_branch_labels.py took 0.784 seconds
[2024-08-26T15:31:04.460+0000] {processor.py:186} INFO - Started process (PID=2117) to work on /home/airflow/.local/lib/python3.12/site-packages/airflow/example_dags/example_branch_labels.py
[2024-08-26T15:31:04.465+0000] {processor.py:914} INFO - Processing file /home/airflow/.local/lib/python3.12/site-packages/airflow/example_dags/example_branch_labels.py for tasks to queue
[2024-08-26T15:31:04.471+0000] {logging_mixin.py:190} INFO - [2024-08-26T15:31:04.469+0000] {dagbag.py:587} INFO - Filling up the DagBag from /home/airflow/.local/lib/python3.12/site-packages/airflow/example_dags/example_branch_labels.py
[2024-08-26T15:31:04.516+0000] {processor.py:925} INFO - DAG(s) 'example_branch_labels' retrieved from /home/airflow/.local/lib/python3.12/site-packages/airflow/example_dags/example_branch_labels.py
[2024-08-26T15:31:04.608+0000] {logging_mixin.py:190} INFO - [2024-08-26T15:31:04.607+0000] {dag.py:3211} INFO - Sync 1 DAGs
[2024-08-26T15:31:04.777+0000] {logging_mixin.py:190} INFO - [2024-08-26T15:31:04.776+0000] {dag.py:4138} INFO - Setting next_dagrun for example_branch_labels to 2024-08-25 00:00:00+00:00, run_after=2024-08-26 00:00:00+00:00
[2024-08-26T15:31:04.839+0000] {processor.py:208} INFO - Processing /home/airflow/.local/lib/python3.12/site-packages/airflow/example_dags/example_branch_labels.py took 0.410 seconds
[2024-08-26T15:31:56.455+0000] {processor.py:186} INFO - Started process (PID=2188) to work on /home/airflow/.local/lib/python3.12/site-packages/airflow/example_dags/example_branch_labels.py
[2024-08-26T15:31:56.459+0000] {processor.py:914} INFO - Processing file /home/airflow/.local/lib/python3.12/site-packages/airflow/example_dags/example_branch_labels.py for tasks to queue
[2024-08-26T15:31:56.465+0000] {logging_mixin.py:190} INFO - [2024-08-26T15:31:56.464+0000] {dagbag.py:587} INFO - Filling up the DagBag from /home/airflow/.local/lib/python3.12/site-packages/airflow/example_dags/example_branch_labels.py
[2024-08-26T15:31:56.508+0000] {processor.py:925} INFO - DAG(s) 'example_branch_labels' retrieved from /home/airflow/.local/lib/python3.12/site-packages/airflow/example_dags/example_branch_labels.py
[2024-08-26T15:31:56.610+0000] {logging_mixin.py:190} INFO - [2024-08-26T15:31:56.610+0000] {dag.py:3211} INFO - Sync 1 DAGs
[2024-08-26T15:31:56.739+0000] {logging_mixin.py:190} INFO - [2024-08-26T15:31:56.738+0000] {dag.py:4138} INFO - Setting next_dagrun for example_branch_labels to 2024-08-25 00:00:00+00:00, run_after=2024-08-26 00:00:00+00:00
[2024-08-26T15:31:56.812+0000] {processor.py:208} INFO - Processing /home/airflow/.local/lib/python3.12/site-packages/airflow/example_dags/example_branch_labels.py took 0.383 seconds
[2024-08-26T15:33:12.953+0000] {processor.py:186} INFO - Started process (PID=2264) to work on /home/airflow/.local/lib/python3.12/site-packages/airflow/example_dags/example_branch_labels.py
[2024-08-26T15:33:12.960+0000] {processor.py:914} INFO - Processing file /home/airflow/.local/lib/python3.12/site-packages/airflow/example_dags/example_branch_labels.py for tasks to queue
[2024-08-26T15:33:12.970+0000] {logging_mixin.py:190} INFO - [2024-08-26T15:33:12.969+0000] {dagbag.py:587} INFO - Filling up the DagBag from /home/airflow/.local/lib/python3.12/site-packages/airflow/example_dags/example_branch_labels.py
[2024-08-26T15:33:13.073+0000] {processor.py:925} INFO - DAG(s) 'example_branch_labels' retrieved from /home/airflow/.local/lib/python3.12/site-packages/airflow/example_dags/example_branch_labels.py
[2024-08-26T15:33:14.816+0000] {logging_mixin.py:190} INFO - [2024-08-26T15:33:14.811+0000] {dag.py:3211} INFO - Sync 1 DAGs
[2024-08-26T15:33:15.254+0000] {logging_mixin.py:190} INFO - [2024-08-26T15:33:15.249+0000] {dag.py:4138} INFO - Setting next_dagrun for example_branch_labels to 2024-08-25 00:00:00+00:00, run_after=2024-08-26 00:00:00+00:00
[2024-08-26T15:33:15.551+0000] {processor.py:208} INFO - Processing /home/airflow/.local/lib/python3.12/site-packages/airflow/example_dags/example_branch_labels.py took 2.675 seconds
[2024-08-26T15:39:01.875+0000] {processor.py:186} INFO - Started process (PID=2394) to work on /home/airflow/.local/lib/python3.12/site-packages/airflow/example_dags/example_branch_labels.py
[2024-08-26T15:39:01.880+0000] {processor.py:914} INFO - Processing file /home/airflow/.local/lib/python3.12/site-packages/airflow/example_dags/example_branch_labels.py for tasks to queue
[2024-08-26T15:39:01.885+0000] {logging_mixin.py:190} INFO - [2024-08-26T15:39:01.884+0000] {dagbag.py:587} INFO - Filling up the DagBag from /home/airflow/.local/lib/python3.12/site-packages/airflow/example_dags/example_branch_labels.py
[2024-08-26T15:39:01.920+0000] {processor.py:925} INFO - DAG(s) 'example_branch_labels' retrieved from /home/airflow/.local/lib/python3.12/site-packages/airflow/example_dags/example_branch_labels.py
[2024-08-26T15:39:02.028+0000] {logging_mixin.py:190} INFO - [2024-08-26T15:39:02.027+0000] {dag.py:3211} INFO - Sync 1 DAGs
[2024-08-26T15:39:02.129+0000] {logging_mixin.py:190} INFO - [2024-08-26T15:39:02.128+0000] {dag.py:4138} INFO - Setting next_dagrun for example_branch_labels to 2024-08-25 00:00:00+00:00, run_after=2024-08-26 00:00:00+00:00
[2024-08-26T15:39:02.187+0000] {processor.py:208} INFO - Processing /home/airflow/.local/lib/python3.12/site-packages/airflow/example_dags/example_branch_labels.py took 0.339 seconds
[2024-08-26T15:39:35.448+0000] {processor.py:186} INFO - Started process (PID=2460) to work on /home/airflow/.local/lib/python3.12/site-packages/airflow/example_dags/example_branch_labels.py
[2024-08-26T15:39:35.451+0000] {processor.py:914} INFO - Processing file /home/airflow/.local/lib/python3.12/site-packages/airflow/example_dags/example_branch_labels.py for tasks to queue
[2024-08-26T15:39:35.454+0000] {logging_mixin.py:190} INFO - [2024-08-26T15:39:35.454+0000] {dagbag.py:587} INFO - Filling up the DagBag from /home/airflow/.local/lib/python3.12/site-packages/airflow/example_dags/example_branch_labels.py
[2024-08-26T15:39:35.473+0000] {processor.py:925} INFO - DAG(s) 'example_branch_labels' retrieved from /home/airflow/.local/lib/python3.12/site-packages/airflow/example_dags/example_branch_labels.py
[2024-08-26T15:39:35.522+0000] {logging_mixin.py:190} INFO - [2024-08-26T15:39:35.521+0000] {dag.py:3211} INFO - Sync 1 DAGs
[2024-08-26T15:39:35.573+0000] {logging_mixin.py:190} INFO - [2024-08-26T15:39:35.572+0000] {dag.py:4138} INFO - Setting next_dagrun for example_branch_labels to 2024-08-25 00:00:00+00:00, run_after=2024-08-26 00:00:00+00:00
[2024-08-26T15:39:35.609+0000] {processor.py:208} INFO - Processing /home/airflow/.local/lib/python3.12/site-packages/airflow/example_dags/example_branch_labels.py took 0.176 seconds
[2024-08-26T15:40:23.375+0000] {processor.py:186} INFO - Started process (PID=2527) to work on /home/airflow/.local/lib/python3.12/site-packages/airflow/example_dags/example_branch_labels.py
[2024-08-26T15:40:23.378+0000] {processor.py:914} INFO - Processing file /home/airflow/.local/lib/python3.12/site-packages/airflow/example_dags/example_branch_labels.py for tasks to queue
[2024-08-26T15:40:23.381+0000] {logging_mixin.py:190} INFO - [2024-08-26T15:40:23.380+0000] {dagbag.py:587} INFO - Filling up the DagBag from /home/airflow/.local/lib/python3.12/site-packages/airflow/example_dags/example_branch_labels.py
[2024-08-26T15:40:23.399+0000] {processor.py:925} INFO - DAG(s) 'example_branch_labels' retrieved from /home/airflow/.local/lib/python3.12/site-packages/airflow/example_dags/example_branch_labels.py
[2024-08-26T15:40:23.452+0000] {logging_mixin.py:190} INFO - [2024-08-26T15:40:23.451+0000] {dag.py:3211} INFO - Sync 1 DAGs
[2024-08-26T15:40:23.520+0000] {logging_mixin.py:190} INFO - [2024-08-26T15:40:23.519+0000] {dag.py:4138} INFO - Setting next_dagrun for example_branch_labels to 2024-08-25 00:00:00+00:00, run_after=2024-08-26 00:00:00+00:00
[2024-08-26T15:40:23.558+0000] {processor.py:208} INFO - Processing /home/airflow/.local/lib/python3.12/site-packages/airflow/example_dags/example_branch_labels.py took 0.197 seconds
[2024-08-26T15:41:15.030+0000] {processor.py:186} INFO - Started process (PID=2599) to work on /home/airflow/.local/lib/python3.12/site-packages/airflow/example_dags/example_branch_labels.py
[2024-08-26T15:41:15.034+0000] {processor.py:914} INFO - Processing file /home/airflow/.local/lib/python3.12/site-packages/airflow/example_dags/example_branch_labels.py for tasks to queue
[2024-08-26T15:41:15.041+0000] {logging_mixin.py:190} INFO - [2024-08-26T15:41:15.040+0000] {dagbag.py:587} INFO - Filling up the DagBag from /home/airflow/.local/lib/python3.12/site-packages/airflow/example_dags/example_branch_labels.py
[2024-08-26T15:41:15.077+0000] {processor.py:925} INFO - DAG(s) 'example_branch_labels' retrieved from /home/airflow/.local/lib/python3.12/site-packages/airflow/example_dags/example_branch_labels.py
[2024-08-26T15:41:15.176+0000] {logging_mixin.py:190} INFO - [2024-08-26T15:41:15.175+0000] {dag.py:3211} INFO - Sync 1 DAGs
[2024-08-26T15:41:15.277+0000] {logging_mixin.py:190} INFO - [2024-08-26T15:41:15.276+0000] {dag.py:4138} INFO - Setting next_dagrun for example_branch_labels to 2024-08-25 00:00:00+00:00, run_after=2024-08-26 00:00:00+00:00
[2024-08-26T15:41:15.364+0000] {processor.py:208} INFO - Processing /home/airflow/.local/lib/python3.12/site-packages/airflow/example_dags/example_branch_labels.py took 0.357 seconds
[2024-08-26T15:44:03.415+0000] {processor.py:186} INFO - Started process (PID=2699) to work on /home/airflow/.local/lib/python3.12/site-packages/airflow/example_dags/example_branch_labels.py
[2024-08-26T15:44:03.419+0000] {processor.py:914} INFO - Processing file /home/airflow/.local/lib/python3.12/site-packages/airflow/example_dags/example_branch_labels.py for tasks to queue
[2024-08-26T15:44:03.424+0000] {logging_mixin.py:190} INFO - [2024-08-26T15:44:03.423+0000] {dagbag.py:587} INFO - Filling up the DagBag from /home/airflow/.local/lib/python3.12/site-packages/airflow/example_dags/example_branch_labels.py
[2024-08-26T15:44:03.462+0000] {processor.py:925} INFO - DAG(s) 'example_branch_labels' retrieved from /home/airflow/.local/lib/python3.12/site-packages/airflow/example_dags/example_branch_labels.py
[2024-08-26T15:44:03.554+0000] {logging_mixin.py:190} INFO - [2024-08-26T15:44:03.554+0000] {dag.py:3211} INFO - Sync 1 DAGs
[2024-08-26T15:44:03.644+0000] {logging_mixin.py:190} INFO - [2024-08-26T15:44:03.643+0000] {dag.py:4138} INFO - Setting next_dagrun for example_branch_labels to 2024-08-25 00:00:00+00:00, run_after=2024-08-26 00:00:00+00:00
[2024-08-26T15:44:03.708+0000] {processor.py:208} INFO - Processing /home/airflow/.local/lib/python3.12/site-packages/airflow/example_dags/example_branch_labels.py took 0.321 seconds
[2024-08-26T15:44:43.312+0000] {processor.py:186} INFO - Started process (PID=2766) to work on /home/airflow/.local/lib/python3.12/site-packages/airflow/example_dags/example_branch_labels.py
[2024-08-26T15:44:43.315+0000] {processor.py:914} INFO - Processing file /home/airflow/.local/lib/python3.12/site-packages/airflow/example_dags/example_branch_labels.py for tasks to queue
[2024-08-26T15:44:43.318+0000] {logging_mixin.py:190} INFO - [2024-08-26T15:44:43.317+0000] {dagbag.py:587} INFO - Filling up the DagBag from /home/airflow/.local/lib/python3.12/site-packages/airflow/example_dags/example_branch_labels.py
[2024-08-26T15:44:43.336+0000] {processor.py:925} INFO - DAG(s) 'example_branch_labels' retrieved from /home/airflow/.local/lib/python3.12/site-packages/airflow/example_dags/example_branch_labels.py
[2024-08-26T15:44:43.387+0000] {logging_mixin.py:190} INFO - [2024-08-26T15:44:43.387+0000] {dag.py:3211} INFO - Sync 1 DAGs
[2024-08-26T15:44:43.439+0000] {logging_mixin.py:190} INFO - [2024-08-26T15:44:43.439+0000] {dag.py:4138} INFO - Setting next_dagrun for example_branch_labels to 2024-08-25 00:00:00+00:00, run_after=2024-08-26 00:00:00+00:00
[2024-08-26T15:44:43.475+0000] {processor.py:208} INFO - Processing /home/airflow/.local/lib/python3.12/site-packages/airflow/example_dags/example_branch_labels.py took 0.179 seconds
[2024-08-26T15:45:19.492+0000] {processor.py:186} INFO - Started process (PID=2832) to work on /home/airflow/.local/lib/python3.12/site-packages/airflow/example_dags/example_branch_labels.py
[2024-08-26T15:45:19.494+0000] {processor.py:914} INFO - Processing file /home/airflow/.local/lib/python3.12/site-packages/airflow/example_dags/example_branch_labels.py for tasks to queue
[2024-08-26T15:45:19.496+0000] {logging_mixin.py:190} INFO - [2024-08-26T15:45:19.495+0000] {dagbag.py:587} INFO - Filling up the DagBag from /home/airflow/.local/lib/python3.12/site-packages/airflow/example_dags/example_branch_labels.py
[2024-08-26T15:45:19.508+0000] {processor.py:925} INFO - DAG(s) 'example_branch_labels' retrieved from /home/airflow/.local/lib/python3.12/site-packages/airflow/example_dags/example_branch_labels.py
[2024-08-26T15:45:19.541+0000] {logging_mixin.py:190} INFO - [2024-08-26T15:45:19.540+0000] {dag.py:3211} INFO - Sync 1 DAGs
[2024-08-26T15:45:19.574+0000] {logging_mixin.py:190} INFO - [2024-08-26T15:45:19.574+0000] {dag.py:4138} INFO - Setting next_dagrun for example_branch_labels to 2024-08-25 00:00:00+00:00, run_after=2024-08-26 00:00:00+00:00
[2024-08-26T15:45:19.599+0000] {processor.py:208} INFO - Processing /home/airflow/.local/lib/python3.12/site-packages/airflow/example_dags/example_branch_labels.py took 0.117 seconds
[2024-08-26T15:46:06.054+0000] {processor.py:186} INFO - Started process (PID=2904) to work on /home/airflow/.local/lib/python3.12/site-packages/airflow/example_dags/example_branch_labels.py
[2024-08-26T15:46:06.059+0000] {processor.py:914} INFO - Processing file /home/airflow/.local/lib/python3.12/site-packages/airflow/example_dags/example_branch_labels.py for tasks to queue
[2024-08-26T15:46:06.064+0000] {logging_mixin.py:190} INFO - [2024-08-26T15:46:06.063+0000] {dagbag.py:587} INFO - Filling up the DagBag from /home/airflow/.local/lib/python3.12/site-packages/airflow/example_dags/example_branch_labels.py
[2024-08-26T15:46:06.112+0000] {processor.py:925} INFO - DAG(s) 'example_branch_labels' retrieved from /home/airflow/.local/lib/python3.12/site-packages/airflow/example_dags/example_branch_labels.py
[2024-08-26T15:46:06.232+0000] {logging_mixin.py:190} INFO - [2024-08-26T15:46:06.231+0000] {dag.py:3211} INFO - Sync 1 DAGs
[2024-08-26T15:46:06.379+0000] {logging_mixin.py:190} INFO - [2024-08-26T15:46:06.378+0000] {dag.py:4138} INFO - Setting next_dagrun for example_branch_labels to 2024-08-25 00:00:00+00:00, run_after=2024-08-26 00:00:00+00:00
[2024-08-26T15:46:06.481+0000] {processor.py:208} INFO - Processing /home/airflow/.local/lib/python3.12/site-packages/airflow/example_dags/example_branch_labels.py took 0.455 seconds
[2024-08-26T15:48:17.149+0000] {processor.py:186} INFO - Started process (PID=2992) to work on /home/airflow/.local/lib/python3.12/site-packages/airflow/example_dags/example_branch_labels.py
[2024-08-26T15:48:17.154+0000] {processor.py:914} INFO - Processing file /home/airflow/.local/lib/python3.12/site-packages/airflow/example_dags/example_branch_labels.py for tasks to queue
[2024-08-26T15:48:17.160+0000] {logging_mixin.py:190} INFO - [2024-08-26T15:48:17.159+0000] {dagbag.py:587} INFO - Filling up the DagBag from /home/airflow/.local/lib/python3.12/site-packages/airflow/example_dags/example_branch_labels.py
[2024-08-26T15:48:17.201+0000] {processor.py:925} INFO - DAG(s) 'example_branch_labels' retrieved from /home/airflow/.local/lib/python3.12/site-packages/airflow/example_dags/example_branch_labels.py
[2024-08-26T15:48:17.306+0000] {logging_mixin.py:190} INFO - [2024-08-26T15:48:17.305+0000] {dag.py:3211} INFO - Sync 1 DAGs
[2024-08-26T15:48:17.441+0000] {logging_mixin.py:190} INFO - [2024-08-26T15:48:17.440+0000] {dag.py:4138} INFO - Setting next_dagrun for example_branch_labels to 2024-08-25 00:00:00+00:00, run_after=2024-08-26 00:00:00+00:00
[2024-08-26T15:48:17.598+0000] {processor.py:208} INFO - Processing /home/airflow/.local/lib/python3.12/site-packages/airflow/example_dags/example_branch_labels.py took 0.480 seconds
[2024-08-26T15:51:13.941+0000] {processor.py:186} INFO - Started process (PID=3091) to work on /home/airflow/.local/lib/python3.12/site-packages/airflow/example_dags/example_branch_labels.py
[2024-08-26T15:51:13.961+0000] {processor.py:914} INFO - Processing file /home/airflow/.local/lib/python3.12/site-packages/airflow/example_dags/example_branch_labels.py for tasks to queue
[2024-08-26T15:51:13.982+0000] {logging_mixin.py:190} INFO - [2024-08-26T15:51:13.979+0000] {dagbag.py:587} INFO - Filling up the DagBag from /home/airflow/.local/lib/python3.12/site-packages/airflow/example_dags/example_branch_labels.py
[2024-08-26T15:51:14.080+0000] {processor.py:925} INFO - DAG(s) 'example_branch_labels' retrieved from /home/airflow/.local/lib/python3.12/site-packages/airflow/example_dags/example_branch_labels.py
[2024-08-26T15:51:14.312+0000] {logging_mixin.py:190} INFO - [2024-08-26T15:51:14.311+0000] {dag.py:3211} INFO - Sync 1 DAGs
[2024-08-26T15:51:14.688+0000] {logging_mixin.py:190} INFO - [2024-08-26T15:51:14.686+0000] {dag.py:4138} INFO - Setting next_dagrun for example_branch_labels to 2024-08-25 00:00:00+00:00, run_after=2024-08-26 00:00:00+00:00
[2024-08-26T15:51:14.913+0000] {processor.py:208} INFO - Processing /home/airflow/.local/lib/python3.12/site-packages/airflow/example_dags/example_branch_labels.py took 1.052 seconds
[2024-08-26T15:51:53.957+0000] {processor.py:186} INFO - Started process (PID=3157) to work on /home/airflow/.local/lib/python3.12/site-packages/airflow/example_dags/example_branch_labels.py
[2024-08-26T15:51:53.960+0000] {processor.py:914} INFO - Processing file /home/airflow/.local/lib/python3.12/site-packages/airflow/example_dags/example_branch_labels.py for tasks to queue
[2024-08-26T15:51:53.964+0000] {logging_mixin.py:190} INFO - [2024-08-26T15:51:53.963+0000] {dagbag.py:587} INFO - Filling up the DagBag from /home/airflow/.local/lib/python3.12/site-packages/airflow/example_dags/example_branch_labels.py
[2024-08-26T15:51:53.982+0000] {processor.py:925} INFO - DAG(s) 'example_branch_labels' retrieved from /home/airflow/.local/lib/python3.12/site-packages/airflow/example_dags/example_branch_labels.py
[2024-08-26T15:51:54.034+0000] {logging_mixin.py:190} INFO - [2024-08-26T15:51:54.034+0000] {dag.py:3211} INFO - Sync 1 DAGs
[2024-08-26T15:51:54.086+0000] {logging_mixin.py:190} INFO - [2024-08-26T15:51:54.085+0000] {dag.py:4138} INFO - Setting next_dagrun for example_branch_labels to 2024-08-25 00:00:00+00:00, run_after=2024-08-26 00:00:00+00:00
[2024-08-26T15:51:54.124+0000] {processor.py:208} INFO - Processing /home/airflow/.local/lib/python3.12/site-packages/airflow/example_dags/example_branch_labels.py took 0.181 seconds
[2024-08-26T15:52:36.293+0000] {processor.py:186} INFO - Started process (PID=3224) to work on /home/airflow/.local/lib/python3.12/site-packages/airflow/example_dags/example_branch_labels.py
[2024-08-26T15:52:36.296+0000] {processor.py:914} INFO - Processing file /home/airflow/.local/lib/python3.12/site-packages/airflow/example_dags/example_branch_labels.py for tasks to queue
[2024-08-26T15:52:36.301+0000] {logging_mixin.py:190} INFO - [2024-08-26T15:52:36.300+0000] {dagbag.py:587} INFO - Filling up the DagBag from /home/airflow/.local/lib/python3.12/site-packages/airflow/example_dags/example_branch_labels.py
[2024-08-26T15:52:36.324+0000] {processor.py:925} INFO - DAG(s) 'example_branch_labels' retrieved from /home/airflow/.local/lib/python3.12/site-packages/airflow/example_dags/example_branch_labels.py
[2024-08-26T15:52:36.382+0000] {logging_mixin.py:190} INFO - [2024-08-26T15:52:36.381+0000] {dag.py:3211} INFO - Sync 1 DAGs
[2024-08-26T15:52:36.444+0000] {logging_mixin.py:190} INFO - [2024-08-26T15:52:36.443+0000] {dag.py:4138} INFO - Setting next_dagrun for example_branch_labels to 2024-08-25 00:00:00+00:00, run_after=2024-08-26 00:00:00+00:00
[2024-08-26T15:52:36.486+0000] {processor.py:208} INFO - Processing /home/airflow/.local/lib/python3.12/site-packages/airflow/example_dags/example_branch_labels.py took 0.208 seconds
