[2024-08-26T10:34:45.449+0000] {processor.py:186} INFO - Started process (PID=95) to work on /home/airflow/.local/lib/python3.12/site-packages/airflow/example_dags/example_setup_teardown.py
[2024-08-26T10:34:45.451+0000] {processor.py:914} INFO - Processing file /home/airflow/.local/lib/python3.12/site-packages/airflow/example_dags/example_setup_teardown.py for tasks to queue
[2024-08-26T10:34:45.455+0000] {logging_mixin.py:190} INFO - [2024-08-26T10:34:45.454+0000] {dagbag.py:587} INFO - Filling up the DagBag from /home/airflow/.local/lib/python3.12/site-packages/airflow/example_dags/example_setup_teardown.py
[2024-08-26T10:34:45.467+0000] {processor.py:925} INFO - DAG(s) 'example_setup_teardown' retrieved from /home/airflow/.local/lib/python3.12/site-packages/airflow/example_dags/example_setup_teardown.py
[2024-08-26T10:34:45.511+0000] {logging_mixin.py:190} INFO - [2024-08-26T10:34:45.511+0000] {dag.py:3211} INFO - Sync 1 DAGs
[2024-08-26T10:34:45.543+0000] {logging_mixin.py:190} INFO - [2024-08-26T10:34:45.543+0000] {dag.py:4138} INFO - Setting next_dagrun for example_setup_teardown to 2024-08-25 00:00:00+00:00, run_after=2024-08-26 00:00:00+00:00
[2024-08-26T10:34:45.591+0000] {processor.py:208} INFO - Processing /home/airflow/.local/lib/python3.12/site-packages/airflow/example_dags/example_setup_teardown.py took 0.150 seconds
[2024-08-26T10:35:28.507+0000] {processor.py:186} INFO - Started process (PID=167) to work on /home/airflow/.local/lib/python3.12/site-packages/airflow/example_dags/example_setup_teardown.py
[2024-08-26T10:35:28.509+0000] {processor.py:914} INFO - Processing file /home/airflow/.local/lib/python3.12/site-packages/airflow/example_dags/example_setup_teardown.py for tasks to queue
[2024-08-26T10:35:28.512+0000] {logging_mixin.py:190} INFO - [2024-08-26T10:35:28.512+0000] {dagbag.py:587} INFO - Filling up the DagBag from /home/airflow/.local/lib/python3.12/site-packages/airflow/example_dags/example_setup_teardown.py
[2024-08-26T10:35:28.524+0000] {processor.py:925} INFO - DAG(s) 'example_setup_teardown' retrieved from /home/airflow/.local/lib/python3.12/site-packages/airflow/example_dags/example_setup_teardown.py
[2024-08-26T10:35:28.553+0000] {logging_mixin.py:190} INFO - [2024-08-26T10:35:28.553+0000] {dag.py:3211} INFO - Sync 1 DAGs
[2024-08-26T10:35:28.587+0000] {logging_mixin.py:190} INFO - [2024-08-26T10:35:28.586+0000] {dag.py:4138} INFO - Setting next_dagrun for example_setup_teardown to 2024-08-25 00:00:00+00:00, run_after=2024-08-26 00:00:00+00:00
[2024-08-26T10:35:28.613+0000] {processor.py:208} INFO - Processing /home/airflow/.local/lib/python3.12/site-packages/airflow/example_dags/example_setup_teardown.py took 0.116 seconds
[2024-08-26T10:38:04.931+0000] {processor.py:186} INFO - Started process (PID=95) to work on /home/airflow/.local/lib/python3.12/site-packages/airflow/example_dags/example_setup_teardown.py
[2024-08-26T10:38:04.933+0000] {processor.py:914} INFO - Processing file /home/airflow/.local/lib/python3.12/site-packages/airflow/example_dags/example_setup_teardown.py for tasks to queue
[2024-08-26T10:38:04.937+0000] {logging_mixin.py:190} INFO - [2024-08-26T10:38:04.936+0000] {dagbag.py:587} INFO - Filling up the DagBag from /home/airflow/.local/lib/python3.12/site-packages/airflow/example_dags/example_setup_teardown.py
[2024-08-26T10:38:04.951+0000] {processor.py:925} INFO - DAG(s) 'example_setup_teardown' retrieved from /home/airflow/.local/lib/python3.12/site-packages/airflow/example_dags/example_setup_teardown.py
[2024-08-26T10:38:04.984+0000] {logging_mixin.py:190} INFO - [2024-08-26T10:38:04.984+0000] {dag.py:3211} INFO - Sync 1 DAGs
[2024-08-26T10:38:05.017+0000] {logging_mixin.py:190} INFO - [2024-08-26T10:38:05.017+0000] {dag.py:4138} INFO - Setting next_dagrun for example_setup_teardown to 2024-08-25 00:00:00+00:00, run_after=2024-08-26 00:00:00+00:00
[2024-08-26T10:38:05.041+0000] {processor.py:208} INFO - Processing /home/airflow/.local/lib/python3.12/site-packages/airflow/example_dags/example_setup_teardown.py took 0.118 seconds
[2024-08-26T10:38:44.599+0000] {processor.py:186} INFO - Started process (PID=161) to work on /home/airflow/.local/lib/python3.12/site-packages/airflow/example_dags/example_setup_teardown.py
[2024-08-26T10:38:44.602+0000] {processor.py:914} INFO - Processing file /home/airflow/.local/lib/python3.12/site-packages/airflow/example_dags/example_setup_teardown.py for tasks to queue
[2024-08-26T10:38:44.606+0000] {logging_mixin.py:190} INFO - [2024-08-26T10:38:44.605+0000] {dagbag.py:587} INFO - Filling up the DagBag from /home/airflow/.local/lib/python3.12/site-packages/airflow/example_dags/example_setup_teardown.py
[2024-08-26T10:38:44.619+0000] {processor.py:925} INFO - DAG(s) 'example_setup_teardown' retrieved from /home/airflow/.local/lib/python3.12/site-packages/airflow/example_dags/example_setup_teardown.py
[2024-08-26T10:38:44.647+0000] {logging_mixin.py:190} INFO - [2024-08-26T10:38:44.647+0000] {dag.py:3211} INFO - Sync 1 DAGs
[2024-08-26T10:38:44.679+0000] {logging_mixin.py:190} INFO - [2024-08-26T10:38:44.679+0000] {dag.py:4138} INFO - Setting next_dagrun for example_setup_teardown to 2024-08-25 00:00:00+00:00, run_after=2024-08-26 00:00:00+00:00
[2024-08-26T10:38:44.705+0000] {processor.py:208} INFO - Processing /home/airflow/.local/lib/python3.12/site-packages/airflow/example_dags/example_setup_teardown.py took 0.115 seconds
[2024-08-26T10:39:23.282+0000] {processor.py:186} INFO - Started process (PID=227) to work on /home/airflow/.local/lib/python3.12/site-packages/airflow/example_dags/example_setup_teardown.py
[2024-08-26T10:39:23.283+0000] {processor.py:914} INFO - Processing file /home/airflow/.local/lib/python3.12/site-packages/airflow/example_dags/example_setup_teardown.py for tasks to queue
[2024-08-26T10:39:23.287+0000] {logging_mixin.py:190} INFO - [2024-08-26T10:39:23.286+0000] {dagbag.py:587} INFO - Filling up the DagBag from /home/airflow/.local/lib/python3.12/site-packages/airflow/example_dags/example_setup_teardown.py
[2024-08-26T10:39:23.299+0000] {processor.py:925} INFO - DAG(s) 'example_setup_teardown' retrieved from /home/airflow/.local/lib/python3.12/site-packages/airflow/example_dags/example_setup_teardown.py
[2024-08-26T10:39:23.327+0000] {logging_mixin.py:190} INFO - [2024-08-26T10:39:23.327+0000] {dag.py:3211} INFO - Sync 1 DAGs
[2024-08-26T10:39:23.359+0000] {logging_mixin.py:190} INFO - [2024-08-26T10:39:23.359+0000] {dag.py:4138} INFO - Setting next_dagrun for example_setup_teardown to 2024-08-25 00:00:00+00:00, run_after=2024-08-26 00:00:00+00:00
[2024-08-26T10:39:23.382+0000] {processor.py:208} INFO - Processing /home/airflow/.local/lib/python3.12/site-packages/airflow/example_dags/example_setup_teardown.py took 0.108 seconds
[2024-08-26T10:40:02.968+0000] {processor.py:186} INFO - Started process (PID=301) to work on /home/airflow/.local/lib/python3.12/site-packages/airflow/example_dags/example_setup_teardown.py
[2024-08-26T10:40:02.970+0000] {processor.py:914} INFO - Processing file /home/airflow/.local/lib/python3.12/site-packages/airflow/example_dags/example_setup_teardown.py for tasks to queue
[2024-08-26T10:40:02.973+0000] {logging_mixin.py:190} INFO - [2024-08-26T10:40:02.972+0000] {dagbag.py:587} INFO - Filling up the DagBag from /home/airflow/.local/lib/python3.12/site-packages/airflow/example_dags/example_setup_teardown.py
[2024-08-26T10:40:02.985+0000] {processor.py:925} INFO - DAG(s) 'example_setup_teardown' retrieved from /home/airflow/.local/lib/python3.12/site-packages/airflow/example_dags/example_setup_teardown.py
[2024-08-26T10:40:03.014+0000] {logging_mixin.py:190} INFO - [2024-08-26T10:40:03.014+0000] {dag.py:3211} INFO - Sync 1 DAGs
[2024-08-26T10:40:03.049+0000] {logging_mixin.py:190} INFO - [2024-08-26T10:40:03.049+0000] {dag.py:4138} INFO - Setting next_dagrun for example_setup_teardown to 2024-08-25 00:00:00+00:00, run_after=2024-08-26 00:00:00+00:00
[2024-08-26T10:40:03.078+0000] {processor.py:208} INFO - Processing /home/airflow/.local/lib/python3.12/site-packages/airflow/example_dags/example_setup_teardown.py took 0.118 seconds
[2024-08-26T10:40:46.393+0000] {processor.py:186} INFO - Started process (PID=369) to work on /home/airflow/.local/lib/python3.12/site-packages/airflow/example_dags/example_setup_teardown.py
[2024-08-26T10:40:46.396+0000] {processor.py:914} INFO - Processing file /home/airflow/.local/lib/python3.12/site-packages/airflow/example_dags/example_setup_teardown.py for tasks to queue
[2024-08-26T10:40:46.400+0000] {logging_mixin.py:190} INFO - [2024-08-26T10:40:46.400+0000] {dagbag.py:587} INFO - Filling up the DagBag from /home/airflow/.local/lib/python3.12/site-packages/airflow/example_dags/example_setup_teardown.py
[2024-08-26T10:40:46.413+0000] {processor.py:925} INFO - DAG(s) 'example_setup_teardown' retrieved from /home/airflow/.local/lib/python3.12/site-packages/airflow/example_dags/example_setup_teardown.py
[2024-08-26T10:40:46.442+0000] {logging_mixin.py:190} INFO - [2024-08-26T10:40:46.442+0000] {dag.py:3211} INFO - Sync 1 DAGs
[2024-08-26T10:40:46.473+0000] {logging_mixin.py:190} INFO - [2024-08-26T10:40:46.473+0000] {dag.py:4138} INFO - Setting next_dagrun for example_setup_teardown to 2024-08-25 00:00:00+00:00, run_after=2024-08-26 00:00:00+00:00
[2024-08-26T10:40:46.496+0000] {processor.py:208} INFO - Processing /home/airflow/.local/lib/python3.12/site-packages/airflow/example_dags/example_setup_teardown.py took 0.111 seconds
[2024-08-26T10:41:23.541+0000] {processor.py:186} INFO - Started process (PID=434) to work on /home/airflow/.local/lib/python3.12/site-packages/airflow/example_dags/example_setup_teardown.py
[2024-08-26T10:41:23.543+0000] {processor.py:914} INFO - Processing file /home/airflow/.local/lib/python3.12/site-packages/airflow/example_dags/example_setup_teardown.py for tasks to queue
[2024-08-26T10:41:23.548+0000] {logging_mixin.py:190} INFO - [2024-08-26T10:41:23.548+0000] {dagbag.py:587} INFO - Filling up the DagBag from /home/airflow/.local/lib/python3.12/site-packages/airflow/example_dags/example_setup_teardown.py
[2024-08-26T10:41:23.566+0000] {processor.py:925} INFO - DAG(s) 'example_setup_teardown' retrieved from /home/airflow/.local/lib/python3.12/site-packages/airflow/example_dags/example_setup_teardown.py
[2024-08-26T10:41:23.599+0000] {logging_mixin.py:190} INFO - [2024-08-26T10:41:23.598+0000] {dag.py:3211} INFO - Sync 1 DAGs
[2024-08-26T10:41:23.634+0000] {logging_mixin.py:190} INFO - [2024-08-26T10:41:23.634+0000] {dag.py:4138} INFO - Setting next_dagrun for example_setup_teardown to 2024-08-25 00:00:00+00:00, run_after=2024-08-26 00:00:00+00:00
[2024-08-26T10:41:23.663+0000] {processor.py:208} INFO - Processing /home/airflow/.local/lib/python3.12/site-packages/airflow/example_dags/example_setup_teardown.py took 0.129 seconds
[2024-08-26T10:42:09.508+0000] {processor.py:186} INFO - Started process (PID=506) to work on /home/airflow/.local/lib/python3.12/site-packages/airflow/example_dags/example_setup_teardown.py
[2024-08-26T10:42:09.510+0000] {processor.py:914} INFO - Processing file /home/airflow/.local/lib/python3.12/site-packages/airflow/example_dags/example_setup_teardown.py for tasks to queue
[2024-08-26T10:42:09.514+0000] {logging_mixin.py:190} INFO - [2024-08-26T10:42:09.514+0000] {dagbag.py:587} INFO - Filling up the DagBag from /home/airflow/.local/lib/python3.12/site-packages/airflow/example_dags/example_setup_teardown.py
[2024-08-26T10:42:09.526+0000] {processor.py:925} INFO - DAG(s) 'example_setup_teardown' retrieved from /home/airflow/.local/lib/python3.12/site-packages/airflow/example_dags/example_setup_teardown.py
[2024-08-26T10:42:09.556+0000] {logging_mixin.py:190} INFO - [2024-08-26T10:42:09.556+0000] {dag.py:3211} INFO - Sync 1 DAGs
[2024-08-26T10:42:09.590+0000] {logging_mixin.py:190} INFO - [2024-08-26T10:42:09.590+0000] {dag.py:4138} INFO - Setting next_dagrun for example_setup_teardown to 2024-08-25 00:00:00+00:00, run_after=2024-08-26 00:00:00+00:00
[2024-08-26T10:42:09.620+0000] {processor.py:208} INFO - Processing /home/airflow/.local/lib/python3.12/site-packages/airflow/example_dags/example_setup_teardown.py took 0.121 seconds
[2024-08-26T10:42:55.067+0000] {processor.py:186} INFO - Started process (PID=574) to work on /home/airflow/.local/lib/python3.12/site-packages/airflow/example_dags/example_setup_teardown.py
[2024-08-26T10:42:55.069+0000] {processor.py:914} INFO - Processing file /home/airflow/.local/lib/python3.12/site-packages/airflow/example_dags/example_setup_teardown.py for tasks to queue
[2024-08-26T10:42:55.071+0000] {logging_mixin.py:190} INFO - [2024-08-26T10:42:55.071+0000] {dagbag.py:587} INFO - Filling up the DagBag from /home/airflow/.local/lib/python3.12/site-packages/airflow/example_dags/example_setup_teardown.py
[2024-08-26T10:42:55.084+0000] {processor.py:925} INFO - DAG(s) 'example_setup_teardown' retrieved from /home/airflow/.local/lib/python3.12/site-packages/airflow/example_dags/example_setup_teardown.py
[2024-08-26T10:42:55.116+0000] {logging_mixin.py:190} INFO - [2024-08-26T10:42:55.116+0000] {dag.py:3211} INFO - Sync 1 DAGs
[2024-08-26T10:42:55.151+0000] {logging_mixin.py:190} INFO - [2024-08-26T10:42:55.151+0000] {dag.py:4138} INFO - Setting next_dagrun for example_setup_teardown to 2024-08-25 00:00:00+00:00, run_after=2024-08-26 00:00:00+00:00
[2024-08-26T10:42:55.178+0000] {processor.py:208} INFO - Processing /home/airflow/.local/lib/python3.12/site-packages/airflow/example_dags/example_setup_teardown.py took 0.118 seconds
[2024-08-26T10:43:37.778+0000] {processor.py:186} INFO - Started process (PID=652) to work on /home/airflow/.local/lib/python3.12/site-packages/airflow/example_dags/example_setup_teardown.py
[2024-08-26T10:43:37.780+0000] {processor.py:914} INFO - Processing file /home/airflow/.local/lib/python3.12/site-packages/airflow/example_dags/example_setup_teardown.py for tasks to queue
[2024-08-26T10:43:37.782+0000] {logging_mixin.py:190} INFO - [2024-08-26T10:43:37.782+0000] {dagbag.py:587} INFO - Filling up the DagBag from /home/airflow/.local/lib/python3.12/site-packages/airflow/example_dags/example_setup_teardown.py
[2024-08-26T10:43:37.795+0000] {processor.py:925} INFO - DAG(s) 'example_setup_teardown' retrieved from /home/airflow/.local/lib/python3.12/site-packages/airflow/example_dags/example_setup_teardown.py
[2024-08-26T10:43:37.824+0000] {logging_mixin.py:190} INFO - [2024-08-26T10:43:37.824+0000] {dag.py:3211} INFO - Sync 1 DAGs
[2024-08-26T10:43:37.858+0000] {logging_mixin.py:190} INFO - [2024-08-26T10:43:37.858+0000] {dag.py:4138} INFO - Setting next_dagrun for example_setup_teardown to 2024-08-25 00:00:00+00:00, run_after=2024-08-26 00:00:00+00:00
[2024-08-26T10:43:37.883+0000] {processor.py:208} INFO - Processing /home/airflow/.local/lib/python3.12/site-packages/airflow/example_dags/example_setup_teardown.py took 0.113 seconds
[2024-08-26T10:44:15.252+0000] {processor.py:186} INFO - Started process (PID=718) to work on /home/airflow/.local/lib/python3.12/site-packages/airflow/example_dags/example_setup_teardown.py
[2024-08-26T10:44:15.254+0000] {processor.py:914} INFO - Processing file /home/airflow/.local/lib/python3.12/site-packages/airflow/example_dags/example_setup_teardown.py for tasks to queue
[2024-08-26T10:44:15.256+0000] {logging_mixin.py:190} INFO - [2024-08-26T10:44:15.256+0000] {dagbag.py:587} INFO - Filling up the DagBag from /home/airflow/.local/lib/python3.12/site-packages/airflow/example_dags/example_setup_teardown.py
[2024-08-26T10:44:15.271+0000] {processor.py:925} INFO - DAG(s) 'example_setup_teardown' retrieved from /home/airflow/.local/lib/python3.12/site-packages/airflow/example_dags/example_setup_teardown.py
[2024-08-26T10:44:15.305+0000] {logging_mixin.py:190} INFO - [2024-08-26T10:44:15.305+0000] {dag.py:3211} INFO - Sync 1 DAGs
[2024-08-26T10:44:15.339+0000] {logging_mixin.py:190} INFO - [2024-08-26T10:44:15.338+0000] {dag.py:4138} INFO - Setting next_dagrun for example_setup_teardown to 2024-08-25 00:00:00+00:00, run_after=2024-08-26 00:00:00+00:00
[2024-08-26T10:44:15.369+0000] {processor.py:208} INFO - Processing /home/airflow/.local/lib/python3.12/site-packages/airflow/example_dags/example_setup_teardown.py took 0.126 seconds
[2024-08-26T10:44:54.645+0000] {processor.py:186} INFO - Started process (PID=785) to work on /home/airflow/.local/lib/python3.12/site-packages/airflow/example_dags/example_setup_teardown.py
[2024-08-26T10:44:54.647+0000] {processor.py:914} INFO - Processing file /home/airflow/.local/lib/python3.12/site-packages/airflow/example_dags/example_setup_teardown.py for tasks to queue
[2024-08-26T10:44:54.650+0000] {logging_mixin.py:190} INFO - [2024-08-26T10:44:54.649+0000] {dagbag.py:587} INFO - Filling up the DagBag from /home/airflow/.local/lib/python3.12/site-packages/airflow/example_dags/example_setup_teardown.py
[2024-08-26T10:44:54.675+0000] {processor.py:925} INFO - DAG(s) 'example_setup_teardown' retrieved from /home/airflow/.local/lib/python3.12/site-packages/airflow/example_dags/example_setup_teardown.py
[2024-08-26T10:44:54.717+0000] {logging_mixin.py:190} INFO - [2024-08-26T10:44:54.716+0000] {dag.py:3211} INFO - Sync 1 DAGs
[2024-08-26T10:44:54.755+0000] {logging_mixin.py:190} INFO - [2024-08-26T10:44:54.755+0000] {dag.py:4138} INFO - Setting next_dagrun for example_setup_teardown to 2024-08-25 00:00:00+00:00, run_after=2024-08-26 00:00:00+00:00
[2024-08-26T10:44:54.807+0000] {processor.py:208} INFO - Processing /home/airflow/.local/lib/python3.12/site-packages/airflow/example_dags/example_setup_teardown.py took 0.174 seconds
[2024-08-26T10:45:36.134+0000] {processor.py:186} INFO - Started process (PID=866) to work on /home/airflow/.local/lib/python3.12/site-packages/airflow/example_dags/example_setup_teardown.py
[2024-08-26T10:45:36.137+0000] {processor.py:914} INFO - Processing file /home/airflow/.local/lib/python3.12/site-packages/airflow/example_dags/example_setup_teardown.py for tasks to queue
[2024-08-26T10:45:36.140+0000] {logging_mixin.py:190} INFO - [2024-08-26T10:45:36.139+0000] {dagbag.py:587} INFO - Filling up the DagBag from /home/airflow/.local/lib/python3.12/site-packages/airflow/example_dags/example_setup_teardown.py
[2024-08-26T10:45:36.158+0000] {processor.py:925} INFO - DAG(s) 'example_setup_teardown' retrieved from /home/airflow/.local/lib/python3.12/site-packages/airflow/example_dags/example_setup_teardown.py
[2024-08-26T10:45:36.191+0000] {logging_mixin.py:190} INFO - [2024-08-26T10:45:36.191+0000] {dag.py:3211} INFO - Sync 1 DAGs
[2024-08-26T10:45:36.229+0000] {logging_mixin.py:190} INFO - [2024-08-26T10:45:36.229+0000] {dag.py:4138} INFO - Setting next_dagrun for example_setup_teardown to 2024-08-25 00:00:00+00:00, run_after=2024-08-26 00:00:00+00:00
[2024-08-26T10:45:36.258+0000] {processor.py:208} INFO - Processing /home/airflow/.local/lib/python3.12/site-packages/airflow/example_dags/example_setup_teardown.py took 0.135 seconds
[2024-08-26T10:46:14.479+0000] {processor.py:186} INFO - Started process (PID=932) to work on /home/airflow/.local/lib/python3.12/site-packages/airflow/example_dags/example_setup_teardown.py
[2024-08-26T10:46:14.482+0000] {processor.py:914} INFO - Processing file /home/airflow/.local/lib/python3.12/site-packages/airflow/example_dags/example_setup_teardown.py for tasks to queue
[2024-08-26T10:46:14.486+0000] {logging_mixin.py:190} INFO - [2024-08-26T10:46:14.484+0000] {dagbag.py:587} INFO - Filling up the DagBag from /home/airflow/.local/lib/python3.12/site-packages/airflow/example_dags/example_setup_teardown.py
[2024-08-26T10:46:14.510+0000] {processor.py:925} INFO - DAG(s) 'example_setup_teardown' retrieved from /home/airflow/.local/lib/python3.12/site-packages/airflow/example_dags/example_setup_teardown.py
[2024-08-26T10:46:14.567+0000] {logging_mixin.py:190} INFO - [2024-08-26T10:46:14.567+0000] {dag.py:3211} INFO - Sync 1 DAGs
[2024-08-26T10:46:14.623+0000] {logging_mixin.py:190} INFO - [2024-08-26T10:46:14.623+0000] {dag.py:4138} INFO - Setting next_dagrun for example_setup_teardown to 2024-08-25 00:00:00+00:00, run_after=2024-08-26 00:00:00+00:00
[2024-08-26T10:46:14.648+0000] {processor.py:208} INFO - Processing /home/airflow/.local/lib/python3.12/site-packages/airflow/example_dags/example_setup_teardown.py took 0.185 seconds
[2024-08-26T10:46:53.263+0000] {processor.py:186} INFO - Started process (PID=998) to work on /home/airflow/.local/lib/python3.12/site-packages/airflow/example_dags/example_setup_teardown.py
[2024-08-26T10:46:53.265+0000] {processor.py:914} INFO - Processing file /home/airflow/.local/lib/python3.12/site-packages/airflow/example_dags/example_setup_teardown.py for tasks to queue
[2024-08-26T10:46:53.268+0000] {logging_mixin.py:190} INFO - [2024-08-26T10:46:53.267+0000] {dagbag.py:587} INFO - Filling up the DagBag from /home/airflow/.local/lib/python3.12/site-packages/airflow/example_dags/example_setup_teardown.py
[2024-08-26T10:46:53.292+0000] {processor.py:925} INFO - DAG(s) 'example_setup_teardown' retrieved from /home/airflow/.local/lib/python3.12/site-packages/airflow/example_dags/example_setup_teardown.py
[2024-08-26T10:46:53.334+0000] {logging_mixin.py:190} INFO - [2024-08-26T10:46:53.334+0000] {dag.py:3211} INFO - Sync 1 DAGs
[2024-08-26T10:46:53.380+0000] {logging_mixin.py:190} INFO - [2024-08-26T10:46:53.380+0000] {dag.py:4138} INFO - Setting next_dagrun for example_setup_teardown to 2024-08-25 00:00:00+00:00, run_after=2024-08-26 00:00:00+00:00
[2024-08-26T10:46:53.408+0000] {processor.py:208} INFO - Processing /home/airflow/.local/lib/python3.12/site-packages/airflow/example_dags/example_setup_teardown.py took 0.158 seconds
[2024-08-26T10:47:46.295+0000] {processor.py:186} INFO - Started process (PID=1081) to work on /home/airflow/.local/lib/python3.12/site-packages/airflow/example_dags/example_setup_teardown.py
[2024-08-26T10:47:46.297+0000] {processor.py:914} INFO - Processing file /home/airflow/.local/lib/python3.12/site-packages/airflow/example_dags/example_setup_teardown.py for tasks to queue
[2024-08-26T10:47:46.299+0000] {logging_mixin.py:190} INFO - [2024-08-26T10:47:46.299+0000] {dagbag.py:587} INFO - Filling up the DagBag from /home/airflow/.local/lib/python3.12/site-packages/airflow/example_dags/example_setup_teardown.py
[2024-08-26T10:47:46.313+0000] {processor.py:925} INFO - DAG(s) 'example_setup_teardown' retrieved from /home/airflow/.local/lib/python3.12/site-packages/airflow/example_dags/example_setup_teardown.py
[2024-08-26T10:47:46.343+0000] {logging_mixin.py:190} INFO - [2024-08-26T10:47:46.342+0000] {dag.py:3211} INFO - Sync 1 DAGs
[2024-08-26T10:47:46.377+0000] {logging_mixin.py:190} INFO - [2024-08-26T10:47:46.377+0000] {dag.py:4138} INFO - Setting next_dagrun for example_setup_teardown to 2024-08-25 00:00:00+00:00, run_after=2024-08-26 00:00:00+00:00
[2024-08-26T10:47:46.402+0000] {processor.py:208} INFO - Processing /home/airflow/.local/lib/python3.12/site-packages/airflow/example_dags/example_setup_teardown.py took 0.115 seconds
[2024-08-26T10:48:23.541+0000] {processor.py:186} INFO - Started process (PID=1147) to work on /home/airflow/.local/lib/python3.12/site-packages/airflow/example_dags/example_setup_teardown.py
[2024-08-26T10:48:23.543+0000] {processor.py:914} INFO - Processing file /home/airflow/.local/lib/python3.12/site-packages/airflow/example_dags/example_setup_teardown.py for tasks to queue
[2024-08-26T10:48:23.544+0000] {logging_mixin.py:190} INFO - [2024-08-26T10:48:23.544+0000] {dagbag.py:587} INFO - Filling up the DagBag from /home/airflow/.local/lib/python3.12/site-packages/airflow/example_dags/example_setup_teardown.py
[2024-08-26T10:48:23.555+0000] {processor.py:925} INFO - DAG(s) 'example_setup_teardown' retrieved from /home/airflow/.local/lib/python3.12/site-packages/airflow/example_dags/example_setup_teardown.py
[2024-08-26T10:48:23.582+0000] {logging_mixin.py:190} INFO - [2024-08-26T10:48:23.582+0000] {dag.py:3211} INFO - Sync 1 DAGs
[2024-08-26T10:48:23.657+0000] {logging_mixin.py:190} INFO - [2024-08-26T10:48:23.657+0000] {dag.py:4138} INFO - Setting next_dagrun for example_setup_teardown to 2024-08-25 00:00:00+00:00, run_after=2024-08-26 00:00:00+00:00
[2024-08-26T10:48:23.678+0000] {processor.py:208} INFO - Processing /home/airflow/.local/lib/python3.12/site-packages/airflow/example_dags/example_setup_teardown.py took 0.145 seconds
[2024-08-26T10:49:16.202+0000] {processor.py:186} INFO - Started process (PID=1228) to work on /home/airflow/.local/lib/python3.12/site-packages/airflow/example_dags/example_setup_teardown.py
[2024-08-26T10:49:16.205+0000] {processor.py:914} INFO - Processing file /home/airflow/.local/lib/python3.12/site-packages/airflow/example_dags/example_setup_teardown.py for tasks to queue
[2024-08-26T10:49:16.208+0000] {logging_mixin.py:190} INFO - [2024-08-26T10:49:16.207+0000] {dagbag.py:587} INFO - Filling up the DagBag from /home/airflow/.local/lib/python3.12/site-packages/airflow/example_dags/example_setup_teardown.py
[2024-08-26T10:49:16.228+0000] {processor.py:925} INFO - DAG(s) 'example_setup_teardown' retrieved from /home/airflow/.local/lib/python3.12/site-packages/airflow/example_dags/example_setup_teardown.py
[2024-08-26T10:49:16.269+0000] {logging_mixin.py:190} INFO - [2024-08-26T10:49:16.268+0000] {dag.py:3211} INFO - Sync 1 DAGs
[2024-08-26T10:49:16.323+0000] {logging_mixin.py:190} INFO - [2024-08-26T10:49:16.323+0000] {dag.py:4138} INFO - Setting next_dagrun for example_setup_teardown to 2024-08-25 00:00:00+00:00, run_after=2024-08-26 00:00:00+00:00
[2024-08-26T10:49:16.360+0000] {processor.py:208} INFO - Processing /home/airflow/.local/lib/python3.12/site-packages/airflow/example_dags/example_setup_teardown.py took 0.172 seconds
[2024-08-26T15:09:28.047+0000] {processor.py:186} INFO - Started process (PID=95) to work on /home/airflow/.local/lib/python3.12/site-packages/airflow/example_dags/example_setup_teardown.py
[2024-08-26T15:09:28.049+0000] {processor.py:914} INFO - Processing file /home/airflow/.local/lib/python3.12/site-packages/airflow/example_dags/example_setup_teardown.py for tasks to queue
[2024-08-26T15:09:28.053+0000] {logging_mixin.py:190} INFO - [2024-08-26T15:09:28.053+0000] {dagbag.py:587} INFO - Filling up the DagBag from /home/airflow/.local/lib/python3.12/site-packages/airflow/example_dags/example_setup_teardown.py
[2024-08-26T15:09:28.065+0000] {processor.py:925} INFO - DAG(s) 'example_setup_teardown' retrieved from /home/airflow/.local/lib/python3.12/site-packages/airflow/example_dags/example_setup_teardown.py
[2024-08-26T15:09:28.096+0000] {logging_mixin.py:190} INFO - [2024-08-26T15:09:28.095+0000] {dag.py:3211} INFO - Sync 1 DAGs
[2024-08-26T15:09:28.136+0000] {logging_mixin.py:190} INFO - [2024-08-26T15:09:28.136+0000] {dag.py:4138} INFO - Setting next_dagrun for example_setup_teardown to 2024-08-25 00:00:00+00:00, run_after=2024-08-26 00:00:00+00:00
[2024-08-26T15:09:28.175+0000] {processor.py:208} INFO - Processing /home/airflow/.local/lib/python3.12/site-packages/airflow/example_dags/example_setup_teardown.py took 0.136 seconds
[2024-08-26T15:10:11.295+0000] {processor.py:186} INFO - Started process (PID=161) to work on /home/airflow/.local/lib/python3.12/site-packages/airflow/example_dags/example_setup_teardown.py
[2024-08-26T15:10:11.296+0000] {processor.py:914} INFO - Processing file /home/airflow/.local/lib/python3.12/site-packages/airflow/example_dags/example_setup_teardown.py for tasks to queue
[2024-08-26T15:10:11.299+0000] {logging_mixin.py:190} INFO - [2024-08-26T15:10:11.299+0000] {dagbag.py:587} INFO - Filling up the DagBag from /home/airflow/.local/lib/python3.12/site-packages/airflow/example_dags/example_setup_teardown.py
[2024-08-26T15:10:11.314+0000] {processor.py:925} INFO - DAG(s) 'example_setup_teardown' retrieved from /home/airflow/.local/lib/python3.12/site-packages/airflow/example_dags/example_setup_teardown.py
[2024-08-26T15:10:11.342+0000] {logging_mixin.py:190} INFO - [2024-08-26T15:10:11.341+0000] {dag.py:3211} INFO - Sync 1 DAGs
[2024-08-26T15:10:11.372+0000] {logging_mixin.py:190} INFO - [2024-08-26T15:10:11.372+0000] {dag.py:4138} INFO - Setting next_dagrun for example_setup_teardown to 2024-08-25 00:00:00+00:00, run_after=2024-08-26 00:00:00+00:00
[2024-08-26T15:10:11.394+0000] {processor.py:208} INFO - Processing /home/airflow/.local/lib/python3.12/site-packages/airflow/example_dags/example_setup_teardown.py took 0.107 seconds
[2024-08-26T15:10:49.005+0000] {processor.py:186} INFO - Started process (PID=228) to work on /home/airflow/.local/lib/python3.12/site-packages/airflow/example_dags/example_setup_teardown.py
[2024-08-26T15:10:49.006+0000] {processor.py:914} INFO - Processing file /home/airflow/.local/lib/python3.12/site-packages/airflow/example_dags/example_setup_teardown.py for tasks to queue
[2024-08-26T15:10:49.010+0000] {logging_mixin.py:190} INFO - [2024-08-26T15:10:49.009+0000] {dagbag.py:587} INFO - Filling up the DagBag from /home/airflow/.local/lib/python3.12/site-packages/airflow/example_dags/example_setup_teardown.py
[2024-08-26T15:10:49.021+0000] {processor.py:925} INFO - DAG(s) 'example_setup_teardown' retrieved from /home/airflow/.local/lib/python3.12/site-packages/airflow/example_dags/example_setup_teardown.py
[2024-08-26T15:10:49.049+0000] {logging_mixin.py:190} INFO - [2024-08-26T15:10:49.049+0000] {dag.py:3211} INFO - Sync 1 DAGs
[2024-08-26T15:10:49.080+0000] {logging_mixin.py:190} INFO - [2024-08-26T15:10:49.080+0000] {dag.py:4138} INFO - Setting next_dagrun for example_setup_teardown to 2024-08-25 00:00:00+00:00, run_after=2024-08-26 00:00:00+00:00
[2024-08-26T15:10:49.104+0000] {processor.py:208} INFO - Processing /home/airflow/.local/lib/python3.12/site-packages/airflow/example_dags/example_setup_teardown.py took 0.107 seconds
[2024-08-26T15:11:26.649+0000] {processor.py:186} INFO - Started process (PID=294) to work on /home/airflow/.local/lib/python3.12/site-packages/airflow/example_dags/example_setup_teardown.py
[2024-08-26T15:11:26.651+0000] {processor.py:914} INFO - Processing file /home/airflow/.local/lib/python3.12/site-packages/airflow/example_dags/example_setup_teardown.py for tasks to queue
[2024-08-26T15:11:26.654+0000] {logging_mixin.py:190} INFO - [2024-08-26T15:11:26.654+0000] {dagbag.py:587} INFO - Filling up the DagBag from /home/airflow/.local/lib/python3.12/site-packages/airflow/example_dags/example_setup_teardown.py
[2024-08-26T15:11:26.668+0000] {processor.py:925} INFO - DAG(s) 'example_setup_teardown' retrieved from /home/airflow/.local/lib/python3.12/site-packages/airflow/example_dags/example_setup_teardown.py
[2024-08-26T15:11:26.698+0000] {logging_mixin.py:190} INFO - [2024-08-26T15:11:26.697+0000] {dag.py:3211} INFO - Sync 1 DAGs
[2024-08-26T15:11:26.729+0000] {logging_mixin.py:190} INFO - [2024-08-26T15:11:26.729+0000] {dag.py:4138} INFO - Setting next_dagrun for example_setup_teardown to 2024-08-25 00:00:00+00:00, run_after=2024-08-26 00:00:00+00:00
[2024-08-26T15:11:26.753+0000] {processor.py:208} INFO - Processing /home/airflow/.local/lib/python3.12/site-packages/airflow/example_dags/example_setup_teardown.py took 0.113 seconds
[2024-08-26T15:12:05.349+0000] {processor.py:186} INFO - Started process (PID=366) to work on /home/airflow/.local/lib/python3.12/site-packages/airflow/example_dags/example_setup_teardown.py
[2024-08-26T15:12:05.351+0000] {processor.py:914} INFO - Processing file /home/airflow/.local/lib/python3.12/site-packages/airflow/example_dags/example_setup_teardown.py for tasks to queue
[2024-08-26T15:12:05.354+0000] {logging_mixin.py:190} INFO - [2024-08-26T15:12:05.354+0000] {dagbag.py:587} INFO - Filling up the DagBag from /home/airflow/.local/lib/python3.12/site-packages/airflow/example_dags/example_setup_teardown.py
[2024-08-26T15:12:05.367+0000] {processor.py:925} INFO - DAG(s) 'example_setup_teardown' retrieved from /home/airflow/.local/lib/python3.12/site-packages/airflow/example_dags/example_setup_teardown.py
[2024-08-26T15:12:05.396+0000] {logging_mixin.py:190} INFO - [2024-08-26T15:12:05.396+0000] {dag.py:3211} INFO - Sync 1 DAGs
[2024-08-26T15:12:05.428+0000] {logging_mixin.py:190} INFO - [2024-08-26T15:12:05.428+0000] {dag.py:4138} INFO - Setting next_dagrun for example_setup_teardown to 2024-08-25 00:00:00+00:00, run_after=2024-08-26 00:00:00+00:00
[2024-08-26T15:12:05.452+0000] {processor.py:208} INFO - Processing /home/airflow/.local/lib/python3.12/site-packages/airflow/example_dags/example_setup_teardown.py took 0.111 seconds
[2024-08-26T15:12:45.135+0000] {processor.py:186} INFO - Started process (PID=433) to work on /home/airflow/.local/lib/python3.12/site-packages/airflow/example_dags/example_setup_teardown.py
[2024-08-26T15:12:45.136+0000] {processor.py:914} INFO - Processing file /home/airflow/.local/lib/python3.12/site-packages/airflow/example_dags/example_setup_teardown.py for tasks to queue
[2024-08-26T15:12:45.141+0000] {logging_mixin.py:190} INFO - [2024-08-26T15:12:45.141+0000] {dagbag.py:587} INFO - Filling up the DagBag from /home/airflow/.local/lib/python3.12/site-packages/airflow/example_dags/example_setup_teardown.py
[2024-08-26T15:12:45.157+0000] {processor.py:925} INFO - DAG(s) 'example_setup_teardown' retrieved from /home/airflow/.local/lib/python3.12/site-packages/airflow/example_dags/example_setup_teardown.py
[2024-08-26T15:12:45.193+0000] {logging_mixin.py:190} INFO - [2024-08-26T15:12:45.192+0000] {dag.py:3211} INFO - Sync 1 DAGs
[2024-08-26T15:12:45.239+0000] {logging_mixin.py:190} INFO - [2024-08-26T15:12:45.238+0000] {dag.py:4138} INFO - Setting next_dagrun for example_setup_teardown to 2024-08-25 00:00:00+00:00, run_after=2024-08-26 00:00:00+00:00
[2024-08-26T15:12:45.281+0000] {processor.py:208} INFO - Processing /home/airflow/.local/lib/python3.12/site-packages/airflow/example_dags/example_setup_teardown.py took 0.155 seconds
[2024-08-26T15:13:36.068+0000] {processor.py:186} INFO - Started process (PID=516) to work on /home/airflow/.local/lib/python3.12/site-packages/airflow/example_dags/example_setup_teardown.py
[2024-08-26T15:13:36.070+0000] {processor.py:914} INFO - Processing file /home/airflow/.local/lib/python3.12/site-packages/airflow/example_dags/example_setup_teardown.py for tasks to queue
[2024-08-26T15:13:36.074+0000] {logging_mixin.py:190} INFO - [2024-08-26T15:13:36.074+0000] {dagbag.py:587} INFO - Filling up the DagBag from /home/airflow/.local/lib/python3.12/site-packages/airflow/example_dags/example_setup_teardown.py
[2024-08-26T15:13:36.110+0000] {processor.py:925} INFO - DAG(s) 'example_setup_teardown' retrieved from /home/airflow/.local/lib/python3.12/site-packages/airflow/example_dags/example_setup_teardown.py
[2024-08-26T15:13:36.711+0000] {logging_mixin.py:190} INFO - [2024-08-26T15:13:36.708+0000] {dag.py:3211} INFO - Sync 1 DAGs
[2024-08-26T15:13:37.541+0000] {logging_mixin.py:190} INFO - [2024-08-26T15:13:37.540+0000] {dag.py:4138} INFO - Setting next_dagrun for example_setup_teardown to 2024-08-25 00:00:00+00:00, run_after=2024-08-26 00:00:00+00:00
[2024-08-26T15:13:37.605+0000] {processor.py:208} INFO - Processing /home/airflow/.local/lib/python3.12/site-packages/airflow/example_dags/example_setup_teardown.py took 1.570 seconds
[2024-08-26T15:14:31.469+0000] {processor.py:186} INFO - Started process (PID=589) to work on /home/airflow/.local/lib/python3.12/site-packages/airflow/example_dags/example_setup_teardown.py
[2024-08-26T15:14:31.471+0000] {processor.py:914} INFO - Processing file /home/airflow/.local/lib/python3.12/site-packages/airflow/example_dags/example_setup_teardown.py for tasks to queue
[2024-08-26T15:14:31.473+0000] {logging_mixin.py:190} INFO - [2024-08-26T15:14:31.472+0000] {dagbag.py:587} INFO - Filling up the DagBag from /home/airflow/.local/lib/python3.12/site-packages/airflow/example_dags/example_setup_teardown.py
[2024-08-26T15:14:31.490+0000] {processor.py:925} INFO - DAG(s) 'example_setup_teardown' retrieved from /home/airflow/.local/lib/python3.12/site-packages/airflow/example_dags/example_setup_teardown.py
[2024-08-26T15:14:31.520+0000] {logging_mixin.py:190} INFO - [2024-08-26T15:14:31.519+0000] {dag.py:3211} INFO - Sync 1 DAGs
[2024-08-26T15:14:31.555+0000] {logging_mixin.py:190} INFO - [2024-08-26T15:14:31.555+0000] {dag.py:4138} INFO - Setting next_dagrun for example_setup_teardown to 2024-08-25 00:00:00+00:00, run_after=2024-08-26 00:00:00+00:00
[2024-08-26T15:14:31.579+0000] {processor.py:208} INFO - Processing /home/airflow/.local/lib/python3.12/site-packages/airflow/example_dags/example_setup_teardown.py took 0.118 seconds
[2024-08-26T15:15:09.365+0000] {processor.py:186} INFO - Started process (PID=655) to work on /home/airflow/.local/lib/python3.12/site-packages/airflow/example_dags/example_setup_teardown.py
[2024-08-26T15:15:09.366+0000] {processor.py:914} INFO - Processing file /home/airflow/.local/lib/python3.12/site-packages/airflow/example_dags/example_setup_teardown.py for tasks to queue
[2024-08-26T15:15:09.369+0000] {logging_mixin.py:190} INFO - [2024-08-26T15:15:09.368+0000] {dagbag.py:587} INFO - Filling up the DagBag from /home/airflow/.local/lib/python3.12/site-packages/airflow/example_dags/example_setup_teardown.py
[2024-08-26T15:15:09.383+0000] {processor.py:925} INFO - DAG(s) 'example_setup_teardown' retrieved from /home/airflow/.local/lib/python3.12/site-packages/airflow/example_dags/example_setup_teardown.py
[2024-08-26T15:15:09.419+0000] {logging_mixin.py:190} INFO - [2024-08-26T15:15:09.418+0000] {dag.py:3211} INFO - Sync 1 DAGs
[2024-08-26T15:15:09.456+0000] {logging_mixin.py:190} INFO - [2024-08-26T15:15:09.456+0000] {dag.py:4138} INFO - Setting next_dagrun for example_setup_teardown to 2024-08-25 00:00:00+00:00, run_after=2024-08-26 00:00:00+00:00
[2024-08-26T15:15:09.482+0000] {processor.py:208} INFO - Processing /home/airflow/.local/lib/python3.12/site-packages/airflow/example_dags/example_setup_teardown.py took 0.126 seconds
[2024-08-26T15:15:56.082+0000] {processor.py:186} INFO - Started process (PID=721) to work on /home/airflow/.local/lib/python3.12/site-packages/airflow/example_dags/example_setup_teardown.py
[2024-08-26T15:15:56.088+0000] {processor.py:914} INFO - Processing file /home/airflow/.local/lib/python3.12/site-packages/airflow/example_dags/example_setup_teardown.py for tasks to queue
[2024-08-26T15:15:56.092+0000] {logging_mixin.py:190} INFO - [2024-08-26T15:15:56.091+0000] {dagbag.py:587} INFO - Filling up the DagBag from /home/airflow/.local/lib/python3.12/site-packages/airflow/example_dags/example_setup_teardown.py
[2024-08-26T15:15:56.114+0000] {processor.py:925} INFO - DAG(s) 'example_setup_teardown' retrieved from /home/airflow/.local/lib/python3.12/site-packages/airflow/example_dags/example_setup_teardown.py
[2024-08-26T15:15:56.158+0000] {logging_mixin.py:190} INFO - [2024-08-26T15:15:56.158+0000] {dag.py:3211} INFO - Sync 1 DAGs
[2024-08-26T15:15:56.214+0000] {logging_mixin.py:190} INFO - [2024-08-26T15:15:56.213+0000] {dag.py:4138} INFO - Setting next_dagrun for example_setup_teardown to 2024-08-25 00:00:00+00:00, run_after=2024-08-26 00:00:00+00:00
[2024-08-26T15:15:56.248+0000] {processor.py:208} INFO - Processing /home/airflow/.local/lib/python3.12/site-packages/airflow/example_dags/example_setup_teardown.py took 0.181 seconds
[2024-08-26T15:16:32.130+0000] {processor.py:186} INFO - Started process (PID=792) to work on /home/airflow/.local/lib/python3.12/site-packages/airflow/example_dags/example_setup_teardown.py
[2024-08-26T15:16:32.132+0000] {processor.py:914} INFO - Processing file /home/airflow/.local/lib/python3.12/site-packages/airflow/example_dags/example_setup_teardown.py for tasks to queue
[2024-08-26T15:16:32.134+0000] {logging_mixin.py:190} INFO - [2024-08-26T15:16:32.133+0000] {dagbag.py:587} INFO - Filling up the DagBag from /home/airflow/.local/lib/python3.12/site-packages/airflow/example_dags/example_setup_teardown.py
[2024-08-26T15:16:32.147+0000] {processor.py:925} INFO - DAG(s) 'example_setup_teardown' retrieved from /home/airflow/.local/lib/python3.12/site-packages/airflow/example_dags/example_setup_teardown.py
[2024-08-26T15:16:32.174+0000] {logging_mixin.py:190} INFO - [2024-08-26T15:16:32.174+0000] {dag.py:3211} INFO - Sync 1 DAGs
[2024-08-26T15:16:32.206+0000] {logging_mixin.py:190} INFO - [2024-08-26T15:16:32.206+0000] {dag.py:4138} INFO - Setting next_dagrun for example_setup_teardown to 2024-08-25 00:00:00+00:00, run_after=2024-08-26 00:00:00+00:00
[2024-08-26T15:16:32.229+0000] {processor.py:208} INFO - Processing /home/airflow/.local/lib/python3.12/site-packages/airflow/example_dags/example_setup_teardown.py took 0.112 seconds
[2024-08-26T15:17:09.756+0000] {processor.py:186} INFO - Started process (PID=859) to work on /home/airflow/.local/lib/python3.12/site-packages/airflow/example_dags/example_setup_teardown.py
[2024-08-26T15:17:09.758+0000] {processor.py:914} INFO - Processing file /home/airflow/.local/lib/python3.12/site-packages/airflow/example_dags/example_setup_teardown.py for tasks to queue
[2024-08-26T15:17:09.760+0000] {logging_mixin.py:190} INFO - [2024-08-26T15:17:09.760+0000] {dagbag.py:587} INFO - Filling up the DagBag from /home/airflow/.local/lib/python3.12/site-packages/airflow/example_dags/example_setup_teardown.py
[2024-08-26T15:17:09.773+0000] {processor.py:925} INFO - DAG(s) 'example_setup_teardown' retrieved from /home/airflow/.local/lib/python3.12/site-packages/airflow/example_dags/example_setup_teardown.py
[2024-08-26T15:17:09.803+0000] {logging_mixin.py:190} INFO - [2024-08-26T15:17:09.803+0000] {dag.py:3211} INFO - Sync 1 DAGs
[2024-08-26T15:17:09.843+0000] {logging_mixin.py:190} INFO - [2024-08-26T15:17:09.842+0000] {dag.py:4138} INFO - Setting next_dagrun for example_setup_teardown to 2024-08-25 00:00:00+00:00, run_after=2024-08-26 00:00:00+00:00
[2024-08-26T15:17:09.870+0000] {processor.py:208} INFO - Processing /home/airflow/.local/lib/python3.12/site-packages/airflow/example_dags/example_setup_teardown.py took 0.122 seconds
[2024-08-26T15:17:46.328+0000] {processor.py:186} INFO - Started process (PID=925) to work on /home/airflow/.local/lib/python3.12/site-packages/airflow/example_dags/example_setup_teardown.py
[2024-08-26T15:17:46.329+0000] {processor.py:914} INFO - Processing file /home/airflow/.local/lib/python3.12/site-packages/airflow/example_dags/example_setup_teardown.py for tasks to queue
[2024-08-26T15:17:46.331+0000] {logging_mixin.py:190} INFO - [2024-08-26T15:17:46.331+0000] {dagbag.py:587} INFO - Filling up the DagBag from /home/airflow/.local/lib/python3.12/site-packages/airflow/example_dags/example_setup_teardown.py
[2024-08-26T15:17:46.344+0000] {processor.py:925} INFO - DAG(s) 'example_setup_teardown' retrieved from /home/airflow/.local/lib/python3.12/site-packages/airflow/example_dags/example_setup_teardown.py
[2024-08-26T15:17:46.372+0000] {logging_mixin.py:190} INFO - [2024-08-26T15:17:46.372+0000] {dag.py:3211} INFO - Sync 1 DAGs
[2024-08-26T15:17:46.416+0000] {logging_mixin.py:190} INFO - [2024-08-26T15:17:46.415+0000] {dag.py:4138} INFO - Setting next_dagrun for example_setup_teardown to 2024-08-25 00:00:00+00:00, run_after=2024-08-26 00:00:00+00:00
[2024-08-26T15:17:46.444+0000] {processor.py:208} INFO - Processing /home/airflow/.local/lib/python3.12/site-packages/airflow/example_dags/example_setup_teardown.py took 0.124 seconds
[2024-08-26T15:18:23.535+0000] {processor.py:186} INFO - Started process (PID=991) to work on /home/airflow/.local/lib/python3.12/site-packages/airflow/example_dags/example_setup_teardown.py
[2024-08-26T15:18:23.536+0000] {processor.py:914} INFO - Processing file /home/airflow/.local/lib/python3.12/site-packages/airflow/example_dags/example_setup_teardown.py for tasks to queue
[2024-08-26T15:18:23.538+0000] {logging_mixin.py:190} INFO - [2024-08-26T15:18:23.538+0000] {dagbag.py:587} INFO - Filling up the DagBag from /home/airflow/.local/lib/python3.12/site-packages/airflow/example_dags/example_setup_teardown.py
[2024-08-26T15:18:23.551+0000] {processor.py:925} INFO - DAG(s) 'example_setup_teardown' retrieved from /home/airflow/.local/lib/python3.12/site-packages/airflow/example_dags/example_setup_teardown.py
[2024-08-26T15:18:23.585+0000] {logging_mixin.py:190} INFO - [2024-08-26T15:18:23.585+0000] {dag.py:3211} INFO - Sync 1 DAGs
[2024-08-26T15:18:23.618+0000] {logging_mixin.py:190} INFO - [2024-08-26T15:18:23.617+0000] {dag.py:4138} INFO - Setting next_dagrun for example_setup_teardown to 2024-08-25 00:00:00+00:00, run_after=2024-08-26 00:00:00+00:00
[2024-08-26T15:18:23.643+0000] {processor.py:208} INFO - Processing /home/airflow/.local/lib/python3.12/site-packages/airflow/example_dags/example_setup_teardown.py took 0.116 seconds
[2024-08-26T15:19:05.967+0000] {processor.py:186} INFO - Started process (PID=1063) to work on /home/airflow/.local/lib/python3.12/site-packages/airflow/example_dags/example_setup_teardown.py
[2024-08-26T15:19:05.968+0000] {processor.py:914} INFO - Processing file /home/airflow/.local/lib/python3.12/site-packages/airflow/example_dags/example_setup_teardown.py for tasks to queue
[2024-08-26T15:19:05.971+0000] {logging_mixin.py:190} INFO - [2024-08-26T15:19:05.970+0000] {dagbag.py:587} INFO - Filling up the DagBag from /home/airflow/.local/lib/python3.12/site-packages/airflow/example_dags/example_setup_teardown.py
[2024-08-26T15:19:05.983+0000] {processor.py:925} INFO - DAG(s) 'example_setup_teardown' retrieved from /home/airflow/.local/lib/python3.12/site-packages/airflow/example_dags/example_setup_teardown.py
[2024-08-26T15:19:06.011+0000] {logging_mixin.py:190} INFO - [2024-08-26T15:19:06.010+0000] {dag.py:3211} INFO - Sync 1 DAGs
[2024-08-26T15:19:06.041+0000] {logging_mixin.py:190} INFO - [2024-08-26T15:19:06.040+0000] {dag.py:4138} INFO - Setting next_dagrun for example_setup_teardown to 2024-08-25 00:00:00+00:00, run_after=2024-08-26 00:00:00+00:00
[2024-08-26T15:19:06.067+0000] {processor.py:208} INFO - Processing /home/airflow/.local/lib/python3.12/site-packages/airflow/example_dags/example_setup_teardown.py took 0.108 seconds
[2024-08-26T15:19:43.227+0000] {processor.py:186} INFO - Started process (PID=1129) to work on /home/airflow/.local/lib/python3.12/site-packages/airflow/example_dags/example_setup_teardown.py
[2024-08-26T15:19:43.229+0000] {processor.py:914} INFO - Processing file /home/airflow/.local/lib/python3.12/site-packages/airflow/example_dags/example_setup_teardown.py for tasks to queue
[2024-08-26T15:19:43.231+0000] {logging_mixin.py:190} INFO - [2024-08-26T15:19:43.230+0000] {dagbag.py:587} INFO - Filling up the DagBag from /home/airflow/.local/lib/python3.12/site-packages/airflow/example_dags/example_setup_teardown.py
[2024-08-26T15:19:43.243+0000] {processor.py:925} INFO - DAG(s) 'example_setup_teardown' retrieved from /home/airflow/.local/lib/python3.12/site-packages/airflow/example_dags/example_setup_teardown.py
[2024-08-26T15:19:43.272+0000] {logging_mixin.py:190} INFO - [2024-08-26T15:19:43.271+0000] {dag.py:3211} INFO - Sync 1 DAGs
[2024-08-26T15:19:43.302+0000] {logging_mixin.py:190} INFO - [2024-08-26T15:19:43.302+0000] {dag.py:4138} INFO - Setting next_dagrun for example_setup_teardown to 2024-08-25 00:00:00+00:00, run_after=2024-08-26 00:00:00+00:00
[2024-08-26T15:19:43.327+0000] {processor.py:208} INFO - Processing /home/airflow/.local/lib/python3.12/site-packages/airflow/example_dags/example_setup_teardown.py took 0.110 seconds
[2024-08-26T15:20:21.627+0000] {processor.py:186} INFO - Started process (PID=1196) to work on /home/airflow/.local/lib/python3.12/site-packages/airflow/example_dags/example_setup_teardown.py
[2024-08-26T15:20:21.629+0000] {processor.py:914} INFO - Processing file /home/airflow/.local/lib/python3.12/site-packages/airflow/example_dags/example_setup_teardown.py for tasks to queue
[2024-08-26T15:20:21.631+0000] {logging_mixin.py:190} INFO - [2024-08-26T15:20:21.630+0000] {dagbag.py:587} INFO - Filling up the DagBag from /home/airflow/.local/lib/python3.12/site-packages/airflow/example_dags/example_setup_teardown.py
[2024-08-26T15:20:21.645+0000] {processor.py:925} INFO - DAG(s) 'example_setup_teardown' retrieved from /home/airflow/.local/lib/python3.12/site-packages/airflow/example_dags/example_setup_teardown.py
[2024-08-26T15:20:21.679+0000] {logging_mixin.py:190} INFO - [2024-08-26T15:20:21.679+0000] {dag.py:3211} INFO - Sync 1 DAGs
[2024-08-26T15:20:21.714+0000] {logging_mixin.py:190} INFO - [2024-08-26T15:20:21.713+0000] {dag.py:4138} INFO - Setting next_dagrun for example_setup_teardown to 2024-08-25 00:00:00+00:00, run_after=2024-08-26 00:00:00+00:00
[2024-08-26T15:20:21.743+0000] {processor.py:208} INFO - Processing /home/airflow/.local/lib/python3.12/site-packages/airflow/example_dags/example_setup_teardown.py took 0.125 seconds
[2024-08-26T15:20:59.867+0000] {processor.py:186} INFO - Started process (PID=1262) to work on /home/airflow/.local/lib/python3.12/site-packages/airflow/example_dags/example_setup_teardown.py
[2024-08-26T15:20:59.868+0000] {processor.py:914} INFO - Processing file /home/airflow/.local/lib/python3.12/site-packages/airflow/example_dags/example_setup_teardown.py for tasks to queue
[2024-08-26T15:20:59.870+0000] {logging_mixin.py:190} INFO - [2024-08-26T15:20:59.870+0000] {dagbag.py:587} INFO - Filling up the DagBag from /home/airflow/.local/lib/python3.12/site-packages/airflow/example_dags/example_setup_teardown.py
[2024-08-26T15:20:59.882+0000] {processor.py:925} INFO - DAG(s) 'example_setup_teardown' retrieved from /home/airflow/.local/lib/python3.12/site-packages/airflow/example_dags/example_setup_teardown.py
[2024-08-26T15:20:59.914+0000] {logging_mixin.py:190} INFO - [2024-08-26T15:20:59.914+0000] {dag.py:3211} INFO - Sync 1 DAGs
[2024-08-26T15:20:59.949+0000] {logging_mixin.py:190} INFO - [2024-08-26T15:20:59.949+0000] {dag.py:4138} INFO - Setting next_dagrun for example_setup_teardown to 2024-08-25 00:00:00+00:00, run_after=2024-08-26 00:00:00+00:00
[2024-08-26T15:20:59.981+0000] {processor.py:208} INFO - Processing /home/airflow/.local/lib/python3.12/site-packages/airflow/example_dags/example_setup_teardown.py took 0.122 seconds
[2024-08-26T15:21:39.319+0000] {processor.py:186} INFO - Started process (PID=1335) to work on /home/airflow/.local/lib/python3.12/site-packages/airflow/example_dags/example_setup_teardown.py
[2024-08-26T15:21:39.321+0000] {processor.py:914} INFO - Processing file /home/airflow/.local/lib/python3.12/site-packages/airflow/example_dags/example_setup_teardown.py for tasks to queue
[2024-08-26T15:21:39.323+0000] {logging_mixin.py:190} INFO - [2024-08-26T15:21:39.323+0000] {dagbag.py:587} INFO - Filling up the DagBag from /home/airflow/.local/lib/python3.12/site-packages/airflow/example_dags/example_setup_teardown.py
[2024-08-26T15:21:39.336+0000] {processor.py:925} INFO - DAG(s) 'example_setup_teardown' retrieved from /home/airflow/.local/lib/python3.12/site-packages/airflow/example_dags/example_setup_teardown.py
[2024-08-26T15:21:39.365+0000] {logging_mixin.py:190} INFO - [2024-08-26T15:21:39.364+0000] {dag.py:3211} INFO - Sync 1 DAGs
[2024-08-26T15:21:39.401+0000] {logging_mixin.py:190} INFO - [2024-08-26T15:21:39.401+0000] {dag.py:4138} INFO - Setting next_dagrun for example_setup_teardown to 2024-08-25 00:00:00+00:00, run_after=2024-08-26 00:00:00+00:00
[2024-08-26T15:21:39.428+0000] {processor.py:208} INFO - Processing /home/airflow/.local/lib/python3.12/site-packages/airflow/example_dags/example_setup_teardown.py took 0.116 seconds
[2024-08-26T15:22:28.887+0000] {processor.py:186} INFO - Started process (PID=1401) to work on /home/airflow/.local/lib/python3.12/site-packages/airflow/example_dags/example_setup_teardown.py
[2024-08-26T15:22:28.893+0000] {processor.py:914} INFO - Processing file /home/airflow/.local/lib/python3.12/site-packages/airflow/example_dags/example_setup_teardown.py for tasks to queue
[2024-08-26T15:22:28.899+0000] {logging_mixin.py:190} INFO - [2024-08-26T15:22:28.898+0000] {dagbag.py:587} INFO - Filling up the DagBag from /home/airflow/.local/lib/python3.12/site-packages/airflow/example_dags/example_setup_teardown.py
[2024-08-26T15:22:28.964+0000] {processor.py:925} INFO - DAG(s) 'example_setup_teardown' retrieved from /home/airflow/.local/lib/python3.12/site-packages/airflow/example_dags/example_setup_teardown.py
[2024-08-26T15:22:29.069+0000] {logging_mixin.py:190} INFO - [2024-08-26T15:22:29.068+0000] {dag.py:3211} INFO - Sync 1 DAGs
[2024-08-26T15:22:29.201+0000] {logging_mixin.py:190} INFO - [2024-08-26T15:22:29.200+0000] {dag.py:4138} INFO - Setting next_dagrun for example_setup_teardown to 2024-08-25 00:00:00+00:00, run_after=2024-08-26 00:00:00+00:00
[2024-08-26T15:22:29.292+0000] {processor.py:208} INFO - Processing /home/airflow/.local/lib/python3.12/site-packages/airflow/example_dags/example_setup_teardown.py took 0.439 seconds
[2024-08-26T15:23:21.794+0000] {processor.py:186} INFO - Started process (PID=1473) to work on /home/airflow/.local/lib/python3.12/site-packages/airflow/example_dags/example_setup_teardown.py
[2024-08-26T15:23:21.796+0000] {processor.py:914} INFO - Processing file /home/airflow/.local/lib/python3.12/site-packages/airflow/example_dags/example_setup_teardown.py for tasks to queue
[2024-08-26T15:23:21.798+0000] {logging_mixin.py:190} INFO - [2024-08-26T15:23:21.798+0000] {dagbag.py:587} INFO - Filling up the DagBag from /home/airflow/.local/lib/python3.12/site-packages/airflow/example_dags/example_setup_teardown.py
[2024-08-26T15:23:21.818+0000] {processor.py:925} INFO - DAG(s) 'example_setup_teardown' retrieved from /home/airflow/.local/lib/python3.12/site-packages/airflow/example_dags/example_setup_teardown.py
[2024-08-26T15:23:21.857+0000] {logging_mixin.py:190} INFO - [2024-08-26T15:23:21.857+0000] {dag.py:3211} INFO - Sync 1 DAGs
[2024-08-26T15:23:21.901+0000] {logging_mixin.py:190} INFO - [2024-08-26T15:23:21.900+0000] {dag.py:4138} INFO - Setting next_dagrun for example_setup_teardown to 2024-08-25 00:00:00+00:00, run_after=2024-08-26 00:00:00+00:00
[2024-08-26T15:23:21.934+0000] {processor.py:208} INFO - Processing /home/airflow/.local/lib/python3.12/site-packages/airflow/example_dags/example_setup_teardown.py took 0.152 seconds
[2024-08-26T15:23:55.754+0000] {processor.py:186} INFO - Started process (PID=1539) to work on /home/airflow/.local/lib/python3.12/site-packages/airflow/example_dags/example_setup_teardown.py
[2024-08-26T15:23:55.755+0000] {processor.py:914} INFO - Processing file /home/airflow/.local/lib/python3.12/site-packages/airflow/example_dags/example_setup_teardown.py for tasks to queue
[2024-08-26T15:23:55.757+0000] {logging_mixin.py:190} INFO - [2024-08-26T15:23:55.757+0000] {dagbag.py:587} INFO - Filling up the DagBag from /home/airflow/.local/lib/python3.12/site-packages/airflow/example_dags/example_setup_teardown.py
[2024-08-26T15:23:55.769+0000] {processor.py:925} INFO - DAG(s) 'example_setup_teardown' retrieved from /home/airflow/.local/lib/python3.12/site-packages/airflow/example_dags/example_setup_teardown.py
[2024-08-26T15:23:55.797+0000] {logging_mixin.py:190} INFO - [2024-08-26T15:23:55.796+0000] {dag.py:3211} INFO - Sync 1 DAGs
[2024-08-26T15:23:55.826+0000] {logging_mixin.py:190} INFO - [2024-08-26T15:23:55.826+0000] {dag.py:4138} INFO - Setting next_dagrun for example_setup_teardown to 2024-08-25 00:00:00+00:00, run_after=2024-08-26 00:00:00+00:00
[2024-08-26T15:23:55.848+0000] {processor.py:208} INFO - Processing /home/airflow/.local/lib/python3.12/site-packages/airflow/example_dags/example_setup_teardown.py took 0.102 seconds
[2024-08-26T15:24:32.048+0000] {processor.py:186} INFO - Started process (PID=1611) to work on /home/airflow/.local/lib/python3.12/site-packages/airflow/example_dags/example_setup_teardown.py
[2024-08-26T15:24:32.050+0000] {processor.py:914} INFO - Processing file /home/airflow/.local/lib/python3.12/site-packages/airflow/example_dags/example_setup_teardown.py for tasks to queue
[2024-08-26T15:24:32.052+0000] {logging_mixin.py:190} INFO - [2024-08-26T15:24:32.051+0000] {dagbag.py:587} INFO - Filling up the DagBag from /home/airflow/.local/lib/python3.12/site-packages/airflow/example_dags/example_setup_teardown.py
[2024-08-26T15:24:32.065+0000] {processor.py:925} INFO - DAG(s) 'example_setup_teardown' retrieved from /home/airflow/.local/lib/python3.12/site-packages/airflow/example_dags/example_setup_teardown.py
[2024-08-26T15:24:32.094+0000] {logging_mixin.py:190} INFO - [2024-08-26T15:24:32.093+0000] {dag.py:3211} INFO - Sync 1 DAGs
[2024-08-26T15:24:32.125+0000] {logging_mixin.py:190} INFO - [2024-08-26T15:24:32.125+0000] {dag.py:4138} INFO - Setting next_dagrun for example_setup_teardown to 2024-08-25 00:00:00+00:00, run_after=2024-08-26 00:00:00+00:00
[2024-08-26T15:24:32.149+0000] {processor.py:208} INFO - Processing /home/airflow/.local/lib/python3.12/site-packages/airflow/example_dags/example_setup_teardown.py took 0.111 seconds
[2024-08-26T15:25:10.211+0000] {processor.py:186} INFO - Started process (PID=1676) to work on /home/airflow/.local/lib/python3.12/site-packages/airflow/example_dags/example_setup_teardown.py
[2024-08-26T15:25:10.214+0000] {processor.py:914} INFO - Processing file /home/airflow/.local/lib/python3.12/site-packages/airflow/example_dags/example_setup_teardown.py for tasks to queue
[2024-08-26T15:25:10.216+0000] {logging_mixin.py:190} INFO - [2024-08-26T15:25:10.216+0000] {dagbag.py:587} INFO - Filling up the DagBag from /home/airflow/.local/lib/python3.12/site-packages/airflow/example_dags/example_setup_teardown.py
[2024-08-26T15:25:10.234+0000] {processor.py:925} INFO - DAG(s) 'example_setup_teardown' retrieved from /home/airflow/.local/lib/python3.12/site-packages/airflow/example_dags/example_setup_teardown.py
[2024-08-26T15:25:10.263+0000] {logging_mixin.py:190} INFO - [2024-08-26T15:25:10.263+0000] {dag.py:3211} INFO - Sync 1 DAGs
[2024-08-26T15:25:10.295+0000] {logging_mixin.py:190} INFO - [2024-08-26T15:25:10.295+0000] {dag.py:4138} INFO - Setting next_dagrun for example_setup_teardown to 2024-08-25 00:00:00+00:00, run_after=2024-08-26 00:00:00+00:00
[2024-08-26T15:25:10.320+0000] {processor.py:208} INFO - Processing /home/airflow/.local/lib/python3.12/site-packages/airflow/example_dags/example_setup_teardown.py took 0.121 seconds
[2024-08-26T15:25:52.267+0000] {processor.py:186} INFO - Started process (PID=1742) to work on /home/airflow/.local/lib/python3.12/site-packages/airflow/example_dags/example_setup_teardown.py
[2024-08-26T15:25:52.269+0000] {processor.py:914} INFO - Processing file /home/airflow/.local/lib/python3.12/site-packages/airflow/example_dags/example_setup_teardown.py for tasks to queue
[2024-08-26T15:25:52.272+0000] {logging_mixin.py:190} INFO - [2024-08-26T15:25:52.271+0000] {dagbag.py:587} INFO - Filling up the DagBag from /home/airflow/.local/lib/python3.12/site-packages/airflow/example_dags/example_setup_teardown.py
[2024-08-26T15:25:52.289+0000] {processor.py:925} INFO - DAG(s) 'example_setup_teardown' retrieved from /home/airflow/.local/lib/python3.12/site-packages/airflow/example_dags/example_setup_teardown.py
[2024-08-26T15:25:52.328+0000] {logging_mixin.py:190} INFO - [2024-08-26T15:25:52.328+0000] {dag.py:3211} INFO - Sync 1 DAGs
[2024-08-26T15:25:52.371+0000] {logging_mixin.py:190} INFO - [2024-08-26T15:25:52.370+0000] {dag.py:4138} INFO - Setting next_dagrun for example_setup_teardown to 2024-08-25 00:00:00+00:00, run_after=2024-08-26 00:00:00+00:00
[2024-08-26T15:25:52.402+0000] {processor.py:208} INFO - Processing /home/airflow/.local/lib/python3.12/site-packages/airflow/example_dags/example_setup_teardown.py took 0.146 seconds
[2024-08-26T15:27:18.512+0000] {processor.py:186} INFO - Started process (PID=1822) to work on /home/airflow/.local/lib/python3.12/site-packages/airflow/example_dags/example_setup_teardown.py
[2024-08-26T15:27:18.517+0000] {processor.py:914} INFO - Processing file /home/airflow/.local/lib/python3.12/site-packages/airflow/example_dags/example_setup_teardown.py for tasks to queue
[2024-08-26T15:27:18.522+0000] {logging_mixin.py:190} INFO - [2024-08-26T15:27:18.521+0000] {dagbag.py:587} INFO - Filling up the DagBag from /home/airflow/.local/lib/python3.12/site-packages/airflow/example_dags/example_setup_teardown.py
[2024-08-26T15:27:18.555+0000] {processor.py:925} INFO - DAG(s) 'example_setup_teardown' retrieved from /home/airflow/.local/lib/python3.12/site-packages/airflow/example_dags/example_setup_teardown.py
[2024-08-26T15:27:18.627+0000] {logging_mixin.py:190} INFO - [2024-08-26T15:27:18.626+0000] {dag.py:3211} INFO - Sync 1 DAGs
[2024-08-26T15:27:18.726+0000] {logging_mixin.py:190} INFO - [2024-08-26T15:27:18.725+0000] {dag.py:4138} INFO - Setting next_dagrun for example_setup_teardown to 2024-08-25 00:00:00+00:00, run_after=2024-08-26 00:00:00+00:00
[2024-08-26T15:27:18.802+0000] {processor.py:208} INFO - Processing /home/airflow/.local/lib/python3.12/site-packages/airflow/example_dags/example_setup_teardown.py took 0.310 seconds
[2024-08-26T15:27:58.118+0000] {processor.py:186} INFO - Started process (PID=1889) to work on /home/airflow/.local/lib/python3.12/site-packages/airflow/example_dags/example_setup_teardown.py
[2024-08-26T15:27:58.123+0000] {processor.py:914} INFO - Processing file /home/airflow/.local/lib/python3.12/site-packages/airflow/example_dags/example_setup_teardown.py for tasks to queue
[2024-08-26T15:27:58.129+0000] {logging_mixin.py:190} INFO - [2024-08-26T15:27:58.128+0000] {dagbag.py:587} INFO - Filling up the DagBag from /home/airflow/.local/lib/python3.12/site-packages/airflow/example_dags/example_setup_teardown.py
[2024-08-26T15:27:58.169+0000] {processor.py:925} INFO - DAG(s) 'example_setup_teardown' retrieved from /home/airflow/.local/lib/python3.12/site-packages/airflow/example_dags/example_setup_teardown.py
[2024-08-26T15:27:58.243+0000] {logging_mixin.py:190} INFO - [2024-08-26T15:27:58.242+0000] {dag.py:3211} INFO - Sync 1 DAGs
[2024-08-26T15:27:58.371+0000] {logging_mixin.py:190} INFO - [2024-08-26T15:27:58.370+0000] {dag.py:4138} INFO - Setting next_dagrun for example_setup_teardown to 2024-08-25 00:00:00+00:00, run_after=2024-08-26 00:00:00+00:00
[2024-08-26T15:27:58.459+0000] {processor.py:208} INFO - Processing /home/airflow/.local/lib/python3.12/site-packages/airflow/example_dags/example_setup_teardown.py took 0.367 seconds
[2024-08-26T15:28:38.720+0000] {processor.py:186} INFO - Started process (PID=1961) to work on /home/airflow/.local/lib/python3.12/site-packages/airflow/example_dags/example_setup_teardown.py
[2024-08-26T15:28:38.727+0000] {processor.py:914} INFO - Processing file /home/airflow/.local/lib/python3.12/site-packages/airflow/example_dags/example_setup_teardown.py for tasks to queue
[2024-08-26T15:28:38.736+0000] {logging_mixin.py:190} INFO - [2024-08-26T15:28:38.735+0000] {dagbag.py:587} INFO - Filling up the DagBag from /home/airflow/.local/lib/python3.12/site-packages/airflow/example_dags/example_setup_teardown.py
[2024-08-26T15:28:38.793+0000] {processor.py:925} INFO - DAG(s) 'example_setup_teardown' retrieved from /home/airflow/.local/lib/python3.12/site-packages/airflow/example_dags/example_setup_teardown.py
[2024-08-26T15:28:38.874+0000] {logging_mixin.py:190} INFO - [2024-08-26T15:28:38.874+0000] {dag.py:3211} INFO - Sync 1 DAGs
[2024-08-26T15:28:39.608+0000] {logging_mixin.py:190} INFO - [2024-08-26T15:28:39.608+0000] {dag.py:4138} INFO - Setting next_dagrun for example_setup_teardown to 2024-08-25 00:00:00+00:00, run_after=2024-08-26 00:00:00+00:00
[2024-08-26T15:28:39.661+0000] {processor.py:208} INFO - Processing /home/airflow/.local/lib/python3.12/site-packages/airflow/example_dags/example_setup_teardown.py took 1.414 seconds
[2024-08-26T15:29:47.356+0000] {processor.py:186} INFO - Started process (PID=2034) to work on /home/airflow/.local/lib/python3.12/site-packages/airflow/example_dags/example_setup_teardown.py
[2024-08-26T15:29:47.365+0000] {processor.py:914} INFO - Processing file /home/airflow/.local/lib/python3.12/site-packages/airflow/example_dags/example_setup_teardown.py for tasks to queue
[2024-08-26T15:29:47.376+0000] {logging_mixin.py:190} INFO - [2024-08-26T15:29:47.373+0000] {dagbag.py:587} INFO - Filling up the DagBag from /home/airflow/.local/lib/python3.12/site-packages/airflow/example_dags/example_setup_teardown.py
[2024-08-26T15:29:47.447+0000] {processor.py:925} INFO - DAG(s) 'example_setup_teardown' retrieved from /home/airflow/.local/lib/python3.12/site-packages/airflow/example_dags/example_setup_teardown.py
[2024-08-26T15:29:47.549+0000] {logging_mixin.py:190} INFO - [2024-08-26T15:29:47.548+0000] {dag.py:3211} INFO - Sync 1 DAGs
[2024-08-26T15:29:47.692+0000] {logging_mixin.py:190} INFO - [2024-08-26T15:29:47.691+0000] {dag.py:4138} INFO - Setting next_dagrun for example_setup_teardown to 2024-08-25 00:00:00+00:00, run_after=2024-08-26 00:00:00+00:00
[2024-08-26T15:29:47.787+0000] {processor.py:208} INFO - Processing /home/airflow/.local/lib/python3.12/site-packages/airflow/example_dags/example_setup_teardown.py took 0.469 seconds
[2024-08-26T15:31:04.105+0000] {processor.py:186} INFO - Started process (PID=2115) to work on /home/airflow/.local/lib/python3.12/site-packages/airflow/example_dags/example_setup_teardown.py
[2024-08-26T15:31:04.109+0000] {processor.py:914} INFO - Processing file /home/airflow/.local/lib/python3.12/site-packages/airflow/example_dags/example_setup_teardown.py for tasks to queue
[2024-08-26T15:31:04.114+0000] {logging_mixin.py:190} INFO - [2024-08-26T15:31:04.113+0000] {dagbag.py:587} INFO - Filling up the DagBag from /home/airflow/.local/lib/python3.12/site-packages/airflow/example_dags/example_setup_teardown.py
[2024-08-26T15:31:04.145+0000] {processor.py:925} INFO - DAG(s) 'example_setup_teardown' retrieved from /home/airflow/.local/lib/python3.12/site-packages/airflow/example_dags/example_setup_teardown.py
[2024-08-26T15:31:04.212+0000] {logging_mixin.py:190} INFO - [2024-08-26T15:31:04.211+0000] {dag.py:3211} INFO - Sync 1 DAGs
[2024-08-26T15:31:04.292+0000] {logging_mixin.py:190} INFO - [2024-08-26T15:31:04.291+0000] {dag.py:4138} INFO - Setting next_dagrun for example_setup_teardown to 2024-08-25 00:00:00+00:00, run_after=2024-08-26 00:00:00+00:00
[2024-08-26T15:31:04.348+0000] {processor.py:208} INFO - Processing /home/airflow/.local/lib/python3.12/site-packages/airflow/example_dags/example_setup_teardown.py took 0.266 seconds
[2024-08-26T15:31:55.967+0000] {processor.py:186} INFO - Started process (PID=2186) to work on /home/airflow/.local/lib/python3.12/site-packages/airflow/example_dags/example_setup_teardown.py
[2024-08-26T15:31:55.974+0000] {processor.py:914} INFO - Processing file /home/airflow/.local/lib/python3.12/site-packages/airflow/example_dags/example_setup_teardown.py for tasks to queue
[2024-08-26T15:31:55.980+0000] {logging_mixin.py:190} INFO - [2024-08-26T15:31:55.978+0000] {dagbag.py:587} INFO - Filling up the DagBag from /home/airflow/.local/lib/python3.12/site-packages/airflow/example_dags/example_setup_teardown.py
[2024-08-26T15:31:56.028+0000] {processor.py:925} INFO - DAG(s) 'example_setup_teardown' retrieved from /home/airflow/.local/lib/python3.12/site-packages/airflow/example_dags/example_setup_teardown.py
[2024-08-26T15:31:56.132+0000] {logging_mixin.py:190} INFO - [2024-08-26T15:31:56.131+0000] {dag.py:3211} INFO - Sync 1 DAGs
[2024-08-26T15:31:56.273+0000] {logging_mixin.py:190} INFO - [2024-08-26T15:31:56.273+0000] {dag.py:4138} INFO - Setting next_dagrun for example_setup_teardown to 2024-08-25 00:00:00+00:00, run_after=2024-08-26 00:00:00+00:00
[2024-08-26T15:31:56.349+0000] {processor.py:208} INFO - Processing /home/airflow/.local/lib/python3.12/site-packages/airflow/example_dags/example_setup_teardown.py took 0.413 seconds
[2024-08-26T15:33:12.070+0000] {processor.py:186} INFO - Started process (PID=2262) to work on /home/airflow/.local/lib/python3.12/site-packages/airflow/example_dags/example_setup_teardown.py
[2024-08-26T15:33:12.083+0000] {processor.py:914} INFO - Processing file /home/airflow/.local/lib/python3.12/site-packages/airflow/example_dags/example_setup_teardown.py for tasks to queue
[2024-08-26T15:33:12.091+0000] {logging_mixin.py:190} INFO - [2024-08-26T15:33:12.089+0000] {dagbag.py:587} INFO - Filling up the DagBag from /home/airflow/.local/lib/python3.12/site-packages/airflow/example_dags/example_setup_teardown.py
[2024-08-26T15:33:12.150+0000] {processor.py:925} INFO - DAG(s) 'example_setup_teardown' retrieved from /home/airflow/.local/lib/python3.12/site-packages/airflow/example_dags/example_setup_teardown.py
[2024-08-26T15:33:12.367+0000] {logging_mixin.py:190} INFO - [2024-08-26T15:33:12.366+0000] {dag.py:3211} INFO - Sync 1 DAGs
[2024-08-26T15:33:12.604+0000] {logging_mixin.py:190} INFO - [2024-08-26T15:33:12.603+0000] {dag.py:4138} INFO - Setting next_dagrun for example_setup_teardown to 2024-08-25 00:00:00+00:00, run_after=2024-08-26 00:00:00+00:00
[2024-08-26T15:33:12.748+0000] {processor.py:208} INFO - Processing /home/airflow/.local/lib/python3.12/site-packages/airflow/example_dags/example_setup_teardown.py took 0.716 seconds
[2024-08-26T15:39:01.428+0000] {processor.py:186} INFO - Started process (PID=2392) to work on /home/airflow/.local/lib/python3.12/site-packages/airflow/example_dags/example_setup_teardown.py
[2024-08-26T15:39:01.433+0000] {processor.py:914} INFO - Processing file /home/airflow/.local/lib/python3.12/site-packages/airflow/example_dags/example_setup_teardown.py for tasks to queue
[2024-08-26T15:39:01.441+0000] {logging_mixin.py:190} INFO - [2024-08-26T15:39:01.440+0000] {dagbag.py:587} INFO - Filling up the DagBag from /home/airflow/.local/lib/python3.12/site-packages/airflow/example_dags/example_setup_teardown.py
[2024-08-26T15:39:01.468+0000] {processor.py:925} INFO - DAG(s) 'example_setup_teardown' retrieved from /home/airflow/.local/lib/python3.12/site-packages/airflow/example_dags/example_setup_teardown.py
[2024-08-26T15:39:01.561+0000] {logging_mixin.py:190} INFO - [2024-08-26T15:39:01.560+0000] {dag.py:3211} INFO - Sync 1 DAGs
[2024-08-26T15:39:01.680+0000] {logging_mixin.py:190} INFO - [2024-08-26T15:39:01.679+0000] {dag.py:4138} INFO - Setting next_dagrun for example_setup_teardown to 2024-08-25 00:00:00+00:00, run_after=2024-08-26 00:00:00+00:00
[2024-08-26T15:39:01.754+0000] {processor.py:208} INFO - Processing /home/airflow/.local/lib/python3.12/site-packages/airflow/example_dags/example_setup_teardown.py took 0.351 seconds
[2024-08-26T15:39:35.192+0000] {processor.py:186} INFO - Started process (PID=2458) to work on /home/airflow/.local/lib/python3.12/site-packages/airflow/example_dags/example_setup_teardown.py
[2024-08-26T15:39:35.195+0000] {processor.py:914} INFO - Processing file /home/airflow/.local/lib/python3.12/site-packages/airflow/example_dags/example_setup_teardown.py for tasks to queue
[2024-08-26T15:39:35.198+0000] {logging_mixin.py:190} INFO - [2024-08-26T15:39:35.197+0000] {dagbag.py:587} INFO - Filling up the DagBag from /home/airflow/.local/lib/python3.12/site-packages/airflow/example_dags/example_setup_teardown.py
[2024-08-26T15:39:35.212+0000] {processor.py:925} INFO - DAG(s) 'example_setup_teardown' retrieved from /home/airflow/.local/lib/python3.12/site-packages/airflow/example_dags/example_setup_teardown.py
[2024-08-26T15:39:35.264+0000] {logging_mixin.py:190} INFO - [2024-08-26T15:39:35.263+0000] {dag.py:3211} INFO - Sync 1 DAGs
[2024-08-26T15:39:35.319+0000] {logging_mixin.py:190} INFO - [2024-08-26T15:39:35.318+0000] {dag.py:4138} INFO - Setting next_dagrun for example_setup_teardown to 2024-08-25 00:00:00+00:00, run_after=2024-08-26 00:00:00+00:00
[2024-08-26T15:39:35.387+0000] {processor.py:208} INFO - Processing /home/airflow/.local/lib/python3.12/site-packages/airflow/example_dags/example_setup_teardown.py took 0.209 seconds
[2024-08-26T15:40:23.160+0000] {processor.py:186} INFO - Started process (PID=2525) to work on /home/airflow/.local/lib/python3.12/site-packages/airflow/example_dags/example_setup_teardown.py
[2024-08-26T15:40:23.163+0000] {processor.py:914} INFO - Processing file /home/airflow/.local/lib/python3.12/site-packages/airflow/example_dags/example_setup_teardown.py for tasks to queue
[2024-08-26T15:40:23.166+0000] {logging_mixin.py:190} INFO - [2024-08-26T15:40:23.166+0000] {dagbag.py:587} INFO - Filling up the DagBag from /home/airflow/.local/lib/python3.12/site-packages/airflow/example_dags/example_setup_teardown.py
[2024-08-26T15:40:23.181+0000] {processor.py:925} INFO - DAG(s) 'example_setup_teardown' retrieved from /home/airflow/.local/lib/python3.12/site-packages/airflow/example_dags/example_setup_teardown.py
[2024-08-26T15:40:23.231+0000] {logging_mixin.py:190} INFO - [2024-08-26T15:40:23.231+0000] {dag.py:3211} INFO - Sync 1 DAGs
[2024-08-26T15:40:23.279+0000] {logging_mixin.py:190} INFO - [2024-08-26T15:40:23.278+0000] {dag.py:4138} INFO - Setting next_dagrun for example_setup_teardown to 2024-08-25 00:00:00+00:00, run_after=2024-08-26 00:00:00+00:00
[2024-08-26T15:40:23.315+0000] {processor.py:208} INFO - Processing /home/airflow/.local/lib/python3.12/site-packages/airflow/example_dags/example_setup_teardown.py took 0.169 seconds
[2024-08-26T15:41:14.647+0000] {processor.py:186} INFO - Started process (PID=2597) to work on /home/airflow/.local/lib/python3.12/site-packages/airflow/example_dags/example_setup_teardown.py
[2024-08-26T15:41:14.652+0000] {processor.py:914} INFO - Processing file /home/airflow/.local/lib/python3.12/site-packages/airflow/example_dags/example_setup_teardown.py for tasks to queue
[2024-08-26T15:41:14.657+0000] {logging_mixin.py:190} INFO - [2024-08-26T15:41:14.656+0000] {dagbag.py:587} INFO - Filling up the DagBag from /home/airflow/.local/lib/python3.12/site-packages/airflow/example_dags/example_setup_teardown.py
[2024-08-26T15:41:14.685+0000] {processor.py:925} INFO - DAG(s) 'example_setup_teardown' retrieved from /home/airflow/.local/lib/python3.12/site-packages/airflow/example_dags/example_setup_teardown.py
[2024-08-26T15:41:14.774+0000] {logging_mixin.py:190} INFO - [2024-08-26T15:41:14.774+0000] {dag.py:3211} INFO - Sync 1 DAGs
[2024-08-26T15:41:14.886+0000] {logging_mixin.py:190} INFO - [2024-08-26T15:41:14.884+0000] {dag.py:4138} INFO - Setting next_dagrun for example_setup_teardown to 2024-08-25 00:00:00+00:00, run_after=2024-08-26 00:00:00+00:00
[2024-08-26T15:41:14.943+0000] {processor.py:208} INFO - Processing /home/airflow/.local/lib/python3.12/site-packages/airflow/example_dags/example_setup_teardown.py took 0.318 seconds
[2024-08-26T15:44:02.999+0000] {processor.py:186} INFO - Started process (PID=2697) to work on /home/airflow/.local/lib/python3.12/site-packages/airflow/example_dags/example_setup_teardown.py
[2024-08-26T15:44:03.004+0000] {processor.py:914} INFO - Processing file /home/airflow/.local/lib/python3.12/site-packages/airflow/example_dags/example_setup_teardown.py for tasks to queue
[2024-08-26T15:44:03.009+0000] {logging_mixin.py:190} INFO - [2024-08-26T15:44:03.008+0000] {dagbag.py:587} INFO - Filling up the DagBag from /home/airflow/.local/lib/python3.12/site-packages/airflow/example_dags/example_setup_teardown.py
[2024-08-26T15:44:03.032+0000] {processor.py:925} INFO - DAG(s) 'example_setup_teardown' retrieved from /home/airflow/.local/lib/python3.12/site-packages/airflow/example_dags/example_setup_teardown.py
[2024-08-26T15:44:03.149+0000] {logging_mixin.py:190} INFO - [2024-08-26T15:44:03.148+0000] {dag.py:3211} INFO - Sync 1 DAGs
[2024-08-26T15:44:03.253+0000] {logging_mixin.py:190} INFO - [2024-08-26T15:44:03.253+0000] {dag.py:4138} INFO - Setting next_dagrun for example_setup_teardown to 2024-08-25 00:00:00+00:00, run_after=2024-08-26 00:00:00+00:00
[2024-08-26T15:44:03.314+0000] {processor.py:208} INFO - Processing /home/airflow/.local/lib/python3.12/site-packages/airflow/example_dags/example_setup_teardown.py took 0.341 seconds
[2024-08-26T15:44:43.079+0000] {processor.py:186} INFO - Started process (PID=2764) to work on /home/airflow/.local/lib/python3.12/site-packages/airflow/example_dags/example_setup_teardown.py
[2024-08-26T15:44:43.082+0000] {processor.py:914} INFO - Processing file /home/airflow/.local/lib/python3.12/site-packages/airflow/example_dags/example_setup_teardown.py for tasks to queue
[2024-08-26T15:44:43.086+0000] {logging_mixin.py:190} INFO - [2024-08-26T15:44:43.085+0000] {dagbag.py:587} INFO - Filling up the DagBag from /home/airflow/.local/lib/python3.12/site-packages/airflow/example_dags/example_setup_teardown.py
[2024-08-26T15:44:43.102+0000] {processor.py:925} INFO - DAG(s) 'example_setup_teardown' retrieved from /home/airflow/.local/lib/python3.12/site-packages/airflow/example_dags/example_setup_teardown.py
[2024-08-26T15:44:43.152+0000] {logging_mixin.py:190} INFO - [2024-08-26T15:44:43.151+0000] {dag.py:3211} INFO - Sync 1 DAGs
[2024-08-26T15:44:43.203+0000] {logging_mixin.py:190} INFO - [2024-08-26T15:44:43.202+0000] {dag.py:4138} INFO - Setting next_dagrun for example_setup_teardown to 2024-08-25 00:00:00+00:00, run_after=2024-08-26 00:00:00+00:00
[2024-08-26T15:44:43.249+0000] {processor.py:208} INFO - Processing /home/airflow/.local/lib/python3.12/site-packages/airflow/example_dags/example_setup_teardown.py took 0.185 seconds
[2024-08-26T15:45:19.350+0000] {processor.py:186} INFO - Started process (PID=2830) to work on /home/airflow/.local/lib/python3.12/site-packages/airflow/example_dags/example_setup_teardown.py
[2024-08-26T15:45:19.351+0000] {processor.py:914} INFO - Processing file /home/airflow/.local/lib/python3.12/site-packages/airflow/example_dags/example_setup_teardown.py for tasks to queue
[2024-08-26T15:45:19.354+0000] {logging_mixin.py:190} INFO - [2024-08-26T15:45:19.353+0000] {dagbag.py:587} INFO - Filling up the DagBag from /home/airflow/.local/lib/python3.12/site-packages/airflow/example_dags/example_setup_teardown.py
[2024-08-26T15:45:19.363+0000] {processor.py:925} INFO - DAG(s) 'example_setup_teardown' retrieved from /home/airflow/.local/lib/python3.12/site-packages/airflow/example_dags/example_setup_teardown.py
[2024-08-26T15:45:19.395+0000] {logging_mixin.py:190} INFO - [2024-08-26T15:45:19.394+0000] {dag.py:3211} INFO - Sync 1 DAGs
[2024-08-26T15:45:19.426+0000] {logging_mixin.py:190} INFO - [2024-08-26T15:45:19.426+0000] {dag.py:4138} INFO - Setting next_dagrun for example_setup_teardown to 2024-08-25 00:00:00+00:00, run_after=2024-08-26 00:00:00+00:00
[2024-08-26T15:45:19.451+0000] {processor.py:208} INFO - Processing /home/airflow/.local/lib/python3.12/site-packages/airflow/example_dags/example_setup_teardown.py took 0.111 seconds
[2024-08-26T15:46:05.578+0000] {processor.py:186} INFO - Started process (PID=2902) to work on /home/airflow/.local/lib/python3.12/site-packages/airflow/example_dags/example_setup_teardown.py
[2024-08-26T15:46:05.586+0000] {processor.py:914} INFO - Processing file /home/airflow/.local/lib/python3.12/site-packages/airflow/example_dags/example_setup_teardown.py for tasks to queue
[2024-08-26T15:46:05.595+0000] {logging_mixin.py:190} INFO - [2024-08-26T15:46:05.593+0000] {dagbag.py:587} INFO - Filling up the DagBag from /home/airflow/.local/lib/python3.12/site-packages/airflow/example_dags/example_setup_teardown.py
[2024-08-26T15:46:05.633+0000] {processor.py:925} INFO - DAG(s) 'example_setup_teardown' retrieved from /home/airflow/.local/lib/python3.12/site-packages/airflow/example_dags/example_setup_teardown.py
[2024-08-26T15:46:05.749+0000] {logging_mixin.py:190} INFO - [2024-08-26T15:46:05.748+0000] {dag.py:3211} INFO - Sync 1 DAGs
[2024-08-26T15:46:05.863+0000] {logging_mixin.py:190} INFO - [2024-08-26T15:46:05.862+0000] {dag.py:4138} INFO - Setting next_dagrun for example_setup_teardown to 2024-08-25 00:00:00+00:00, run_after=2024-08-26 00:00:00+00:00
[2024-08-26T15:46:05.929+0000] {processor.py:208} INFO - Processing /home/airflow/.local/lib/python3.12/site-packages/airflow/example_dags/example_setup_teardown.py took 0.379 seconds
[2024-08-26T15:48:16.609+0000] {processor.py:186} INFO - Started process (PID=2990) to work on /home/airflow/.local/lib/python3.12/site-packages/airflow/example_dags/example_setup_teardown.py
[2024-08-26T15:48:16.629+0000] {processor.py:914} INFO - Processing file /home/airflow/.local/lib/python3.12/site-packages/airflow/example_dags/example_setup_teardown.py for tasks to queue
[2024-08-26T15:48:16.644+0000] {logging_mixin.py:190} INFO - [2024-08-26T15:48:16.643+0000] {dagbag.py:587} INFO - Filling up the DagBag from /home/airflow/.local/lib/python3.12/site-packages/airflow/example_dags/example_setup_teardown.py
[2024-08-26T15:48:16.692+0000] {processor.py:925} INFO - DAG(s) 'example_setup_teardown' retrieved from /home/airflow/.local/lib/python3.12/site-packages/airflow/example_dags/example_setup_teardown.py
[2024-08-26T15:48:16.870+0000] {logging_mixin.py:190} INFO - [2024-08-26T15:48:16.869+0000] {dag.py:3211} INFO - Sync 1 DAGs
[2024-08-26T15:48:16.965+0000] {logging_mixin.py:190} INFO - [2024-08-26T15:48:16.964+0000] {dag.py:4138} INFO - Setting next_dagrun for example_setup_teardown to 2024-08-25 00:00:00+00:00, run_after=2024-08-26 00:00:00+00:00
[2024-08-26T15:48:17.033+0000] {processor.py:208} INFO - Processing /home/airflow/.local/lib/python3.12/site-packages/airflow/example_dags/example_setup_teardown.py took 0.462 seconds
[2024-08-26T15:51:12.853+0000] {processor.py:186} INFO - Started process (PID=3089) to work on /home/airflow/.local/lib/python3.12/site-packages/airflow/example_dags/example_setup_teardown.py
[2024-08-26T15:51:12.859+0000] {processor.py:914} INFO - Processing file /home/airflow/.local/lib/python3.12/site-packages/airflow/example_dags/example_setup_teardown.py for tasks to queue
[2024-08-26T15:51:12.879+0000] {logging_mixin.py:190} INFO - [2024-08-26T15:51:12.877+0000] {dagbag.py:587} INFO - Filling up the DagBag from /home/airflow/.local/lib/python3.12/site-packages/airflow/example_dags/example_setup_teardown.py
[2024-08-26T15:51:12.940+0000] {processor.py:925} INFO - DAG(s) 'example_setup_teardown' retrieved from /home/airflow/.local/lib/python3.12/site-packages/airflow/example_dags/example_setup_teardown.py
[2024-08-26T15:51:13.204+0000] {logging_mixin.py:190} INFO - [2024-08-26T15:51:13.203+0000] {dag.py:3211} INFO - Sync 1 DAGs
[2024-08-26T15:51:13.432+0000] {logging_mixin.py:190} INFO - [2024-08-26T15:51:13.430+0000] {dag.py:4138} INFO - Setting next_dagrun for example_setup_teardown to 2024-08-25 00:00:00+00:00, run_after=2024-08-26 00:00:00+00:00
[2024-08-26T15:51:13.606+0000] {processor.py:208} INFO - Processing /home/airflow/.local/lib/python3.12/site-packages/airflow/example_dags/example_setup_teardown.py took 0.825 seconds
[2024-08-26T15:51:53.720+0000] {processor.py:186} INFO - Started process (PID=3155) to work on /home/airflow/.local/lib/python3.12/site-packages/airflow/example_dags/example_setup_teardown.py
[2024-08-26T15:51:53.723+0000] {processor.py:914} INFO - Processing file /home/airflow/.local/lib/python3.12/site-packages/airflow/example_dags/example_setup_teardown.py for tasks to queue
[2024-08-26T15:51:53.726+0000] {logging_mixin.py:190} INFO - [2024-08-26T15:51:53.725+0000] {dagbag.py:587} INFO - Filling up the DagBag from /home/airflow/.local/lib/python3.12/site-packages/airflow/example_dags/example_setup_teardown.py
[2024-08-26T15:51:53.740+0000] {processor.py:925} INFO - DAG(s) 'example_setup_teardown' retrieved from /home/airflow/.local/lib/python3.12/site-packages/airflow/example_dags/example_setup_teardown.py
[2024-08-26T15:51:53.796+0000] {logging_mixin.py:190} INFO - [2024-08-26T15:51:53.795+0000] {dag.py:3211} INFO - Sync 1 DAGs
[2024-08-26T15:51:53.850+0000] {logging_mixin.py:190} INFO - [2024-08-26T15:51:53.850+0000] {dag.py:4138} INFO - Setting next_dagrun for example_setup_teardown to 2024-08-25 00:00:00+00:00, run_after=2024-08-26 00:00:00+00:00
[2024-08-26T15:51:53.889+0000] {processor.py:208} INFO - Processing /home/airflow/.local/lib/python3.12/site-packages/airflow/example_dags/example_setup_teardown.py took 0.188 seconds
[2024-08-26T15:52:35.905+0000] {processor.py:186} INFO - Started process (PID=3222) to work on /home/airflow/.local/lib/python3.12/site-packages/airflow/example_dags/example_setup_teardown.py
[2024-08-26T15:52:35.909+0000] {processor.py:914} INFO - Processing file /home/airflow/.local/lib/python3.12/site-packages/airflow/example_dags/example_setup_teardown.py for tasks to queue
[2024-08-26T15:52:35.917+0000] {logging_mixin.py:190} INFO - [2024-08-26T15:52:35.915+0000] {dagbag.py:587} INFO - Filling up the DagBag from /home/airflow/.local/lib/python3.12/site-packages/airflow/example_dags/example_setup_teardown.py
[2024-08-26T15:52:35.933+0000] {processor.py:925} INFO - DAG(s) 'example_setup_teardown' retrieved from /home/airflow/.local/lib/python3.12/site-packages/airflow/example_dags/example_setup_teardown.py
[2024-08-26T15:52:35.987+0000] {logging_mixin.py:190} INFO - [2024-08-26T15:52:35.986+0000] {dag.py:3211} INFO - Sync 1 DAGs
[2024-08-26T15:52:36.144+0000] {logging_mixin.py:190} INFO - [2024-08-26T15:52:36.143+0000] {dag.py:4138} INFO - Setting next_dagrun for example_setup_teardown to 2024-08-25 00:00:00+00:00, run_after=2024-08-26 00:00:00+00:00
[2024-08-26T15:52:36.224+0000] {processor.py:208} INFO - Processing /home/airflow/.local/lib/python3.12/site-packages/airflow/example_dags/example_setup_teardown.py took 0.340 seconds
