[2024-08-26T10:34:45.500+0000] {processor.py:186} INFO - Started process (PID=96) to work on /home/airflow/.local/lib/python3.12/site-packages/airflow/example_dags/example_task_group.py
[2024-08-26T10:34:45.502+0000] {processor.py:914} INFO - Processing file /home/airflow/.local/lib/python3.12/site-packages/airflow/example_dags/example_task_group.py for tasks to queue
[2024-08-26T10:34:45.505+0000] {logging_mixin.py:190} INFO - [2024-08-26T10:34:45.505+0000] {dagbag.py:587} INFO - Filling up the DagBag from /home/airflow/.local/lib/python3.12/site-packages/airflow/example_dags/example_task_group.py
[2024-08-26T10:34:45.518+0000] {processor.py:925} INFO - DAG(s) 'example_task_group' retrieved from /home/airflow/.local/lib/python3.12/site-packages/airflow/example_dags/example_task_group.py
[2024-08-26T10:34:45.551+0000] {logging_mixin.py:190} INFO - [2024-08-26T10:34:45.550+0000] {dag.py:3211} INFO - Sync 1 DAGs
[2024-08-26T10:34:45.599+0000] {logging_mixin.py:190} INFO - [2024-08-26T10:34:45.599+0000] {dag.py:4138} INFO - Setting next_dagrun for example_task_group to 2024-08-25 00:00:00+00:00, run_after=2024-08-26 00:00:00+00:00
[2024-08-26T10:34:45.625+0000] {processor.py:208} INFO - Processing /home/airflow/.local/lib/python3.12/site-packages/airflow/example_dags/example_task_group.py took 0.146 seconds
[2024-08-26T10:35:28.613+0000] {processor.py:186} INFO - Started process (PID=168) to work on /home/airflow/.local/lib/python3.12/site-packages/airflow/example_dags/example_task_group.py
[2024-08-26T10:35:28.614+0000] {processor.py:914} INFO - Processing file /home/airflow/.local/lib/python3.12/site-packages/airflow/example_dags/example_task_group.py for tasks to queue
[2024-08-26T10:35:28.618+0000] {logging_mixin.py:190} INFO - [2024-08-26T10:35:28.618+0000] {dagbag.py:587} INFO - Filling up the DagBag from /home/airflow/.local/lib/python3.12/site-packages/airflow/example_dags/example_task_group.py
[2024-08-26T10:35:28.632+0000] {processor.py:925} INFO - DAG(s) 'example_task_group' retrieved from /home/airflow/.local/lib/python3.12/site-packages/airflow/example_dags/example_task_group.py
[2024-08-26T10:35:28.664+0000] {logging_mixin.py:190} INFO - [2024-08-26T10:35:28.664+0000] {dag.py:3211} INFO - Sync 1 DAGs
[2024-08-26T10:35:28.699+0000] {logging_mixin.py:190} INFO - [2024-08-26T10:35:28.699+0000] {dag.py:4138} INFO - Setting next_dagrun for example_task_group to 2024-08-25 00:00:00+00:00, run_after=2024-08-26 00:00:00+00:00
[2024-08-26T10:35:28.726+0000] {processor.py:208} INFO - Processing /home/airflow/.local/lib/python3.12/site-packages/airflow/example_dags/example_task_group.py took 0.122 seconds
[2024-08-26T10:38:04.982+0000] {processor.py:186} INFO - Started process (PID=96) to work on /home/airflow/.local/lib/python3.12/site-packages/airflow/example_dags/example_task_group.py
[2024-08-26T10:38:04.984+0000] {processor.py:914} INFO - Processing file /home/airflow/.local/lib/python3.12/site-packages/airflow/example_dags/example_task_group.py for tasks to queue
[2024-08-26T10:38:04.987+0000] {logging_mixin.py:190} INFO - [2024-08-26T10:38:04.987+0000] {dagbag.py:587} INFO - Filling up the DagBag from /home/airflow/.local/lib/python3.12/site-packages/airflow/example_dags/example_task_group.py
[2024-08-26T10:38:05.000+0000] {processor.py:925} INFO - DAG(s) 'example_task_group' retrieved from /home/airflow/.local/lib/python3.12/site-packages/airflow/example_dags/example_task_group.py
[2024-08-26T10:38:05.034+0000] {logging_mixin.py:190} INFO - [2024-08-26T10:38:05.033+0000] {dag.py:3211} INFO - Sync 1 DAGs
[2024-08-26T10:38:05.068+0000] {logging_mixin.py:190} INFO - [2024-08-26T10:38:05.068+0000] {dag.py:4138} INFO - Setting next_dagrun for example_task_group to 2024-08-25 00:00:00+00:00, run_after=2024-08-26 00:00:00+00:00
[2024-08-26T10:38:05.092+0000] {processor.py:208} INFO - Processing /home/airflow/.local/lib/python3.12/site-packages/airflow/example_dags/example_task_group.py took 0.119 seconds
[2024-08-26T10:38:44.633+0000] {processor.py:186} INFO - Started process (PID=162) to work on /home/airflow/.local/lib/python3.12/site-packages/airflow/example_dags/example_task_group.py
[2024-08-26T10:38:44.635+0000] {processor.py:914} INFO - Processing file /home/airflow/.local/lib/python3.12/site-packages/airflow/example_dags/example_task_group.py for tasks to queue
[2024-08-26T10:38:44.638+0000] {logging_mixin.py:190} INFO - [2024-08-26T10:38:44.638+0000] {dagbag.py:587} INFO - Filling up the DagBag from /home/airflow/.local/lib/python3.12/site-packages/airflow/example_dags/example_task_group.py
[2024-08-26T10:38:44.652+0000] {processor.py:925} INFO - DAG(s) 'example_task_group' retrieved from /home/airflow/.local/lib/python3.12/site-packages/airflow/example_dags/example_task_group.py
[2024-08-26T10:38:44.683+0000] {logging_mixin.py:190} INFO - [2024-08-26T10:38:44.683+0000] {dag.py:3211} INFO - Sync 1 DAGs
[2024-08-26T10:38:44.718+0000] {logging_mixin.py:190} INFO - [2024-08-26T10:38:44.718+0000] {dag.py:4138} INFO - Setting next_dagrun for example_task_group to 2024-08-25 00:00:00+00:00, run_after=2024-08-26 00:00:00+00:00
[2024-08-26T10:38:44.745+0000] {processor.py:208} INFO - Processing /home/airflow/.local/lib/python3.12/site-packages/airflow/example_dags/example_task_group.py took 0.120 seconds
[2024-08-26T10:39:23.413+0000] {processor.py:186} INFO - Started process (PID=228) to work on /home/airflow/.local/lib/python3.12/site-packages/airflow/example_dags/example_task_group.py
[2024-08-26T10:39:23.415+0000] {processor.py:914} INFO - Processing file /home/airflow/.local/lib/python3.12/site-packages/airflow/example_dags/example_task_group.py for tasks to queue
[2024-08-26T10:39:23.418+0000] {logging_mixin.py:190} INFO - [2024-08-26T10:39:23.417+0000] {dagbag.py:587} INFO - Filling up the DagBag from /home/airflow/.local/lib/python3.12/site-packages/airflow/example_dags/example_task_group.py
[2024-08-26T10:39:23.430+0000] {processor.py:925} INFO - DAG(s) 'example_task_group' retrieved from /home/airflow/.local/lib/python3.12/site-packages/airflow/example_dags/example_task_group.py
[2024-08-26T10:39:23.461+0000] {logging_mixin.py:190} INFO - [2024-08-26T10:39:23.461+0000] {dag.py:3211} INFO - Sync 1 DAGs
[2024-08-26T10:39:23.492+0000] {logging_mixin.py:190} INFO - [2024-08-26T10:39:23.492+0000] {dag.py:4138} INFO - Setting next_dagrun for example_task_group to 2024-08-25 00:00:00+00:00, run_after=2024-08-26 00:00:00+00:00
[2024-08-26T10:39:23.516+0000] {processor.py:208} INFO - Processing /home/airflow/.local/lib/python3.12/site-packages/airflow/example_dags/example_task_group.py took 0.112 seconds
[2024-08-26T10:40:03.121+0000] {processor.py:186} INFO - Started process (PID=302) to work on /home/airflow/.local/lib/python3.12/site-packages/airflow/example_dags/example_task_group.py
[2024-08-26T10:40:03.122+0000] {processor.py:914} INFO - Processing file /home/airflow/.local/lib/python3.12/site-packages/airflow/example_dags/example_task_group.py for tasks to queue
[2024-08-26T10:40:03.125+0000] {logging_mixin.py:190} INFO - [2024-08-26T10:40:03.125+0000] {dagbag.py:587} INFO - Filling up the DagBag from /home/airflow/.local/lib/python3.12/site-packages/airflow/example_dags/example_task_group.py
[2024-08-26T10:40:03.138+0000] {processor.py:925} INFO - DAG(s) 'example_task_group' retrieved from /home/airflow/.local/lib/python3.12/site-packages/airflow/example_dags/example_task_group.py
[2024-08-26T10:40:03.169+0000] {logging_mixin.py:190} INFO - [2024-08-26T10:40:03.168+0000] {dag.py:3211} INFO - Sync 1 DAGs
[2024-08-26T10:40:03.201+0000] {logging_mixin.py:190} INFO - [2024-08-26T10:40:03.200+0000] {dag.py:4138} INFO - Setting next_dagrun for example_task_group to 2024-08-25 00:00:00+00:00, run_after=2024-08-26 00:00:00+00:00
[2024-08-26T10:40:03.223+0000] {processor.py:208} INFO - Processing /home/airflow/.local/lib/python3.12/site-packages/airflow/example_dags/example_task_group.py took 0.111 seconds
[2024-08-26T10:40:46.497+0000] {processor.py:186} INFO - Started process (PID=370) to work on /home/airflow/.local/lib/python3.12/site-packages/airflow/example_dags/example_task_group.py
[2024-08-26T10:40:46.499+0000] {processor.py:914} INFO - Processing file /home/airflow/.local/lib/python3.12/site-packages/airflow/example_dags/example_task_group.py for tasks to queue
[2024-08-26T10:40:46.503+0000] {logging_mixin.py:190} INFO - [2024-08-26T10:40:46.502+0000] {dagbag.py:587} INFO - Filling up the DagBag from /home/airflow/.local/lib/python3.12/site-packages/airflow/example_dags/example_task_group.py
[2024-08-26T10:40:46.515+0000] {processor.py:925} INFO - DAG(s) 'example_task_group' retrieved from /home/airflow/.local/lib/python3.12/site-packages/airflow/example_dags/example_task_group.py
[2024-08-26T10:40:46.544+0000] {logging_mixin.py:190} INFO - [2024-08-26T10:40:46.544+0000] {dag.py:3211} INFO - Sync 1 DAGs
[2024-08-26T10:40:46.574+0000] {logging_mixin.py:190} INFO - [2024-08-26T10:40:46.574+0000] {dag.py:4138} INFO - Setting next_dagrun for example_task_group to 2024-08-25 00:00:00+00:00, run_after=2024-08-26 00:00:00+00:00
[2024-08-26T10:40:46.596+0000] {processor.py:208} INFO - Processing /home/airflow/.local/lib/python3.12/site-packages/airflow/example_dags/example_task_group.py took 0.107 seconds
[2024-08-26T10:41:23.665+0000] {processor.py:186} INFO - Started process (PID=435) to work on /home/airflow/.local/lib/python3.12/site-packages/airflow/example_dags/example_task_group.py
[2024-08-26T10:41:23.667+0000] {processor.py:914} INFO - Processing file /home/airflow/.local/lib/python3.12/site-packages/airflow/example_dags/example_task_group.py for tasks to queue
[2024-08-26T10:41:23.670+0000] {logging_mixin.py:190} INFO - [2024-08-26T10:41:23.670+0000] {dagbag.py:587} INFO - Filling up the DagBag from /home/airflow/.local/lib/python3.12/site-packages/airflow/example_dags/example_task_group.py
[2024-08-26T10:41:23.683+0000] {processor.py:925} INFO - DAG(s) 'example_task_group' retrieved from /home/airflow/.local/lib/python3.12/site-packages/airflow/example_dags/example_task_group.py
[2024-08-26T10:41:23.715+0000] {logging_mixin.py:190} INFO - [2024-08-26T10:41:23.715+0000] {dag.py:3211} INFO - Sync 1 DAGs
[2024-08-26T10:41:23.751+0000] {logging_mixin.py:190} INFO - [2024-08-26T10:41:23.750+0000] {dag.py:4138} INFO - Setting next_dagrun for example_task_group to 2024-08-25 00:00:00+00:00, run_after=2024-08-26 00:00:00+00:00
[2024-08-26T10:41:23.781+0000] {processor.py:208} INFO - Processing /home/airflow/.local/lib/python3.12/site-packages/airflow/example_dags/example_task_group.py took 0.123 seconds
[2024-08-26T10:42:09.516+0000] {processor.py:186} INFO - Started process (PID=507) to work on /home/airflow/.local/lib/python3.12/site-packages/airflow/example_dags/example_task_group.py
[2024-08-26T10:42:09.517+0000] {processor.py:914} INFO - Processing file /home/airflow/.local/lib/python3.12/site-packages/airflow/example_dags/example_task_group.py for tasks to queue
[2024-08-26T10:42:09.521+0000] {logging_mixin.py:190} INFO - [2024-08-26T10:42:09.520+0000] {dagbag.py:587} INFO - Filling up the DagBag from /home/airflow/.local/lib/python3.12/site-packages/airflow/example_dags/example_task_group.py
[2024-08-26T10:42:09.534+0000] {processor.py:925} INFO - DAG(s) 'example_task_group' retrieved from /home/airflow/.local/lib/python3.12/site-packages/airflow/example_dags/example_task_group.py
[2024-08-26T10:42:09.565+0000] {logging_mixin.py:190} INFO - [2024-08-26T10:42:09.565+0000] {dag.py:3211} INFO - Sync 1 DAGs
[2024-08-26T10:42:09.602+0000] {logging_mixin.py:190} INFO - [2024-08-26T10:42:09.601+0000] {dag.py:4138} INFO - Setting next_dagrun for example_task_group to 2024-08-25 00:00:00+00:00, run_after=2024-08-26 00:00:00+00:00
[2024-08-26T10:42:09.630+0000] {processor.py:208} INFO - Processing /home/airflow/.local/lib/python3.12/site-packages/airflow/example_dags/example_task_group.py took 0.123 seconds
[2024-08-26T10:42:55.165+0000] {processor.py:186} INFO - Started process (PID=575) to work on /home/airflow/.local/lib/python3.12/site-packages/airflow/example_dags/example_task_group.py
[2024-08-26T10:42:55.167+0000] {processor.py:914} INFO - Processing file /home/airflow/.local/lib/python3.12/site-packages/airflow/example_dags/example_task_group.py for tasks to queue
[2024-08-26T10:42:55.170+0000] {logging_mixin.py:190} INFO - [2024-08-26T10:42:55.169+0000] {dagbag.py:587} INFO - Filling up the DagBag from /home/airflow/.local/lib/python3.12/site-packages/airflow/example_dags/example_task_group.py
[2024-08-26T10:42:55.184+0000] {processor.py:925} INFO - DAG(s) 'example_task_group' retrieved from /home/airflow/.local/lib/python3.12/site-packages/airflow/example_dags/example_task_group.py
[2024-08-26T10:42:55.217+0000] {logging_mixin.py:190} INFO - [2024-08-26T10:42:55.217+0000] {dag.py:3211} INFO - Sync 1 DAGs
[2024-08-26T10:42:55.254+0000] {logging_mixin.py:190} INFO - [2024-08-26T10:42:55.254+0000] {dag.py:4138} INFO - Setting next_dagrun for example_task_group to 2024-08-25 00:00:00+00:00, run_after=2024-08-26 00:00:00+00:00
[2024-08-26T10:42:55.283+0000] {processor.py:208} INFO - Processing /home/airflow/.local/lib/python3.12/site-packages/airflow/example_dags/example_task_group.py took 0.126 seconds
[2024-08-26T10:43:37.867+0000] {processor.py:186} INFO - Started process (PID=653) to work on /home/airflow/.local/lib/python3.12/site-packages/airflow/example_dags/example_task_group.py
[2024-08-26T10:43:37.869+0000] {processor.py:914} INFO - Processing file /home/airflow/.local/lib/python3.12/site-packages/airflow/example_dags/example_task_group.py for tasks to queue
[2024-08-26T10:43:37.871+0000] {logging_mixin.py:190} INFO - [2024-08-26T10:43:37.871+0000] {dagbag.py:587} INFO - Filling up the DagBag from /home/airflow/.local/lib/python3.12/site-packages/airflow/example_dags/example_task_group.py
[2024-08-26T10:43:37.885+0000] {processor.py:925} INFO - DAG(s) 'example_task_group' retrieved from /home/airflow/.local/lib/python3.12/site-packages/airflow/example_dags/example_task_group.py
[2024-08-26T10:43:37.919+0000] {logging_mixin.py:190} INFO - [2024-08-26T10:43:37.919+0000] {dag.py:3211} INFO - Sync 1 DAGs
[2024-08-26T10:43:37.956+0000] {logging_mixin.py:190} INFO - [2024-08-26T10:43:37.955+0000] {dag.py:4138} INFO - Setting next_dagrun for example_task_group to 2024-08-25 00:00:00+00:00, run_after=2024-08-26 00:00:00+00:00
[2024-08-26T10:43:37.981+0000] {processor.py:208} INFO - Processing /home/airflow/.local/lib/python3.12/site-packages/airflow/example_dags/example_task_group.py took 0.122 seconds
[2024-08-26T10:44:15.336+0000] {processor.py:186} INFO - Started process (PID=719) to work on /home/airflow/.local/lib/python3.12/site-packages/airflow/example_dags/example_task_group.py
[2024-08-26T10:44:15.337+0000] {processor.py:914} INFO - Processing file /home/airflow/.local/lib/python3.12/site-packages/airflow/example_dags/example_task_group.py for tasks to queue
[2024-08-26T10:44:15.339+0000] {logging_mixin.py:190} INFO - [2024-08-26T10:44:15.339+0000] {dagbag.py:587} INFO - Filling up the DagBag from /home/airflow/.local/lib/python3.12/site-packages/airflow/example_dags/example_task_group.py
[2024-08-26T10:44:15.358+0000] {processor.py:925} INFO - DAG(s) 'example_task_group' retrieved from /home/airflow/.local/lib/python3.12/site-packages/airflow/example_dags/example_task_group.py
[2024-08-26T10:44:15.392+0000] {logging_mixin.py:190} INFO - [2024-08-26T10:44:15.392+0000] {dag.py:3211} INFO - Sync 1 DAGs
[2024-08-26T10:44:15.434+0000] {logging_mixin.py:190} INFO - [2024-08-26T10:44:15.434+0000] {dag.py:4138} INFO - Setting next_dagrun for example_task_group to 2024-08-25 00:00:00+00:00, run_after=2024-08-26 00:00:00+00:00
[2024-08-26T10:44:15.471+0000] {processor.py:208} INFO - Processing /home/airflow/.local/lib/python3.12/site-packages/airflow/example_dags/example_task_group.py took 0.143 seconds
[2024-08-26T10:44:54.817+0000] {processor.py:186} INFO - Started process (PID=786) to work on /home/airflow/.local/lib/python3.12/site-packages/airflow/example_dags/example_task_group.py
[2024-08-26T10:44:54.821+0000] {processor.py:914} INFO - Processing file /home/airflow/.local/lib/python3.12/site-packages/airflow/example_dags/example_task_group.py for tasks to queue
[2024-08-26T10:44:54.824+0000] {logging_mixin.py:190} INFO - [2024-08-26T10:44:54.823+0000] {dagbag.py:587} INFO - Filling up the DagBag from /home/airflow/.local/lib/python3.12/site-packages/airflow/example_dags/example_task_group.py
[2024-08-26T10:44:54.860+0000] {processor.py:925} INFO - DAG(s) 'example_task_group' retrieved from /home/airflow/.local/lib/python3.12/site-packages/airflow/example_dags/example_task_group.py
[2024-08-26T10:44:54.929+0000] {logging_mixin.py:190} INFO - [2024-08-26T10:44:54.928+0000] {dag.py:3211} INFO - Sync 1 DAGs
[2024-08-26T10:44:54.983+0000] {logging_mixin.py:190} INFO - [2024-08-26T10:44:54.983+0000] {dag.py:4138} INFO - Setting next_dagrun for example_task_group to 2024-08-25 00:00:00+00:00, run_after=2024-08-26 00:00:00+00:00
[2024-08-26T10:44:55.020+0000] {processor.py:208} INFO - Processing /home/airflow/.local/lib/python3.12/site-packages/airflow/example_dags/example_task_group.py took 0.215 seconds
[2024-08-26T10:45:36.261+0000] {processor.py:186} INFO - Started process (PID=867) to work on /home/airflow/.local/lib/python3.12/site-packages/airflow/example_dags/example_task_group.py
[2024-08-26T10:45:36.262+0000] {processor.py:914} INFO - Processing file /home/airflow/.local/lib/python3.12/site-packages/airflow/example_dags/example_task_group.py for tasks to queue
[2024-08-26T10:45:36.264+0000] {logging_mixin.py:190} INFO - [2024-08-26T10:45:36.264+0000] {dagbag.py:587} INFO - Filling up the DagBag from /home/airflow/.local/lib/python3.12/site-packages/airflow/example_dags/example_task_group.py
[2024-08-26T10:45:36.294+0000] {processor.py:925} INFO - DAG(s) 'example_task_group' retrieved from /home/airflow/.local/lib/python3.12/site-packages/airflow/example_dags/example_task_group.py
[2024-08-26T10:45:36.347+0000] {logging_mixin.py:190} INFO - [2024-08-26T10:45:36.346+0000] {dag.py:3211} INFO - Sync 1 DAGs
[2024-08-26T10:45:36.440+0000] {logging_mixin.py:190} INFO - [2024-08-26T10:45:36.438+0000] {dag.py:4138} INFO - Setting next_dagrun for example_task_group to 2024-08-25 00:00:00+00:00, run_after=2024-08-26 00:00:00+00:00
[2024-08-26T10:45:36.543+0000] {processor.py:208} INFO - Processing /home/airflow/.local/lib/python3.12/site-packages/airflow/example_dags/example_task_group.py took 0.292 seconds
[2024-08-26T10:46:14.490+0000] {processor.py:186} INFO - Started process (PID=933) to work on /home/airflow/.local/lib/python3.12/site-packages/airflow/example_dags/example_task_group.py
[2024-08-26T10:46:14.494+0000] {processor.py:914} INFO - Processing file /home/airflow/.local/lib/python3.12/site-packages/airflow/example_dags/example_task_group.py for tasks to queue
[2024-08-26T10:46:14.497+0000] {logging_mixin.py:190} INFO - [2024-08-26T10:46:14.496+0000] {dagbag.py:587} INFO - Filling up the DagBag from /home/airflow/.local/lib/python3.12/site-packages/airflow/example_dags/example_task_group.py
[2024-08-26T10:46:14.524+0000] {processor.py:925} INFO - DAG(s) 'example_task_group' retrieved from /home/airflow/.local/lib/python3.12/site-packages/airflow/example_dags/example_task_group.py
[2024-08-26T10:46:14.583+0000] {logging_mixin.py:190} INFO - [2024-08-26T10:46:14.583+0000] {dag.py:3211} INFO - Sync 1 DAGs
[2024-08-26T10:46:14.634+0000] {logging_mixin.py:190} INFO - [2024-08-26T10:46:14.633+0000] {dag.py:4138} INFO - Setting next_dagrun for example_task_group to 2024-08-25 00:00:00+00:00, run_after=2024-08-26 00:00:00+00:00
[2024-08-26T10:46:14.659+0000] {processor.py:208} INFO - Processing /home/airflow/.local/lib/python3.12/site-packages/airflow/example_dags/example_task_group.py took 0.184 seconds
[2024-08-26T10:46:53.411+0000] {processor.py:186} INFO - Started process (PID=999) to work on /home/airflow/.local/lib/python3.12/site-packages/airflow/example_dags/example_task_group.py
[2024-08-26T10:46:53.412+0000] {processor.py:914} INFO - Processing file /home/airflow/.local/lib/python3.12/site-packages/airflow/example_dags/example_task_group.py for tasks to queue
[2024-08-26T10:46:53.414+0000] {logging_mixin.py:190} INFO - [2024-08-26T10:46:53.413+0000] {dagbag.py:587} INFO - Filling up the DagBag from /home/airflow/.local/lib/python3.12/site-packages/airflow/example_dags/example_task_group.py
[2024-08-26T10:46:53.428+0000] {processor.py:925} INFO - DAG(s) 'example_task_group' retrieved from /home/airflow/.local/lib/python3.12/site-packages/airflow/example_dags/example_task_group.py
[2024-08-26T10:46:53.456+0000] {logging_mixin.py:190} INFO - [2024-08-26T10:46:53.456+0000] {dag.py:3211} INFO - Sync 1 DAGs
[2024-08-26T10:46:53.487+0000] {logging_mixin.py:190} INFO - [2024-08-26T10:46:53.487+0000] {dag.py:4138} INFO - Setting next_dagrun for example_task_group to 2024-08-25 00:00:00+00:00, run_after=2024-08-26 00:00:00+00:00
[2024-08-26T10:46:53.509+0000] {processor.py:208} INFO - Processing /home/airflow/.local/lib/python3.12/site-packages/airflow/example_dags/example_task_group.py took 0.107 seconds
[2024-08-26T10:47:46.301+0000] {processor.py:186} INFO - Started process (PID=1082) to work on /home/airflow/.local/lib/python3.12/site-packages/airflow/example_dags/example_task_group.py
[2024-08-26T10:47:46.303+0000] {processor.py:914} INFO - Processing file /home/airflow/.local/lib/python3.12/site-packages/airflow/example_dags/example_task_group.py for tasks to queue
[2024-08-26T10:47:46.306+0000] {logging_mixin.py:190} INFO - [2024-08-26T10:47:46.305+0000] {dagbag.py:587} INFO - Filling up the DagBag from /home/airflow/.local/lib/python3.12/site-packages/airflow/example_dags/example_task_group.py
[2024-08-26T10:47:46.319+0000] {processor.py:925} INFO - DAG(s) 'example_task_group' retrieved from /home/airflow/.local/lib/python3.12/site-packages/airflow/example_dags/example_task_group.py
[2024-08-26T10:47:46.349+0000] {logging_mixin.py:190} INFO - [2024-08-26T10:47:46.349+0000] {dag.py:3211} INFO - Sync 1 DAGs
[2024-08-26T10:47:46.384+0000] {logging_mixin.py:190} INFO - [2024-08-26T10:47:46.384+0000] {dag.py:4138} INFO - Setting next_dagrun for example_task_group to 2024-08-25 00:00:00+00:00, run_after=2024-08-26 00:00:00+00:00
[2024-08-26T10:47:46.409+0000] {processor.py:208} INFO - Processing /home/airflow/.local/lib/python3.12/site-packages/airflow/example_dags/example_task_group.py took 0.116 seconds
[2024-08-26T10:48:23.683+0000] {processor.py:186} INFO - Started process (PID=1148) to work on /home/airflow/.local/lib/python3.12/site-packages/airflow/example_dags/example_task_group.py
[2024-08-26T10:48:23.684+0000] {processor.py:914} INFO - Processing file /home/airflow/.local/lib/python3.12/site-packages/airflow/example_dags/example_task_group.py for tasks to queue
[2024-08-26T10:48:23.686+0000] {logging_mixin.py:190} INFO - [2024-08-26T10:48:23.686+0000] {dagbag.py:587} INFO - Filling up the DagBag from /home/airflow/.local/lib/python3.12/site-packages/airflow/example_dags/example_task_group.py
[2024-08-26T10:48:23.697+0000] {processor.py:925} INFO - DAG(s) 'example_task_group' retrieved from /home/airflow/.local/lib/python3.12/site-packages/airflow/example_dags/example_task_group.py
[2024-08-26T10:48:23.721+0000] {logging_mixin.py:190} INFO - [2024-08-26T10:48:23.720+0000] {dag.py:3211} INFO - Sync 1 DAGs
[2024-08-26T10:48:23.746+0000] {logging_mixin.py:190} INFO - [2024-08-26T10:48:23.746+0000] {dag.py:4138} INFO - Setting next_dagrun for example_task_group to 2024-08-25 00:00:00+00:00, run_after=2024-08-26 00:00:00+00:00
[2024-08-26T10:48:23.764+0000] {processor.py:208} INFO - Processing /home/airflow/.local/lib/python3.12/site-packages/airflow/example_dags/example_task_group.py took 0.088 seconds
[2024-08-26T10:49:16.254+0000] {processor.py:186} INFO - Started process (PID=1229) to work on /home/airflow/.local/lib/python3.12/site-packages/airflow/example_dags/example_task_group.py
[2024-08-26T10:49:16.256+0000] {processor.py:914} INFO - Processing file /home/airflow/.local/lib/python3.12/site-packages/airflow/example_dags/example_task_group.py for tasks to queue
[2024-08-26T10:49:16.259+0000] {logging_mixin.py:190} INFO - [2024-08-26T10:49:16.259+0000] {dagbag.py:587} INFO - Filling up the DagBag from /home/airflow/.local/lib/python3.12/site-packages/airflow/example_dags/example_task_group.py
[2024-08-26T10:49:16.282+0000] {processor.py:925} INFO - DAG(s) 'example_task_group' retrieved from /home/airflow/.local/lib/python3.12/site-packages/airflow/example_dags/example_task_group.py
[2024-08-26T10:49:16.330+0000] {logging_mixin.py:190} INFO - [2024-08-26T10:49:16.330+0000] {dag.py:3211} INFO - Sync 1 DAGs
[2024-08-26T10:49:16.380+0000] {logging_mixin.py:190} INFO - [2024-08-26T10:49:16.380+0000] {dag.py:4138} INFO - Setting next_dagrun for example_task_group to 2024-08-25 00:00:00+00:00, run_after=2024-08-26 00:00:00+00:00
[2024-08-26T10:49:16.418+0000] {processor.py:208} INFO - Processing /home/airflow/.local/lib/python3.12/site-packages/airflow/example_dags/example_task_group.py took 0.178 seconds
[2024-08-26T15:09:28.083+0000] {processor.py:186} INFO - Started process (PID=96) to work on /home/airflow/.local/lib/python3.12/site-packages/airflow/example_dags/example_task_group.py
[2024-08-26T15:09:28.085+0000] {processor.py:914} INFO - Processing file /home/airflow/.local/lib/python3.12/site-packages/airflow/example_dags/example_task_group.py for tasks to queue
[2024-08-26T15:09:28.088+0000] {logging_mixin.py:190} INFO - [2024-08-26T15:09:28.088+0000] {dagbag.py:587} INFO - Filling up the DagBag from /home/airflow/.local/lib/python3.12/site-packages/airflow/example_dags/example_task_group.py
[2024-08-26T15:09:28.101+0000] {processor.py:925} INFO - DAG(s) 'example_task_group' retrieved from /home/airflow/.local/lib/python3.12/site-packages/airflow/example_dags/example_task_group.py
[2024-08-26T15:09:28.145+0000] {logging_mixin.py:190} INFO - [2024-08-26T15:09:28.144+0000] {dag.py:3211} INFO - Sync 1 DAGs
[2024-08-26T15:09:28.203+0000] {logging_mixin.py:190} INFO - [2024-08-26T15:09:28.202+0000] {dag.py:4138} INFO - Setting next_dagrun for example_task_group to 2024-08-25 00:00:00+00:00, run_after=2024-08-26 00:00:00+00:00
[2024-08-26T15:09:28.234+0000] {processor.py:208} INFO - Processing /home/airflow/.local/lib/python3.12/site-packages/airflow/example_dags/example_task_group.py took 0.158 seconds
[2024-08-26T15:10:11.426+0000] {processor.py:186} INFO - Started process (PID=162) to work on /home/airflow/.local/lib/python3.12/site-packages/airflow/example_dags/example_task_group.py
[2024-08-26T15:10:11.428+0000] {processor.py:914} INFO - Processing file /home/airflow/.local/lib/python3.12/site-packages/airflow/example_dags/example_task_group.py for tasks to queue
[2024-08-26T15:10:11.431+0000] {logging_mixin.py:190} INFO - [2024-08-26T15:10:11.430+0000] {dagbag.py:587} INFO - Filling up the DagBag from /home/airflow/.local/lib/python3.12/site-packages/airflow/example_dags/example_task_group.py
[2024-08-26T15:10:11.443+0000] {processor.py:925} INFO - DAG(s) 'example_task_group' retrieved from /home/airflow/.local/lib/python3.12/site-packages/airflow/example_dags/example_task_group.py
[2024-08-26T15:10:11.473+0000] {logging_mixin.py:190} INFO - [2024-08-26T15:10:11.473+0000] {dag.py:3211} INFO - Sync 1 DAGs
[2024-08-26T15:10:11.504+0000] {logging_mixin.py:190} INFO - [2024-08-26T15:10:11.503+0000] {dag.py:4138} INFO - Setting next_dagrun for example_task_group to 2024-08-25 00:00:00+00:00, run_after=2024-08-26 00:00:00+00:00
[2024-08-26T15:10:11.526+0000] {processor.py:208} INFO - Processing /home/airflow/.local/lib/python3.12/site-packages/airflow/example_dags/example_task_group.py took 0.107 seconds
[2024-08-26T15:10:49.111+0000] {processor.py:186} INFO - Started process (PID=229) to work on /home/airflow/.local/lib/python3.12/site-packages/airflow/example_dags/example_task_group.py
[2024-08-26T15:10:49.114+0000] {processor.py:914} INFO - Processing file /home/airflow/.local/lib/python3.12/site-packages/airflow/example_dags/example_task_group.py for tasks to queue
[2024-08-26T15:10:49.118+0000] {logging_mixin.py:190} INFO - [2024-08-26T15:10:49.118+0000] {dagbag.py:587} INFO - Filling up the DagBag from /home/airflow/.local/lib/python3.12/site-packages/airflow/example_dags/example_task_group.py
[2024-08-26T15:10:49.133+0000] {processor.py:925} INFO - DAG(s) 'example_task_group' retrieved from /home/airflow/.local/lib/python3.12/site-packages/airflow/example_dags/example_task_group.py
[2024-08-26T15:10:49.162+0000] {logging_mixin.py:190} INFO - [2024-08-26T15:10:49.161+0000] {dag.py:3211} INFO - Sync 1 DAGs
[2024-08-26T15:10:49.194+0000] {logging_mixin.py:190} INFO - [2024-08-26T15:10:49.194+0000] {dag.py:4138} INFO - Setting next_dagrun for example_task_group to 2024-08-25 00:00:00+00:00, run_after=2024-08-26 00:00:00+00:00
[2024-08-26T15:10:49.216+0000] {processor.py:208} INFO - Processing /home/airflow/.local/lib/python3.12/site-packages/airflow/example_dags/example_task_group.py took 0.113 seconds
[2024-08-26T15:11:26.786+0000] {processor.py:186} INFO - Started process (PID=295) to work on /home/airflow/.local/lib/python3.12/site-packages/airflow/example_dags/example_task_group.py
[2024-08-26T15:11:26.788+0000] {processor.py:914} INFO - Processing file /home/airflow/.local/lib/python3.12/site-packages/airflow/example_dags/example_task_group.py for tasks to queue
[2024-08-26T15:11:26.791+0000] {logging_mixin.py:190} INFO - [2024-08-26T15:11:26.791+0000] {dagbag.py:587} INFO - Filling up the DagBag from /home/airflow/.local/lib/python3.12/site-packages/airflow/example_dags/example_task_group.py
[2024-08-26T15:11:26.803+0000] {processor.py:925} INFO - DAG(s) 'example_task_group' retrieved from /home/airflow/.local/lib/python3.12/site-packages/airflow/example_dags/example_task_group.py
[2024-08-26T15:11:26.833+0000] {logging_mixin.py:190} INFO - [2024-08-26T15:11:26.833+0000] {dag.py:3211} INFO - Sync 1 DAGs
[2024-08-26T15:11:26.865+0000] {logging_mixin.py:190} INFO - [2024-08-26T15:11:26.864+0000] {dag.py:4138} INFO - Setting next_dagrun for example_task_group to 2024-08-25 00:00:00+00:00, run_after=2024-08-26 00:00:00+00:00
[2024-08-26T15:11:26.889+0000] {processor.py:208} INFO - Processing /home/airflow/.local/lib/python3.12/site-packages/airflow/example_dags/example_task_group.py took 0.110 seconds
[2024-08-26T15:12:05.442+0000] {processor.py:186} INFO - Started process (PID=367) to work on /home/airflow/.local/lib/python3.12/site-packages/airflow/example_dags/example_task_group.py
[2024-08-26T15:12:05.444+0000] {processor.py:914} INFO - Processing file /home/airflow/.local/lib/python3.12/site-packages/airflow/example_dags/example_task_group.py for tasks to queue
[2024-08-26T15:12:05.447+0000] {logging_mixin.py:190} INFO - [2024-08-26T15:12:05.446+0000] {dagbag.py:587} INFO - Filling up the DagBag from /home/airflow/.local/lib/python3.12/site-packages/airflow/example_dags/example_task_group.py
[2024-08-26T15:12:05.460+0000] {processor.py:925} INFO - DAG(s) 'example_task_group' retrieved from /home/airflow/.local/lib/python3.12/site-packages/airflow/example_dags/example_task_group.py
[2024-08-26T15:12:05.492+0000] {logging_mixin.py:190} INFO - [2024-08-26T15:12:05.491+0000] {dag.py:3211} INFO - Sync 1 DAGs
[2024-08-26T15:12:05.524+0000] {logging_mixin.py:190} INFO - [2024-08-26T15:12:05.524+0000] {dag.py:4138} INFO - Setting next_dagrun for example_task_group to 2024-08-25 00:00:00+00:00, run_after=2024-08-26 00:00:00+00:00
[2024-08-26T15:12:05.548+0000] {processor.py:208} INFO - Processing /home/airflow/.local/lib/python3.12/site-packages/airflow/example_dags/example_task_group.py took 0.114 seconds
[2024-08-26T15:12:45.145+0000] {processor.py:186} INFO - Started process (PID=434) to work on /home/airflow/.local/lib/python3.12/site-packages/airflow/example_dags/example_task_group.py
[2024-08-26T15:12:45.147+0000] {processor.py:914} INFO - Processing file /home/airflow/.local/lib/python3.12/site-packages/airflow/example_dags/example_task_group.py for tasks to queue
[2024-08-26T15:12:45.151+0000] {logging_mixin.py:190} INFO - [2024-08-26T15:12:45.151+0000] {dagbag.py:587} INFO - Filling up the DagBag from /home/airflow/.local/lib/python3.12/site-packages/airflow/example_dags/example_task_group.py
[2024-08-26T15:12:45.166+0000] {processor.py:925} INFO - DAG(s) 'example_task_group' retrieved from /home/airflow/.local/lib/python3.12/site-packages/airflow/example_dags/example_task_group.py
[2024-08-26T15:12:45.205+0000] {logging_mixin.py:190} INFO - [2024-08-26T15:12:45.204+0000] {dag.py:3211} INFO - Sync 1 DAGs
[2024-08-26T15:12:45.257+0000] {logging_mixin.py:190} INFO - [2024-08-26T15:12:45.257+0000] {dag.py:4138} INFO - Setting next_dagrun for example_task_group to 2024-08-25 00:00:00+00:00, run_after=2024-08-26 00:00:00+00:00
[2024-08-26T15:12:45.294+0000] {processor.py:208} INFO - Processing /home/airflow/.local/lib/python3.12/site-packages/airflow/example_dags/example_task_group.py took 0.160 seconds
[2024-08-26T15:13:37.553+0000] {processor.py:186} INFO - Started process (PID=517) to work on /home/airflow/.local/lib/python3.12/site-packages/airflow/example_dags/example_task_group.py
[2024-08-26T15:13:37.557+0000] {processor.py:914} INFO - Processing file /home/airflow/.local/lib/python3.12/site-packages/airflow/example_dags/example_task_group.py for tasks to queue
[2024-08-26T15:13:37.568+0000] {logging_mixin.py:190} INFO - [2024-08-26T15:13:37.567+0000] {dagbag.py:587} INFO - Filling up the DagBag from /home/airflow/.local/lib/python3.12/site-packages/airflow/example_dags/example_task_group.py
[2024-08-26T15:13:37.606+0000] {processor.py:925} INFO - DAG(s) 'example_task_group' retrieved from /home/airflow/.local/lib/python3.12/site-packages/airflow/example_dags/example_task_group.py
[2024-08-26T15:13:37.663+0000] {logging_mixin.py:190} INFO - [2024-08-26T15:13:37.663+0000] {dag.py:3211} INFO - Sync 1 DAGs
[2024-08-26T15:13:37.729+0000] {logging_mixin.py:190} INFO - [2024-08-26T15:13:37.728+0000] {dag.py:4138} INFO - Setting next_dagrun for example_task_group to 2024-08-25 00:00:00+00:00, run_after=2024-08-26 00:00:00+00:00
[2024-08-26T15:13:37.775+0000] {processor.py:208} INFO - Processing /home/airflow/.local/lib/python3.12/site-packages/airflow/example_dags/example_task_group.py took 0.245 seconds
[2024-08-26T15:14:31.507+0000] {processor.py:186} INFO - Started process (PID=590) to work on /home/airflow/.local/lib/python3.12/site-packages/airflow/example_dags/example_task_group.py
[2024-08-26T15:14:31.509+0000] {processor.py:914} INFO - Processing file /home/airflow/.local/lib/python3.12/site-packages/airflow/example_dags/example_task_group.py for tasks to queue
[2024-08-26T15:14:31.511+0000] {logging_mixin.py:190} INFO - [2024-08-26T15:14:31.511+0000] {dagbag.py:587} INFO - Filling up the DagBag from /home/airflow/.local/lib/python3.12/site-packages/airflow/example_dags/example_task_group.py
[2024-08-26T15:14:31.524+0000] {processor.py:925} INFO - DAG(s) 'example_task_group' retrieved from /home/airflow/.local/lib/python3.12/site-packages/airflow/example_dags/example_task_group.py
[2024-08-26T15:14:31.558+0000] {logging_mixin.py:190} INFO - [2024-08-26T15:14:31.558+0000] {dag.py:3211} INFO - Sync 1 DAGs
[2024-08-26T15:14:31.593+0000] {logging_mixin.py:190} INFO - [2024-08-26T15:14:31.592+0000] {dag.py:4138} INFO - Setting next_dagrun for example_task_group to 2024-08-25 00:00:00+00:00, run_after=2024-08-26 00:00:00+00:00
[2024-08-26T15:14:31.617+0000] {processor.py:208} INFO - Processing /home/airflow/.local/lib/python3.12/site-packages/airflow/example_dags/example_task_group.py took 0.120 seconds
[2024-08-26T15:15:09.492+0000] {processor.py:186} INFO - Started process (PID=656) to work on /home/airflow/.local/lib/python3.12/site-packages/airflow/example_dags/example_task_group.py
[2024-08-26T15:15:09.494+0000] {processor.py:914} INFO - Processing file /home/airflow/.local/lib/python3.12/site-packages/airflow/example_dags/example_task_group.py for tasks to queue
[2024-08-26T15:15:09.496+0000] {logging_mixin.py:190} INFO - [2024-08-26T15:15:09.496+0000] {dagbag.py:587} INFO - Filling up the DagBag from /home/airflow/.local/lib/python3.12/site-packages/airflow/example_dags/example_task_group.py
[2024-08-26T15:15:09.513+0000] {processor.py:925} INFO - DAG(s) 'example_task_group' retrieved from /home/airflow/.local/lib/python3.12/site-packages/airflow/example_dags/example_task_group.py
[2024-08-26T15:15:09.543+0000] {logging_mixin.py:190} INFO - [2024-08-26T15:15:09.542+0000] {dag.py:3211} INFO - Sync 1 DAGs
[2024-08-26T15:15:09.585+0000] {logging_mixin.py:190} INFO - [2024-08-26T15:15:09.584+0000] {dag.py:4138} INFO - Setting next_dagrun for example_task_group to 2024-08-25 00:00:00+00:00, run_after=2024-08-26 00:00:00+00:00
[2024-08-26T15:15:09.616+0000] {processor.py:208} INFO - Processing /home/airflow/.local/lib/python3.12/site-packages/airflow/example_dags/example_task_group.py took 0.134 seconds
[2024-08-26T15:15:56.225+0000] {processor.py:186} INFO - Started process (PID=722) to work on /home/airflow/.local/lib/python3.12/site-packages/airflow/example_dags/example_task_group.py
[2024-08-26T15:15:56.227+0000] {processor.py:914} INFO - Processing file /home/airflow/.local/lib/python3.12/site-packages/airflow/example_dags/example_task_group.py for tasks to queue
[2024-08-26T15:15:56.230+0000] {logging_mixin.py:190} INFO - [2024-08-26T15:15:56.229+0000] {dagbag.py:587} INFO - Filling up the DagBag from /home/airflow/.local/lib/python3.12/site-packages/airflow/example_dags/example_task_group.py
[2024-08-26T15:15:56.250+0000] {processor.py:925} INFO - DAG(s) 'example_task_group' retrieved from /home/airflow/.local/lib/python3.12/site-packages/airflow/example_dags/example_task_group.py
[2024-08-26T15:15:56.296+0000] {logging_mixin.py:190} INFO - [2024-08-26T15:15:56.296+0000] {dag.py:3211} INFO - Sync 1 DAGs
[2024-08-26T15:15:56.345+0000] {logging_mixin.py:190} INFO - [2024-08-26T15:15:56.345+0000] {dag.py:4138} INFO - Setting next_dagrun for example_task_group to 2024-08-25 00:00:00+00:00, run_after=2024-08-26 00:00:00+00:00
[2024-08-26T15:15:56.382+0000] {processor.py:208} INFO - Processing /home/airflow/.local/lib/python3.12/site-packages/airflow/example_dags/example_task_group.py took 0.169 seconds
[2024-08-26T15:16:32.229+0000] {processor.py:186} INFO - Started process (PID=793) to work on /home/airflow/.local/lib/python3.12/site-packages/airflow/example_dags/example_task_group.py
[2024-08-26T15:16:32.231+0000] {processor.py:914} INFO - Processing file /home/airflow/.local/lib/python3.12/site-packages/airflow/example_dags/example_task_group.py for tasks to queue
[2024-08-26T15:16:32.232+0000] {logging_mixin.py:190} INFO - [2024-08-26T15:16:32.232+0000] {dagbag.py:587} INFO - Filling up the DagBag from /home/airflow/.local/lib/python3.12/site-packages/airflow/example_dags/example_task_group.py
[2024-08-26T15:16:32.246+0000] {processor.py:925} INFO - DAG(s) 'example_task_group' retrieved from /home/airflow/.local/lib/python3.12/site-packages/airflow/example_dags/example_task_group.py
[2024-08-26T15:16:32.275+0000] {logging_mixin.py:190} INFO - [2024-08-26T15:16:32.274+0000] {dag.py:3211} INFO - Sync 1 DAGs
[2024-08-26T15:16:32.306+0000] {logging_mixin.py:190} INFO - [2024-08-26T15:16:32.305+0000] {dag.py:4138} INFO - Setting next_dagrun for example_task_group to 2024-08-25 00:00:00+00:00, run_after=2024-08-26 00:00:00+00:00
[2024-08-26T15:16:32.331+0000] {processor.py:208} INFO - Processing /home/airflow/.local/lib/python3.12/site-packages/airflow/example_dags/example_task_group.py took 0.109 seconds
[2024-08-26T15:17:09.823+0000] {processor.py:186} INFO - Started process (PID=860) to work on /home/airflow/.local/lib/python3.12/site-packages/airflow/example_dags/example_task_group.py
[2024-08-26T15:17:09.825+0000] {processor.py:914} INFO - Processing file /home/airflow/.local/lib/python3.12/site-packages/airflow/example_dags/example_task_group.py for tasks to queue
[2024-08-26T15:17:09.828+0000] {logging_mixin.py:190} INFO - [2024-08-26T15:17:09.827+0000] {dagbag.py:587} INFO - Filling up the DagBag from /home/airflow/.local/lib/python3.12/site-packages/airflow/example_dags/example_task_group.py
[2024-08-26T15:17:09.844+0000] {processor.py:925} INFO - DAG(s) 'example_task_group' retrieved from /home/airflow/.local/lib/python3.12/site-packages/airflow/example_dags/example_task_group.py
[2024-08-26T15:17:09.877+0000] {logging_mixin.py:190} INFO - [2024-08-26T15:17:09.877+0000] {dag.py:3211} INFO - Sync 1 DAGs
[2024-08-26T15:17:09.927+0000] {logging_mixin.py:190} INFO - [2024-08-26T15:17:09.926+0000] {dag.py:4138} INFO - Setting next_dagrun for example_task_group to 2024-08-25 00:00:00+00:00, run_after=2024-08-26 00:00:00+00:00
[2024-08-26T15:17:09.954+0000] {processor.py:208} INFO - Processing /home/airflow/.local/lib/python3.12/site-packages/airflow/example_dags/example_task_group.py took 0.139 seconds
[2024-08-26T15:17:46.334+0000] {processor.py:186} INFO - Started process (PID=926) to work on /home/airflow/.local/lib/python3.12/site-packages/airflow/example_dags/example_task_group.py
[2024-08-26T15:17:46.336+0000] {processor.py:914} INFO - Processing file /home/airflow/.local/lib/python3.12/site-packages/airflow/example_dags/example_task_group.py for tasks to queue
[2024-08-26T15:17:46.338+0000] {logging_mixin.py:190} INFO - [2024-08-26T15:17:46.337+0000] {dagbag.py:587} INFO - Filling up the DagBag from /home/airflow/.local/lib/python3.12/site-packages/airflow/example_dags/example_task_group.py
[2024-08-26T15:17:46.352+0000] {processor.py:925} INFO - DAG(s) 'example_task_group' retrieved from /home/airflow/.local/lib/python3.12/site-packages/airflow/example_dags/example_task_group.py
[2024-08-26T15:17:46.381+0000] {logging_mixin.py:190} INFO - [2024-08-26T15:17:46.381+0000] {dag.py:3211} INFO - Sync 1 DAGs
[2024-08-26T15:17:46.428+0000] {logging_mixin.py:190} INFO - [2024-08-26T15:17:46.427+0000] {dag.py:4138} INFO - Setting next_dagrun for example_task_group to 2024-08-25 00:00:00+00:00, run_after=2024-08-26 00:00:00+00:00
[2024-08-26T15:17:46.459+0000] {processor.py:208} INFO - Processing /home/airflow/.local/lib/python3.12/site-packages/airflow/example_dags/example_task_group.py took 0.133 seconds
[2024-08-26T15:18:23.650+0000] {processor.py:186} INFO - Started process (PID=992) to work on /home/airflow/.local/lib/python3.12/site-packages/airflow/example_dags/example_task_group.py
[2024-08-26T15:18:23.652+0000] {processor.py:914} INFO - Processing file /home/airflow/.local/lib/python3.12/site-packages/airflow/example_dags/example_task_group.py for tasks to queue
[2024-08-26T15:18:23.654+0000] {logging_mixin.py:190} INFO - [2024-08-26T15:18:23.653+0000] {dagbag.py:587} INFO - Filling up the DagBag from /home/airflow/.local/lib/python3.12/site-packages/airflow/example_dags/example_task_group.py
[2024-08-26T15:18:23.668+0000] {processor.py:925} INFO - DAG(s) 'example_task_group' retrieved from /home/airflow/.local/lib/python3.12/site-packages/airflow/example_dags/example_task_group.py
[2024-08-26T15:18:23.697+0000] {logging_mixin.py:190} INFO - [2024-08-26T15:18:23.697+0000] {dag.py:3211} INFO - Sync 1 DAGs
[2024-08-26T15:18:23.728+0000] {logging_mixin.py:190} INFO - [2024-08-26T15:18:23.728+0000] {dag.py:4138} INFO - Setting next_dagrun for example_task_group to 2024-08-25 00:00:00+00:00, run_after=2024-08-26 00:00:00+00:00
[2024-08-26T15:18:23.754+0000] {processor.py:208} INFO - Processing /home/airflow/.local/lib/python3.12/site-packages/airflow/example_dags/example_task_group.py took 0.113 seconds
[2024-08-26T15:19:06.072+0000] {processor.py:186} INFO - Started process (PID=1064) to work on /home/airflow/.local/lib/python3.12/site-packages/airflow/example_dags/example_task_group.py
[2024-08-26T15:19:06.074+0000] {processor.py:914} INFO - Processing file /home/airflow/.local/lib/python3.12/site-packages/airflow/example_dags/example_task_group.py for tasks to queue
[2024-08-26T15:19:06.076+0000] {logging_mixin.py:190} INFO - [2024-08-26T15:19:06.075+0000] {dagbag.py:587} INFO - Filling up the DagBag from /home/airflow/.local/lib/python3.12/site-packages/airflow/example_dags/example_task_group.py
[2024-08-26T15:19:06.091+0000] {processor.py:925} INFO - DAG(s) 'example_task_group' retrieved from /home/airflow/.local/lib/python3.12/site-packages/airflow/example_dags/example_task_group.py
[2024-08-26T15:19:06.119+0000] {logging_mixin.py:190} INFO - [2024-08-26T15:19:06.119+0000] {dag.py:3211} INFO - Sync 1 DAGs
[2024-08-26T15:19:06.151+0000] {logging_mixin.py:190} INFO - [2024-08-26T15:19:06.151+0000] {dag.py:4138} INFO - Setting next_dagrun for example_task_group to 2024-08-25 00:00:00+00:00, run_after=2024-08-26 00:00:00+00:00
[2024-08-26T15:19:06.196+0000] {processor.py:208} INFO - Processing /home/airflow/.local/lib/python3.12/site-packages/airflow/example_dags/example_task_group.py took 0.132 seconds
[2024-08-26T15:19:43.361+0000] {processor.py:186} INFO - Started process (PID=1130) to work on /home/airflow/.local/lib/python3.12/site-packages/airflow/example_dags/example_task_group.py
[2024-08-26T15:19:43.362+0000] {processor.py:914} INFO - Processing file /home/airflow/.local/lib/python3.12/site-packages/airflow/example_dags/example_task_group.py for tasks to queue
[2024-08-26T15:19:43.364+0000] {logging_mixin.py:190} INFO - [2024-08-26T15:19:43.363+0000] {dagbag.py:587} INFO - Filling up the DagBag from /home/airflow/.local/lib/python3.12/site-packages/airflow/example_dags/example_task_group.py
[2024-08-26T15:19:43.377+0000] {processor.py:925} INFO - DAG(s) 'example_task_group' retrieved from /home/airflow/.local/lib/python3.12/site-packages/airflow/example_dags/example_task_group.py
[2024-08-26T15:19:43.408+0000] {logging_mixin.py:190} INFO - [2024-08-26T15:19:43.407+0000] {dag.py:3211} INFO - Sync 1 DAGs
[2024-08-26T15:19:43.439+0000] {logging_mixin.py:190} INFO - [2024-08-26T15:19:43.439+0000] {dag.py:4138} INFO - Setting next_dagrun for example_task_group to 2024-08-25 00:00:00+00:00, run_after=2024-08-26 00:00:00+00:00
[2024-08-26T15:19:43.464+0000] {processor.py:208} INFO - Processing /home/airflow/.local/lib/python3.12/site-packages/airflow/example_dags/example_task_group.py took 0.112 seconds
[2024-08-26T15:20:21.749+0000] {processor.py:186} INFO - Started process (PID=1197) to work on /home/airflow/.local/lib/python3.12/site-packages/airflow/example_dags/example_task_group.py
[2024-08-26T15:20:21.751+0000] {processor.py:914} INFO - Processing file /home/airflow/.local/lib/python3.12/site-packages/airflow/example_dags/example_task_group.py for tasks to queue
[2024-08-26T15:20:21.755+0000] {logging_mixin.py:190} INFO - [2024-08-26T15:20:21.755+0000] {dagbag.py:587} INFO - Filling up the DagBag from /home/airflow/.local/lib/python3.12/site-packages/airflow/example_dags/example_task_group.py
[2024-08-26T15:20:21.770+0000] {processor.py:925} INFO - DAG(s) 'example_task_group' retrieved from /home/airflow/.local/lib/python3.12/site-packages/airflow/example_dags/example_task_group.py
[2024-08-26T15:20:21.799+0000] {logging_mixin.py:190} INFO - [2024-08-26T15:20:21.798+0000] {dag.py:3211} INFO - Sync 1 DAGs
[2024-08-26T15:20:21.831+0000] {logging_mixin.py:190} INFO - [2024-08-26T15:20:21.831+0000] {dag.py:4138} INFO - Setting next_dagrun for example_task_group to 2024-08-25 00:00:00+00:00, run_after=2024-08-26 00:00:00+00:00
[2024-08-26T15:20:21.856+0000] {processor.py:208} INFO - Processing /home/airflow/.local/lib/python3.12/site-packages/airflow/example_dags/example_task_group.py took 0.116 seconds
[2024-08-26T15:20:59.991+0000] {processor.py:186} INFO - Started process (PID=1269) to work on /home/airflow/.local/lib/python3.12/site-packages/airflow/example_dags/example_task_group.py
[2024-08-26T15:20:59.993+0000] {processor.py:914} INFO - Processing file /home/airflow/.local/lib/python3.12/site-packages/airflow/example_dags/example_task_group.py for tasks to queue
[2024-08-26T15:20:59.994+0000] {logging_mixin.py:190} INFO - [2024-08-26T15:20:59.994+0000] {dagbag.py:587} INFO - Filling up the DagBag from /home/airflow/.local/lib/python3.12/site-packages/airflow/example_dags/example_task_group.py
[2024-08-26T15:21:00.011+0000] {processor.py:925} INFO - DAG(s) 'example_task_group' retrieved from /home/airflow/.local/lib/python3.12/site-packages/airflow/example_dags/example_task_group.py
[2024-08-26T15:21:00.044+0000] {logging_mixin.py:190} INFO - [2024-08-26T15:21:00.044+0000] {dag.py:3211} INFO - Sync 1 DAGs
[2024-08-26T15:21:00.077+0000] {logging_mixin.py:190} INFO - [2024-08-26T15:21:00.077+0000] {dag.py:4138} INFO - Setting next_dagrun for example_task_group to 2024-08-25 00:00:00+00:00, run_after=2024-08-26 00:00:00+00:00
[2024-08-26T15:21:00.104+0000] {processor.py:208} INFO - Processing /home/airflow/.local/lib/python3.12/site-packages/airflow/example_dags/example_task_group.py took 0.122 seconds
[2024-08-26T15:21:39.326+0000] {processor.py:186} INFO - Started process (PID=1336) to work on /home/airflow/.local/lib/python3.12/site-packages/airflow/example_dags/example_task_group.py
[2024-08-26T15:21:39.328+0000] {processor.py:914} INFO - Processing file /home/airflow/.local/lib/python3.12/site-packages/airflow/example_dags/example_task_group.py for tasks to queue
[2024-08-26T15:21:39.330+0000] {logging_mixin.py:190} INFO - [2024-08-26T15:21:39.329+0000] {dagbag.py:587} INFO - Filling up the DagBag from /home/airflow/.local/lib/python3.12/site-packages/airflow/example_dags/example_task_group.py
[2024-08-26T15:21:39.344+0000] {processor.py:925} INFO - DAG(s) 'example_task_group' retrieved from /home/airflow/.local/lib/python3.12/site-packages/airflow/example_dags/example_task_group.py
[2024-08-26T15:21:39.373+0000] {logging_mixin.py:190} INFO - [2024-08-26T15:21:39.373+0000] {dag.py:3211} INFO - Sync 1 DAGs
[2024-08-26T15:21:39.410+0000] {logging_mixin.py:190} INFO - [2024-08-26T15:21:39.410+0000] {dag.py:4138} INFO - Setting next_dagrun for example_task_group to 2024-08-25 00:00:00+00:00, run_after=2024-08-26 00:00:00+00:00
[2024-08-26T15:21:39.437+0000] {processor.py:208} INFO - Processing /home/airflow/.local/lib/python3.12/site-packages/airflow/example_dags/example_task_group.py took 0.119 seconds
[2024-08-26T15:22:29.050+0000] {processor.py:186} INFO - Started process (PID=1402) to work on /home/airflow/.local/lib/python3.12/site-packages/airflow/example_dags/example_task_group.py
[2024-08-26T15:22:29.054+0000] {processor.py:914} INFO - Processing file /home/airflow/.local/lib/python3.12/site-packages/airflow/example_dags/example_task_group.py for tasks to queue
[2024-08-26T15:22:29.060+0000] {logging_mixin.py:190} INFO - [2024-08-26T15:22:29.058+0000] {dagbag.py:587} INFO - Filling up the DagBag from /home/airflow/.local/lib/python3.12/site-packages/airflow/example_dags/example_task_group.py
[2024-08-26T15:22:29.109+0000] {processor.py:925} INFO - DAG(s) 'example_task_group' retrieved from /home/airflow/.local/lib/python3.12/site-packages/airflow/example_dags/example_task_group.py
[2024-08-26T15:22:29.225+0000] {logging_mixin.py:190} INFO - [2024-08-26T15:22:29.224+0000] {dag.py:3211} INFO - Sync 1 DAGs
[2024-08-26T15:22:29.398+0000] {logging_mixin.py:190} INFO - [2024-08-26T15:22:29.394+0000] {dag.py:4138} INFO - Setting next_dagrun for example_task_group to 2024-08-25 00:00:00+00:00, run_after=2024-08-26 00:00:00+00:00
[2024-08-26T15:22:29.526+0000] {processor.py:208} INFO - Processing /home/airflow/.local/lib/python3.12/site-packages/airflow/example_dags/example_task_group.py took 0.506 seconds
[2024-08-26T15:23:21.801+0000] {processor.py:186} INFO - Started process (PID=1474) to work on /home/airflow/.local/lib/python3.12/site-packages/airflow/example_dags/example_task_group.py
[2024-08-26T15:23:21.803+0000] {processor.py:914} INFO - Processing file /home/airflow/.local/lib/python3.12/site-packages/airflow/example_dags/example_task_group.py for tasks to queue
[2024-08-26T15:23:21.806+0000] {logging_mixin.py:190} INFO - [2024-08-26T15:23:21.805+0000] {dagbag.py:587} INFO - Filling up the DagBag from /home/airflow/.local/lib/python3.12/site-packages/airflow/example_dags/example_task_group.py
[2024-08-26T15:23:21.826+0000] {processor.py:925} INFO - DAG(s) 'example_task_group' retrieved from /home/airflow/.local/lib/python3.12/site-packages/airflow/example_dags/example_task_group.py
[2024-08-26T15:23:21.867+0000] {logging_mixin.py:190} INFO - [2024-08-26T15:23:21.866+0000] {dag.py:3211} INFO - Sync 1 DAGs
[2024-08-26T15:23:21.910+0000] {logging_mixin.py:190} INFO - [2024-08-26T15:23:21.910+0000] {dag.py:4138} INFO - Setting next_dagrun for example_task_group to 2024-08-25 00:00:00+00:00, run_after=2024-08-26 00:00:00+00:00
[2024-08-26T15:23:21.945+0000] {processor.py:208} INFO - Processing /home/airflow/.local/lib/python3.12/site-packages/airflow/example_dags/example_task_group.py took 0.155 seconds
[2024-08-26T15:23:55.760+0000] {processor.py:186} INFO - Started process (PID=1540) to work on /home/airflow/.local/lib/python3.12/site-packages/airflow/example_dags/example_task_group.py
[2024-08-26T15:23:55.762+0000] {processor.py:914} INFO - Processing file /home/airflow/.local/lib/python3.12/site-packages/airflow/example_dags/example_task_group.py for tasks to queue
[2024-08-26T15:23:55.764+0000] {logging_mixin.py:190} INFO - [2024-08-26T15:23:55.763+0000] {dagbag.py:587} INFO - Filling up the DagBag from /home/airflow/.local/lib/python3.12/site-packages/airflow/example_dags/example_task_group.py
[2024-08-26T15:23:55.777+0000] {processor.py:925} INFO - DAG(s) 'example_task_group' retrieved from /home/airflow/.local/lib/python3.12/site-packages/airflow/example_dags/example_task_group.py
[2024-08-26T15:23:55.805+0000] {logging_mixin.py:190} INFO - [2024-08-26T15:23:55.805+0000] {dag.py:3211} INFO - Sync 1 DAGs
[2024-08-26T15:23:55.835+0000] {logging_mixin.py:190} INFO - [2024-08-26T15:23:55.835+0000] {dag.py:4138} INFO - Setting next_dagrun for example_task_group to 2024-08-25 00:00:00+00:00, run_after=2024-08-26 00:00:00+00:00
[2024-08-26T15:23:55.858+0000] {processor.py:208} INFO - Processing /home/airflow/.local/lib/python3.12/site-packages/airflow/example_dags/example_task_group.py took 0.106 seconds
[2024-08-26T15:24:32.055+0000] {processor.py:186} INFO - Started process (PID=1612) to work on /home/airflow/.local/lib/python3.12/site-packages/airflow/example_dags/example_task_group.py
[2024-08-26T15:24:32.056+0000] {processor.py:914} INFO - Processing file /home/airflow/.local/lib/python3.12/site-packages/airflow/example_dags/example_task_group.py for tasks to queue
[2024-08-26T15:24:32.058+0000] {logging_mixin.py:190} INFO - [2024-08-26T15:24:32.058+0000] {dagbag.py:587} INFO - Filling up the DagBag from /home/airflow/.local/lib/python3.12/site-packages/airflow/example_dags/example_task_group.py
[2024-08-26T15:24:32.072+0000] {processor.py:925} INFO - DAG(s) 'example_task_group' retrieved from /home/airflow/.local/lib/python3.12/site-packages/airflow/example_dags/example_task_group.py
[2024-08-26T15:24:32.102+0000] {logging_mixin.py:190} INFO - [2024-08-26T15:24:32.101+0000] {dag.py:3211} INFO - Sync 1 DAGs
[2024-08-26T15:24:32.133+0000] {logging_mixin.py:190} INFO - [2024-08-26T15:24:32.133+0000] {dag.py:4138} INFO - Setting next_dagrun for example_task_group to 2024-08-25 00:00:00+00:00, run_after=2024-08-26 00:00:00+00:00
[2024-08-26T15:24:32.157+0000] {processor.py:208} INFO - Processing /home/airflow/.local/lib/python3.12/site-packages/airflow/example_dags/example_task_group.py took 0.110 seconds
[2024-08-26T15:25:10.219+0000] {processor.py:186} INFO - Started process (PID=1677) to work on /home/airflow/.local/lib/python3.12/site-packages/airflow/example_dags/example_task_group.py
[2024-08-26T15:25:10.221+0000] {processor.py:914} INFO - Processing file /home/airflow/.local/lib/python3.12/site-packages/airflow/example_dags/example_task_group.py for tasks to queue
[2024-08-26T15:25:10.223+0000] {logging_mixin.py:190} INFO - [2024-08-26T15:25:10.223+0000] {dagbag.py:587} INFO - Filling up the DagBag from /home/airflow/.local/lib/python3.12/site-packages/airflow/example_dags/example_task_group.py
[2024-08-26T15:25:10.240+0000] {processor.py:925} INFO - DAG(s) 'example_task_group' retrieved from /home/airflow/.local/lib/python3.12/site-packages/airflow/example_dags/example_task_group.py
[2024-08-26T15:25:10.271+0000] {logging_mixin.py:190} INFO - [2024-08-26T15:25:10.271+0000] {dag.py:3211} INFO - Sync 1 DAGs
[2024-08-26T15:25:10.304+0000] {logging_mixin.py:190} INFO - [2024-08-26T15:25:10.303+0000] {dag.py:4138} INFO - Setting next_dagrun for example_task_group to 2024-08-25 00:00:00+00:00, run_after=2024-08-26 00:00:00+00:00
[2024-08-26T15:25:10.330+0000] {processor.py:208} INFO - Processing /home/airflow/.local/lib/python3.12/site-packages/airflow/example_dags/example_task_group.py took 0.121 seconds
[2024-08-26T15:25:52.277+0000] {processor.py:186} INFO - Started process (PID=1743) to work on /home/airflow/.local/lib/python3.12/site-packages/airflow/example_dags/example_task_group.py
[2024-08-26T15:25:52.278+0000] {processor.py:914} INFO - Processing file /home/airflow/.local/lib/python3.12/site-packages/airflow/example_dags/example_task_group.py for tasks to queue
[2024-08-26T15:25:52.281+0000] {logging_mixin.py:190} INFO - [2024-08-26T15:25:52.281+0000] {dagbag.py:587} INFO - Filling up the DagBag from /home/airflow/.local/lib/python3.12/site-packages/airflow/example_dags/example_task_group.py
[2024-08-26T15:25:52.298+0000] {processor.py:925} INFO - DAG(s) 'example_task_group' retrieved from /home/airflow/.local/lib/python3.12/site-packages/airflow/example_dags/example_task_group.py
[2024-08-26T15:25:52.339+0000] {logging_mixin.py:190} INFO - [2024-08-26T15:25:52.339+0000] {dag.py:3211} INFO - Sync 1 DAGs
[2024-08-26T15:25:52.381+0000] {logging_mixin.py:190} INFO - [2024-08-26T15:25:52.381+0000] {dag.py:4138} INFO - Setting next_dagrun for example_task_group to 2024-08-25 00:00:00+00:00, run_after=2024-08-26 00:00:00+00:00
[2024-08-26T15:25:52.415+0000] {processor.py:208} INFO - Processing /home/airflow/.local/lib/python3.12/site-packages/airflow/example_dags/example_task_group.py took 0.149 seconds
[2024-08-26T15:27:18.822+0000] {processor.py:186} INFO - Started process (PID=1823) to work on /home/airflow/.local/lib/python3.12/site-packages/airflow/example_dags/example_task_group.py
[2024-08-26T15:27:18.827+0000] {processor.py:914} INFO - Processing file /home/airflow/.local/lib/python3.12/site-packages/airflow/example_dags/example_task_group.py for tasks to queue
[2024-08-26T15:27:18.835+0000] {logging_mixin.py:190} INFO - [2024-08-26T15:27:18.833+0000] {dagbag.py:587} INFO - Filling up the DagBag from /home/airflow/.local/lib/python3.12/site-packages/airflow/example_dags/example_task_group.py
[2024-08-26T15:27:18.881+0000] {processor.py:925} INFO - DAG(s) 'example_task_group' retrieved from /home/airflow/.local/lib/python3.12/site-packages/airflow/example_dags/example_task_group.py
[2024-08-26T15:27:18.970+0000] {logging_mixin.py:190} INFO - [2024-08-26T15:27:18.969+0000] {dag.py:3211} INFO - Sync 1 DAGs
[2024-08-26T15:27:19.043+0000] {logging_mixin.py:190} INFO - [2024-08-26T15:27:19.043+0000] {dag.py:4138} INFO - Setting next_dagrun for example_task_group to 2024-08-25 00:00:00+00:00, run_after=2024-08-26 00:00:00+00:00
[2024-08-26T15:27:19.101+0000] {processor.py:208} INFO - Processing /home/airflow/.local/lib/python3.12/site-packages/airflow/example_dags/example_task_group.py took 0.313 seconds
[2024-08-26T15:27:58.354+0000] {processor.py:186} INFO - Started process (PID=1890) to work on /home/airflow/.local/lib/python3.12/site-packages/airflow/example_dags/example_task_group.py
[2024-08-26T15:27:58.359+0000] {processor.py:914} INFO - Processing file /home/airflow/.local/lib/python3.12/site-packages/airflow/example_dags/example_task_group.py for tasks to queue
[2024-08-26T15:27:58.365+0000] {logging_mixin.py:190} INFO - [2024-08-26T15:27:58.364+0000] {dagbag.py:587} INFO - Filling up the DagBag from /home/airflow/.local/lib/python3.12/site-packages/airflow/example_dags/example_task_group.py
[2024-08-26T15:27:58.414+0000] {processor.py:925} INFO - DAG(s) 'example_task_group' retrieved from /home/airflow/.local/lib/python3.12/site-packages/airflow/example_dags/example_task_group.py
[2024-08-26T15:27:58.536+0000] {logging_mixin.py:190} INFO - [2024-08-26T15:27:58.535+0000] {dag.py:3211} INFO - Sync 1 DAGs
[2024-08-26T15:27:58.639+0000] {logging_mixin.py:190} INFO - [2024-08-26T15:27:58.638+0000] {dag.py:4138} INFO - Setting next_dagrun for example_task_group to 2024-08-25 00:00:00+00:00, run_after=2024-08-26 00:00:00+00:00
[2024-08-26T15:27:58.706+0000] {processor.py:208} INFO - Processing /home/airflow/.local/lib/python3.12/site-packages/airflow/example_dags/example_task_group.py took 0.380 seconds
[2024-08-26T15:28:40.092+0000] {processor.py:186} INFO - Started process (PID=1963) to work on /home/airflow/.local/lib/python3.12/site-packages/airflow/example_dags/example_task_group.py
[2024-08-26T15:28:40.095+0000] {processor.py:914} INFO - Processing file /home/airflow/.local/lib/python3.12/site-packages/airflow/example_dags/example_task_group.py for tasks to queue
[2024-08-26T15:28:40.098+0000] {logging_mixin.py:190} INFO - [2024-08-26T15:28:40.097+0000] {dagbag.py:587} INFO - Filling up the DagBag from /home/airflow/.local/lib/python3.12/site-packages/airflow/example_dags/example_task_group.py
[2024-08-26T15:28:40.124+0000] {processor.py:925} INFO - DAG(s) 'example_task_group' retrieved from /home/airflow/.local/lib/python3.12/site-packages/airflow/example_dags/example_task_group.py
[2024-08-26T15:28:40.196+0000] {logging_mixin.py:190} INFO - [2024-08-26T15:28:40.195+0000] {dag.py:3211} INFO - Sync 1 DAGs
[2024-08-26T15:28:40.631+0000] {logging_mixin.py:190} INFO - [2024-08-26T15:28:40.630+0000] {dag.py:4138} INFO - Setting next_dagrun for example_task_group to 2024-08-25 00:00:00+00:00, run_after=2024-08-26 00:00:00+00:00
[2024-08-26T15:28:40.679+0000] {processor.py:208} INFO - Processing /home/airflow/.local/lib/python3.12/site-packages/airflow/example_dags/example_task_group.py took 0.600 seconds
[2024-08-26T15:29:47.606+0000] {processor.py:186} INFO - Started process (PID=2035) to work on /home/airflow/.local/lib/python3.12/site-packages/airflow/example_dags/example_task_group.py
[2024-08-26T15:29:47.613+0000] {processor.py:914} INFO - Processing file /home/airflow/.local/lib/python3.12/site-packages/airflow/example_dags/example_task_group.py for tasks to queue
[2024-08-26T15:29:47.620+0000] {logging_mixin.py:190} INFO - [2024-08-26T15:29:47.618+0000] {dagbag.py:587} INFO - Filling up the DagBag from /home/airflow/.local/lib/python3.12/site-packages/airflow/example_dags/example_task_group.py
[2024-08-26T15:29:47.683+0000] {processor.py:925} INFO - DAG(s) 'example_task_group' retrieved from /home/airflow/.local/lib/python3.12/site-packages/airflow/example_dags/example_task_group.py
[2024-08-26T15:29:47.807+0000] {logging_mixin.py:190} INFO - [2024-08-26T15:29:47.806+0000] {dag.py:3211} INFO - Sync 1 DAGs
[2024-08-26T15:29:48.084+0000] {logging_mixin.py:190} INFO - [2024-08-26T15:29:48.083+0000] {dag.py:4138} INFO - Setting next_dagrun for example_task_group to 2024-08-25 00:00:00+00:00, run_after=2024-08-26 00:00:00+00:00
[2024-08-26T15:29:48.194+0000] {processor.py:208} INFO - Processing /home/airflow/.local/lib/python3.12/site-packages/airflow/example_dags/example_task_group.py took 0.617 seconds
[2024-08-26T15:31:04.365+0000] {processor.py:186} INFO - Started process (PID=2116) to work on /home/airflow/.local/lib/python3.12/site-packages/airflow/example_dags/example_task_group.py
[2024-08-26T15:31:04.371+0000] {processor.py:914} INFO - Processing file /home/airflow/.local/lib/python3.12/site-packages/airflow/example_dags/example_task_group.py for tasks to queue
[2024-08-26T15:31:04.379+0000] {logging_mixin.py:190} INFO - [2024-08-26T15:31:04.377+0000] {dagbag.py:587} INFO - Filling up the DagBag from /home/airflow/.local/lib/python3.12/site-packages/airflow/example_dags/example_task_group.py
[2024-08-26T15:31:04.419+0000] {processor.py:925} INFO - DAG(s) 'example_task_group' retrieved from /home/airflow/.local/lib/python3.12/site-packages/airflow/example_dags/example_task_group.py
[2024-08-26T15:31:04.509+0000] {logging_mixin.py:190} INFO - [2024-08-26T15:31:04.508+0000] {dag.py:3211} INFO - Sync 1 DAGs
[2024-08-26T15:31:04.618+0000] {logging_mixin.py:190} INFO - [2024-08-26T15:31:04.618+0000] {dag.py:4138} INFO - Setting next_dagrun for example_task_group to 2024-08-25 00:00:00+00:00, run_after=2024-08-26 00:00:00+00:00
[2024-08-26T15:31:04.736+0000] {processor.py:208} INFO - Processing /home/airflow/.local/lib/python3.12/site-packages/airflow/example_dags/example_task_group.py took 0.398 seconds
[2024-08-26T15:31:56.275+0000] {processor.py:186} INFO - Started process (PID=2187) to work on /home/airflow/.local/lib/python3.12/site-packages/airflow/example_dags/example_task_group.py
[2024-08-26T15:31:56.280+0000] {processor.py:914} INFO - Processing file /home/airflow/.local/lib/python3.12/site-packages/airflow/example_dags/example_task_group.py for tasks to queue
[2024-08-26T15:31:56.288+0000] {logging_mixin.py:190} INFO - [2024-08-26T15:31:56.287+0000] {dagbag.py:587} INFO - Filling up the DagBag from /home/airflow/.local/lib/python3.12/site-packages/airflow/example_dags/example_task_group.py
[2024-08-26T15:31:56.329+0000] {processor.py:925} INFO - DAG(s) 'example_task_group' retrieved from /home/airflow/.local/lib/python3.12/site-packages/airflow/example_dags/example_task_group.py
[2024-08-26T15:31:56.431+0000] {logging_mixin.py:190} INFO - [2024-08-26T15:31:56.430+0000] {dag.py:3211} INFO - Sync 1 DAGs
[2024-08-26T15:31:56.542+0000] {logging_mixin.py:190} INFO - [2024-08-26T15:31:56.541+0000] {dag.py:4138} INFO - Setting next_dagrun for example_task_group to 2024-08-25 00:00:00+00:00, run_after=2024-08-26 00:00:00+00:00
[2024-08-26T15:31:56.622+0000] {processor.py:208} INFO - Processing /home/airflow/.local/lib/python3.12/site-packages/airflow/example_dags/example_task_group.py took 0.378 seconds
[2024-08-26T15:33:12.683+0000] {processor.py:186} INFO - Started process (PID=2263) to work on /home/airflow/.local/lib/python3.12/site-packages/airflow/example_dags/example_task_group.py
[2024-08-26T15:33:12.691+0000] {processor.py:914} INFO - Processing file /home/airflow/.local/lib/python3.12/site-packages/airflow/example_dags/example_task_group.py for tasks to queue
[2024-08-26T15:33:12.701+0000] {logging_mixin.py:190} INFO - [2024-08-26T15:33:12.699+0000] {dagbag.py:587} INFO - Filling up the DagBag from /home/airflow/.local/lib/python3.12/site-packages/airflow/example_dags/example_task_group.py
[2024-08-26T15:33:12.780+0000] {processor.py:925} INFO - DAG(s) 'example_task_group' retrieved from /home/airflow/.local/lib/python3.12/site-packages/airflow/example_dags/example_task_group.py
[2024-08-26T15:33:12.920+0000] {logging_mixin.py:190} INFO - [2024-08-26T15:33:12.919+0000] {dag.py:3211} INFO - Sync 1 DAGs
[2024-08-26T15:33:13.127+0000] {logging_mixin.py:190} INFO - [2024-08-26T15:33:13.125+0000] {dag.py:4138} INFO - Setting next_dagrun for example_task_group to 2024-08-25 00:00:00+00:00, run_after=2024-08-26 00:00:00+00:00
[2024-08-26T15:33:13.260+0000] {processor.py:208} INFO - Processing /home/airflow/.local/lib/python3.12/site-packages/airflow/example_dags/example_task_group.py took 0.636 seconds
[2024-08-26T15:39:01.767+0000] {processor.py:186} INFO - Started process (PID=2393) to work on /home/airflow/.local/lib/python3.12/site-packages/airflow/example_dags/example_task_group.py
[2024-08-26T15:39:01.772+0000] {processor.py:914} INFO - Processing file /home/airflow/.local/lib/python3.12/site-packages/airflow/example_dags/example_task_group.py for tasks to queue
[2024-08-26T15:39:01.780+0000] {logging_mixin.py:190} INFO - [2024-08-26T15:39:01.779+0000] {dagbag.py:587} INFO - Filling up the DagBag from /home/airflow/.local/lib/python3.12/site-packages/airflow/example_dags/example_task_group.py
[2024-08-26T15:39:01.811+0000] {processor.py:925} INFO - DAG(s) 'example_task_group' retrieved from /home/airflow/.local/lib/python3.12/site-packages/airflow/example_dags/example_task_group.py
[2024-08-26T15:39:01.919+0000] {logging_mixin.py:190} INFO - [2024-08-26T15:39:01.918+0000] {dag.py:3211} INFO - Sync 1 DAGs
[2024-08-26T15:39:02.017+0000] {logging_mixin.py:190} INFO - [2024-08-26T15:39:02.017+0000] {dag.py:4138} INFO - Setting next_dagrun for example_task_group to 2024-08-25 00:00:00+00:00, run_after=2024-08-26 00:00:00+00:00
[2024-08-26T15:39:02.082+0000] {processor.py:208} INFO - Processing /home/airflow/.local/lib/python3.12/site-packages/airflow/example_dags/example_task_group.py took 0.341 seconds
[2024-08-26T15:39:35.203+0000] {processor.py:186} INFO - Started process (PID=2459) to work on /home/airflow/.local/lib/python3.12/site-packages/airflow/example_dags/example_task_group.py
[2024-08-26T15:39:35.206+0000] {processor.py:914} INFO - Processing file /home/airflow/.local/lib/python3.12/site-packages/airflow/example_dags/example_task_group.py for tasks to queue
[2024-08-26T15:39:35.209+0000] {logging_mixin.py:190} INFO - [2024-08-26T15:39:35.208+0000] {dagbag.py:587} INFO - Filling up the DagBag from /home/airflow/.local/lib/python3.12/site-packages/airflow/example_dags/example_task_group.py
[2024-08-26T15:39:35.227+0000] {processor.py:925} INFO - DAG(s) 'example_task_group' retrieved from /home/airflow/.local/lib/python3.12/site-packages/airflow/example_dags/example_task_group.py
[2024-08-26T15:39:35.286+0000] {logging_mixin.py:190} INFO - [2024-08-26T15:39:35.285+0000] {dag.py:3211} INFO - Sync 1 DAGs
[2024-08-26T15:39:35.365+0000] {logging_mixin.py:190} INFO - [2024-08-26T15:39:35.364+0000] {dag.py:4138} INFO - Setting next_dagrun for example_task_group to 2024-08-25 00:00:00+00:00, run_after=2024-08-26 00:00:00+00:00
[2024-08-26T15:39:35.407+0000] {processor.py:208} INFO - Processing /home/airflow/.local/lib/python3.12/site-packages/airflow/example_dags/example_task_group.py took 0.217 seconds
[2024-08-26T15:40:23.322+0000] {processor.py:186} INFO - Started process (PID=2526) to work on /home/airflow/.local/lib/python3.12/site-packages/airflow/example_dags/example_task_group.py
[2024-08-26T15:40:23.325+0000] {processor.py:914} INFO - Processing file /home/airflow/.local/lib/python3.12/site-packages/airflow/example_dags/example_task_group.py for tasks to queue
[2024-08-26T15:40:23.328+0000] {logging_mixin.py:190} INFO - [2024-08-26T15:40:23.327+0000] {dagbag.py:587} INFO - Filling up the DagBag from /home/airflow/.local/lib/python3.12/site-packages/airflow/example_dags/example_task_group.py
[2024-08-26T15:40:23.346+0000] {processor.py:925} INFO - DAG(s) 'example_task_group' retrieved from /home/airflow/.local/lib/python3.12/site-packages/airflow/example_dags/example_task_group.py
[2024-08-26T15:40:23.395+0000] {logging_mixin.py:190} INFO - [2024-08-26T15:40:23.394+0000] {dag.py:3211} INFO - Sync 1 DAGs
[2024-08-26T15:40:23.447+0000] {logging_mixin.py:190} INFO - [2024-08-26T15:40:23.447+0000] {dag.py:4138} INFO - Setting next_dagrun for example_task_group to 2024-08-25 00:00:00+00:00, run_after=2024-08-26 00:00:00+00:00
[2024-08-26T15:40:23.496+0000] {processor.py:208} INFO - Processing /home/airflow/.local/lib/python3.12/site-packages/airflow/example_dags/example_task_group.py took 0.188 seconds
[2024-08-26T15:41:14.807+0000] {processor.py:186} INFO - Started process (PID=2598) to work on /home/airflow/.local/lib/python3.12/site-packages/airflow/example_dags/example_task_group.py
[2024-08-26T15:41:14.811+0000] {processor.py:914} INFO - Processing file /home/airflow/.local/lib/python3.12/site-packages/airflow/example_dags/example_task_group.py for tasks to queue
[2024-08-26T15:41:14.816+0000] {logging_mixin.py:190} INFO - [2024-08-26T15:41:14.815+0000] {dagbag.py:587} INFO - Filling up the DagBag from /home/airflow/.local/lib/python3.12/site-packages/airflow/example_dags/example_task_group.py
[2024-08-26T15:41:14.863+0000] {processor.py:925} INFO - DAG(s) 'example_task_group' retrieved from /home/airflow/.local/lib/python3.12/site-packages/airflow/example_dags/example_task_group.py
[2024-08-26T15:41:14.952+0000] {logging_mixin.py:190} INFO - [2024-08-26T15:41:14.951+0000] {dag.py:3211} INFO - Sync 1 DAGs
[2024-08-26T15:41:15.034+0000] {logging_mixin.py:190} INFO - [2024-08-26T15:41:15.033+0000] {dag.py:4138} INFO - Setting next_dagrun for example_task_group to 2024-08-25 00:00:00+00:00, run_after=2024-08-26 00:00:00+00:00
[2024-08-26T15:41:15.108+0000] {processor.py:208} INFO - Processing /home/airflow/.local/lib/python3.12/site-packages/airflow/example_dags/example_task_group.py took 0.322 seconds
[2024-08-26T15:44:03.118+0000] {processor.py:186} INFO - Started process (PID=2698) to work on /home/airflow/.local/lib/python3.12/site-packages/airflow/example_dags/example_task_group.py
[2024-08-26T15:44:03.122+0000] {processor.py:914} INFO - Processing file /home/airflow/.local/lib/python3.12/site-packages/airflow/example_dags/example_task_group.py for tasks to queue
[2024-08-26T15:44:03.128+0000] {logging_mixin.py:190} INFO - [2024-08-26T15:44:03.127+0000] {dagbag.py:587} INFO - Filling up the DagBag from /home/airflow/.local/lib/python3.12/site-packages/airflow/example_dags/example_task_group.py
[2024-08-26T15:44:03.163+0000] {processor.py:925} INFO - DAG(s) 'example_task_group' retrieved from /home/airflow/.local/lib/python3.12/site-packages/airflow/example_dags/example_task_group.py
[2024-08-26T15:44:03.263+0000] {logging_mixin.py:190} INFO - [2024-08-26T15:44:03.262+0000] {dag.py:3211} INFO - Sync 1 DAGs
[2024-08-26T15:44:03.354+0000] {logging_mixin.py:190} INFO - [2024-08-26T15:44:03.353+0000] {dag.py:4138} INFO - Setting next_dagrun for example_task_group to 2024-08-25 00:00:00+00:00, run_after=2024-08-26 00:00:00+00:00
[2024-08-26T15:44:03.420+0000] {processor.py:208} INFO - Processing /home/airflow/.local/lib/python3.12/site-packages/airflow/example_dags/example_task_group.py took 0.336 seconds
[2024-08-26T15:44:43.093+0000] {processor.py:186} INFO - Started process (PID=2765) to work on /home/airflow/.local/lib/python3.12/site-packages/airflow/example_dags/example_task_group.py
[2024-08-26T15:44:43.096+0000] {processor.py:914} INFO - Processing file /home/airflow/.local/lib/python3.12/site-packages/airflow/example_dags/example_task_group.py for tasks to queue
[2024-08-26T15:44:43.099+0000] {logging_mixin.py:190} INFO - [2024-08-26T15:44:43.098+0000] {dagbag.py:587} INFO - Filling up the DagBag from /home/airflow/.local/lib/python3.12/site-packages/airflow/example_dags/example_task_group.py
[2024-08-26T15:44:43.115+0000] {processor.py:925} INFO - DAG(s) 'example_task_group' retrieved from /home/airflow/.local/lib/python3.12/site-packages/airflow/example_dags/example_task_group.py
[2024-08-26T15:44:43.167+0000] {logging_mixin.py:190} INFO - [2024-08-26T15:44:43.167+0000] {dag.py:3211} INFO - Sync 1 DAGs
[2024-08-26T15:44:43.223+0000] {logging_mixin.py:190} INFO - [2024-08-26T15:44:43.222+0000] {dag.py:4138} INFO - Setting next_dagrun for example_task_group to 2024-08-25 00:00:00+00:00, run_after=2024-08-26 00:00:00+00:00
[2024-08-26T15:44:43.268+0000] {processor.py:208} INFO - Processing /home/airflow/.local/lib/python3.12/site-packages/airflow/example_dags/example_task_group.py took 0.191 seconds
[2024-08-26T15:45:19.459+0000] {processor.py:186} INFO - Started process (PID=2831) to work on /home/airflow/.local/lib/python3.12/site-packages/airflow/example_dags/example_task_group.py
[2024-08-26T15:45:19.461+0000] {processor.py:914} INFO - Processing file /home/airflow/.local/lib/python3.12/site-packages/airflow/example_dags/example_task_group.py for tasks to queue
[2024-08-26T15:45:19.463+0000] {logging_mixin.py:190} INFO - [2024-08-26T15:45:19.463+0000] {dagbag.py:587} INFO - Filling up the DagBag from /home/airflow/.local/lib/python3.12/site-packages/airflow/example_dags/example_task_group.py
[2024-08-26T15:45:19.473+0000] {processor.py:925} INFO - DAG(s) 'example_task_group' retrieved from /home/airflow/.local/lib/python3.12/site-packages/airflow/example_dags/example_task_group.py
[2024-08-26T15:45:19.507+0000] {logging_mixin.py:190} INFO - [2024-08-26T15:45:19.507+0000] {dag.py:3211} INFO - Sync 1 DAGs
[2024-08-26T15:45:19.538+0000] {logging_mixin.py:190} INFO - [2024-08-26T15:45:19.538+0000] {dag.py:4138} INFO - Setting next_dagrun for example_task_group to 2024-08-25 00:00:00+00:00, run_after=2024-08-26 00:00:00+00:00
[2024-08-26T15:45:19.564+0000] {processor.py:208} INFO - Processing /home/airflow/.local/lib/python3.12/site-packages/airflow/example_dags/example_task_group.py took 0.115 seconds
[2024-08-26T15:46:05.613+0000] {processor.py:186} INFO - Started process (PID=2903) to work on /home/airflow/.local/lib/python3.12/site-packages/airflow/example_dags/example_task_group.py
[2024-08-26T15:46:05.620+0000] {processor.py:914} INFO - Processing file /home/airflow/.local/lib/python3.12/site-packages/airflow/example_dags/example_task_group.py for tasks to queue
[2024-08-26T15:46:05.630+0000] {logging_mixin.py:190} INFO - [2024-08-26T15:46:05.629+0000] {dagbag.py:587} INFO - Filling up the DagBag from /home/airflow/.local/lib/python3.12/site-packages/airflow/example_dags/example_task_group.py
[2024-08-26T15:46:05.672+0000] {processor.py:925} INFO - DAG(s) 'example_task_group' retrieved from /home/airflow/.local/lib/python3.12/site-packages/airflow/example_dags/example_task_group.py
[2024-08-26T15:46:05.785+0000] {logging_mixin.py:190} INFO - [2024-08-26T15:46:05.784+0000] {dag.py:3211} INFO - Sync 1 DAGs
[2024-08-26T15:46:05.895+0000] {logging_mixin.py:190} INFO - [2024-08-26T15:46:05.894+0000] {dag.py:4138} INFO - Setting next_dagrun for example_task_group to 2024-08-25 00:00:00+00:00, run_after=2024-08-26 00:00:00+00:00
[2024-08-26T15:46:05.969+0000] {processor.py:208} INFO - Processing /home/airflow/.local/lib/python3.12/site-packages/airflow/example_dags/example_task_group.py took 0.394 seconds
[2024-08-26T15:48:16.948+0000] {processor.py:186} INFO - Started process (PID=2991) to work on /home/airflow/.local/lib/python3.12/site-packages/airflow/example_dags/example_task_group.py
[2024-08-26T15:48:16.952+0000] {processor.py:914} INFO - Processing file /home/airflow/.local/lib/python3.12/site-packages/airflow/example_dags/example_task_group.py for tasks to queue
[2024-08-26T15:48:16.957+0000] {logging_mixin.py:190} INFO - [2024-08-26T15:48:16.956+0000] {dagbag.py:587} INFO - Filling up the DagBag from /home/airflow/.local/lib/python3.12/site-packages/airflow/example_dags/example_task_group.py
[2024-08-26T15:48:16.985+0000] {processor.py:925} INFO - DAG(s) 'example_task_group' retrieved from /home/airflow/.local/lib/python3.12/site-packages/airflow/example_dags/example_task_group.py
[2024-08-26T15:48:17.100+0000] {logging_mixin.py:190} INFO - [2024-08-26T15:48:17.099+0000] {dag.py:3211} INFO - Sync 1 DAGs
[2024-08-26T15:48:17.200+0000] {logging_mixin.py:190} INFO - [2024-08-26T15:48:17.198+0000] {dag.py:4138} INFO - Setting next_dagrun for example_task_group to 2024-08-25 00:00:00+00:00, run_after=2024-08-26 00:00:00+00:00
[2024-08-26T15:48:17.271+0000] {processor.py:208} INFO - Processing /home/airflow/.local/lib/python3.12/site-packages/airflow/example_dags/example_task_group.py took 0.353 seconds
[2024-08-26T15:51:13.260+0000] {processor.py:186} INFO - Started process (PID=3090) to work on /home/airflow/.local/lib/python3.12/site-packages/airflow/example_dags/example_task_group.py
[2024-08-26T15:51:13.277+0000] {processor.py:914} INFO - Processing file /home/airflow/.local/lib/python3.12/site-packages/airflow/example_dags/example_task_group.py for tasks to queue
[2024-08-26T15:51:13.286+0000] {logging_mixin.py:190} INFO - [2024-08-26T15:51:13.284+0000] {dagbag.py:587} INFO - Filling up the DagBag from /home/airflow/.local/lib/python3.12/site-packages/airflow/example_dags/example_task_group.py
[2024-08-26T15:51:13.356+0000] {processor.py:925} INFO - DAG(s) 'example_task_group' retrieved from /home/airflow/.local/lib/python3.12/site-packages/airflow/example_dags/example_task_group.py
[2024-08-26T15:51:13.615+0000] {logging_mixin.py:190} INFO - [2024-08-26T15:51:13.614+0000] {dag.py:3211} INFO - Sync 1 DAGs
[2024-08-26T15:51:13.916+0000] {logging_mixin.py:190} INFO - [2024-08-26T15:51:13.913+0000] {dag.py:4138} INFO - Setting next_dagrun for example_task_group to 2024-08-25 00:00:00+00:00, run_after=2024-08-26 00:00:00+00:00
[2024-08-26T15:51:14.113+0000] {processor.py:208} INFO - Processing /home/airflow/.local/lib/python3.12/site-packages/airflow/example_dags/example_task_group.py took 0.924 seconds
[2024-08-26T15:51:53.945+0000] {processor.py:186} INFO - Started process (PID=3156) to work on /home/airflow/.local/lib/python3.12/site-packages/airflow/example_dags/example_task_group.py
[2024-08-26T15:51:53.947+0000] {processor.py:914} INFO - Processing file /home/airflow/.local/lib/python3.12/site-packages/airflow/example_dags/example_task_group.py for tasks to queue
[2024-08-26T15:51:53.951+0000] {logging_mixin.py:190} INFO - [2024-08-26T15:51:53.950+0000] {dagbag.py:587} INFO - Filling up the DagBag from /home/airflow/.local/lib/python3.12/site-packages/airflow/example_dags/example_task_group.py
[2024-08-26T15:51:53.968+0000] {processor.py:925} INFO - DAG(s) 'example_task_group' retrieved from /home/airflow/.local/lib/python3.12/site-packages/airflow/example_dags/example_task_group.py
[2024-08-26T15:51:54.022+0000] {logging_mixin.py:190} INFO - [2024-08-26T15:51:54.022+0000] {dag.py:3211} INFO - Sync 1 DAGs
[2024-08-26T15:51:54.076+0000] {logging_mixin.py:190} INFO - [2024-08-26T15:51:54.075+0000] {dag.py:4138} INFO - Setting next_dagrun for example_task_group to 2024-08-25 00:00:00+00:00, run_after=2024-08-26 00:00:00+00:00
[2024-08-26T15:51:54.116+0000] {processor.py:208} INFO - Processing /home/airflow/.local/lib/python3.12/site-packages/airflow/example_dags/example_task_group.py took 0.185 seconds
[2024-08-26T15:52:36.197+0000] {processor.py:186} INFO - Started process (PID=3223) to work on /home/airflow/.local/lib/python3.12/site-packages/airflow/example_dags/example_task_group.py
[2024-08-26T15:52:36.201+0000] {processor.py:914} INFO - Processing file /home/airflow/.local/lib/python3.12/site-packages/airflow/example_dags/example_task_group.py for tasks to queue
[2024-08-26T15:52:36.205+0000] {logging_mixin.py:190} INFO - [2024-08-26T15:52:36.204+0000] {dagbag.py:587} INFO - Filling up the DagBag from /home/airflow/.local/lib/python3.12/site-packages/airflow/example_dags/example_task_group.py
[2024-08-26T15:52:36.226+0000] {processor.py:925} INFO - DAG(s) 'example_task_group' retrieved from /home/airflow/.local/lib/python3.12/site-packages/airflow/example_dags/example_task_group.py
[2024-08-26T15:52:36.287+0000] {logging_mixin.py:190} INFO - [2024-08-26T15:52:36.286+0000] {dag.py:3211} INFO - Sync 1 DAGs
[2024-08-26T15:52:36.345+0000] {logging_mixin.py:190} INFO - [2024-08-26T15:52:36.345+0000] {dag.py:4138} INFO - Setting next_dagrun for example_task_group to 2024-08-25 00:00:00+00:00, run_after=2024-08-26 00:00:00+00:00
[2024-08-26T15:52:36.391+0000] {processor.py:208} INFO - Processing /home/airflow/.local/lib/python3.12/site-packages/airflow/example_dags/example_task_group.py took 0.209 seconds
