[2024-08-26T10:34:40.707+0000] {processor.py:186} INFO - Started process (PID=52) to work on /home/airflow/.local/lib/python3.12/site-packages/airflow/example_dags/example_params_trigger_ui.py
[2024-08-26T10:34:40.709+0000] {processor.py:914} INFO - Processing file /home/airflow/.local/lib/python3.12/site-packages/airflow/example_dags/example_params_trigger_ui.py for tasks to queue
[2024-08-26T10:34:40.715+0000] {logging_mixin.py:190} INFO - [2024-08-26T10:34:40.714+0000] {dagbag.py:587} INFO - Filling up the DagBag from /home/airflow/.local/lib/python3.12/site-packages/airflow/example_dags/example_params_trigger_ui.py
[2024-08-26T10:34:40.738+0000] {processor.py:925} INFO - DAG(s) 'example_params_trigger_ui' retrieved from /home/airflow/.local/lib/python3.12/site-packages/airflow/example_dags/example_params_trigger_ui.py
[2024-08-26T10:34:40.828+0000] {logging_mixin.py:190} INFO - [2024-08-26T10:34:40.828+0000] {dag.py:3211} INFO - Sync 1 DAGs
[2024-08-26T10:34:40.853+0000] {logging_mixin.py:190} INFO - [2024-08-26T10:34:40.852+0000] {dag.py:4138} INFO - Setting next_dagrun for example_params_trigger_ui to None, run_after=None
[2024-08-26T10:34:40.884+0000] {processor.py:208} INFO - Processing /home/airflow/.local/lib/python3.12/site-packages/airflow/example_dags/example_params_trigger_ui.py took 0.189 seconds
[2024-08-26T10:35:24.117+0000] {processor.py:186} INFO - Started process (PID=124) to work on /home/airflow/.local/lib/python3.12/site-packages/airflow/example_dags/example_params_trigger_ui.py
[2024-08-26T10:35:24.119+0000] {processor.py:914} INFO - Processing file /home/airflow/.local/lib/python3.12/site-packages/airflow/example_dags/example_params_trigger_ui.py for tasks to queue
[2024-08-26T10:35:24.123+0000] {logging_mixin.py:190} INFO - [2024-08-26T10:35:24.123+0000] {dagbag.py:587} INFO - Filling up the DagBag from /home/airflow/.local/lib/python3.12/site-packages/airflow/example_dags/example_params_trigger_ui.py
[2024-08-26T10:35:24.139+0000] {processor.py:925} INFO - DAG(s) 'example_params_trigger_ui' retrieved from /home/airflow/.local/lib/python3.12/site-packages/airflow/example_dags/example_params_trigger_ui.py
[2024-08-26T10:35:24.206+0000] {logging_mixin.py:190} INFO - [2024-08-26T10:35:24.206+0000] {dag.py:3211} INFO - Sync 1 DAGs
[2024-08-26T10:35:24.227+0000] {logging_mixin.py:190} INFO - [2024-08-26T10:35:24.227+0000] {dag.py:4138} INFO - Setting next_dagrun for example_params_trigger_ui to None, run_after=None
[2024-08-26T10:35:24.252+0000] {processor.py:208} INFO - Processing /home/airflow/.local/lib/python3.12/site-packages/airflow/example_dags/example_params_trigger_ui.py took 0.144 seconds
[2024-08-26T10:37:59.232+0000] {processor.py:186} INFO - Started process (PID=52) to work on /home/airflow/.local/lib/python3.12/site-packages/airflow/example_dags/example_params_trigger_ui.py
[2024-08-26T10:37:59.235+0000] {processor.py:914} INFO - Processing file /home/airflow/.local/lib/python3.12/site-packages/airflow/example_dags/example_params_trigger_ui.py for tasks to queue
[2024-08-26T10:37:59.240+0000] {logging_mixin.py:190} INFO - [2024-08-26T10:37:59.239+0000] {dagbag.py:587} INFO - Filling up the DagBag from /home/airflow/.local/lib/python3.12/site-packages/airflow/example_dags/example_params_trigger_ui.py
[2024-08-26T10:37:59.266+0000] {processor.py:925} INFO - DAG(s) 'example_params_trigger_ui' retrieved from /home/airflow/.local/lib/python3.12/site-packages/airflow/example_dags/example_params_trigger_ui.py
[2024-08-26T10:37:59.395+0000] {logging_mixin.py:190} INFO - [2024-08-26T10:37:59.395+0000] {dag.py:3211} INFO - Sync 1 DAGs
[2024-08-26T10:37:59.420+0000] {logging_mixin.py:190} INFO - [2024-08-26T10:37:59.419+0000] {dag.py:4138} INFO - Setting next_dagrun for example_params_trigger_ui to None, run_after=None
[2024-08-26T10:37:59.444+0000] {processor.py:208} INFO - Processing /home/airflow/.local/lib/python3.12/site-packages/airflow/example_dags/example_params_trigger_ui.py took 0.222 seconds
[2024-08-26T10:38:40.549+0000] {processor.py:186} INFO - Started process (PID=118) to work on /home/airflow/.local/lib/python3.12/site-packages/airflow/example_dags/example_params_trigger_ui.py
[2024-08-26T10:38:40.550+0000] {processor.py:914} INFO - Processing file /home/airflow/.local/lib/python3.12/site-packages/airflow/example_dags/example_params_trigger_ui.py for tasks to queue
[2024-08-26T10:38:40.554+0000] {logging_mixin.py:190} INFO - [2024-08-26T10:38:40.553+0000] {dagbag.py:587} INFO - Filling up the DagBag from /home/airflow/.local/lib/python3.12/site-packages/airflow/example_dags/example_params_trigger_ui.py
[2024-08-26T10:38:40.569+0000] {processor.py:925} INFO - DAG(s) 'example_params_trigger_ui' retrieved from /home/airflow/.local/lib/python3.12/site-packages/airflow/example_dags/example_params_trigger_ui.py
[2024-08-26T10:38:40.648+0000] {logging_mixin.py:190} INFO - [2024-08-26T10:38:40.647+0000] {dag.py:3211} INFO - Sync 1 DAGs
[2024-08-26T10:38:40.676+0000] {logging_mixin.py:190} INFO - [2024-08-26T10:38:40.676+0000] {dag.py:4138} INFO - Setting next_dagrun for example_params_trigger_ui to None, run_after=None
[2024-08-26T10:38:40.704+0000] {processor.py:208} INFO - Processing /home/airflow/.local/lib/python3.12/site-packages/airflow/example_dags/example_params_trigger_ui.py took 0.163 seconds
[2024-08-26T10:39:17.677+0000] {processor.py:186} INFO - Started process (PID=184) to work on /home/airflow/.local/lib/python3.12/site-packages/airflow/example_dags/example_params_trigger_ui.py
[2024-08-26T10:39:17.678+0000] {processor.py:914} INFO - Processing file /home/airflow/.local/lib/python3.12/site-packages/airflow/example_dags/example_params_trigger_ui.py for tasks to queue
[2024-08-26T10:39:17.682+0000] {logging_mixin.py:190} INFO - [2024-08-26T10:39:17.682+0000] {dagbag.py:587} INFO - Filling up the DagBag from /home/airflow/.local/lib/python3.12/site-packages/airflow/example_dags/example_params_trigger_ui.py
[2024-08-26T10:39:17.699+0000] {processor.py:925} INFO - DAG(s) 'example_params_trigger_ui' retrieved from /home/airflow/.local/lib/python3.12/site-packages/airflow/example_dags/example_params_trigger_ui.py
[2024-08-26T10:39:17.763+0000] {logging_mixin.py:190} INFO - [2024-08-26T10:39:17.763+0000] {dag.py:3211} INFO - Sync 1 DAGs
[2024-08-26T10:39:17.785+0000] {logging_mixin.py:190} INFO - [2024-08-26T10:39:17.784+0000] {dag.py:4138} INFO - Setting next_dagrun for example_params_trigger_ui to None, run_after=None
[2024-08-26T10:39:17.811+0000] {processor.py:208} INFO - Processing /home/airflow/.local/lib/python3.12/site-packages/airflow/example_dags/example_params_trigger_ui.py took 0.142 seconds
[2024-08-26T10:39:57.845+0000] {processor.py:186} INFO - Started process (PID=251) to work on /home/airflow/.local/lib/python3.12/site-packages/airflow/example_dags/example_params_trigger_ui.py
[2024-08-26T10:39:57.848+0000] {processor.py:914} INFO - Processing file /home/airflow/.local/lib/python3.12/site-packages/airflow/example_dags/example_params_trigger_ui.py for tasks to queue
[2024-08-26T10:39:57.855+0000] {logging_mixin.py:190} INFO - [2024-08-26T10:39:57.855+0000] {dagbag.py:587} INFO - Filling up the DagBag from /home/airflow/.local/lib/python3.12/site-packages/airflow/example_dags/example_params_trigger_ui.py
[2024-08-26T10:39:57.890+0000] {processor.py:925} INFO - DAG(s) 'example_params_trigger_ui' retrieved from /home/airflow/.local/lib/python3.12/site-packages/airflow/example_dags/example_params_trigger_ui.py
[2024-08-26T10:39:58.026+0000] {logging_mixin.py:190} INFO - [2024-08-26T10:39:58.026+0000] {dag.py:3211} INFO - Sync 1 DAGs
[2024-08-26T10:39:58.072+0000] {logging_mixin.py:190} INFO - [2024-08-26T10:39:58.071+0000] {dag.py:4138} INFO - Setting next_dagrun for example_params_trigger_ui to None, run_after=None
[2024-08-26T10:39:58.191+0000] {processor.py:208} INFO - Processing /home/airflow/.local/lib/python3.12/site-packages/airflow/example_dags/example_params_trigger_ui.py took 0.361 seconds
[2024-08-26T10:40:41.654+0000] {processor.py:186} INFO - Started process (PID=325) to work on /home/airflow/.local/lib/python3.12/site-packages/airflow/example_dags/example_params_trigger_ui.py
[2024-08-26T10:40:41.656+0000] {processor.py:914} INFO - Processing file /home/airflow/.local/lib/python3.12/site-packages/airflow/example_dags/example_params_trigger_ui.py for tasks to queue
[2024-08-26T10:40:41.663+0000] {logging_mixin.py:190} INFO - [2024-08-26T10:40:41.662+0000] {dagbag.py:587} INFO - Filling up the DagBag from /home/airflow/.local/lib/python3.12/site-packages/airflow/example_dags/example_params_trigger_ui.py
[2024-08-26T10:40:41.679+0000] {processor.py:925} INFO - DAG(s) 'example_params_trigger_ui' retrieved from /home/airflow/.local/lib/python3.12/site-packages/airflow/example_dags/example_params_trigger_ui.py
[2024-08-26T10:40:41.745+0000] {logging_mixin.py:190} INFO - [2024-08-26T10:40:41.745+0000] {dag.py:3211} INFO - Sync 1 DAGs
[2024-08-26T10:40:41.765+0000] {logging_mixin.py:190} INFO - [2024-08-26T10:40:41.765+0000] {dag.py:4138} INFO - Setting next_dagrun for example_params_trigger_ui to None, run_after=None
[2024-08-26T10:40:41.788+0000] {processor.py:208} INFO - Processing /home/airflow/.local/lib/python3.12/site-packages/airflow/example_dags/example_params_trigger_ui.py took 0.157 seconds
[2024-08-26T10:41:19.512+0000] {processor.py:186} INFO - Started process (PID=391) to work on /home/airflow/.local/lib/python3.12/site-packages/airflow/example_dags/example_params_trigger_ui.py
[2024-08-26T10:41:19.514+0000] {processor.py:914} INFO - Processing file /home/airflow/.local/lib/python3.12/site-packages/airflow/example_dags/example_params_trigger_ui.py for tasks to queue
[2024-08-26T10:41:19.518+0000] {logging_mixin.py:190} INFO - [2024-08-26T10:41:19.518+0000] {dagbag.py:587} INFO - Filling up the DagBag from /home/airflow/.local/lib/python3.12/site-packages/airflow/example_dags/example_params_trigger_ui.py
[2024-08-26T10:41:19.540+0000] {processor.py:925} INFO - DAG(s) 'example_params_trigger_ui' retrieved from /home/airflow/.local/lib/python3.12/site-packages/airflow/example_dags/example_params_trigger_ui.py
[2024-08-26T10:41:19.613+0000] {logging_mixin.py:190} INFO - [2024-08-26T10:41:19.613+0000] {dag.py:3211} INFO - Sync 1 DAGs
[2024-08-26T10:41:19.635+0000] {logging_mixin.py:190} INFO - [2024-08-26T10:41:19.635+0000] {dag.py:4138} INFO - Setting next_dagrun for example_params_trigger_ui to None, run_after=None
[2024-08-26T10:41:19.662+0000] {processor.py:208} INFO - Processing /home/airflow/.local/lib/python3.12/site-packages/airflow/example_dags/example_params_trigger_ui.py took 0.159 seconds
[2024-08-26T10:41:58.009+0000] {processor.py:186} INFO - Started process (PID=457) to work on /home/airflow/.local/lib/python3.12/site-packages/airflow/example_dags/example_params_trigger_ui.py
[2024-08-26T10:41:58.012+0000] {processor.py:914} INFO - Processing file /home/airflow/.local/lib/python3.12/site-packages/airflow/example_dags/example_params_trigger_ui.py for tasks to queue
[2024-08-26T10:41:58.016+0000] {logging_mixin.py:190} INFO - [2024-08-26T10:41:58.016+0000] {dagbag.py:587} INFO - Filling up the DagBag from /home/airflow/.local/lib/python3.12/site-packages/airflow/example_dags/example_params_trigger_ui.py
[2024-08-26T10:41:58.040+0000] {processor.py:925} INFO - DAG(s) 'example_params_trigger_ui' retrieved from /home/airflow/.local/lib/python3.12/site-packages/airflow/example_dags/example_params_trigger_ui.py
[2024-08-26T10:41:58.153+0000] {logging_mixin.py:190} INFO - [2024-08-26T10:41:58.152+0000] {dag.py:3211} INFO - Sync 1 DAGs
[2024-08-26T10:41:58.223+0000] {logging_mixin.py:190} INFO - [2024-08-26T10:41:58.223+0000] {dag.py:4138} INFO - Setting next_dagrun for example_params_trigger_ui to None, run_after=None
[2024-08-26T10:41:58.348+0000] {processor.py:208} INFO - Processing /home/airflow/.local/lib/python3.12/site-packages/airflow/example_dags/example_params_trigger_ui.py took 0.351 seconds
[2024-08-26T10:42:50.349+0000] {processor.py:186} INFO - Started process (PID=529) to work on /home/airflow/.local/lib/python3.12/site-packages/airflow/example_dags/example_params_trigger_ui.py
[2024-08-26T10:42:50.350+0000] {processor.py:914} INFO - Processing file /home/airflow/.local/lib/python3.12/site-packages/airflow/example_dags/example_params_trigger_ui.py for tasks to queue
[2024-08-26T10:42:50.352+0000] {logging_mixin.py:190} INFO - [2024-08-26T10:42:50.352+0000] {dagbag.py:587} INFO - Filling up the DagBag from /home/airflow/.local/lib/python3.12/site-packages/airflow/example_dags/example_params_trigger_ui.py
[2024-08-26T10:42:50.369+0000] {processor.py:925} INFO - DAG(s) 'example_params_trigger_ui' retrieved from /home/airflow/.local/lib/python3.12/site-packages/airflow/example_dags/example_params_trigger_ui.py
[2024-08-26T10:42:50.426+0000] {logging_mixin.py:190} INFO - [2024-08-26T10:42:50.425+0000] {dag.py:3211} INFO - Sync 1 DAGs
[2024-08-26T10:42:50.445+0000] {logging_mixin.py:190} INFO - [2024-08-26T10:42:50.445+0000] {dag.py:4138} INFO - Setting next_dagrun for example_params_trigger_ui to None, run_after=None
[2024-08-26T10:42:50.468+0000] {processor.py:208} INFO - Processing /home/airflow/.local/lib/python3.12/site-packages/airflow/example_dags/example_params_trigger_ui.py took 0.127 seconds
[2024-08-26T10:43:32.145+0000] {processor.py:186} INFO - Started process (PID=600) to work on /home/airflow/.local/lib/python3.12/site-packages/airflow/example_dags/example_params_trigger_ui.py
[2024-08-26T10:43:32.147+0000] {processor.py:914} INFO - Processing file /home/airflow/.local/lib/python3.12/site-packages/airflow/example_dags/example_params_trigger_ui.py for tasks to queue
[2024-08-26T10:43:32.150+0000] {logging_mixin.py:190} INFO - [2024-08-26T10:43:32.149+0000] {dagbag.py:587} INFO - Filling up the DagBag from /home/airflow/.local/lib/python3.12/site-packages/airflow/example_dags/example_params_trigger_ui.py
[2024-08-26T10:43:32.180+0000] {processor.py:925} INFO - DAG(s) 'example_params_trigger_ui' retrieved from /home/airflow/.local/lib/python3.12/site-packages/airflow/example_dags/example_params_trigger_ui.py
[2024-08-26T10:43:32.263+0000] {logging_mixin.py:190} INFO - [2024-08-26T10:43:32.263+0000] {dag.py:3211} INFO - Sync 1 DAGs
[2024-08-26T10:43:32.295+0000] {logging_mixin.py:190} INFO - [2024-08-26T10:43:32.294+0000] {dag.py:4138} INFO - Setting next_dagrun for example_params_trigger_ui to None, run_after=None
[2024-08-26T10:43:32.336+0000] {processor.py:208} INFO - Processing /home/airflow/.local/lib/python3.12/site-packages/airflow/example_dags/example_params_trigger_ui.py took 0.200 seconds
[2024-08-26T10:44:10.948+0000] {processor.py:186} INFO - Started process (PID=675) to work on /home/airflow/.local/lib/python3.12/site-packages/airflow/example_dags/example_params_trigger_ui.py
[2024-08-26T10:44:10.950+0000] {processor.py:914} INFO - Processing file /home/airflow/.local/lib/python3.12/site-packages/airflow/example_dags/example_params_trigger_ui.py for tasks to queue
[2024-08-26T10:44:10.951+0000] {logging_mixin.py:190} INFO - [2024-08-26T10:44:10.951+0000] {dagbag.py:587} INFO - Filling up the DagBag from /home/airflow/.local/lib/python3.12/site-packages/airflow/example_dags/example_params_trigger_ui.py
[2024-08-26T10:44:10.968+0000] {processor.py:925} INFO - DAG(s) 'example_params_trigger_ui' retrieved from /home/airflow/.local/lib/python3.12/site-packages/airflow/example_dags/example_params_trigger_ui.py
[2024-08-26T10:44:11.031+0000] {logging_mixin.py:190} INFO - [2024-08-26T10:44:11.031+0000] {dag.py:3211} INFO - Sync 1 DAGs
[2024-08-26T10:44:11.052+0000] {logging_mixin.py:190} INFO - [2024-08-26T10:44:11.052+0000] {dag.py:4138} INFO - Setting next_dagrun for example_params_trigger_ui to None, run_after=None
[2024-08-26T10:44:11.080+0000] {processor.py:208} INFO - Processing /home/airflow/.local/lib/python3.12/site-packages/airflow/example_dags/example_params_trigger_ui.py took 0.140 seconds
[2024-08-26T10:44:50.135+0000] {processor.py:186} INFO - Started process (PID=741) to work on /home/airflow/.local/lib/python3.12/site-packages/airflow/example_dags/example_params_trigger_ui.py
[2024-08-26T10:44:50.137+0000] {processor.py:914} INFO - Processing file /home/airflow/.local/lib/python3.12/site-packages/airflow/example_dags/example_params_trigger_ui.py for tasks to queue
[2024-08-26T10:44:50.138+0000] {logging_mixin.py:190} INFO - [2024-08-26T10:44:50.138+0000] {dagbag.py:587} INFO - Filling up the DagBag from /home/airflow/.local/lib/python3.12/site-packages/airflow/example_dags/example_params_trigger_ui.py
[2024-08-26T10:44:50.151+0000] {processor.py:925} INFO - DAG(s) 'example_params_trigger_ui' retrieved from /home/airflow/.local/lib/python3.12/site-packages/airflow/example_dags/example_params_trigger_ui.py
[2024-08-26T10:44:50.200+0000] {logging_mixin.py:190} INFO - [2024-08-26T10:44:50.199+0000] {dag.py:3211} INFO - Sync 1 DAGs
[2024-08-26T10:44:50.217+0000] {logging_mixin.py:190} INFO - [2024-08-26T10:44:50.216+0000] {dag.py:4138} INFO - Setting next_dagrun for example_params_trigger_ui to None, run_after=None
[2024-08-26T10:44:50.236+0000] {processor.py:208} INFO - Processing /home/airflow/.local/lib/python3.12/site-packages/airflow/example_dags/example_params_trigger_ui.py took 0.107 seconds
[2024-08-26T10:45:30.972+0000] {processor.py:186} INFO - Started process (PID=816) to work on /home/airflow/.local/lib/python3.12/site-packages/airflow/example_dags/example_params_trigger_ui.py
[2024-08-26T10:45:30.975+0000] {processor.py:914} INFO - Processing file /home/airflow/.local/lib/python3.12/site-packages/airflow/example_dags/example_params_trigger_ui.py for tasks to queue
[2024-08-26T10:45:30.977+0000] {logging_mixin.py:190} INFO - [2024-08-26T10:45:30.976+0000] {dagbag.py:587} INFO - Filling up the DagBag from /home/airflow/.local/lib/python3.12/site-packages/airflow/example_dags/example_params_trigger_ui.py
[2024-08-26T10:45:30.996+0000] {processor.py:925} INFO - DAG(s) 'example_params_trigger_ui' retrieved from /home/airflow/.local/lib/python3.12/site-packages/airflow/example_dags/example_params_trigger_ui.py
[2024-08-26T10:45:31.064+0000] {logging_mixin.py:190} INFO - [2024-08-26T10:45:31.064+0000] {dag.py:3211} INFO - Sync 1 DAGs
[2024-08-26T10:45:31.086+0000] {logging_mixin.py:190} INFO - [2024-08-26T10:45:31.085+0000] {dag.py:4138} INFO - Setting next_dagrun for example_params_trigger_ui to None, run_after=None
[2024-08-26T10:45:31.116+0000] {processor.py:208} INFO - Processing /home/airflow/.local/lib/python3.12/site-packages/airflow/example_dags/example_params_trigger_ui.py took 0.153 seconds
[2024-08-26T10:46:09.973+0000] {processor.py:186} INFO - Started process (PID=889) to work on /home/airflow/.local/lib/python3.12/site-packages/airflow/example_dags/example_params_trigger_ui.py
[2024-08-26T10:46:09.975+0000] {processor.py:914} INFO - Processing file /home/airflow/.local/lib/python3.12/site-packages/airflow/example_dags/example_params_trigger_ui.py for tasks to queue
[2024-08-26T10:46:09.977+0000] {logging_mixin.py:190} INFO - [2024-08-26T10:46:09.977+0000] {dagbag.py:587} INFO - Filling up the DagBag from /home/airflow/.local/lib/python3.12/site-packages/airflow/example_dags/example_params_trigger_ui.py
[2024-08-26T10:46:09.994+0000] {processor.py:925} INFO - DAG(s) 'example_params_trigger_ui' retrieved from /home/airflow/.local/lib/python3.12/site-packages/airflow/example_dags/example_params_trigger_ui.py
[2024-08-26T10:46:10.059+0000] {logging_mixin.py:190} INFO - [2024-08-26T10:46:10.059+0000] {dag.py:3211} INFO - Sync 1 DAGs
[2024-08-26T10:46:10.080+0000] {logging_mixin.py:190} INFO - [2024-08-26T10:46:10.080+0000] {dag.py:4138} INFO - Setting next_dagrun for example_params_trigger_ui to None, run_after=None
[2024-08-26T10:46:10.106+0000] {processor.py:208} INFO - Processing /home/airflow/.local/lib/python3.12/site-packages/airflow/example_dags/example_params_trigger_ui.py took 0.141 seconds
[2024-08-26T10:46:48.556+0000] {processor.py:186} INFO - Started process (PID=955) to work on /home/airflow/.local/lib/python3.12/site-packages/airflow/example_dags/example_params_trigger_ui.py
[2024-08-26T10:46:48.558+0000] {processor.py:914} INFO - Processing file /home/airflow/.local/lib/python3.12/site-packages/airflow/example_dags/example_params_trigger_ui.py for tasks to queue
[2024-08-26T10:46:48.560+0000] {logging_mixin.py:190} INFO - [2024-08-26T10:46:48.559+0000] {dagbag.py:587} INFO - Filling up the DagBag from /home/airflow/.local/lib/python3.12/site-packages/airflow/example_dags/example_params_trigger_ui.py
[2024-08-26T10:46:48.577+0000] {processor.py:925} INFO - DAG(s) 'example_params_trigger_ui' retrieved from /home/airflow/.local/lib/python3.12/site-packages/airflow/example_dags/example_params_trigger_ui.py
[2024-08-26T10:46:48.640+0000] {logging_mixin.py:190} INFO - [2024-08-26T10:46:48.640+0000] {dag.py:3211} INFO - Sync 1 DAGs
[2024-08-26T10:46:48.662+0000] {logging_mixin.py:190} INFO - [2024-08-26T10:46:48.661+0000] {dag.py:4138} INFO - Setting next_dagrun for example_params_trigger_ui to None, run_after=None
[2024-08-26T10:46:48.688+0000] {processor.py:208} INFO - Processing /home/airflow/.local/lib/python3.12/site-packages/airflow/example_dags/example_params_trigger_ui.py took 0.141 seconds
[2024-08-26T10:47:39.353+0000] {processor.py:186} INFO - Started process (PID=1036) to work on /home/airflow/.local/lib/python3.12/site-packages/airflow/example_dags/example_params_trigger_ui.py
[2024-08-26T10:47:39.356+0000] {processor.py:914} INFO - Processing file /home/airflow/.local/lib/python3.12/site-packages/airflow/example_dags/example_params_trigger_ui.py for tasks to queue
[2024-08-26T10:47:39.358+0000] {logging_mixin.py:190} INFO - [2024-08-26T10:47:39.358+0000] {dagbag.py:587} INFO - Filling up the DagBag from /home/airflow/.local/lib/python3.12/site-packages/airflow/example_dags/example_params_trigger_ui.py
[2024-08-26T10:47:39.378+0000] {processor.py:925} INFO - DAG(s) 'example_params_trigger_ui' retrieved from /home/airflow/.local/lib/python3.12/site-packages/airflow/example_dags/example_params_trigger_ui.py
[2024-08-26T10:47:39.457+0000] {logging_mixin.py:190} INFO - [2024-08-26T10:47:39.457+0000] {dag.py:3211} INFO - Sync 1 DAGs
[2024-08-26T10:47:39.483+0000] {logging_mixin.py:190} INFO - [2024-08-26T10:47:39.483+0000] {dag.py:4138} INFO - Setting next_dagrun for example_params_trigger_ui to None, run_after=None
[2024-08-26T10:47:39.517+0000] {processor.py:208} INFO - Processing /home/airflow/.local/lib/python3.12/site-packages/airflow/example_dags/example_params_trigger_ui.py took 0.174 seconds
[2024-08-26T10:48:19.329+0000] {processor.py:186} INFO - Started process (PID=1104) to work on /home/airflow/.local/lib/python3.12/site-packages/airflow/example_dags/example_params_trigger_ui.py
[2024-08-26T10:48:19.331+0000] {processor.py:914} INFO - Processing file /home/airflow/.local/lib/python3.12/site-packages/airflow/example_dags/example_params_trigger_ui.py for tasks to queue
[2024-08-26T10:48:19.333+0000] {logging_mixin.py:190} INFO - [2024-08-26T10:48:19.333+0000] {dagbag.py:587} INFO - Filling up the DagBag from /home/airflow/.local/lib/python3.12/site-packages/airflow/example_dags/example_params_trigger_ui.py
[2024-08-26T10:48:19.348+0000] {processor.py:925} INFO - DAG(s) 'example_params_trigger_ui' retrieved from /home/airflow/.local/lib/python3.12/site-packages/airflow/example_dags/example_params_trigger_ui.py
[2024-08-26T10:48:19.406+0000] {logging_mixin.py:190} INFO - [2024-08-26T10:48:19.406+0000] {dag.py:3211} INFO - Sync 1 DAGs
[2024-08-26T10:48:19.426+0000] {logging_mixin.py:190} INFO - [2024-08-26T10:48:19.426+0000] {dag.py:4138} INFO - Setting next_dagrun for example_params_trigger_ui to None, run_after=None
[2024-08-26T10:48:19.451+0000] {processor.py:208} INFO - Processing /home/airflow/.local/lib/python3.12/site-packages/airflow/example_dags/example_params_trigger_ui.py took 0.129 seconds
[2024-08-26T10:49:01.574+0000] {processor.py:186} INFO - Started process (PID=1180) to work on /home/airflow/.local/lib/python3.12/site-packages/airflow/example_dags/example_params_trigger_ui.py
[2024-08-26T10:49:01.578+0000] {processor.py:914} INFO - Processing file /home/airflow/.local/lib/python3.12/site-packages/airflow/example_dags/example_params_trigger_ui.py for tasks to queue
[2024-08-26T10:49:01.582+0000] {logging_mixin.py:190} INFO - [2024-08-26T10:49:01.581+0000] {dagbag.py:587} INFO - Filling up the DagBag from /home/airflow/.local/lib/python3.12/site-packages/airflow/example_dags/example_params_trigger_ui.py
[2024-08-26T10:49:01.615+0000] {processor.py:925} INFO - DAG(s) 'example_params_trigger_ui' retrieved from /home/airflow/.local/lib/python3.12/site-packages/airflow/example_dags/example_params_trigger_ui.py
[2024-08-26T10:49:01.774+0000] {logging_mixin.py:190} INFO - [2024-08-26T10:49:01.773+0000] {dag.py:3211} INFO - Sync 1 DAGs
[2024-08-26T10:49:01.811+0000] {logging_mixin.py:190} INFO - [2024-08-26T10:49:01.811+0000] {dag.py:4138} INFO - Setting next_dagrun for example_params_trigger_ui to None, run_after=None
[2024-08-26T10:49:01.870+0000] {processor.py:208} INFO - Processing /home/airflow/.local/lib/python3.12/site-packages/airflow/example_dags/example_params_trigger_ui.py took 0.312 seconds
[2024-08-26T10:49:41.433+0000] {processor.py:186} INFO - Started process (PID=1251) to work on /home/airflow/.local/lib/python3.12/site-packages/airflow/example_dags/example_params_trigger_ui.py
[2024-08-26T10:49:41.435+0000] {processor.py:914} INFO - Processing file /home/airflow/.local/lib/python3.12/site-packages/airflow/example_dags/example_params_trigger_ui.py for tasks to queue
[2024-08-26T10:49:41.437+0000] {logging_mixin.py:190} INFO - [2024-08-26T10:49:41.437+0000] {dagbag.py:587} INFO - Filling up the DagBag from /home/airflow/.local/lib/python3.12/site-packages/airflow/example_dags/example_params_trigger_ui.py
[2024-08-26T10:49:41.478+0000] {processor.py:925} INFO - DAG(s) 'example_params_trigger_ui' retrieved from /home/airflow/.local/lib/python3.12/site-packages/airflow/example_dags/example_params_trigger_ui.py
[2024-08-26T10:49:41.680+0000] {logging_mixin.py:190} INFO - [2024-08-26T10:49:41.679+0000] {dag.py:3211} INFO - Sync 1 DAGs
[2024-08-26T10:49:41.847+0000] {logging_mixin.py:190} INFO - [2024-08-26T10:49:41.846+0000] {dag.py:4138} INFO - Setting next_dagrun for example_params_trigger_ui to None, run_after=None
[2024-08-26T10:49:42.164+0000] {processor.py:208} INFO - Processing /home/airflow/.local/lib/python3.12/site-packages/airflow/example_dags/example_params_trigger_ui.py took 0.740 seconds
[2024-08-26T15:09:23.247+0000] {processor.py:186} INFO - Started process (PID=46) to work on /home/airflow/.local/lib/python3.12/site-packages/airflow/example_dags/example_params_trigger_ui.py
[2024-08-26T15:09:23.248+0000] {processor.py:914} INFO - Processing file /home/airflow/.local/lib/python3.12/site-packages/airflow/example_dags/example_params_trigger_ui.py for tasks to queue
[2024-08-26T15:09:23.252+0000] {logging_mixin.py:190} INFO - [2024-08-26T15:09:23.251+0000] {dagbag.py:587} INFO - Filling up the DagBag from /home/airflow/.local/lib/python3.12/site-packages/airflow/example_dags/example_params_trigger_ui.py
[2024-08-26T15:09:23.268+0000] {processor.py:925} INFO - DAG(s) 'example_params_trigger_ui' retrieved from /home/airflow/.local/lib/python3.12/site-packages/airflow/example_dags/example_params_trigger_ui.py
[2024-08-26T15:09:23.345+0000] {logging_mixin.py:190} INFO - [2024-08-26T15:09:23.344+0000] {dag.py:3211} INFO - Sync 1 DAGs
[2024-08-26T15:09:23.369+0000] {logging_mixin.py:190} INFO - [2024-08-26T15:09:23.369+0000] {dag.py:4138} INFO - Setting next_dagrun for example_params_trigger_ui to None, run_after=None
[2024-08-26T15:09:23.394+0000] {processor.py:208} INFO - Processing /home/airflow/.local/lib/python3.12/site-packages/airflow/example_dags/example_params_trigger_ui.py took 0.155 seconds
[2024-08-26T15:10:06.845+0000] {processor.py:186} INFO - Started process (PID=118) to work on /home/airflow/.local/lib/python3.12/site-packages/airflow/example_dags/example_params_trigger_ui.py
[2024-08-26T15:10:06.847+0000] {processor.py:914} INFO - Processing file /home/airflow/.local/lib/python3.12/site-packages/airflow/example_dags/example_params_trigger_ui.py for tasks to queue
[2024-08-26T15:10:06.851+0000] {logging_mixin.py:190} INFO - [2024-08-26T15:10:06.850+0000] {dagbag.py:587} INFO - Filling up the DagBag from /home/airflow/.local/lib/python3.12/site-packages/airflow/example_dags/example_params_trigger_ui.py
[2024-08-26T15:10:06.867+0000] {processor.py:925} INFO - DAG(s) 'example_params_trigger_ui' retrieved from /home/airflow/.local/lib/python3.12/site-packages/airflow/example_dags/example_params_trigger_ui.py
[2024-08-26T15:10:06.932+0000] {logging_mixin.py:190} INFO - [2024-08-26T15:10:06.932+0000] {dag.py:3211} INFO - Sync 1 DAGs
[2024-08-26T15:10:06.956+0000] {logging_mixin.py:190} INFO - [2024-08-26T15:10:06.955+0000] {dag.py:4138} INFO - Setting next_dagrun for example_params_trigger_ui to None, run_after=None
[2024-08-26T15:10:06.981+0000] {processor.py:208} INFO - Processing /home/airflow/.local/lib/python3.12/site-packages/airflow/example_dags/example_params_trigger_ui.py took 0.144 seconds
[2024-08-26T15:10:45.284+0000] {processor.py:186} INFO - Started process (PID=184) to work on /home/airflow/.local/lib/python3.12/site-packages/airflow/example_dags/example_params_trigger_ui.py
[2024-08-26T15:10:45.285+0000] {processor.py:914} INFO - Processing file /home/airflow/.local/lib/python3.12/site-packages/airflow/example_dags/example_params_trigger_ui.py for tasks to queue
[2024-08-26T15:10:45.288+0000] {logging_mixin.py:190} INFO - [2024-08-26T15:10:45.288+0000] {dagbag.py:587} INFO - Filling up the DagBag from /home/airflow/.local/lib/python3.12/site-packages/airflow/example_dags/example_params_trigger_ui.py
[2024-08-26T15:10:45.305+0000] {processor.py:925} INFO - DAG(s) 'example_params_trigger_ui' retrieved from /home/airflow/.local/lib/python3.12/site-packages/airflow/example_dags/example_params_trigger_ui.py
[2024-08-26T15:10:45.367+0000] {logging_mixin.py:190} INFO - [2024-08-26T15:10:45.367+0000] {dag.py:3211} INFO - Sync 1 DAGs
[2024-08-26T15:10:45.387+0000] {logging_mixin.py:190} INFO - [2024-08-26T15:10:45.387+0000] {dag.py:4138} INFO - Setting next_dagrun for example_params_trigger_ui to None, run_after=None
[2024-08-26T15:10:45.410+0000] {processor.py:208} INFO - Processing /home/airflow/.local/lib/python3.12/site-packages/airflow/example_dags/example_params_trigger_ui.py took 0.134 seconds
[2024-08-26T15:11:22.442+0000] {processor.py:186} INFO - Started process (PID=251) to work on /home/airflow/.local/lib/python3.12/site-packages/airflow/example_dags/example_params_trigger_ui.py
[2024-08-26T15:11:22.443+0000] {processor.py:914} INFO - Processing file /home/airflow/.local/lib/python3.12/site-packages/airflow/example_dags/example_params_trigger_ui.py for tasks to queue
[2024-08-26T15:11:22.447+0000] {logging_mixin.py:190} INFO - [2024-08-26T15:11:22.446+0000] {dagbag.py:587} INFO - Filling up the DagBag from /home/airflow/.local/lib/python3.12/site-packages/airflow/example_dags/example_params_trigger_ui.py
[2024-08-26T15:11:22.461+0000] {processor.py:925} INFO - DAG(s) 'example_params_trigger_ui' retrieved from /home/airflow/.local/lib/python3.12/site-packages/airflow/example_dags/example_params_trigger_ui.py
[2024-08-26T15:11:22.521+0000] {logging_mixin.py:190} INFO - [2024-08-26T15:11:22.520+0000] {dag.py:3211} INFO - Sync 1 DAGs
[2024-08-26T15:11:22.541+0000] {logging_mixin.py:190} INFO - [2024-08-26T15:11:22.540+0000] {dag.py:4138} INFO - Setting next_dagrun for example_params_trigger_ui to None, run_after=None
[2024-08-26T15:11:22.567+0000] {processor.py:208} INFO - Processing /home/airflow/.local/lib/python3.12/site-packages/airflow/example_dags/example_params_trigger_ui.py took 0.133 seconds
[2024-08-26T15:12:00.989+0000] {processor.py:186} INFO - Started process (PID=323) to work on /home/airflow/.local/lib/python3.12/site-packages/airflow/example_dags/example_params_trigger_ui.py
[2024-08-26T15:12:00.991+0000] {processor.py:914} INFO - Processing file /home/airflow/.local/lib/python3.12/site-packages/airflow/example_dags/example_params_trigger_ui.py for tasks to queue
[2024-08-26T15:12:00.996+0000] {logging_mixin.py:190} INFO - [2024-08-26T15:12:00.995+0000] {dagbag.py:587} INFO - Filling up the DagBag from /home/airflow/.local/lib/python3.12/site-packages/airflow/example_dags/example_params_trigger_ui.py
[2024-08-26T15:12:01.015+0000] {processor.py:925} INFO - DAG(s) 'example_params_trigger_ui' retrieved from /home/airflow/.local/lib/python3.12/site-packages/airflow/example_dags/example_params_trigger_ui.py
[2024-08-26T15:12:01.087+0000] {logging_mixin.py:190} INFO - [2024-08-26T15:12:01.086+0000] {dag.py:3211} INFO - Sync 1 DAGs
[2024-08-26T15:12:01.114+0000] {logging_mixin.py:190} INFO - [2024-08-26T15:12:01.113+0000] {dag.py:4138} INFO - Setting next_dagrun for example_params_trigger_ui to None, run_after=None
[2024-08-26T15:12:01.141+0000] {processor.py:208} INFO - Processing /home/airflow/.local/lib/python3.12/site-packages/airflow/example_dags/example_params_trigger_ui.py took 0.162 seconds
[2024-08-26T15:12:40.516+0000] {processor.py:186} INFO - Started process (PID=389) to work on /home/airflow/.local/lib/python3.12/site-packages/airflow/example_dags/example_params_trigger_ui.py
[2024-08-26T15:12:40.517+0000] {processor.py:914} INFO - Processing file /home/airflow/.local/lib/python3.12/site-packages/airflow/example_dags/example_params_trigger_ui.py for tasks to queue
[2024-08-26T15:12:40.521+0000] {logging_mixin.py:190} INFO - [2024-08-26T15:12:40.520+0000] {dagbag.py:587} INFO - Filling up the DagBag from /home/airflow/.local/lib/python3.12/site-packages/airflow/example_dags/example_params_trigger_ui.py
[2024-08-26T15:12:40.536+0000] {processor.py:925} INFO - DAG(s) 'example_params_trigger_ui' retrieved from /home/airflow/.local/lib/python3.12/site-packages/airflow/example_dags/example_params_trigger_ui.py
[2024-08-26T15:12:40.601+0000] {logging_mixin.py:190} INFO - [2024-08-26T15:12:40.601+0000] {dag.py:3211} INFO - Sync 1 DAGs
[2024-08-26T15:12:40.624+0000] {logging_mixin.py:190} INFO - [2024-08-26T15:12:40.624+0000] {dag.py:4138} INFO - Setting next_dagrun for example_params_trigger_ui to None, run_after=None
[2024-08-26T15:12:40.657+0000] {processor.py:208} INFO - Processing /home/airflow/.local/lib/python3.12/site-packages/airflow/example_dags/example_params_trigger_ui.py took 0.149 seconds
[2024-08-26T15:13:30.032+0000] {processor.py:186} INFO - Started process (PID=472) to work on /home/airflow/.local/lib/python3.12/site-packages/airflow/example_dags/example_params_trigger_ui.py
[2024-08-26T15:13:30.035+0000] {processor.py:914} INFO - Processing file /home/airflow/.local/lib/python3.12/site-packages/airflow/example_dags/example_params_trigger_ui.py for tasks to queue
[2024-08-26T15:13:30.039+0000] {logging_mixin.py:190} INFO - [2024-08-26T15:13:30.038+0000] {dagbag.py:587} INFO - Filling up the DagBag from /home/airflow/.local/lib/python3.12/site-packages/airflow/example_dags/example_params_trigger_ui.py
[2024-08-26T15:13:30.058+0000] {processor.py:925} INFO - DAG(s) 'example_params_trigger_ui' retrieved from /home/airflow/.local/lib/python3.12/site-packages/airflow/example_dags/example_params_trigger_ui.py
[2024-08-26T15:13:30.132+0000] {logging_mixin.py:190} INFO - [2024-08-26T15:13:30.132+0000] {dag.py:3211} INFO - Sync 1 DAGs
[2024-08-26T15:13:30.158+0000] {logging_mixin.py:190} INFO - [2024-08-26T15:13:30.157+0000] {dag.py:4138} INFO - Setting next_dagrun for example_params_trigger_ui to None, run_after=None
[2024-08-26T15:13:30.186+0000] {processor.py:208} INFO - Processing /home/airflow/.local/lib/python3.12/site-packages/airflow/example_dags/example_params_trigger_ui.py took 0.164 seconds
[2024-08-26T15:14:26.258+0000] {processor.py:186} INFO - Started process (PID=539) to work on /home/airflow/.local/lib/python3.12/site-packages/airflow/example_dags/example_params_trigger_ui.py
[2024-08-26T15:14:26.260+0000] {processor.py:914} INFO - Processing file /home/airflow/.local/lib/python3.12/site-packages/airflow/example_dags/example_params_trigger_ui.py for tasks to queue
[2024-08-26T15:14:26.265+0000] {logging_mixin.py:190} INFO - [2024-08-26T15:14:26.264+0000] {dagbag.py:587} INFO - Filling up the DagBag from /home/airflow/.local/lib/python3.12/site-packages/airflow/example_dags/example_params_trigger_ui.py
[2024-08-26T15:14:26.287+0000] {processor.py:925} INFO - DAG(s) 'example_params_trigger_ui' retrieved from /home/airflow/.local/lib/python3.12/site-packages/airflow/example_dags/example_params_trigger_ui.py
[2024-08-26T15:14:26.414+0000] {logging_mixin.py:190} INFO - [2024-08-26T15:14:26.413+0000] {dag.py:3211} INFO - Sync 1 DAGs
[2024-08-26T15:14:26.447+0000] {logging_mixin.py:190} INFO - [2024-08-26T15:14:26.447+0000] {dag.py:4138} INFO - Setting next_dagrun for example_params_trigger_ui to None, run_after=None
[2024-08-26T15:14:26.478+0000] {processor.py:208} INFO - Processing /home/airflow/.local/lib/python3.12/site-packages/airflow/example_dags/example_params_trigger_ui.py took 0.231 seconds
[2024-08-26T15:15:04.219+0000] {processor.py:186} INFO - Started process (PID=612) to work on /home/airflow/.local/lib/python3.12/site-packages/airflow/example_dags/example_params_trigger_ui.py
[2024-08-26T15:15:04.221+0000] {processor.py:914} INFO - Processing file /home/airflow/.local/lib/python3.12/site-packages/airflow/example_dags/example_params_trigger_ui.py for tasks to queue
[2024-08-26T15:15:04.223+0000] {logging_mixin.py:190} INFO - [2024-08-26T15:15:04.222+0000] {dagbag.py:587} INFO - Filling up the DagBag from /home/airflow/.local/lib/python3.12/site-packages/airflow/example_dags/example_params_trigger_ui.py
[2024-08-26T15:15:04.240+0000] {processor.py:925} INFO - DAG(s) 'example_params_trigger_ui' retrieved from /home/airflow/.local/lib/python3.12/site-packages/airflow/example_dags/example_params_trigger_ui.py
[2024-08-26T15:15:04.308+0000] {logging_mixin.py:190} INFO - [2024-08-26T15:15:04.308+0000] {dag.py:3211} INFO - Sync 1 DAGs
[2024-08-26T15:15:04.336+0000] {logging_mixin.py:190} INFO - [2024-08-26T15:15:04.335+0000] {dag.py:4138} INFO - Setting next_dagrun for example_params_trigger_ui to None, run_after=None
[2024-08-26T15:15:04.379+0000] {processor.py:208} INFO - Processing /home/airflow/.local/lib/python3.12/site-packages/airflow/example_dags/example_params_trigger_ui.py took 0.167 seconds
[2024-08-26T15:15:50.172+0000] {processor.py:186} INFO - Started process (PID=678) to work on /home/airflow/.local/lib/python3.12/site-packages/airflow/example_dags/example_params_trigger_ui.py
[2024-08-26T15:15:50.175+0000] {processor.py:914} INFO - Processing file /home/airflow/.local/lib/python3.12/site-packages/airflow/example_dags/example_params_trigger_ui.py for tasks to queue
[2024-08-26T15:15:50.178+0000] {logging_mixin.py:190} INFO - [2024-08-26T15:15:50.177+0000] {dagbag.py:587} INFO - Filling up the DagBag from /home/airflow/.local/lib/python3.12/site-packages/airflow/example_dags/example_params_trigger_ui.py
[2024-08-26T15:15:50.211+0000] {processor.py:925} INFO - DAG(s) 'example_params_trigger_ui' retrieved from /home/airflow/.local/lib/python3.12/site-packages/airflow/example_dags/example_params_trigger_ui.py
[2024-08-26T15:15:50.308+0000] {logging_mixin.py:190} INFO - [2024-08-26T15:15:50.308+0000] {dag.py:3211} INFO - Sync 1 DAGs
[2024-08-26T15:15:50.344+0000] {logging_mixin.py:190} INFO - [2024-08-26T15:15:50.344+0000] {dag.py:4138} INFO - Setting next_dagrun for example_params_trigger_ui to None, run_after=None
[2024-08-26T15:15:50.382+0000] {processor.py:208} INFO - Processing /home/airflow/.local/lib/python3.12/site-packages/airflow/example_dags/example_params_trigger_ui.py took 0.225 seconds
[2024-08-26T15:16:27.624+0000] {processor.py:186} INFO - Started process (PID=744) to work on /home/airflow/.local/lib/python3.12/site-packages/airflow/example_dags/example_params_trigger_ui.py
[2024-08-26T15:16:27.625+0000] {processor.py:914} INFO - Processing file /home/airflow/.local/lib/python3.12/site-packages/airflow/example_dags/example_params_trigger_ui.py for tasks to queue
[2024-08-26T15:16:27.627+0000] {logging_mixin.py:190} INFO - [2024-08-26T15:16:27.627+0000] {dagbag.py:587} INFO - Filling up the DagBag from /home/airflow/.local/lib/python3.12/site-packages/airflow/example_dags/example_params_trigger_ui.py
[2024-08-26T15:16:27.643+0000] {processor.py:925} INFO - DAG(s) 'example_params_trigger_ui' retrieved from /home/airflow/.local/lib/python3.12/site-packages/airflow/example_dags/example_params_trigger_ui.py
[2024-08-26T15:16:27.703+0000] {logging_mixin.py:190} INFO - [2024-08-26T15:16:27.702+0000] {dag.py:3211} INFO - Sync 1 DAGs
[2024-08-26T15:16:27.722+0000] {logging_mixin.py:190} INFO - [2024-08-26T15:16:27.722+0000] {dag.py:4138} INFO - Setting next_dagrun for example_params_trigger_ui to None, run_after=None
[2024-08-26T15:16:27.745+0000] {processor.py:208} INFO - Processing /home/airflow/.local/lib/python3.12/site-packages/airflow/example_dags/example_params_trigger_ui.py took 0.129 seconds
[2024-08-26T15:17:05.634+0000] {processor.py:186} INFO - Started process (PID=815) to work on /home/airflow/.local/lib/python3.12/site-packages/airflow/example_dags/example_params_trigger_ui.py
[2024-08-26T15:17:05.636+0000] {processor.py:914} INFO - Processing file /home/airflow/.local/lib/python3.12/site-packages/airflow/example_dags/example_params_trigger_ui.py for tasks to queue
[2024-08-26T15:17:05.638+0000] {logging_mixin.py:190} INFO - [2024-08-26T15:17:05.637+0000] {dagbag.py:587} INFO - Filling up the DagBag from /home/airflow/.local/lib/python3.12/site-packages/airflow/example_dags/example_params_trigger_ui.py
[2024-08-26T15:17:05.653+0000] {processor.py:925} INFO - DAG(s) 'example_params_trigger_ui' retrieved from /home/airflow/.local/lib/python3.12/site-packages/airflow/example_dags/example_params_trigger_ui.py
[2024-08-26T15:17:05.708+0000] {logging_mixin.py:190} INFO - [2024-08-26T15:17:05.708+0000] {dag.py:3211} INFO - Sync 1 DAGs
[2024-08-26T15:17:05.726+0000] {logging_mixin.py:190} INFO - [2024-08-26T15:17:05.726+0000] {dag.py:4138} INFO - Setting next_dagrun for example_params_trigger_ui to None, run_after=None
[2024-08-26T15:17:05.751+0000] {processor.py:208} INFO - Processing /home/airflow/.local/lib/python3.12/site-packages/airflow/example_dags/example_params_trigger_ui.py took 0.125 seconds
[2024-08-26T15:17:42.331+0000] {processor.py:186} INFO - Started process (PID=882) to work on /home/airflow/.local/lib/python3.12/site-packages/airflow/example_dags/example_params_trigger_ui.py
[2024-08-26T15:17:42.332+0000] {processor.py:914} INFO - Processing file /home/airflow/.local/lib/python3.12/site-packages/airflow/example_dags/example_params_trigger_ui.py for tasks to queue
[2024-08-26T15:17:42.334+0000] {logging_mixin.py:190} INFO - [2024-08-26T15:17:42.333+0000] {dagbag.py:587} INFO - Filling up the DagBag from /home/airflow/.local/lib/python3.12/site-packages/airflow/example_dags/example_params_trigger_ui.py
[2024-08-26T15:17:42.349+0000] {processor.py:925} INFO - DAG(s) 'example_params_trigger_ui' retrieved from /home/airflow/.local/lib/python3.12/site-packages/airflow/example_dags/example_params_trigger_ui.py
[2024-08-26T15:17:42.405+0000] {logging_mixin.py:190} INFO - [2024-08-26T15:17:42.405+0000] {dag.py:3211} INFO - Sync 1 DAGs
[2024-08-26T15:17:42.425+0000] {logging_mixin.py:190} INFO - [2024-08-26T15:17:42.424+0000] {dag.py:4138} INFO - Setting next_dagrun for example_params_trigger_ui to None, run_after=None
[2024-08-26T15:17:42.449+0000] {processor.py:208} INFO - Processing /home/airflow/.local/lib/python3.12/site-packages/airflow/example_dags/example_params_trigger_ui.py took 0.126 seconds
[2024-08-26T15:18:18.979+0000] {processor.py:186} INFO - Started process (PID=948) to work on /home/airflow/.local/lib/python3.12/site-packages/airflow/example_dags/example_params_trigger_ui.py
[2024-08-26T15:18:18.981+0000] {processor.py:914} INFO - Processing file /home/airflow/.local/lib/python3.12/site-packages/airflow/example_dags/example_params_trigger_ui.py for tasks to queue
[2024-08-26T15:18:18.983+0000] {logging_mixin.py:190} INFO - [2024-08-26T15:18:18.983+0000] {dagbag.py:587} INFO - Filling up the DagBag from /home/airflow/.local/lib/python3.12/site-packages/airflow/example_dags/example_params_trigger_ui.py
[2024-08-26T15:18:19.002+0000] {processor.py:925} INFO - DAG(s) 'example_params_trigger_ui' retrieved from /home/airflow/.local/lib/python3.12/site-packages/airflow/example_dags/example_params_trigger_ui.py
[2024-08-26T15:18:19.078+0000] {logging_mixin.py:190} INFO - [2024-08-26T15:18:19.078+0000] {dag.py:3211} INFO - Sync 1 DAGs
[2024-08-26T15:18:19.098+0000] {logging_mixin.py:190} INFO - [2024-08-26T15:18:19.098+0000] {dag.py:4138} INFO - Setting next_dagrun for example_params_trigger_ui to None, run_after=None
[2024-08-26T15:18:19.124+0000] {processor.py:208} INFO - Processing /home/airflow/.local/lib/python3.12/site-packages/airflow/example_dags/example_params_trigger_ui.py took 0.155 seconds
[2024-08-26T15:19:02.120+0000] {processor.py:186} INFO - Started process (PID=1020) to work on /home/airflow/.local/lib/python3.12/site-packages/airflow/example_dags/example_params_trigger_ui.py
[2024-08-26T15:19:02.121+0000] {processor.py:914} INFO - Processing file /home/airflow/.local/lib/python3.12/site-packages/airflow/example_dags/example_params_trigger_ui.py for tasks to queue
[2024-08-26T15:19:02.123+0000] {logging_mixin.py:190} INFO - [2024-08-26T15:19:02.123+0000] {dagbag.py:587} INFO - Filling up the DagBag from /home/airflow/.local/lib/python3.12/site-packages/airflow/example_dags/example_params_trigger_ui.py
[2024-08-26T15:19:02.139+0000] {processor.py:925} INFO - DAG(s) 'example_params_trigger_ui' retrieved from /home/airflow/.local/lib/python3.12/site-packages/airflow/example_dags/example_params_trigger_ui.py
[2024-08-26T15:19:02.197+0000] {logging_mixin.py:190} INFO - [2024-08-26T15:19:02.196+0000] {dag.py:3211} INFO - Sync 1 DAGs
[2024-08-26T15:19:02.214+0000] {logging_mixin.py:190} INFO - [2024-08-26T15:19:02.214+0000] {dag.py:4138} INFO - Setting next_dagrun for example_params_trigger_ui to None, run_after=None
[2024-08-26T15:19:02.235+0000] {processor.py:208} INFO - Processing /home/airflow/.local/lib/python3.12/site-packages/airflow/example_dags/example_params_trigger_ui.py took 0.123 seconds
[2024-08-26T15:19:38.687+0000] {processor.py:186} INFO - Started process (PID=1086) to work on /home/airflow/.local/lib/python3.12/site-packages/airflow/example_dags/example_params_trigger_ui.py
[2024-08-26T15:19:38.689+0000] {processor.py:914} INFO - Processing file /home/airflow/.local/lib/python3.12/site-packages/airflow/example_dags/example_params_trigger_ui.py for tasks to queue
[2024-08-26T15:19:38.691+0000] {logging_mixin.py:190} INFO - [2024-08-26T15:19:38.690+0000] {dagbag.py:587} INFO - Filling up the DagBag from /home/airflow/.local/lib/python3.12/site-packages/airflow/example_dags/example_params_trigger_ui.py
[2024-08-26T15:19:38.706+0000] {processor.py:925} INFO - DAG(s) 'example_params_trigger_ui' retrieved from /home/airflow/.local/lib/python3.12/site-packages/airflow/example_dags/example_params_trigger_ui.py
[2024-08-26T15:19:38.766+0000] {logging_mixin.py:190} INFO - [2024-08-26T15:19:38.766+0000] {dag.py:3211} INFO - Sync 1 DAGs
[2024-08-26T15:19:38.786+0000] {logging_mixin.py:190} INFO - [2024-08-26T15:19:38.786+0000] {dag.py:4138} INFO - Setting next_dagrun for example_params_trigger_ui to None, run_after=None
[2024-08-26T15:19:38.816+0000] {processor.py:208} INFO - Processing /home/airflow/.local/lib/python3.12/site-packages/airflow/example_dags/example_params_trigger_ui.py took 0.139 seconds
[2024-08-26T15:20:17.144+0000] {processor.py:186} INFO - Started process (PID=1152) to work on /home/airflow/.local/lib/python3.12/site-packages/airflow/example_dags/example_params_trigger_ui.py
[2024-08-26T15:20:17.146+0000] {processor.py:914} INFO - Processing file /home/airflow/.local/lib/python3.12/site-packages/airflow/example_dags/example_params_trigger_ui.py for tasks to queue
[2024-08-26T15:20:17.148+0000] {logging_mixin.py:190} INFO - [2024-08-26T15:20:17.147+0000] {dagbag.py:587} INFO - Filling up the DagBag from /home/airflow/.local/lib/python3.12/site-packages/airflow/example_dags/example_params_trigger_ui.py
[2024-08-26T15:20:17.165+0000] {processor.py:925} INFO - DAG(s) 'example_params_trigger_ui' retrieved from /home/airflow/.local/lib/python3.12/site-packages/airflow/example_dags/example_params_trigger_ui.py
[2024-08-26T15:20:17.231+0000] {logging_mixin.py:190} INFO - [2024-08-26T15:20:17.231+0000] {dag.py:3211} INFO - Sync 1 DAGs
[2024-08-26T15:20:17.255+0000] {logging_mixin.py:190} INFO - [2024-08-26T15:20:17.254+0000] {dag.py:4138} INFO - Setting next_dagrun for example_params_trigger_ui to None, run_after=None
[2024-08-26T15:20:17.284+0000] {processor.py:208} INFO - Processing /home/airflow/.local/lib/python3.12/site-packages/airflow/example_dags/example_params_trigger_ui.py took 0.149 seconds
[2024-08-26T15:20:55.446+0000] {processor.py:186} INFO - Started process (PID=1219) to work on /home/airflow/.local/lib/python3.12/site-packages/airflow/example_dags/example_params_trigger_ui.py
[2024-08-26T15:20:55.451+0000] {processor.py:914} INFO - Processing file /home/airflow/.local/lib/python3.12/site-packages/airflow/example_dags/example_params_trigger_ui.py for tasks to queue
[2024-08-26T15:20:55.453+0000] {logging_mixin.py:190} INFO - [2024-08-26T15:20:55.453+0000] {dagbag.py:587} INFO - Filling up the DagBag from /home/airflow/.local/lib/python3.12/site-packages/airflow/example_dags/example_params_trigger_ui.py
[2024-08-26T15:20:55.471+0000] {processor.py:925} INFO - DAG(s) 'example_params_trigger_ui' retrieved from /home/airflow/.local/lib/python3.12/site-packages/airflow/example_dags/example_params_trigger_ui.py
[2024-08-26T15:20:55.527+0000] {logging_mixin.py:190} INFO - [2024-08-26T15:20:55.526+0000] {dag.py:3211} INFO - Sync 1 DAGs
[2024-08-26T15:20:55.545+0000] {logging_mixin.py:190} INFO - [2024-08-26T15:20:55.545+0000] {dag.py:4138} INFO - Setting next_dagrun for example_params_trigger_ui to None, run_after=None
[2024-08-26T15:20:55.569+0000] {processor.py:208} INFO - Processing /home/airflow/.local/lib/python3.12/site-packages/airflow/example_dags/example_params_trigger_ui.py took 0.131 seconds
[2024-08-26T15:21:33.113+0000] {processor.py:186} INFO - Started process (PID=1291) to work on /home/airflow/.local/lib/python3.12/site-packages/airflow/example_dags/example_params_trigger_ui.py
[2024-08-26T15:21:33.115+0000] {processor.py:914} INFO - Processing file /home/airflow/.local/lib/python3.12/site-packages/airflow/example_dags/example_params_trigger_ui.py for tasks to queue
[2024-08-26T15:21:33.118+0000] {logging_mixin.py:190} INFO - [2024-08-26T15:21:33.117+0000] {dagbag.py:587} INFO - Filling up the DagBag from /home/airflow/.local/lib/python3.12/site-packages/airflow/example_dags/example_params_trigger_ui.py
[2024-08-26T15:21:33.135+0000] {processor.py:925} INFO - DAG(s) 'example_params_trigger_ui' retrieved from /home/airflow/.local/lib/python3.12/site-packages/airflow/example_dags/example_params_trigger_ui.py
[2024-08-26T15:21:33.198+0000] {logging_mixin.py:190} INFO - [2024-08-26T15:21:33.198+0000] {dag.py:3211} INFO - Sync 1 DAGs
[2024-08-26T15:21:33.218+0000] {logging_mixin.py:190} INFO - [2024-08-26T15:21:33.217+0000] {dag.py:4138} INFO - Setting next_dagrun for example_params_trigger_ui to None, run_after=None
[2024-08-26T15:21:33.244+0000] {processor.py:208} INFO - Processing /home/airflow/.local/lib/python3.12/site-packages/airflow/example_dags/example_params_trigger_ui.py took 0.140 seconds
[2024-08-26T15:22:16.175+0000] {processor.py:186} INFO - Started process (PID=1357) to work on /home/airflow/.local/lib/python3.12/site-packages/airflow/example_dags/example_params_trigger_ui.py
[2024-08-26T15:22:16.178+0000] {processor.py:914} INFO - Processing file /home/airflow/.local/lib/python3.12/site-packages/airflow/example_dags/example_params_trigger_ui.py for tasks to queue
[2024-08-26T15:22:16.181+0000] {logging_mixin.py:190} INFO - [2024-08-26T15:22:16.180+0000] {dagbag.py:587} INFO - Filling up the DagBag from /home/airflow/.local/lib/python3.12/site-packages/airflow/example_dags/example_params_trigger_ui.py
[2024-08-26T15:22:16.215+0000] {processor.py:925} INFO - DAG(s) 'example_params_trigger_ui' retrieved from /home/airflow/.local/lib/python3.12/site-packages/airflow/example_dags/example_params_trigger_ui.py
[2024-08-26T15:22:16.337+0000] {logging_mixin.py:190} INFO - [2024-08-26T15:22:16.336+0000] {dag.py:3211} INFO - Sync 1 DAGs
[2024-08-26T15:22:16.372+0000] {logging_mixin.py:190} INFO - [2024-08-26T15:22:16.372+0000] {dag.py:4138} INFO - Setting next_dagrun for example_params_trigger_ui to None, run_after=None
[2024-08-26T15:22:16.416+0000] {processor.py:208} INFO - Processing /home/airflow/.local/lib/python3.12/site-packages/airflow/example_dags/example_params_trigger_ui.py took 0.256 seconds
[2024-08-26T15:23:15.200+0000] {processor.py:186} INFO - Started process (PID=1430) to work on /home/airflow/.local/lib/python3.12/site-packages/airflow/example_dags/example_params_trigger_ui.py
[2024-08-26T15:23:15.202+0000] {processor.py:914} INFO - Processing file /home/airflow/.local/lib/python3.12/site-packages/airflow/example_dags/example_params_trigger_ui.py for tasks to queue
[2024-08-26T15:23:15.206+0000] {logging_mixin.py:190} INFO - [2024-08-26T15:23:15.205+0000] {dagbag.py:587} INFO - Filling up the DagBag from /home/airflow/.local/lib/python3.12/site-packages/airflow/example_dags/example_params_trigger_ui.py
[2024-08-26T15:23:15.235+0000] {processor.py:925} INFO - DAG(s) 'example_params_trigger_ui' retrieved from /home/airflow/.local/lib/python3.12/site-packages/airflow/example_dags/example_params_trigger_ui.py
[2024-08-26T15:23:15.343+0000] {logging_mixin.py:190} INFO - [2024-08-26T15:23:15.342+0000] {dag.py:3211} INFO - Sync 1 DAGs
[2024-08-26T15:23:15.378+0000] {logging_mixin.py:190} INFO - [2024-08-26T15:23:15.377+0000] {dag.py:4138} INFO - Setting next_dagrun for example_params_trigger_ui to None, run_after=None
[2024-08-26T15:23:15.436+0000] {processor.py:208} INFO - Processing /home/airflow/.local/lib/python3.12/site-packages/airflow/example_dags/example_params_trigger_ui.py took 0.251 seconds
[2024-08-26T15:23:51.551+0000] {processor.py:186} INFO - Started process (PID=1496) to work on /home/airflow/.local/lib/python3.12/site-packages/airflow/example_dags/example_params_trigger_ui.py
[2024-08-26T15:23:51.552+0000] {processor.py:914} INFO - Processing file /home/airflow/.local/lib/python3.12/site-packages/airflow/example_dags/example_params_trigger_ui.py for tasks to queue
[2024-08-26T15:23:51.554+0000] {logging_mixin.py:190} INFO - [2024-08-26T15:23:51.553+0000] {dagbag.py:587} INFO - Filling up the DagBag from /home/airflow/.local/lib/python3.12/site-packages/airflow/example_dags/example_params_trigger_ui.py
[2024-08-26T15:23:51.570+0000] {processor.py:925} INFO - DAG(s) 'example_params_trigger_ui' retrieved from /home/airflow/.local/lib/python3.12/site-packages/airflow/example_dags/example_params_trigger_ui.py
[2024-08-26T15:23:51.645+0000] {logging_mixin.py:190} INFO - [2024-08-26T15:23:51.644+0000] {dag.py:3211} INFO - Sync 1 DAGs
[2024-08-26T15:23:51.667+0000] {logging_mixin.py:190} INFO - [2024-08-26T15:23:51.667+0000] {dag.py:4138} INFO - Setting next_dagrun for example_params_trigger_ui to None, run_after=None
[2024-08-26T15:23:51.692+0000] {processor.py:208} INFO - Processing /home/airflow/.local/lib/python3.12/site-packages/airflow/example_dags/example_params_trigger_ui.py took 0.149 seconds
[2024-08-26T15:24:27.765+0000] {processor.py:186} INFO - Started process (PID=1562) to work on /home/airflow/.local/lib/python3.12/site-packages/airflow/example_dags/example_params_trigger_ui.py
[2024-08-26T15:24:27.767+0000] {processor.py:914} INFO - Processing file /home/airflow/.local/lib/python3.12/site-packages/airflow/example_dags/example_params_trigger_ui.py for tasks to queue
[2024-08-26T15:24:27.768+0000] {logging_mixin.py:190} INFO - [2024-08-26T15:24:27.768+0000] {dagbag.py:587} INFO - Filling up the DagBag from /home/airflow/.local/lib/python3.12/site-packages/airflow/example_dags/example_params_trigger_ui.py
[2024-08-26T15:24:27.784+0000] {processor.py:925} INFO - DAG(s) 'example_params_trigger_ui' retrieved from /home/airflow/.local/lib/python3.12/site-packages/airflow/example_dags/example_params_trigger_ui.py
[2024-08-26T15:24:27.840+0000] {logging_mixin.py:190} INFO - [2024-08-26T15:24:27.840+0000] {dag.py:3211} INFO - Sync 1 DAGs
[2024-08-26T15:24:27.857+0000] {logging_mixin.py:190} INFO - [2024-08-26T15:24:27.857+0000] {dag.py:4138} INFO - Setting next_dagrun for example_params_trigger_ui to None, run_after=None
[2024-08-26T15:24:27.879+0000] {processor.py:208} INFO - Processing /home/airflow/.local/lib/python3.12/site-packages/airflow/example_dags/example_params_trigger_ui.py took 0.121 seconds
[2024-08-26T15:25:04.407+0000] {processor.py:186} INFO - Started process (PID=1633) to work on /home/airflow/.local/lib/python3.12/site-packages/airflow/example_dags/example_params_trigger_ui.py
[2024-08-26T15:25:04.408+0000] {processor.py:914} INFO - Processing file /home/airflow/.local/lib/python3.12/site-packages/airflow/example_dags/example_params_trigger_ui.py for tasks to queue
[2024-08-26T15:25:04.411+0000] {logging_mixin.py:190} INFO - [2024-08-26T15:25:04.410+0000] {dagbag.py:587} INFO - Filling up the DagBag from /home/airflow/.local/lib/python3.12/site-packages/airflow/example_dags/example_params_trigger_ui.py
[2024-08-26T15:25:04.427+0000] {processor.py:925} INFO - DAG(s) 'example_params_trigger_ui' retrieved from /home/airflow/.local/lib/python3.12/site-packages/airflow/example_dags/example_params_trigger_ui.py
[2024-08-26T15:25:04.485+0000] {logging_mixin.py:190} INFO - [2024-08-26T15:25:04.485+0000] {dag.py:3211} INFO - Sync 1 DAGs
[2024-08-26T15:25:04.504+0000] {logging_mixin.py:190} INFO - [2024-08-26T15:25:04.504+0000] {dag.py:4138} INFO - Setting next_dagrun for example_params_trigger_ui to None, run_after=None
[2024-08-26T15:25:04.527+0000] {processor.py:208} INFO - Processing /home/airflow/.local/lib/python3.12/site-packages/airflow/example_dags/example_params_trigger_ui.py took 0.128 seconds
[2024-08-26T15:25:46.735+0000] {processor.py:186} INFO - Started process (PID=1699) to work on /home/airflow/.local/lib/python3.12/site-packages/airflow/example_dags/example_params_trigger_ui.py
[2024-08-26T15:25:46.737+0000] {processor.py:914} INFO - Processing file /home/airflow/.local/lib/python3.12/site-packages/airflow/example_dags/example_params_trigger_ui.py for tasks to queue
[2024-08-26T15:25:46.739+0000] {logging_mixin.py:190} INFO - [2024-08-26T15:25:46.738+0000] {dagbag.py:587} INFO - Filling up the DagBag from /home/airflow/.local/lib/python3.12/site-packages/airflow/example_dags/example_params_trigger_ui.py
[2024-08-26T15:25:46.757+0000] {processor.py:925} INFO - DAG(s) 'example_params_trigger_ui' retrieved from /home/airflow/.local/lib/python3.12/site-packages/airflow/example_dags/example_params_trigger_ui.py
[2024-08-26T15:25:46.825+0000] {logging_mixin.py:190} INFO - [2024-08-26T15:25:46.824+0000] {dag.py:3211} INFO - Sync 1 DAGs
[2024-08-26T15:25:46.845+0000] {logging_mixin.py:190} INFO - [2024-08-26T15:25:46.845+0000] {dag.py:4138} INFO - Setting next_dagrun for example_params_trigger_ui to None, run_after=None
[2024-08-26T15:25:46.869+0000] {processor.py:208} INFO - Processing /home/airflow/.local/lib/python3.12/site-packages/airflow/example_dags/example_params_trigger_ui.py took 0.144 seconds
[2024-08-26T15:26:53.532+0000] {processor.py:186} INFO - Started process (PID=1773) to work on /home/airflow/.local/lib/python3.12/site-packages/airflow/example_dags/example_params_trigger_ui.py
[2024-08-26T15:26:53.898+0000] {processor.py:914} INFO - Processing file /home/airflow/.local/lib/python3.12/site-packages/airflow/example_dags/example_params_trigger_ui.py for tasks to queue
[2024-08-26T15:26:53.912+0000] {logging_mixin.py:190} INFO - [2024-08-26T15:26:53.910+0000] {dagbag.py:587} INFO - Filling up the DagBag from /home/airflow/.local/lib/python3.12/site-packages/airflow/example_dags/example_params_trigger_ui.py
[2024-08-26T15:26:54.264+0000] {processor.py:925} INFO - DAG(s) 'example_params_trigger_ui' retrieved from /home/airflow/.local/lib/python3.12/site-packages/airflow/example_dags/example_params_trigger_ui.py
[2024-08-26T15:26:55.039+0000] {logging_mixin.py:190} INFO - [2024-08-26T15:26:55.035+0000] {dag.py:3211} INFO - Sync 1 DAGs
[2024-08-26T15:26:57.164+0000] {logging_mixin.py:190} INFO - [2024-08-26T15:26:57.159+0000] {dag.py:4138} INFO - Setting next_dagrun for example_params_trigger_ui to None, run_after=None
[2024-08-26T15:26:57.657+0000] {processor.py:208} INFO - Processing /home/airflow/.local/lib/python3.12/site-packages/airflow/example_dags/example_params_trigger_ui.py took 4.520 seconds
[2024-08-26T15:27:43.288+0000] {processor.py:186} INFO - Started process (PID=1846) to work on /home/airflow/.local/lib/python3.12/site-packages/airflow/example_dags/example_params_trigger_ui.py
[2024-08-26T15:27:43.291+0000] {processor.py:914} INFO - Processing file /home/airflow/.local/lib/python3.12/site-packages/airflow/example_dags/example_params_trigger_ui.py for tasks to queue
[2024-08-26T15:27:43.295+0000] {logging_mixin.py:190} INFO - [2024-08-26T15:27:43.294+0000] {dagbag.py:587} INFO - Filling up the DagBag from /home/airflow/.local/lib/python3.12/site-packages/airflow/example_dags/example_params_trigger_ui.py
[2024-08-26T15:27:43.342+0000] {processor.py:925} INFO - DAG(s) 'example_params_trigger_ui' retrieved from /home/airflow/.local/lib/python3.12/site-packages/airflow/example_dags/example_params_trigger_ui.py
[2024-08-26T15:27:43.494+0000] {logging_mixin.py:190} INFO - [2024-08-26T15:27:43.493+0000] {dag.py:3211} INFO - Sync 1 DAGs
[2024-08-26T15:27:43.543+0000] {logging_mixin.py:190} INFO - [2024-08-26T15:27:43.542+0000] {dag.py:4138} INFO - Setting next_dagrun for example_params_trigger_ui to None, run_after=None
[2024-08-26T15:27:43.605+0000] {processor.py:208} INFO - Processing /home/airflow/.local/lib/python3.12/site-packages/airflow/example_dags/example_params_trigger_ui.py took 0.334 seconds
[2024-08-26T15:28:28.841+0000] {processor.py:186} INFO - Started process (PID=1912) to work on /home/airflow/.local/lib/python3.12/site-packages/airflow/example_dags/example_params_trigger_ui.py
[2024-08-26T15:28:28.843+0000] {processor.py:914} INFO - Processing file /home/airflow/.local/lib/python3.12/site-packages/airflow/example_dags/example_params_trigger_ui.py for tasks to queue
[2024-08-26T15:28:28.846+0000] {logging_mixin.py:190} INFO - [2024-08-26T15:28:28.845+0000] {dagbag.py:587} INFO - Filling up the DagBag from /home/airflow/.local/lib/python3.12/site-packages/airflow/example_dags/example_params_trigger_ui.py
[2024-08-26T15:28:28.869+0000] {processor.py:925} INFO - DAG(s) 'example_params_trigger_ui' retrieved from /home/airflow/.local/lib/python3.12/site-packages/airflow/example_dags/example_params_trigger_ui.py
[2024-08-26T15:28:28.957+0000] {logging_mixin.py:190} INFO - [2024-08-26T15:28:28.957+0000] {dag.py:3211} INFO - Sync 1 DAGs
[2024-08-26T15:28:28.985+0000] {logging_mixin.py:190} INFO - [2024-08-26T15:28:28.985+0000] {dag.py:4138} INFO - Setting next_dagrun for example_params_trigger_ui to None, run_after=None
[2024-08-26T15:28:29.019+0000] {processor.py:208} INFO - Processing /home/airflow/.local/lib/python3.12/site-packages/airflow/example_dags/example_params_trigger_ui.py took 0.189 seconds
[2024-08-26T15:29:30.636+0000] {processor.py:186} INFO - Started process (PID=1985) to work on /home/airflow/.local/lib/python3.12/site-packages/airflow/example_dags/example_params_trigger_ui.py
[2024-08-26T15:29:30.640+0000] {processor.py:914} INFO - Processing file /home/airflow/.local/lib/python3.12/site-packages/airflow/example_dags/example_params_trigger_ui.py for tasks to queue
[2024-08-26T15:29:30.644+0000] {logging_mixin.py:190} INFO - [2024-08-26T15:29:30.643+0000] {dagbag.py:587} INFO - Filling up the DagBag from /home/airflow/.local/lib/python3.12/site-packages/airflow/example_dags/example_params_trigger_ui.py
[2024-08-26T15:29:30.681+0000] {processor.py:925} INFO - DAG(s) 'example_params_trigger_ui' retrieved from /home/airflow/.local/lib/python3.12/site-packages/airflow/example_dags/example_params_trigger_ui.py
[2024-08-26T15:29:30.881+0000] {logging_mixin.py:190} INFO - [2024-08-26T15:29:30.881+0000] {dag.py:3211} INFO - Sync 1 DAGs
[2024-08-26T15:29:30.931+0000] {logging_mixin.py:190} INFO - [2024-08-26T15:29:30.930+0000] {dag.py:4138} INFO - Setting next_dagrun for example_params_trigger_ui to None, run_after=None
[2024-08-26T15:29:30.981+0000] {processor.py:208} INFO - Processing /home/airflow/.local/lib/python3.12/site-packages/airflow/example_dags/example_params_trigger_ui.py took 0.365 seconds
[2024-08-26T15:30:43.643+0000] {processor.py:186} INFO - Started process (PID=2066) to work on /home/airflow/.local/lib/python3.12/site-packages/airflow/example_dags/example_params_trigger_ui.py
[2024-08-26T15:30:43.649+0000] {processor.py:914} INFO - Processing file /home/airflow/.local/lib/python3.12/site-packages/airflow/example_dags/example_params_trigger_ui.py for tasks to queue
[2024-08-26T15:30:43.656+0000] {logging_mixin.py:190} INFO - [2024-08-26T15:30:43.655+0000] {dagbag.py:587} INFO - Filling up the DagBag from /home/airflow/.local/lib/python3.12/site-packages/airflow/example_dags/example_params_trigger_ui.py
[2024-08-26T15:30:43.708+0000] {processor.py:925} INFO - DAG(s) 'example_params_trigger_ui' retrieved from /home/airflow/.local/lib/python3.12/site-packages/airflow/example_dags/example_params_trigger_ui.py
[2024-08-26T15:30:44.013+0000] {logging_mixin.py:190} INFO - [2024-08-26T15:30:44.012+0000] {dag.py:3211} INFO - Sync 1 DAGs
[2024-08-26T15:30:44.082+0000] {logging_mixin.py:190} INFO - [2024-08-26T15:30:44.081+0000] {dag.py:4138} INFO - Setting next_dagrun for example_params_trigger_ui to None, run_after=None
[2024-08-26T15:30:44.164+0000] {processor.py:208} INFO - Processing /home/airflow/.local/lib/python3.12/site-packages/airflow/example_dags/example_params_trigger_ui.py took 0.547 seconds
[2024-08-26T15:31:43.283+0000] {processor.py:186} INFO - Started process (PID=2143) to work on /home/airflow/.local/lib/python3.12/site-packages/airflow/example_dags/example_params_trigger_ui.py
[2024-08-26T15:31:43.288+0000] {processor.py:914} INFO - Processing file /home/airflow/.local/lib/python3.12/site-packages/airflow/example_dags/example_params_trigger_ui.py for tasks to queue
[2024-08-26T15:31:43.295+0000] {logging_mixin.py:190} INFO - [2024-08-26T15:31:43.293+0000] {dagbag.py:587} INFO - Filling up the DagBag from /home/airflow/.local/lib/python3.12/site-packages/airflow/example_dags/example_params_trigger_ui.py
[2024-08-26T15:31:43.360+0000] {processor.py:925} INFO - DAG(s) 'example_params_trigger_ui' retrieved from /home/airflow/.local/lib/python3.12/site-packages/airflow/example_dags/example_params_trigger_ui.py
[2024-08-26T15:31:43.600+0000] {logging_mixin.py:190} INFO - [2024-08-26T15:31:43.599+0000] {dag.py:3211} INFO - Sync 1 DAGs
[2024-08-26T15:31:43.720+0000] {logging_mixin.py:190} INFO - [2024-08-26T15:31:43.719+0000] {dag.py:4138} INFO - Setting next_dagrun for example_params_trigger_ui to None, run_after=None
[2024-08-26T15:31:43.882+0000] {processor.py:208} INFO - Processing /home/airflow/.local/lib/python3.12/site-packages/airflow/example_dags/example_params_trigger_ui.py took 0.628 seconds
[2024-08-26T15:32:45.707+0000] {processor.py:186} INFO - Started process (PID=2214) to work on /home/airflow/.local/lib/python3.12/site-packages/airflow/example_dags/example_params_trigger_ui.py
[2024-08-26T15:32:45.713+0000] {processor.py:914} INFO - Processing file /home/airflow/.local/lib/python3.12/site-packages/airflow/example_dags/example_params_trigger_ui.py for tasks to queue
[2024-08-26T15:32:45.719+0000] {logging_mixin.py:190} INFO - [2024-08-26T15:32:45.717+0000] {dagbag.py:587} INFO - Filling up the DagBag from /home/airflow/.local/lib/python3.12/site-packages/airflow/example_dags/example_params_trigger_ui.py
[2024-08-26T15:32:45.804+0000] {processor.py:925} INFO - DAG(s) 'example_params_trigger_ui' retrieved from /home/airflow/.local/lib/python3.12/site-packages/airflow/example_dags/example_params_trigger_ui.py
[2024-08-26T15:32:46.116+0000] {logging_mixin.py:190} INFO - [2024-08-26T15:32:46.115+0000] {dag.py:3211} INFO - Sync 1 DAGs
[2024-08-26T15:32:46.226+0000] {logging_mixin.py:190} INFO - [2024-08-26T15:32:46.225+0000] {dag.py:4138} INFO - Setting next_dagrun for example_params_trigger_ui to None, run_after=None
[2024-08-26T15:32:46.314+0000] {processor.py:208} INFO - Processing /home/airflow/.local/lib/python3.12/site-packages/airflow/example_dags/example_params_trigger_ui.py took 0.634 seconds
[2024-08-26T15:37:17.995+0000] {processor.py:186} INFO - Started process (PID=2331) to work on /home/airflow/.local/lib/python3.12/site-packages/airflow/example_dags/example_params_trigger_ui.py
[2024-08-26T15:37:18.002+0000] {processor.py:914} INFO - Processing file /home/airflow/.local/lib/python3.12/site-packages/airflow/example_dags/example_params_trigger_ui.py for tasks to queue
[2024-08-26T15:37:18.023+0000] {logging_mixin.py:190} INFO - [2024-08-26T15:37:18.020+0000] {dagbag.py:587} INFO - Filling up the DagBag from /home/airflow/.local/lib/python3.12/site-packages/airflow/example_dags/example_params_trigger_ui.py
[2024-08-26T15:37:18.202+0000] {processor.py:925} INFO - DAG(s) 'example_params_trigger_ui' retrieved from /home/airflow/.local/lib/python3.12/site-packages/airflow/example_dags/example_params_trigger_ui.py
[2024-08-26T15:37:19.130+0000] {logging_mixin.py:190} INFO - [2024-08-26T15:37:19.115+0000] {dag.py:3211} INFO - Sync 1 DAGs
[2024-08-26T15:37:19.293+0000] {logging_mixin.py:190} INFO - [2024-08-26T15:37:19.292+0000] {dag.py:4138} INFO - Setting next_dagrun for example_params_trigger_ui to None, run_after=None
[2024-08-26T15:37:19.469+0000] {processor.py:208} INFO - Processing /home/airflow/.local/lib/python3.12/site-packages/airflow/example_dags/example_params_trigger_ui.py took 1.538 seconds
[2024-08-26T15:39:27.908+0000] {processor.py:186} INFO - Started process (PID=2409) to work on /home/airflow/.local/lib/python3.12/site-packages/airflow/example_dags/example_params_trigger_ui.py
[2024-08-26T15:39:27.911+0000] {processor.py:914} INFO - Processing file /home/airflow/.local/lib/python3.12/site-packages/airflow/example_dags/example_params_trigger_ui.py for tasks to queue
[2024-08-26T15:39:27.914+0000] {logging_mixin.py:190} INFO - [2024-08-26T15:39:27.913+0000] {dagbag.py:587} INFO - Filling up the DagBag from /home/airflow/.local/lib/python3.12/site-packages/airflow/example_dags/example_params_trigger_ui.py
[2024-08-26T15:39:27.937+0000] {processor.py:925} INFO - DAG(s) 'example_params_trigger_ui' retrieved from /home/airflow/.local/lib/python3.12/site-packages/airflow/example_dags/example_params_trigger_ui.py
[2024-08-26T15:39:28.148+0000] {logging_mixin.py:190} INFO - [2024-08-26T15:39:28.148+0000] {dag.py:3211} INFO - Sync 1 DAGs
[2024-08-26T15:39:28.187+0000] {logging_mixin.py:190} INFO - [2024-08-26T15:39:28.186+0000] {dag.py:4138} INFO - Setting next_dagrun for example_params_trigger_ui to None, run_after=None
[2024-08-26T15:39:28.231+0000] {processor.py:208} INFO - Processing /home/airflow/.local/lib/python3.12/site-packages/airflow/example_dags/example_params_trigger_ui.py took 0.336 seconds
[2024-08-26T15:40:16.506+0000] {processor.py:186} INFO - Started process (PID=2482) to work on /home/airflow/.local/lib/python3.12/site-packages/airflow/example_dags/example_params_trigger_ui.py
[2024-08-26T15:40:16.509+0000] {processor.py:914} INFO - Processing file /home/airflow/.local/lib/python3.12/site-packages/airflow/example_dags/example_params_trigger_ui.py for tasks to queue
[2024-08-26T15:40:16.513+0000] {logging_mixin.py:190} INFO - [2024-08-26T15:40:16.512+0000] {dagbag.py:587} INFO - Filling up the DagBag from /home/airflow/.local/lib/python3.12/site-packages/airflow/example_dags/example_params_trigger_ui.py
[2024-08-26T15:40:16.540+0000] {processor.py:925} INFO - DAG(s) 'example_params_trigger_ui' retrieved from /home/airflow/.local/lib/python3.12/site-packages/airflow/example_dags/example_params_trigger_ui.py
[2024-08-26T15:40:16.673+0000] {logging_mixin.py:190} INFO - [2024-08-26T15:40:16.673+0000] {dag.py:3211} INFO - Sync 1 DAGs
[2024-08-26T15:40:16.710+0000] {logging_mixin.py:190} INFO - [2024-08-26T15:40:16.709+0000] {dag.py:4138} INFO - Setting next_dagrun for example_params_trigger_ui to None, run_after=None
[2024-08-26T15:40:16.752+0000] {processor.py:208} INFO - Processing /home/airflow/.local/lib/python3.12/site-packages/airflow/example_dags/example_params_trigger_ui.py took 0.262 seconds
[2024-08-26T15:41:03.526+0000] {processor.py:186} INFO - Started process (PID=2554) to work on /home/airflow/.local/lib/python3.12/site-packages/airflow/example_dags/example_params_trigger_ui.py
[2024-08-26T15:41:03.529+0000] {processor.py:914} INFO - Processing file /home/airflow/.local/lib/python3.12/site-packages/airflow/example_dags/example_params_trigger_ui.py for tasks to queue
[2024-08-26T15:41:03.534+0000] {logging_mixin.py:190} INFO - [2024-08-26T15:41:03.533+0000] {dagbag.py:587} INFO - Filling up the DagBag from /home/airflow/.local/lib/python3.12/site-packages/airflow/example_dags/example_params_trigger_ui.py
[2024-08-26T15:41:03.569+0000] {processor.py:925} INFO - DAG(s) 'example_params_trigger_ui' retrieved from /home/airflow/.local/lib/python3.12/site-packages/airflow/example_dags/example_params_trigger_ui.py
[2024-08-26T15:41:03.741+0000] {logging_mixin.py:190} INFO - [2024-08-26T15:41:03.740+0000] {dag.py:3211} INFO - Sync 1 DAGs
[2024-08-26T15:41:03.816+0000] {logging_mixin.py:190} INFO - [2024-08-26T15:41:03.816+0000] {dag.py:4138} INFO - Setting next_dagrun for example_params_trigger_ui to None, run_after=None
[2024-08-26T15:41:03.884+0000] {processor.py:208} INFO - Processing /home/airflow/.local/lib/python3.12/site-packages/airflow/example_dags/example_params_trigger_ui.py took 0.390 seconds
[2024-08-26T15:43:46.449+0000] {processor.py:186} INFO - Started process (PID=2648) to work on /home/airflow/.local/lib/python3.12/site-packages/airflow/example_dags/example_params_trigger_ui.py
[2024-08-26T15:43:46.454+0000] {processor.py:914} INFO - Processing file /home/airflow/.local/lib/python3.12/site-packages/airflow/example_dags/example_params_trigger_ui.py for tasks to queue
[2024-08-26T15:43:46.461+0000] {logging_mixin.py:190} INFO - [2024-08-26T15:43:46.459+0000] {dagbag.py:587} INFO - Filling up the DagBag from /home/airflow/.local/lib/python3.12/site-packages/airflow/example_dags/example_params_trigger_ui.py
[2024-08-26T15:43:46.517+0000] {processor.py:925} INFO - DAG(s) 'example_params_trigger_ui' retrieved from /home/airflow/.local/lib/python3.12/site-packages/airflow/example_dags/example_params_trigger_ui.py
[2024-08-26T15:43:47.040+0000] {logging_mixin.py:190} INFO - [2024-08-26T15:43:47.039+0000] {dag.py:3211} INFO - Sync 1 DAGs
[2024-08-26T15:43:47.123+0000] {logging_mixin.py:190} INFO - [2024-08-26T15:43:47.122+0000] {dag.py:4138} INFO - Setting next_dagrun for example_params_trigger_ui to None, run_after=None
[2024-08-26T15:43:47.216+0000] {processor.py:208} INFO - Processing /home/airflow/.local/lib/python3.12/site-packages/airflow/example_dags/example_params_trigger_ui.py took 0.800 seconds
[2024-08-26T15:44:35.889+0000] {processor.py:186} INFO - Started process (PID=2721) to work on /home/airflow/.local/lib/python3.12/site-packages/airflow/example_dags/example_params_trigger_ui.py
[2024-08-26T15:44:35.891+0000] {processor.py:914} INFO - Processing file /home/airflow/.local/lib/python3.12/site-packages/airflow/example_dags/example_params_trigger_ui.py for tasks to queue
[2024-08-26T15:44:35.895+0000] {logging_mixin.py:190} INFO - [2024-08-26T15:44:35.894+0000] {dagbag.py:587} INFO - Filling up the DagBag from /home/airflow/.local/lib/python3.12/site-packages/airflow/example_dags/example_params_trigger_ui.py
[2024-08-26T15:44:35.920+0000] {processor.py:925} INFO - DAG(s) 'example_params_trigger_ui' retrieved from /home/airflow/.local/lib/python3.12/site-packages/airflow/example_dags/example_params_trigger_ui.py
[2024-08-26T15:44:36.059+0000] {logging_mixin.py:190} INFO - [2024-08-26T15:44:36.059+0000] {dag.py:3211} INFO - Sync 1 DAGs
[2024-08-26T15:44:36.098+0000] {logging_mixin.py:190} INFO - [2024-08-26T15:44:36.097+0000] {dag.py:4138} INFO - Setting next_dagrun for example_params_trigger_ui to None, run_after=None
[2024-08-26T15:44:36.140+0000] {processor.py:208} INFO - Processing /home/airflow/.local/lib/python3.12/site-packages/airflow/example_dags/example_params_trigger_ui.py took 0.267 seconds
[2024-08-26T15:45:14.812+0000] {processor.py:186} INFO - Started process (PID=2787) to work on /home/airflow/.local/lib/python3.12/site-packages/airflow/example_dags/example_params_trigger_ui.py
[2024-08-26T15:45:14.814+0000] {processor.py:914} INFO - Processing file /home/airflow/.local/lib/python3.12/site-packages/airflow/example_dags/example_params_trigger_ui.py for tasks to queue
[2024-08-26T15:45:14.817+0000] {logging_mixin.py:190} INFO - [2024-08-26T15:45:14.816+0000] {dagbag.py:587} INFO - Filling up the DagBag from /home/airflow/.local/lib/python3.12/site-packages/airflow/example_dags/example_params_trigger_ui.py
[2024-08-26T15:45:14.831+0000] {processor.py:925} INFO - DAG(s) 'example_params_trigger_ui' retrieved from /home/airflow/.local/lib/python3.12/site-packages/airflow/example_dags/example_params_trigger_ui.py
[2024-08-26T15:45:14.902+0000] {logging_mixin.py:190} INFO - [2024-08-26T15:45:14.902+0000] {dag.py:3211} INFO - Sync 1 DAGs
[2024-08-26T15:45:14.924+0000] {logging_mixin.py:190} INFO - [2024-08-26T15:45:14.924+0000] {dag.py:4138} INFO - Setting next_dagrun for example_params_trigger_ui to None, run_after=None
[2024-08-26T15:45:14.951+0000] {processor.py:208} INFO - Processing /home/airflow/.local/lib/python3.12/site-packages/airflow/example_dags/example_params_trigger_ui.py took 0.149 seconds
[2024-08-26T15:45:55.716+0000] {processor.py:186} INFO - Started process (PID=2853) to work on /home/airflow/.local/lib/python3.12/site-packages/airflow/example_dags/example_params_trigger_ui.py
[2024-08-26T15:45:55.718+0000] {processor.py:914} INFO - Processing file /home/airflow/.local/lib/python3.12/site-packages/airflow/example_dags/example_params_trigger_ui.py for tasks to queue
[2024-08-26T15:45:55.721+0000] {logging_mixin.py:190} INFO - [2024-08-26T15:45:55.720+0000] {dagbag.py:587} INFO - Filling up the DagBag from /home/airflow/.local/lib/python3.12/site-packages/airflow/example_dags/example_params_trigger_ui.py
[2024-08-26T15:45:55.742+0000] {processor.py:925} INFO - DAG(s) 'example_params_trigger_ui' retrieved from /home/airflow/.local/lib/python3.12/site-packages/airflow/example_dags/example_params_trigger_ui.py
[2024-08-26T15:45:55.936+0000] {logging_mixin.py:190} INFO - [2024-08-26T15:45:55.935+0000] {dag.py:3211} INFO - Sync 1 DAGs
[2024-08-26T15:45:55.981+0000] {logging_mixin.py:190} INFO - [2024-08-26T15:45:55.981+0000] {dag.py:4138} INFO - Setting next_dagrun for example_params_trigger_ui to None, run_after=None
[2024-08-26T15:45:56.056+0000] {processor.py:208} INFO - Processing /home/airflow/.local/lib/python3.12/site-packages/airflow/example_dags/example_params_trigger_ui.py took 0.353 seconds
[2024-08-26T15:47:58.935+0000] {processor.py:186} INFO - Started process (PID=2941) to work on /home/airflow/.local/lib/python3.12/site-packages/airflow/example_dags/example_params_trigger_ui.py
[2024-08-26T15:47:58.938+0000] {processor.py:914} INFO - Processing file /home/airflow/.local/lib/python3.12/site-packages/airflow/example_dags/example_params_trigger_ui.py for tasks to queue
[2024-08-26T15:47:58.941+0000] {logging_mixin.py:190} INFO - [2024-08-26T15:47:58.941+0000] {dagbag.py:587} INFO - Filling up the DagBag from /home/airflow/.local/lib/python3.12/site-packages/airflow/example_dags/example_params_trigger_ui.py
[2024-08-26T15:47:58.964+0000] {processor.py:925} INFO - DAG(s) 'example_params_trigger_ui' retrieved from /home/airflow/.local/lib/python3.12/site-packages/airflow/example_dags/example_params_trigger_ui.py
[2024-08-26T15:47:59.109+0000] {logging_mixin.py:190} INFO - [2024-08-26T15:47:59.108+0000] {dag.py:3211} INFO - Sync 1 DAGs
[2024-08-26T15:47:59.158+0000] {logging_mixin.py:190} INFO - [2024-08-26T15:47:59.158+0000] {dag.py:4138} INFO - Setting next_dagrun for example_params_trigger_ui to None, run_after=None
[2024-08-26T15:47:59.203+0000] {processor.py:208} INFO - Processing /home/airflow/.local/lib/python3.12/site-packages/airflow/example_dags/example_params_trigger_ui.py took 0.283 seconds
[2024-08-26T15:50:41.397+0000] {processor.py:186} INFO - Started process (PID=3040) to work on /home/airflow/.local/lib/python3.12/site-packages/airflow/example_dags/example_params_trigger_ui.py
[2024-08-26T15:50:41.405+0000] {processor.py:914} INFO - Processing file /home/airflow/.local/lib/python3.12/site-packages/airflow/example_dags/example_params_trigger_ui.py for tasks to queue
[2024-08-26T15:50:41.413+0000] {logging_mixin.py:190} INFO - [2024-08-26T15:50:41.412+0000] {dagbag.py:587} INFO - Filling up the DagBag from /home/airflow/.local/lib/python3.12/site-packages/airflow/example_dags/example_params_trigger_ui.py
[2024-08-26T15:50:41.462+0000] {processor.py:925} INFO - DAG(s) 'example_params_trigger_ui' retrieved from /home/airflow/.local/lib/python3.12/site-packages/airflow/example_dags/example_params_trigger_ui.py
[2024-08-26T15:50:41.762+0000] {logging_mixin.py:190} INFO - [2024-08-26T15:50:41.759+0000] {dag.py:3211} INFO - Sync 1 DAGs
[2024-08-26T15:50:41.964+0000] {logging_mixin.py:190} INFO - [2024-08-26T15:50:41.963+0000] {dag.py:4138} INFO - Setting next_dagrun for example_params_trigger_ui to None, run_after=None
[2024-08-26T15:50:42.166+0000] {processor.py:208} INFO - Processing /home/airflow/.local/lib/python3.12/site-packages/airflow/example_dags/example_params_trigger_ui.py took 0.810 seconds
[2024-08-26T15:51:45.182+0000] {processor.py:186} INFO - Started process (PID=3112) to work on /home/airflow/.local/lib/python3.12/site-packages/airflow/example_dags/example_params_trigger_ui.py
[2024-08-26T15:51:45.185+0000] {processor.py:914} INFO - Processing file /home/airflow/.local/lib/python3.12/site-packages/airflow/example_dags/example_params_trigger_ui.py for tasks to queue
[2024-08-26T15:51:45.189+0000] {logging_mixin.py:190} INFO - [2024-08-26T15:51:45.188+0000] {dagbag.py:587} INFO - Filling up the DagBag from /home/airflow/.local/lib/python3.12/site-packages/airflow/example_dags/example_params_trigger_ui.py
[2024-08-26T15:51:45.215+0000] {processor.py:925} INFO - DAG(s) 'example_params_trigger_ui' retrieved from /home/airflow/.local/lib/python3.12/site-packages/airflow/example_dags/example_params_trigger_ui.py
[2024-08-26T15:51:45.345+0000] {logging_mixin.py:190} INFO - [2024-08-26T15:51:45.345+0000] {dag.py:3211} INFO - Sync 1 DAGs
[2024-08-26T15:51:45.386+0000] {logging_mixin.py:190} INFO - [2024-08-26T15:51:45.385+0000] {dag.py:4138} INFO - Setting next_dagrun for example_params_trigger_ui to None, run_after=None
[2024-08-26T15:51:45.442+0000] {processor.py:208} INFO - Processing /home/airflow/.local/lib/python3.12/site-packages/airflow/example_dags/example_params_trigger_ui.py took 0.277 seconds
[2024-08-26T15:52:27.274+0000] {processor.py:186} INFO - Started process (PID=3178) to work on /home/airflow/.local/lib/python3.12/site-packages/airflow/example_dags/example_params_trigger_ui.py
[2024-08-26T15:52:27.276+0000] {processor.py:914} INFO - Processing file /home/airflow/.local/lib/python3.12/site-packages/airflow/example_dags/example_params_trigger_ui.py for tasks to queue
[2024-08-26T15:52:27.279+0000] {logging_mixin.py:190} INFO - [2024-08-26T15:52:27.279+0000] {dagbag.py:587} INFO - Filling up the DagBag from /home/airflow/.local/lib/python3.12/site-packages/airflow/example_dags/example_params_trigger_ui.py
[2024-08-26T15:52:27.299+0000] {processor.py:925} INFO - DAG(s) 'example_params_trigger_ui' retrieved from /home/airflow/.local/lib/python3.12/site-packages/airflow/example_dags/example_params_trigger_ui.py
[2024-08-26T15:52:27.391+0000] {logging_mixin.py:190} INFO - [2024-08-26T15:52:27.390+0000] {dag.py:3211} INFO - Sync 1 DAGs
[2024-08-26T15:52:27.420+0000] {logging_mixin.py:190} INFO - [2024-08-26T15:52:27.419+0000] {dag.py:4138} INFO - Setting next_dagrun for example_params_trigger_ui to None, run_after=None
[2024-08-26T15:52:27.453+0000] {processor.py:208} INFO - Processing /home/airflow/.local/lib/python3.12/site-packages/airflow/example_dags/example_params_trigger_ui.py took 0.191 seconds
