[2024-08-26T10:34:44.987+0000] {processor.py:186} INFO - Started process (PID=90) to work on /home/airflow/.local/lib/python3.12/site-packages/airflow/example_dags/example_xcom.py
[2024-08-26T10:34:44.989+0000] {processor.py:914} INFO - Processing file /home/airflow/.local/lib/python3.12/site-packages/airflow/example_dags/example_xcom.py for tasks to queue
[2024-08-26T10:34:44.992+0000] {logging_mixin.py:190} INFO - [2024-08-26T10:34:44.992+0000] {dagbag.py:587} INFO - Filling up the DagBag from /home/airflow/.local/lib/python3.12/site-packages/airflow/example_dags/example_xcom.py
[2024-08-26T10:34:45.007+0000] {processor.py:925} INFO - DAG(s) 'example_xcom' retrieved from /home/airflow/.local/lib/python3.12/site-packages/airflow/example_dags/example_xcom.py
[2024-08-26T10:34:45.045+0000] {logging_mixin.py:190} INFO - [2024-08-26T10:34:45.045+0000] {dag.py:3211} INFO - Sync 1 DAGs
[2024-08-26T10:34:45.077+0000] {logging_mixin.py:190} INFO - [2024-08-26T10:34:45.077+0000] {dag.py:4138} INFO - Setting next_dagrun for example_xcom to 2021-01-01 00:00:00+00:00, run_after=2021-01-01 00:00:00+00:00
[2024-08-26T10:34:45.101+0000] {processor.py:208} INFO - Processing /home/airflow/.local/lib/python3.12/site-packages/airflow/example_dags/example_xcom.py took 0.122 seconds
[2024-08-26T10:35:28.012+0000] {processor.py:186} INFO - Started process (PID=162) to work on /home/airflow/.local/lib/python3.12/site-packages/airflow/example_dags/example_xcom.py
[2024-08-26T10:35:28.015+0000] {processor.py:914} INFO - Processing file /home/airflow/.local/lib/python3.12/site-packages/airflow/example_dags/example_xcom.py for tasks to queue
[2024-08-26T10:35:28.022+0000] {logging_mixin.py:190} INFO - [2024-08-26T10:35:28.021+0000] {dagbag.py:587} INFO - Filling up the DagBag from /home/airflow/.local/lib/python3.12/site-packages/airflow/example_dags/example_xcom.py
[2024-08-26T10:35:28.043+0000] {processor.py:925} INFO - DAG(s) 'example_xcom' retrieved from /home/airflow/.local/lib/python3.12/site-packages/airflow/example_dags/example_xcom.py
[2024-08-26T10:35:28.099+0000] {logging_mixin.py:190} INFO - [2024-08-26T10:35:28.099+0000] {dag.py:3211} INFO - Sync 1 DAGs
[2024-08-26T10:35:28.160+0000] {logging_mixin.py:190} INFO - [2024-08-26T10:35:28.159+0000] {dag.py:4138} INFO - Setting next_dagrun for example_xcom to 2021-01-01 00:00:00+00:00, run_after=2021-01-01 00:00:00+00:00
[2024-08-26T10:35:28.212+0000] {processor.py:208} INFO - Processing /home/airflow/.local/lib/python3.12/site-packages/airflow/example_dags/example_xcom.py took 0.214 seconds
[2024-08-26T10:38:04.495+0000] {processor.py:186} INFO - Started process (PID=90) to work on /home/airflow/.local/lib/python3.12/site-packages/airflow/example_dags/example_xcom.py
[2024-08-26T10:38:04.497+0000] {processor.py:914} INFO - Processing file /home/airflow/.local/lib/python3.12/site-packages/airflow/example_dags/example_xcom.py for tasks to queue
[2024-08-26T10:38:04.501+0000] {logging_mixin.py:190} INFO - [2024-08-26T10:38:04.500+0000] {dagbag.py:587} INFO - Filling up the DagBag from /home/airflow/.local/lib/python3.12/site-packages/airflow/example_dags/example_xcom.py
[2024-08-26T10:38:04.515+0000] {processor.py:925} INFO - DAG(s) 'example_xcom' retrieved from /home/airflow/.local/lib/python3.12/site-packages/airflow/example_dags/example_xcom.py
[2024-08-26T10:38:04.557+0000] {logging_mixin.py:190} INFO - [2024-08-26T10:38:04.556+0000] {dag.py:3211} INFO - Sync 1 DAGs
[2024-08-26T10:38:04.587+0000] {logging_mixin.py:190} INFO - [2024-08-26T10:38:04.587+0000] {dag.py:4138} INFO - Setting next_dagrun for example_xcom to 2021-01-01 00:00:00+00:00, run_after=2021-01-01 00:00:00+00:00
[2024-08-26T10:38:04.612+0000] {processor.py:208} INFO - Processing /home/airflow/.local/lib/python3.12/site-packages/airflow/example_dags/example_xcom.py took 0.125 seconds
[2024-08-26T10:38:44.140+0000] {processor.py:186} INFO - Started process (PID=156) to work on /home/airflow/.local/lib/python3.12/site-packages/airflow/example_dags/example_xcom.py
[2024-08-26T10:38:44.142+0000] {processor.py:914} INFO - Processing file /home/airflow/.local/lib/python3.12/site-packages/airflow/example_dags/example_xcom.py for tasks to queue
[2024-08-26T10:38:44.145+0000] {logging_mixin.py:190} INFO - [2024-08-26T10:38:44.145+0000] {dagbag.py:587} INFO - Filling up the DagBag from /home/airflow/.local/lib/python3.12/site-packages/airflow/example_dags/example_xcom.py
[2024-08-26T10:38:44.160+0000] {processor.py:925} INFO - DAG(s) 'example_xcom' retrieved from /home/airflow/.local/lib/python3.12/site-packages/airflow/example_dags/example_xcom.py
[2024-08-26T10:38:44.194+0000] {logging_mixin.py:190} INFO - [2024-08-26T10:38:44.193+0000] {dag.py:3211} INFO - Sync 1 DAGs
[2024-08-26T10:38:44.227+0000] {logging_mixin.py:190} INFO - [2024-08-26T10:38:44.226+0000] {dag.py:4138} INFO - Setting next_dagrun for example_xcom to 2021-01-01 00:00:00+00:00, run_after=2021-01-01 00:00:00+00:00
[2024-08-26T10:38:44.253+0000] {processor.py:208} INFO - Processing /home/airflow/.local/lib/python3.12/site-packages/airflow/example_dags/example_xcom.py took 0.122 seconds
[2024-08-26T10:39:22.847+0000] {processor.py:186} INFO - Started process (PID=222) to work on /home/airflow/.local/lib/python3.12/site-packages/airflow/example_dags/example_xcom.py
[2024-08-26T10:39:22.848+0000] {processor.py:914} INFO - Processing file /home/airflow/.local/lib/python3.12/site-packages/airflow/example_dags/example_xcom.py for tasks to queue
[2024-08-26T10:39:22.852+0000] {logging_mixin.py:190} INFO - [2024-08-26T10:39:22.851+0000] {dagbag.py:587} INFO - Filling up the DagBag from /home/airflow/.local/lib/python3.12/site-packages/airflow/example_dags/example_xcom.py
[2024-08-26T10:39:22.865+0000] {processor.py:925} INFO - DAG(s) 'example_xcom' retrieved from /home/airflow/.local/lib/python3.12/site-packages/airflow/example_dags/example_xcom.py
[2024-08-26T10:39:22.894+0000] {logging_mixin.py:190} INFO - [2024-08-26T10:39:22.894+0000] {dag.py:3211} INFO - Sync 1 DAGs
[2024-08-26T10:39:22.926+0000] {logging_mixin.py:190} INFO - [2024-08-26T10:39:22.925+0000] {dag.py:4138} INFO - Setting next_dagrun for example_xcom to 2021-01-01 00:00:00+00:00, run_after=2021-01-01 00:00:00+00:00
[2024-08-26T10:39:22.950+0000] {processor.py:208} INFO - Processing /home/airflow/.local/lib/python3.12/site-packages/airflow/example_dags/example_xcom.py took 0.111 seconds
[2024-08-26T10:40:02.454+0000] {processor.py:186} INFO - Started process (PID=296) to work on /home/airflow/.local/lib/python3.12/site-packages/airflow/example_dags/example_xcom.py
[2024-08-26T10:40:02.455+0000] {processor.py:914} INFO - Processing file /home/airflow/.local/lib/python3.12/site-packages/airflow/example_dags/example_xcom.py for tasks to queue
[2024-08-26T10:40:02.459+0000] {logging_mixin.py:190} INFO - [2024-08-26T10:40:02.458+0000] {dagbag.py:587} INFO - Filling up the DagBag from /home/airflow/.local/lib/python3.12/site-packages/airflow/example_dags/example_xcom.py
[2024-08-26T10:40:02.494+0000] {processor.py:925} INFO - DAG(s) 'example_xcom' retrieved from /home/airflow/.local/lib/python3.12/site-packages/airflow/example_dags/example_xcom.py
[2024-08-26T10:40:02.524+0000] {logging_mixin.py:190} INFO - [2024-08-26T10:40:02.523+0000] {dag.py:3211} INFO - Sync 1 DAGs
[2024-08-26T10:40:02.559+0000] {logging_mixin.py:190} INFO - [2024-08-26T10:40:02.559+0000] {dag.py:4138} INFO - Setting next_dagrun for example_xcom to 2021-01-01 00:00:00+00:00, run_after=2021-01-01 00:00:00+00:00
[2024-08-26T10:40:02.584+0000] {processor.py:208} INFO - Processing /home/airflow/.local/lib/python3.12/site-packages/airflow/example_dags/example_xcom.py took 0.138 seconds
[2024-08-26T10:40:46.054+0000] {processor.py:186} INFO - Started process (PID=364) to work on /home/airflow/.local/lib/python3.12/site-packages/airflow/example_dags/example_xcom.py
[2024-08-26T10:40:46.056+0000] {processor.py:914} INFO - Processing file /home/airflow/.local/lib/python3.12/site-packages/airflow/example_dags/example_xcom.py for tasks to queue
[2024-08-26T10:40:46.059+0000] {logging_mixin.py:190} INFO - [2024-08-26T10:40:46.059+0000] {dagbag.py:587} INFO - Filling up the DagBag from /home/airflow/.local/lib/python3.12/site-packages/airflow/example_dags/example_xcom.py
[2024-08-26T10:40:46.071+0000] {processor.py:925} INFO - DAG(s) 'example_xcom' retrieved from /home/airflow/.local/lib/python3.12/site-packages/airflow/example_dags/example_xcom.py
[2024-08-26T10:40:46.100+0000] {logging_mixin.py:190} INFO - [2024-08-26T10:40:46.100+0000] {dag.py:3211} INFO - Sync 1 DAGs
[2024-08-26T10:40:46.129+0000] {logging_mixin.py:190} INFO - [2024-08-26T10:40:46.129+0000] {dag.py:4138} INFO - Setting next_dagrun for example_xcom to 2021-01-01 00:00:00+00:00, run_after=2021-01-01 00:00:00+00:00
[2024-08-26T10:40:46.155+0000] {processor.py:208} INFO - Processing /home/airflow/.local/lib/python3.12/site-packages/airflow/example_dags/example_xcom.py took 0.109 seconds
[2024-08-26T10:41:23.124+0000] {processor.py:186} INFO - Started process (PID=429) to work on /home/airflow/.local/lib/python3.12/site-packages/airflow/example_dags/example_xcom.py
[2024-08-26T10:41:23.125+0000] {processor.py:914} INFO - Processing file /home/airflow/.local/lib/python3.12/site-packages/airflow/example_dags/example_xcom.py for tasks to queue
[2024-08-26T10:41:23.128+0000] {logging_mixin.py:190} INFO - [2024-08-26T10:41:23.128+0000] {dagbag.py:587} INFO - Filling up the DagBag from /home/airflow/.local/lib/python3.12/site-packages/airflow/example_dags/example_xcom.py
[2024-08-26T10:41:23.156+0000] {processor.py:925} INFO - DAG(s) 'example_xcom' retrieved from /home/airflow/.local/lib/python3.12/site-packages/airflow/example_dags/example_xcom.py
[2024-08-26T10:41:23.207+0000] {logging_mixin.py:190} INFO - [2024-08-26T10:41:23.206+0000] {dag.py:3211} INFO - Sync 1 DAGs
[2024-08-26T10:41:23.273+0000] {logging_mixin.py:190} INFO - [2024-08-26T10:41:23.272+0000] {dag.py:4138} INFO - Setting next_dagrun for example_xcom to 2021-01-01 00:00:00+00:00, run_after=2021-01-01 00:00:00+00:00
[2024-08-26T10:41:23.305+0000] {processor.py:208} INFO - Processing /home/airflow/.local/lib/python3.12/site-packages/airflow/example_dags/example_xcom.py took 0.189 seconds
[2024-08-26T10:42:09.015+0000] {processor.py:186} INFO - Started process (PID=501) to work on /home/airflow/.local/lib/python3.12/site-packages/airflow/example_dags/example_xcom.py
[2024-08-26T10:42:09.017+0000] {processor.py:914} INFO - Processing file /home/airflow/.local/lib/python3.12/site-packages/airflow/example_dags/example_xcom.py for tasks to queue
[2024-08-26T10:42:09.021+0000] {logging_mixin.py:190} INFO - [2024-08-26T10:42:09.020+0000] {dagbag.py:587} INFO - Filling up the DagBag from /home/airflow/.local/lib/python3.12/site-packages/airflow/example_dags/example_xcom.py
[2024-08-26T10:42:09.035+0000] {processor.py:925} INFO - DAG(s) 'example_xcom' retrieved from /home/airflow/.local/lib/python3.12/site-packages/airflow/example_dags/example_xcom.py
[2024-08-26T10:42:09.071+0000] {logging_mixin.py:190} INFO - [2024-08-26T10:42:09.071+0000] {dag.py:3211} INFO - Sync 1 DAGs
[2024-08-26T10:42:09.112+0000] {logging_mixin.py:190} INFO - [2024-08-26T10:42:09.112+0000] {dag.py:4138} INFO - Setting next_dagrun for example_xcom to 2021-01-01 00:00:00+00:00, run_after=2021-01-01 00:00:00+00:00
[2024-08-26T10:42:09.146+0000] {processor.py:208} INFO - Processing /home/airflow/.local/lib/python3.12/site-packages/airflow/example_dags/example_xcom.py took 0.141 seconds
[2024-08-26T10:42:54.670+0000] {processor.py:186} INFO - Started process (PID=569) to work on /home/airflow/.local/lib/python3.12/site-packages/airflow/example_dags/example_xcom.py
[2024-08-26T10:42:54.671+0000] {processor.py:914} INFO - Processing file /home/airflow/.local/lib/python3.12/site-packages/airflow/example_dags/example_xcom.py for tasks to queue
[2024-08-26T10:42:54.674+0000] {logging_mixin.py:190} INFO - [2024-08-26T10:42:54.673+0000] {dagbag.py:587} INFO - Filling up the DagBag from /home/airflow/.local/lib/python3.12/site-packages/airflow/example_dags/example_xcom.py
[2024-08-26T10:42:54.688+0000] {processor.py:925} INFO - DAG(s) 'example_xcom' retrieved from /home/airflow/.local/lib/python3.12/site-packages/airflow/example_dags/example_xcom.py
[2024-08-26T10:42:54.721+0000] {logging_mixin.py:190} INFO - [2024-08-26T10:42:54.720+0000] {dag.py:3211} INFO - Sync 1 DAGs
[2024-08-26T10:42:54.753+0000] {logging_mixin.py:190} INFO - [2024-08-26T10:42:54.753+0000] {dag.py:4138} INFO - Setting next_dagrun for example_xcom to 2021-01-01 00:00:00+00:00, run_after=2021-01-01 00:00:00+00:00
[2024-08-26T10:42:54.777+0000] {processor.py:208} INFO - Processing /home/airflow/.local/lib/python3.12/site-packages/airflow/example_dags/example_xcom.py took 0.115 seconds
[2024-08-26T10:43:37.410+0000] {processor.py:186} INFO - Started process (PID=647) to work on /home/airflow/.local/lib/python3.12/site-packages/airflow/example_dags/example_xcom.py
[2024-08-26T10:43:37.411+0000] {processor.py:914} INFO - Processing file /home/airflow/.local/lib/python3.12/site-packages/airflow/example_dags/example_xcom.py for tasks to queue
[2024-08-26T10:43:37.413+0000] {logging_mixin.py:190} INFO - [2024-08-26T10:43:37.413+0000] {dagbag.py:587} INFO - Filling up the DagBag from /home/airflow/.local/lib/python3.12/site-packages/airflow/example_dags/example_xcom.py
[2024-08-26T10:43:37.427+0000] {processor.py:925} INFO - DAG(s) 'example_xcom' retrieved from /home/airflow/.local/lib/python3.12/site-packages/airflow/example_dags/example_xcom.py
[2024-08-26T10:43:37.461+0000] {logging_mixin.py:190} INFO - [2024-08-26T10:43:37.461+0000] {dag.py:3211} INFO - Sync 1 DAGs
[2024-08-26T10:43:37.497+0000] {logging_mixin.py:190} INFO - [2024-08-26T10:43:37.497+0000] {dag.py:4138} INFO - Setting next_dagrun for example_xcom to 2021-01-01 00:00:00+00:00, run_after=2021-01-01 00:00:00+00:00
[2024-08-26T10:43:37.521+0000] {processor.py:208} INFO - Processing /home/airflow/.local/lib/python3.12/site-packages/airflow/example_dags/example_xcom.py took 0.120 seconds
[2024-08-26T10:44:14.810+0000] {processor.py:186} INFO - Started process (PID=713) to work on /home/airflow/.local/lib/python3.12/site-packages/airflow/example_dags/example_xcom.py
[2024-08-26T10:44:14.812+0000] {processor.py:914} INFO - Processing file /home/airflow/.local/lib/python3.12/site-packages/airflow/example_dags/example_xcom.py for tasks to queue
[2024-08-26T10:44:14.815+0000] {logging_mixin.py:190} INFO - [2024-08-26T10:44:14.814+0000] {dagbag.py:587} INFO - Filling up the DagBag from /home/airflow/.local/lib/python3.12/site-packages/airflow/example_dags/example_xcom.py
[2024-08-26T10:44:14.830+0000] {processor.py:925} INFO - DAG(s) 'example_xcom' retrieved from /home/airflow/.local/lib/python3.12/site-packages/airflow/example_dags/example_xcom.py
[2024-08-26T10:44:14.914+0000] {logging_mixin.py:190} INFO - [2024-08-26T10:44:14.913+0000] {dag.py:3211} INFO - Sync 1 DAGs
[2024-08-26T10:44:14.950+0000] {logging_mixin.py:190} INFO - [2024-08-26T10:44:14.950+0000] {dag.py:4138} INFO - Setting next_dagrun for example_xcom to 2021-01-01 00:00:00+00:00, run_after=2021-01-01 00:00:00+00:00
[2024-08-26T10:44:14.976+0000] {processor.py:208} INFO - Processing /home/airflow/.local/lib/python3.12/site-packages/airflow/example_dags/example_xcom.py took 0.175 seconds
[2024-08-26T10:44:54.291+0000] {processor.py:186} INFO - Started process (PID=780) to work on /home/airflow/.local/lib/python3.12/site-packages/airflow/example_dags/example_xcom.py
[2024-08-26T10:44:54.293+0000] {processor.py:914} INFO - Processing file /home/airflow/.local/lib/python3.12/site-packages/airflow/example_dags/example_xcom.py for tasks to queue
[2024-08-26T10:44:54.295+0000] {logging_mixin.py:190} INFO - [2024-08-26T10:44:54.294+0000] {dagbag.py:587} INFO - Filling up the DagBag from /home/airflow/.local/lib/python3.12/site-packages/airflow/example_dags/example_xcom.py
[2024-08-26T10:44:54.307+0000] {processor.py:925} INFO - DAG(s) 'example_xcom' retrieved from /home/airflow/.local/lib/python3.12/site-packages/airflow/example_dags/example_xcom.py
[2024-08-26T10:44:54.337+0000] {logging_mixin.py:190} INFO - [2024-08-26T10:44:54.337+0000] {dag.py:3211} INFO - Sync 1 DAGs
[2024-08-26T10:44:54.368+0000] {logging_mixin.py:190} INFO - [2024-08-26T10:44:54.368+0000] {dag.py:4138} INFO - Setting next_dagrun for example_xcom to 2021-01-01 00:00:00+00:00, run_after=2021-01-01 00:00:00+00:00
[2024-08-26T10:44:54.391+0000] {processor.py:208} INFO - Processing /home/airflow/.local/lib/python3.12/site-packages/airflow/example_dags/example_xcom.py took 0.109 seconds
[2024-08-26T10:45:35.719+0000] {processor.py:186} INFO - Started process (PID=861) to work on /home/airflow/.local/lib/python3.12/site-packages/airflow/example_dags/example_xcom.py
[2024-08-26T10:45:35.723+0000] {processor.py:914} INFO - Processing file /home/airflow/.local/lib/python3.12/site-packages/airflow/example_dags/example_xcom.py for tasks to queue
[2024-08-26T10:45:35.725+0000] {logging_mixin.py:190} INFO - [2024-08-26T10:45:35.725+0000] {dagbag.py:587} INFO - Filling up the DagBag from /home/airflow/.local/lib/python3.12/site-packages/airflow/example_dags/example_xcom.py
[2024-08-26T10:45:35.740+0000] {processor.py:925} INFO - DAG(s) 'example_xcom' retrieved from /home/airflow/.local/lib/python3.12/site-packages/airflow/example_dags/example_xcom.py
[2024-08-26T10:45:35.780+0000] {logging_mixin.py:190} INFO - [2024-08-26T10:45:35.780+0000] {dag.py:3211} INFO - Sync 1 DAGs
[2024-08-26T10:45:35.817+0000] {logging_mixin.py:190} INFO - [2024-08-26T10:45:35.816+0000] {dag.py:4138} INFO - Setting next_dagrun for example_xcom to 2021-01-01 00:00:00+00:00, run_after=2021-01-01 00:00:00+00:00
[2024-08-26T10:45:35.843+0000] {processor.py:208} INFO - Processing /home/airflow/.local/lib/python3.12/site-packages/airflow/example_dags/example_xcom.py took 0.135 seconds
[2024-08-26T10:46:13.676+0000] {processor.py:186} INFO - Started process (PID=927) to work on /home/airflow/.local/lib/python3.12/site-packages/airflow/example_dags/example_xcom.py
[2024-08-26T10:46:13.678+0000] {processor.py:914} INFO - Processing file /home/airflow/.local/lib/python3.12/site-packages/airflow/example_dags/example_xcom.py for tasks to queue
[2024-08-26T10:46:13.681+0000] {logging_mixin.py:190} INFO - [2024-08-26T10:46:13.680+0000] {dagbag.py:587} INFO - Filling up the DagBag from /home/airflow/.local/lib/python3.12/site-packages/airflow/example_dags/example_xcom.py
[2024-08-26T10:46:13.695+0000] {processor.py:925} INFO - DAG(s) 'example_xcom' retrieved from /home/airflow/.local/lib/python3.12/site-packages/airflow/example_dags/example_xcom.py
[2024-08-26T10:46:13.724+0000] {logging_mixin.py:190} INFO - [2024-08-26T10:46:13.723+0000] {dag.py:3211} INFO - Sync 1 DAGs
[2024-08-26T10:46:13.755+0000] {logging_mixin.py:190} INFO - [2024-08-26T10:46:13.755+0000] {dag.py:4138} INFO - Setting next_dagrun for example_xcom to 2021-01-01 00:00:00+00:00, run_after=2021-01-01 00:00:00+00:00
[2024-08-26T10:46:13.783+0000] {processor.py:208} INFO - Processing /home/airflow/.local/lib/python3.12/site-packages/airflow/example_dags/example_xcom.py took 0.114 seconds
[2024-08-26T10:46:52.941+0000] {processor.py:186} INFO - Started process (PID=993) to work on /home/airflow/.local/lib/python3.12/site-packages/airflow/example_dags/example_xcom.py
[2024-08-26T10:46:52.943+0000] {processor.py:914} INFO - Processing file /home/airflow/.local/lib/python3.12/site-packages/airflow/example_dags/example_xcom.py for tasks to queue
[2024-08-26T10:46:52.945+0000] {logging_mixin.py:190} INFO - [2024-08-26T10:46:52.944+0000] {dagbag.py:587} INFO - Filling up the DagBag from /home/airflow/.local/lib/python3.12/site-packages/airflow/example_dags/example_xcom.py
[2024-08-26T10:46:52.958+0000] {processor.py:925} INFO - DAG(s) 'example_xcom' retrieved from /home/airflow/.local/lib/python3.12/site-packages/airflow/example_dags/example_xcom.py
[2024-08-26T10:46:52.990+0000] {logging_mixin.py:190} INFO - [2024-08-26T10:46:52.990+0000] {dag.py:3211} INFO - Sync 1 DAGs
[2024-08-26T10:46:53.022+0000] {logging_mixin.py:190} INFO - [2024-08-26T10:46:53.022+0000] {dag.py:4138} INFO - Setting next_dagrun for example_xcom to 2021-01-01 00:00:00+00:00, run_after=2021-01-01 00:00:00+00:00
[2024-08-26T10:46:53.046+0000] {processor.py:208} INFO - Processing /home/airflow/.local/lib/python3.12/site-packages/airflow/example_dags/example_xcom.py took 0.113 seconds
[2024-08-26T10:47:45.869+0000] {processor.py:186} INFO - Started process (PID=1076) to work on /home/airflow/.local/lib/python3.12/site-packages/airflow/example_dags/example_xcom.py
[2024-08-26T10:47:45.871+0000] {processor.py:914} INFO - Processing file /home/airflow/.local/lib/python3.12/site-packages/airflow/example_dags/example_xcom.py for tasks to queue
[2024-08-26T10:47:45.873+0000] {logging_mixin.py:190} INFO - [2024-08-26T10:47:45.872+0000] {dagbag.py:587} INFO - Filling up the DagBag from /home/airflow/.local/lib/python3.12/site-packages/airflow/example_dags/example_xcom.py
[2024-08-26T10:47:45.885+0000] {processor.py:925} INFO - DAG(s) 'example_xcom' retrieved from /home/airflow/.local/lib/python3.12/site-packages/airflow/example_dags/example_xcom.py
[2024-08-26T10:47:45.914+0000] {logging_mixin.py:190} INFO - [2024-08-26T10:47:45.914+0000] {dag.py:3211} INFO - Sync 1 DAGs
[2024-08-26T10:47:45.945+0000] {logging_mixin.py:190} INFO - [2024-08-26T10:47:45.945+0000] {dag.py:4138} INFO - Setting next_dagrun for example_xcom to 2021-01-01 00:00:00+00:00, run_after=2021-01-01 00:00:00+00:00
[2024-08-26T10:47:45.968+0000] {processor.py:208} INFO - Processing /home/airflow/.local/lib/python3.12/site-packages/airflow/example_dags/example_xcom.py took 0.109 seconds
[2024-08-26T10:48:23.276+0000] {processor.py:186} INFO - Started process (PID=1142) to work on /home/airflow/.local/lib/python3.12/site-packages/airflow/example_dags/example_xcom.py
[2024-08-26T10:48:23.277+0000] {processor.py:914} INFO - Processing file /home/airflow/.local/lib/python3.12/site-packages/airflow/example_dags/example_xcom.py for tasks to queue
[2024-08-26T10:48:23.279+0000] {logging_mixin.py:190} INFO - [2024-08-26T10:48:23.278+0000] {dagbag.py:587} INFO - Filling up the DagBag from /home/airflow/.local/lib/python3.12/site-packages/airflow/example_dags/example_xcom.py
[2024-08-26T10:48:23.292+0000] {processor.py:925} INFO - DAG(s) 'example_xcom' retrieved from /home/airflow/.local/lib/python3.12/site-packages/airflow/example_dags/example_xcom.py
[2024-08-26T10:48:23.318+0000] {logging_mixin.py:190} INFO - [2024-08-26T10:48:23.318+0000] {dag.py:3211} INFO - Sync 1 DAGs
[2024-08-26T10:48:23.343+0000] {logging_mixin.py:190} INFO - [2024-08-26T10:48:23.343+0000] {dag.py:4138} INFO - Setting next_dagrun for example_xcom to 2021-01-01 00:00:00+00:00, run_after=2021-01-01 00:00:00+00:00
[2024-08-26T10:48:23.363+0000] {processor.py:208} INFO - Processing /home/airflow/.local/lib/python3.12/site-packages/airflow/example_dags/example_xcom.py took 0.096 seconds
[2024-08-26T10:49:15.521+0000] {processor.py:186} INFO - Started process (PID=1223) to work on /home/airflow/.local/lib/python3.12/site-packages/airflow/example_dags/example_xcom.py
[2024-08-26T10:49:15.523+0000] {processor.py:914} INFO - Processing file /home/airflow/.local/lib/python3.12/site-packages/airflow/example_dags/example_xcom.py for tasks to queue
[2024-08-26T10:49:15.526+0000] {logging_mixin.py:190} INFO - [2024-08-26T10:49:15.525+0000] {dagbag.py:587} INFO - Filling up the DagBag from /home/airflow/.local/lib/python3.12/site-packages/airflow/example_dags/example_xcom.py
[2024-08-26T10:49:15.545+0000] {processor.py:925} INFO - DAG(s) 'example_xcom' retrieved from /home/airflow/.local/lib/python3.12/site-packages/airflow/example_dags/example_xcom.py
[2024-08-26T10:49:15.590+0000] {logging_mixin.py:190} INFO - [2024-08-26T10:49:15.590+0000] {dag.py:3211} INFO - Sync 1 DAGs
[2024-08-26T10:49:15.635+0000] {logging_mixin.py:190} INFO - [2024-08-26T10:49:15.635+0000] {dag.py:4138} INFO - Setting next_dagrun for example_xcom to 2021-01-01 00:00:00+00:00, run_after=2021-01-01 00:00:00+00:00
[2024-08-26T10:49:15.673+0000] {processor.py:208} INFO - Processing /home/airflow/.local/lib/python3.12/site-packages/airflow/example_dags/example_xcom.py took 0.164 seconds
[2024-08-26T15:09:27.444+0000] {processor.py:186} INFO - Started process (PID=84) to work on /home/airflow/.local/lib/python3.12/site-packages/airflow/example_dags/example_xcom.py
[2024-08-26T15:09:27.447+0000] {processor.py:914} INFO - Processing file /home/airflow/.local/lib/python3.12/site-packages/airflow/example_dags/example_xcom.py for tasks to queue
[2024-08-26T15:09:27.450+0000] {logging_mixin.py:190} INFO - [2024-08-26T15:09:27.450+0000] {dagbag.py:587} INFO - Filling up the DagBag from /home/airflow/.local/lib/python3.12/site-packages/airflow/example_dags/example_xcom.py
[2024-08-26T15:09:27.469+0000] {processor.py:925} INFO - DAG(s) 'example_xcom' retrieved from /home/airflow/.local/lib/python3.12/site-packages/airflow/example_dags/example_xcom.py
[2024-08-26T15:09:27.518+0000] {logging_mixin.py:190} INFO - [2024-08-26T15:09:27.517+0000] {dag.py:3211} INFO - Sync 1 DAGs
[2024-08-26T15:09:27.557+0000] {logging_mixin.py:190} INFO - [2024-08-26T15:09:27.556+0000] {dag.py:4138} INFO - Setting next_dagrun for example_xcom to 2021-01-01 00:00:00+00:00, run_after=2021-01-01 00:00:00+00:00
[2024-08-26T15:09:27.583+0000] {processor.py:208} INFO - Processing /home/airflow/.local/lib/python3.12/site-packages/airflow/example_dags/example_xcom.py took 0.149 seconds
[2024-08-26T15:10:10.837+0000] {processor.py:186} INFO - Started process (PID=156) to work on /home/airflow/.local/lib/python3.12/site-packages/airflow/example_dags/example_xcom.py
[2024-08-26T15:10:10.838+0000] {processor.py:914} INFO - Processing file /home/airflow/.local/lib/python3.12/site-packages/airflow/example_dags/example_xcom.py for tasks to queue
[2024-08-26T15:10:10.841+0000] {logging_mixin.py:190} INFO - [2024-08-26T15:10:10.841+0000] {dagbag.py:587} INFO - Filling up the DagBag from /home/airflow/.local/lib/python3.12/site-packages/airflow/example_dags/example_xcom.py
[2024-08-26T15:10:10.856+0000] {processor.py:925} INFO - DAG(s) 'example_xcom' retrieved from /home/airflow/.local/lib/python3.12/site-packages/airflow/example_dags/example_xcom.py
[2024-08-26T15:10:10.884+0000] {logging_mixin.py:190} INFO - [2024-08-26T15:10:10.884+0000] {dag.py:3211} INFO - Sync 1 DAGs
[2024-08-26T15:10:10.914+0000] {logging_mixin.py:190} INFO - [2024-08-26T15:10:10.914+0000] {dag.py:4138} INFO - Setting next_dagrun for example_xcom to 2021-01-01 00:00:00+00:00, run_after=2021-01-01 00:00:00+00:00
[2024-08-26T15:10:10.938+0000] {processor.py:208} INFO - Processing /home/airflow/.local/lib/python3.12/site-packages/airflow/example_dags/example_xcom.py took 0.108 seconds
[2024-08-26T15:10:48.707+0000] {processor.py:186} INFO - Started process (PID=223) to work on /home/airflow/.local/lib/python3.12/site-packages/airflow/example_dags/example_xcom.py
[2024-08-26T15:10:48.708+0000] {processor.py:914} INFO - Processing file /home/airflow/.local/lib/python3.12/site-packages/airflow/example_dags/example_xcom.py for tasks to queue
[2024-08-26T15:10:48.711+0000] {logging_mixin.py:190} INFO - [2024-08-26T15:10:48.711+0000] {dagbag.py:587} INFO - Filling up the DagBag from /home/airflow/.local/lib/python3.12/site-packages/airflow/example_dags/example_xcom.py
[2024-08-26T15:10:48.723+0000] {processor.py:925} INFO - DAG(s) 'example_xcom' retrieved from /home/airflow/.local/lib/python3.12/site-packages/airflow/example_dags/example_xcom.py
[2024-08-26T15:10:48.752+0000] {logging_mixin.py:190} INFO - [2024-08-26T15:10:48.752+0000] {dag.py:3211} INFO - Sync 1 DAGs
[2024-08-26T15:10:48.782+0000] {logging_mixin.py:190} INFO - [2024-08-26T15:10:48.781+0000] {dag.py:4138} INFO - Setting next_dagrun for example_xcom to 2021-01-01 00:00:00+00:00, run_after=2021-01-01 00:00:00+00:00
[2024-08-26T15:10:48.803+0000] {processor.py:208} INFO - Processing /home/airflow/.local/lib/python3.12/site-packages/airflow/example_dags/example_xcom.py took 0.104 seconds
[2024-08-26T15:11:26.201+0000] {processor.py:186} INFO - Started process (PID=289) to work on /home/airflow/.local/lib/python3.12/site-packages/airflow/example_dags/example_xcom.py
[2024-08-26T15:11:26.203+0000] {processor.py:914} INFO - Processing file /home/airflow/.local/lib/python3.12/site-packages/airflow/example_dags/example_xcom.py for tasks to queue
[2024-08-26T15:11:26.206+0000] {logging_mixin.py:190} INFO - [2024-08-26T15:11:26.206+0000] {dagbag.py:587} INFO - Filling up the DagBag from /home/airflow/.local/lib/python3.12/site-packages/airflow/example_dags/example_xcom.py
[2024-08-26T15:11:26.219+0000] {processor.py:925} INFO - DAG(s) 'example_xcom' retrieved from /home/airflow/.local/lib/python3.12/site-packages/airflow/example_dags/example_xcom.py
[2024-08-26T15:11:26.248+0000] {logging_mixin.py:190} INFO - [2024-08-26T15:11:26.247+0000] {dag.py:3211} INFO - Sync 1 DAGs
[2024-08-26T15:11:26.278+0000] {logging_mixin.py:190} INFO - [2024-08-26T15:11:26.278+0000] {dag.py:4138} INFO - Setting next_dagrun for example_xcom to 2021-01-01 00:00:00+00:00, run_after=2021-01-01 00:00:00+00:00
[2024-08-26T15:11:26.301+0000] {processor.py:208} INFO - Processing /home/airflow/.local/lib/python3.12/site-packages/airflow/example_dags/example_xcom.py took 0.108 seconds
[2024-08-26T15:12:04.985+0000] {processor.py:186} INFO - Started process (PID=361) to work on /home/airflow/.local/lib/python3.12/site-packages/airflow/example_dags/example_xcom.py
[2024-08-26T15:12:04.987+0000] {processor.py:914} INFO - Processing file /home/airflow/.local/lib/python3.12/site-packages/airflow/example_dags/example_xcom.py for tasks to queue
[2024-08-26T15:12:04.990+0000] {logging_mixin.py:190} INFO - [2024-08-26T15:12:04.990+0000] {dagbag.py:587} INFO - Filling up the DagBag from /home/airflow/.local/lib/python3.12/site-packages/airflow/example_dags/example_xcom.py
[2024-08-26T15:12:05.004+0000] {processor.py:925} INFO - DAG(s) 'example_xcom' retrieved from /home/airflow/.local/lib/python3.12/site-packages/airflow/example_dags/example_xcom.py
[2024-08-26T15:12:05.034+0000] {logging_mixin.py:190} INFO - [2024-08-26T15:12:05.034+0000] {dag.py:3211} INFO - Sync 1 DAGs
[2024-08-26T15:12:05.068+0000] {logging_mixin.py:190} INFO - [2024-08-26T15:12:05.067+0000] {dag.py:4138} INFO - Setting next_dagrun for example_xcom to 2021-01-01 00:00:00+00:00, run_after=2021-01-01 00:00:00+00:00
[2024-08-26T15:12:05.092+0000] {processor.py:208} INFO - Processing /home/airflow/.local/lib/python3.12/site-packages/airflow/example_dags/example_xcom.py took 0.115 seconds
[2024-08-26T15:12:44.563+0000] {processor.py:186} INFO - Started process (PID=428) to work on /home/airflow/.local/lib/python3.12/site-packages/airflow/example_dags/example_xcom.py
[2024-08-26T15:12:44.564+0000] {processor.py:914} INFO - Processing file /home/airflow/.local/lib/python3.12/site-packages/airflow/example_dags/example_xcom.py for tasks to queue
[2024-08-26T15:12:44.568+0000] {logging_mixin.py:190} INFO - [2024-08-26T15:12:44.568+0000] {dagbag.py:587} INFO - Filling up the DagBag from /home/airflow/.local/lib/python3.12/site-packages/airflow/example_dags/example_xcom.py
[2024-08-26T15:12:44.584+0000] {processor.py:925} INFO - DAG(s) 'example_xcom' retrieved from /home/airflow/.local/lib/python3.12/site-packages/airflow/example_dags/example_xcom.py
[2024-08-26T15:12:44.619+0000] {logging_mixin.py:190} INFO - [2024-08-26T15:12:44.619+0000] {dag.py:3211} INFO - Sync 1 DAGs
[2024-08-26T15:12:44.659+0000] {logging_mixin.py:190} INFO - [2024-08-26T15:12:44.658+0000] {dag.py:4138} INFO - Setting next_dagrun for example_xcom to 2021-01-01 00:00:00+00:00, run_after=2021-01-01 00:00:00+00:00
[2024-08-26T15:12:44.688+0000] {processor.py:208} INFO - Processing /home/airflow/.local/lib/python3.12/site-packages/airflow/example_dags/example_xcom.py took 0.135 seconds
[2024-08-26T15:13:35.624+0000] {processor.py:186} INFO - Started process (PID=511) to work on /home/airflow/.local/lib/python3.12/site-packages/airflow/example_dags/example_xcom.py
[2024-08-26T15:13:35.626+0000] {processor.py:914} INFO - Processing file /home/airflow/.local/lib/python3.12/site-packages/airflow/example_dags/example_xcom.py for tasks to queue
[2024-08-26T15:13:35.629+0000] {logging_mixin.py:190} INFO - [2024-08-26T15:13:35.629+0000] {dagbag.py:587} INFO - Filling up the DagBag from /home/airflow/.local/lib/python3.12/site-packages/airflow/example_dags/example_xcom.py
[2024-08-26T15:13:35.644+0000] {processor.py:925} INFO - DAG(s) 'example_xcom' retrieved from /home/airflow/.local/lib/python3.12/site-packages/airflow/example_dags/example_xcom.py
[2024-08-26T15:13:35.680+0000] {logging_mixin.py:190} INFO - [2024-08-26T15:13:35.680+0000] {dag.py:3211} INFO - Sync 1 DAGs
[2024-08-26T15:13:35.720+0000] {logging_mixin.py:190} INFO - [2024-08-26T15:13:35.720+0000] {dag.py:4138} INFO - Setting next_dagrun for example_xcom to 2021-01-01 00:00:00+00:00, run_after=2021-01-01 00:00:00+00:00
[2024-08-26T15:13:35.749+0000] {processor.py:208} INFO - Processing /home/airflow/.local/lib/python3.12/site-packages/airflow/example_dags/example_xcom.py took 0.135 seconds
[2024-08-26T15:14:31.053+0000] {processor.py:186} INFO - Started process (PID=583) to work on /home/airflow/.local/lib/python3.12/site-packages/airflow/example_dags/example_xcom.py
[2024-08-26T15:14:31.055+0000] {processor.py:914} INFO - Processing file /home/airflow/.local/lib/python3.12/site-packages/airflow/example_dags/example_xcom.py for tasks to queue
[2024-08-26T15:14:31.057+0000] {logging_mixin.py:190} INFO - [2024-08-26T15:14:31.056+0000] {dagbag.py:587} INFO - Filling up the DagBag from /home/airflow/.local/lib/python3.12/site-packages/airflow/example_dags/example_xcom.py
[2024-08-26T15:14:31.069+0000] {processor.py:925} INFO - DAG(s) 'example_xcom' retrieved from /home/airflow/.local/lib/python3.12/site-packages/airflow/example_dags/example_xcom.py
[2024-08-26T15:14:31.102+0000] {logging_mixin.py:190} INFO - [2024-08-26T15:14:31.101+0000] {dag.py:3211} INFO - Sync 1 DAGs
[2024-08-26T15:14:31.133+0000] {logging_mixin.py:190} INFO - [2024-08-26T15:14:31.133+0000] {dag.py:4138} INFO - Setting next_dagrun for example_xcom to 2021-01-01 00:00:00+00:00, run_after=2021-01-01 00:00:00+00:00
[2024-08-26T15:14:31.157+0000] {processor.py:208} INFO - Processing /home/airflow/.local/lib/python3.12/site-packages/airflow/example_dags/example_xcom.py took 0.112 seconds
[2024-08-26T15:15:08.908+0000] {processor.py:186} INFO - Started process (PID=650) to work on /home/airflow/.local/lib/python3.12/site-packages/airflow/example_dags/example_xcom.py
[2024-08-26T15:15:08.910+0000] {processor.py:914} INFO - Processing file /home/airflow/.local/lib/python3.12/site-packages/airflow/example_dags/example_xcom.py for tasks to queue
[2024-08-26T15:15:08.913+0000] {logging_mixin.py:190} INFO - [2024-08-26T15:15:08.912+0000] {dagbag.py:587} INFO - Filling up the DagBag from /home/airflow/.local/lib/python3.12/site-packages/airflow/example_dags/example_xcom.py
[2024-08-26T15:15:08.928+0000] {processor.py:925} INFO - DAG(s) 'example_xcom' retrieved from /home/airflow/.local/lib/python3.12/site-packages/airflow/example_dags/example_xcom.py
[2024-08-26T15:15:09.058+0000] {logging_mixin.py:190} INFO - [2024-08-26T15:15:09.057+0000] {dag.py:3211} INFO - Sync 1 DAGs
[2024-08-26T15:15:09.102+0000] {logging_mixin.py:190} INFO - [2024-08-26T15:15:09.101+0000] {dag.py:4138} INFO - Setting next_dagrun for example_xcom to 2021-01-01 00:00:00+00:00, run_after=2021-01-01 00:00:00+00:00
[2024-08-26T15:15:09.129+0000] {processor.py:208} INFO - Processing /home/airflow/.local/lib/python3.12/site-packages/airflow/example_dags/example_xcom.py took 0.230 seconds
[2024-08-26T15:15:55.550+0000] {processor.py:186} INFO - Started process (PID=716) to work on /home/airflow/.local/lib/python3.12/site-packages/airflow/example_dags/example_xcom.py
[2024-08-26T15:15:55.552+0000] {processor.py:914} INFO - Processing file /home/airflow/.local/lib/python3.12/site-packages/airflow/example_dags/example_xcom.py for tasks to queue
[2024-08-26T15:15:55.555+0000] {logging_mixin.py:190} INFO - [2024-08-26T15:15:55.554+0000] {dagbag.py:587} INFO - Filling up the DagBag from /home/airflow/.local/lib/python3.12/site-packages/airflow/example_dags/example_xcom.py
[2024-08-26T15:15:55.575+0000] {processor.py:925} INFO - DAG(s) 'example_xcom' retrieved from /home/airflow/.local/lib/python3.12/site-packages/airflow/example_dags/example_xcom.py
[2024-08-26T15:15:55.619+0000] {logging_mixin.py:190} INFO - [2024-08-26T15:15:55.619+0000] {dag.py:3211} INFO - Sync 1 DAGs
[2024-08-26T15:15:55.667+0000] {logging_mixin.py:190} INFO - [2024-08-26T15:15:55.667+0000] {dag.py:4138} INFO - Setting next_dagrun for example_xcom to 2021-01-01 00:00:00+00:00, run_after=2021-01-01 00:00:00+00:00
[2024-08-26T15:15:55.703+0000] {processor.py:208} INFO - Processing /home/airflow/.local/lib/python3.12/site-packages/airflow/example_dags/example_xcom.py took 0.164 seconds
[2024-08-26T15:16:31.734+0000] {processor.py:186} INFO - Started process (PID=787) to work on /home/airflow/.local/lib/python3.12/site-packages/airflow/example_dags/example_xcom.py
[2024-08-26T15:16:31.736+0000] {processor.py:914} INFO - Processing file /home/airflow/.local/lib/python3.12/site-packages/airflow/example_dags/example_xcom.py for tasks to queue
[2024-08-26T15:16:31.738+0000] {logging_mixin.py:190} INFO - [2024-08-26T15:16:31.737+0000] {dagbag.py:587} INFO - Filling up the DagBag from /home/airflow/.local/lib/python3.12/site-packages/airflow/example_dags/example_xcom.py
[2024-08-26T15:16:31.750+0000] {processor.py:925} INFO - DAG(s) 'example_xcom' retrieved from /home/airflow/.local/lib/python3.12/site-packages/airflow/example_dags/example_xcom.py
[2024-08-26T15:16:31.779+0000] {logging_mixin.py:190} INFO - [2024-08-26T15:16:31.779+0000] {dag.py:3211} INFO - Sync 1 DAGs
[2024-08-26T15:16:31.811+0000] {logging_mixin.py:190} INFO - [2024-08-26T15:16:31.810+0000] {dag.py:4138} INFO - Setting next_dagrun for example_xcom to 2021-01-01 00:00:00+00:00, run_after=2021-01-01 00:00:00+00:00
[2024-08-26T15:16:31.834+0000] {processor.py:208} INFO - Processing /home/airflow/.local/lib/python3.12/site-packages/airflow/example_dags/example_xcom.py took 0.107 seconds
[2024-08-26T15:17:09.343+0000] {processor.py:186} INFO - Started process (PID=854) to work on /home/airflow/.local/lib/python3.12/site-packages/airflow/example_dags/example_xcom.py
[2024-08-26T15:17:09.345+0000] {processor.py:914} INFO - Processing file /home/airflow/.local/lib/python3.12/site-packages/airflow/example_dags/example_xcom.py for tasks to queue
[2024-08-26T15:17:09.347+0000] {logging_mixin.py:190} INFO - [2024-08-26T15:17:09.347+0000] {dagbag.py:587} INFO - Filling up the DagBag from /home/airflow/.local/lib/python3.12/site-packages/airflow/example_dags/example_xcom.py
[2024-08-26T15:17:09.361+0000] {processor.py:925} INFO - DAG(s) 'example_xcom' retrieved from /home/airflow/.local/lib/python3.12/site-packages/airflow/example_dags/example_xcom.py
[2024-08-26T15:17:09.393+0000] {logging_mixin.py:190} INFO - [2024-08-26T15:17:09.392+0000] {dag.py:3211} INFO - Sync 1 DAGs
[2024-08-26T15:17:09.435+0000] {logging_mixin.py:190} INFO - [2024-08-26T15:17:09.435+0000] {dag.py:4138} INFO - Setting next_dagrun for example_xcom to 2021-01-01 00:00:00+00:00, run_after=2021-01-01 00:00:00+00:00
[2024-08-26T15:17:09.461+0000] {processor.py:208} INFO - Processing /home/airflow/.local/lib/python3.12/site-packages/airflow/example_dags/example_xcom.py took 0.131 seconds
[2024-08-26T15:17:45.875+0000] {processor.py:186} INFO - Started process (PID=920) to work on /home/airflow/.local/lib/python3.12/site-packages/airflow/example_dags/example_xcom.py
[2024-08-26T15:17:45.876+0000] {processor.py:914} INFO - Processing file /home/airflow/.local/lib/python3.12/site-packages/airflow/example_dags/example_xcom.py for tasks to queue
[2024-08-26T15:17:45.878+0000] {logging_mixin.py:190} INFO - [2024-08-26T15:17:45.878+0000] {dagbag.py:587} INFO - Filling up the DagBag from /home/airflow/.local/lib/python3.12/site-packages/airflow/example_dags/example_xcom.py
[2024-08-26T15:17:45.891+0000] {processor.py:925} INFO - DAG(s) 'example_xcom' retrieved from /home/airflow/.local/lib/python3.12/site-packages/airflow/example_dags/example_xcom.py
[2024-08-26T15:17:45.919+0000] {logging_mixin.py:190} INFO - [2024-08-26T15:17:45.919+0000] {dag.py:3211} INFO - Sync 1 DAGs
[2024-08-26T15:17:45.951+0000] {logging_mixin.py:190} INFO - [2024-08-26T15:17:45.950+0000] {dag.py:4138} INFO - Setting next_dagrun for example_xcom to 2021-01-01 00:00:00+00:00, run_after=2021-01-01 00:00:00+00:00
[2024-08-26T15:17:45.975+0000] {processor.py:208} INFO - Processing /home/airflow/.local/lib/python3.12/site-packages/airflow/example_dags/example_xcom.py took 0.108 seconds
[2024-08-26T15:18:23.244+0000] {processor.py:186} INFO - Started process (PID=986) to work on /home/airflow/.local/lib/python3.12/site-packages/airflow/example_dags/example_xcom.py
[2024-08-26T15:18:23.246+0000] {processor.py:914} INFO - Processing file /home/airflow/.local/lib/python3.12/site-packages/airflow/example_dags/example_xcom.py for tasks to queue
[2024-08-26T15:18:23.248+0000] {logging_mixin.py:190} INFO - [2024-08-26T15:18:23.247+0000] {dagbag.py:587} INFO - Filling up the DagBag from /home/airflow/.local/lib/python3.12/site-packages/airflow/example_dags/example_xcom.py
[2024-08-26T15:18:23.260+0000] {processor.py:925} INFO - DAG(s) 'example_xcom' retrieved from /home/airflow/.local/lib/python3.12/site-packages/airflow/example_dags/example_xcom.py
[2024-08-26T15:18:23.290+0000] {logging_mixin.py:190} INFO - [2024-08-26T15:18:23.289+0000] {dag.py:3211} INFO - Sync 1 DAGs
[2024-08-26T15:18:23.319+0000] {logging_mixin.py:190} INFO - [2024-08-26T15:18:23.319+0000] {dag.py:4138} INFO - Setting next_dagrun for example_xcom to 2021-01-01 00:00:00+00:00, run_after=2021-01-01 00:00:00+00:00
[2024-08-26T15:18:23.341+0000] {processor.py:208} INFO - Processing /home/airflow/.local/lib/python3.12/site-packages/airflow/example_dags/example_xcom.py took 0.105 seconds
[2024-08-26T15:19:05.660+0000] {processor.py:186} INFO - Started process (PID=1058) to work on /home/airflow/.local/lib/python3.12/site-packages/airflow/example_dags/example_xcom.py
[2024-08-26T15:19:05.662+0000] {processor.py:914} INFO - Processing file /home/airflow/.local/lib/python3.12/site-packages/airflow/example_dags/example_xcom.py for tasks to queue
[2024-08-26T15:19:05.664+0000] {logging_mixin.py:190} INFO - [2024-08-26T15:19:05.663+0000] {dagbag.py:587} INFO - Filling up the DagBag from /home/airflow/.local/lib/python3.12/site-packages/airflow/example_dags/example_xcom.py
[2024-08-26T15:19:05.676+0000] {processor.py:925} INFO - DAG(s) 'example_xcom' retrieved from /home/airflow/.local/lib/python3.12/site-packages/airflow/example_dags/example_xcom.py
[2024-08-26T15:19:05.705+0000] {logging_mixin.py:190} INFO - [2024-08-26T15:19:05.705+0000] {dag.py:3211} INFO - Sync 1 DAGs
[2024-08-26T15:19:05.735+0000] {logging_mixin.py:190} INFO - [2024-08-26T15:19:05.735+0000] {dag.py:4138} INFO - Setting next_dagrun for example_xcom to 2021-01-01 00:00:00+00:00, run_after=2021-01-01 00:00:00+00:00
[2024-08-26T15:19:05.757+0000] {processor.py:208} INFO - Processing /home/airflow/.local/lib/python3.12/site-packages/airflow/example_dags/example_xcom.py took 0.105 seconds
[2024-08-26T15:19:42.666+0000] {processor.py:186} INFO - Started process (PID=1124) to work on /home/airflow/.local/lib/python3.12/site-packages/airflow/example_dags/example_xcom.py
[2024-08-26T15:19:42.668+0000] {processor.py:914} INFO - Processing file /home/airflow/.local/lib/python3.12/site-packages/airflow/example_dags/example_xcom.py for tasks to queue
[2024-08-26T15:19:42.669+0000] {logging_mixin.py:190} INFO - [2024-08-26T15:19:42.669+0000] {dagbag.py:587} INFO - Filling up the DagBag from /home/airflow/.local/lib/python3.12/site-packages/airflow/example_dags/example_xcom.py
[2024-08-26T15:19:42.683+0000] {processor.py:925} INFO - DAG(s) 'example_xcom' retrieved from /home/airflow/.local/lib/python3.12/site-packages/airflow/example_dags/example_xcom.py
[2024-08-26T15:19:42.712+0000] {logging_mixin.py:190} INFO - [2024-08-26T15:19:42.712+0000] {dag.py:3211} INFO - Sync 1 DAGs
[2024-08-26T15:19:42.742+0000] {logging_mixin.py:190} INFO - [2024-08-26T15:19:42.742+0000] {dag.py:4138} INFO - Setting next_dagrun for example_xcom to 2021-01-01 00:00:00+00:00, run_after=2021-01-01 00:00:00+00:00
[2024-08-26T15:19:42.813+0000] {processor.py:208} INFO - Processing /home/airflow/.local/lib/python3.12/site-packages/airflow/example_dags/example_xcom.py took 0.155 seconds
[2024-08-26T15:20:21.269+0000] {processor.py:186} INFO - Started process (PID=1191) to work on /home/airflow/.local/lib/python3.12/site-packages/airflow/example_dags/example_xcom.py
[2024-08-26T15:20:21.271+0000] {processor.py:914} INFO - Processing file /home/airflow/.local/lib/python3.12/site-packages/airflow/example_dags/example_xcom.py for tasks to queue
[2024-08-26T15:20:21.273+0000] {logging_mixin.py:190} INFO - [2024-08-26T15:20:21.273+0000] {dagbag.py:587} INFO - Filling up the DagBag from /home/airflow/.local/lib/python3.12/site-packages/airflow/example_dags/example_xcom.py
[2024-08-26T15:20:21.286+0000] {processor.py:925} INFO - DAG(s) 'example_xcom' retrieved from /home/airflow/.local/lib/python3.12/site-packages/airflow/example_dags/example_xcom.py
[2024-08-26T15:20:21.317+0000] {logging_mixin.py:190} INFO - [2024-08-26T15:20:21.316+0000] {dag.py:3211} INFO - Sync 1 DAGs
[2024-08-26T15:20:21.348+0000] {logging_mixin.py:190} INFO - [2024-08-26T15:20:21.348+0000] {dag.py:4138} INFO - Setting next_dagrun for example_xcom to 2021-01-01 00:00:00+00:00, run_after=2021-01-01 00:00:00+00:00
[2024-08-26T15:20:21.375+0000] {processor.py:208} INFO - Processing /home/airflow/.local/lib/python3.12/site-packages/airflow/example_dags/example_xcom.py took 0.115 seconds
[2024-08-26T15:20:59.521+0000] {processor.py:186} INFO - Started process (PID=1257) to work on /home/airflow/.local/lib/python3.12/site-packages/airflow/example_dags/example_xcom.py
[2024-08-26T15:20:59.522+0000] {processor.py:914} INFO - Processing file /home/airflow/.local/lib/python3.12/site-packages/airflow/example_dags/example_xcom.py for tasks to queue
[2024-08-26T15:20:59.525+0000] {logging_mixin.py:190} INFO - [2024-08-26T15:20:59.524+0000] {dagbag.py:587} INFO - Filling up the DagBag from /home/airflow/.local/lib/python3.12/site-packages/airflow/example_dags/example_xcom.py
[2024-08-26T15:20:59.537+0000] {processor.py:925} INFO - DAG(s) 'example_xcom' retrieved from /home/airflow/.local/lib/python3.12/site-packages/airflow/example_dags/example_xcom.py
[2024-08-26T15:20:59.567+0000] {logging_mixin.py:190} INFO - [2024-08-26T15:20:59.566+0000] {dag.py:3211} INFO - Sync 1 DAGs
[2024-08-26T15:20:59.597+0000] {logging_mixin.py:190} INFO - [2024-08-26T15:20:59.597+0000] {dag.py:4138} INFO - Setting next_dagrun for example_xcom to 2021-01-01 00:00:00+00:00, run_after=2021-01-01 00:00:00+00:00
[2024-08-26T15:20:59.654+0000] {processor.py:208} INFO - Processing /home/airflow/.local/lib/python3.12/site-packages/airflow/example_dags/example_xcom.py took 0.141 seconds
[2024-08-26T15:21:38.761+0000] {processor.py:186} INFO - Started process (PID=1330) to work on /home/airflow/.local/lib/python3.12/site-packages/airflow/example_dags/example_xcom.py
[2024-08-26T15:21:38.763+0000] {processor.py:914} INFO - Processing file /home/airflow/.local/lib/python3.12/site-packages/airflow/example_dags/example_xcom.py for tasks to queue
[2024-08-26T15:21:38.765+0000] {logging_mixin.py:190} INFO - [2024-08-26T15:21:38.765+0000] {dagbag.py:587} INFO - Filling up the DagBag from /home/airflow/.local/lib/python3.12/site-packages/airflow/example_dags/example_xcom.py
[2024-08-26T15:21:38.779+0000] {processor.py:925} INFO - DAG(s) 'example_xcom' retrieved from /home/airflow/.local/lib/python3.12/site-packages/airflow/example_dags/example_xcom.py
[2024-08-26T15:21:38.814+0000] {logging_mixin.py:190} INFO - [2024-08-26T15:21:38.814+0000] {dag.py:3211} INFO - Sync 1 DAGs
[2024-08-26T15:21:38.857+0000] {logging_mixin.py:190} INFO - [2024-08-26T15:21:38.857+0000] {dag.py:4138} INFO - Setting next_dagrun for example_xcom to 2021-01-01 00:00:00+00:00, run_after=2021-01-01 00:00:00+00:00
[2024-08-26T15:21:38.884+0000] {processor.py:208} INFO - Processing /home/airflow/.local/lib/python3.12/site-packages/airflow/example_dags/example_xcom.py took 0.132 seconds
[2024-08-26T15:22:27.541+0000] {processor.py:186} INFO - Started process (PID=1396) to work on /home/airflow/.local/lib/python3.12/site-packages/airflow/example_dags/example_xcom.py
[2024-08-26T15:22:27.544+0000] {processor.py:914} INFO - Processing file /home/airflow/.local/lib/python3.12/site-packages/airflow/example_dags/example_xcom.py for tasks to queue
[2024-08-26T15:22:27.551+0000] {logging_mixin.py:190} INFO - [2024-08-26T15:22:27.550+0000] {dagbag.py:587} INFO - Filling up the DagBag from /home/airflow/.local/lib/python3.12/site-packages/airflow/example_dags/example_xcom.py
[2024-08-26T15:22:27.590+0000] {processor.py:925} INFO - DAG(s) 'example_xcom' retrieved from /home/airflow/.local/lib/python3.12/site-packages/airflow/example_dags/example_xcom.py
[2024-08-26T15:22:27.676+0000] {logging_mixin.py:190} INFO - [2024-08-26T15:22:27.675+0000] {dag.py:3211} INFO - Sync 1 DAGs
[2024-08-26T15:22:27.783+0000] {logging_mixin.py:190} INFO - [2024-08-26T15:22:27.782+0000] {dag.py:4138} INFO - Setting next_dagrun for example_xcom to 2021-01-01 00:00:00+00:00, run_after=2021-01-01 00:00:00+00:00
[2024-08-26T15:22:27.877+0000] {processor.py:208} INFO - Processing /home/airflow/.local/lib/python3.12/site-packages/airflow/example_dags/example_xcom.py took 0.365 seconds
[2024-08-26T15:23:21.193+0000] {processor.py:186} INFO - Started process (PID=1468) to work on /home/airflow/.local/lib/python3.12/site-packages/airflow/example_dags/example_xcom.py
[2024-08-26T15:23:21.199+0000] {processor.py:914} INFO - Processing file /home/airflow/.local/lib/python3.12/site-packages/airflow/example_dags/example_xcom.py for tasks to queue
[2024-08-26T15:23:21.201+0000] {logging_mixin.py:190} INFO - [2024-08-26T15:23:21.201+0000] {dagbag.py:587} INFO - Filling up the DagBag from /home/airflow/.local/lib/python3.12/site-packages/airflow/example_dags/example_xcom.py
[2024-08-26T15:23:21.219+0000] {processor.py:925} INFO - DAG(s) 'example_xcom' retrieved from /home/airflow/.local/lib/python3.12/site-packages/airflow/example_dags/example_xcom.py
[2024-08-26T15:23:21.260+0000] {logging_mixin.py:190} INFO - [2024-08-26T15:23:21.259+0000] {dag.py:3211} INFO - Sync 1 DAGs
[2024-08-26T15:23:21.303+0000] {logging_mixin.py:190} INFO - [2024-08-26T15:23:21.302+0000] {dag.py:4138} INFO - Setting next_dagrun for example_xcom to 2021-01-01 00:00:00+00:00, run_after=2021-01-01 00:00:00+00:00
[2024-08-26T15:23:21.336+0000] {processor.py:208} INFO - Processing /home/airflow/.local/lib/python3.12/site-packages/airflow/example_dags/example_xcom.py took 0.153 seconds
[2024-08-26T15:23:55.346+0000] {processor.py:186} INFO - Started process (PID=1534) to work on /home/airflow/.local/lib/python3.12/site-packages/airflow/example_dags/example_xcom.py
[2024-08-26T15:23:55.348+0000] {processor.py:914} INFO - Processing file /home/airflow/.local/lib/python3.12/site-packages/airflow/example_dags/example_xcom.py for tasks to queue
[2024-08-26T15:23:55.350+0000] {logging_mixin.py:190} INFO - [2024-08-26T15:23:55.349+0000] {dagbag.py:587} INFO - Filling up the DagBag from /home/airflow/.local/lib/python3.12/site-packages/airflow/example_dags/example_xcom.py
[2024-08-26T15:23:55.362+0000] {processor.py:925} INFO - DAG(s) 'example_xcom' retrieved from /home/airflow/.local/lib/python3.12/site-packages/airflow/example_dags/example_xcom.py
[2024-08-26T15:23:55.390+0000] {logging_mixin.py:190} INFO - [2024-08-26T15:23:55.390+0000] {dag.py:3211} INFO - Sync 1 DAGs
[2024-08-26T15:23:55.421+0000] {logging_mixin.py:190} INFO - [2024-08-26T15:23:55.420+0000] {dag.py:4138} INFO - Setting next_dagrun for example_xcom to 2021-01-01 00:00:00+00:00, run_after=2021-01-01 00:00:00+00:00
[2024-08-26T15:23:55.443+0000] {processor.py:208} INFO - Processing /home/airflow/.local/lib/python3.12/site-packages/airflow/example_dags/example_xcom.py took 0.104 seconds
[2024-08-26T15:24:31.626+0000] {processor.py:186} INFO - Started process (PID=1606) to work on /home/airflow/.local/lib/python3.12/site-packages/airflow/example_dags/example_xcom.py
[2024-08-26T15:24:31.628+0000] {processor.py:914} INFO - Processing file /home/airflow/.local/lib/python3.12/site-packages/airflow/example_dags/example_xcom.py for tasks to queue
[2024-08-26T15:24:31.631+0000] {logging_mixin.py:190} INFO - [2024-08-26T15:24:31.630+0000] {dagbag.py:587} INFO - Filling up the DagBag from /home/airflow/.local/lib/python3.12/site-packages/airflow/example_dags/example_xcom.py
[2024-08-26T15:24:31.644+0000] {processor.py:925} INFO - DAG(s) 'example_xcom' retrieved from /home/airflow/.local/lib/python3.12/site-packages/airflow/example_dags/example_xcom.py
[2024-08-26T15:24:31.674+0000] {logging_mixin.py:190} INFO - [2024-08-26T15:24:31.674+0000] {dag.py:3211} INFO - Sync 1 DAGs
[2024-08-26T15:24:31.703+0000] {logging_mixin.py:190} INFO - [2024-08-26T15:24:31.703+0000] {dag.py:4138} INFO - Setting next_dagrun for example_xcom to 2021-01-01 00:00:00+00:00, run_after=2021-01-01 00:00:00+00:00
[2024-08-26T15:24:31.726+0000] {processor.py:208} INFO - Processing /home/airflow/.local/lib/python3.12/site-packages/airflow/example_dags/example_xcom.py took 0.109 seconds
[2024-08-26T15:25:09.751+0000] {processor.py:186} INFO - Started process (PID=1671) to work on /home/airflow/.local/lib/python3.12/site-packages/airflow/example_dags/example_xcom.py
[2024-08-26T15:25:09.753+0000] {processor.py:914} INFO - Processing file /home/airflow/.local/lib/python3.12/site-packages/airflow/example_dags/example_xcom.py for tasks to queue
[2024-08-26T15:25:09.755+0000] {logging_mixin.py:190} INFO - [2024-08-26T15:25:09.754+0000] {dagbag.py:587} INFO - Filling up the DagBag from /home/airflow/.local/lib/python3.12/site-packages/airflow/example_dags/example_xcom.py
[2024-08-26T15:25:09.769+0000] {processor.py:925} INFO - DAG(s) 'example_xcom' retrieved from /home/airflow/.local/lib/python3.12/site-packages/airflow/example_dags/example_xcom.py
[2024-08-26T15:25:09.798+0000] {logging_mixin.py:190} INFO - [2024-08-26T15:25:09.798+0000] {dag.py:3211} INFO - Sync 1 DAGs
[2024-08-26T15:25:09.831+0000] {logging_mixin.py:190} INFO - [2024-08-26T15:25:09.830+0000] {dag.py:4138} INFO - Setting next_dagrun for example_xcom to 2021-01-01 00:00:00+00:00, run_after=2021-01-01 00:00:00+00:00
[2024-08-26T15:25:09.856+0000] {processor.py:208} INFO - Processing /home/airflow/.local/lib/python3.12/site-packages/airflow/example_dags/example_xcom.py took 0.113 seconds
[2024-08-26T15:25:51.661+0000] {processor.py:186} INFO - Started process (PID=1737) to work on /home/airflow/.local/lib/python3.12/site-packages/airflow/example_dags/example_xcom.py
[2024-08-26T15:25:51.664+0000] {processor.py:914} INFO - Processing file /home/airflow/.local/lib/python3.12/site-packages/airflow/example_dags/example_xcom.py for tasks to queue
[2024-08-26T15:25:51.669+0000] {logging_mixin.py:190} INFO - [2024-08-26T15:25:51.668+0000] {dagbag.py:587} INFO - Filling up the DagBag from /home/airflow/.local/lib/python3.12/site-packages/airflow/example_dags/example_xcom.py
[2024-08-26T15:25:51.707+0000] {processor.py:925} INFO - DAG(s) 'example_xcom' retrieved from /home/airflow/.local/lib/python3.12/site-packages/airflow/example_dags/example_xcom.py
[2024-08-26T15:25:51.754+0000] {logging_mixin.py:190} INFO - [2024-08-26T15:25:51.753+0000] {dag.py:3211} INFO - Sync 1 DAGs
[2024-08-26T15:25:51.799+0000] {logging_mixin.py:190} INFO - [2024-08-26T15:25:51.799+0000] {dag.py:4138} INFO - Setting next_dagrun for example_xcom to 2021-01-01 00:00:00+00:00, run_after=2021-01-01 00:00:00+00:00
[2024-08-26T15:25:51.834+0000] {processor.py:208} INFO - Processing /home/airflow/.local/lib/python3.12/site-packages/airflow/example_dags/example_xcom.py took 0.195 seconds
[2024-08-26T15:27:17.695+0000] {processor.py:186} INFO - Started process (PID=1817) to work on /home/airflow/.local/lib/python3.12/site-packages/airflow/example_dags/example_xcom.py
[2024-08-26T15:27:17.700+0000] {processor.py:914} INFO - Processing file /home/airflow/.local/lib/python3.12/site-packages/airflow/example_dags/example_xcom.py for tasks to queue
[2024-08-26T15:27:17.704+0000] {logging_mixin.py:190} INFO - [2024-08-26T15:27:17.703+0000] {dagbag.py:587} INFO - Filling up the DagBag from /home/airflow/.local/lib/python3.12/site-packages/airflow/example_dags/example_xcom.py
[2024-08-26T15:27:17.740+0000] {processor.py:925} INFO - DAG(s) 'example_xcom' retrieved from /home/airflow/.local/lib/python3.12/site-packages/airflow/example_dags/example_xcom.py
[2024-08-26T15:27:17.825+0000] {logging_mixin.py:190} INFO - [2024-08-26T15:27:17.824+0000] {dag.py:3211} INFO - Sync 1 DAGs
[2024-08-26T15:27:17.921+0000] {logging_mixin.py:190} INFO - [2024-08-26T15:27:17.920+0000] {dag.py:4138} INFO - Setting next_dagrun for example_xcom to 2021-01-01 00:00:00+00:00, run_after=2021-01-01 00:00:00+00:00
[2024-08-26T15:27:17.986+0000] {processor.py:208} INFO - Processing /home/airflow/.local/lib/python3.12/site-packages/airflow/example_dags/example_xcom.py took 0.309 seconds
[2024-08-26T15:27:56.474+0000] {processor.py:186} INFO - Started process (PID=1884) to work on /home/airflow/.local/lib/python3.12/site-packages/airflow/example_dags/example_xcom.py
[2024-08-26T15:27:56.479+0000] {processor.py:914} INFO - Processing file /home/airflow/.local/lib/python3.12/site-packages/airflow/example_dags/example_xcom.py for tasks to queue
[2024-08-26T15:27:56.488+0000] {logging_mixin.py:190} INFO - [2024-08-26T15:27:56.486+0000] {dagbag.py:587} INFO - Filling up the DagBag from /home/airflow/.local/lib/python3.12/site-packages/airflow/example_dags/example_xcom.py
[2024-08-26T15:27:56.543+0000] {processor.py:925} INFO - DAG(s) 'example_xcom' retrieved from /home/airflow/.local/lib/python3.12/site-packages/airflow/example_dags/example_xcom.py
[2024-08-26T15:27:56.634+0000] {logging_mixin.py:190} INFO - [2024-08-26T15:27:56.633+0000] {dag.py:3211} INFO - Sync 1 DAGs
[2024-08-26T15:27:56.746+0000] {logging_mixin.py:190} INFO - [2024-08-26T15:27:56.745+0000] {dag.py:4138} INFO - Setting next_dagrun for example_xcom to 2021-01-01 00:00:00+00:00, run_after=2021-01-01 00:00:00+00:00
[2024-08-26T15:27:56.842+0000] {processor.py:208} INFO - Processing /home/airflow/.local/lib/python3.12/site-packages/airflow/example_dags/example_xcom.py took 0.400 seconds
[2024-08-26T15:28:35.695+0000] {processor.py:186} INFO - Started process (PID=1956) to work on /home/airflow/.local/lib/python3.12/site-packages/airflow/example_dags/example_xcom.py
[2024-08-26T15:28:35.697+0000] {processor.py:914} INFO - Processing file /home/airflow/.local/lib/python3.12/site-packages/airflow/example_dags/example_xcom.py for tasks to queue
[2024-08-26T15:28:35.701+0000] {logging_mixin.py:190} INFO - [2024-08-26T15:28:35.700+0000] {dagbag.py:587} INFO - Filling up the DagBag from /home/airflow/.local/lib/python3.12/site-packages/airflow/example_dags/example_xcom.py
[2024-08-26T15:28:35.733+0000] {processor.py:925} INFO - DAG(s) 'example_xcom' retrieved from /home/airflow/.local/lib/python3.12/site-packages/airflow/example_dags/example_xcom.py
[2024-08-26T15:28:35.800+0000] {logging_mixin.py:190} INFO - [2024-08-26T15:28:35.799+0000] {dag.py:3211} INFO - Sync 1 DAGs
[2024-08-26T15:28:35.861+0000] {logging_mixin.py:190} INFO - [2024-08-26T15:28:35.861+0000] {dag.py:4138} INFO - Setting next_dagrun for example_xcom to 2021-01-01 00:00:00+00:00, run_after=2021-01-01 00:00:00+00:00
[2024-08-26T15:28:36.251+0000] {processor.py:208} INFO - Processing /home/airflow/.local/lib/python3.12/site-packages/airflow/example_dags/example_xcom.py took 0.572 seconds
[2024-08-26T15:29:45.341+0000] {processor.py:186} INFO - Started process (PID=2029) to work on /home/airflow/.local/lib/python3.12/site-packages/airflow/example_dags/example_xcom.py
[2024-08-26T15:29:45.346+0000] {processor.py:914} INFO - Processing file /home/airflow/.local/lib/python3.12/site-packages/airflow/example_dags/example_xcom.py for tasks to queue
[2024-08-26T15:29:45.358+0000] {logging_mixin.py:190} INFO - [2024-08-26T15:29:45.356+0000] {dagbag.py:587} INFO - Filling up the DagBag from /home/airflow/.local/lib/python3.12/site-packages/airflow/example_dags/example_xcom.py
[2024-08-26T15:29:45.410+0000] {processor.py:925} INFO - DAG(s) 'example_xcom' retrieved from /home/airflow/.local/lib/python3.12/site-packages/airflow/example_dags/example_xcom.py
[2024-08-26T15:29:45.570+0000] {logging_mixin.py:190} INFO - [2024-08-26T15:29:45.568+0000] {dag.py:3211} INFO - Sync 1 DAGs
[2024-08-26T15:29:45.720+0000] {logging_mixin.py:190} INFO - [2024-08-26T15:29:45.718+0000] {dag.py:4138} INFO - Setting next_dagrun for example_xcom to 2021-01-01 00:00:00+00:00, run_after=2021-01-01 00:00:00+00:00
[2024-08-26T15:29:45.851+0000] {processor.py:208} INFO - Processing /home/airflow/.local/lib/python3.12/site-packages/airflow/example_dags/example_xcom.py took 0.542 seconds
[2024-08-26T15:31:03.185+0000] {processor.py:186} INFO - Started process (PID=2104) to work on /home/airflow/.local/lib/python3.12/site-packages/airflow/example_dags/example_xcom.py
[2024-08-26T15:31:03.188+0000] {processor.py:914} INFO - Processing file /home/airflow/.local/lib/python3.12/site-packages/airflow/example_dags/example_xcom.py for tasks to queue
[2024-08-26T15:31:03.193+0000] {logging_mixin.py:190} INFO - [2024-08-26T15:31:03.192+0000] {dagbag.py:587} INFO - Filling up the DagBag from /home/airflow/.local/lib/python3.12/site-packages/airflow/example_dags/example_xcom.py
[2024-08-26T15:31:03.227+0000] {processor.py:925} INFO - DAG(s) 'example_xcom' retrieved from /home/airflow/.local/lib/python3.12/site-packages/airflow/example_dags/example_xcom.py
[2024-08-26T15:31:03.338+0000] {logging_mixin.py:190} INFO - [2024-08-26T15:31:03.337+0000] {dag.py:3211} INFO - Sync 1 DAGs
[2024-08-26T15:31:03.465+0000] {logging_mixin.py:190} INFO - [2024-08-26T15:31:03.464+0000] {dag.py:4138} INFO - Setting next_dagrun for example_xcom to 2021-01-01 00:00:00+00:00, run_after=2021-01-01 00:00:00+00:00
[2024-08-26T15:31:03.521+0000] {processor.py:208} INFO - Processing /home/airflow/.local/lib/python3.12/site-packages/airflow/example_dags/example_xcom.py took 0.356 seconds
[2024-08-26T15:31:54.878+0000] {processor.py:186} INFO - Started process (PID=2181) to work on /home/airflow/.local/lib/python3.12/site-packages/airflow/example_dags/example_xcom.py
[2024-08-26T15:31:54.882+0000] {processor.py:914} INFO - Processing file /home/airflow/.local/lib/python3.12/site-packages/airflow/example_dags/example_xcom.py for tasks to queue
[2024-08-26T15:31:54.889+0000] {logging_mixin.py:190} INFO - [2024-08-26T15:31:54.887+0000] {dagbag.py:587} INFO - Filling up the DagBag from /home/airflow/.local/lib/python3.12/site-packages/airflow/example_dags/example_xcom.py
[2024-08-26T15:31:54.940+0000] {processor.py:925} INFO - DAG(s) 'example_xcom' retrieved from /home/airflow/.local/lib/python3.12/site-packages/airflow/example_dags/example_xcom.py
[2024-08-26T15:31:55.047+0000] {logging_mixin.py:190} INFO - [2024-08-26T15:31:55.046+0000] {dag.py:3211} INFO - Sync 1 DAGs
[2024-08-26T15:31:55.170+0000] {logging_mixin.py:190} INFO - [2024-08-26T15:31:55.169+0000] {dag.py:4138} INFO - Setting next_dagrun for example_xcom to 2021-01-01 00:00:00+00:00, run_after=2021-01-01 00:00:00+00:00
[2024-08-26T15:31:55.246+0000] {processor.py:208} INFO - Processing /home/airflow/.local/lib/python3.12/site-packages/airflow/example_dags/example_xcom.py took 0.394 seconds
[2024-08-26T15:33:10.238+0000] {processor.py:186} INFO - Started process (PID=2257) to work on /home/airflow/.local/lib/python3.12/site-packages/airflow/example_dags/example_xcom.py
[2024-08-26T15:33:10.250+0000] {processor.py:914} INFO - Processing file /home/airflow/.local/lib/python3.12/site-packages/airflow/example_dags/example_xcom.py for tasks to queue
[2024-08-26T15:33:10.262+0000] {logging_mixin.py:190} INFO - [2024-08-26T15:33:10.260+0000] {dagbag.py:587} INFO - Filling up the DagBag from /home/airflow/.local/lib/python3.12/site-packages/airflow/example_dags/example_xcom.py
[2024-08-26T15:33:10.332+0000] {processor.py:925} INFO - DAG(s) 'example_xcom' retrieved from /home/airflow/.local/lib/python3.12/site-packages/airflow/example_dags/example_xcom.py
[2024-08-26T15:33:10.467+0000] {logging_mixin.py:190} INFO - [2024-08-26T15:33:10.466+0000] {dag.py:3211} INFO - Sync 1 DAGs
[2024-08-26T15:33:10.634+0000] {logging_mixin.py:190} INFO - [2024-08-26T15:33:10.633+0000] {dag.py:4138} INFO - Setting next_dagrun for example_xcom to 2021-01-01 00:00:00+00:00, run_after=2021-01-01 00:00:00+00:00
[2024-08-26T15:33:10.738+0000] {processor.py:208} INFO - Processing /home/airflow/.local/lib/python3.12/site-packages/airflow/example_dags/example_xcom.py took 0.538 seconds
[2024-08-26T15:39:00.318+0000] {processor.py:186} INFO - Started process (PID=2387) to work on /home/airflow/.local/lib/python3.12/site-packages/airflow/example_dags/example_xcom.py
[2024-08-26T15:39:00.323+0000] {processor.py:914} INFO - Processing file /home/airflow/.local/lib/python3.12/site-packages/airflow/example_dags/example_xcom.py for tasks to queue
[2024-08-26T15:39:00.330+0000] {logging_mixin.py:190} INFO - [2024-08-26T15:39:00.328+0000] {dagbag.py:587} INFO - Filling up the DagBag from /home/airflow/.local/lib/python3.12/site-packages/airflow/example_dags/example_xcom.py
[2024-08-26T15:39:00.362+0000] {processor.py:925} INFO - DAG(s) 'example_xcom' retrieved from /home/airflow/.local/lib/python3.12/site-packages/airflow/example_dags/example_xcom.py
[2024-08-26T15:39:00.520+0000] {logging_mixin.py:190} INFO - [2024-08-26T15:39:00.519+0000] {dag.py:3211} INFO - Sync 1 DAGs
[2024-08-26T15:39:00.622+0000] {logging_mixin.py:190} INFO - [2024-08-26T15:39:00.621+0000] {dag.py:4138} INFO - Setting next_dagrun for example_xcom to 2021-01-01 00:00:00+00:00, run_after=2021-01-01 00:00:00+00:00
[2024-08-26T15:39:00.699+0000] {processor.py:208} INFO - Processing /home/airflow/.local/lib/python3.12/site-packages/airflow/example_dags/example_xcom.py took 0.405 seconds
[2024-08-26T15:39:34.192+0000] {processor.py:186} INFO - Started process (PID=2453) to work on /home/airflow/.local/lib/python3.12/site-packages/airflow/example_dags/example_xcom.py
[2024-08-26T15:39:34.195+0000] {processor.py:914} INFO - Processing file /home/airflow/.local/lib/python3.12/site-packages/airflow/example_dags/example_xcom.py for tasks to queue
[2024-08-26T15:39:34.198+0000] {logging_mixin.py:190} INFO - [2024-08-26T15:39:34.198+0000] {dagbag.py:587} INFO - Filling up the DagBag from /home/airflow/.local/lib/python3.12/site-packages/airflow/example_dags/example_xcom.py
[2024-08-26T15:39:34.222+0000] {processor.py:925} INFO - DAG(s) 'example_xcom' retrieved from /home/airflow/.local/lib/python3.12/site-packages/airflow/example_dags/example_xcom.py
[2024-08-26T15:39:34.282+0000] {logging_mixin.py:190} INFO - [2024-08-26T15:39:34.282+0000] {dag.py:3211} INFO - Sync 1 DAGs
[2024-08-26T15:39:34.335+0000] {logging_mixin.py:190} INFO - [2024-08-26T15:39:34.334+0000] {dag.py:4138} INFO - Setting next_dagrun for example_xcom to 2021-01-01 00:00:00+00:00, run_after=2021-01-01 00:00:00+00:00
[2024-08-26T15:39:34.375+0000] {processor.py:208} INFO - Processing /home/airflow/.local/lib/python3.12/site-packages/airflow/example_dags/example_xcom.py took 0.197 seconds
[2024-08-26T15:40:22.629+0000] {processor.py:186} INFO - Started process (PID=2520) to work on /home/airflow/.local/lib/python3.12/site-packages/airflow/example_dags/example_xcom.py
[2024-08-26T15:40:22.631+0000] {processor.py:914} INFO - Processing file /home/airflow/.local/lib/python3.12/site-packages/airflow/example_dags/example_xcom.py for tasks to queue
[2024-08-26T15:40:22.635+0000] {logging_mixin.py:190} INFO - [2024-08-26T15:40:22.635+0000] {dagbag.py:587} INFO - Filling up the DagBag from /home/airflow/.local/lib/python3.12/site-packages/airflow/example_dags/example_xcom.py
[2024-08-26T15:40:22.656+0000] {processor.py:925} INFO - DAG(s) 'example_xcom' retrieved from /home/airflow/.local/lib/python3.12/site-packages/airflow/example_dags/example_xcom.py
[2024-08-26T15:40:22.707+0000] {logging_mixin.py:190} INFO - [2024-08-26T15:40:22.707+0000] {dag.py:3211} INFO - Sync 1 DAGs
[2024-08-26T15:40:22.756+0000] {logging_mixin.py:190} INFO - [2024-08-26T15:40:22.755+0000] {dag.py:4138} INFO - Setting next_dagrun for example_xcom to 2021-01-01 00:00:00+00:00, run_after=2021-01-01 00:00:00+00:00
[2024-08-26T15:40:22.793+0000] {processor.py:208} INFO - Processing /home/airflow/.local/lib/python3.12/site-packages/airflow/example_dags/example_xcom.py took 0.180 seconds
[2024-08-26T15:41:12.816+0000] {processor.py:186} INFO - Started process (PID=2592) to work on /home/airflow/.local/lib/python3.12/site-packages/airflow/example_dags/example_xcom.py
[2024-08-26T15:41:12.821+0000] {processor.py:914} INFO - Processing file /home/airflow/.local/lib/python3.12/site-packages/airflow/example_dags/example_xcom.py for tasks to queue
[2024-08-26T15:41:12.827+0000] {logging_mixin.py:190} INFO - [2024-08-26T15:41:12.826+0000] {dagbag.py:587} INFO - Filling up the DagBag from /home/airflow/.local/lib/python3.12/site-packages/airflow/example_dags/example_xcom.py
[2024-08-26T15:41:12.856+0000] {processor.py:925} INFO - DAG(s) 'example_xcom' retrieved from /home/airflow/.local/lib/python3.12/site-packages/airflow/example_dags/example_xcom.py
[2024-08-26T15:41:12.936+0000] {logging_mixin.py:190} INFO - [2024-08-26T15:41:12.934+0000] {dag.py:3211} INFO - Sync 1 DAGs
[2024-08-26T15:41:13.159+0000] {logging_mixin.py:190} INFO - [2024-08-26T15:41:13.158+0000] {dag.py:4138} INFO - Setting next_dagrun for example_xcom to 2021-01-01 00:00:00+00:00, run_after=2021-01-01 00:00:00+00:00
[2024-08-26T15:41:13.295+0000] {processor.py:208} INFO - Processing /home/airflow/.local/lib/python3.12/site-packages/airflow/example_dags/example_xcom.py took 0.502 seconds
[2024-08-26T15:44:01.655+0000] {processor.py:186} INFO - Started process (PID=2692) to work on /home/airflow/.local/lib/python3.12/site-packages/airflow/example_dags/example_xcom.py
[2024-08-26T15:44:01.659+0000] {processor.py:914} INFO - Processing file /home/airflow/.local/lib/python3.12/site-packages/airflow/example_dags/example_xcom.py for tasks to queue
[2024-08-26T15:44:01.665+0000] {logging_mixin.py:190} INFO - [2024-08-26T15:44:01.663+0000] {dagbag.py:587} INFO - Filling up the DagBag from /home/airflow/.local/lib/python3.12/site-packages/airflow/example_dags/example_xcom.py
[2024-08-26T15:44:01.697+0000] {processor.py:925} INFO - DAG(s) 'example_xcom' retrieved from /home/airflow/.local/lib/python3.12/site-packages/airflow/example_dags/example_xcom.py
[2024-08-26T15:44:01.808+0000] {logging_mixin.py:190} INFO - [2024-08-26T15:44:01.807+0000] {dag.py:3211} INFO - Sync 1 DAGs
[2024-08-26T15:44:01.886+0000] {logging_mixin.py:190} INFO - [2024-08-26T15:44:01.885+0000] {dag.py:4138} INFO - Setting next_dagrun for example_xcom to 2021-01-01 00:00:00+00:00, run_after=2021-01-01 00:00:00+00:00
[2024-08-26T15:44:01.971+0000] {processor.py:208} INFO - Processing /home/airflow/.local/lib/python3.12/site-packages/airflow/example_dags/example_xcom.py took 0.350 seconds
[2024-08-26T15:44:42.388+0000] {processor.py:186} INFO - Started process (PID=2759) to work on /home/airflow/.local/lib/python3.12/site-packages/airflow/example_dags/example_xcom.py
[2024-08-26T15:44:42.391+0000] {processor.py:914} INFO - Processing file /home/airflow/.local/lib/python3.12/site-packages/airflow/example_dags/example_xcom.py for tasks to queue
[2024-08-26T15:44:42.395+0000] {logging_mixin.py:190} INFO - [2024-08-26T15:44:42.394+0000] {dagbag.py:587} INFO - Filling up the DagBag from /home/airflow/.local/lib/python3.12/site-packages/airflow/example_dags/example_xcom.py
[2024-08-26T15:44:42.411+0000] {processor.py:925} INFO - DAG(s) 'example_xcom' retrieved from /home/airflow/.local/lib/python3.12/site-packages/airflow/example_dags/example_xcom.py
[2024-08-26T15:44:42.466+0000] {logging_mixin.py:190} INFO - [2024-08-26T15:44:42.465+0000] {dag.py:3211} INFO - Sync 1 DAGs
[2024-08-26T15:44:42.515+0000] {logging_mixin.py:190} INFO - [2024-08-26T15:44:42.515+0000] {dag.py:4138} INFO - Setting next_dagrun for example_xcom to 2021-01-01 00:00:00+00:00, run_after=2021-01-01 00:00:00+00:00
[2024-08-26T15:44:42.556+0000] {processor.py:208} INFO - Processing /home/airflow/.local/lib/python3.12/site-packages/airflow/example_dags/example_xcom.py took 0.182 seconds
[2024-08-26T15:45:19.001+0000] {processor.py:186} INFO - Started process (PID=2825) to work on /home/airflow/.local/lib/python3.12/site-packages/airflow/example_dags/example_xcom.py
[2024-08-26T15:45:19.003+0000] {processor.py:914} INFO - Processing file /home/airflow/.local/lib/python3.12/site-packages/airflow/example_dags/example_xcom.py for tasks to queue
[2024-08-26T15:45:19.005+0000] {logging_mixin.py:190} INFO - [2024-08-26T15:45:19.005+0000] {dagbag.py:587} INFO - Filling up the DagBag from /home/airflow/.local/lib/python3.12/site-packages/airflow/example_dags/example_xcom.py
[2024-08-26T15:45:19.016+0000] {processor.py:925} INFO - DAG(s) 'example_xcom' retrieved from /home/airflow/.local/lib/python3.12/site-packages/airflow/example_dags/example_xcom.py
[2024-08-26T15:45:19.047+0000] {logging_mixin.py:190} INFO - [2024-08-26T15:45:19.047+0000] {dag.py:3211} INFO - Sync 1 DAGs
[2024-08-26T15:45:19.078+0000] {logging_mixin.py:190} INFO - [2024-08-26T15:45:19.077+0000] {dag.py:4138} INFO - Setting next_dagrun for example_xcom to 2021-01-01 00:00:00+00:00, run_after=2021-01-01 00:00:00+00:00
[2024-08-26T15:45:19.103+0000] {processor.py:208} INFO - Processing /home/airflow/.local/lib/python3.12/site-packages/airflow/example_dags/example_xcom.py took 0.111 seconds
[2024-08-26T15:46:04.193+0000] {processor.py:186} INFO - Started process (PID=2897) to work on /home/airflow/.local/lib/python3.12/site-packages/airflow/example_dags/example_xcom.py
[2024-08-26T15:46:04.198+0000] {processor.py:914} INFO - Processing file /home/airflow/.local/lib/python3.12/site-packages/airflow/example_dags/example_xcom.py for tasks to queue
[2024-08-26T15:46:04.205+0000] {logging_mixin.py:190} INFO - [2024-08-26T15:46:04.203+0000] {dagbag.py:587} INFO - Filling up the DagBag from /home/airflow/.local/lib/python3.12/site-packages/airflow/example_dags/example_xcom.py
[2024-08-26T15:46:04.240+0000] {processor.py:925} INFO - DAG(s) 'example_xcom' retrieved from /home/airflow/.local/lib/python3.12/site-packages/airflow/example_dags/example_xcom.py
[2024-08-26T15:46:04.371+0000] {logging_mixin.py:190} INFO - [2024-08-26T15:46:04.370+0000] {dag.py:3211} INFO - Sync 1 DAGs
[2024-08-26T15:46:04.539+0000] {logging_mixin.py:190} INFO - [2024-08-26T15:46:04.538+0000] {dag.py:4138} INFO - Setting next_dagrun for example_xcom to 2021-01-01 00:00:00+00:00, run_after=2021-01-01 00:00:00+00:00
[2024-08-26T15:46:04.607+0000] {processor.py:208} INFO - Processing /home/airflow/.local/lib/python3.12/site-packages/airflow/example_dags/example_xcom.py took 0.444 seconds
[2024-08-26T15:48:12.206+0000] {processor.py:186} INFO - Started process (PID=2985) to work on /home/airflow/.local/lib/python3.12/site-packages/airflow/example_dags/example_xcom.py
[2024-08-26T15:48:12.287+0000] {processor.py:914} INFO - Processing file /home/airflow/.local/lib/python3.12/site-packages/airflow/example_dags/example_xcom.py for tasks to queue
[2024-08-26T15:48:12.352+0000] {logging_mixin.py:190} INFO - [2024-08-26T15:48:12.343+0000] {dagbag.py:587} INFO - Filling up the DagBag from /home/airflow/.local/lib/python3.12/site-packages/airflow/example_dags/example_xcom.py
[2024-08-26T15:48:13.097+0000] {processor.py:925} INFO - DAG(s) 'example_xcom' retrieved from /home/airflow/.local/lib/python3.12/site-packages/airflow/example_dags/example_xcom.py
[2024-08-26T15:48:13.321+0000] {logging_mixin.py:190} INFO - [2024-08-26T15:48:13.320+0000] {dag.py:3211} INFO - Sync 1 DAGs
[2024-08-26T15:48:14.610+0000] {logging_mixin.py:190} INFO - [2024-08-26T15:48:14.607+0000] {dag.py:4138} INFO - Setting next_dagrun for example_xcom to 2021-01-01 00:00:00+00:00, run_after=2021-01-01 00:00:00+00:00
[2024-08-26T15:48:14.719+0000] {processor.py:208} INFO - Processing /home/airflow/.local/lib/python3.12/site-packages/airflow/example_dags/example_xcom.py took 2.759 seconds
[2024-08-26T15:51:09.655+0000] {processor.py:186} INFO - Started process (PID=3084) to work on /home/airflow/.local/lib/python3.12/site-packages/airflow/example_dags/example_xcom.py
[2024-08-26T15:51:09.661+0000] {processor.py:914} INFO - Processing file /home/airflow/.local/lib/python3.12/site-packages/airflow/example_dags/example_xcom.py for tasks to queue
[2024-08-26T15:51:09.678+0000] {logging_mixin.py:190} INFO - [2024-08-26T15:51:09.676+0000] {dagbag.py:587} INFO - Filling up the DagBag from /home/airflow/.local/lib/python3.12/site-packages/airflow/example_dags/example_xcom.py
[2024-08-26T15:51:09.752+0000] {processor.py:925} INFO - DAG(s) 'example_xcom' retrieved from /home/airflow/.local/lib/python3.12/site-packages/airflow/example_dags/example_xcom.py
[2024-08-26T15:51:10.033+0000] {logging_mixin.py:190} INFO - [2024-08-26T15:51:10.031+0000] {dag.py:3211} INFO - Sync 1 DAGs
[2024-08-26T15:51:10.253+0000] {logging_mixin.py:190} INFO - [2024-08-26T15:51:10.251+0000] {dag.py:4138} INFO - Setting next_dagrun for example_xcom to 2021-01-01 00:00:00+00:00, run_after=2021-01-01 00:00:00+00:00
[2024-08-26T15:51:10.431+0000] {processor.py:208} INFO - Processing /home/airflow/.local/lib/python3.12/site-packages/airflow/example_dags/example_xcom.py took 0.832 seconds
[2024-08-26T15:51:52.937+0000] {processor.py:186} INFO - Started process (PID=3150) to work on /home/airflow/.local/lib/python3.12/site-packages/airflow/example_dags/example_xcom.py
[2024-08-26T15:51:52.939+0000] {processor.py:914} INFO - Processing file /home/airflow/.local/lib/python3.12/site-packages/airflow/example_dags/example_xcom.py for tasks to queue
[2024-08-26T15:51:52.943+0000] {logging_mixin.py:190} INFO - [2024-08-26T15:51:52.942+0000] {dagbag.py:587} INFO - Filling up the DagBag from /home/airflow/.local/lib/python3.12/site-packages/airflow/example_dags/example_xcom.py
[2024-08-26T15:51:52.965+0000] {processor.py:925} INFO - DAG(s) 'example_xcom' retrieved from /home/airflow/.local/lib/python3.12/site-packages/airflow/example_dags/example_xcom.py
[2024-08-26T15:51:53.021+0000] {logging_mixin.py:190} INFO - [2024-08-26T15:51:53.021+0000] {dag.py:3211} INFO - Sync 1 DAGs
[2024-08-26T15:51:53.072+0000] {logging_mixin.py:190} INFO - [2024-08-26T15:51:53.072+0000] {dag.py:4138} INFO - Setting next_dagrun for example_xcom to 2021-01-01 00:00:00+00:00, run_after=2021-01-01 00:00:00+00:00
[2024-08-26T15:51:53.111+0000] {processor.py:208} INFO - Processing /home/airflow/.local/lib/python3.12/site-packages/airflow/example_dags/example_xcom.py took 0.190 seconds
[2024-08-26T15:52:35.237+0000] {processor.py:186} INFO - Started process (PID=3217) to work on /home/airflow/.local/lib/python3.12/site-packages/airflow/example_dags/example_xcom.py
[2024-08-26T15:52:35.240+0000] {processor.py:914} INFO - Processing file /home/airflow/.local/lib/python3.12/site-packages/airflow/example_dags/example_xcom.py for tasks to queue
[2024-08-26T15:52:35.244+0000] {logging_mixin.py:190} INFO - [2024-08-26T15:52:35.243+0000] {dagbag.py:587} INFO - Filling up the DagBag from /home/airflow/.local/lib/python3.12/site-packages/airflow/example_dags/example_xcom.py
[2024-08-26T15:52:35.266+0000] {processor.py:925} INFO - DAG(s) 'example_xcom' retrieved from /home/airflow/.local/lib/python3.12/site-packages/airflow/example_dags/example_xcom.py
[2024-08-26T15:52:35.330+0000] {logging_mixin.py:190} INFO - [2024-08-26T15:52:35.330+0000] {dag.py:3211} INFO - Sync 1 DAGs
[2024-08-26T15:52:35.387+0000] {logging_mixin.py:190} INFO - [2024-08-26T15:52:35.386+0000] {dag.py:4138} INFO - Setting next_dagrun for example_xcom to 2021-01-01 00:00:00+00:00, run_after=2021-01-01 00:00:00+00:00
[2024-08-26T15:52:35.429+0000] {processor.py:208} INFO - Processing /home/airflow/.local/lib/python3.12/site-packages/airflow/example_dags/example_xcom.py took 0.212 seconds
