[2024-08-26T10:34:43.968+0000] {processor.py:186} INFO - Started process (PID=80) to work on /home/airflow/.local/lib/python3.12/site-packages/airflow/example_dags/example_latest_only_with_trigger.py
[2024-08-26T10:34:43.970+0000] {processor.py:914} INFO - Processing file /home/airflow/.local/lib/python3.12/site-packages/airflow/example_dags/example_latest_only_with_trigger.py for tasks to queue
[2024-08-26T10:34:43.974+0000] {logging_mixin.py:190} INFO - [2024-08-26T10:34:43.973+0000] {dagbag.py:587} INFO - Filling up the DagBag from /home/airflow/.local/lib/python3.12/site-packages/airflow/example_dags/example_latest_only_with_trigger.py
[2024-08-26T10:34:43.985+0000] {processor.py:925} INFO - DAG(s) 'latest_only_with_trigger' retrieved from /home/airflow/.local/lib/python3.12/site-packages/airflow/example_dags/example_latest_only_with_trigger.py
[2024-08-26T10:34:44.023+0000] {logging_mixin.py:190} INFO - [2024-08-26T10:34:44.023+0000] {dag.py:3211} INFO - Sync 1 DAGs
[2024-08-26T10:34:44.055+0000] {logging_mixin.py:190} INFO - [2024-08-26T10:34:44.055+0000] {dag.py:4138} INFO - Setting next_dagrun for latest_only_with_trigger to 2024-08-26 04:00:00+00:00, run_after=2024-08-26 08:00:00+00:00
[2024-08-26T10:34:44.079+0000] {processor.py:208} INFO - Processing /home/airflow/.local/lib/python3.12/site-packages/airflow/example_dags/example_latest_only_with_trigger.py took 0.119 seconds
[2024-08-26T10:35:26.851+0000] {processor.py:186} INFO - Started process (PID=152) to work on /home/airflow/.local/lib/python3.12/site-packages/airflow/example_dags/example_latest_only_with_trigger.py
[2024-08-26T10:35:26.853+0000] {processor.py:914} INFO - Processing file /home/airflow/.local/lib/python3.12/site-packages/airflow/example_dags/example_latest_only_with_trigger.py for tasks to queue
[2024-08-26T10:35:26.857+0000] {logging_mixin.py:190} INFO - [2024-08-26T10:35:26.856+0000] {dagbag.py:587} INFO - Filling up the DagBag from /home/airflow/.local/lib/python3.12/site-packages/airflow/example_dags/example_latest_only_with_trigger.py
[2024-08-26T10:35:26.867+0000] {processor.py:925} INFO - DAG(s) 'latest_only_with_trigger' retrieved from /home/airflow/.local/lib/python3.12/site-packages/airflow/example_dags/example_latest_only_with_trigger.py
[2024-08-26T10:35:26.896+0000] {logging_mixin.py:190} INFO - [2024-08-26T10:35:26.896+0000] {dag.py:3211} INFO - Sync 1 DAGs
[2024-08-26T10:35:26.930+0000] {logging_mixin.py:190} INFO - [2024-08-26T10:35:26.930+0000] {dag.py:4138} INFO - Setting next_dagrun for latest_only_with_trigger to 2024-08-26 04:00:00+00:00, run_after=2024-08-26 08:00:00+00:00
[2024-08-26T10:35:26.955+0000] {processor.py:208} INFO - Processing /home/airflow/.local/lib/python3.12/site-packages/airflow/example_dags/example_latest_only_with_trigger.py took 0.113 seconds
[2024-08-26T10:38:03.283+0000] {processor.py:186} INFO - Started process (PID=80) to work on /home/airflow/.local/lib/python3.12/site-packages/airflow/example_dags/example_latest_only_with_trigger.py
[2024-08-26T10:38:03.285+0000] {processor.py:914} INFO - Processing file /home/airflow/.local/lib/python3.12/site-packages/airflow/example_dags/example_latest_only_with_trigger.py for tasks to queue
[2024-08-26T10:38:03.289+0000] {logging_mixin.py:190} INFO - [2024-08-26T10:38:03.288+0000] {dagbag.py:587} INFO - Filling up the DagBag from /home/airflow/.local/lib/python3.12/site-packages/airflow/example_dags/example_latest_only_with_trigger.py
[2024-08-26T10:38:03.301+0000] {processor.py:925} INFO - DAG(s) 'latest_only_with_trigger' retrieved from /home/airflow/.local/lib/python3.12/site-packages/airflow/example_dags/example_latest_only_with_trigger.py
[2024-08-26T10:38:03.340+0000] {logging_mixin.py:190} INFO - [2024-08-26T10:38:03.340+0000] {dag.py:3211} INFO - Sync 1 DAGs
[2024-08-26T10:38:03.375+0000] {logging_mixin.py:190} INFO - [2024-08-26T10:38:03.374+0000] {dag.py:4138} INFO - Setting next_dagrun for latest_only_with_trigger to 2024-08-26 04:00:00+00:00, run_after=2024-08-26 08:00:00+00:00
[2024-08-26T10:38:03.402+0000] {processor.py:208} INFO - Processing /home/airflow/.local/lib/python3.12/site-packages/airflow/example_dags/example_latest_only_with_trigger.py took 0.127 seconds
[2024-08-26T10:38:43.038+0000] {processor.py:186} INFO - Started process (PID=146) to work on /home/airflow/.local/lib/python3.12/site-packages/airflow/example_dags/example_latest_only_with_trigger.py
[2024-08-26T10:38:43.039+0000] {processor.py:914} INFO - Processing file /home/airflow/.local/lib/python3.12/site-packages/airflow/example_dags/example_latest_only_with_trigger.py for tasks to queue
[2024-08-26T10:38:43.043+0000] {logging_mixin.py:190} INFO - [2024-08-26T10:38:43.042+0000] {dagbag.py:587} INFO - Filling up the DagBag from /home/airflow/.local/lib/python3.12/site-packages/airflow/example_dags/example_latest_only_with_trigger.py
[2024-08-26T10:38:43.054+0000] {processor.py:925} INFO - DAG(s) 'latest_only_with_trigger' retrieved from /home/airflow/.local/lib/python3.12/site-packages/airflow/example_dags/example_latest_only_with_trigger.py
[2024-08-26T10:38:43.085+0000] {logging_mixin.py:190} INFO - [2024-08-26T10:38:43.084+0000] {dag.py:3211} INFO - Sync 1 DAGs
[2024-08-26T10:38:43.120+0000] {logging_mixin.py:190} INFO - [2024-08-26T10:38:43.120+0000] {dag.py:4138} INFO - Setting next_dagrun for latest_only_with_trigger to 2024-08-26 04:00:00+00:00, run_after=2024-08-26 08:00:00+00:00
[2024-08-26T10:38:43.147+0000] {processor.py:208} INFO - Processing /home/airflow/.local/lib/python3.12/site-packages/airflow/example_dags/example_latest_only_with_trigger.py took 0.118 seconds
[2024-08-26T10:39:20.963+0000] {processor.py:186} INFO - Started process (PID=212) to work on /home/airflow/.local/lib/python3.12/site-packages/airflow/example_dags/example_latest_only_with_trigger.py
[2024-08-26T10:39:20.968+0000] {processor.py:914} INFO - Processing file /home/airflow/.local/lib/python3.12/site-packages/airflow/example_dags/example_latest_only_with_trigger.py for tasks to queue
[2024-08-26T10:39:20.972+0000] {logging_mixin.py:190} INFO - [2024-08-26T10:39:20.971+0000] {dagbag.py:587} INFO - Filling up the DagBag from /home/airflow/.local/lib/python3.12/site-packages/airflow/example_dags/example_latest_only_with_trigger.py
[2024-08-26T10:39:20.991+0000] {processor.py:925} INFO - DAG(s) 'latest_only_with_trigger' retrieved from /home/airflow/.local/lib/python3.12/site-packages/airflow/example_dags/example_latest_only_with_trigger.py
[2024-08-26T10:39:21.163+0000] {logging_mixin.py:190} INFO - [2024-08-26T10:39:21.154+0000] {dag.py:3211} INFO - Sync 1 DAGs
[2024-08-26T10:39:21.462+0000] {logging_mixin.py:190} INFO - [2024-08-26T10:39:21.461+0000] {dag.py:4138} INFO - Setting next_dagrun for latest_only_with_trigger to 2024-08-26 04:00:00+00:00, run_after=2024-08-26 08:00:00+00:00
[2024-08-26T10:39:21.561+0000] {processor.py:208} INFO - Processing /home/airflow/.local/lib/python3.12/site-packages/airflow/example_dags/example_latest_only_with_trigger.py took 0.610 seconds
[2024-08-26T10:40:01.069+0000] {processor.py:186} INFO - Started process (PID=286) to work on /home/airflow/.local/lib/python3.12/site-packages/airflow/example_dags/example_latest_only_with_trigger.py
[2024-08-26T10:40:01.070+0000] {processor.py:914} INFO - Processing file /home/airflow/.local/lib/python3.12/site-packages/airflow/example_dags/example_latest_only_with_trigger.py for tasks to queue
[2024-08-26T10:40:01.073+0000] {logging_mixin.py:190} INFO - [2024-08-26T10:40:01.073+0000] {dagbag.py:587} INFO - Filling up the DagBag from /home/airflow/.local/lib/python3.12/site-packages/airflow/example_dags/example_latest_only_with_trigger.py
[2024-08-26T10:40:01.083+0000] {processor.py:925} INFO - DAG(s) 'latest_only_with_trigger' retrieved from /home/airflow/.local/lib/python3.12/site-packages/airflow/example_dags/example_latest_only_with_trigger.py
[2024-08-26T10:40:01.111+0000] {logging_mixin.py:190} INFO - [2024-08-26T10:40:01.111+0000] {dag.py:3211} INFO - Sync 1 DAGs
[2024-08-26T10:40:01.143+0000] {logging_mixin.py:190} INFO - [2024-08-26T10:40:01.142+0000] {dag.py:4138} INFO - Setting next_dagrun for latest_only_with_trigger to 2024-08-26 04:00:00+00:00, run_after=2024-08-26 08:00:00+00:00
[2024-08-26T10:40:01.167+0000] {processor.py:208} INFO - Processing /home/airflow/.local/lib/python3.12/site-packages/airflow/example_dags/example_latest_only_with_trigger.py took 0.106 seconds
[2024-08-26T10:40:44.821+0000] {processor.py:186} INFO - Started process (PID=354) to work on /home/airflow/.local/lib/python3.12/site-packages/airflow/example_dags/example_latest_only_with_trigger.py
[2024-08-26T10:40:44.823+0000] {processor.py:914} INFO - Processing file /home/airflow/.local/lib/python3.12/site-packages/airflow/example_dags/example_latest_only_with_trigger.py for tasks to queue
[2024-08-26T10:40:44.826+0000] {logging_mixin.py:190} INFO - [2024-08-26T10:40:44.826+0000] {dagbag.py:587} INFO - Filling up the DagBag from /home/airflow/.local/lib/python3.12/site-packages/airflow/example_dags/example_latest_only_with_trigger.py
[2024-08-26T10:40:44.837+0000] {processor.py:925} INFO - DAG(s) 'latest_only_with_trigger' retrieved from /home/airflow/.local/lib/python3.12/site-packages/airflow/example_dags/example_latest_only_with_trigger.py
[2024-08-26T10:40:44.866+0000] {logging_mixin.py:190} INFO - [2024-08-26T10:40:44.866+0000] {dag.py:3211} INFO - Sync 1 DAGs
[2024-08-26T10:40:44.899+0000] {logging_mixin.py:190} INFO - [2024-08-26T10:40:44.898+0000] {dag.py:4138} INFO - Setting next_dagrun for latest_only_with_trigger to 2024-08-26 04:00:00+00:00, run_after=2024-08-26 08:00:00+00:00
[2024-08-26T10:40:44.923+0000] {processor.py:208} INFO - Processing /home/airflow/.local/lib/python3.12/site-packages/airflow/example_dags/example_latest_only_with_trigger.py took 0.109 seconds
[2024-08-26T10:41:21.957+0000] {processor.py:186} INFO - Started process (PID=419) to work on /home/airflow/.local/lib/python3.12/site-packages/airflow/example_dags/example_latest_only_with_trigger.py
[2024-08-26T10:41:21.959+0000] {processor.py:914} INFO - Processing file /home/airflow/.local/lib/python3.12/site-packages/airflow/example_dags/example_latest_only_with_trigger.py for tasks to queue
[2024-08-26T10:41:21.963+0000] {logging_mixin.py:190} INFO - [2024-08-26T10:41:21.962+0000] {dagbag.py:587} INFO - Filling up the DagBag from /home/airflow/.local/lib/python3.12/site-packages/airflow/example_dags/example_latest_only_with_trigger.py
[2024-08-26T10:41:21.972+0000] {processor.py:925} INFO - DAG(s) 'latest_only_with_trigger' retrieved from /home/airflow/.local/lib/python3.12/site-packages/airflow/example_dags/example_latest_only_with_trigger.py
[2024-08-26T10:41:22.001+0000] {logging_mixin.py:190} INFO - [2024-08-26T10:41:22.000+0000] {dag.py:3211} INFO - Sync 1 DAGs
[2024-08-26T10:41:22.033+0000] {logging_mixin.py:190} INFO - [2024-08-26T10:41:22.033+0000] {dag.py:4138} INFO - Setting next_dagrun for latest_only_with_trigger to 2024-08-26 04:00:00+00:00, run_after=2024-08-26 08:00:00+00:00
[2024-08-26T10:41:22.058+0000] {processor.py:208} INFO - Processing /home/airflow/.local/lib/python3.12/site-packages/airflow/example_dags/example_latest_only_with_trigger.py took 0.109 seconds
[2024-08-26T10:42:06.664+0000] {processor.py:186} INFO - Started process (PID=491) to work on /home/airflow/.local/lib/python3.12/site-packages/airflow/example_dags/example_latest_only_with_trigger.py
[2024-08-26T10:42:06.666+0000] {processor.py:914} INFO - Processing file /home/airflow/.local/lib/python3.12/site-packages/airflow/example_dags/example_latest_only_with_trigger.py for tasks to queue
[2024-08-26T10:42:06.671+0000] {logging_mixin.py:190} INFO - [2024-08-26T10:42:06.670+0000] {dagbag.py:587} INFO - Filling up the DagBag from /home/airflow/.local/lib/python3.12/site-packages/airflow/example_dags/example_latest_only_with_trigger.py
[2024-08-26T10:42:06.684+0000] {processor.py:925} INFO - DAG(s) 'latest_only_with_trigger' retrieved from /home/airflow/.local/lib/python3.12/site-packages/airflow/example_dags/example_latest_only_with_trigger.py
[2024-08-26T10:42:06.750+0000] {logging_mixin.py:190} INFO - [2024-08-26T10:42:06.750+0000] {dag.py:3211} INFO - Sync 1 DAGs
[2024-08-26T10:42:07.299+0000] {logging_mixin.py:190} INFO - [2024-08-26T10:42:07.298+0000] {dag.py:4138} INFO - Setting next_dagrun for latest_only_with_trigger to 2024-08-26 04:00:00+00:00, run_after=2024-08-26 08:00:00+00:00
[2024-08-26T10:42:07.419+0000] {processor.py:208} INFO - Processing /home/airflow/.local/lib/python3.12/site-packages/airflow/example_dags/example_latest_only_with_trigger.py took 0.768 seconds
[2024-08-26T10:42:53.442+0000] {processor.py:186} INFO - Started process (PID=559) to work on /home/airflow/.local/lib/python3.12/site-packages/airflow/example_dags/example_latest_only_with_trigger.py
[2024-08-26T10:42:53.444+0000] {processor.py:914} INFO - Processing file /home/airflow/.local/lib/python3.12/site-packages/airflow/example_dags/example_latest_only_with_trigger.py for tasks to queue
[2024-08-26T10:42:53.446+0000] {logging_mixin.py:190} INFO - [2024-08-26T10:42:53.446+0000] {dagbag.py:587} INFO - Filling up the DagBag from /home/airflow/.local/lib/python3.12/site-packages/airflow/example_dags/example_latest_only_with_trigger.py
[2024-08-26T10:42:53.459+0000] {processor.py:925} INFO - DAG(s) 'latest_only_with_trigger' retrieved from /home/airflow/.local/lib/python3.12/site-packages/airflow/example_dags/example_latest_only_with_trigger.py
[2024-08-26T10:42:53.489+0000] {logging_mixin.py:190} INFO - [2024-08-26T10:42:53.488+0000] {dag.py:3211} INFO - Sync 1 DAGs
[2024-08-26T10:42:53.522+0000] {logging_mixin.py:190} INFO - [2024-08-26T10:42:53.522+0000] {dag.py:4138} INFO - Setting next_dagrun for latest_only_with_trigger to 2024-08-26 04:00:00+00:00, run_after=2024-08-26 08:00:00+00:00
[2024-08-26T10:42:53.549+0000] {processor.py:208} INFO - Processing /home/airflow/.local/lib/python3.12/site-packages/airflow/example_dags/example_latest_only_with_trigger.py took 0.115 seconds
[2024-08-26T10:43:36.215+0000] {processor.py:186} INFO - Started process (PID=637) to work on /home/airflow/.local/lib/python3.12/site-packages/airflow/example_dags/example_latest_only_with_trigger.py
[2024-08-26T10:43:36.217+0000] {processor.py:914} INFO - Processing file /home/airflow/.local/lib/python3.12/site-packages/airflow/example_dags/example_latest_only_with_trigger.py for tasks to queue
[2024-08-26T10:43:36.219+0000] {logging_mixin.py:190} INFO - [2024-08-26T10:43:36.219+0000] {dagbag.py:587} INFO - Filling up the DagBag from /home/airflow/.local/lib/python3.12/site-packages/airflow/example_dags/example_latest_only_with_trigger.py
[2024-08-26T10:43:36.231+0000] {processor.py:925} INFO - DAG(s) 'latest_only_with_trigger' retrieved from /home/airflow/.local/lib/python3.12/site-packages/airflow/example_dags/example_latest_only_with_trigger.py
[2024-08-26T10:43:36.264+0000] {logging_mixin.py:190} INFO - [2024-08-26T10:43:36.263+0000] {dag.py:3211} INFO - Sync 1 DAGs
[2024-08-26T10:43:36.300+0000] {logging_mixin.py:190} INFO - [2024-08-26T10:43:36.300+0000] {dag.py:4138} INFO - Setting next_dagrun for latest_only_with_trigger to 2024-08-26 04:00:00+00:00, run_after=2024-08-26 08:00:00+00:00
[2024-08-26T10:43:36.334+0000] {processor.py:208} INFO - Processing /home/airflow/.local/lib/python3.12/site-packages/airflow/example_dags/example_latest_only_with_trigger.py took 0.128 seconds
[2024-08-26T10:44:13.622+0000] {processor.py:186} INFO - Started process (PID=703) to work on /home/airflow/.local/lib/python3.12/site-packages/airflow/example_dags/example_latest_only_with_trigger.py
[2024-08-26T10:44:13.623+0000] {processor.py:914} INFO - Processing file /home/airflow/.local/lib/python3.12/site-packages/airflow/example_dags/example_latest_only_with_trigger.py for tasks to queue
[2024-08-26T10:44:13.626+0000] {logging_mixin.py:190} INFO - [2024-08-26T10:44:13.625+0000] {dagbag.py:587} INFO - Filling up the DagBag from /home/airflow/.local/lib/python3.12/site-packages/airflow/example_dags/example_latest_only_with_trigger.py
[2024-08-26T10:44:13.638+0000] {processor.py:925} INFO - DAG(s) 'latest_only_with_trigger' retrieved from /home/airflow/.local/lib/python3.12/site-packages/airflow/example_dags/example_latest_only_with_trigger.py
[2024-08-26T10:44:13.674+0000] {logging_mixin.py:190} INFO - [2024-08-26T10:44:13.673+0000] {dag.py:3211} INFO - Sync 1 DAGs
[2024-08-26T10:44:13.710+0000] {logging_mixin.py:190} INFO - [2024-08-26T10:44:13.710+0000] {dag.py:4138} INFO - Setting next_dagrun for latest_only_with_trigger to 2024-08-26 04:00:00+00:00, run_after=2024-08-26 08:00:00+00:00
[2024-08-26T10:44:13.734+0000] {processor.py:208} INFO - Processing /home/airflow/.local/lib/python3.12/site-packages/airflow/example_dags/example_latest_only_with_trigger.py took 0.120 seconds
[2024-08-26T10:44:52.883+0000] {processor.py:186} INFO - Started process (PID=770) to work on /home/airflow/.local/lib/python3.12/site-packages/airflow/example_dags/example_latest_only_with_trigger.py
[2024-08-26T10:44:52.884+0000] {processor.py:914} INFO - Processing file /home/airflow/.local/lib/python3.12/site-packages/airflow/example_dags/example_latest_only_with_trigger.py for tasks to queue
[2024-08-26T10:44:52.886+0000] {logging_mixin.py:190} INFO - [2024-08-26T10:44:52.886+0000] {dagbag.py:587} INFO - Filling up the DagBag from /home/airflow/.local/lib/python3.12/site-packages/airflow/example_dags/example_latest_only_with_trigger.py
[2024-08-26T10:44:52.897+0000] {processor.py:925} INFO - DAG(s) 'latest_only_with_trigger' retrieved from /home/airflow/.local/lib/python3.12/site-packages/airflow/example_dags/example_latest_only_with_trigger.py
[2024-08-26T10:44:52.925+0000] {logging_mixin.py:190} INFO - [2024-08-26T10:44:52.925+0000] {dag.py:3211} INFO - Sync 1 DAGs
[2024-08-26T10:44:52.957+0000] {logging_mixin.py:190} INFO - [2024-08-26T10:44:52.957+0000] {dag.py:4138} INFO - Setting next_dagrun for latest_only_with_trigger to 2024-08-26 04:00:00+00:00, run_after=2024-08-26 08:00:00+00:00
[2024-08-26T10:44:52.980+0000] {processor.py:208} INFO - Processing /home/airflow/.local/lib/python3.12/site-packages/airflow/example_dags/example_latest_only_with_trigger.py took 0.105 seconds
[2024-08-26T10:45:34.138+0000] {processor.py:186} INFO - Started process (PID=851) to work on /home/airflow/.local/lib/python3.12/site-packages/airflow/example_dags/example_latest_only_with_trigger.py
[2024-08-26T10:45:34.140+0000] {processor.py:914} INFO - Processing file /home/airflow/.local/lib/python3.12/site-packages/airflow/example_dags/example_latest_only_with_trigger.py for tasks to queue
[2024-08-26T10:45:34.143+0000] {logging_mixin.py:190} INFO - [2024-08-26T10:45:34.143+0000] {dagbag.py:587} INFO - Filling up the DagBag from /home/airflow/.local/lib/python3.12/site-packages/airflow/example_dags/example_latest_only_with_trigger.py
[2024-08-26T10:45:34.160+0000] {processor.py:925} INFO - DAG(s) 'latest_only_with_trigger' retrieved from /home/airflow/.local/lib/python3.12/site-packages/airflow/example_dags/example_latest_only_with_trigger.py
[2024-08-26T10:45:34.208+0000] {logging_mixin.py:190} INFO - [2024-08-26T10:45:34.208+0000] {dag.py:3211} INFO - Sync 1 DAGs
[2024-08-26T10:45:34.262+0000] {logging_mixin.py:190} INFO - [2024-08-26T10:45:34.262+0000] {dag.py:4138} INFO - Setting next_dagrun for latest_only_with_trigger to 2024-08-26 04:00:00+00:00, run_after=2024-08-26 08:00:00+00:00
[2024-08-26T10:45:34.290+0000] {processor.py:208} INFO - Processing /home/airflow/.local/lib/python3.12/site-packages/airflow/example_dags/example_latest_only_with_trigger.py took 0.161 seconds
[2024-08-26T10:46:12.524+0000] {processor.py:186} INFO - Started process (PID=917) to work on /home/airflow/.local/lib/python3.12/site-packages/airflow/example_dags/example_latest_only_with_trigger.py
[2024-08-26T10:46:12.526+0000] {processor.py:914} INFO - Processing file /home/airflow/.local/lib/python3.12/site-packages/airflow/example_dags/example_latest_only_with_trigger.py for tasks to queue
[2024-08-26T10:46:12.528+0000] {logging_mixin.py:190} INFO - [2024-08-26T10:46:12.528+0000] {dagbag.py:587} INFO - Filling up the DagBag from /home/airflow/.local/lib/python3.12/site-packages/airflow/example_dags/example_latest_only_with_trigger.py
[2024-08-26T10:46:12.545+0000] {processor.py:925} INFO - DAG(s) 'latest_only_with_trigger' retrieved from /home/airflow/.local/lib/python3.12/site-packages/airflow/example_dags/example_latest_only_with_trigger.py
[2024-08-26T10:46:12.580+0000] {logging_mixin.py:190} INFO - [2024-08-26T10:46:12.580+0000] {dag.py:3211} INFO - Sync 1 DAGs
[2024-08-26T10:46:12.618+0000] {logging_mixin.py:190} INFO - [2024-08-26T10:46:12.617+0000] {dag.py:4138} INFO - Setting next_dagrun for latest_only_with_trigger to 2024-08-26 04:00:00+00:00, run_after=2024-08-26 08:00:00+00:00
[2024-08-26T10:46:12.647+0000] {processor.py:208} INFO - Processing /home/airflow/.local/lib/python3.12/site-packages/airflow/example_dags/example_latest_only_with_trigger.py took 0.132 seconds
[2024-08-26T10:46:51.279+0000] {processor.py:186} INFO - Started process (PID=983) to work on /home/airflow/.local/lib/python3.12/site-packages/airflow/example_dags/example_latest_only_with_trigger.py
[2024-08-26T10:46:51.281+0000] {processor.py:914} INFO - Processing file /home/airflow/.local/lib/python3.12/site-packages/airflow/example_dags/example_latest_only_with_trigger.py for tasks to queue
[2024-08-26T10:46:51.283+0000] {logging_mixin.py:190} INFO - [2024-08-26T10:46:51.282+0000] {dagbag.py:587} INFO - Filling up the DagBag from /home/airflow/.local/lib/python3.12/site-packages/airflow/example_dags/example_latest_only_with_trigger.py
[2024-08-26T10:46:51.295+0000] {processor.py:925} INFO - DAG(s) 'latest_only_with_trigger' retrieved from /home/airflow/.local/lib/python3.12/site-packages/airflow/example_dags/example_latest_only_with_trigger.py
[2024-08-26T10:46:51.325+0000] {logging_mixin.py:190} INFO - [2024-08-26T10:46:51.324+0000] {dag.py:3211} INFO - Sync 1 DAGs
[2024-08-26T10:46:51.361+0000] {logging_mixin.py:190} INFO - [2024-08-26T10:46:51.361+0000] {dag.py:4138} INFO - Setting next_dagrun for latest_only_with_trigger to 2024-08-26 04:00:00+00:00, run_after=2024-08-26 08:00:00+00:00
[2024-08-26T10:46:51.413+0000] {processor.py:208} INFO - Processing /home/airflow/.local/lib/python3.12/site-packages/airflow/example_dags/example_latest_only_with_trigger.py took 0.142 seconds
[2024-08-26T10:47:43.259+0000] {processor.py:186} INFO - Started process (PID=1066) to work on /home/airflow/.local/lib/python3.12/site-packages/airflow/example_dags/example_latest_only_with_trigger.py
[2024-08-26T10:47:43.260+0000] {processor.py:914} INFO - Processing file /home/airflow/.local/lib/python3.12/site-packages/airflow/example_dags/example_latest_only_with_trigger.py for tasks to queue
[2024-08-26T10:47:43.263+0000] {logging_mixin.py:190} INFO - [2024-08-26T10:47:43.262+0000] {dagbag.py:587} INFO - Filling up the DagBag from /home/airflow/.local/lib/python3.12/site-packages/airflow/example_dags/example_latest_only_with_trigger.py
[2024-08-26T10:47:43.280+0000] {processor.py:925} INFO - DAG(s) 'latest_only_with_trigger' retrieved from /home/airflow/.local/lib/python3.12/site-packages/airflow/example_dags/example_latest_only_with_trigger.py
[2024-08-26T10:47:43.318+0000] {logging_mixin.py:190} INFO - [2024-08-26T10:47:43.317+0000] {dag.py:3211} INFO - Sync 1 DAGs
[2024-08-26T10:47:43.376+0000] {logging_mixin.py:190} INFO - [2024-08-26T10:47:43.375+0000] {dag.py:4138} INFO - Setting next_dagrun for latest_only_with_trigger to 2024-08-26 04:00:00+00:00, run_after=2024-08-26 08:00:00+00:00
[2024-08-26T10:47:43.412+0000] {processor.py:208} INFO - Processing /home/airflow/.local/lib/python3.12/site-packages/airflow/example_dags/example_latest_only_with_trigger.py took 0.164 seconds
[2024-08-26T10:48:22.311+0000] {processor.py:186} INFO - Started process (PID=1132) to work on /home/airflow/.local/lib/python3.12/site-packages/airflow/example_dags/example_latest_only_with_trigger.py
[2024-08-26T10:48:22.313+0000] {processor.py:914} INFO - Processing file /home/airflow/.local/lib/python3.12/site-packages/airflow/example_dags/example_latest_only_with_trigger.py for tasks to queue
[2024-08-26T10:48:22.315+0000] {logging_mixin.py:190} INFO - [2024-08-26T10:48:22.315+0000] {dagbag.py:587} INFO - Filling up the DagBag from /home/airflow/.local/lib/python3.12/site-packages/airflow/example_dags/example_latest_only_with_trigger.py
[2024-08-26T10:48:22.325+0000] {processor.py:925} INFO - DAG(s) 'latest_only_with_trigger' retrieved from /home/airflow/.local/lib/python3.12/site-packages/airflow/example_dags/example_latest_only_with_trigger.py
[2024-08-26T10:48:22.353+0000] {logging_mixin.py:190} INFO - [2024-08-26T10:48:22.352+0000] {dag.py:3211} INFO - Sync 1 DAGs
[2024-08-26T10:48:22.381+0000] {logging_mixin.py:190} INFO - [2024-08-26T10:48:22.381+0000] {dag.py:4138} INFO - Setting next_dagrun for latest_only_with_trigger to 2024-08-26 04:00:00+00:00, run_after=2024-08-26 08:00:00+00:00
[2024-08-26T10:48:22.401+0000] {processor.py:208} INFO - Processing /home/airflow/.local/lib/python3.12/site-packages/airflow/example_dags/example_latest_only_with_trigger.py took 0.098 seconds
[2024-08-26T10:49:11.933+0000] {processor.py:186} INFO - Started process (PID=1213) to work on /home/airflow/.local/lib/python3.12/site-packages/airflow/example_dags/example_latest_only_with_trigger.py
[2024-08-26T10:49:11.938+0000] {processor.py:914} INFO - Processing file /home/airflow/.local/lib/python3.12/site-packages/airflow/example_dags/example_latest_only_with_trigger.py for tasks to queue
[2024-08-26T10:49:11.941+0000] {logging_mixin.py:190} INFO - [2024-08-26T10:49:11.941+0000] {dagbag.py:587} INFO - Filling up the DagBag from /home/airflow/.local/lib/python3.12/site-packages/airflow/example_dags/example_latest_only_with_trigger.py
[2024-08-26T10:49:11.974+0000] {processor.py:925} INFO - DAG(s) 'latest_only_with_trigger' retrieved from /home/airflow/.local/lib/python3.12/site-packages/airflow/example_dags/example_latest_only_with_trigger.py
[2024-08-26T10:49:12.089+0000] {logging_mixin.py:190} INFO - [2024-08-26T10:49:12.088+0000] {dag.py:3211} INFO - Sync 1 DAGs
[2024-08-26T10:49:12.184+0000] {logging_mixin.py:190} INFO - [2024-08-26T10:49:12.183+0000] {dag.py:4138} INFO - Setting next_dagrun for latest_only_with_trigger to 2024-08-26 04:00:00+00:00, run_after=2024-08-26 08:00:00+00:00
[2024-08-26T10:49:12.247+0000] {processor.py:208} INFO - Processing /home/airflow/.local/lib/python3.12/site-packages/airflow/example_dags/example_latest_only_with_trigger.py took 0.346 seconds
[2024-08-26T10:49:45.429+0000] {processor.py:186} INFO - Started process (PID=1279) to work on /home/airflow/.local/lib/python3.12/site-packages/airflow/example_dags/example_latest_only_with_trigger.py
[2024-08-26T10:49:45.431+0000] {processor.py:914} INFO - Processing file /home/airflow/.local/lib/python3.12/site-packages/airflow/example_dags/example_latest_only_with_trigger.py for tasks to queue
[2024-08-26T10:49:45.433+0000] {logging_mixin.py:190} INFO - [2024-08-26T10:49:45.432+0000] {dagbag.py:587} INFO - Filling up the DagBag from /home/airflow/.local/lib/python3.12/site-packages/airflow/example_dags/example_latest_only_with_trigger.py
[2024-08-26T10:49:45.445+0000] {processor.py:925} INFO - DAG(s) 'latest_only_with_trigger' retrieved from /home/airflow/.local/lib/python3.12/site-packages/airflow/example_dags/example_latest_only_with_trigger.py
[2024-08-26T10:49:45.484+0000] {logging_mixin.py:190} INFO - [2024-08-26T10:49:45.483+0000] {dag.py:3211} INFO - Sync 1 DAGs
[2024-08-26T10:49:45.529+0000] {logging_mixin.py:190} INFO - [2024-08-26T10:49:45.528+0000] {dag.py:4138} INFO - Setting next_dagrun for latest_only_with_trigger to 2024-08-26 04:00:00+00:00, run_after=2024-08-26 08:00:00+00:00
[2024-08-26T10:49:45.609+0000] {processor.py:208} INFO - Processing /home/airflow/.local/lib/python3.12/site-packages/airflow/example_dags/example_latest_only_with_trigger.py took 0.189 seconds
[2024-08-26T15:09:26.187+0000] {processor.py:186} INFO - Started process (PID=74) to work on /home/airflow/.local/lib/python3.12/site-packages/airflow/example_dags/example_latest_only_with_trigger.py
[2024-08-26T15:09:26.189+0000] {processor.py:914} INFO - Processing file /home/airflow/.local/lib/python3.12/site-packages/airflow/example_dags/example_latest_only_with_trigger.py for tasks to queue
[2024-08-26T15:09:26.192+0000] {logging_mixin.py:190} INFO - [2024-08-26T15:09:26.192+0000] {dagbag.py:587} INFO - Filling up the DagBag from /home/airflow/.local/lib/python3.12/site-packages/airflow/example_dags/example_latest_only_with_trigger.py
[2024-08-26T15:09:26.205+0000] {processor.py:925} INFO - DAG(s) 'latest_only_with_trigger' retrieved from /home/airflow/.local/lib/python3.12/site-packages/airflow/example_dags/example_latest_only_with_trigger.py
[2024-08-26T15:09:26.243+0000] {logging_mixin.py:190} INFO - [2024-08-26T15:09:26.243+0000] {dag.py:3211} INFO - Sync 1 DAGs
[2024-08-26T15:09:26.283+0000] {logging_mixin.py:190} INFO - [2024-08-26T15:09:26.283+0000] {dag.py:4138} INFO - Setting next_dagrun for latest_only_with_trigger to 2024-08-26 08:00:00+00:00, run_after=2024-08-26 12:00:00+00:00
[2024-08-26T15:09:26.325+0000] {processor.py:208} INFO - Processing /home/airflow/.local/lib/python3.12/site-packages/airflow/example_dags/example_latest_only_with_trigger.py took 0.147 seconds
[2024-08-26T15:10:09.546+0000] {processor.py:186} INFO - Started process (PID=146) to work on /home/airflow/.local/lib/python3.12/site-packages/airflow/example_dags/example_latest_only_with_trigger.py
[2024-08-26T15:10:09.548+0000] {processor.py:914} INFO - Processing file /home/airflow/.local/lib/python3.12/site-packages/airflow/example_dags/example_latest_only_with_trigger.py for tasks to queue
[2024-08-26T15:10:09.551+0000] {logging_mixin.py:190} INFO - [2024-08-26T15:10:09.551+0000] {dagbag.py:587} INFO - Filling up the DagBag from /home/airflow/.local/lib/python3.12/site-packages/airflow/example_dags/example_latest_only_with_trigger.py
[2024-08-26T15:10:09.562+0000] {processor.py:925} INFO - DAG(s) 'latest_only_with_trigger' retrieved from /home/airflow/.local/lib/python3.12/site-packages/airflow/example_dags/example_latest_only_with_trigger.py
[2024-08-26T15:10:09.591+0000] {logging_mixin.py:190} INFO - [2024-08-26T15:10:09.590+0000] {dag.py:3211} INFO - Sync 1 DAGs
[2024-08-26T15:10:09.623+0000] {logging_mixin.py:190} INFO - [2024-08-26T15:10:09.623+0000] {dag.py:4138} INFO - Setting next_dagrun for latest_only_with_trigger to 2024-08-26 08:00:00+00:00, run_after=2024-08-26 12:00:00+00:00
[2024-08-26T15:10:09.648+0000] {processor.py:208} INFO - Processing /home/airflow/.local/lib/python3.12/site-packages/airflow/example_dags/example_latest_only_with_trigger.py took 0.110 seconds
[2024-08-26T15:10:47.520+0000] {processor.py:186} INFO - Started process (PID=213) to work on /home/airflow/.local/lib/python3.12/site-packages/airflow/example_dags/example_latest_only_with_trigger.py
[2024-08-26T15:10:47.522+0000] {processor.py:914} INFO - Processing file /home/airflow/.local/lib/python3.12/site-packages/airflow/example_dags/example_latest_only_with_trigger.py for tasks to queue
[2024-08-26T15:10:47.525+0000] {logging_mixin.py:190} INFO - [2024-08-26T15:10:47.524+0000] {dagbag.py:587} INFO - Filling up the DagBag from /home/airflow/.local/lib/python3.12/site-packages/airflow/example_dags/example_latest_only_with_trigger.py
[2024-08-26T15:10:47.535+0000] {processor.py:925} INFO - DAG(s) 'latest_only_with_trigger' retrieved from /home/airflow/.local/lib/python3.12/site-packages/airflow/example_dags/example_latest_only_with_trigger.py
[2024-08-26T15:10:47.563+0000] {logging_mixin.py:190} INFO - [2024-08-26T15:10:47.562+0000] {dag.py:3211} INFO - Sync 1 DAGs
[2024-08-26T15:10:47.615+0000] {logging_mixin.py:190} INFO - [2024-08-26T15:10:47.614+0000] {dag.py:4138} INFO - Setting next_dagrun for latest_only_with_trigger to 2024-08-26 08:00:00+00:00, run_after=2024-08-26 12:00:00+00:00
[2024-08-26T15:10:47.638+0000] {processor.py:208} INFO - Processing /home/airflow/.local/lib/python3.12/site-packages/airflow/example_dags/example_latest_only_with_trigger.py took 0.125 seconds
[2024-08-26T15:11:24.954+0000] {processor.py:186} INFO - Started process (PID=279) to work on /home/airflow/.local/lib/python3.12/site-packages/airflow/example_dags/example_latest_only_with_trigger.py
[2024-08-26T15:11:24.956+0000] {processor.py:914} INFO - Processing file /home/airflow/.local/lib/python3.12/site-packages/airflow/example_dags/example_latest_only_with_trigger.py for tasks to queue
[2024-08-26T15:11:24.959+0000] {logging_mixin.py:190} INFO - [2024-08-26T15:11:24.959+0000] {dagbag.py:587} INFO - Filling up the DagBag from /home/airflow/.local/lib/python3.12/site-packages/airflow/example_dags/example_latest_only_with_trigger.py
[2024-08-26T15:11:24.969+0000] {processor.py:925} INFO - DAG(s) 'latest_only_with_trigger' retrieved from /home/airflow/.local/lib/python3.12/site-packages/airflow/example_dags/example_latest_only_with_trigger.py
[2024-08-26T15:11:24.998+0000] {logging_mixin.py:190} INFO - [2024-08-26T15:11:24.998+0000] {dag.py:3211} INFO - Sync 1 DAGs
[2024-08-26T15:11:25.029+0000] {logging_mixin.py:190} INFO - [2024-08-26T15:11:25.029+0000] {dag.py:4138} INFO - Setting next_dagrun for latest_only_with_trigger to 2024-08-26 08:00:00+00:00, run_after=2024-08-26 12:00:00+00:00
[2024-08-26T15:11:25.056+0000] {processor.py:208} INFO - Processing /home/airflow/.local/lib/python3.12/site-packages/airflow/example_dags/example_latest_only_with_trigger.py took 0.109 seconds
[2024-08-26T15:12:03.773+0000] {processor.py:186} INFO - Started process (PID=351) to work on /home/airflow/.local/lib/python3.12/site-packages/airflow/example_dags/example_latest_only_with_trigger.py
[2024-08-26T15:12:03.774+0000] {processor.py:914} INFO - Processing file /home/airflow/.local/lib/python3.12/site-packages/airflow/example_dags/example_latest_only_with_trigger.py for tasks to queue
[2024-08-26T15:12:03.778+0000] {logging_mixin.py:190} INFO - [2024-08-26T15:12:03.778+0000] {dagbag.py:587} INFO - Filling up the DagBag from /home/airflow/.local/lib/python3.12/site-packages/airflow/example_dags/example_latest_only_with_trigger.py
[2024-08-26T15:12:03.789+0000] {processor.py:925} INFO - DAG(s) 'latest_only_with_trigger' retrieved from /home/airflow/.local/lib/python3.12/site-packages/airflow/example_dags/example_latest_only_with_trigger.py
[2024-08-26T15:12:03.828+0000] {logging_mixin.py:190} INFO - [2024-08-26T15:12:03.828+0000] {dag.py:3211} INFO - Sync 1 DAGs
[2024-08-26T15:12:03.869+0000] {logging_mixin.py:190} INFO - [2024-08-26T15:12:03.869+0000] {dag.py:4138} INFO - Setting next_dagrun for latest_only_with_trigger to 2024-08-26 08:00:00+00:00, run_after=2024-08-26 12:00:00+00:00
[2024-08-26T15:12:03.898+0000] {processor.py:208} INFO - Processing /home/airflow/.local/lib/python3.12/site-packages/airflow/example_dags/example_latest_only_with_trigger.py took 0.135 seconds
[2024-08-26T15:12:43.402+0000] {processor.py:186} INFO - Started process (PID=418) to work on /home/airflow/.local/lib/python3.12/site-packages/airflow/example_dags/example_latest_only_with_trigger.py
[2024-08-26T15:12:43.403+0000] {processor.py:914} INFO - Processing file /home/airflow/.local/lib/python3.12/site-packages/airflow/example_dags/example_latest_only_with_trigger.py for tasks to queue
[2024-08-26T15:12:43.407+0000] {logging_mixin.py:190} INFO - [2024-08-26T15:12:43.406+0000] {dagbag.py:587} INFO - Filling up the DagBag from /home/airflow/.local/lib/python3.12/site-packages/airflow/example_dags/example_latest_only_with_trigger.py
[2024-08-26T15:12:43.416+0000] {processor.py:925} INFO - DAG(s) 'latest_only_with_trigger' retrieved from /home/airflow/.local/lib/python3.12/site-packages/airflow/example_dags/example_latest_only_with_trigger.py
[2024-08-26T15:12:43.445+0000] {logging_mixin.py:190} INFO - [2024-08-26T15:12:43.445+0000] {dag.py:3211} INFO - Sync 1 DAGs
[2024-08-26T15:12:43.476+0000] {logging_mixin.py:190} INFO - [2024-08-26T15:12:43.476+0000] {dag.py:4138} INFO - Setting next_dagrun for latest_only_with_trigger to 2024-08-26 08:00:00+00:00, run_after=2024-08-26 12:00:00+00:00
[2024-08-26T15:12:43.501+0000] {processor.py:208} INFO - Processing /home/airflow/.local/lib/python3.12/site-packages/airflow/example_dags/example_latest_only_with_trigger.py took 0.108 seconds
[2024-08-26T15:13:34.054+0000] {processor.py:186} INFO - Started process (PID=501) to work on /home/airflow/.local/lib/python3.12/site-packages/airflow/example_dags/example_latest_only_with_trigger.py
[2024-08-26T15:13:34.074+0000] {processor.py:914} INFO - Processing file /home/airflow/.local/lib/python3.12/site-packages/airflow/example_dags/example_latest_only_with_trigger.py for tasks to queue
[2024-08-26T15:13:34.081+0000] {logging_mixin.py:190} INFO - [2024-08-26T15:13:34.080+0000] {dagbag.py:587} INFO - Filling up the DagBag from /home/airflow/.local/lib/python3.12/site-packages/airflow/example_dags/example_latest_only_with_trigger.py
[2024-08-26T15:13:34.101+0000] {processor.py:925} INFO - DAG(s) 'latest_only_with_trigger' retrieved from /home/airflow/.local/lib/python3.12/site-packages/airflow/example_dags/example_latest_only_with_trigger.py
[2024-08-26T15:13:34.175+0000] {logging_mixin.py:190} INFO - [2024-08-26T15:13:34.175+0000] {dag.py:3211} INFO - Sync 1 DAGs
[2024-08-26T15:13:34.272+0000] {logging_mixin.py:190} INFO - [2024-08-26T15:13:34.271+0000] {dag.py:4138} INFO - Setting next_dagrun for latest_only_with_trigger to 2024-08-26 08:00:00+00:00, run_after=2024-08-26 12:00:00+00:00
[2024-08-26T15:13:34.353+0000] {processor.py:208} INFO - Processing /home/airflow/.local/lib/python3.12/site-packages/airflow/example_dags/example_latest_only_with_trigger.py took 0.360 seconds
[2024-08-26T15:14:29.626+0000] {processor.py:186} INFO - Started process (PID=573) to work on /home/airflow/.local/lib/python3.12/site-packages/airflow/example_dags/example_latest_only_with_trigger.py
[2024-08-26T15:14:29.627+0000] {processor.py:914} INFO - Processing file /home/airflow/.local/lib/python3.12/site-packages/airflow/example_dags/example_latest_only_with_trigger.py for tasks to queue
[2024-08-26T15:14:29.631+0000] {logging_mixin.py:190} INFO - [2024-08-26T15:14:29.631+0000] {dagbag.py:587} INFO - Filling up the DagBag from /home/airflow/.local/lib/python3.12/site-packages/airflow/example_dags/example_latest_only_with_trigger.py
[2024-08-26T15:14:29.642+0000] {processor.py:925} INFO - DAG(s) 'latest_only_with_trigger' retrieved from /home/airflow/.local/lib/python3.12/site-packages/airflow/example_dags/example_latest_only_with_trigger.py
[2024-08-26T15:14:29.672+0000] {logging_mixin.py:190} INFO - [2024-08-26T15:14:29.671+0000] {dag.py:3211} INFO - Sync 1 DAGs
[2024-08-26T15:14:29.704+0000] {logging_mixin.py:190} INFO - [2024-08-26T15:14:29.704+0000] {dag.py:4138} INFO - Setting next_dagrun for latest_only_with_trigger to 2024-08-26 08:00:00+00:00, run_after=2024-08-26 12:00:00+00:00
[2024-08-26T15:14:29.730+0000] {processor.py:208} INFO - Processing /home/airflow/.local/lib/python3.12/site-packages/airflow/example_dags/example_latest_only_with_trigger.py took 0.113 seconds
[2024-08-26T15:15:07.808+0000] {processor.py:186} INFO - Started process (PID=640) to work on /home/airflow/.local/lib/python3.12/site-packages/airflow/example_dags/example_latest_only_with_trigger.py
[2024-08-26T15:15:07.809+0000] {processor.py:914} INFO - Processing file /home/airflow/.local/lib/python3.12/site-packages/airflow/example_dags/example_latest_only_with_trigger.py for tasks to queue
[2024-08-26T15:15:07.811+0000] {logging_mixin.py:190} INFO - [2024-08-26T15:15:07.810+0000] {dagbag.py:587} INFO - Filling up the DagBag from /home/airflow/.local/lib/python3.12/site-packages/airflow/example_dags/example_latest_only_with_trigger.py
[2024-08-26T15:15:07.823+0000] {processor.py:925} INFO - DAG(s) 'latest_only_with_trigger' retrieved from /home/airflow/.local/lib/python3.12/site-packages/airflow/example_dags/example_latest_only_with_trigger.py
[2024-08-26T15:15:07.857+0000] {logging_mixin.py:190} INFO - [2024-08-26T15:15:07.857+0000] {dag.py:3211} INFO - Sync 1 DAGs
[2024-08-26T15:15:07.889+0000] {logging_mixin.py:190} INFO - [2024-08-26T15:15:07.888+0000] {dag.py:4138} INFO - Setting next_dagrun for latest_only_with_trigger to 2024-08-26 08:00:00+00:00, run_after=2024-08-26 12:00:00+00:00
[2024-08-26T15:15:07.919+0000] {processor.py:208} INFO - Processing /home/airflow/.local/lib/python3.12/site-packages/airflow/example_dags/example_latest_only_with_trigger.py took 0.121 seconds
[2024-08-26T15:15:53.938+0000] {processor.py:186} INFO - Started process (PID=706) to work on /home/airflow/.local/lib/python3.12/site-packages/airflow/example_dags/example_latest_only_with_trigger.py
[2024-08-26T15:15:53.940+0000] {processor.py:914} INFO - Processing file /home/airflow/.local/lib/python3.12/site-packages/airflow/example_dags/example_latest_only_with_trigger.py for tasks to queue
[2024-08-26T15:15:53.944+0000] {logging_mixin.py:190} INFO - [2024-08-26T15:15:53.944+0000] {dagbag.py:587} INFO - Filling up the DagBag from /home/airflow/.local/lib/python3.12/site-packages/airflow/example_dags/example_latest_only_with_trigger.py
[2024-08-26T15:15:53.963+0000] {processor.py:925} INFO - DAG(s) 'latest_only_with_trigger' retrieved from /home/airflow/.local/lib/python3.12/site-packages/airflow/example_dags/example_latest_only_with_trigger.py
[2024-08-26T15:15:54.011+0000] {logging_mixin.py:190} INFO - [2024-08-26T15:15:54.011+0000] {dag.py:3211} INFO - Sync 1 DAGs
[2024-08-26T15:15:54.063+0000] {logging_mixin.py:190} INFO - [2024-08-26T15:15:54.063+0000] {dag.py:4138} INFO - Setting next_dagrun for latest_only_with_trigger to 2024-08-26 08:00:00+00:00, run_after=2024-08-26 12:00:00+00:00
[2024-08-26T15:15:54.103+0000] {processor.py:208} INFO - Processing /home/airflow/.local/lib/python3.12/site-packages/airflow/example_dags/example_latest_only_with_trigger.py took 0.177 seconds
[2024-08-26T15:16:30.575+0000] {processor.py:186} INFO - Started process (PID=777) to work on /home/airflow/.local/lib/python3.12/site-packages/airflow/example_dags/example_latest_only_with_trigger.py
[2024-08-26T15:16:30.577+0000] {processor.py:914} INFO - Processing file /home/airflow/.local/lib/python3.12/site-packages/airflow/example_dags/example_latest_only_with_trigger.py for tasks to queue
[2024-08-26T15:16:30.579+0000] {logging_mixin.py:190} INFO - [2024-08-26T15:16:30.578+0000] {dagbag.py:587} INFO - Filling up the DagBag from /home/airflow/.local/lib/python3.12/site-packages/airflow/example_dags/example_latest_only_with_trigger.py
[2024-08-26T15:16:30.591+0000] {processor.py:925} INFO - DAG(s) 'latest_only_with_trigger' retrieved from /home/airflow/.local/lib/python3.12/site-packages/airflow/example_dags/example_latest_only_with_trigger.py
[2024-08-26T15:16:30.620+0000] {logging_mixin.py:190} INFO - [2024-08-26T15:16:30.620+0000] {dag.py:3211} INFO - Sync 1 DAGs
[2024-08-26T15:16:30.652+0000] {logging_mixin.py:190} INFO - [2024-08-26T15:16:30.652+0000] {dag.py:4138} INFO - Setting next_dagrun for latest_only_with_trigger to 2024-08-26 08:00:00+00:00, run_after=2024-08-26 12:00:00+00:00
[2024-08-26T15:16:30.676+0000] {processor.py:208} INFO - Processing /home/airflow/.local/lib/python3.12/site-packages/airflow/example_dags/example_latest_only_with_trigger.py took 0.109 seconds
[2024-08-26T15:17:08.175+0000] {processor.py:186} INFO - Started process (PID=844) to work on /home/airflow/.local/lib/python3.12/site-packages/airflow/example_dags/example_latest_only_with_trigger.py
[2024-08-26T15:17:08.176+0000] {processor.py:914} INFO - Processing file /home/airflow/.local/lib/python3.12/site-packages/airflow/example_dags/example_latest_only_with_trigger.py for tasks to queue
[2024-08-26T15:17:08.178+0000] {logging_mixin.py:190} INFO - [2024-08-26T15:17:08.178+0000] {dagbag.py:587} INFO - Filling up the DagBag from /home/airflow/.local/lib/python3.12/site-packages/airflow/example_dags/example_latest_only_with_trigger.py
[2024-08-26T15:17:08.190+0000] {processor.py:925} INFO - DAG(s) 'latest_only_with_trigger' retrieved from /home/airflow/.local/lib/python3.12/site-packages/airflow/example_dags/example_latest_only_with_trigger.py
[2024-08-26T15:17:08.218+0000] {logging_mixin.py:190} INFO - [2024-08-26T15:17:08.218+0000] {dag.py:3211} INFO - Sync 1 DAGs
[2024-08-26T15:17:08.249+0000] {logging_mixin.py:190} INFO - [2024-08-26T15:17:08.248+0000] {dag.py:4138} INFO - Setting next_dagrun for latest_only_with_trigger to 2024-08-26 08:00:00+00:00, run_after=2024-08-26 12:00:00+00:00
[2024-08-26T15:17:08.272+0000] {processor.py:208} INFO - Processing /home/airflow/.local/lib/python3.12/site-packages/airflow/example_dags/example_latest_only_with_trigger.py took 0.106 seconds
[2024-08-26T15:17:44.871+0000] {processor.py:186} INFO - Started process (PID=910) to work on /home/airflow/.local/lib/python3.12/site-packages/airflow/example_dags/example_latest_only_with_trigger.py
[2024-08-26T15:17:44.873+0000] {processor.py:914} INFO - Processing file /home/airflow/.local/lib/python3.12/site-packages/airflow/example_dags/example_latest_only_with_trigger.py for tasks to queue
[2024-08-26T15:17:44.875+0000] {logging_mixin.py:190} INFO - [2024-08-26T15:17:44.874+0000] {dagbag.py:587} INFO - Filling up the DagBag from /home/airflow/.local/lib/python3.12/site-packages/airflow/example_dags/example_latest_only_with_trigger.py
[2024-08-26T15:17:44.900+0000] {processor.py:925} INFO - DAG(s) 'latest_only_with_trigger' retrieved from /home/airflow/.local/lib/python3.12/site-packages/airflow/example_dags/example_latest_only_with_trigger.py
[2024-08-26T15:17:44.930+0000] {logging_mixin.py:190} INFO - [2024-08-26T15:17:44.930+0000] {dag.py:3211} INFO - Sync 1 DAGs
[2024-08-26T15:17:44.962+0000] {logging_mixin.py:190} INFO - [2024-08-26T15:17:44.961+0000] {dag.py:4138} INFO - Setting next_dagrun for latest_only_with_trigger to 2024-08-26 08:00:00+00:00, run_after=2024-08-26 12:00:00+00:00
[2024-08-26T15:17:44.985+0000] {processor.py:208} INFO - Processing /home/airflow/.local/lib/python3.12/site-packages/airflow/example_dags/example_latest_only_with_trigger.py took 0.122 seconds
[2024-08-26T15:18:21.795+0000] {processor.py:186} INFO - Started process (PID=976) to work on /home/airflow/.local/lib/python3.12/site-packages/airflow/example_dags/example_latest_only_with_trigger.py
[2024-08-26T15:18:21.797+0000] {processor.py:914} INFO - Processing file /home/airflow/.local/lib/python3.12/site-packages/airflow/example_dags/example_latest_only_with_trigger.py for tasks to queue
[2024-08-26T15:18:21.798+0000] {logging_mixin.py:190} INFO - [2024-08-26T15:18:21.798+0000] {dagbag.py:587} INFO - Filling up the DagBag from /home/airflow/.local/lib/python3.12/site-packages/airflow/example_dags/example_latest_only_with_trigger.py
[2024-08-26T15:18:21.809+0000] {processor.py:925} INFO - DAG(s) 'latest_only_with_trigger' retrieved from /home/airflow/.local/lib/python3.12/site-packages/airflow/example_dags/example_latest_only_with_trigger.py
[2024-08-26T15:18:21.837+0000] {logging_mixin.py:190} INFO - [2024-08-26T15:18:21.836+0000] {dag.py:3211} INFO - Sync 1 DAGs
[2024-08-26T15:18:21.866+0000] {logging_mixin.py:190} INFO - [2024-08-26T15:18:21.866+0000] {dag.py:4138} INFO - Setting next_dagrun for latest_only_with_trigger to 2024-08-26 08:00:00+00:00, run_after=2024-08-26 12:00:00+00:00
[2024-08-26T15:18:21.890+0000] {processor.py:208} INFO - Processing /home/airflow/.local/lib/python3.12/site-packages/airflow/example_dags/example_latest_only_with_trigger.py took 0.103 seconds
[2024-08-26T15:19:04.680+0000] {processor.py:186} INFO - Started process (PID=1048) to work on /home/airflow/.local/lib/python3.12/site-packages/airflow/example_dags/example_latest_only_with_trigger.py
[2024-08-26T15:19:04.681+0000] {processor.py:914} INFO - Processing file /home/airflow/.local/lib/python3.12/site-packages/airflow/example_dags/example_latest_only_with_trigger.py for tasks to queue
[2024-08-26T15:19:04.683+0000] {logging_mixin.py:190} INFO - [2024-08-26T15:19:04.683+0000] {dagbag.py:587} INFO - Filling up the DagBag from /home/airflow/.local/lib/python3.12/site-packages/airflow/example_dags/example_latest_only_with_trigger.py
[2024-08-26T15:19:04.694+0000] {processor.py:925} INFO - DAG(s) 'latest_only_with_trigger' retrieved from /home/airflow/.local/lib/python3.12/site-packages/airflow/example_dags/example_latest_only_with_trigger.py
[2024-08-26T15:19:04.721+0000] {logging_mixin.py:190} INFO - [2024-08-26T15:19:04.721+0000] {dag.py:3211} INFO - Sync 1 DAGs
[2024-08-26T15:19:04.752+0000] {logging_mixin.py:190} INFO - [2024-08-26T15:19:04.752+0000] {dag.py:4138} INFO - Setting next_dagrun for latest_only_with_trigger to 2024-08-26 08:00:00+00:00, run_after=2024-08-26 12:00:00+00:00
[2024-08-26T15:19:04.775+0000] {processor.py:208} INFO - Processing /home/airflow/.local/lib/python3.12/site-packages/airflow/example_dags/example_latest_only_with_trigger.py took 0.102 seconds
[2024-08-26T15:19:41.427+0000] {processor.py:186} INFO - Started process (PID=1114) to work on /home/airflow/.local/lib/python3.12/site-packages/airflow/example_dags/example_latest_only_with_trigger.py
[2024-08-26T15:19:41.429+0000] {processor.py:914} INFO - Processing file /home/airflow/.local/lib/python3.12/site-packages/airflow/example_dags/example_latest_only_with_trigger.py for tasks to queue
[2024-08-26T15:19:41.431+0000] {logging_mixin.py:190} INFO - [2024-08-26T15:19:41.430+0000] {dagbag.py:587} INFO - Filling up the DagBag from /home/airflow/.local/lib/python3.12/site-packages/airflow/example_dags/example_latest_only_with_trigger.py
[2024-08-26T15:19:41.442+0000] {processor.py:925} INFO - DAG(s) 'latest_only_with_trigger' retrieved from /home/airflow/.local/lib/python3.12/site-packages/airflow/example_dags/example_latest_only_with_trigger.py
[2024-08-26T15:19:41.470+0000] {logging_mixin.py:190} INFO - [2024-08-26T15:19:41.469+0000] {dag.py:3211} INFO - Sync 1 DAGs
[2024-08-26T15:19:41.500+0000] {logging_mixin.py:190} INFO - [2024-08-26T15:19:41.500+0000] {dag.py:4138} INFO - Setting next_dagrun for latest_only_with_trigger to 2024-08-26 08:00:00+00:00, run_after=2024-08-26 12:00:00+00:00
[2024-08-26T15:19:41.524+0000] {processor.py:208} INFO - Processing /home/airflow/.local/lib/python3.12/site-packages/airflow/example_dags/example_latest_only_with_trigger.py took 0.105 seconds
[2024-08-26T15:20:19.937+0000] {processor.py:186} INFO - Started process (PID=1181) to work on /home/airflow/.local/lib/python3.12/site-packages/airflow/example_dags/example_latest_only_with_trigger.py
[2024-08-26T15:20:19.939+0000] {processor.py:914} INFO - Processing file /home/airflow/.local/lib/python3.12/site-packages/airflow/example_dags/example_latest_only_with_trigger.py for tasks to queue
[2024-08-26T15:20:19.941+0000] {logging_mixin.py:190} INFO - [2024-08-26T15:20:19.940+0000] {dagbag.py:587} INFO - Filling up the DagBag from /home/airflow/.local/lib/python3.12/site-packages/airflow/example_dags/example_latest_only_with_trigger.py
[2024-08-26T15:20:19.953+0000] {processor.py:925} INFO - DAG(s) 'latest_only_with_trigger' retrieved from /home/airflow/.local/lib/python3.12/site-packages/airflow/example_dags/example_latest_only_with_trigger.py
[2024-08-26T15:20:19.982+0000] {logging_mixin.py:190} INFO - [2024-08-26T15:20:19.982+0000] {dag.py:3211} INFO - Sync 1 DAGs
[2024-08-26T15:20:20.017+0000] {logging_mixin.py:190} INFO - [2024-08-26T15:20:20.017+0000] {dag.py:4138} INFO - Setting next_dagrun for latest_only_with_trigger to 2024-08-26 08:00:00+00:00, run_after=2024-08-26 12:00:00+00:00
[2024-08-26T15:20:20.047+0000] {processor.py:208} INFO - Processing /home/airflow/.local/lib/python3.12/site-packages/airflow/example_dags/example_latest_only_with_trigger.py took 0.121 seconds
[2024-08-26T15:20:58.245+0000] {processor.py:186} INFO - Started process (PID=1247) to work on /home/airflow/.local/lib/python3.12/site-packages/airflow/example_dags/example_latest_only_with_trigger.py
[2024-08-26T15:20:58.246+0000] {processor.py:914} INFO - Processing file /home/airflow/.local/lib/python3.12/site-packages/airflow/example_dags/example_latest_only_with_trigger.py for tasks to queue
[2024-08-26T15:20:58.248+0000] {logging_mixin.py:190} INFO - [2024-08-26T15:20:58.248+0000] {dagbag.py:587} INFO - Filling up the DagBag from /home/airflow/.local/lib/python3.12/site-packages/airflow/example_dags/example_latest_only_with_trigger.py
[2024-08-26T15:20:58.260+0000] {processor.py:925} INFO - DAG(s) 'latest_only_with_trigger' retrieved from /home/airflow/.local/lib/python3.12/site-packages/airflow/example_dags/example_latest_only_with_trigger.py
[2024-08-26T15:20:58.289+0000] {logging_mixin.py:190} INFO - [2024-08-26T15:20:58.289+0000] {dag.py:3211} INFO - Sync 1 DAGs
[2024-08-26T15:20:58.321+0000] {logging_mixin.py:190} INFO - [2024-08-26T15:20:58.321+0000] {dag.py:4138} INFO - Setting next_dagrun for latest_only_with_trigger to 2024-08-26 08:00:00+00:00, run_after=2024-08-26 12:00:00+00:00
[2024-08-26T15:20:58.346+0000] {processor.py:208} INFO - Processing /home/airflow/.local/lib/python3.12/site-packages/airflow/example_dags/example_latest_only_with_trigger.py took 0.110 seconds
[2024-08-26T15:21:37.377+0000] {processor.py:186} INFO - Started process (PID=1320) to work on /home/airflow/.local/lib/python3.12/site-packages/airflow/example_dags/example_latest_only_with_trigger.py
[2024-08-26T15:21:37.378+0000] {processor.py:914} INFO - Processing file /home/airflow/.local/lib/python3.12/site-packages/airflow/example_dags/example_latest_only_with_trigger.py for tasks to queue
[2024-08-26T15:21:37.380+0000] {logging_mixin.py:190} INFO - [2024-08-26T15:21:37.380+0000] {dagbag.py:587} INFO - Filling up the DagBag from /home/airflow/.local/lib/python3.12/site-packages/airflow/example_dags/example_latest_only_with_trigger.py
[2024-08-26T15:21:37.391+0000] {processor.py:925} INFO - DAG(s) 'latest_only_with_trigger' retrieved from /home/airflow/.local/lib/python3.12/site-packages/airflow/example_dags/example_latest_only_with_trigger.py
[2024-08-26T15:21:37.423+0000] {logging_mixin.py:190} INFO - [2024-08-26T15:21:37.423+0000] {dag.py:3211} INFO - Sync 1 DAGs
[2024-08-26T15:21:37.461+0000] {logging_mixin.py:190} INFO - [2024-08-26T15:21:37.460+0000] {dag.py:4138} INFO - Setting next_dagrun for latest_only_with_trigger to 2024-08-26 08:00:00+00:00, run_after=2024-08-26 12:00:00+00:00
[2024-08-26T15:21:37.493+0000] {processor.py:208} INFO - Processing /home/airflow/.local/lib/python3.12/site-packages/airflow/example_dags/example_latest_only_with_trigger.py took 0.124 seconds
[2024-08-26T15:22:23.709+0000] {processor.py:186} INFO - Started process (PID=1386) to work on /home/airflow/.local/lib/python3.12/site-packages/airflow/example_dags/example_latest_only_with_trigger.py
[2024-08-26T15:22:23.712+0000] {processor.py:914} INFO - Processing file /home/airflow/.local/lib/python3.12/site-packages/airflow/example_dags/example_latest_only_with_trigger.py for tasks to queue
[2024-08-26T15:22:23.717+0000] {logging_mixin.py:190} INFO - [2024-08-26T15:22:23.716+0000] {dagbag.py:587} INFO - Filling up the DagBag from /home/airflow/.local/lib/python3.12/site-packages/airflow/example_dags/example_latest_only_with_trigger.py
[2024-08-26T15:22:23.750+0000] {processor.py:925} INFO - DAG(s) 'latest_only_with_trigger' retrieved from /home/airflow/.local/lib/python3.12/site-packages/airflow/example_dags/example_latest_only_with_trigger.py
[2024-08-26T15:22:23.838+0000] {logging_mixin.py:190} INFO - [2024-08-26T15:22:23.837+0000] {dag.py:3211} INFO - Sync 1 DAGs
[2024-08-26T15:22:23.943+0000] {logging_mixin.py:190} INFO - [2024-08-26T15:22:23.942+0000] {dag.py:4138} INFO - Setting next_dagrun for latest_only_with_trigger to 2024-08-26 08:00:00+00:00, run_after=2024-08-26 12:00:00+00:00
[2024-08-26T15:22:24.013+0000] {processor.py:208} INFO - Processing /home/airflow/.local/lib/python3.12/site-packages/airflow/example_dags/example_latest_only_with_trigger.py took 0.325 seconds
[2024-08-26T15:23:19.346+0000] {processor.py:186} INFO - Started process (PID=1458) to work on /home/airflow/.local/lib/python3.12/site-packages/airflow/example_dags/example_latest_only_with_trigger.py
[2024-08-26T15:23:19.348+0000] {processor.py:914} INFO - Processing file /home/airflow/.local/lib/python3.12/site-packages/airflow/example_dags/example_latest_only_with_trigger.py for tasks to queue
[2024-08-26T15:23:19.351+0000] {logging_mixin.py:190} INFO - [2024-08-26T15:23:19.350+0000] {dagbag.py:587} INFO - Filling up the DagBag from /home/airflow/.local/lib/python3.12/site-packages/airflow/example_dags/example_latest_only_with_trigger.py
[2024-08-26T15:23:19.369+0000] {processor.py:925} INFO - DAG(s) 'latest_only_with_trigger' retrieved from /home/airflow/.local/lib/python3.12/site-packages/airflow/example_dags/example_latest_only_with_trigger.py
[2024-08-26T15:23:19.413+0000] {logging_mixin.py:190} INFO - [2024-08-26T15:23:19.412+0000] {dag.py:3211} INFO - Sync 1 DAGs
[2024-08-26T15:23:19.471+0000] {logging_mixin.py:190} INFO - [2024-08-26T15:23:19.470+0000] {dag.py:4138} INFO - Setting next_dagrun for latest_only_with_trigger to 2024-08-26 08:00:00+00:00, run_after=2024-08-26 12:00:00+00:00
[2024-08-26T15:23:19.517+0000] {processor.py:208} INFO - Processing /home/airflow/.local/lib/python3.12/site-packages/airflow/example_dags/example_latest_only_with_trigger.py took 0.185 seconds
[2024-08-26T15:23:54.113+0000] {processor.py:186} INFO - Started process (PID=1524) to work on /home/airflow/.local/lib/python3.12/site-packages/airflow/example_dags/example_latest_only_with_trigger.py
[2024-08-26T15:23:54.114+0000] {processor.py:914} INFO - Processing file /home/airflow/.local/lib/python3.12/site-packages/airflow/example_dags/example_latest_only_with_trigger.py for tasks to queue
[2024-08-26T15:23:54.116+0000] {logging_mixin.py:190} INFO - [2024-08-26T15:23:54.116+0000] {dagbag.py:587} INFO - Filling up the DagBag from /home/airflow/.local/lib/python3.12/site-packages/airflow/example_dags/example_latest_only_with_trigger.py
[2024-08-26T15:23:54.127+0000] {processor.py:925} INFO - DAG(s) 'latest_only_with_trigger' retrieved from /home/airflow/.local/lib/python3.12/site-packages/airflow/example_dags/example_latest_only_with_trigger.py
[2024-08-26T15:23:54.158+0000] {logging_mixin.py:190} INFO - [2024-08-26T15:23:54.157+0000] {dag.py:3211} INFO - Sync 1 DAGs
[2024-08-26T15:23:54.193+0000] {logging_mixin.py:190} INFO - [2024-08-26T15:23:54.191+0000] {dag.py:4138} INFO - Setting next_dagrun for latest_only_with_trigger to 2024-08-26 08:00:00+00:00, run_after=2024-08-26 12:00:00+00:00
[2024-08-26T15:23:54.233+0000] {processor.py:208} INFO - Processing /home/airflow/.local/lib/python3.12/site-packages/airflow/example_dags/example_latest_only_with_trigger.py took 0.129 seconds
[2024-08-26T15:24:30.368+0000] {processor.py:186} INFO - Started process (PID=1590) to work on /home/airflow/.local/lib/python3.12/site-packages/airflow/example_dags/example_latest_only_with_trigger.py
[2024-08-26T15:24:30.369+0000] {processor.py:914} INFO - Processing file /home/airflow/.local/lib/python3.12/site-packages/airflow/example_dags/example_latest_only_with_trigger.py for tasks to queue
[2024-08-26T15:24:30.371+0000] {logging_mixin.py:190} INFO - [2024-08-26T15:24:30.371+0000] {dagbag.py:587} INFO - Filling up the DagBag from /home/airflow/.local/lib/python3.12/site-packages/airflow/example_dags/example_latest_only_with_trigger.py
[2024-08-26T15:24:30.382+0000] {processor.py:925} INFO - DAG(s) 'latest_only_with_trigger' retrieved from /home/airflow/.local/lib/python3.12/site-packages/airflow/example_dags/example_latest_only_with_trigger.py
[2024-08-26T15:24:30.410+0000] {logging_mixin.py:190} INFO - [2024-08-26T15:24:30.409+0000] {dag.py:3211} INFO - Sync 1 DAGs
[2024-08-26T15:24:30.440+0000] {logging_mixin.py:190} INFO - [2024-08-26T15:24:30.440+0000] {dag.py:4138} INFO - Setting next_dagrun for latest_only_with_trigger to 2024-08-26 08:00:00+00:00, run_after=2024-08-26 12:00:00+00:00
[2024-08-26T15:24:30.465+0000] {processor.py:208} INFO - Processing /home/airflow/.local/lib/python3.12/site-packages/airflow/example_dags/example_latest_only_with_trigger.py took 0.105 seconds
[2024-08-26T15:25:08.289+0000] {processor.py:186} INFO - Started process (PID=1661) to work on /home/airflow/.local/lib/python3.12/site-packages/airflow/example_dags/example_latest_only_with_trigger.py
[2024-08-26T15:25:08.291+0000] {processor.py:914} INFO - Processing file /home/airflow/.local/lib/python3.12/site-packages/airflow/example_dags/example_latest_only_with_trigger.py for tasks to queue
[2024-08-26T15:25:08.293+0000] {logging_mixin.py:190} INFO - [2024-08-26T15:25:08.292+0000] {dagbag.py:587} INFO - Filling up the DagBag from /home/airflow/.local/lib/python3.12/site-packages/airflow/example_dags/example_latest_only_with_trigger.py
[2024-08-26T15:25:08.304+0000] {processor.py:925} INFO - DAG(s) 'latest_only_with_trigger' retrieved from /home/airflow/.local/lib/python3.12/site-packages/airflow/example_dags/example_latest_only_with_trigger.py
[2024-08-26T15:25:08.335+0000] {logging_mixin.py:190} INFO - [2024-08-26T15:25:08.334+0000] {dag.py:3211} INFO - Sync 1 DAGs
[2024-08-26T15:25:08.367+0000] {logging_mixin.py:190} INFO - [2024-08-26T15:25:08.367+0000] {dag.py:4138} INFO - Setting next_dagrun for latest_only_with_trigger to 2024-08-26 08:00:00+00:00, run_after=2024-08-26 12:00:00+00:00
[2024-08-26T15:25:08.393+0000] {processor.py:208} INFO - Processing /home/airflow/.local/lib/python3.12/site-packages/airflow/example_dags/example_latest_only_with_trigger.py took 0.113 seconds
[2024-08-26T15:25:50.090+0000] {processor.py:186} INFO - Started process (PID=1727) to work on /home/airflow/.local/lib/python3.12/site-packages/airflow/example_dags/example_latest_only_with_trigger.py
[2024-08-26T15:25:50.092+0000] {processor.py:914} INFO - Processing file /home/airflow/.local/lib/python3.12/site-packages/airflow/example_dags/example_latest_only_with_trigger.py for tasks to queue
[2024-08-26T15:25:50.094+0000] {logging_mixin.py:190} INFO - [2024-08-26T15:25:50.094+0000] {dagbag.py:587} INFO - Filling up the DagBag from /home/airflow/.local/lib/python3.12/site-packages/airflow/example_dags/example_latest_only_with_trigger.py
[2024-08-26T15:25:50.108+0000] {processor.py:925} INFO - DAG(s) 'latest_only_with_trigger' retrieved from /home/airflow/.local/lib/python3.12/site-packages/airflow/example_dags/example_latest_only_with_trigger.py
[2024-08-26T15:25:50.143+0000] {logging_mixin.py:190} INFO - [2024-08-26T15:25:50.143+0000] {dag.py:3211} INFO - Sync 1 DAGs
[2024-08-26T15:25:50.184+0000] {logging_mixin.py:190} INFO - [2024-08-26T15:25:50.184+0000] {dag.py:4138} INFO - Setting next_dagrun for latest_only_with_trigger to 2024-08-26 08:00:00+00:00, run_after=2024-08-26 12:00:00+00:00
[2024-08-26T15:25:50.215+0000] {processor.py:208} INFO - Processing /home/airflow/.local/lib/python3.12/site-packages/airflow/example_dags/example_latest_only_with_trigger.py took 0.135 seconds
[2024-08-26T15:27:13.497+0000] {processor.py:186} INFO - Started process (PID=1807) to work on /home/airflow/.local/lib/python3.12/site-packages/airflow/example_dags/example_latest_only_with_trigger.py
[2024-08-26T15:27:13.502+0000] {processor.py:914} INFO - Processing file /home/airflow/.local/lib/python3.12/site-packages/airflow/example_dags/example_latest_only_with_trigger.py for tasks to queue
[2024-08-26T15:27:13.509+0000] {logging_mixin.py:190} INFO - [2024-08-26T15:27:13.507+0000] {dagbag.py:587} INFO - Filling up the DagBag from /home/airflow/.local/lib/python3.12/site-packages/airflow/example_dags/example_latest_only_with_trigger.py
[2024-08-26T15:27:13.550+0000] {processor.py:925} INFO - DAG(s) 'latest_only_with_trigger' retrieved from /home/airflow/.local/lib/python3.12/site-packages/airflow/example_dags/example_latest_only_with_trigger.py
[2024-08-26T15:27:13.643+0000] {logging_mixin.py:190} INFO - [2024-08-26T15:27:13.642+0000] {dag.py:3211} INFO - Sync 1 DAGs
[2024-08-26T15:27:13.749+0000] {logging_mixin.py:190} INFO - [2024-08-26T15:27:13.748+0000] {dag.py:4138} INFO - Setting next_dagrun for latest_only_with_trigger to 2024-08-26 08:00:00+00:00, run_after=2024-08-26 12:00:00+00:00
[2024-08-26T15:27:13.832+0000] {processor.py:208} INFO - Processing /home/airflow/.local/lib/python3.12/site-packages/airflow/example_dags/example_latest_only_with_trigger.py took 0.359 seconds
[2024-08-26T15:27:51.569+0000] {processor.py:186} INFO - Started process (PID=1874) to work on /home/airflow/.local/lib/python3.12/site-packages/airflow/example_dags/example_latest_only_with_trigger.py
[2024-08-26T15:27:51.574+0000] {processor.py:914} INFO - Processing file /home/airflow/.local/lib/python3.12/site-packages/airflow/example_dags/example_latest_only_with_trigger.py for tasks to queue
[2024-08-26T15:27:51.581+0000] {logging_mixin.py:190} INFO - [2024-08-26T15:27:51.579+0000] {dagbag.py:587} INFO - Filling up the DagBag from /home/airflow/.local/lib/python3.12/site-packages/airflow/example_dags/example_latest_only_with_trigger.py
[2024-08-26T15:27:51.633+0000] {processor.py:925} INFO - DAG(s) 'latest_only_with_trigger' retrieved from /home/airflow/.local/lib/python3.12/site-packages/airflow/example_dags/example_latest_only_with_trigger.py
[2024-08-26T15:27:51.856+0000] {logging_mixin.py:190} INFO - [2024-08-26T15:27:51.854+0000] {dag.py:3211} INFO - Sync 1 DAGs
[2024-08-26T15:27:52.005+0000] {logging_mixin.py:190} INFO - [2024-08-26T15:27:52.003+0000] {dag.py:4138} INFO - Setting next_dagrun for latest_only_with_trigger to 2024-08-26 08:00:00+00:00, run_after=2024-08-26 12:00:00+00:00
[2024-08-26T15:27:52.531+0000] {processor.py:208} INFO - Processing /home/airflow/.local/lib/python3.12/site-packages/airflow/example_dags/example_latest_only_with_trigger.py took 0.987 seconds
[2024-08-26T15:28:32.945+0000] {processor.py:186} INFO - Started process (PID=1946) to work on /home/airflow/.local/lib/python3.12/site-packages/airflow/example_dags/example_latest_only_with_trigger.py
[2024-08-26T15:28:32.947+0000] {processor.py:914} INFO - Processing file /home/airflow/.local/lib/python3.12/site-packages/airflow/example_dags/example_latest_only_with_trigger.py for tasks to queue
[2024-08-26T15:28:32.950+0000] {logging_mixin.py:190} INFO - [2024-08-26T15:28:32.949+0000] {dagbag.py:587} INFO - Filling up the DagBag from /home/airflow/.local/lib/python3.12/site-packages/airflow/example_dags/example_latest_only_with_trigger.py
[2024-08-26T15:28:32.969+0000] {processor.py:925} INFO - DAG(s) 'latest_only_with_trigger' retrieved from /home/airflow/.local/lib/python3.12/site-packages/airflow/example_dags/example_latest_only_with_trigger.py
[2024-08-26T15:28:33.011+0000] {logging_mixin.py:190} INFO - [2024-08-26T15:28:33.011+0000] {dag.py:3211} INFO - Sync 1 DAGs
[2024-08-26T15:28:33.075+0000] {logging_mixin.py:190} INFO - [2024-08-26T15:28:33.074+0000] {dag.py:4138} INFO - Setting next_dagrun for latest_only_with_trigger to 2024-08-26 08:00:00+00:00, run_after=2024-08-26 12:00:00+00:00
[2024-08-26T15:28:33.125+0000] {processor.py:208} INFO - Processing /home/airflow/.local/lib/python3.12/site-packages/airflow/example_dags/example_latest_only_with_trigger.py took 0.192 seconds
[2024-08-26T15:29:40.559+0000] {processor.py:186} INFO - Started process (PID=2019) to work on /home/airflow/.local/lib/python3.12/site-packages/airflow/example_dags/example_latest_only_with_trigger.py
[2024-08-26T15:29:40.565+0000] {processor.py:914} INFO - Processing file /home/airflow/.local/lib/python3.12/site-packages/airflow/example_dags/example_latest_only_with_trigger.py for tasks to queue
[2024-08-26T15:29:40.571+0000] {logging_mixin.py:190} INFO - [2024-08-26T15:29:40.570+0000] {dagbag.py:587} INFO - Filling up the DagBag from /home/airflow/.local/lib/python3.12/site-packages/airflow/example_dags/example_latest_only_with_trigger.py
[2024-08-26T15:29:40.644+0000] {processor.py:925} INFO - DAG(s) 'latest_only_with_trigger' retrieved from /home/airflow/.local/lib/python3.12/site-packages/airflow/example_dags/example_latest_only_with_trigger.py
[2024-08-26T15:29:40.782+0000] {logging_mixin.py:190} INFO - [2024-08-26T15:29:40.780+0000] {dag.py:3211} INFO - Sync 1 DAGs
[2024-08-26T15:29:40.995+0000] {logging_mixin.py:190} INFO - [2024-08-26T15:29:40.995+0000] {dag.py:4138} INFO - Setting next_dagrun for latest_only_with_trigger to 2024-08-26 08:00:00+00:00, run_after=2024-08-26 12:00:00+00:00
[2024-08-26T15:29:41.132+0000] {processor.py:208} INFO - Processing /home/airflow/.local/lib/python3.12/site-packages/airflow/example_dags/example_latest_only_with_trigger.py took 0.600 seconds
[2024-08-26T15:30:54.833+0000] {processor.py:186} INFO - Started process (PID=2094) to work on /home/airflow/.local/lib/python3.12/site-packages/airflow/example_dags/example_latest_only_with_trigger.py
[2024-08-26T15:30:54.837+0000] {processor.py:914} INFO - Processing file /home/airflow/.local/lib/python3.12/site-packages/airflow/example_dags/example_latest_only_with_trigger.py for tasks to queue
[2024-08-26T15:30:54.843+0000] {logging_mixin.py:190} INFO - [2024-08-26T15:30:54.842+0000] {dagbag.py:587} INFO - Filling up the DagBag from /home/airflow/.local/lib/python3.12/site-packages/airflow/example_dags/example_latest_only_with_trigger.py
[2024-08-26T15:30:54.876+0000] {processor.py:925} INFO - DAG(s) 'latest_only_with_trigger' retrieved from /home/airflow/.local/lib/python3.12/site-packages/airflow/example_dags/example_latest_only_with_trigger.py
[2024-08-26T15:30:54.998+0000] {logging_mixin.py:190} INFO - [2024-08-26T15:30:54.996+0000] {dag.py:3211} INFO - Sync 1 DAGs
[2024-08-26T15:30:55.181+0000] {logging_mixin.py:190} INFO - [2024-08-26T15:30:55.180+0000] {dag.py:4138} INFO - Setting next_dagrun for latest_only_with_trigger to 2024-08-26 08:00:00+00:00, run_after=2024-08-26 12:00:00+00:00
[2024-08-26T15:30:55.306+0000] {processor.py:208} INFO - Processing /home/airflow/.local/lib/python3.12/site-packages/airflow/example_dags/example_latest_only_with_trigger.py took 0.499 seconds
[2024-08-26T15:31:51.519+0000] {processor.py:186} INFO - Started process (PID=2171) to work on /home/airflow/.local/lib/python3.12/site-packages/airflow/example_dags/example_latest_only_with_trigger.py
[2024-08-26T15:31:51.524+0000] {processor.py:914} INFO - Processing file /home/airflow/.local/lib/python3.12/site-packages/airflow/example_dags/example_latest_only_with_trigger.py for tasks to queue
[2024-08-26T15:31:51.529+0000] {logging_mixin.py:190} INFO - [2024-08-26T15:31:51.528+0000] {dagbag.py:587} INFO - Filling up the DagBag from /home/airflow/.local/lib/python3.12/site-packages/airflow/example_dags/example_latest_only_with_trigger.py
[2024-08-26T15:31:51.561+0000] {processor.py:925} INFO - DAG(s) 'latest_only_with_trigger' retrieved from /home/airflow/.local/lib/python3.12/site-packages/airflow/example_dags/example_latest_only_with_trigger.py
[2024-08-26T15:31:51.642+0000] {logging_mixin.py:190} INFO - [2024-08-26T15:31:51.641+0000] {dag.py:3211} INFO - Sync 1 DAGs
[2024-08-26T15:31:51.744+0000] {logging_mixin.py:190} INFO - [2024-08-26T15:31:51.744+0000] {dag.py:4138} INFO - Setting next_dagrun for latest_only_with_trigger to 2024-08-26 08:00:00+00:00, run_after=2024-08-26 12:00:00+00:00
[2024-08-26T15:31:51.837+0000] {processor.py:208} INFO - Processing /home/airflow/.local/lib/python3.12/site-packages/airflow/example_dags/example_latest_only_with_trigger.py took 0.343 seconds
[2024-08-26T15:32:57.966+0000] {processor.py:186} INFO - Started process (PID=2242) to work on /home/airflow/.local/lib/python3.12/site-packages/airflow/example_dags/example_latest_only_with_trigger.py
[2024-08-26T15:32:57.979+0000] {processor.py:914} INFO - Processing file /home/airflow/.local/lib/python3.12/site-packages/airflow/example_dags/example_latest_only_with_trigger.py for tasks to queue
[2024-08-26T15:32:57.991+0000] {logging_mixin.py:190} INFO - [2024-08-26T15:32:57.989+0000] {dagbag.py:587} INFO - Filling up the DagBag from /home/airflow/.local/lib/python3.12/site-packages/airflow/example_dags/example_latest_only_with_trigger.py
[2024-08-26T15:32:58.050+0000] {processor.py:925} INFO - DAG(s) 'latest_only_with_trigger' retrieved from /home/airflow/.local/lib/python3.12/site-packages/airflow/example_dags/example_latest_only_with_trigger.py
[2024-08-26T15:32:58.166+0000] {logging_mixin.py:190} INFO - [2024-08-26T15:32:58.166+0000] {dag.py:3211} INFO - Sync 1 DAGs
[2024-08-26T15:32:58.680+0000] {logging_mixin.py:190} INFO - [2024-08-26T15:32:58.678+0000] {dag.py:4138} INFO - Setting next_dagrun for latest_only_with_trigger to 2024-08-26 08:00:00+00:00, run_after=2024-08-26 12:00:00+00:00
[2024-08-26T15:32:58.877+0000] {processor.py:208} INFO - Processing /home/airflow/.local/lib/python3.12/site-packages/airflow/example_dags/example_latest_only_with_trigger.py took 0.990 seconds
[2024-08-26T15:38:55.632+0000] {processor.py:186} INFO - Started process (PID=2371) to work on /home/airflow/.local/lib/python3.12/site-packages/airflow/example_dags/example_latest_only_with_trigger.py
[2024-08-26T15:38:55.637+0000] {processor.py:914} INFO - Processing file /home/airflow/.local/lib/python3.12/site-packages/airflow/example_dags/example_latest_only_with_trigger.py for tasks to queue
[2024-08-26T15:38:55.645+0000] {logging_mixin.py:190} INFO - [2024-08-26T15:38:55.644+0000] {dagbag.py:587} INFO - Filling up the DagBag from /home/airflow/.local/lib/python3.12/site-packages/airflow/example_dags/example_latest_only_with_trigger.py
[2024-08-26T15:38:55.682+0000] {processor.py:925} INFO - DAG(s) 'latest_only_with_trigger' retrieved from /home/airflow/.local/lib/python3.12/site-packages/airflow/example_dags/example_latest_only_with_trigger.py
[2024-08-26T15:38:55.848+0000] {logging_mixin.py:190} INFO - [2024-08-26T15:38:55.847+0000] {dag.py:3211} INFO - Sync 1 DAGs
[2024-08-26T15:38:56.054+0000] {logging_mixin.py:190} INFO - [2024-08-26T15:38:56.053+0000] {dag.py:4138} INFO - Setting next_dagrun for latest_only_with_trigger to 2024-08-26 08:00:00+00:00, run_after=2024-08-26 12:00:00+00:00
[2024-08-26T15:38:56.146+0000] {processor.py:208} INFO - Processing /home/airflow/.local/lib/python3.12/site-packages/airflow/example_dags/example_latest_only_with_trigger.py took 0.556 seconds
[2024-08-26T15:39:32.371+0000] {processor.py:186} INFO - Started process (PID=2443) to work on /home/airflow/.local/lib/python3.12/site-packages/airflow/example_dags/example_latest_only_with_trigger.py
[2024-08-26T15:39:32.374+0000] {processor.py:914} INFO - Processing file /home/airflow/.local/lib/python3.12/site-packages/airflow/example_dags/example_latest_only_with_trigger.py for tasks to queue
[2024-08-26T15:39:32.378+0000] {logging_mixin.py:190} INFO - [2024-08-26T15:39:32.377+0000] {dagbag.py:587} INFO - Filling up the DagBag from /home/airflow/.local/lib/python3.12/site-packages/airflow/example_dags/example_latest_only_with_trigger.py
[2024-08-26T15:39:32.393+0000] {processor.py:925} INFO - DAG(s) 'latest_only_with_trigger' retrieved from /home/airflow/.local/lib/python3.12/site-packages/airflow/example_dags/example_latest_only_with_trigger.py
[2024-08-26T15:39:32.444+0000] {logging_mixin.py:190} INFO - [2024-08-26T15:39:32.443+0000] {dag.py:3211} INFO - Sync 1 DAGs
[2024-08-26T15:39:32.491+0000] {logging_mixin.py:190} INFO - [2024-08-26T15:39:32.490+0000] {dag.py:4138} INFO - Setting next_dagrun for latest_only_with_trigger to 2024-08-26 08:00:00+00:00, run_after=2024-08-26 12:00:00+00:00
[2024-08-26T15:39:32.526+0000] {processor.py:208} INFO - Processing /home/airflow/.local/lib/python3.12/site-packages/airflow/example_dags/example_latest_only_with_trigger.py took 0.170 seconds
[2024-08-26T15:40:20.871+0000] {processor.py:186} INFO - Started process (PID=2510) to work on /home/airflow/.local/lib/python3.12/site-packages/airflow/example_dags/example_latest_only_with_trigger.py
[2024-08-26T15:40:20.875+0000] {processor.py:914} INFO - Processing file /home/airflow/.local/lib/python3.12/site-packages/airflow/example_dags/example_latest_only_with_trigger.py for tasks to queue
[2024-08-26T15:40:20.880+0000] {logging_mixin.py:190} INFO - [2024-08-26T15:40:20.879+0000] {dagbag.py:587} INFO - Filling up the DagBag from /home/airflow/.local/lib/python3.12/site-packages/airflow/example_dags/example_latest_only_with_trigger.py
[2024-08-26T15:40:20.896+0000] {processor.py:925} INFO - DAG(s) 'latest_only_with_trigger' retrieved from /home/airflow/.local/lib/python3.12/site-packages/airflow/example_dags/example_latest_only_with_trigger.py
[2024-08-26T15:40:20.947+0000] {logging_mixin.py:190} INFO - [2024-08-26T15:40:20.946+0000] {dag.py:3211} INFO - Sync 1 DAGs
[2024-08-26T15:40:21.001+0000] {logging_mixin.py:190} INFO - [2024-08-26T15:40:21.000+0000] {dag.py:4138} INFO - Setting next_dagrun for latest_only_with_trigger to 2024-08-26 08:00:00+00:00, run_after=2024-08-26 12:00:00+00:00
[2024-08-26T15:40:21.043+0000] {processor.py:208} INFO - Processing /home/airflow/.local/lib/python3.12/site-packages/airflow/example_dags/example_latest_only_with_trigger.py took 0.187 seconds
[2024-08-26T15:41:10.044+0000] {processor.py:186} INFO - Started process (PID=2582) to work on /home/airflow/.local/lib/python3.12/site-packages/airflow/example_dags/example_latest_only_with_trigger.py
[2024-08-26T15:41:10.047+0000] {processor.py:914} INFO - Processing file /home/airflow/.local/lib/python3.12/site-packages/airflow/example_dags/example_latest_only_with_trigger.py for tasks to queue
[2024-08-26T15:41:10.053+0000] {logging_mixin.py:190} INFO - [2024-08-26T15:41:10.052+0000] {dagbag.py:587} INFO - Filling up the DagBag from /home/airflow/.local/lib/python3.12/site-packages/airflow/example_dags/example_latest_only_with_trigger.py
[2024-08-26T15:41:10.074+0000] {processor.py:925} INFO - DAG(s) 'latest_only_with_trigger' retrieved from /home/airflow/.local/lib/python3.12/site-packages/airflow/example_dags/example_latest_only_with_trigger.py
[2024-08-26T15:41:10.139+0000] {logging_mixin.py:190} INFO - [2024-08-26T15:41:10.138+0000] {dag.py:3211} INFO - Sync 1 DAGs
[2024-08-26T15:41:10.206+0000] {logging_mixin.py:190} INFO - [2024-08-26T15:41:10.205+0000] {dag.py:4138} INFO - Setting next_dagrun for latest_only_with_trigger to 2024-08-26 08:00:00+00:00, run_after=2024-08-26 12:00:00+00:00
[2024-08-26T15:41:10.260+0000] {processor.py:208} INFO - Processing /home/airflow/.local/lib/python3.12/site-packages/airflow/example_dags/example_latest_only_with_trigger.py took 0.234 seconds
[2024-08-26T15:43:57.319+0000] {processor.py:186} INFO - Started process (PID=2676) to work on /home/airflow/.local/lib/python3.12/site-packages/airflow/example_dags/example_latest_only_with_trigger.py
[2024-08-26T15:43:57.323+0000] {processor.py:914} INFO - Processing file /home/airflow/.local/lib/python3.12/site-packages/airflow/example_dags/example_latest_only_with_trigger.py for tasks to queue
[2024-08-26T15:43:57.329+0000] {logging_mixin.py:190} INFO - [2024-08-26T15:43:57.327+0000] {dagbag.py:587} INFO - Filling up the DagBag from /home/airflow/.local/lib/python3.12/site-packages/airflow/example_dags/example_latest_only_with_trigger.py
[2024-08-26T15:43:57.359+0000] {processor.py:925} INFO - DAG(s) 'latest_only_with_trigger' retrieved from /home/airflow/.local/lib/python3.12/site-packages/airflow/example_dags/example_latest_only_with_trigger.py
[2024-08-26T15:43:57.477+0000] {logging_mixin.py:190} INFO - [2024-08-26T15:43:57.476+0000] {dag.py:3211} INFO - Sync 1 DAGs
[2024-08-26T15:43:57.571+0000] {logging_mixin.py:190} INFO - [2024-08-26T15:43:57.571+0000] {dag.py:4138} INFO - Setting next_dagrun for latest_only_with_trigger to 2024-08-26 08:00:00+00:00, run_after=2024-08-26 12:00:00+00:00
[2024-08-26T15:43:57.639+0000] {processor.py:208} INFO - Processing /home/airflow/.local/lib/python3.12/site-packages/airflow/example_dags/example_latest_only_with_trigger.py took 0.346 seconds
[2024-08-26T15:44:40.195+0000] {processor.py:186} INFO - Started process (PID=2749) to work on /home/airflow/.local/lib/python3.12/site-packages/airflow/example_dags/example_latest_only_with_trigger.py
[2024-08-26T15:44:40.197+0000] {processor.py:914} INFO - Processing file /home/airflow/.local/lib/python3.12/site-packages/airflow/example_dags/example_latest_only_with_trigger.py for tasks to queue
[2024-08-26T15:44:40.201+0000] {logging_mixin.py:190} INFO - [2024-08-26T15:44:40.200+0000] {dagbag.py:587} INFO - Filling up the DagBag from /home/airflow/.local/lib/python3.12/site-packages/airflow/example_dags/example_latest_only_with_trigger.py
[2024-08-26T15:44:40.216+0000] {processor.py:925} INFO - DAG(s) 'latest_only_with_trigger' retrieved from /home/airflow/.local/lib/python3.12/site-packages/airflow/example_dags/example_latest_only_with_trigger.py
[2024-08-26T15:44:40.265+0000] {logging_mixin.py:190} INFO - [2024-08-26T15:44:40.264+0000] {dag.py:3211} INFO - Sync 1 DAGs
[2024-08-26T15:44:40.314+0000] {logging_mixin.py:190} INFO - [2024-08-26T15:44:40.314+0000] {dag.py:4138} INFO - Setting next_dagrun for latest_only_with_trigger to 2024-08-26 08:00:00+00:00, run_after=2024-08-26 12:00:00+00:00
[2024-08-26T15:44:40.352+0000] {processor.py:208} INFO - Processing /home/airflow/.local/lib/python3.12/site-packages/airflow/example_dags/example_latest_only_with_trigger.py took 0.172 seconds
[2024-08-26T15:45:17.441+0000] {processor.py:186} INFO - Started process (PID=2815) to work on /home/airflow/.local/lib/python3.12/site-packages/airflow/example_dags/example_latest_only_with_trigger.py
[2024-08-26T15:45:17.442+0000] {processor.py:914} INFO - Processing file /home/airflow/.local/lib/python3.12/site-packages/airflow/example_dags/example_latest_only_with_trigger.py for tasks to queue
[2024-08-26T15:45:17.445+0000] {logging_mixin.py:190} INFO - [2024-08-26T15:45:17.444+0000] {dagbag.py:587} INFO - Filling up the DagBag from /home/airflow/.local/lib/python3.12/site-packages/airflow/example_dags/example_latest_only_with_trigger.py
[2024-08-26T15:45:17.455+0000] {processor.py:925} INFO - DAG(s) 'latest_only_with_trigger' retrieved from /home/airflow/.local/lib/python3.12/site-packages/airflow/example_dags/example_latest_only_with_trigger.py
[2024-08-26T15:45:17.486+0000] {logging_mixin.py:190} INFO - [2024-08-26T15:45:17.485+0000] {dag.py:3211} INFO - Sync 1 DAGs
[2024-08-26T15:45:17.518+0000] {logging_mixin.py:190} INFO - [2024-08-26T15:45:17.517+0000] {dag.py:4138} INFO - Setting next_dagrun for latest_only_with_trigger to 2024-08-26 08:00:00+00:00, run_after=2024-08-26 12:00:00+00:00
[2024-08-26T15:45:17.542+0000] {processor.py:208} INFO - Processing /home/airflow/.local/lib/python3.12/site-packages/airflow/example_dags/example_latest_only_with_trigger.py took 0.111 seconds
[2024-08-26T15:46:01.089+0000] {processor.py:186} INFO - Started process (PID=2881) to work on /home/airflow/.local/lib/python3.12/site-packages/airflow/example_dags/example_latest_only_with_trigger.py
[2024-08-26T15:46:01.095+0000] {processor.py:914} INFO - Processing file /home/airflow/.local/lib/python3.12/site-packages/airflow/example_dags/example_latest_only_with_trigger.py for tasks to queue
[2024-08-26T15:46:01.101+0000] {logging_mixin.py:190} INFO - [2024-08-26T15:46:01.100+0000] {dagbag.py:587} INFO - Filling up the DagBag from /home/airflow/.local/lib/python3.12/site-packages/airflow/example_dags/example_latest_only_with_trigger.py
[2024-08-26T15:46:01.123+0000] {processor.py:925} INFO - DAG(s) 'latest_only_with_trigger' retrieved from /home/airflow/.local/lib/python3.12/site-packages/airflow/example_dags/example_latest_only_with_trigger.py
[2024-08-26T15:46:01.200+0000] {logging_mixin.py:190} INFO - [2024-08-26T15:46:01.199+0000] {dag.py:3211} INFO - Sync 1 DAGs
[2024-08-26T15:46:01.297+0000] {logging_mixin.py:190} INFO - [2024-08-26T15:46:01.296+0000] {dag.py:4138} INFO - Setting next_dagrun for latest_only_with_trigger to 2024-08-26 08:00:00+00:00, run_after=2024-08-26 12:00:00+00:00
[2024-08-26T15:46:01.350+0000] {processor.py:208} INFO - Processing /home/airflow/.local/lib/python3.12/site-packages/airflow/example_dags/example_latest_only_with_trigger.py took 0.287 seconds
[2024-08-26T15:48:06.145+0000] {processor.py:186} INFO - Started process (PID=2975) to work on /home/airflow/.local/lib/python3.12/site-packages/airflow/example_dags/example_latest_only_with_trigger.py
[2024-08-26T15:48:06.150+0000] {processor.py:914} INFO - Processing file /home/airflow/.local/lib/python3.12/site-packages/airflow/example_dags/example_latest_only_with_trigger.py for tasks to queue
[2024-08-26T15:48:06.157+0000] {logging_mixin.py:190} INFO - [2024-08-26T15:48:06.155+0000] {dagbag.py:587} INFO - Filling up the DagBag from /home/airflow/.local/lib/python3.12/site-packages/airflow/example_dags/example_latest_only_with_trigger.py
[2024-08-26T15:48:06.183+0000] {processor.py:925} INFO - DAG(s) 'latest_only_with_trigger' retrieved from /home/airflow/.local/lib/python3.12/site-packages/airflow/example_dags/example_latest_only_with_trigger.py
[2024-08-26T15:48:06.396+0000] {logging_mixin.py:190} INFO - [2024-08-26T15:48:06.395+0000] {dag.py:3211} INFO - Sync 1 DAGs
[2024-08-26T15:48:06.509+0000] {logging_mixin.py:190} INFO - [2024-08-26T15:48:06.508+0000] {dag.py:4138} INFO - Setting next_dagrun for latest_only_with_trigger to 2024-08-26 08:00:00+00:00, run_after=2024-08-26 12:00:00+00:00
[2024-08-26T15:48:06.575+0000] {processor.py:208} INFO - Processing /home/airflow/.local/lib/python3.12/site-packages/airflow/example_dags/example_latest_only_with_trigger.py took 0.457 seconds
[2024-08-26T15:50:59.423+0000] {processor.py:186} INFO - Started process (PID=3068) to work on /home/airflow/.local/lib/python3.12/site-packages/airflow/example_dags/example_latest_only_with_trigger.py
[2024-08-26T15:50:59.440+0000] {processor.py:914} INFO - Processing file /home/airflow/.local/lib/python3.12/site-packages/airflow/example_dags/example_latest_only_with_trigger.py for tasks to queue
[2024-08-26T15:50:59.451+0000] {logging_mixin.py:190} INFO - [2024-08-26T15:50:59.449+0000] {dagbag.py:587} INFO - Filling up the DagBag from /home/airflow/.local/lib/python3.12/site-packages/airflow/example_dags/example_latest_only_with_trigger.py
[2024-08-26T15:50:59.509+0000] {processor.py:925} INFO - DAG(s) 'latest_only_with_trigger' retrieved from /home/airflow/.local/lib/python3.12/site-packages/airflow/example_dags/example_latest_only_with_trigger.py
[2024-08-26T15:50:59.838+0000] {logging_mixin.py:190} INFO - [2024-08-26T15:50:59.826+0000] {dag.py:3211} INFO - Sync 1 DAGs
[2024-08-26T15:51:00.108+0000] {logging_mixin.py:190} INFO - [2024-08-26T15:51:00.107+0000] {dag.py:4138} INFO - Setting next_dagrun for latest_only_with_trigger to 2024-08-26 08:00:00+00:00, run_after=2024-08-26 12:00:00+00:00
[2024-08-26T15:51:00.284+0000] {processor.py:208} INFO - Processing /home/airflow/.local/lib/python3.12/site-packages/airflow/example_dags/example_latest_only_with_trigger.py took 0.921 seconds
[2024-08-26T15:51:50.528+0000] {processor.py:186} INFO - Started process (PID=3140) to work on /home/airflow/.local/lib/python3.12/site-packages/airflow/example_dags/example_latest_only_with_trigger.py
[2024-08-26T15:51:50.531+0000] {processor.py:914} INFO - Processing file /home/airflow/.local/lib/python3.12/site-packages/airflow/example_dags/example_latest_only_with_trigger.py for tasks to queue
[2024-08-26T15:51:50.534+0000] {logging_mixin.py:190} INFO - [2024-08-26T15:51:50.533+0000] {dagbag.py:587} INFO - Filling up the DagBag from /home/airflow/.local/lib/python3.12/site-packages/airflow/example_dags/example_latest_only_with_trigger.py
[2024-08-26T15:51:50.551+0000] {processor.py:925} INFO - DAG(s) 'latest_only_with_trigger' retrieved from /home/airflow/.local/lib/python3.12/site-packages/airflow/example_dags/example_latest_only_with_trigger.py
[2024-08-26T15:51:50.603+0000] {logging_mixin.py:190} INFO - [2024-08-26T15:51:50.602+0000] {dag.py:3211} INFO - Sync 1 DAGs
[2024-08-26T15:51:50.659+0000] {logging_mixin.py:190} INFO - [2024-08-26T15:51:50.658+0000] {dag.py:4138} INFO - Setting next_dagrun for latest_only_with_trigger to 2024-08-26 08:00:00+00:00, run_after=2024-08-26 12:00:00+00:00
[2024-08-26T15:51:50.701+0000] {processor.py:208} INFO - Processing /home/airflow/.local/lib/python3.12/site-packages/airflow/example_dags/example_latest_only_with_trigger.py took 0.189 seconds
[2024-08-26T15:52:32.158+0000] {processor.py:186} INFO - Started process (PID=3207) to work on /home/airflow/.local/lib/python3.12/site-packages/airflow/example_dags/example_latest_only_with_trigger.py
[2024-08-26T15:52:32.162+0000] {processor.py:914} INFO - Processing file /home/airflow/.local/lib/python3.12/site-packages/airflow/example_dags/example_latest_only_with_trigger.py for tasks to queue
[2024-08-26T15:52:32.166+0000] {logging_mixin.py:190} INFO - [2024-08-26T15:52:32.165+0000] {dagbag.py:587} INFO - Filling up the DagBag from /home/airflow/.local/lib/python3.12/site-packages/airflow/example_dags/example_latest_only_with_trigger.py
[2024-08-26T15:52:32.240+0000] {processor.py:925} INFO - DAG(s) 'latest_only_with_trigger' retrieved from /home/airflow/.local/lib/python3.12/site-packages/airflow/example_dags/example_latest_only_with_trigger.py
[2024-08-26T15:52:32.325+0000] {logging_mixin.py:190} INFO - [2024-08-26T15:52:32.325+0000] {dag.py:3211} INFO - Sync 1 DAGs
[2024-08-26T15:52:32.399+0000] {logging_mixin.py:190} INFO - [2024-08-26T15:52:32.398+0000] {dag.py:4138} INFO - Setting next_dagrun for latest_only_with_trigger to 2024-08-26 08:00:00+00:00, run_after=2024-08-26 12:00:00+00:00
[2024-08-26T15:52:32.446+0000] {processor.py:208} INFO - Processing /home/airflow/.local/lib/python3.12/site-packages/airflow/example_dags/example_latest_only_with_trigger.py took 0.326 seconds
