[2024-08-26T10:34:41.405+0000] {processor.py:186} INFO - Started process (PID=56) to work on /home/airflow/.local/lib/python3.12/site-packages/airflow/example_dags/example_skip_dag.py
[2024-08-26T10:34:41.408+0000] {processor.py:914} INFO - Processing file /home/airflow/.local/lib/python3.12/site-packages/airflow/example_dags/example_skip_dag.py for tasks to queue
[2024-08-26T10:34:41.412+0000] {logging_mixin.py:190} INFO - [2024-08-26T10:34:41.411+0000] {dagbag.py:587} INFO - Filling up the DagBag from /home/airflow/.local/lib/python3.12/site-packages/airflow/example_dags/example_skip_dag.py
[2024-08-26T10:34:41.429+0000] {processor.py:925} INFO - DAG(s) 'example_skip_dag' retrieved from /home/airflow/.local/lib/python3.12/site-packages/airflow/example_dags/example_skip_dag.py
[2024-08-26T10:34:41.474+0000] {logging_mixin.py:190} INFO - [2024-08-26T10:34:41.474+0000] {dag.py:3211} INFO - Sync 1 DAGs
[2024-08-26T10:34:41.510+0000] {logging_mixin.py:190} INFO - [2024-08-26T10:34:41.510+0000] {dag.py:4138} INFO - Setting next_dagrun for example_skip_dag to 2024-08-25 00:00:00+00:00, run_after=2024-08-26 00:00:00+00:00
[2024-08-26T10:34:41.535+0000] {processor.py:208} INFO - Processing /home/airflow/.local/lib/python3.12/site-packages/airflow/example_dags/example_skip_dag.py took 0.141 seconds
[2024-08-26T10:35:24.572+0000] {processor.py:186} INFO - Started process (PID=128) to work on /home/airflow/.local/lib/python3.12/site-packages/airflow/example_dags/example_skip_dag.py
[2024-08-26T10:35:24.574+0000] {processor.py:914} INFO - Processing file /home/airflow/.local/lib/python3.12/site-packages/airflow/example_dags/example_skip_dag.py for tasks to queue
[2024-08-26T10:35:24.578+0000] {logging_mixin.py:190} INFO - [2024-08-26T10:35:24.577+0000] {dagbag.py:587} INFO - Filling up the DagBag from /home/airflow/.local/lib/python3.12/site-packages/airflow/example_dags/example_skip_dag.py
[2024-08-26T10:35:24.590+0000] {processor.py:925} INFO - DAG(s) 'example_skip_dag' retrieved from /home/airflow/.local/lib/python3.12/site-packages/airflow/example_dags/example_skip_dag.py
[2024-08-26T10:35:24.622+0000] {logging_mixin.py:190} INFO - [2024-08-26T10:35:24.622+0000] {dag.py:3211} INFO - Sync 1 DAGs
[2024-08-26T10:35:24.656+0000] {logging_mixin.py:190} INFO - [2024-08-26T10:35:24.656+0000] {dag.py:4138} INFO - Setting next_dagrun for example_skip_dag to 2024-08-25 00:00:00+00:00, run_after=2024-08-26 00:00:00+00:00
[2024-08-26T10:35:24.686+0000] {processor.py:208} INFO - Processing /home/airflow/.local/lib/python3.12/site-packages/airflow/example_dags/example_skip_dag.py took 0.121 seconds
[2024-08-26T10:37:59.821+0000] {processor.py:186} INFO - Started process (PID=56) to work on /home/airflow/.local/lib/python3.12/site-packages/airflow/example_dags/example_skip_dag.py
[2024-08-26T10:37:59.823+0000] {processor.py:914} INFO - Processing file /home/airflow/.local/lib/python3.12/site-packages/airflow/example_dags/example_skip_dag.py for tasks to queue
[2024-08-26T10:37:59.828+0000] {logging_mixin.py:190} INFO - [2024-08-26T10:37:59.828+0000] {dagbag.py:587} INFO - Filling up the DagBag from /home/airflow/.local/lib/python3.12/site-packages/airflow/example_dags/example_skip_dag.py
[2024-08-26T10:37:59.841+0000] {processor.py:925} INFO - DAG(s) 'example_skip_dag' retrieved from /home/airflow/.local/lib/python3.12/site-packages/airflow/example_dags/example_skip_dag.py
[2024-08-26T10:37:59.898+0000] {logging_mixin.py:190} INFO - [2024-08-26T10:37:59.898+0000] {dag.py:3211} INFO - Sync 1 DAGs
[2024-08-26T10:38:00.014+0000] {logging_mixin.py:190} INFO - [2024-08-26T10:38:00.013+0000] {dag.py:4138} INFO - Setting next_dagrun for example_skip_dag to 2024-08-25 00:00:00+00:00, run_after=2024-08-26 00:00:00+00:00
[2024-08-26T10:38:00.045+0000] {processor.py:208} INFO - Processing /home/airflow/.local/lib/python3.12/site-packages/airflow/example_dags/example_skip_dag.py took 0.233 seconds
[2024-08-26T10:38:40.936+0000] {processor.py:186} INFO - Started process (PID=122) to work on /home/airflow/.local/lib/python3.12/site-packages/airflow/example_dags/example_skip_dag.py
[2024-08-26T10:38:40.937+0000] {processor.py:914} INFO - Processing file /home/airflow/.local/lib/python3.12/site-packages/airflow/example_dags/example_skip_dag.py for tasks to queue
[2024-08-26T10:38:40.941+0000] {logging_mixin.py:190} INFO - [2024-08-26T10:38:40.941+0000] {dagbag.py:587} INFO - Filling up the DagBag from /home/airflow/.local/lib/python3.12/site-packages/airflow/example_dags/example_skip_dag.py
[2024-08-26T10:38:40.972+0000] {processor.py:925} INFO - DAG(s) 'example_skip_dag' retrieved from /home/airflow/.local/lib/python3.12/site-packages/airflow/example_dags/example_skip_dag.py
[2024-08-26T10:38:41.008+0000] {logging_mixin.py:190} INFO - [2024-08-26T10:38:41.007+0000] {dag.py:3211} INFO - Sync 1 DAGs
[2024-08-26T10:38:41.039+0000] {logging_mixin.py:190} INFO - [2024-08-26T10:38:41.039+0000] {dag.py:4138} INFO - Setting next_dagrun for example_skip_dag to 2024-08-25 00:00:00+00:00, run_after=2024-08-26 00:00:00+00:00
[2024-08-26T10:38:41.064+0000] {processor.py:208} INFO - Processing /home/airflow/.local/lib/python3.12/site-packages/airflow/example_dags/example_skip_dag.py took 0.137 seconds
[2024-08-26T10:39:18.116+0000] {processor.py:186} INFO - Started process (PID=188) to work on /home/airflow/.local/lib/python3.12/site-packages/airflow/example_dags/example_skip_dag.py
[2024-08-26T10:39:18.118+0000] {processor.py:914} INFO - Processing file /home/airflow/.local/lib/python3.12/site-packages/airflow/example_dags/example_skip_dag.py for tasks to queue
[2024-08-26T10:39:18.121+0000] {logging_mixin.py:190} INFO - [2024-08-26T10:39:18.121+0000] {dagbag.py:587} INFO - Filling up the DagBag from /home/airflow/.local/lib/python3.12/site-packages/airflow/example_dags/example_skip_dag.py
[2024-08-26T10:39:18.132+0000] {processor.py:925} INFO - DAG(s) 'example_skip_dag' retrieved from /home/airflow/.local/lib/python3.12/site-packages/airflow/example_dags/example_skip_dag.py
[2024-08-26T10:39:18.163+0000] {logging_mixin.py:190} INFO - [2024-08-26T10:39:18.163+0000] {dag.py:3211} INFO - Sync 1 DAGs
[2024-08-26T10:39:18.195+0000] {logging_mixin.py:190} INFO - [2024-08-26T10:39:18.194+0000] {dag.py:4138} INFO - Setting next_dagrun for example_skip_dag to 2024-08-25 00:00:00+00:00, run_after=2024-08-26 00:00:00+00:00
[2024-08-26T10:39:18.222+0000] {processor.py:208} INFO - Processing /home/airflow/.local/lib/python3.12/site-packages/airflow/example_dags/example_skip_dag.py took 0.113 seconds
[2024-08-26T10:39:58.671+0000] {processor.py:186} INFO - Started process (PID=261) to work on /home/airflow/.local/lib/python3.12/site-packages/airflow/example_dags/example_skip_dag.py
[2024-08-26T10:39:58.676+0000] {processor.py:914} INFO - Processing file /home/airflow/.local/lib/python3.12/site-packages/airflow/example_dags/example_skip_dag.py for tasks to queue
[2024-08-26T10:39:58.681+0000] {logging_mixin.py:190} INFO - [2024-08-26T10:39:58.680+0000] {dagbag.py:587} INFO - Filling up the DagBag from /home/airflow/.local/lib/python3.12/site-packages/airflow/example_dags/example_skip_dag.py
[2024-08-26T10:39:58.704+0000] {processor.py:925} INFO - DAG(s) 'example_skip_dag' retrieved from /home/airflow/.local/lib/python3.12/site-packages/airflow/example_dags/example_skip_dag.py
[2024-08-26T10:39:58.738+0000] {logging_mixin.py:190} INFO - [2024-08-26T10:39:58.738+0000] {dag.py:3211} INFO - Sync 1 DAGs
[2024-08-26T10:39:58.779+0000] {logging_mixin.py:190} INFO - [2024-08-26T10:39:58.779+0000] {dag.py:4138} INFO - Setting next_dagrun for example_skip_dag to 2024-08-25 00:00:00+00:00, run_after=2024-08-26 00:00:00+00:00
[2024-08-26T10:39:58.805+0000] {processor.py:208} INFO - Processing /home/airflow/.local/lib/python3.12/site-packages/airflow/example_dags/example_skip_dag.py took 0.154 seconds
[2024-08-26T10:40:42.213+0000] {processor.py:186} INFO - Started process (PID=330) to work on /home/airflow/.local/lib/python3.12/site-packages/airflow/example_dags/example_skip_dag.py
[2024-08-26T10:40:42.215+0000] {processor.py:914} INFO - Processing file /home/airflow/.local/lib/python3.12/site-packages/airflow/example_dags/example_skip_dag.py for tasks to queue
[2024-08-26T10:40:42.219+0000] {logging_mixin.py:190} INFO - [2024-08-26T10:40:42.218+0000] {dagbag.py:587} INFO - Filling up the DagBag from /home/airflow/.local/lib/python3.12/site-packages/airflow/example_dags/example_skip_dag.py
[2024-08-26T10:40:42.229+0000] {processor.py:925} INFO - DAG(s) 'example_skip_dag' retrieved from /home/airflow/.local/lib/python3.12/site-packages/airflow/example_dags/example_skip_dag.py
[2024-08-26T10:40:42.259+0000] {logging_mixin.py:190} INFO - [2024-08-26T10:40:42.259+0000] {dag.py:3211} INFO - Sync 1 DAGs
[2024-08-26T10:40:42.293+0000] {logging_mixin.py:190} INFO - [2024-08-26T10:40:42.293+0000] {dag.py:4138} INFO - Setting next_dagrun for example_skip_dag to 2024-08-25 00:00:00+00:00, run_after=2024-08-26 00:00:00+00:00
[2024-08-26T10:40:42.318+0000] {processor.py:208} INFO - Processing /home/airflow/.local/lib/python3.12/site-packages/airflow/example_dags/example_skip_dag.py took 0.113 seconds
[2024-08-26T10:41:19.952+0000] {processor.py:186} INFO - Started process (PID=395) to work on /home/airflow/.local/lib/python3.12/site-packages/airflow/example_dags/example_skip_dag.py
[2024-08-26T10:41:19.953+0000] {processor.py:914} INFO - Processing file /home/airflow/.local/lib/python3.12/site-packages/airflow/example_dags/example_skip_dag.py for tasks to queue
[2024-08-26T10:41:19.957+0000] {logging_mixin.py:190} INFO - [2024-08-26T10:41:19.957+0000] {dagbag.py:587} INFO - Filling up the DagBag from /home/airflow/.local/lib/python3.12/site-packages/airflow/example_dags/example_skip_dag.py
[2024-08-26T10:41:19.968+0000] {processor.py:925} INFO - DAG(s) 'example_skip_dag' retrieved from /home/airflow/.local/lib/python3.12/site-packages/airflow/example_dags/example_skip_dag.py
[2024-08-26T10:41:19.996+0000] {logging_mixin.py:190} INFO - [2024-08-26T10:41:19.996+0000] {dag.py:3211} INFO - Sync 1 DAGs
[2024-08-26T10:41:20.024+0000] {logging_mixin.py:190} INFO - [2024-08-26T10:41:20.024+0000] {dag.py:4138} INFO - Setting next_dagrun for example_skip_dag to 2024-08-25 00:00:00+00:00, run_after=2024-08-26 00:00:00+00:00
[2024-08-26T10:41:20.045+0000] {processor.py:208} INFO - Processing /home/airflow/.local/lib/python3.12/site-packages/airflow/example_dags/example_skip_dag.py took 0.101 seconds
[2024-08-26T10:42:02.396+0000] {processor.py:186} INFO - Started process (PID=467) to work on /home/airflow/.local/lib/python3.12/site-packages/airflow/example_dags/example_skip_dag.py
[2024-08-26T10:42:02.398+0000] {processor.py:914} INFO - Processing file /home/airflow/.local/lib/python3.12/site-packages/airflow/example_dags/example_skip_dag.py for tasks to queue
[2024-08-26T10:42:02.405+0000] {logging_mixin.py:190} INFO - [2024-08-26T10:42:02.404+0000] {dagbag.py:587} INFO - Filling up the DagBag from /home/airflow/.local/lib/python3.12/site-packages/airflow/example_dags/example_skip_dag.py
[2024-08-26T10:42:02.432+0000] {processor.py:925} INFO - DAG(s) 'example_skip_dag' retrieved from /home/airflow/.local/lib/python3.12/site-packages/airflow/example_dags/example_skip_dag.py
[2024-08-26T10:42:02.485+0000] {logging_mixin.py:190} INFO - [2024-08-26T10:42:02.485+0000] {dag.py:3211} INFO - Sync 1 DAGs
[2024-08-26T10:42:02.536+0000] {logging_mixin.py:190} INFO - [2024-08-26T10:42:02.536+0000] {dag.py:4138} INFO - Setting next_dagrun for example_skip_dag to 2024-08-25 00:00:00+00:00, run_after=2024-08-26 00:00:00+00:00
[2024-08-26T10:42:02.568+0000] {processor.py:208} INFO - Processing /home/airflow/.local/lib/python3.12/site-packages/airflow/example_dags/example_skip_dag.py took 0.189 seconds
[2024-08-26T10:42:50.764+0000] {processor.py:186} INFO - Started process (PID=533) to work on /home/airflow/.local/lib/python3.12/site-packages/airflow/example_dags/example_skip_dag.py
[2024-08-26T10:42:50.766+0000] {processor.py:914} INFO - Processing file /home/airflow/.local/lib/python3.12/site-packages/airflow/example_dags/example_skip_dag.py for tasks to queue
[2024-08-26T10:42:50.768+0000] {logging_mixin.py:190} INFO - [2024-08-26T10:42:50.768+0000] {dagbag.py:587} INFO - Filling up the DagBag from /home/airflow/.local/lib/python3.12/site-packages/airflow/example_dags/example_skip_dag.py
[2024-08-26T10:42:50.780+0000] {processor.py:925} INFO - DAG(s) 'example_skip_dag' retrieved from /home/airflow/.local/lib/python3.12/site-packages/airflow/example_dags/example_skip_dag.py
[2024-08-26T10:42:50.811+0000] {logging_mixin.py:190} INFO - [2024-08-26T10:42:50.811+0000] {dag.py:3211} INFO - Sync 1 DAGs
[2024-08-26T10:42:50.843+0000] {logging_mixin.py:190} INFO - [2024-08-26T10:42:50.843+0000] {dag.py:4138} INFO - Setting next_dagrun for example_skip_dag to 2024-08-25 00:00:00+00:00, run_after=2024-08-26 00:00:00+00:00
[2024-08-26T10:42:50.868+0000] {processor.py:208} INFO - Processing /home/airflow/.local/lib/python3.12/site-packages/airflow/example_dags/example_skip_dag.py took 0.112 seconds
[2024-08-26T10:43:32.769+0000] {processor.py:186} INFO - Started process (PID=606) to work on /home/airflow/.local/lib/python3.12/site-packages/airflow/example_dags/example_skip_dag.py
[2024-08-26T10:43:32.773+0000] {processor.py:914} INFO - Processing file /home/airflow/.local/lib/python3.12/site-packages/airflow/example_dags/example_skip_dag.py for tasks to queue
[2024-08-26T10:43:32.776+0000] {logging_mixin.py:190} INFO - [2024-08-26T10:43:32.775+0000] {dagbag.py:587} INFO - Filling up the DagBag from /home/airflow/.local/lib/python3.12/site-packages/airflow/example_dags/example_skip_dag.py
[2024-08-26T10:43:32.802+0000] {processor.py:925} INFO - DAG(s) 'example_skip_dag' retrieved from /home/airflow/.local/lib/python3.12/site-packages/airflow/example_dags/example_skip_dag.py
[2024-08-26T10:43:33.149+0000] {logging_mixin.py:190} INFO - [2024-08-26T10:43:33.148+0000] {dag.py:3211} INFO - Sync 1 DAGs
[2024-08-26T10:43:33.397+0000] {logging_mixin.py:190} INFO - [2024-08-26T10:43:33.397+0000] {dag.py:4138} INFO - Setting next_dagrun for example_skip_dag to 2024-08-25 00:00:00+00:00, run_after=2024-08-26 00:00:00+00:00
[2024-08-26T10:43:33.463+0000] {processor.py:208} INFO - Processing /home/airflow/.local/lib/python3.12/site-packages/airflow/example_dags/example_skip_dag.py took 0.707 seconds
[2024-08-26T10:44:11.264+0000] {processor.py:186} INFO - Started process (PID=679) to work on /home/airflow/.local/lib/python3.12/site-packages/airflow/example_dags/example_skip_dag.py
[2024-08-26T10:44:11.266+0000] {processor.py:914} INFO - Processing file /home/airflow/.local/lib/python3.12/site-packages/airflow/example_dags/example_skip_dag.py for tasks to queue
[2024-08-26T10:44:11.268+0000] {logging_mixin.py:190} INFO - [2024-08-26T10:44:11.267+0000] {dagbag.py:587} INFO - Filling up the DagBag from /home/airflow/.local/lib/python3.12/site-packages/airflow/example_dags/example_skip_dag.py
[2024-08-26T10:44:11.280+0000] {processor.py:925} INFO - DAG(s) 'example_skip_dag' retrieved from /home/airflow/.local/lib/python3.12/site-packages/airflow/example_dags/example_skip_dag.py
[2024-08-26T10:44:11.313+0000] {logging_mixin.py:190} INFO - [2024-08-26T10:44:11.312+0000] {dag.py:3211} INFO - Sync 1 DAGs
[2024-08-26T10:44:11.348+0000] {logging_mixin.py:190} INFO - [2024-08-26T10:44:11.347+0000] {dag.py:4138} INFO - Setting next_dagrun for example_skip_dag to 2024-08-25 00:00:00+00:00, run_after=2024-08-26 00:00:00+00:00
[2024-08-26T10:44:11.386+0000] {processor.py:208} INFO - Processing /home/airflow/.local/lib/python3.12/site-packages/airflow/example_dags/example_skip_dag.py took 0.133 seconds
[2024-08-26T10:44:50.350+0000] {processor.py:186} INFO - Started process (PID=744) to work on /home/airflow/.local/lib/python3.12/site-packages/airflow/example_dags/example_skip_dag.py
[2024-08-26T10:44:50.352+0000] {processor.py:914} INFO - Processing file /home/airflow/.local/lib/python3.12/site-packages/airflow/example_dags/example_skip_dag.py for tasks to queue
[2024-08-26T10:44:50.354+0000] {logging_mixin.py:190} INFO - [2024-08-26T10:44:50.353+0000] {dagbag.py:587} INFO - Filling up the DagBag from /home/airflow/.local/lib/python3.12/site-packages/airflow/example_dags/example_skip_dag.py
[2024-08-26T10:44:50.365+0000] {processor.py:925} INFO - DAG(s) 'example_skip_dag' retrieved from /home/airflow/.local/lib/python3.12/site-packages/airflow/example_dags/example_skip_dag.py
[2024-08-26T10:44:50.396+0000] {logging_mixin.py:190} INFO - [2024-08-26T10:44:50.396+0000] {dag.py:3211} INFO - Sync 1 DAGs
[2024-08-26T10:44:50.426+0000] {logging_mixin.py:190} INFO - [2024-08-26T10:44:50.426+0000] {dag.py:4138} INFO - Setting next_dagrun for example_skip_dag to 2024-08-25 00:00:00+00:00, run_after=2024-08-26 00:00:00+00:00
[2024-08-26T10:44:50.452+0000] {processor.py:208} INFO - Processing /home/airflow/.local/lib/python3.12/site-packages/airflow/example_dags/example_skip_dag.py took 0.110 seconds
[2024-08-26T10:45:31.346+0000] {processor.py:186} INFO - Started process (PID=821) to work on /home/airflow/.local/lib/python3.12/site-packages/airflow/example_dags/example_skip_dag.py
[2024-08-26T10:45:31.347+0000] {processor.py:914} INFO - Processing file /home/airflow/.local/lib/python3.12/site-packages/airflow/example_dags/example_skip_dag.py for tasks to queue
[2024-08-26T10:45:31.350+0000] {logging_mixin.py:190} INFO - [2024-08-26T10:45:31.349+0000] {dagbag.py:587} INFO - Filling up the DagBag from /home/airflow/.local/lib/python3.12/site-packages/airflow/example_dags/example_skip_dag.py
[2024-08-26T10:45:31.365+0000] {processor.py:925} INFO - DAG(s) 'example_skip_dag' retrieved from /home/airflow/.local/lib/python3.12/site-packages/airflow/example_dags/example_skip_dag.py
[2024-08-26T10:45:31.478+0000] {logging_mixin.py:190} INFO - [2024-08-26T10:45:31.477+0000] {dag.py:3211} INFO - Sync 1 DAGs
[2024-08-26T10:45:31.532+0000] {logging_mixin.py:190} INFO - [2024-08-26T10:45:31.531+0000] {dag.py:4138} INFO - Setting next_dagrun for example_skip_dag to 2024-08-25 00:00:00+00:00, run_after=2024-08-26 00:00:00+00:00
[2024-08-26T10:45:31.563+0000] {processor.py:208} INFO - Processing /home/airflow/.local/lib/python3.12/site-packages/airflow/example_dags/example_skip_dag.py took 0.227 seconds
[2024-08-26T10:46:10.277+0000] {processor.py:186} INFO - Started process (PID=893) to work on /home/airflow/.local/lib/python3.12/site-packages/airflow/example_dags/example_skip_dag.py
[2024-08-26T10:46:10.279+0000] {processor.py:914} INFO - Processing file /home/airflow/.local/lib/python3.12/site-packages/airflow/example_dags/example_skip_dag.py for tasks to queue
[2024-08-26T10:46:10.281+0000] {logging_mixin.py:190} INFO - [2024-08-26T10:46:10.281+0000] {dagbag.py:587} INFO - Filling up the DagBag from /home/airflow/.local/lib/python3.12/site-packages/airflow/example_dags/example_skip_dag.py
[2024-08-26T10:46:10.293+0000] {processor.py:925} INFO - DAG(s) 'example_skip_dag' retrieved from /home/airflow/.local/lib/python3.12/site-packages/airflow/example_dags/example_skip_dag.py
[2024-08-26T10:46:10.323+0000] {logging_mixin.py:190} INFO - [2024-08-26T10:46:10.323+0000] {dag.py:3211} INFO - Sync 1 DAGs
[2024-08-26T10:46:10.356+0000] {logging_mixin.py:190} INFO - [2024-08-26T10:46:10.356+0000] {dag.py:4138} INFO - Setting next_dagrun for example_skip_dag to 2024-08-25 00:00:00+00:00, run_after=2024-08-26 00:00:00+00:00
[2024-08-26T10:46:10.385+0000] {processor.py:208} INFO - Processing /home/airflow/.local/lib/python3.12/site-packages/airflow/example_dags/example_skip_dag.py took 0.116 seconds
[2024-08-26T10:46:48.989+0000] {processor.py:186} INFO - Started process (PID=959) to work on /home/airflow/.local/lib/python3.12/site-packages/airflow/example_dags/example_skip_dag.py
[2024-08-26T10:46:48.991+0000] {processor.py:914} INFO - Processing file /home/airflow/.local/lib/python3.12/site-packages/airflow/example_dags/example_skip_dag.py for tasks to queue
[2024-08-26T10:46:48.994+0000] {logging_mixin.py:190} INFO - [2024-08-26T10:46:48.993+0000] {dagbag.py:587} INFO - Filling up the DagBag from /home/airflow/.local/lib/python3.12/site-packages/airflow/example_dags/example_skip_dag.py
[2024-08-26T10:46:49.007+0000] {processor.py:925} INFO - DAG(s) 'example_skip_dag' retrieved from /home/airflow/.local/lib/python3.12/site-packages/airflow/example_dags/example_skip_dag.py
[2024-08-26T10:46:49.037+0000] {logging_mixin.py:190} INFO - [2024-08-26T10:46:49.037+0000] {dag.py:3211} INFO - Sync 1 DAGs
[2024-08-26T10:46:49.074+0000] {logging_mixin.py:190} INFO - [2024-08-26T10:46:49.073+0000] {dag.py:4138} INFO - Setting next_dagrun for example_skip_dag to 2024-08-25 00:00:00+00:00, run_after=2024-08-26 00:00:00+00:00
[2024-08-26T10:46:49.098+0000] {processor.py:208} INFO - Processing /home/airflow/.local/lib/python3.12/site-packages/airflow/example_dags/example_skip_dag.py took 0.117 seconds
[2024-08-26T10:47:40.099+0000] {processor.py:186} INFO - Started process (PID=1042) to work on /home/airflow/.local/lib/python3.12/site-packages/airflow/example_dags/example_skip_dag.py
[2024-08-26T10:47:40.101+0000] {processor.py:914} INFO - Processing file /home/airflow/.local/lib/python3.12/site-packages/airflow/example_dags/example_skip_dag.py for tasks to queue
[2024-08-26T10:47:40.103+0000] {logging_mixin.py:190} INFO - [2024-08-26T10:47:40.103+0000] {dagbag.py:587} INFO - Filling up the DagBag from /home/airflow/.local/lib/python3.12/site-packages/airflow/example_dags/example_skip_dag.py
[2024-08-26T10:47:40.116+0000] {processor.py:925} INFO - DAG(s) 'example_skip_dag' retrieved from /home/airflow/.local/lib/python3.12/site-packages/airflow/example_dags/example_skip_dag.py
[2024-08-26T10:47:40.150+0000] {logging_mixin.py:190} INFO - [2024-08-26T10:47:40.149+0000] {dag.py:3211} INFO - Sync 1 DAGs
[2024-08-26T10:47:40.192+0000] {logging_mixin.py:190} INFO - [2024-08-26T10:47:40.191+0000] {dag.py:4138} INFO - Setting next_dagrun for example_skip_dag to 2024-08-25 00:00:00+00:00, run_after=2024-08-26 00:00:00+00:00
[2024-08-26T10:47:40.227+0000] {processor.py:208} INFO - Processing /home/airflow/.local/lib/python3.12/site-packages/airflow/example_dags/example_skip_dag.py took 0.137 seconds
[2024-08-26T10:48:19.755+0000] {processor.py:186} INFO - Started process (PID=1108) to work on /home/airflow/.local/lib/python3.12/site-packages/airflow/example_dags/example_skip_dag.py
[2024-08-26T10:48:19.757+0000] {processor.py:914} INFO - Processing file /home/airflow/.local/lib/python3.12/site-packages/airflow/example_dags/example_skip_dag.py for tasks to queue
[2024-08-26T10:48:19.759+0000] {logging_mixin.py:190} INFO - [2024-08-26T10:48:19.758+0000] {dagbag.py:587} INFO - Filling up the DagBag from /home/airflow/.local/lib/python3.12/site-packages/airflow/example_dags/example_skip_dag.py
[2024-08-26T10:48:19.771+0000] {processor.py:925} INFO - DAG(s) 'example_skip_dag' retrieved from /home/airflow/.local/lib/python3.12/site-packages/airflow/example_dags/example_skip_dag.py
[2024-08-26T10:48:19.799+0000] {logging_mixin.py:190} INFO - [2024-08-26T10:48:19.798+0000] {dag.py:3211} INFO - Sync 1 DAGs
[2024-08-26T10:48:19.829+0000] {logging_mixin.py:190} INFO - [2024-08-26T10:48:19.829+0000] {dag.py:4138} INFO - Setting next_dagrun for example_skip_dag to 2024-08-25 00:00:00+00:00, run_after=2024-08-26 00:00:00+00:00
[2024-08-26T10:48:19.855+0000] {processor.py:208} INFO - Processing /home/airflow/.local/lib/python3.12/site-packages/airflow/example_dags/example_skip_dag.py took 0.109 seconds
[2024-08-26T10:49:02.416+0000] {processor.py:186} INFO - Started process (PID=1184) to work on /home/airflow/.local/lib/python3.12/site-packages/airflow/example_dags/example_skip_dag.py
[2024-08-26T10:49:02.419+0000] {processor.py:914} INFO - Processing file /home/airflow/.local/lib/python3.12/site-packages/airflow/example_dags/example_skip_dag.py for tasks to queue
[2024-08-26T10:49:02.424+0000] {logging_mixin.py:190} INFO - [2024-08-26T10:49:02.424+0000] {dagbag.py:587} INFO - Filling up the DagBag from /home/airflow/.local/lib/python3.12/site-packages/airflow/example_dags/example_skip_dag.py
[2024-08-26T10:49:02.448+0000] {processor.py:925} INFO - DAG(s) 'example_skip_dag' retrieved from /home/airflow/.local/lib/python3.12/site-packages/airflow/example_dags/example_skip_dag.py
[2024-08-26T10:49:02.506+0000] {logging_mixin.py:190} INFO - [2024-08-26T10:49:02.506+0000] {dag.py:3211} INFO - Sync 1 DAGs
[2024-08-26T10:49:02.570+0000] {logging_mixin.py:190} INFO - [2024-08-26T10:49:02.569+0000] {dag.py:4138} INFO - Setting next_dagrun for example_skip_dag to 2024-08-25 00:00:00+00:00, run_after=2024-08-26 00:00:00+00:00
[2024-08-26T10:49:02.620+0000] {processor.py:208} INFO - Processing /home/airflow/.local/lib/python3.12/site-packages/airflow/example_dags/example_skip_dag.py took 0.219 seconds
[2024-08-26T10:49:42.714+0000] {processor.py:186} INFO - Started process (PID=1255) to work on /home/airflow/.local/lib/python3.12/site-packages/airflow/example_dags/example_skip_dag.py
[2024-08-26T10:49:42.717+0000] {processor.py:914} INFO - Processing file /home/airflow/.local/lib/python3.12/site-packages/airflow/example_dags/example_skip_dag.py for tasks to queue
[2024-08-26T10:49:42.720+0000] {logging_mixin.py:190} INFO - [2024-08-26T10:49:42.719+0000] {dagbag.py:587} INFO - Filling up the DagBag from /home/airflow/.local/lib/python3.12/site-packages/airflow/example_dags/example_skip_dag.py
[2024-08-26T10:49:42.736+0000] {processor.py:925} INFO - DAG(s) 'example_skip_dag' retrieved from /home/airflow/.local/lib/python3.12/site-packages/airflow/example_dags/example_skip_dag.py
[2024-08-26T10:49:42.782+0000] {logging_mixin.py:190} INFO - [2024-08-26T10:49:42.781+0000] {dag.py:3211} INFO - Sync 1 DAGs
[2024-08-26T10:49:42.841+0000] {logging_mixin.py:190} INFO - [2024-08-26T10:49:42.840+0000] {dag.py:4138} INFO - Setting next_dagrun for example_skip_dag to 2024-08-25 00:00:00+00:00, run_after=2024-08-26 00:00:00+00:00
[2024-08-26T10:49:42.879+0000] {processor.py:208} INFO - Processing /home/airflow/.local/lib/python3.12/site-packages/airflow/example_dags/example_skip_dag.py took 0.177 seconds
[2024-08-26T15:09:23.700+0000] {processor.py:186} INFO - Started process (PID=50) to work on /home/airflow/.local/lib/python3.12/site-packages/airflow/example_dags/example_skip_dag.py
[2024-08-26T15:09:23.702+0000] {processor.py:914} INFO - Processing file /home/airflow/.local/lib/python3.12/site-packages/airflow/example_dags/example_skip_dag.py for tasks to queue
[2024-08-26T15:09:23.705+0000] {logging_mixin.py:190} INFO - [2024-08-26T15:09:23.705+0000] {dagbag.py:587} INFO - Filling up the DagBag from /home/airflow/.local/lib/python3.12/site-packages/airflow/example_dags/example_skip_dag.py
[2024-08-26T15:09:23.717+0000] {processor.py:925} INFO - DAG(s) 'example_skip_dag' retrieved from /home/airflow/.local/lib/python3.12/site-packages/airflow/example_dags/example_skip_dag.py
[2024-08-26T15:09:23.754+0000] {logging_mixin.py:190} INFO - [2024-08-26T15:09:23.754+0000] {dag.py:3211} INFO - Sync 1 DAGs
[2024-08-26T15:09:23.785+0000] {logging_mixin.py:190} INFO - [2024-08-26T15:09:23.785+0000] {dag.py:4138} INFO - Setting next_dagrun for example_skip_dag to 2024-08-25 00:00:00+00:00, run_after=2024-08-26 00:00:00+00:00
[2024-08-26T15:09:23.809+0000] {processor.py:208} INFO - Processing /home/airflow/.local/lib/python3.12/site-packages/airflow/example_dags/example_skip_dag.py took 0.116 seconds
[2024-08-26T15:10:07.227+0000] {processor.py:186} INFO - Started process (PID=122) to work on /home/airflow/.local/lib/python3.12/site-packages/airflow/example_dags/example_skip_dag.py
[2024-08-26T15:10:07.228+0000] {processor.py:914} INFO - Processing file /home/airflow/.local/lib/python3.12/site-packages/airflow/example_dags/example_skip_dag.py for tasks to queue
[2024-08-26T15:10:07.232+0000] {logging_mixin.py:190} INFO - [2024-08-26T15:10:07.231+0000] {dagbag.py:587} INFO - Filling up the DagBag from /home/airflow/.local/lib/python3.12/site-packages/airflow/example_dags/example_skip_dag.py
[2024-08-26T15:10:07.242+0000] {processor.py:925} INFO - DAG(s) 'example_skip_dag' retrieved from /home/airflow/.local/lib/python3.12/site-packages/airflow/example_dags/example_skip_dag.py
[2024-08-26T15:10:07.272+0000] {logging_mixin.py:190} INFO - [2024-08-26T15:10:07.271+0000] {dag.py:3211} INFO - Sync 1 DAGs
[2024-08-26T15:10:07.304+0000] {logging_mixin.py:190} INFO - [2024-08-26T15:10:07.303+0000] {dag.py:4138} INFO - Setting next_dagrun for example_skip_dag to 2024-08-25 00:00:00+00:00, run_after=2024-08-26 00:00:00+00:00
[2024-08-26T15:10:07.328+0000] {processor.py:208} INFO - Processing /home/airflow/.local/lib/python3.12/site-packages/airflow/example_dags/example_skip_dag.py took 0.110 seconds
[2024-08-26T15:10:45.689+0000] {processor.py:186} INFO - Started process (PID=188) to work on /home/airflow/.local/lib/python3.12/site-packages/airflow/example_dags/example_skip_dag.py
[2024-08-26T15:10:45.691+0000] {processor.py:914} INFO - Processing file /home/airflow/.local/lib/python3.12/site-packages/airflow/example_dags/example_skip_dag.py for tasks to queue
[2024-08-26T15:10:45.694+0000] {logging_mixin.py:190} INFO - [2024-08-26T15:10:45.694+0000] {dagbag.py:587} INFO - Filling up the DagBag from /home/airflow/.local/lib/python3.12/site-packages/airflow/example_dags/example_skip_dag.py
[2024-08-26T15:10:45.705+0000] {processor.py:925} INFO - DAG(s) 'example_skip_dag' retrieved from /home/airflow/.local/lib/python3.12/site-packages/airflow/example_dags/example_skip_dag.py
[2024-08-26T15:10:45.732+0000] {logging_mixin.py:190} INFO - [2024-08-26T15:10:45.732+0000] {dag.py:3211} INFO - Sync 1 DAGs
[2024-08-26T15:10:45.763+0000] {logging_mixin.py:190} INFO - [2024-08-26T15:10:45.762+0000] {dag.py:4138} INFO - Setting next_dagrun for example_skip_dag to 2024-08-25 00:00:00+00:00, run_after=2024-08-26 00:00:00+00:00
[2024-08-26T15:10:45.785+0000] {processor.py:208} INFO - Processing /home/airflow/.local/lib/python3.12/site-packages/airflow/example_dags/example_skip_dag.py took 0.104 seconds
[2024-08-26T15:11:22.871+0000] {processor.py:186} INFO - Started process (PID=255) to work on /home/airflow/.local/lib/python3.12/site-packages/airflow/example_dags/example_skip_dag.py
[2024-08-26T15:11:22.872+0000] {processor.py:914} INFO - Processing file /home/airflow/.local/lib/python3.12/site-packages/airflow/example_dags/example_skip_dag.py for tasks to queue
[2024-08-26T15:11:22.891+0000] {logging_mixin.py:190} INFO - [2024-08-26T15:11:22.890+0000] {dagbag.py:587} INFO - Filling up the DagBag from /home/airflow/.local/lib/python3.12/site-packages/airflow/example_dags/example_skip_dag.py
[2024-08-26T15:11:22.902+0000] {processor.py:925} INFO - DAG(s) 'example_skip_dag' retrieved from /home/airflow/.local/lib/python3.12/site-packages/airflow/example_dags/example_skip_dag.py
[2024-08-26T15:11:22.934+0000] {logging_mixin.py:190} INFO - [2024-08-26T15:11:22.934+0000] {dag.py:3211} INFO - Sync 1 DAGs
[2024-08-26T15:11:22.963+0000] {logging_mixin.py:190} INFO - [2024-08-26T15:11:22.963+0000] {dag.py:4138} INFO - Setting next_dagrun for example_skip_dag to 2024-08-25 00:00:00+00:00, run_after=2024-08-26 00:00:00+00:00
[2024-08-26T15:11:22.984+0000] {processor.py:208} INFO - Processing /home/airflow/.local/lib/python3.12/site-packages/airflow/example_dags/example_skip_dag.py took 0.123 seconds
[2024-08-26T15:12:01.449+0000] {processor.py:186} INFO - Started process (PID=327) to work on /home/airflow/.local/lib/python3.12/site-packages/airflow/example_dags/example_skip_dag.py
[2024-08-26T15:12:01.450+0000] {processor.py:914} INFO - Processing file /home/airflow/.local/lib/python3.12/site-packages/airflow/example_dags/example_skip_dag.py for tasks to queue
[2024-08-26T15:12:01.454+0000] {logging_mixin.py:190} INFO - [2024-08-26T15:12:01.453+0000] {dagbag.py:587} INFO - Filling up the DagBag from /home/airflow/.local/lib/python3.12/site-packages/airflow/example_dags/example_skip_dag.py
[2024-08-26T15:12:01.464+0000] {processor.py:925} INFO - DAG(s) 'example_skip_dag' retrieved from /home/airflow/.local/lib/python3.12/site-packages/airflow/example_dags/example_skip_dag.py
[2024-08-26T15:12:01.492+0000] {logging_mixin.py:190} INFO - [2024-08-26T15:12:01.492+0000] {dag.py:3211} INFO - Sync 1 DAGs
[2024-08-26T15:12:01.520+0000] {logging_mixin.py:190} INFO - [2024-08-26T15:12:01.520+0000] {dag.py:4138} INFO - Setting next_dagrun for example_skip_dag to 2024-08-25 00:00:00+00:00, run_after=2024-08-26 00:00:00+00:00
[2024-08-26T15:12:01.542+0000] {processor.py:208} INFO - Processing /home/airflow/.local/lib/python3.12/site-packages/airflow/example_dags/example_skip_dag.py took 0.101 seconds
[2024-08-26T15:12:41.056+0000] {processor.py:186} INFO - Started process (PID=393) to work on /home/airflow/.local/lib/python3.12/site-packages/airflow/example_dags/example_skip_dag.py
[2024-08-26T15:12:41.057+0000] {processor.py:914} INFO - Processing file /home/airflow/.local/lib/python3.12/site-packages/airflow/example_dags/example_skip_dag.py for tasks to queue
[2024-08-26T15:12:41.063+0000] {logging_mixin.py:190} INFO - [2024-08-26T15:12:41.062+0000] {dagbag.py:587} INFO - Filling up the DagBag from /home/airflow/.local/lib/python3.12/site-packages/airflow/example_dags/example_skip_dag.py
[2024-08-26T15:12:41.074+0000] {processor.py:925} INFO - DAG(s) 'example_skip_dag' retrieved from /home/airflow/.local/lib/python3.12/site-packages/airflow/example_dags/example_skip_dag.py
[2024-08-26T15:12:41.107+0000] {logging_mixin.py:190} INFO - [2024-08-26T15:12:41.107+0000] {dag.py:3211} INFO - Sync 1 DAGs
[2024-08-26T15:12:41.142+0000] {logging_mixin.py:190} INFO - [2024-08-26T15:12:41.142+0000] {dag.py:4138} INFO - Setting next_dagrun for example_skip_dag to 2024-08-25 00:00:00+00:00, run_after=2024-08-26 00:00:00+00:00
[2024-08-26T15:12:41.166+0000] {processor.py:208} INFO - Processing /home/airflow/.local/lib/python3.12/site-packages/airflow/example_dags/example_skip_dag.py took 0.121 seconds
[2024-08-26T15:13:30.779+0000] {processor.py:186} INFO - Started process (PID=477) to work on /home/airflow/.local/lib/python3.12/site-packages/airflow/example_dags/example_skip_dag.py
[2024-08-26T15:13:30.781+0000] {processor.py:914} INFO - Processing file /home/airflow/.local/lib/python3.12/site-packages/airflow/example_dags/example_skip_dag.py for tasks to queue
[2024-08-26T15:13:30.786+0000] {logging_mixin.py:190} INFO - [2024-08-26T15:13:30.785+0000] {dagbag.py:587} INFO - Filling up the DagBag from /home/airflow/.local/lib/python3.12/site-packages/airflow/example_dags/example_skip_dag.py
[2024-08-26T15:13:30.802+0000] {processor.py:925} INFO - DAG(s) 'example_skip_dag' retrieved from /home/airflow/.local/lib/python3.12/site-packages/airflow/example_dags/example_skip_dag.py
[2024-08-26T15:13:30.845+0000] {logging_mixin.py:190} INFO - [2024-08-26T15:13:30.845+0000] {dag.py:3211} INFO - Sync 1 DAGs
[2024-08-26T15:13:30.896+0000] {logging_mixin.py:190} INFO - [2024-08-26T15:13:30.896+0000] {dag.py:4138} INFO - Setting next_dagrun for example_skip_dag to 2024-08-25 00:00:00+00:00, run_after=2024-08-26 00:00:00+00:00
[2024-08-26T15:13:30.929+0000] {processor.py:208} INFO - Processing /home/airflow/.local/lib/python3.12/site-packages/airflow/example_dags/example_skip_dag.py took 0.161 seconds
[2024-08-26T15:14:26.888+0000] {processor.py:186} INFO - Started process (PID=543) to work on /home/airflow/.local/lib/python3.12/site-packages/airflow/example_dags/example_skip_dag.py
[2024-08-26T15:14:26.890+0000] {processor.py:914} INFO - Processing file /home/airflow/.local/lib/python3.12/site-packages/airflow/example_dags/example_skip_dag.py for tasks to queue
[2024-08-26T15:14:26.894+0000] {logging_mixin.py:190} INFO - [2024-08-26T15:14:26.894+0000] {dagbag.py:587} INFO - Filling up the DagBag from /home/airflow/.local/lib/python3.12/site-packages/airflow/example_dags/example_skip_dag.py
[2024-08-26T15:14:26.908+0000] {processor.py:925} INFO - DAG(s) 'example_skip_dag' retrieved from /home/airflow/.local/lib/python3.12/site-packages/airflow/example_dags/example_skip_dag.py
[2024-08-26T15:14:26.947+0000] {logging_mixin.py:190} INFO - [2024-08-26T15:14:26.946+0000] {dag.py:3211} INFO - Sync 1 DAGs
[2024-08-26T15:14:26.988+0000] {logging_mixin.py:190} INFO - [2024-08-26T15:14:26.988+0000] {dag.py:4138} INFO - Setting next_dagrun for example_skip_dag to 2024-08-25 00:00:00+00:00, run_after=2024-08-26 00:00:00+00:00
[2024-08-26T15:14:27.020+0000] {processor.py:208} INFO - Processing /home/airflow/.local/lib/python3.12/site-packages/airflow/example_dags/example_skip_dag.py took 0.142 seconds
[2024-08-26T15:15:05.095+0000] {processor.py:186} INFO - Started process (PID=616) to work on /home/airflow/.local/lib/python3.12/site-packages/airflow/example_dags/example_skip_dag.py
[2024-08-26T15:15:05.097+0000] {processor.py:914} INFO - Processing file /home/airflow/.local/lib/python3.12/site-packages/airflow/example_dags/example_skip_dag.py for tasks to queue
[2024-08-26T15:15:05.099+0000] {logging_mixin.py:190} INFO - [2024-08-26T15:15:05.098+0000] {dagbag.py:587} INFO - Filling up the DagBag from /home/airflow/.local/lib/python3.12/site-packages/airflow/example_dags/example_skip_dag.py
[2024-08-26T15:15:05.111+0000] {processor.py:925} INFO - DAG(s) 'example_skip_dag' retrieved from /home/airflow/.local/lib/python3.12/site-packages/airflow/example_dags/example_skip_dag.py
[2024-08-26T15:15:05.147+0000] {logging_mixin.py:190} INFO - [2024-08-26T15:15:05.147+0000] {dag.py:3211} INFO - Sync 1 DAGs
[2024-08-26T15:15:05.186+0000] {logging_mixin.py:190} INFO - [2024-08-26T15:15:05.186+0000] {dag.py:4138} INFO - Setting next_dagrun for example_skip_dag to 2024-08-25 00:00:00+00:00, run_after=2024-08-26 00:00:00+00:00
[2024-08-26T15:15:05.222+0000] {processor.py:208} INFO - Processing /home/airflow/.local/lib/python3.12/site-packages/airflow/example_dags/example_skip_dag.py took 0.134 seconds
[2024-08-26T15:15:50.821+0000] {processor.py:186} INFO - Started process (PID=682) to work on /home/airflow/.local/lib/python3.12/site-packages/airflow/example_dags/example_skip_dag.py
[2024-08-26T15:15:50.823+0000] {processor.py:914} INFO - Processing file /home/airflow/.local/lib/python3.12/site-packages/airflow/example_dags/example_skip_dag.py for tasks to queue
[2024-08-26T15:15:50.826+0000] {logging_mixin.py:190} INFO - [2024-08-26T15:15:50.826+0000] {dagbag.py:587} INFO - Filling up the DagBag from /home/airflow/.local/lib/python3.12/site-packages/airflow/example_dags/example_skip_dag.py
[2024-08-26T15:15:50.844+0000] {processor.py:925} INFO - DAG(s) 'example_skip_dag' retrieved from /home/airflow/.local/lib/python3.12/site-packages/airflow/example_dags/example_skip_dag.py
[2024-08-26T15:15:50.886+0000] {logging_mixin.py:190} INFO - [2024-08-26T15:15:50.885+0000] {dag.py:3211} INFO - Sync 1 DAGs
[2024-08-26T15:15:50.932+0000] {logging_mixin.py:190} INFO - [2024-08-26T15:15:50.932+0000] {dag.py:4138} INFO - Setting next_dagrun for example_skip_dag to 2024-08-25 00:00:00+00:00, run_after=2024-08-26 00:00:00+00:00
[2024-08-26T15:15:50.969+0000] {processor.py:208} INFO - Processing /home/airflow/.local/lib/python3.12/site-packages/airflow/example_dags/example_skip_dag.py took 0.160 seconds
[2024-08-26T15:16:28.086+0000] {processor.py:186} INFO - Started process (PID=748) to work on /home/airflow/.local/lib/python3.12/site-packages/airflow/example_dags/example_skip_dag.py
[2024-08-26T15:16:28.088+0000] {processor.py:914} INFO - Processing file /home/airflow/.local/lib/python3.12/site-packages/airflow/example_dags/example_skip_dag.py for tasks to queue
[2024-08-26T15:16:28.090+0000] {logging_mixin.py:190} INFO - [2024-08-26T15:16:28.090+0000] {dagbag.py:587} INFO - Filling up the DagBag from /home/airflow/.local/lib/python3.12/site-packages/airflow/example_dags/example_skip_dag.py
[2024-08-26T15:16:28.103+0000] {processor.py:925} INFO - DAG(s) 'example_skip_dag' retrieved from /home/airflow/.local/lib/python3.12/site-packages/airflow/example_dags/example_skip_dag.py
[2024-08-26T15:16:28.138+0000] {logging_mixin.py:190} INFO - [2024-08-26T15:16:28.137+0000] {dag.py:3211} INFO - Sync 1 DAGs
[2024-08-26T15:16:28.179+0000] {logging_mixin.py:190} INFO - [2024-08-26T15:16:28.178+0000] {dag.py:4138} INFO - Setting next_dagrun for example_skip_dag to 2024-08-25 00:00:00+00:00, run_after=2024-08-26 00:00:00+00:00
[2024-08-26T15:16:28.213+0000] {processor.py:208} INFO - Processing /home/airflow/.local/lib/python3.12/site-packages/airflow/example_dags/example_skip_dag.py took 0.135 seconds
[2024-08-26T15:17:06.080+0000] {processor.py:186} INFO - Started process (PID=820) to work on /home/airflow/.local/lib/python3.12/site-packages/airflow/example_dags/example_skip_dag.py
[2024-08-26T15:17:06.082+0000] {processor.py:914} INFO - Processing file /home/airflow/.local/lib/python3.12/site-packages/airflow/example_dags/example_skip_dag.py for tasks to queue
[2024-08-26T15:17:06.084+0000] {logging_mixin.py:190} INFO - [2024-08-26T15:17:06.083+0000] {dagbag.py:587} INFO - Filling up the DagBag from /home/airflow/.local/lib/python3.12/site-packages/airflow/example_dags/example_skip_dag.py
[2024-08-26T15:17:06.096+0000] {processor.py:925} INFO - DAG(s) 'example_skip_dag' retrieved from /home/airflow/.local/lib/python3.12/site-packages/airflow/example_dags/example_skip_dag.py
[2024-08-26T15:17:06.124+0000] {logging_mixin.py:190} INFO - [2024-08-26T15:17:06.124+0000] {dag.py:3211} INFO - Sync 1 DAGs
[2024-08-26T15:17:06.156+0000] {logging_mixin.py:190} INFO - [2024-08-26T15:17:06.156+0000] {dag.py:4138} INFO - Setting next_dagrun for example_skip_dag to 2024-08-25 00:00:00+00:00, run_after=2024-08-26 00:00:00+00:00
[2024-08-26T15:17:06.184+0000] {processor.py:208} INFO - Processing /home/airflow/.local/lib/python3.12/site-packages/airflow/example_dags/example_skip_dag.py took 0.112 seconds
[2024-08-26T15:17:42.764+0000] {processor.py:186} INFO - Started process (PID=886) to work on /home/airflow/.local/lib/python3.12/site-packages/airflow/example_dags/example_skip_dag.py
[2024-08-26T15:17:42.766+0000] {processor.py:914} INFO - Processing file /home/airflow/.local/lib/python3.12/site-packages/airflow/example_dags/example_skip_dag.py for tasks to queue
[2024-08-26T15:17:42.768+0000] {logging_mixin.py:190} INFO - [2024-08-26T15:17:42.768+0000] {dagbag.py:587} INFO - Filling up the DagBag from /home/airflow/.local/lib/python3.12/site-packages/airflow/example_dags/example_skip_dag.py
[2024-08-26T15:17:42.781+0000] {processor.py:925} INFO - DAG(s) 'example_skip_dag' retrieved from /home/airflow/.local/lib/python3.12/site-packages/airflow/example_dags/example_skip_dag.py
[2024-08-26T15:17:42.809+0000] {logging_mixin.py:190} INFO - [2024-08-26T15:17:42.809+0000] {dag.py:3211} INFO - Sync 1 DAGs
[2024-08-26T15:17:42.841+0000] {logging_mixin.py:190} INFO - [2024-08-26T15:17:42.840+0000] {dag.py:4138} INFO - Setting next_dagrun for example_skip_dag to 2024-08-25 00:00:00+00:00, run_after=2024-08-26 00:00:00+00:00
[2024-08-26T15:17:42.865+0000] {processor.py:208} INFO - Processing /home/airflow/.local/lib/python3.12/site-packages/airflow/example_dags/example_skip_dag.py took 0.109 seconds
[2024-08-26T15:18:19.413+0000] {processor.py:186} INFO - Started process (PID=952) to work on /home/airflow/.local/lib/python3.12/site-packages/airflow/example_dags/example_skip_dag.py
[2024-08-26T15:18:19.415+0000] {processor.py:914} INFO - Processing file /home/airflow/.local/lib/python3.12/site-packages/airflow/example_dags/example_skip_dag.py for tasks to queue
[2024-08-26T15:18:19.417+0000] {logging_mixin.py:190} INFO - [2024-08-26T15:18:19.417+0000] {dagbag.py:587} INFO - Filling up the DagBag from /home/airflow/.local/lib/python3.12/site-packages/airflow/example_dags/example_skip_dag.py
[2024-08-26T15:18:19.428+0000] {processor.py:925} INFO - DAG(s) 'example_skip_dag' retrieved from /home/airflow/.local/lib/python3.12/site-packages/airflow/example_dags/example_skip_dag.py
[2024-08-26T15:18:19.456+0000] {logging_mixin.py:190} INFO - [2024-08-26T15:18:19.456+0000] {dag.py:3211} INFO - Sync 1 DAGs
[2024-08-26T15:18:19.485+0000] {logging_mixin.py:190} INFO - [2024-08-26T15:18:19.485+0000] {dag.py:4138} INFO - Setting next_dagrun for example_skip_dag to 2024-08-25 00:00:00+00:00, run_after=2024-08-26 00:00:00+00:00
[2024-08-26T15:18:19.508+0000] {processor.py:208} INFO - Processing /home/airflow/.local/lib/python3.12/site-packages/airflow/example_dags/example_skip_dag.py took 0.103 seconds
[2024-08-26T15:19:02.394+0000] {processor.py:186} INFO - Started process (PID=1023) to work on /home/airflow/.local/lib/python3.12/site-packages/airflow/example_dags/example_skip_dag.py
[2024-08-26T15:19:02.396+0000] {processor.py:914} INFO - Processing file /home/airflow/.local/lib/python3.12/site-packages/airflow/example_dags/example_skip_dag.py for tasks to queue
[2024-08-26T15:19:02.397+0000] {logging_mixin.py:190} INFO - [2024-08-26T15:19:02.397+0000] {dagbag.py:587} INFO - Filling up the DagBag from /home/airflow/.local/lib/python3.12/site-packages/airflow/example_dags/example_skip_dag.py
[2024-08-26T15:19:02.408+0000] {processor.py:925} INFO - DAG(s) 'example_skip_dag' retrieved from /home/airflow/.local/lib/python3.12/site-packages/airflow/example_dags/example_skip_dag.py
[2024-08-26T15:19:02.433+0000] {logging_mixin.py:190} INFO - [2024-08-26T15:19:02.433+0000] {dag.py:3211} INFO - Sync 1 DAGs
[2024-08-26T15:19:02.459+0000] {logging_mixin.py:190} INFO - [2024-08-26T15:19:02.458+0000] {dag.py:4138} INFO - Setting next_dagrun for example_skip_dag to 2024-08-25 00:00:00+00:00, run_after=2024-08-26 00:00:00+00:00
[2024-08-26T15:19:02.478+0000] {processor.py:208} INFO - Processing /home/airflow/.local/lib/python3.12/site-packages/airflow/example_dags/example_skip_dag.py took 0.091 seconds
[2024-08-26T15:19:39.439+0000] {processor.py:186} INFO - Started process (PID=1090) to work on /home/airflow/.local/lib/python3.12/site-packages/airflow/example_dags/example_skip_dag.py
[2024-08-26T15:19:39.440+0000] {processor.py:914} INFO - Processing file /home/airflow/.local/lib/python3.12/site-packages/airflow/example_dags/example_skip_dag.py for tasks to queue
[2024-08-26T15:19:39.442+0000] {logging_mixin.py:190} INFO - [2024-08-26T15:19:39.442+0000] {dagbag.py:587} INFO - Filling up the DagBag from /home/airflow/.local/lib/python3.12/site-packages/airflow/example_dags/example_skip_dag.py
[2024-08-26T15:19:39.453+0000] {processor.py:925} INFO - DAG(s) 'example_skip_dag' retrieved from /home/airflow/.local/lib/python3.12/site-packages/airflow/example_dags/example_skip_dag.py
[2024-08-26T15:19:39.486+0000] {logging_mixin.py:190} INFO - [2024-08-26T15:19:39.486+0000] {dag.py:3211} INFO - Sync 1 DAGs
[2024-08-26T15:19:39.523+0000] {logging_mixin.py:190} INFO - [2024-08-26T15:19:39.522+0000] {dag.py:4138} INFO - Setting next_dagrun for example_skip_dag to 2024-08-25 00:00:00+00:00, run_after=2024-08-26 00:00:00+00:00
[2024-08-26T15:19:39.547+0000] {processor.py:208} INFO - Processing /home/airflow/.local/lib/python3.12/site-packages/airflow/example_dags/example_skip_dag.py took 0.116 seconds
[2024-08-26T15:20:17.549+0000] {processor.py:186} INFO - Started process (PID=1157) to work on /home/airflow/.local/lib/python3.12/site-packages/airflow/example_dags/example_skip_dag.py
[2024-08-26T15:20:17.551+0000] {processor.py:914} INFO - Processing file /home/airflow/.local/lib/python3.12/site-packages/airflow/example_dags/example_skip_dag.py for tasks to queue
[2024-08-26T15:20:17.553+0000] {logging_mixin.py:190} INFO - [2024-08-26T15:20:17.552+0000] {dagbag.py:587} INFO - Filling up the DagBag from /home/airflow/.local/lib/python3.12/site-packages/airflow/example_dags/example_skip_dag.py
[2024-08-26T15:20:17.567+0000] {processor.py:925} INFO - DAG(s) 'example_skip_dag' retrieved from /home/airflow/.local/lib/python3.12/site-packages/airflow/example_dags/example_skip_dag.py
[2024-08-26T15:20:17.600+0000] {logging_mixin.py:190} INFO - [2024-08-26T15:20:17.599+0000] {dag.py:3211} INFO - Sync 1 DAGs
[2024-08-26T15:20:17.635+0000] {logging_mixin.py:190} INFO - [2024-08-26T15:20:17.635+0000] {dag.py:4138} INFO - Setting next_dagrun for example_skip_dag to 2024-08-25 00:00:00+00:00, run_after=2024-08-26 00:00:00+00:00
[2024-08-26T15:20:17.664+0000] {processor.py:208} INFO - Processing /home/airflow/.local/lib/python3.12/site-packages/airflow/example_dags/example_skip_dag.py took 0.124 seconds
[2024-08-26T15:20:55.713+0000] {processor.py:186} INFO - Started process (PID=1223) to work on /home/airflow/.local/lib/python3.12/site-packages/airflow/example_dags/example_skip_dag.py
[2024-08-26T15:20:55.715+0000] {processor.py:914} INFO - Processing file /home/airflow/.local/lib/python3.12/site-packages/airflow/example_dags/example_skip_dag.py for tasks to queue
[2024-08-26T15:20:55.717+0000] {logging_mixin.py:190} INFO - [2024-08-26T15:20:55.716+0000] {dagbag.py:587} INFO - Filling up the DagBag from /home/airflow/.local/lib/python3.12/site-packages/airflow/example_dags/example_skip_dag.py
[2024-08-26T15:20:55.728+0000] {processor.py:925} INFO - DAG(s) 'example_skip_dag' retrieved from /home/airflow/.local/lib/python3.12/site-packages/airflow/example_dags/example_skip_dag.py
[2024-08-26T15:20:55.757+0000] {logging_mixin.py:190} INFO - [2024-08-26T15:20:55.757+0000] {dag.py:3211} INFO - Sync 1 DAGs
[2024-08-26T15:20:55.787+0000] {logging_mixin.py:190} INFO - [2024-08-26T15:20:55.787+0000] {dag.py:4138} INFO - Setting next_dagrun for example_skip_dag to 2024-08-25 00:00:00+00:00, run_after=2024-08-26 00:00:00+00:00
[2024-08-26T15:20:55.814+0000] {processor.py:208} INFO - Processing /home/airflow/.local/lib/python3.12/site-packages/airflow/example_dags/example_skip_dag.py took 0.109 seconds
[2024-08-26T15:21:33.280+0000] {processor.py:186} INFO - Started process (PID=1294) to work on /home/airflow/.local/lib/python3.12/site-packages/airflow/example_dags/example_skip_dag.py
[2024-08-26T15:21:33.282+0000] {processor.py:914} INFO - Processing file /home/airflow/.local/lib/python3.12/site-packages/airflow/example_dags/example_skip_dag.py for tasks to queue
[2024-08-26T15:21:33.284+0000] {logging_mixin.py:190} INFO - [2024-08-26T15:21:33.284+0000] {dagbag.py:587} INFO - Filling up the DagBag from /home/airflow/.local/lib/python3.12/site-packages/airflow/example_dags/example_skip_dag.py
[2024-08-26T15:21:33.299+0000] {processor.py:925} INFO - DAG(s) 'example_skip_dag' retrieved from /home/airflow/.local/lib/python3.12/site-packages/airflow/example_dags/example_skip_dag.py
[2024-08-26T15:21:33.340+0000] {logging_mixin.py:190} INFO - [2024-08-26T15:21:33.340+0000] {dag.py:3211} INFO - Sync 1 DAGs
[2024-08-26T15:21:33.389+0000] {logging_mixin.py:190} INFO - [2024-08-26T15:21:33.389+0000] {dag.py:4138} INFO - Setting next_dagrun for example_skip_dag to 2024-08-25 00:00:00+00:00, run_after=2024-08-26 00:00:00+00:00
[2024-08-26T15:21:33.414+0000] {processor.py:208} INFO - Processing /home/airflow/.local/lib/python3.12/site-packages/airflow/example_dags/example_skip_dag.py took 0.143 seconds
[2024-08-26T15:22:17.035+0000] {processor.py:186} INFO - Started process (PID=1362) to work on /home/airflow/.local/lib/python3.12/site-packages/airflow/example_dags/example_skip_dag.py
[2024-08-26T15:22:17.039+0000] {processor.py:914} INFO - Processing file /home/airflow/.local/lib/python3.12/site-packages/airflow/example_dags/example_skip_dag.py for tasks to queue
[2024-08-26T15:22:17.044+0000] {logging_mixin.py:190} INFO - [2024-08-26T15:22:17.043+0000] {dagbag.py:587} INFO - Filling up the DagBag from /home/airflow/.local/lib/python3.12/site-packages/airflow/example_dags/example_skip_dag.py
[2024-08-26T15:22:17.076+0000] {processor.py:925} INFO - DAG(s) 'example_skip_dag' retrieved from /home/airflow/.local/lib/python3.12/site-packages/airflow/example_dags/example_skip_dag.py
[2024-08-26T15:22:17.170+0000] {logging_mixin.py:190} INFO - [2024-08-26T15:22:17.169+0000] {dag.py:3211} INFO - Sync 1 DAGs
[2024-08-26T15:22:17.247+0000] {logging_mixin.py:190} INFO - [2024-08-26T15:22:17.247+0000] {dag.py:4138} INFO - Setting next_dagrun for example_skip_dag to 2024-08-25 00:00:00+00:00, run_after=2024-08-26 00:00:00+00:00
[2024-08-26T15:22:17.301+0000] {processor.py:208} INFO - Processing /home/airflow/.local/lib/python3.12/site-packages/airflow/example_dags/example_skip_dag.py took 0.290 seconds
[2024-08-26T15:23:15.957+0000] {processor.py:186} INFO - Started process (PID=1434) to work on /home/airflow/.local/lib/python3.12/site-packages/airflow/example_dags/example_skip_dag.py
[2024-08-26T15:23:15.959+0000] {processor.py:914} INFO - Processing file /home/airflow/.local/lib/python3.12/site-packages/airflow/example_dags/example_skip_dag.py for tasks to queue
[2024-08-26T15:23:15.963+0000] {logging_mixin.py:190} INFO - [2024-08-26T15:23:15.963+0000] {dagbag.py:587} INFO - Filling up the DagBag from /home/airflow/.local/lib/python3.12/site-packages/airflow/example_dags/example_skip_dag.py
[2024-08-26T15:23:15.986+0000] {processor.py:925} INFO - DAG(s) 'example_skip_dag' retrieved from /home/airflow/.local/lib/python3.12/site-packages/airflow/example_dags/example_skip_dag.py
[2024-08-26T15:23:16.039+0000] {logging_mixin.py:190} INFO - [2024-08-26T15:23:16.038+0000] {dag.py:3211} INFO - Sync 1 DAGs
[2024-08-26T15:23:16.096+0000] {logging_mixin.py:190} INFO - [2024-08-26T15:23:16.096+0000] {dag.py:4138} INFO - Setting next_dagrun for example_skip_dag to 2024-08-25 00:00:00+00:00, run_after=2024-08-26 00:00:00+00:00
[2024-08-26T15:23:16.137+0000] {processor.py:208} INFO - Processing /home/airflow/.local/lib/python3.12/site-packages/airflow/example_dags/example_skip_dag.py took 0.195 seconds
[2024-08-26T15:23:51.992+0000] {processor.py:186} INFO - Started process (PID=1500) to work on /home/airflow/.local/lib/python3.12/site-packages/airflow/example_dags/example_skip_dag.py
[2024-08-26T15:23:51.993+0000] {processor.py:914} INFO - Processing file /home/airflow/.local/lib/python3.12/site-packages/airflow/example_dags/example_skip_dag.py for tasks to queue
[2024-08-26T15:23:51.995+0000] {logging_mixin.py:190} INFO - [2024-08-26T15:23:51.995+0000] {dagbag.py:587} INFO - Filling up the DagBag from /home/airflow/.local/lib/python3.12/site-packages/airflow/example_dags/example_skip_dag.py
[2024-08-26T15:23:52.008+0000] {processor.py:925} INFO - DAG(s) 'example_skip_dag' retrieved from /home/airflow/.local/lib/python3.12/site-packages/airflow/example_dags/example_skip_dag.py
[2024-08-26T15:23:52.038+0000] {logging_mixin.py:190} INFO - [2024-08-26T15:23:52.038+0000] {dag.py:3211} INFO - Sync 1 DAGs
[2024-08-26T15:23:52.070+0000] {logging_mixin.py:190} INFO - [2024-08-26T15:23:52.070+0000] {dag.py:4138} INFO - Setting next_dagrun for example_skip_dag to 2024-08-25 00:00:00+00:00, run_after=2024-08-26 00:00:00+00:00
[2024-08-26T15:23:52.094+0000] {processor.py:208} INFO - Processing /home/airflow/.local/lib/python3.12/site-packages/airflow/example_dags/example_skip_dag.py took 0.111 seconds
[2024-08-26T15:24:28.168+0000] {processor.py:186} INFO - Started process (PID=1566) to work on /home/airflow/.local/lib/python3.12/site-packages/airflow/example_dags/example_skip_dag.py
[2024-08-26T15:24:28.170+0000] {processor.py:914} INFO - Processing file /home/airflow/.local/lib/python3.12/site-packages/airflow/example_dags/example_skip_dag.py for tasks to queue
[2024-08-26T15:24:28.171+0000] {logging_mixin.py:190} INFO - [2024-08-26T15:24:28.171+0000] {dagbag.py:587} INFO - Filling up the DagBag from /home/airflow/.local/lib/python3.12/site-packages/airflow/example_dags/example_skip_dag.py
[2024-08-26T15:24:28.183+0000] {processor.py:925} INFO - DAG(s) 'example_skip_dag' retrieved from /home/airflow/.local/lib/python3.12/site-packages/airflow/example_dags/example_skip_dag.py
[2024-08-26T15:24:28.212+0000] {logging_mixin.py:190} INFO - [2024-08-26T15:24:28.212+0000] {dag.py:3211} INFO - Sync 1 DAGs
[2024-08-26T15:24:28.244+0000] {logging_mixin.py:190} INFO - [2024-08-26T15:24:28.244+0000] {dag.py:4138} INFO - Setting next_dagrun for example_skip_dag to 2024-08-25 00:00:00+00:00, run_after=2024-08-26 00:00:00+00:00
[2024-08-26T15:24:28.267+0000] {processor.py:208} INFO - Processing /home/airflow/.local/lib/python3.12/site-packages/airflow/example_dags/example_skip_dag.py took 0.107 seconds
[2024-08-26T15:25:04.844+0000] {processor.py:186} INFO - Started process (PID=1637) to work on /home/airflow/.local/lib/python3.12/site-packages/airflow/example_dags/example_skip_dag.py
[2024-08-26T15:25:04.846+0000] {processor.py:914} INFO - Processing file /home/airflow/.local/lib/python3.12/site-packages/airflow/example_dags/example_skip_dag.py for tasks to queue
[2024-08-26T15:25:04.848+0000] {logging_mixin.py:190} INFO - [2024-08-26T15:25:04.847+0000] {dagbag.py:587} INFO - Filling up the DagBag from /home/airflow/.local/lib/python3.12/site-packages/airflow/example_dags/example_skip_dag.py
[2024-08-26T15:25:04.860+0000] {processor.py:925} INFO - DAG(s) 'example_skip_dag' retrieved from /home/airflow/.local/lib/python3.12/site-packages/airflow/example_dags/example_skip_dag.py
[2024-08-26T15:25:04.891+0000] {logging_mixin.py:190} INFO - [2024-08-26T15:25:04.891+0000] {dag.py:3211} INFO - Sync 1 DAGs
[2024-08-26T15:25:04.925+0000] {logging_mixin.py:190} INFO - [2024-08-26T15:25:04.925+0000] {dag.py:4138} INFO - Setting next_dagrun for example_skip_dag to 2024-08-25 00:00:00+00:00, run_after=2024-08-26 00:00:00+00:00
[2024-08-26T15:25:04.952+0000] {processor.py:208} INFO - Processing /home/airflow/.local/lib/python3.12/site-packages/airflow/example_dags/example_skip_dag.py took 0.117 seconds
[2024-08-26T15:25:47.229+0000] {processor.py:186} INFO - Started process (PID=1703) to work on /home/airflow/.local/lib/python3.12/site-packages/airflow/example_dags/example_skip_dag.py
[2024-08-26T15:25:47.231+0000] {processor.py:914} INFO - Processing file /home/airflow/.local/lib/python3.12/site-packages/airflow/example_dags/example_skip_dag.py for tasks to queue
[2024-08-26T15:25:47.233+0000] {logging_mixin.py:190} INFO - [2024-08-26T15:25:47.233+0000] {dagbag.py:587} INFO - Filling up the DagBag from /home/airflow/.local/lib/python3.12/site-packages/airflow/example_dags/example_skip_dag.py
[2024-08-26T15:25:47.246+0000] {processor.py:925} INFO - DAG(s) 'example_skip_dag' retrieved from /home/airflow/.local/lib/python3.12/site-packages/airflow/example_dags/example_skip_dag.py
[2024-08-26T15:25:47.278+0000] {logging_mixin.py:190} INFO - [2024-08-26T15:25:47.278+0000] {dag.py:3211} INFO - Sync 1 DAGs
[2024-08-26T15:25:47.311+0000] {logging_mixin.py:190} INFO - [2024-08-26T15:25:47.311+0000] {dag.py:4138} INFO - Setting next_dagrun for example_skip_dag to 2024-08-25 00:00:00+00:00, run_after=2024-08-26 00:00:00+00:00
[2024-08-26T15:25:47.339+0000] {processor.py:208} INFO - Processing /home/airflow/.local/lib/python3.12/site-packages/airflow/example_dags/example_skip_dag.py took 0.120 seconds
[2024-08-26T15:27:00.971+0000] {processor.py:186} INFO - Started process (PID=1777) to work on /home/airflow/.local/lib/python3.12/site-packages/airflow/example_dags/example_skip_dag.py
[2024-08-26T15:27:00.993+0000] {processor.py:914} INFO - Processing file /home/airflow/.local/lib/python3.12/site-packages/airflow/example_dags/example_skip_dag.py for tasks to queue
[2024-08-26T15:27:01.013+0000] {logging_mixin.py:190} INFO - [2024-08-26T15:27:01.010+0000] {dagbag.py:587} INFO - Filling up the DagBag from /home/airflow/.local/lib/python3.12/site-packages/airflow/example_dags/example_skip_dag.py
[2024-08-26T15:27:01.204+0000] {processor.py:925} INFO - DAG(s) 'example_skip_dag' retrieved from /home/airflow/.local/lib/python3.12/site-packages/airflow/example_dags/example_skip_dag.py
[2024-08-26T15:27:01.699+0000] {logging_mixin.py:190} INFO - [2024-08-26T15:27:01.696+0000] {dag.py:3211} INFO - Sync 1 DAGs
[2024-08-26T15:27:02.144+0000] {logging_mixin.py:190} INFO - [2024-08-26T15:27:02.142+0000] {dag.py:4138} INFO - Setting next_dagrun for example_skip_dag to 2024-08-25 00:00:00+00:00, run_after=2024-08-26 00:00:00+00:00
[2024-08-26T15:27:02.372+0000] {processor.py:208} INFO - Processing /home/airflow/.local/lib/python3.12/site-packages/airflow/example_dags/example_skip_dag.py took 1.690 seconds
[2024-08-26T15:27:44.911+0000] {processor.py:186} INFO - Started process (PID=1850) to work on /home/airflow/.local/lib/python3.12/site-packages/airflow/example_dags/example_skip_dag.py
[2024-08-26T15:27:44.917+0000] {processor.py:914} INFO - Processing file /home/airflow/.local/lib/python3.12/site-packages/airflow/example_dags/example_skip_dag.py for tasks to queue
[2024-08-26T15:27:44.922+0000] {logging_mixin.py:190} INFO - [2024-08-26T15:27:44.921+0000] {dagbag.py:587} INFO - Filling up the DagBag from /home/airflow/.local/lib/python3.12/site-packages/airflow/example_dags/example_skip_dag.py
[2024-08-26T15:27:44.949+0000] {processor.py:925} INFO - DAG(s) 'example_skip_dag' retrieved from /home/airflow/.local/lib/python3.12/site-packages/airflow/example_dags/example_skip_dag.py
[2024-08-26T15:27:45.026+0000] {logging_mixin.py:190} INFO - [2024-08-26T15:27:45.025+0000] {dag.py:3211} INFO - Sync 1 DAGs
[2024-08-26T15:27:45.116+0000] {logging_mixin.py:190} INFO - [2024-08-26T15:27:45.116+0000] {dag.py:4138} INFO - Setting next_dagrun for example_skip_dag to 2024-08-25 00:00:00+00:00, run_after=2024-08-26 00:00:00+00:00
[2024-08-26T15:27:45.176+0000] {processor.py:208} INFO - Processing /home/airflow/.local/lib/python3.12/site-packages/airflow/example_dags/example_skip_dag.py took 0.296 seconds
[2024-08-26T15:28:29.437+0000] {processor.py:186} INFO - Started process (PID=1916) to work on /home/airflow/.local/lib/python3.12/site-packages/airflow/example_dags/example_skip_dag.py
[2024-08-26T15:28:29.439+0000] {processor.py:914} INFO - Processing file /home/airflow/.local/lib/python3.12/site-packages/airflow/example_dags/example_skip_dag.py for tasks to queue
[2024-08-26T15:28:29.441+0000] {logging_mixin.py:190} INFO - [2024-08-26T15:28:29.441+0000] {dagbag.py:587} INFO - Filling up the DagBag from /home/airflow/.local/lib/python3.12/site-packages/airflow/example_dags/example_skip_dag.py
[2024-08-26T15:28:29.458+0000] {processor.py:925} INFO - DAG(s) 'example_skip_dag' retrieved from /home/airflow/.local/lib/python3.12/site-packages/airflow/example_dags/example_skip_dag.py
[2024-08-26T15:28:29.501+0000] {logging_mixin.py:190} INFO - [2024-08-26T15:28:29.500+0000] {dag.py:3211} INFO - Sync 1 DAGs
[2024-08-26T15:28:29.552+0000] {logging_mixin.py:190} INFO - [2024-08-26T15:28:29.552+0000] {dag.py:4138} INFO - Setting next_dagrun for example_skip_dag to 2024-08-25 00:00:00+00:00, run_after=2024-08-26 00:00:00+00:00
[2024-08-26T15:28:29.589+0000] {processor.py:208} INFO - Processing /home/airflow/.local/lib/python3.12/site-packages/airflow/example_dags/example_skip_dag.py took 0.164 seconds
[2024-08-26T15:29:31.721+0000] {processor.py:186} INFO - Started process (PID=1989) to work on /home/airflow/.local/lib/python3.12/site-packages/airflow/example_dags/example_skip_dag.py
[2024-08-26T15:29:31.727+0000] {processor.py:914} INFO - Processing file /home/airflow/.local/lib/python3.12/site-packages/airflow/example_dags/example_skip_dag.py for tasks to queue
[2024-08-26T15:29:31.733+0000] {logging_mixin.py:190} INFO - [2024-08-26T15:29:31.732+0000] {dagbag.py:587} INFO - Filling up the DagBag from /home/airflow/.local/lib/python3.12/site-packages/airflow/example_dags/example_skip_dag.py
[2024-08-26T15:29:31.779+0000] {processor.py:925} INFO - DAG(s) 'example_skip_dag' retrieved from /home/airflow/.local/lib/python3.12/site-packages/airflow/example_dags/example_skip_dag.py
[2024-08-26T15:29:31.935+0000] {logging_mixin.py:190} INFO - [2024-08-26T15:29:31.934+0000] {dag.py:3211} INFO - Sync 1 DAGs
[2024-08-26T15:29:32.049+0000] {logging_mixin.py:190} INFO - [2024-08-26T15:29:32.048+0000] {dag.py:4138} INFO - Setting next_dagrun for example_skip_dag to 2024-08-25 00:00:00+00:00, run_after=2024-08-26 00:00:00+00:00
[2024-08-26T15:29:32.130+0000] {processor.py:208} INFO - Processing /home/airflow/.local/lib/python3.12/site-packages/airflow/example_dags/example_skip_dag.py took 0.441 seconds
[2024-08-26T15:30:45.132+0000] {processor.py:186} INFO - Started process (PID=2070) to work on /home/airflow/.local/lib/python3.12/site-packages/airflow/example_dags/example_skip_dag.py
[2024-08-26T15:30:45.137+0000] {processor.py:914} INFO - Processing file /home/airflow/.local/lib/python3.12/site-packages/airflow/example_dags/example_skip_dag.py for tasks to queue
[2024-08-26T15:30:45.143+0000] {logging_mixin.py:190} INFO - [2024-08-26T15:30:45.142+0000] {dagbag.py:587} INFO - Filling up the DagBag from /home/airflow/.local/lib/python3.12/site-packages/airflow/example_dags/example_skip_dag.py
[2024-08-26T15:30:45.206+0000] {processor.py:925} INFO - DAG(s) 'example_skip_dag' retrieved from /home/airflow/.local/lib/python3.12/site-packages/airflow/example_dags/example_skip_dag.py
[2024-08-26T15:30:45.342+0000] {logging_mixin.py:190} INFO - [2024-08-26T15:30:45.341+0000] {dag.py:3211} INFO - Sync 1 DAGs
[2024-08-26T15:30:45.474+0000] {logging_mixin.py:190} INFO - [2024-08-26T15:30:45.473+0000] {dag.py:4138} INFO - Setting next_dagrun for example_skip_dag to 2024-08-25 00:00:00+00:00, run_after=2024-08-26 00:00:00+00:00
[2024-08-26T15:30:45.554+0000] {processor.py:208} INFO - Processing /home/airflow/.local/lib/python3.12/site-packages/airflow/example_dags/example_skip_dag.py took 0.454 seconds
[2024-08-26T15:31:44.765+0000] {processor.py:186} INFO - Started process (PID=2147) to work on /home/airflow/.local/lib/python3.12/site-packages/airflow/example_dags/example_skip_dag.py
[2024-08-26T15:31:44.773+0000] {processor.py:914} INFO - Processing file /home/airflow/.local/lib/python3.12/site-packages/airflow/example_dags/example_skip_dag.py for tasks to queue
[2024-08-26T15:31:44.778+0000] {logging_mixin.py:190} INFO - [2024-08-26T15:31:44.777+0000] {dagbag.py:587} INFO - Filling up the DagBag from /home/airflow/.local/lib/python3.12/site-packages/airflow/example_dags/example_skip_dag.py
[2024-08-26T15:31:44.818+0000] {processor.py:925} INFO - DAG(s) 'example_skip_dag' retrieved from /home/airflow/.local/lib/python3.12/site-packages/airflow/example_dags/example_skip_dag.py
[2024-08-26T15:31:44.932+0000] {logging_mixin.py:190} INFO - [2024-08-26T15:31:44.931+0000] {dag.py:3211} INFO - Sync 1 DAGs
[2024-08-26T15:31:45.053+0000] {logging_mixin.py:190} INFO - [2024-08-26T15:31:45.052+0000] {dag.py:4138} INFO - Setting next_dagrun for example_skip_dag to 2024-08-25 00:00:00+00:00, run_after=2024-08-26 00:00:00+00:00
[2024-08-26T15:31:45.121+0000] {processor.py:208} INFO - Processing /home/airflow/.local/lib/python3.12/site-packages/airflow/example_dags/example_skip_dag.py took 0.382 seconds
[2024-08-26T15:32:47.670+0000] {processor.py:186} INFO - Started process (PID=2218) to work on /home/airflow/.local/lib/python3.12/site-packages/airflow/example_dags/example_skip_dag.py
[2024-08-26T15:32:47.679+0000] {processor.py:914} INFO - Processing file /home/airflow/.local/lib/python3.12/site-packages/airflow/example_dags/example_skip_dag.py for tasks to queue
[2024-08-26T15:32:47.687+0000] {logging_mixin.py:190} INFO - [2024-08-26T15:32:47.685+0000] {dagbag.py:587} INFO - Filling up the DagBag from /home/airflow/.local/lib/python3.12/site-packages/airflow/example_dags/example_skip_dag.py
[2024-08-26T15:32:47.749+0000] {processor.py:925} INFO - DAG(s) 'example_skip_dag' retrieved from /home/airflow/.local/lib/python3.12/site-packages/airflow/example_dags/example_skip_dag.py
[2024-08-26T15:32:47.860+0000] {logging_mixin.py:190} INFO - [2024-08-26T15:32:47.858+0000] {dag.py:3211} INFO - Sync 1 DAGs
[2024-08-26T15:32:48.016+0000] {logging_mixin.py:190} INFO - [2024-08-26T15:32:48.016+0000] {dag.py:4138} INFO - Setting next_dagrun for example_skip_dag to 2024-08-25 00:00:00+00:00, run_after=2024-08-26 00:00:00+00:00
[2024-08-26T15:32:48.100+0000] {processor.py:208} INFO - Processing /home/airflow/.local/lib/python3.12/site-packages/airflow/example_dags/example_skip_dag.py took 0.463 seconds
[2024-08-26T15:37:23.253+0000] {processor.py:186} INFO - Started process (PID=2335) to work on /home/airflow/.local/lib/python3.12/site-packages/airflow/example_dags/example_skip_dag.py
[2024-08-26T15:37:23.275+0000] {processor.py:914} INFO - Processing file /home/airflow/.local/lib/python3.12/site-packages/airflow/example_dags/example_skip_dag.py for tasks to queue
[2024-08-26T15:37:23.300+0000] {logging_mixin.py:190} INFO - [2024-08-26T15:37:23.296+0000] {dagbag.py:587} INFO - Filling up the DagBag from /home/airflow/.local/lib/python3.12/site-packages/airflow/example_dags/example_skip_dag.py
[2024-08-26T15:37:23.393+0000] {processor.py:925} INFO - DAG(s) 'example_skip_dag' retrieved from /home/airflow/.local/lib/python3.12/site-packages/airflow/example_dags/example_skip_dag.py
[2024-08-26T15:37:23.747+0000] {logging_mixin.py:190} INFO - [2024-08-26T15:37:23.746+0000] {dag.py:3211} INFO - Sync 1 DAGs
[2024-08-26T15:37:24.124+0000] {logging_mixin.py:190} INFO - [2024-08-26T15:37:24.123+0000] {dag.py:4138} INFO - Setting next_dagrun for example_skip_dag to 2024-08-25 00:00:00+00:00, run_after=2024-08-26 00:00:00+00:00
[2024-08-26T15:37:24.328+0000] {processor.py:208} INFO - Processing /home/airflow/.local/lib/python3.12/site-packages/airflow/example_dags/example_skip_dag.py took 1.165 seconds
[2024-08-26T15:39:28.702+0000] {processor.py:186} INFO - Started process (PID=2413) to work on /home/airflow/.local/lib/python3.12/site-packages/airflow/example_dags/example_skip_dag.py
[2024-08-26T15:39:28.705+0000] {processor.py:914} INFO - Processing file /home/airflow/.local/lib/python3.12/site-packages/airflow/example_dags/example_skip_dag.py for tasks to queue
[2024-08-26T15:39:28.709+0000] {logging_mixin.py:190} INFO - [2024-08-26T15:39:28.708+0000] {dagbag.py:587} INFO - Filling up the DagBag from /home/airflow/.local/lib/python3.12/site-packages/airflow/example_dags/example_skip_dag.py
[2024-08-26T15:39:28.726+0000] {processor.py:925} INFO - DAG(s) 'example_skip_dag' retrieved from /home/airflow/.local/lib/python3.12/site-packages/airflow/example_dags/example_skip_dag.py
[2024-08-26T15:39:28.848+0000] {logging_mixin.py:190} INFO - [2024-08-26T15:39:28.847+0000] {dag.py:3211} INFO - Sync 1 DAGs
[2024-08-26T15:39:28.912+0000] {logging_mixin.py:190} INFO - [2024-08-26T15:39:28.910+0000] {dag.py:4138} INFO - Setting next_dagrun for example_skip_dag to 2024-08-25 00:00:00+00:00, run_after=2024-08-26 00:00:00+00:00
[2024-08-26T15:39:28.954+0000] {processor.py:208} INFO - Processing /home/airflow/.local/lib/python3.12/site-packages/airflow/example_dags/example_skip_dag.py took 0.269 seconds
[2024-08-26T15:40:17.306+0000] {processor.py:186} INFO - Started process (PID=2486) to work on /home/airflow/.local/lib/python3.12/site-packages/airflow/example_dags/example_skip_dag.py
[2024-08-26T15:40:17.310+0000] {processor.py:914} INFO - Processing file /home/airflow/.local/lib/python3.12/site-packages/airflow/example_dags/example_skip_dag.py for tasks to queue
[2024-08-26T15:40:17.314+0000] {logging_mixin.py:190} INFO - [2024-08-26T15:40:17.313+0000] {dagbag.py:587} INFO - Filling up the DagBag from /home/airflow/.local/lib/python3.12/site-packages/airflow/example_dags/example_skip_dag.py
[2024-08-26T15:40:17.328+0000] {processor.py:925} INFO - DAG(s) 'example_skip_dag' retrieved from /home/airflow/.local/lib/python3.12/site-packages/airflow/example_dags/example_skip_dag.py
[2024-08-26T15:40:17.383+0000] {logging_mixin.py:190} INFO - [2024-08-26T15:40:17.382+0000] {dag.py:3211} INFO - Sync 1 DAGs
[2024-08-26T15:40:17.437+0000] {logging_mixin.py:190} INFO - [2024-08-26T15:40:17.437+0000] {dag.py:4138} INFO - Setting next_dagrun for example_skip_dag to 2024-08-25 00:00:00+00:00, run_after=2024-08-26 00:00:00+00:00
[2024-08-26T15:40:17.477+0000] {processor.py:208} INFO - Processing /home/airflow/.local/lib/python3.12/site-packages/airflow/example_dags/example_skip_dag.py took 0.187 seconds
[2024-08-26T15:41:05.563+0000] {processor.py:186} INFO - Started process (PID=2558) to work on /home/airflow/.local/lib/python3.12/site-packages/airflow/example_dags/example_skip_dag.py
[2024-08-26T15:41:05.566+0000] {processor.py:914} INFO - Processing file /home/airflow/.local/lib/python3.12/site-packages/airflow/example_dags/example_skip_dag.py for tasks to queue
[2024-08-26T15:41:05.572+0000] {logging_mixin.py:190} INFO - [2024-08-26T15:41:05.570+0000] {dagbag.py:587} INFO - Filling up the DagBag from /home/airflow/.local/lib/python3.12/site-packages/airflow/example_dags/example_skip_dag.py
[2024-08-26T15:41:05.588+0000] {processor.py:925} INFO - DAG(s) 'example_skip_dag' retrieved from /home/airflow/.local/lib/python3.12/site-packages/airflow/example_dags/example_skip_dag.py
[2024-08-26T15:41:05.651+0000] {logging_mixin.py:190} INFO - [2024-08-26T15:41:05.650+0000] {dag.py:3211} INFO - Sync 1 DAGs
[2024-08-26T15:41:05.712+0000] {logging_mixin.py:190} INFO - [2024-08-26T15:41:05.712+0000] {dag.py:4138} INFO - Setting next_dagrun for example_skip_dag to 2024-08-25 00:00:00+00:00, run_after=2024-08-26 00:00:00+00:00
[2024-08-26T15:41:05.775+0000] {processor.py:208} INFO - Processing /home/airflow/.local/lib/python3.12/site-packages/airflow/example_dags/example_skip_dag.py took 0.229 seconds
[2024-08-26T15:43:48.473+0000] {processor.py:186} INFO - Started process (PID=2652) to work on /home/airflow/.local/lib/python3.12/site-packages/airflow/example_dags/example_skip_dag.py
[2024-08-26T15:43:48.478+0000] {processor.py:914} INFO - Processing file /home/airflow/.local/lib/python3.12/site-packages/airflow/example_dags/example_skip_dag.py for tasks to queue
[2024-08-26T15:43:48.485+0000] {logging_mixin.py:190} INFO - [2024-08-26T15:43:48.483+0000] {dagbag.py:587} INFO - Filling up the DagBag from /home/airflow/.local/lib/python3.12/site-packages/airflow/example_dags/example_skip_dag.py
[2024-08-26T15:43:48.510+0000] {processor.py:925} INFO - DAG(s) 'example_skip_dag' retrieved from /home/airflow/.local/lib/python3.12/site-packages/airflow/example_dags/example_skip_dag.py
[2024-08-26T15:43:48.694+0000] {logging_mixin.py:190} INFO - [2024-08-26T15:43:48.693+0000] {dag.py:3211} INFO - Sync 1 DAGs
[2024-08-26T15:43:48.803+0000] {logging_mixin.py:190} INFO - [2024-08-26T15:43:48.802+0000] {dag.py:4138} INFO - Setting next_dagrun for example_skip_dag to 2024-08-25 00:00:00+00:00, run_after=2024-08-26 00:00:00+00:00
[2024-08-26T15:43:48.888+0000] {processor.py:208} INFO - Processing /home/airflow/.local/lib/python3.12/site-packages/airflow/example_dags/example_skip_dag.py took 0.447 seconds
[2024-08-26T15:44:36.663+0000] {processor.py:186} INFO - Started process (PID=2725) to work on /home/airflow/.local/lib/python3.12/site-packages/airflow/example_dags/example_skip_dag.py
[2024-08-26T15:44:36.666+0000] {processor.py:914} INFO - Processing file /home/airflow/.local/lib/python3.12/site-packages/airflow/example_dags/example_skip_dag.py for tasks to queue
[2024-08-26T15:44:36.671+0000] {logging_mixin.py:190} INFO - [2024-08-26T15:44:36.670+0000] {dagbag.py:587} INFO - Filling up the DagBag from /home/airflow/.local/lib/python3.12/site-packages/airflow/example_dags/example_skip_dag.py
[2024-08-26T15:44:36.688+0000] {processor.py:925} INFO - DAG(s) 'example_skip_dag' retrieved from /home/airflow/.local/lib/python3.12/site-packages/airflow/example_dags/example_skip_dag.py
[2024-08-26T15:44:36.751+0000] {logging_mixin.py:190} INFO - [2024-08-26T15:44:36.751+0000] {dag.py:3211} INFO - Sync 1 DAGs
[2024-08-26T15:44:36.808+0000] {logging_mixin.py:190} INFO - [2024-08-26T15:44:36.807+0000] {dag.py:4138} INFO - Setting next_dagrun for example_skip_dag to 2024-08-25 00:00:00+00:00, run_after=2024-08-26 00:00:00+00:00
[2024-08-26T15:44:36.851+0000] {processor.py:208} INFO - Processing /home/airflow/.local/lib/python3.12/site-packages/airflow/example_dags/example_skip_dag.py took 0.205 seconds
[2024-08-26T15:45:15.271+0000] {processor.py:186} INFO - Started process (PID=2791) to work on /home/airflow/.local/lib/python3.12/site-packages/airflow/example_dags/example_skip_dag.py
[2024-08-26T15:45:15.272+0000] {processor.py:914} INFO - Processing file /home/airflow/.local/lib/python3.12/site-packages/airflow/example_dags/example_skip_dag.py for tasks to queue
[2024-08-26T15:45:15.275+0000] {logging_mixin.py:190} INFO - [2024-08-26T15:45:15.274+0000] {dagbag.py:587} INFO - Filling up the DagBag from /home/airflow/.local/lib/python3.12/site-packages/airflow/example_dags/example_skip_dag.py
[2024-08-26T15:45:15.283+0000] {processor.py:925} INFO - DAG(s) 'example_skip_dag' retrieved from /home/airflow/.local/lib/python3.12/site-packages/airflow/example_dags/example_skip_dag.py
[2024-08-26T15:45:15.316+0000] {logging_mixin.py:190} INFO - [2024-08-26T15:45:15.315+0000] {dag.py:3211} INFO - Sync 1 DAGs
[2024-08-26T15:45:15.348+0000] {logging_mixin.py:190} INFO - [2024-08-26T15:45:15.348+0000] {dag.py:4138} INFO - Setting next_dagrun for example_skip_dag to 2024-08-25 00:00:00+00:00, run_after=2024-08-26 00:00:00+00:00
[2024-08-26T15:45:15.372+0000] {processor.py:208} INFO - Processing /home/airflow/.local/lib/python3.12/site-packages/airflow/example_dags/example_skip_dag.py took 0.111 seconds
[2024-08-26T15:45:56.804+0000] {processor.py:186} INFO - Started process (PID=2857) to work on /home/airflow/.local/lib/python3.12/site-packages/airflow/example_dags/example_skip_dag.py
[2024-08-26T15:45:56.808+0000] {processor.py:914} INFO - Processing file /home/airflow/.local/lib/python3.12/site-packages/airflow/example_dags/example_skip_dag.py for tasks to queue
[2024-08-26T15:45:56.812+0000] {logging_mixin.py:190} INFO - [2024-08-26T15:45:56.812+0000] {dagbag.py:587} INFO - Filling up the DagBag from /home/airflow/.local/lib/python3.12/site-packages/airflow/example_dags/example_skip_dag.py
[2024-08-26T15:45:56.830+0000] {processor.py:925} INFO - DAG(s) 'example_skip_dag' retrieved from /home/airflow/.local/lib/python3.12/site-packages/airflow/example_dags/example_skip_dag.py
[2024-08-26T15:45:56.907+0000] {logging_mixin.py:190} INFO - [2024-08-26T15:45:56.906+0000] {dag.py:3211} INFO - Sync 1 DAGs
[2024-08-26T15:45:56.993+0000] {logging_mixin.py:190} INFO - [2024-08-26T15:45:56.992+0000] {dag.py:4138} INFO - Setting next_dagrun for example_skip_dag to 2024-08-25 00:00:00+00:00, run_after=2024-08-26 00:00:00+00:00
[2024-08-26T15:45:57.053+0000] {processor.py:208} INFO - Processing /home/airflow/.local/lib/python3.12/site-packages/airflow/example_dags/example_skip_dag.py took 0.267 seconds
[2024-08-26T15:47:59.782+0000] {processor.py:186} INFO - Started process (PID=2945) to work on /home/airflow/.local/lib/python3.12/site-packages/airflow/example_dags/example_skip_dag.py
[2024-08-26T15:47:59.785+0000] {processor.py:914} INFO - Processing file /home/airflow/.local/lib/python3.12/site-packages/airflow/example_dags/example_skip_dag.py for tasks to queue
[2024-08-26T15:47:59.789+0000] {logging_mixin.py:190} INFO - [2024-08-26T15:47:59.788+0000] {dagbag.py:587} INFO - Filling up the DagBag from /home/airflow/.local/lib/python3.12/site-packages/airflow/example_dags/example_skip_dag.py
[2024-08-26T15:47:59.803+0000] {processor.py:925} INFO - DAG(s) 'example_skip_dag' retrieved from /home/airflow/.local/lib/python3.12/site-packages/airflow/example_dags/example_skip_dag.py
[2024-08-26T15:47:59.877+0000] {logging_mixin.py:190} INFO - [2024-08-26T15:47:59.877+0000] {dag.py:3211} INFO - Sync 1 DAGs
[2024-08-26T15:47:59.938+0000] {logging_mixin.py:190} INFO - [2024-08-26T15:47:59.937+0000] {dag.py:4138} INFO - Setting next_dagrun for example_skip_dag to 2024-08-25 00:00:00+00:00, run_after=2024-08-26 00:00:00+00:00
[2024-08-26T15:47:59.985+0000] {processor.py:208} INFO - Processing /home/airflow/.local/lib/python3.12/site-packages/airflow/example_dags/example_skip_dag.py took 0.219 seconds
[2024-08-26T15:50:44.335+0000] {processor.py:186} INFO - Started process (PID=3044) to work on /home/airflow/.local/lib/python3.12/site-packages/airflow/example_dags/example_skip_dag.py
[2024-08-26T15:50:44.342+0000] {processor.py:914} INFO - Processing file /home/airflow/.local/lib/python3.12/site-packages/airflow/example_dags/example_skip_dag.py for tasks to queue
[2024-08-26T15:50:44.355+0000] {logging_mixin.py:190} INFO - [2024-08-26T15:50:44.352+0000] {dagbag.py:587} INFO - Filling up the DagBag from /home/airflow/.local/lib/python3.12/site-packages/airflow/example_dags/example_skip_dag.py
[2024-08-26T15:50:44.426+0000] {processor.py:925} INFO - DAG(s) 'example_skip_dag' retrieved from /home/airflow/.local/lib/python3.12/site-packages/airflow/example_dags/example_skip_dag.py
[2024-08-26T15:50:44.645+0000] {logging_mixin.py:190} INFO - [2024-08-26T15:50:44.643+0000] {dag.py:3211} INFO - Sync 1 DAGs
[2024-08-26T15:50:44.763+0000] {logging_mixin.py:190} INFO - [2024-08-26T15:50:44.762+0000] {dag.py:4138} INFO - Setting next_dagrun for example_skip_dag to 2024-08-25 00:00:00+00:00, run_after=2024-08-26 00:00:00+00:00
[2024-08-26T15:50:44.867+0000] {processor.py:208} INFO - Processing /home/airflow/.local/lib/python3.12/site-packages/airflow/example_dags/example_skip_dag.py took 0.593 seconds
[2024-08-26T15:51:46.035+0000] {processor.py:186} INFO - Started process (PID=3116) to work on /home/airflow/.local/lib/python3.12/site-packages/airflow/example_dags/example_skip_dag.py
[2024-08-26T15:51:46.038+0000] {processor.py:914} INFO - Processing file /home/airflow/.local/lib/python3.12/site-packages/airflow/example_dags/example_skip_dag.py for tasks to queue
[2024-08-26T15:51:46.044+0000] {logging_mixin.py:190} INFO - [2024-08-26T15:51:46.043+0000] {dagbag.py:587} INFO - Filling up the DagBag from /home/airflow/.local/lib/python3.12/site-packages/airflow/example_dags/example_skip_dag.py
[2024-08-26T15:51:46.066+0000] {processor.py:925} INFO - DAG(s) 'example_skip_dag' retrieved from /home/airflow/.local/lib/python3.12/site-packages/airflow/example_dags/example_skip_dag.py
[2024-08-26T15:51:46.127+0000] {logging_mixin.py:190} INFO - [2024-08-26T15:51:46.127+0000] {dag.py:3211} INFO - Sync 1 DAGs
[2024-08-26T15:51:46.200+0000] {logging_mixin.py:190} INFO - [2024-08-26T15:51:46.199+0000] {dag.py:4138} INFO - Setting next_dagrun for example_skip_dag to 2024-08-25 00:00:00+00:00, run_after=2024-08-26 00:00:00+00:00
[2024-08-26T15:51:46.249+0000] {processor.py:208} INFO - Processing /home/airflow/.local/lib/python3.12/site-packages/airflow/example_dags/example_skip_dag.py took 0.233 seconds
[2024-08-26T15:52:28.324+0000] {processor.py:186} INFO - Started process (PID=3183) to work on /home/airflow/.local/lib/python3.12/site-packages/airflow/example_dags/example_skip_dag.py
[2024-08-26T15:52:28.326+0000] {processor.py:914} INFO - Processing file /home/airflow/.local/lib/python3.12/site-packages/airflow/example_dags/example_skip_dag.py for tasks to queue
[2024-08-26T15:52:28.330+0000] {logging_mixin.py:190} INFO - [2024-08-26T15:52:28.329+0000] {dagbag.py:587} INFO - Filling up the DagBag from /home/airflow/.local/lib/python3.12/site-packages/airflow/example_dags/example_skip_dag.py
[2024-08-26T15:52:28.349+0000] {processor.py:925} INFO - DAG(s) 'example_skip_dag' retrieved from /home/airflow/.local/lib/python3.12/site-packages/airflow/example_dags/example_skip_dag.py
[2024-08-26T15:52:28.404+0000] {logging_mixin.py:190} INFO - [2024-08-26T15:52:28.404+0000] {dag.py:3211} INFO - Sync 1 DAGs
[2024-08-26T15:52:28.452+0000] {logging_mixin.py:190} INFO - [2024-08-26T15:52:28.452+0000] {dag.py:4138} INFO - Setting next_dagrun for example_skip_dag to 2024-08-25 00:00:00+00:00, run_after=2024-08-26 00:00:00+00:00
[2024-08-26T15:52:28.490+0000] {processor.py:208} INFO - Processing /home/airflow/.local/lib/python3.12/site-packages/airflow/example_dags/example_skip_dag.py took 0.265 seconds
