[2024-08-26T10:34:41.756+0000] {processor.py:186} INFO - Started process (PID=60) to work on /home/airflow/.local/lib/python3.12/site-packages/airflow/example_dags/tutorial.py
[2024-08-26T10:34:41.760+0000] {processor.py:914} INFO - Processing file /home/airflow/.local/lib/python3.12/site-packages/airflow/example_dags/tutorial.py for tasks to queue
[2024-08-26T10:34:41.764+0000] {logging_mixin.py:190} INFO - [2024-08-26T10:34:41.763+0000] {dagbag.py:587} INFO - Filling up the DagBag from /home/airflow/.local/lib/python3.12/site-packages/airflow/example_dags/tutorial.py
[2024-08-26T10:34:41.779+0000] {processor.py:925} INFO - DAG(s) 'tutorial' retrieved from /home/airflow/.local/lib/python3.12/site-packages/airflow/example_dags/tutorial.py
[2024-08-26T10:34:41.828+0000] {logging_mixin.py:190} INFO - [2024-08-26T10:34:41.828+0000] {dag.py:3211} INFO - Sync 1 DAGs
[2024-08-26T10:34:41.870+0000] {logging_mixin.py:190} INFO - [2024-08-26T10:34:41.870+0000] {dag.py:4138} INFO - Setting next_dagrun for tutorial to 2024-08-25 00:00:00+00:00, run_after=2024-08-26 00:00:00+00:00
[2024-08-26T10:34:41.903+0000] {processor.py:208} INFO - Processing /home/airflow/.local/lib/python3.12/site-packages/airflow/example_dags/tutorial.py took 0.160 seconds
[2024-08-26T10:35:24.890+0000] {processor.py:186} INFO - Started process (PID=132) to work on /home/airflow/.local/lib/python3.12/site-packages/airflow/example_dags/tutorial.py
[2024-08-26T10:35:24.892+0000] {processor.py:914} INFO - Processing file /home/airflow/.local/lib/python3.12/site-packages/airflow/example_dags/tutorial.py for tasks to queue
[2024-08-26T10:35:24.896+0000] {logging_mixin.py:190} INFO - [2024-08-26T10:35:24.896+0000] {dagbag.py:587} INFO - Filling up the DagBag from /home/airflow/.local/lib/python3.12/site-packages/airflow/example_dags/tutorial.py
[2024-08-26T10:35:24.910+0000] {processor.py:925} INFO - DAG(s) 'tutorial' retrieved from /home/airflow/.local/lib/python3.12/site-packages/airflow/example_dags/tutorial.py
[2024-08-26T10:35:24.939+0000] {logging_mixin.py:190} INFO - [2024-08-26T10:35:24.939+0000] {dag.py:3211} INFO - Sync 1 DAGs
[2024-08-26T10:35:24.973+0000] {logging_mixin.py:190} INFO - [2024-08-26T10:35:24.972+0000] {dag.py:4138} INFO - Setting next_dagrun for tutorial to 2024-08-25 00:00:00+00:00, run_after=2024-08-26 00:00:00+00:00
[2024-08-26T10:35:24.998+0000] {processor.py:208} INFO - Processing /home/airflow/.local/lib/python3.12/site-packages/airflow/example_dags/tutorial.py took 0.117 seconds
[2024-08-26T10:38:00.285+0000] {processor.py:186} INFO - Started process (PID=60) to work on /home/airflow/.local/lib/python3.12/site-packages/airflow/example_dags/tutorial.py
[2024-08-26T10:38:00.287+0000] {processor.py:914} INFO - Processing file /home/airflow/.local/lib/python3.12/site-packages/airflow/example_dags/tutorial.py for tasks to queue
[2024-08-26T10:38:00.291+0000] {logging_mixin.py:190} INFO - [2024-08-26T10:38:00.290+0000] {dagbag.py:587} INFO - Filling up the DagBag from /home/airflow/.local/lib/python3.12/site-packages/airflow/example_dags/tutorial.py
[2024-08-26T10:38:00.305+0000] {processor.py:925} INFO - DAG(s) 'tutorial' retrieved from /home/airflow/.local/lib/python3.12/site-packages/airflow/example_dags/tutorial.py
[2024-08-26T10:38:00.348+0000] {logging_mixin.py:190} INFO - [2024-08-26T10:38:00.347+0000] {dag.py:3211} INFO - Sync 1 DAGs
[2024-08-26T10:38:00.384+0000] {logging_mixin.py:190} INFO - [2024-08-26T10:38:00.384+0000] {dag.py:4138} INFO - Setting next_dagrun for tutorial to 2024-08-25 00:00:00+00:00, run_after=2024-08-26 00:00:00+00:00
[2024-08-26T10:38:00.414+0000] {processor.py:208} INFO - Processing /home/airflow/.local/lib/python3.12/site-packages/airflow/example_dags/tutorial.py took 0.139 seconds
[2024-08-26T10:38:41.246+0000] {processor.py:186} INFO - Started process (PID=126) to work on /home/airflow/.local/lib/python3.12/site-packages/airflow/example_dags/tutorial.py
[2024-08-26T10:38:41.247+0000] {processor.py:914} INFO - Processing file /home/airflow/.local/lib/python3.12/site-packages/airflow/example_dags/tutorial.py for tasks to queue
[2024-08-26T10:38:41.252+0000] {logging_mixin.py:190} INFO - [2024-08-26T10:38:41.251+0000] {dagbag.py:587} INFO - Filling up the DagBag from /home/airflow/.local/lib/python3.12/site-packages/airflow/example_dags/tutorial.py
[2024-08-26T10:38:41.268+0000] {processor.py:925} INFO - DAG(s) 'tutorial' retrieved from /home/airflow/.local/lib/python3.12/site-packages/airflow/example_dags/tutorial.py
[2024-08-26T10:38:41.301+0000] {logging_mixin.py:190} INFO - [2024-08-26T10:38:41.301+0000] {dag.py:3211} INFO - Sync 1 DAGs
[2024-08-26T10:38:41.333+0000] {logging_mixin.py:190} INFO - [2024-08-26T10:38:41.333+0000] {dag.py:4138} INFO - Setting next_dagrun for tutorial to 2024-08-25 00:00:00+00:00, run_after=2024-08-26 00:00:00+00:00
[2024-08-26T10:38:41.358+0000] {processor.py:208} INFO - Processing /home/airflow/.local/lib/python3.12/site-packages/airflow/example_dags/tutorial.py took 0.121 seconds
[2024-08-26T10:39:18.486+0000] {processor.py:186} INFO - Started process (PID=192) to work on /home/airflow/.local/lib/python3.12/site-packages/airflow/example_dags/tutorial.py
[2024-08-26T10:39:18.491+0000] {processor.py:914} INFO - Processing file /home/airflow/.local/lib/python3.12/site-packages/airflow/example_dags/tutorial.py for tasks to queue
[2024-08-26T10:39:18.521+0000] {logging_mixin.py:190} INFO - [2024-08-26T10:39:18.521+0000] {dagbag.py:587} INFO - Filling up the DagBag from /home/airflow/.local/lib/python3.12/site-packages/airflow/example_dags/tutorial.py
[2024-08-26T10:39:18.533+0000] {processor.py:925} INFO - DAG(s) 'tutorial' retrieved from /home/airflow/.local/lib/python3.12/site-packages/airflow/example_dags/tutorial.py
[2024-08-26T10:39:18.578+0000] {logging_mixin.py:190} INFO - [2024-08-26T10:39:18.577+0000] {dag.py:3211} INFO - Sync 1 DAGs
[2024-08-26T10:39:18.615+0000] {logging_mixin.py:190} INFO - [2024-08-26T10:39:18.615+0000] {dag.py:4138} INFO - Setting next_dagrun for tutorial to 2024-08-25 00:00:00+00:00, run_after=2024-08-26 00:00:00+00:00
[2024-08-26T10:39:18.647+0000] {processor.py:208} INFO - Processing /home/airflow/.local/lib/python3.12/site-packages/airflow/example_dags/tutorial.py took 0.182 seconds
[2024-08-26T10:39:59.175+0000] {processor.py:186} INFO - Started process (PID=266) to work on /home/airflow/.local/lib/python3.12/site-packages/airflow/example_dags/tutorial.py
[2024-08-26T10:39:59.177+0000] {processor.py:914} INFO - Processing file /home/airflow/.local/lib/python3.12/site-packages/airflow/example_dags/tutorial.py for tasks to queue
[2024-08-26T10:39:59.181+0000] {logging_mixin.py:190} INFO - [2024-08-26T10:39:59.181+0000] {dagbag.py:587} INFO - Filling up the DagBag from /home/airflow/.local/lib/python3.12/site-packages/airflow/example_dags/tutorial.py
[2024-08-26T10:39:59.194+0000] {processor.py:925} INFO - DAG(s) 'tutorial' retrieved from /home/airflow/.local/lib/python3.12/site-packages/airflow/example_dags/tutorial.py
[2024-08-26T10:39:59.230+0000] {logging_mixin.py:190} INFO - [2024-08-26T10:39:59.230+0000] {dag.py:3211} INFO - Sync 1 DAGs
[2024-08-26T10:39:59.269+0000] {logging_mixin.py:190} INFO - [2024-08-26T10:39:59.268+0000] {dag.py:4138} INFO - Setting next_dagrun for tutorial to 2024-08-25 00:00:00+00:00, run_after=2024-08-26 00:00:00+00:00
[2024-08-26T10:39:59.300+0000] {processor.py:208} INFO - Processing /home/airflow/.local/lib/python3.12/site-packages/airflow/example_dags/tutorial.py took 0.136 seconds
[2024-08-26T10:40:42.700+0000] {processor.py:186} INFO - Started process (PID=334) to work on /home/airflow/.local/lib/python3.12/site-packages/airflow/example_dags/tutorial.py
[2024-08-26T10:40:42.703+0000] {processor.py:914} INFO - Processing file /home/airflow/.local/lib/python3.12/site-packages/airflow/example_dags/tutorial.py for tasks to queue
[2024-08-26T10:40:42.708+0000] {logging_mixin.py:190} INFO - [2024-08-26T10:40:42.707+0000] {dagbag.py:587} INFO - Filling up the DagBag from /home/airflow/.local/lib/python3.12/site-packages/airflow/example_dags/tutorial.py
[2024-08-26T10:40:42.721+0000] {processor.py:925} INFO - DAG(s) 'tutorial' retrieved from /home/airflow/.local/lib/python3.12/site-packages/airflow/example_dags/tutorial.py
[2024-08-26T10:40:42.751+0000] {logging_mixin.py:190} INFO - [2024-08-26T10:40:42.750+0000] {dag.py:3211} INFO - Sync 1 DAGs
[2024-08-26T10:40:42.783+0000] {logging_mixin.py:190} INFO - [2024-08-26T10:40:42.783+0000] {dag.py:4138} INFO - Setting next_dagrun for tutorial to 2024-08-25 00:00:00+00:00, run_after=2024-08-26 00:00:00+00:00
[2024-08-26T10:40:42.809+0000] {processor.py:208} INFO - Processing /home/airflow/.local/lib/python3.12/site-packages/airflow/example_dags/tutorial.py took 0.117 seconds
[2024-08-26T10:41:20.237+0000] {processor.py:186} INFO - Started process (PID=399) to work on /home/airflow/.local/lib/python3.12/site-packages/airflow/example_dags/tutorial.py
[2024-08-26T10:41:20.239+0000] {processor.py:914} INFO - Processing file /home/airflow/.local/lib/python3.12/site-packages/airflow/example_dags/tutorial.py for tasks to queue
[2024-08-26T10:41:20.242+0000] {logging_mixin.py:190} INFO - [2024-08-26T10:41:20.242+0000] {dagbag.py:587} INFO - Filling up the DagBag from /home/airflow/.local/lib/python3.12/site-packages/airflow/example_dags/tutorial.py
[2024-08-26T10:41:20.254+0000] {processor.py:925} INFO - DAG(s) 'tutorial' retrieved from /home/airflow/.local/lib/python3.12/site-packages/airflow/example_dags/tutorial.py
[2024-08-26T10:41:20.286+0000] {logging_mixin.py:190} INFO - [2024-08-26T10:41:20.286+0000] {dag.py:3211} INFO - Sync 1 DAGs
[2024-08-26T10:41:20.317+0000] {logging_mixin.py:190} INFO - [2024-08-26T10:41:20.317+0000] {dag.py:4138} INFO - Setting next_dagrun for tutorial to 2024-08-25 00:00:00+00:00, run_after=2024-08-26 00:00:00+00:00
[2024-08-26T10:41:20.343+0000] {processor.py:208} INFO - Processing /home/airflow/.local/lib/python3.12/site-packages/airflow/example_dags/tutorial.py took 0.115 seconds
[2024-08-26T10:42:02.892+0000] {processor.py:186} INFO - Started process (PID=471) to work on /home/airflow/.local/lib/python3.12/site-packages/airflow/example_dags/tutorial.py
[2024-08-26T10:42:02.895+0000] {processor.py:914} INFO - Processing file /home/airflow/.local/lib/python3.12/site-packages/airflow/example_dags/tutorial.py for tasks to queue
[2024-08-26T10:42:02.900+0000] {logging_mixin.py:190} INFO - [2024-08-26T10:42:02.898+0000] {dagbag.py:587} INFO - Filling up the DagBag from /home/airflow/.local/lib/python3.12/site-packages/airflow/example_dags/tutorial.py
[2024-08-26T10:42:02.916+0000] {processor.py:925} INFO - DAG(s) 'tutorial' retrieved from /home/airflow/.local/lib/python3.12/site-packages/airflow/example_dags/tutorial.py
[2024-08-26T10:42:02.952+0000] {logging_mixin.py:190} INFO - [2024-08-26T10:42:02.952+0000] {dag.py:3211} INFO - Sync 1 DAGs
[2024-08-26T10:42:02.989+0000] {logging_mixin.py:190} INFO - [2024-08-26T10:42:02.989+0000] {dag.py:4138} INFO - Setting next_dagrun for tutorial to 2024-08-25 00:00:00+00:00, run_after=2024-08-26 00:00:00+00:00
[2024-08-26T10:42:03.020+0000] {processor.py:208} INFO - Processing /home/airflow/.local/lib/python3.12/site-packages/airflow/example_dags/tutorial.py took 0.140 seconds
[2024-08-26T10:42:51.051+0000] {processor.py:186} INFO - Started process (PID=537) to work on /home/airflow/.local/lib/python3.12/site-packages/airflow/example_dags/tutorial.py
[2024-08-26T10:42:51.054+0000] {processor.py:914} INFO - Processing file /home/airflow/.local/lib/python3.12/site-packages/airflow/example_dags/tutorial.py for tasks to queue
[2024-08-26T10:42:51.057+0000] {logging_mixin.py:190} INFO - [2024-08-26T10:42:51.056+0000] {dagbag.py:587} INFO - Filling up the DagBag from /home/airflow/.local/lib/python3.12/site-packages/airflow/example_dags/tutorial.py
[2024-08-26T10:42:51.080+0000] {processor.py:925} INFO - DAG(s) 'tutorial' retrieved from /home/airflow/.local/lib/python3.12/site-packages/airflow/example_dags/tutorial.py
[2024-08-26T10:42:51.155+0000] {logging_mixin.py:190} INFO - [2024-08-26T10:42:51.154+0000] {dag.py:3211} INFO - Sync 1 DAGs
[2024-08-26T10:42:51.220+0000] {logging_mixin.py:190} INFO - [2024-08-26T10:42:51.219+0000] {dag.py:4138} INFO - Setting next_dagrun for tutorial to 2024-08-25 00:00:00+00:00, run_after=2024-08-26 00:00:00+00:00
[2024-08-26T10:42:51.262+0000] {processor.py:208} INFO - Processing /home/airflow/.local/lib/python3.12/site-packages/airflow/example_dags/tutorial.py took 0.221 seconds
[2024-08-26T10:43:34.088+0000] {processor.py:186} INFO - Started process (PID=617) to work on /home/airflow/.local/lib/python3.12/site-packages/airflow/example_dags/tutorial.py
[2024-08-26T10:43:34.090+0000] {processor.py:914} INFO - Processing file /home/airflow/.local/lib/python3.12/site-packages/airflow/example_dags/tutorial.py for tasks to queue
[2024-08-26T10:43:34.093+0000] {logging_mixin.py:190} INFO - [2024-08-26T10:43:34.092+0000] {dagbag.py:587} INFO - Filling up the DagBag from /home/airflow/.local/lib/python3.12/site-packages/airflow/example_dags/tutorial.py
[2024-08-26T10:43:34.207+0000] {processor.py:925} INFO - DAG(s) 'tutorial' retrieved from /home/airflow/.local/lib/python3.12/site-packages/airflow/example_dags/tutorial.py
[2024-08-26T10:43:34.259+0000] {logging_mixin.py:190} INFO - [2024-08-26T10:43:34.258+0000] {dag.py:3211} INFO - Sync 1 DAGs
[2024-08-26T10:43:34.306+0000] {logging_mixin.py:190} INFO - [2024-08-26T10:43:34.306+0000] {dag.py:4138} INFO - Setting next_dagrun for tutorial to 2024-08-25 00:00:00+00:00, run_after=2024-08-26 00:00:00+00:00
[2024-08-26T10:43:34.334+0000] {processor.py:208} INFO - Processing /home/airflow/.local/lib/python3.12/site-packages/airflow/example_dags/tutorial.py took 0.254 seconds
[2024-08-26T10:44:11.786+0000] {processor.py:186} INFO - Started process (PID=683) to work on /home/airflow/.local/lib/python3.12/site-packages/airflow/example_dags/tutorial.py
[2024-08-26T10:44:11.787+0000] {processor.py:914} INFO - Processing file /home/airflow/.local/lib/python3.12/site-packages/airflow/example_dags/tutorial.py for tasks to queue
[2024-08-26T10:44:11.790+0000] {logging_mixin.py:190} INFO - [2024-08-26T10:44:11.789+0000] {dagbag.py:587} INFO - Filling up the DagBag from /home/airflow/.local/lib/python3.12/site-packages/airflow/example_dags/tutorial.py
[2024-08-26T10:44:11.806+0000] {processor.py:925} INFO - DAG(s) 'tutorial' retrieved from /home/airflow/.local/lib/python3.12/site-packages/airflow/example_dags/tutorial.py
[2024-08-26T10:44:11.838+0000] {logging_mixin.py:190} INFO - [2024-08-26T10:44:11.838+0000] {dag.py:3211} INFO - Sync 1 DAGs
[2024-08-26T10:44:11.874+0000] {logging_mixin.py:190} INFO - [2024-08-26T10:44:11.873+0000] {dag.py:4138} INFO - Setting next_dagrun for tutorial to 2024-08-25 00:00:00+00:00, run_after=2024-08-26 00:00:00+00:00
[2024-08-26T10:44:11.903+0000] {processor.py:208} INFO - Processing /home/airflow/.local/lib/python3.12/site-packages/airflow/example_dags/tutorial.py took 0.126 seconds
[2024-08-26T10:44:51.145+0000] {processor.py:186} INFO - Started process (PID=750) to work on /home/airflow/.local/lib/python3.12/site-packages/airflow/example_dags/tutorial.py
[2024-08-26T10:44:51.147+0000] {processor.py:914} INFO - Processing file /home/airflow/.local/lib/python3.12/site-packages/airflow/example_dags/tutorial.py for tasks to queue
[2024-08-26T10:44:51.148+0000] {logging_mixin.py:190} INFO - [2024-08-26T10:44:51.148+0000] {dagbag.py:587} INFO - Filling up the DagBag from /home/airflow/.local/lib/python3.12/site-packages/airflow/example_dags/tutorial.py
[2024-08-26T10:44:51.162+0000] {processor.py:925} INFO - DAG(s) 'tutorial' retrieved from /home/airflow/.local/lib/python3.12/site-packages/airflow/example_dags/tutorial.py
[2024-08-26T10:44:51.192+0000] {logging_mixin.py:190} INFO - [2024-08-26T10:44:51.191+0000] {dag.py:3211} INFO - Sync 1 DAGs
[2024-08-26T10:44:51.236+0000] {logging_mixin.py:190} INFO - [2024-08-26T10:44:51.235+0000] {dag.py:4138} INFO - Setting next_dagrun for tutorial to 2024-08-25 00:00:00+00:00, run_after=2024-08-26 00:00:00+00:00
[2024-08-26T10:44:51.285+0000] {processor.py:208} INFO - Processing /home/airflow/.local/lib/python3.12/site-packages/airflow/example_dags/tutorial.py took 0.149 seconds
[2024-08-26T10:45:31.912+0000] {processor.py:186} INFO - Started process (PID=825) to work on /home/airflow/.local/lib/python3.12/site-packages/airflow/example_dags/tutorial.py
[2024-08-26T10:45:31.914+0000] {processor.py:914} INFO - Processing file /home/airflow/.local/lib/python3.12/site-packages/airflow/example_dags/tutorial.py for tasks to queue
[2024-08-26T10:45:31.917+0000] {logging_mixin.py:190} INFO - [2024-08-26T10:45:31.916+0000] {dagbag.py:587} INFO - Filling up the DagBag from /home/airflow/.local/lib/python3.12/site-packages/airflow/example_dags/tutorial.py
[2024-08-26T10:45:31.931+0000] {processor.py:925} INFO - DAG(s) 'tutorial' retrieved from /home/airflow/.local/lib/python3.12/site-packages/airflow/example_dags/tutorial.py
[2024-08-26T10:45:31.966+0000] {logging_mixin.py:190} INFO - [2024-08-26T10:45:31.966+0000] {dag.py:3211} INFO - Sync 1 DAGs
[2024-08-26T10:45:32.016+0000] {logging_mixin.py:190} INFO - [2024-08-26T10:45:32.016+0000] {dag.py:4138} INFO - Setting next_dagrun for tutorial to 2024-08-25 00:00:00+00:00, run_after=2024-08-26 00:00:00+00:00
[2024-08-26T10:45:32.048+0000] {processor.py:208} INFO - Processing /home/airflow/.local/lib/python3.12/site-packages/airflow/example_dags/tutorial.py took 0.145 seconds
[2024-08-26T10:46:10.733+0000] {processor.py:186} INFO - Started process (PID=897) to work on /home/airflow/.local/lib/python3.12/site-packages/airflow/example_dags/tutorial.py
[2024-08-26T10:46:10.735+0000] {processor.py:914} INFO - Processing file /home/airflow/.local/lib/python3.12/site-packages/airflow/example_dags/tutorial.py for tasks to queue
[2024-08-26T10:46:10.738+0000] {logging_mixin.py:190} INFO - [2024-08-26T10:46:10.737+0000] {dagbag.py:587} INFO - Filling up the DagBag from /home/airflow/.local/lib/python3.12/site-packages/airflow/example_dags/tutorial.py
[2024-08-26T10:46:10.754+0000] {processor.py:925} INFO - DAG(s) 'tutorial' retrieved from /home/airflow/.local/lib/python3.12/site-packages/airflow/example_dags/tutorial.py
[2024-08-26T10:46:10.781+0000] {logging_mixin.py:190} INFO - [2024-08-26T10:46:10.781+0000] {dag.py:3211} INFO - Sync 1 DAGs
[2024-08-26T10:46:10.816+0000] {logging_mixin.py:190} INFO - [2024-08-26T10:46:10.815+0000] {dag.py:4138} INFO - Setting next_dagrun for tutorial to 2024-08-25 00:00:00+00:00, run_after=2024-08-26 00:00:00+00:00
[2024-08-26T10:46:10.846+0000] {processor.py:208} INFO - Processing /home/airflow/.local/lib/python3.12/site-packages/airflow/example_dags/tutorial.py took 0.123 seconds
[2024-08-26T10:46:49.275+0000] {processor.py:186} INFO - Started process (PID=963) to work on /home/airflow/.local/lib/python3.12/site-packages/airflow/example_dags/tutorial.py
[2024-08-26T10:46:49.277+0000] {processor.py:914} INFO - Processing file /home/airflow/.local/lib/python3.12/site-packages/airflow/example_dags/tutorial.py for tasks to queue
[2024-08-26T10:46:49.279+0000] {logging_mixin.py:190} INFO - [2024-08-26T10:46:49.278+0000] {dagbag.py:587} INFO - Filling up the DagBag from /home/airflow/.local/lib/python3.12/site-packages/airflow/example_dags/tutorial.py
[2024-08-26T10:46:49.290+0000] {processor.py:925} INFO - DAG(s) 'tutorial' retrieved from /home/airflow/.local/lib/python3.12/site-packages/airflow/example_dags/tutorial.py
[2024-08-26T10:46:49.317+0000] {logging_mixin.py:190} INFO - [2024-08-26T10:46:49.317+0000] {dag.py:3211} INFO - Sync 1 DAGs
[2024-08-26T10:46:49.346+0000] {logging_mixin.py:190} INFO - [2024-08-26T10:46:49.345+0000] {dag.py:4138} INFO - Setting next_dagrun for tutorial to 2024-08-25 00:00:00+00:00, run_after=2024-08-26 00:00:00+00:00
[2024-08-26T10:46:49.368+0000] {processor.py:208} INFO - Processing /home/airflow/.local/lib/python3.12/site-packages/airflow/example_dags/tutorial.py took 0.101 seconds
[2024-08-26T10:47:40.420+0000] {processor.py:186} INFO - Started process (PID=1046) to work on /home/airflow/.local/lib/python3.12/site-packages/airflow/example_dags/tutorial.py
[2024-08-26T10:47:40.422+0000] {processor.py:914} INFO - Processing file /home/airflow/.local/lib/python3.12/site-packages/airflow/example_dags/tutorial.py for tasks to queue
[2024-08-26T10:47:40.424+0000] {logging_mixin.py:190} INFO - [2024-08-26T10:47:40.423+0000] {dagbag.py:587} INFO - Filling up the DagBag from /home/airflow/.local/lib/python3.12/site-packages/airflow/example_dags/tutorial.py
[2024-08-26T10:47:40.437+0000] {processor.py:925} INFO - DAG(s) 'tutorial' retrieved from /home/airflow/.local/lib/python3.12/site-packages/airflow/example_dags/tutorial.py
[2024-08-26T10:47:40.466+0000] {logging_mixin.py:190} INFO - [2024-08-26T10:47:40.465+0000] {dag.py:3211} INFO - Sync 1 DAGs
[2024-08-26T10:47:40.510+0000] {logging_mixin.py:190} INFO - [2024-08-26T10:47:40.509+0000] {dag.py:4138} INFO - Setting next_dagrun for tutorial to 2024-08-25 00:00:00+00:00, run_after=2024-08-26 00:00:00+00:00
[2024-08-26T10:47:40.547+0000] {processor.py:208} INFO - Processing /home/airflow/.local/lib/python3.12/site-packages/airflow/example_dags/tutorial.py took 0.136 seconds
[2024-08-26T10:48:20.124+0000] {processor.py:186} INFO - Started process (PID=1112) to work on /home/airflow/.local/lib/python3.12/site-packages/airflow/example_dags/tutorial.py
[2024-08-26T10:48:20.126+0000] {processor.py:914} INFO - Processing file /home/airflow/.local/lib/python3.12/site-packages/airflow/example_dags/tutorial.py for tasks to queue
[2024-08-26T10:48:20.128+0000] {logging_mixin.py:190} INFO - [2024-08-26T10:48:20.127+0000] {dagbag.py:587} INFO - Filling up the DagBag from /home/airflow/.local/lib/python3.12/site-packages/airflow/example_dags/tutorial.py
[2024-08-26T10:48:20.146+0000] {processor.py:925} INFO - DAG(s) 'tutorial' retrieved from /home/airflow/.local/lib/python3.12/site-packages/airflow/example_dags/tutorial.py
[2024-08-26T10:48:20.182+0000] {logging_mixin.py:190} INFO - [2024-08-26T10:48:20.182+0000] {dag.py:3211} INFO - Sync 1 DAGs
[2024-08-26T10:48:20.215+0000] {logging_mixin.py:190} INFO - [2024-08-26T10:48:20.215+0000] {dag.py:4138} INFO - Setting next_dagrun for tutorial to 2024-08-25 00:00:00+00:00, run_after=2024-08-26 00:00:00+00:00
[2024-08-26T10:48:20.241+0000] {processor.py:208} INFO - Processing /home/airflow/.local/lib/python3.12/site-packages/airflow/example_dags/tutorial.py took 0.126 seconds
[2024-08-26T10:49:02.996+0000] {processor.py:186} INFO - Started process (PID=1188) to work on /home/airflow/.local/lib/python3.12/site-packages/airflow/example_dags/tutorial.py
[2024-08-26T10:49:03.002+0000] {processor.py:914} INFO - Processing file /home/airflow/.local/lib/python3.12/site-packages/airflow/example_dags/tutorial.py for tasks to queue
[2024-08-26T10:49:03.008+0000] {logging_mixin.py:190} INFO - [2024-08-26T10:49:03.007+0000] {dagbag.py:587} INFO - Filling up the DagBag from /home/airflow/.local/lib/python3.12/site-packages/airflow/example_dags/tutorial.py
[2024-08-26T10:49:03.030+0000] {processor.py:925} INFO - DAG(s) 'tutorial' retrieved from /home/airflow/.local/lib/python3.12/site-packages/airflow/example_dags/tutorial.py
[2024-08-26T10:49:03.074+0000] {logging_mixin.py:190} INFO - [2024-08-26T10:49:03.074+0000] {dag.py:3211} INFO - Sync 1 DAGs
[2024-08-26T10:49:03.145+0000] {logging_mixin.py:190} INFO - [2024-08-26T10:49:03.144+0000] {dag.py:4138} INFO - Setting next_dagrun for tutorial to 2024-08-25 00:00:00+00:00, run_after=2024-08-26 00:00:00+00:00
[2024-08-26T10:49:03.191+0000] {processor.py:208} INFO - Processing /home/airflow/.local/lib/python3.12/site-packages/airflow/example_dags/tutorial.py took 0.207 seconds
[2024-08-26T10:49:43.175+0000] {processor.py:186} INFO - Started process (PID=1259) to work on /home/airflow/.local/lib/python3.12/site-packages/airflow/example_dags/tutorial.py
[2024-08-26T10:49:43.179+0000] {processor.py:914} INFO - Processing file /home/airflow/.local/lib/python3.12/site-packages/airflow/example_dags/tutorial.py for tasks to queue
[2024-08-26T10:49:43.182+0000] {logging_mixin.py:190} INFO - [2024-08-26T10:49:43.182+0000] {dagbag.py:587} INFO - Filling up the DagBag from /home/airflow/.local/lib/python3.12/site-packages/airflow/example_dags/tutorial.py
[2024-08-26T10:49:43.203+0000] {processor.py:925} INFO - DAG(s) 'tutorial' retrieved from /home/airflow/.local/lib/python3.12/site-packages/airflow/example_dags/tutorial.py
[2024-08-26T10:49:43.244+0000] {logging_mixin.py:190} INFO - [2024-08-26T10:49:43.243+0000] {dag.py:3211} INFO - Sync 1 DAGs
[2024-08-26T10:49:43.308+0000] {logging_mixin.py:190} INFO - [2024-08-26T10:49:43.307+0000] {dag.py:4138} INFO - Setting next_dagrun for tutorial to 2024-08-25 00:00:00+00:00, run_after=2024-08-26 00:00:00+00:00
[2024-08-26T10:49:43.380+0000] {processor.py:208} INFO - Processing /home/airflow/.local/lib/python3.12/site-packages/airflow/example_dags/tutorial.py took 0.220 seconds
[2024-08-26T15:09:24.001+0000] {processor.py:186} INFO - Started process (PID=54) to work on /home/airflow/.local/lib/python3.12/site-packages/airflow/example_dags/tutorial.py
[2024-08-26T15:09:24.003+0000] {processor.py:914} INFO - Processing file /home/airflow/.local/lib/python3.12/site-packages/airflow/example_dags/tutorial.py for tasks to queue
[2024-08-26T15:09:24.006+0000] {logging_mixin.py:190} INFO - [2024-08-26T15:09:24.006+0000] {dagbag.py:587} INFO - Filling up the DagBag from /home/airflow/.local/lib/python3.12/site-packages/airflow/example_dags/tutorial.py
[2024-08-26T15:09:24.017+0000] {processor.py:925} INFO - DAG(s) 'tutorial' retrieved from /home/airflow/.local/lib/python3.12/site-packages/airflow/example_dags/tutorial.py
[2024-08-26T15:09:24.051+0000] {logging_mixin.py:190} INFO - [2024-08-26T15:09:24.051+0000] {dag.py:3211} INFO - Sync 1 DAGs
[2024-08-26T15:09:24.081+0000] {logging_mixin.py:190} INFO - [2024-08-26T15:09:24.080+0000] {dag.py:4138} INFO - Setting next_dagrun for tutorial to 2024-08-25 00:00:00+00:00, run_after=2024-08-26 00:00:00+00:00
[2024-08-26T15:09:24.102+0000] {processor.py:208} INFO - Processing /home/airflow/.local/lib/python3.12/site-packages/airflow/example_dags/tutorial.py took 0.109 seconds
[2024-08-26T15:10:07.599+0000] {processor.py:186} INFO - Started process (PID=126) to work on /home/airflow/.local/lib/python3.12/site-packages/airflow/example_dags/tutorial.py
[2024-08-26T15:10:07.601+0000] {processor.py:914} INFO - Processing file /home/airflow/.local/lib/python3.12/site-packages/airflow/example_dags/tutorial.py for tasks to queue
[2024-08-26T15:10:07.605+0000] {logging_mixin.py:190} INFO - [2024-08-26T15:10:07.604+0000] {dagbag.py:587} INFO - Filling up the DagBag from /home/airflow/.local/lib/python3.12/site-packages/airflow/example_dags/tutorial.py
[2024-08-26T15:10:07.615+0000] {processor.py:925} INFO - DAG(s) 'tutorial' retrieved from /home/airflow/.local/lib/python3.12/site-packages/airflow/example_dags/tutorial.py
[2024-08-26T15:10:07.641+0000] {logging_mixin.py:190} INFO - [2024-08-26T15:10:07.641+0000] {dag.py:3211} INFO - Sync 1 DAGs
[2024-08-26T15:10:07.671+0000] {logging_mixin.py:190} INFO - [2024-08-26T15:10:07.671+0000] {dag.py:4138} INFO - Setting next_dagrun for tutorial to 2024-08-25 00:00:00+00:00, run_after=2024-08-26 00:00:00+00:00
[2024-08-26T15:10:07.694+0000] {processor.py:208} INFO - Processing /home/airflow/.local/lib/python3.12/site-packages/airflow/example_dags/tutorial.py took 0.103 seconds
[2024-08-26T15:10:45.976+0000] {processor.py:186} INFO - Started process (PID=193) to work on /home/airflow/.local/lib/python3.12/site-packages/airflow/example_dags/tutorial.py
[2024-08-26T15:10:45.980+0000] {processor.py:914} INFO - Processing file /home/airflow/.local/lib/python3.12/site-packages/airflow/example_dags/tutorial.py for tasks to queue
[2024-08-26T15:10:45.983+0000] {logging_mixin.py:190} INFO - [2024-08-26T15:10:45.982+0000] {dagbag.py:587} INFO - Filling up the DagBag from /home/airflow/.local/lib/python3.12/site-packages/airflow/example_dags/tutorial.py
[2024-08-26T15:10:45.993+0000] {processor.py:925} INFO - DAG(s) 'tutorial' retrieved from /home/airflow/.local/lib/python3.12/site-packages/airflow/example_dags/tutorial.py
[2024-08-26T15:10:46.021+0000] {logging_mixin.py:190} INFO - [2024-08-26T15:10:46.020+0000] {dag.py:3211} INFO - Sync 1 DAGs
[2024-08-26T15:10:46.056+0000] {logging_mixin.py:190} INFO - [2024-08-26T15:10:46.056+0000] {dag.py:4138} INFO - Setting next_dagrun for tutorial to 2024-08-25 00:00:00+00:00, run_after=2024-08-26 00:00:00+00:00
[2024-08-26T15:10:46.083+0000] {processor.py:208} INFO - Processing /home/airflow/.local/lib/python3.12/site-packages/airflow/example_dags/tutorial.py took 0.115 seconds
[2024-08-26T15:11:23.156+0000] {processor.py:186} INFO - Started process (PID=259) to work on /home/airflow/.local/lib/python3.12/site-packages/airflow/example_dags/tutorial.py
[2024-08-26T15:11:23.157+0000] {processor.py:914} INFO - Processing file /home/airflow/.local/lib/python3.12/site-packages/airflow/example_dags/tutorial.py for tasks to queue
[2024-08-26T15:11:23.160+0000] {logging_mixin.py:190} INFO - [2024-08-26T15:11:23.160+0000] {dagbag.py:587} INFO - Filling up the DagBag from /home/airflow/.local/lib/python3.12/site-packages/airflow/example_dags/tutorial.py
[2024-08-26T15:11:23.172+0000] {processor.py:925} INFO - DAG(s) 'tutorial' retrieved from /home/airflow/.local/lib/python3.12/site-packages/airflow/example_dags/tutorial.py
[2024-08-26T15:11:23.200+0000] {logging_mixin.py:190} INFO - [2024-08-26T15:11:23.200+0000] {dag.py:3211} INFO - Sync 1 DAGs
[2024-08-26T15:11:23.230+0000] {logging_mixin.py:190} INFO - [2024-08-26T15:11:23.229+0000] {dag.py:4138} INFO - Setting next_dagrun for tutorial to 2024-08-25 00:00:00+00:00, run_after=2024-08-26 00:00:00+00:00
[2024-08-26T15:11:23.254+0000] {processor.py:208} INFO - Processing /home/airflow/.local/lib/python3.12/site-packages/airflow/example_dags/tutorial.py took 0.106 seconds
[2024-08-26T15:12:01.751+0000] {processor.py:186} INFO - Started process (PID=331) to work on /home/airflow/.local/lib/python3.12/site-packages/airflow/example_dags/tutorial.py
[2024-08-26T15:12:01.752+0000] {processor.py:914} INFO - Processing file /home/airflow/.local/lib/python3.12/site-packages/airflow/example_dags/tutorial.py for tasks to queue
[2024-08-26T15:12:01.756+0000] {logging_mixin.py:190} INFO - [2024-08-26T15:12:01.755+0000] {dagbag.py:587} INFO - Filling up the DagBag from /home/airflow/.local/lib/python3.12/site-packages/airflow/example_dags/tutorial.py
[2024-08-26T15:12:01.766+0000] {processor.py:925} INFO - DAG(s) 'tutorial' retrieved from /home/airflow/.local/lib/python3.12/site-packages/airflow/example_dags/tutorial.py
[2024-08-26T15:12:01.794+0000] {logging_mixin.py:190} INFO - [2024-08-26T15:12:01.793+0000] {dag.py:3211} INFO - Sync 1 DAGs
[2024-08-26T15:12:01.825+0000] {logging_mixin.py:190} INFO - [2024-08-26T15:12:01.825+0000] {dag.py:4138} INFO - Setting next_dagrun for tutorial to 2024-08-25 00:00:00+00:00, run_after=2024-08-26 00:00:00+00:00
[2024-08-26T15:12:01.849+0000] {processor.py:208} INFO - Processing /home/airflow/.local/lib/python3.12/site-packages/airflow/example_dags/tutorial.py took 0.107 seconds
[2024-08-26T15:12:41.469+0000] {processor.py:186} INFO - Started process (PID=398) to work on /home/airflow/.local/lib/python3.12/site-packages/airflow/example_dags/tutorial.py
[2024-08-26T15:12:41.471+0000] {processor.py:914} INFO - Processing file /home/airflow/.local/lib/python3.12/site-packages/airflow/example_dags/tutorial.py for tasks to queue
[2024-08-26T15:12:41.475+0000] {logging_mixin.py:190} INFO - [2024-08-26T15:12:41.474+0000] {dagbag.py:587} INFO - Filling up the DagBag from /home/airflow/.local/lib/python3.12/site-packages/airflow/example_dags/tutorial.py
[2024-08-26T15:12:41.488+0000] {processor.py:925} INFO - DAG(s) 'tutorial' retrieved from /home/airflow/.local/lib/python3.12/site-packages/airflow/example_dags/tutorial.py
[2024-08-26T15:12:41.522+0000] {logging_mixin.py:190} INFO - [2024-08-26T15:12:41.522+0000] {dag.py:3211} INFO - Sync 1 DAGs
[2024-08-26T15:12:41.557+0000] {logging_mixin.py:190} INFO - [2024-08-26T15:12:41.557+0000] {dag.py:4138} INFO - Setting next_dagrun for tutorial to 2024-08-25 00:00:00+00:00, run_after=2024-08-26 00:00:00+00:00
[2024-08-26T15:12:41.583+0000] {processor.py:208} INFO - Processing /home/airflow/.local/lib/python3.12/site-packages/airflow/example_dags/tutorial.py took 0.123 seconds
[2024-08-26T15:13:31.278+0000] {processor.py:186} INFO - Started process (PID=481) to work on /home/airflow/.local/lib/python3.12/site-packages/airflow/example_dags/tutorial.py
[2024-08-26T15:13:31.280+0000] {processor.py:914} INFO - Processing file /home/airflow/.local/lib/python3.12/site-packages/airflow/example_dags/tutorial.py for tasks to queue
[2024-08-26T15:13:31.283+0000] {logging_mixin.py:190} INFO - [2024-08-26T15:13:31.283+0000] {dagbag.py:587} INFO - Filling up the DagBag from /home/airflow/.local/lib/python3.12/site-packages/airflow/example_dags/tutorial.py
[2024-08-26T15:13:31.297+0000] {processor.py:925} INFO - DAG(s) 'tutorial' retrieved from /home/airflow/.local/lib/python3.12/site-packages/airflow/example_dags/tutorial.py
[2024-08-26T15:13:31.326+0000] {logging_mixin.py:190} INFO - [2024-08-26T15:13:31.326+0000] {dag.py:3211} INFO - Sync 1 DAGs
[2024-08-26T15:13:31.364+0000] {logging_mixin.py:190} INFO - [2024-08-26T15:13:31.364+0000] {dag.py:4138} INFO - Setting next_dagrun for tutorial to 2024-08-25 00:00:00+00:00, run_after=2024-08-26 00:00:00+00:00
[2024-08-26T15:13:31.394+0000] {processor.py:208} INFO - Processing /home/airflow/.local/lib/python3.12/site-packages/airflow/example_dags/tutorial.py took 0.124 seconds
[2024-08-26T15:14:27.267+0000] {processor.py:186} INFO - Started process (PID=547) to work on /home/airflow/.local/lib/python3.12/site-packages/airflow/example_dags/tutorial.py
[2024-08-26T15:14:27.269+0000] {processor.py:914} INFO - Processing file /home/airflow/.local/lib/python3.12/site-packages/airflow/example_dags/tutorial.py for tasks to queue
[2024-08-26T15:14:27.273+0000] {logging_mixin.py:190} INFO - [2024-08-26T15:14:27.273+0000] {dagbag.py:587} INFO - Filling up the DagBag from /home/airflow/.local/lib/python3.12/site-packages/airflow/example_dags/tutorial.py
[2024-08-26T15:14:27.288+0000] {processor.py:925} INFO - DAG(s) 'tutorial' retrieved from /home/airflow/.local/lib/python3.12/site-packages/airflow/example_dags/tutorial.py
[2024-08-26T15:14:27.322+0000] {logging_mixin.py:190} INFO - [2024-08-26T15:14:27.322+0000] {dag.py:3211} INFO - Sync 1 DAGs
[2024-08-26T15:14:27.362+0000] {logging_mixin.py:190} INFO - [2024-08-26T15:14:27.362+0000] {dag.py:4138} INFO - Setting next_dagrun for tutorial to 2024-08-25 00:00:00+00:00, run_after=2024-08-26 00:00:00+00:00
[2024-08-26T15:14:27.394+0000] {processor.py:208} INFO - Processing /home/airflow/.local/lib/python3.12/site-packages/airflow/example_dags/tutorial.py took 0.138 seconds
[2024-08-26T15:15:05.495+0000] {processor.py:186} INFO - Started process (PID=620) to work on /home/airflow/.local/lib/python3.12/site-packages/airflow/example_dags/tutorial.py
[2024-08-26T15:15:05.496+0000] {processor.py:914} INFO - Processing file /home/airflow/.local/lib/python3.12/site-packages/airflow/example_dags/tutorial.py for tasks to queue
[2024-08-26T15:15:05.499+0000] {logging_mixin.py:190} INFO - [2024-08-26T15:15:05.498+0000] {dagbag.py:587} INFO - Filling up the DagBag from /home/airflow/.local/lib/python3.12/site-packages/airflow/example_dags/tutorial.py
[2024-08-26T15:15:05.513+0000] {processor.py:925} INFO - DAG(s) 'tutorial' retrieved from /home/airflow/.local/lib/python3.12/site-packages/airflow/example_dags/tutorial.py
[2024-08-26T15:15:05.547+0000] {logging_mixin.py:190} INFO - [2024-08-26T15:15:05.546+0000] {dag.py:3211} INFO - Sync 1 DAGs
[2024-08-26T15:15:05.582+0000] {logging_mixin.py:190} INFO - [2024-08-26T15:15:05.582+0000] {dag.py:4138} INFO - Setting next_dagrun for tutorial to 2024-08-25 00:00:00+00:00, run_after=2024-08-26 00:00:00+00:00
[2024-08-26T15:15:05.612+0000] {processor.py:208} INFO - Processing /home/airflow/.local/lib/python3.12/site-packages/airflow/example_dags/tutorial.py took 0.128 seconds
[2024-08-26T15:15:51.227+0000] {processor.py:186} INFO - Started process (PID=686) to work on /home/airflow/.local/lib/python3.12/site-packages/airflow/example_dags/tutorial.py
[2024-08-26T15:15:51.229+0000] {processor.py:914} INFO - Processing file /home/airflow/.local/lib/python3.12/site-packages/airflow/example_dags/tutorial.py for tasks to queue
[2024-08-26T15:15:51.232+0000] {logging_mixin.py:190} INFO - [2024-08-26T15:15:51.232+0000] {dagbag.py:587} INFO - Filling up the DagBag from /home/airflow/.local/lib/python3.12/site-packages/airflow/example_dags/tutorial.py
[2024-08-26T15:15:51.250+0000] {processor.py:925} INFO - DAG(s) 'tutorial' retrieved from /home/airflow/.local/lib/python3.12/site-packages/airflow/example_dags/tutorial.py
[2024-08-26T15:15:51.289+0000] {logging_mixin.py:190} INFO - [2024-08-26T15:15:51.289+0000] {dag.py:3211} INFO - Sync 1 DAGs
[2024-08-26T15:15:51.339+0000] {logging_mixin.py:190} INFO - [2024-08-26T15:15:51.339+0000] {dag.py:4138} INFO - Setting next_dagrun for tutorial to 2024-08-25 00:00:00+00:00, run_after=2024-08-26 00:00:00+00:00
[2024-08-26T15:15:51.376+0000] {processor.py:208} INFO - Processing /home/airflow/.local/lib/python3.12/site-packages/airflow/example_dags/tutorial.py took 0.161 seconds
[2024-08-26T15:16:28.405+0000] {processor.py:186} INFO - Started process (PID=752) to work on /home/airflow/.local/lib/python3.12/site-packages/airflow/example_dags/tutorial.py
[2024-08-26T15:16:28.407+0000] {processor.py:914} INFO - Processing file /home/airflow/.local/lib/python3.12/site-packages/airflow/example_dags/tutorial.py for tasks to queue
[2024-08-26T15:16:28.409+0000] {logging_mixin.py:190} INFO - [2024-08-26T15:16:28.408+0000] {dagbag.py:587} INFO - Filling up the DagBag from /home/airflow/.local/lib/python3.12/site-packages/airflow/example_dags/tutorial.py
[2024-08-26T15:16:28.422+0000] {processor.py:925} INFO - DAG(s) 'tutorial' retrieved from /home/airflow/.local/lib/python3.12/site-packages/airflow/example_dags/tutorial.py
[2024-08-26T15:16:28.457+0000] {logging_mixin.py:190} INFO - [2024-08-26T15:16:28.456+0000] {dag.py:3211} INFO - Sync 1 DAGs
[2024-08-26T15:16:28.487+0000] {logging_mixin.py:190} INFO - [2024-08-26T15:16:28.487+0000] {dag.py:4138} INFO - Setting next_dagrun for tutorial to 2024-08-25 00:00:00+00:00, run_after=2024-08-26 00:00:00+00:00
[2024-08-26T15:16:28.512+0000] {processor.py:208} INFO - Processing /home/airflow/.local/lib/python3.12/site-packages/airflow/example_dags/tutorial.py took 0.114 seconds
[2024-08-26T15:17:06.355+0000] {processor.py:186} INFO - Started process (PID=824) to work on /home/airflow/.local/lib/python3.12/site-packages/airflow/example_dags/tutorial.py
[2024-08-26T15:17:06.356+0000] {processor.py:914} INFO - Processing file /home/airflow/.local/lib/python3.12/site-packages/airflow/example_dags/tutorial.py for tasks to queue
[2024-08-26T15:17:06.358+0000] {logging_mixin.py:190} INFO - [2024-08-26T15:17:06.357+0000] {dagbag.py:587} INFO - Filling up the DagBag from /home/airflow/.local/lib/python3.12/site-packages/airflow/example_dags/tutorial.py
[2024-08-26T15:17:06.370+0000] {processor.py:925} INFO - DAG(s) 'tutorial' retrieved from /home/airflow/.local/lib/python3.12/site-packages/airflow/example_dags/tutorial.py
[2024-08-26T15:17:06.406+0000] {logging_mixin.py:190} INFO - [2024-08-26T15:17:06.406+0000] {dag.py:3211} INFO - Sync 1 DAGs
[2024-08-26T15:17:06.439+0000] {logging_mixin.py:190} INFO - [2024-08-26T15:17:06.439+0000] {dag.py:4138} INFO - Setting next_dagrun for tutorial to 2024-08-25 00:00:00+00:00, run_after=2024-08-26 00:00:00+00:00
[2024-08-26T15:17:06.463+0000] {processor.py:208} INFO - Processing /home/airflow/.local/lib/python3.12/site-packages/airflow/example_dags/tutorial.py took 0.117 seconds
[2024-08-26T15:17:43.049+0000] {processor.py:186} INFO - Started process (PID=890) to work on /home/airflow/.local/lib/python3.12/site-packages/airflow/example_dags/tutorial.py
[2024-08-26T15:17:43.051+0000] {processor.py:914} INFO - Processing file /home/airflow/.local/lib/python3.12/site-packages/airflow/example_dags/tutorial.py for tasks to queue
[2024-08-26T15:17:43.053+0000] {logging_mixin.py:190} INFO - [2024-08-26T15:17:43.053+0000] {dagbag.py:587} INFO - Filling up the DagBag from /home/airflow/.local/lib/python3.12/site-packages/airflow/example_dags/tutorial.py
[2024-08-26T15:17:43.070+0000] {processor.py:925} INFO - DAG(s) 'tutorial' retrieved from /home/airflow/.local/lib/python3.12/site-packages/airflow/example_dags/tutorial.py
[2024-08-26T15:17:43.103+0000] {logging_mixin.py:190} INFO - [2024-08-26T15:17:43.103+0000] {dag.py:3211} INFO - Sync 1 DAGs
[2024-08-26T15:17:43.134+0000] {logging_mixin.py:190} INFO - [2024-08-26T15:17:43.134+0000] {dag.py:4138} INFO - Setting next_dagrun for tutorial to 2024-08-25 00:00:00+00:00, run_after=2024-08-26 00:00:00+00:00
[2024-08-26T15:17:43.156+0000] {processor.py:208} INFO - Processing /home/airflow/.local/lib/python3.12/site-packages/airflow/example_dags/tutorial.py took 0.116 seconds
[2024-08-26T15:18:19.936+0000] {processor.py:186} INFO - Started process (PID=956) to work on /home/airflow/.local/lib/python3.12/site-packages/airflow/example_dags/tutorial.py
[2024-08-26T15:18:19.938+0000] {processor.py:914} INFO - Processing file /home/airflow/.local/lib/python3.12/site-packages/airflow/example_dags/tutorial.py for tasks to queue
[2024-08-26T15:18:19.941+0000] {logging_mixin.py:190} INFO - [2024-08-26T15:18:19.940+0000] {dagbag.py:587} INFO - Filling up the DagBag from /home/airflow/.local/lib/python3.12/site-packages/airflow/example_dags/tutorial.py
[2024-08-26T15:18:19.957+0000] {processor.py:925} INFO - DAG(s) 'tutorial' retrieved from /home/airflow/.local/lib/python3.12/site-packages/airflow/example_dags/tutorial.py
[2024-08-26T15:18:20.002+0000] {logging_mixin.py:190} INFO - [2024-08-26T15:18:20.002+0000] {dag.py:3211} INFO - Sync 1 DAGs
[2024-08-26T15:18:20.027+0000] {logging_mixin.py:190} INFO - [2024-08-26T15:18:20.027+0000] {dag.py:4138} INFO - Setting next_dagrun for tutorial to 2024-08-25 00:00:00+00:00, run_after=2024-08-26 00:00:00+00:00
[2024-08-26T15:18:20.051+0000] {processor.py:208} INFO - Processing /home/airflow/.local/lib/python3.12/site-packages/airflow/example_dags/tutorial.py took 0.125 seconds
[2024-08-26T15:19:02.903+0000] {processor.py:186} INFO - Started process (PID=1028) to work on /home/airflow/.local/lib/python3.12/site-packages/airflow/example_dags/tutorial.py
[2024-08-26T15:19:02.905+0000] {processor.py:914} INFO - Processing file /home/airflow/.local/lib/python3.12/site-packages/airflow/example_dags/tutorial.py for tasks to queue
[2024-08-26T15:19:02.906+0000] {logging_mixin.py:190} INFO - [2024-08-26T15:19:02.906+0000] {dagbag.py:587} INFO - Filling up the DagBag from /home/airflow/.local/lib/python3.12/site-packages/airflow/example_dags/tutorial.py
[2024-08-26T15:19:02.918+0000] {processor.py:925} INFO - DAG(s) 'tutorial' retrieved from /home/airflow/.local/lib/python3.12/site-packages/airflow/example_dags/tutorial.py
[2024-08-26T15:19:02.945+0000] {logging_mixin.py:190} INFO - [2024-08-26T15:19:02.945+0000] {dag.py:3211} INFO - Sync 1 DAGs
[2024-08-26T15:19:02.975+0000] {logging_mixin.py:190} INFO - [2024-08-26T15:19:02.975+0000] {dag.py:4138} INFO - Setting next_dagrun for tutorial to 2024-08-25 00:00:00+00:00, run_after=2024-08-26 00:00:00+00:00
[2024-08-26T15:19:02.998+0000] {processor.py:208} INFO - Processing /home/airflow/.local/lib/python3.12/site-packages/airflow/example_dags/tutorial.py took 0.104 seconds
[2024-08-26T15:19:39.770+0000] {processor.py:186} INFO - Started process (PID=1094) to work on /home/airflow/.local/lib/python3.12/site-packages/airflow/example_dags/tutorial.py
[2024-08-26T15:19:39.772+0000] {processor.py:914} INFO - Processing file /home/airflow/.local/lib/python3.12/site-packages/airflow/example_dags/tutorial.py for tasks to queue
[2024-08-26T15:19:39.774+0000] {logging_mixin.py:190} INFO - [2024-08-26T15:19:39.773+0000] {dagbag.py:587} INFO - Filling up the DagBag from /home/airflow/.local/lib/python3.12/site-packages/airflow/example_dags/tutorial.py
[2024-08-26T15:19:39.785+0000] {processor.py:925} INFO - DAG(s) 'tutorial' retrieved from /home/airflow/.local/lib/python3.12/site-packages/airflow/example_dags/tutorial.py
[2024-08-26T15:19:39.812+0000] {logging_mixin.py:190} INFO - [2024-08-26T15:19:39.811+0000] {dag.py:3211} INFO - Sync 1 DAGs
[2024-08-26T15:19:39.842+0000] {logging_mixin.py:190} INFO - [2024-08-26T15:19:39.842+0000] {dag.py:4138} INFO - Setting next_dagrun for tutorial to 2024-08-25 00:00:00+00:00, run_after=2024-08-26 00:00:00+00:00
[2024-08-26T15:19:39.865+0000] {processor.py:208} INFO - Processing /home/airflow/.local/lib/python3.12/site-packages/airflow/example_dags/tutorial.py took 0.102 seconds
[2024-08-26T15:20:18.000+0000] {processor.py:186} INFO - Started process (PID=1161) to work on /home/airflow/.local/lib/python3.12/site-packages/airflow/example_dags/tutorial.py
[2024-08-26T15:20:18.002+0000] {processor.py:914} INFO - Processing file /home/airflow/.local/lib/python3.12/site-packages/airflow/example_dags/tutorial.py for tasks to queue
[2024-08-26T15:20:18.004+0000] {logging_mixin.py:190} INFO - [2024-08-26T15:20:18.004+0000] {dagbag.py:587} INFO - Filling up the DagBag from /home/airflow/.local/lib/python3.12/site-packages/airflow/example_dags/tutorial.py
[2024-08-26T15:20:18.017+0000] {processor.py:925} INFO - DAG(s) 'tutorial' retrieved from /home/airflow/.local/lib/python3.12/site-packages/airflow/example_dags/tutorial.py
[2024-08-26T15:20:18.048+0000] {logging_mixin.py:190} INFO - [2024-08-26T15:20:18.048+0000] {dag.py:3211} INFO - Sync 1 DAGs
[2024-08-26T15:20:18.084+0000] {logging_mixin.py:190} INFO - [2024-08-26T15:20:18.084+0000] {dag.py:4138} INFO - Setting next_dagrun for tutorial to 2024-08-25 00:00:00+00:00, run_after=2024-08-26 00:00:00+00:00
[2024-08-26T15:20:18.113+0000] {processor.py:208} INFO - Processing /home/airflow/.local/lib/python3.12/site-packages/airflow/example_dags/tutorial.py took 0.122 seconds
[2024-08-26T15:20:56.255+0000] {processor.py:186} INFO - Started process (PID=1227) to work on /home/airflow/.local/lib/python3.12/site-packages/airflow/example_dags/tutorial.py
[2024-08-26T15:20:56.257+0000] {processor.py:914} INFO - Processing file /home/airflow/.local/lib/python3.12/site-packages/airflow/example_dags/tutorial.py for tasks to queue
[2024-08-26T15:20:56.258+0000] {logging_mixin.py:190} INFO - [2024-08-26T15:20:56.258+0000] {dagbag.py:587} INFO - Filling up the DagBag from /home/airflow/.local/lib/python3.12/site-packages/airflow/example_dags/tutorial.py
[2024-08-26T15:20:56.270+0000] {processor.py:925} INFO - DAG(s) 'tutorial' retrieved from /home/airflow/.local/lib/python3.12/site-packages/airflow/example_dags/tutorial.py
[2024-08-26T15:20:56.298+0000] {logging_mixin.py:190} INFO - [2024-08-26T15:20:56.297+0000] {dag.py:3211} INFO - Sync 1 DAGs
[2024-08-26T15:20:56.330+0000] {logging_mixin.py:190} INFO - [2024-08-26T15:20:56.329+0000] {dag.py:4138} INFO - Setting next_dagrun for tutorial to 2024-08-25 00:00:00+00:00, run_after=2024-08-26 00:00:00+00:00
[2024-08-26T15:20:56.353+0000] {processor.py:208} INFO - Processing /home/airflow/.local/lib/python3.12/site-packages/airflow/example_dags/tutorial.py took 0.106 seconds
[2024-08-26T15:21:33.997+0000] {processor.py:186} INFO - Started process (PID=1300) to work on /home/airflow/.local/lib/python3.12/site-packages/airflow/example_dags/tutorial.py
[2024-08-26T15:21:33.999+0000] {processor.py:914} INFO - Processing file /home/airflow/.local/lib/python3.12/site-packages/airflow/example_dags/tutorial.py for tasks to queue
[2024-08-26T15:21:34.001+0000] {logging_mixin.py:190} INFO - [2024-08-26T15:21:34.000+0000] {dagbag.py:587} INFO - Filling up the DagBag from /home/airflow/.local/lib/python3.12/site-packages/airflow/example_dags/tutorial.py
[2024-08-26T15:21:34.013+0000] {processor.py:925} INFO - DAG(s) 'tutorial' retrieved from /home/airflow/.local/lib/python3.12/site-packages/airflow/example_dags/tutorial.py
[2024-08-26T15:21:34.042+0000] {logging_mixin.py:190} INFO - [2024-08-26T15:21:34.041+0000] {dag.py:3211} INFO - Sync 1 DAGs
[2024-08-26T15:21:34.078+0000] {logging_mixin.py:190} INFO - [2024-08-26T15:21:34.078+0000] {dag.py:4138} INFO - Setting next_dagrun for tutorial to 2024-08-25 00:00:00+00:00, run_after=2024-08-26 00:00:00+00:00
[2024-08-26T15:21:34.103+0000] {processor.py:208} INFO - Processing /home/airflow/.local/lib/python3.12/site-packages/airflow/example_dags/tutorial.py took 0.114 seconds
[2024-08-26T15:22:17.940+0000] {processor.py:186} INFO - Started process (PID=1366) to work on /home/airflow/.local/lib/python3.12/site-packages/airflow/example_dags/tutorial.py
[2024-08-26T15:22:17.972+0000] {processor.py:914} INFO - Processing file /home/airflow/.local/lib/python3.12/site-packages/airflow/example_dags/tutorial.py for tasks to queue
[2024-08-26T15:22:17.977+0000] {logging_mixin.py:190} INFO - [2024-08-26T15:22:17.976+0000] {dagbag.py:587} INFO - Filling up the DagBag from /home/airflow/.local/lib/python3.12/site-packages/airflow/example_dags/tutorial.py
[2024-08-26T15:22:18.005+0000] {processor.py:925} INFO - DAG(s) 'tutorial' retrieved from /home/airflow/.local/lib/python3.12/site-packages/airflow/example_dags/tutorial.py
[2024-08-26T15:22:18.178+0000] {logging_mixin.py:190} INFO - [2024-08-26T15:22:18.177+0000] {dag.py:3211} INFO - Sync 1 DAGs
[2024-08-26T15:22:18.275+0000] {logging_mixin.py:190} INFO - [2024-08-26T15:22:18.274+0000] {dag.py:4138} INFO - Setting next_dagrun for tutorial to 2024-08-25 00:00:00+00:00, run_after=2024-08-26 00:00:00+00:00
[2024-08-26T15:22:18.357+0000] {processor.py:208} INFO - Processing /home/airflow/.local/lib/python3.12/site-packages/airflow/example_dags/tutorial.py took 0.439 seconds
[2024-08-26T15:23:16.582+0000] {processor.py:186} INFO - Started process (PID=1438) to work on /home/airflow/.local/lib/python3.12/site-packages/airflow/example_dags/tutorial.py
[2024-08-26T15:23:16.584+0000] {processor.py:914} INFO - Processing file /home/airflow/.local/lib/python3.12/site-packages/airflow/example_dags/tutorial.py for tasks to queue
[2024-08-26T15:23:16.587+0000] {logging_mixin.py:190} INFO - [2024-08-26T15:23:16.587+0000] {dagbag.py:587} INFO - Filling up the DagBag from /home/airflow/.local/lib/python3.12/site-packages/airflow/example_dags/tutorial.py
[2024-08-26T15:23:16.607+0000] {processor.py:925} INFO - DAG(s) 'tutorial' retrieved from /home/airflow/.local/lib/python3.12/site-packages/airflow/example_dags/tutorial.py
[2024-08-26T15:23:16.654+0000] {logging_mixin.py:190} INFO - [2024-08-26T15:23:16.653+0000] {dag.py:3211} INFO - Sync 1 DAGs
[2024-08-26T15:23:16.707+0000] {logging_mixin.py:190} INFO - [2024-08-26T15:23:16.706+0000] {dag.py:4138} INFO - Setting next_dagrun for tutorial to 2024-08-25 00:00:00+00:00, run_after=2024-08-26 00:00:00+00:00
[2024-08-26T15:23:16.744+0000] {processor.py:208} INFO - Processing /home/airflow/.local/lib/python3.12/site-packages/airflow/example_dags/tutorial.py took 0.176 seconds
[2024-08-26T15:23:52.322+0000] {processor.py:186} INFO - Started process (PID=1504) to work on /home/airflow/.local/lib/python3.12/site-packages/airflow/example_dags/tutorial.py
[2024-08-26T15:23:52.324+0000] {processor.py:914} INFO - Processing file /home/airflow/.local/lib/python3.12/site-packages/airflow/example_dags/tutorial.py for tasks to queue
[2024-08-26T15:23:52.325+0000] {logging_mixin.py:190} INFO - [2024-08-26T15:23:52.325+0000] {dagbag.py:587} INFO - Filling up the DagBag from /home/airflow/.local/lib/python3.12/site-packages/airflow/example_dags/tutorial.py
[2024-08-26T15:23:52.337+0000] {processor.py:925} INFO - DAG(s) 'tutorial' retrieved from /home/airflow/.local/lib/python3.12/site-packages/airflow/example_dags/tutorial.py
[2024-08-26T15:23:52.365+0000] {logging_mixin.py:190} INFO - [2024-08-26T15:23:52.365+0000] {dag.py:3211} INFO - Sync 1 DAGs
[2024-08-26T15:23:52.396+0000] {logging_mixin.py:190} INFO - [2024-08-26T15:23:52.396+0000] {dag.py:4138} INFO - Setting next_dagrun for tutorial to 2024-08-25 00:00:00+00:00, run_after=2024-08-26 00:00:00+00:00
[2024-08-26T15:23:52.423+0000] {processor.py:208} INFO - Processing /home/airflow/.local/lib/python3.12/site-packages/airflow/example_dags/tutorial.py took 0.109 seconds
[2024-08-26T15:24:28.438+0000] {processor.py:186} INFO - Started process (PID=1570) to work on /home/airflow/.local/lib/python3.12/site-packages/airflow/example_dags/tutorial.py
[2024-08-26T15:24:28.439+0000] {processor.py:914} INFO - Processing file /home/airflow/.local/lib/python3.12/site-packages/airflow/example_dags/tutorial.py for tasks to queue
[2024-08-26T15:24:28.441+0000] {logging_mixin.py:190} INFO - [2024-08-26T15:24:28.440+0000] {dagbag.py:587} INFO - Filling up the DagBag from /home/airflow/.local/lib/python3.12/site-packages/airflow/example_dags/tutorial.py
[2024-08-26T15:24:28.453+0000] {processor.py:925} INFO - DAG(s) 'tutorial' retrieved from /home/airflow/.local/lib/python3.12/site-packages/airflow/example_dags/tutorial.py
[2024-08-26T15:24:28.481+0000] {logging_mixin.py:190} INFO - [2024-08-26T15:24:28.481+0000] {dag.py:3211} INFO - Sync 1 DAGs
[2024-08-26T15:24:28.512+0000] {logging_mixin.py:190} INFO - [2024-08-26T15:24:28.512+0000] {dag.py:4138} INFO - Setting next_dagrun for tutorial to 2024-08-25 00:00:00+00:00, run_after=2024-08-26 00:00:00+00:00
[2024-08-26T15:24:28.536+0000] {processor.py:208} INFO - Processing /home/airflow/.local/lib/python3.12/site-packages/airflow/example_dags/tutorial.py took 0.106 seconds
[2024-08-26T15:25:05.220+0000] {processor.py:186} INFO - Started process (PID=1641) to work on /home/airflow/.local/lib/python3.12/site-packages/airflow/example_dags/tutorial.py
[2024-08-26T15:25:05.221+0000] {processor.py:914} INFO - Processing file /home/airflow/.local/lib/python3.12/site-packages/airflow/example_dags/tutorial.py for tasks to queue
[2024-08-26T15:25:05.223+0000] {logging_mixin.py:190} INFO - [2024-08-26T15:25:05.223+0000] {dagbag.py:587} INFO - Filling up the DagBag from /home/airflow/.local/lib/python3.12/site-packages/airflow/example_dags/tutorial.py
[2024-08-26T15:25:05.236+0000] {processor.py:925} INFO - DAG(s) 'tutorial' retrieved from /home/airflow/.local/lib/python3.12/site-packages/airflow/example_dags/tutorial.py
[2024-08-26T15:25:05.263+0000] {logging_mixin.py:190} INFO - [2024-08-26T15:25:05.263+0000] {dag.py:3211} INFO - Sync 1 DAGs
[2024-08-26T15:25:05.298+0000] {logging_mixin.py:190} INFO - [2024-08-26T15:25:05.297+0000] {dag.py:4138} INFO - Setting next_dagrun for tutorial to 2024-08-25 00:00:00+00:00, run_after=2024-08-26 00:00:00+00:00
[2024-08-26T15:25:05.326+0000] {processor.py:208} INFO - Processing /home/airflow/.local/lib/python3.12/site-packages/airflow/example_dags/tutorial.py took 0.115 seconds
[2024-08-26T15:25:47.658+0000] {processor.py:186} INFO - Started process (PID=1707) to work on /home/airflow/.local/lib/python3.12/site-packages/airflow/example_dags/tutorial.py
[2024-08-26T15:25:47.660+0000] {processor.py:914} INFO - Processing file /home/airflow/.local/lib/python3.12/site-packages/airflow/example_dags/tutorial.py for tasks to queue
[2024-08-26T15:25:47.667+0000] {logging_mixin.py:190} INFO - [2024-08-26T15:25:47.666+0000] {dagbag.py:587} INFO - Filling up the DagBag from /home/airflow/.local/lib/python3.12/site-packages/airflow/example_dags/tutorial.py
[2024-08-26T15:25:47.680+0000] {processor.py:925} INFO - DAG(s) 'tutorial' retrieved from /home/airflow/.local/lib/python3.12/site-packages/airflow/example_dags/tutorial.py
[2024-08-26T15:25:47.712+0000] {logging_mixin.py:190} INFO - [2024-08-26T15:25:47.711+0000] {dag.py:3211} INFO - Sync 1 DAGs
[2024-08-26T15:25:47.745+0000] {logging_mixin.py:190} INFO - [2024-08-26T15:25:47.745+0000] {dag.py:4138} INFO - Setting next_dagrun for tutorial to 2024-08-25 00:00:00+00:00, run_after=2024-08-26 00:00:00+00:00
[2024-08-26T15:25:47.772+0000] {processor.py:208} INFO - Processing /home/airflow/.local/lib/python3.12/site-packages/airflow/example_dags/tutorial.py took 0.122 seconds
[2024-08-26T15:27:05.023+0000] {processor.py:186} INFO - Started process (PID=1787) to work on /home/airflow/.local/lib/python3.12/site-packages/airflow/example_dags/tutorial.py
[2024-08-26T15:27:05.029+0000] {processor.py:914} INFO - Processing file /home/airflow/.local/lib/python3.12/site-packages/airflow/example_dags/tutorial.py for tasks to queue
[2024-08-26T15:27:05.039+0000] {logging_mixin.py:190} INFO - [2024-08-26T15:27:05.037+0000] {dagbag.py:587} INFO - Filling up the DagBag from /home/airflow/.local/lib/python3.12/site-packages/airflow/example_dags/tutorial.py
[2024-08-26T15:27:05.096+0000] {processor.py:925} INFO - DAG(s) 'tutorial' retrieved from /home/airflow/.local/lib/python3.12/site-packages/airflow/example_dags/tutorial.py
[2024-08-26T15:27:05.228+0000] {logging_mixin.py:190} INFO - [2024-08-26T15:27:05.227+0000] {dag.py:3211} INFO - Sync 1 DAGs
[2024-08-26T15:27:05.403+0000] {logging_mixin.py:190} INFO - [2024-08-26T15:27:05.402+0000] {dag.py:4138} INFO - Setting next_dagrun for tutorial to 2024-08-25 00:00:00+00:00, run_after=2024-08-26 00:00:00+00:00
[2024-08-26T15:27:06.312+0000] {processor.py:208} INFO - Processing /home/airflow/.local/lib/python3.12/site-packages/airflow/example_dags/tutorial.py took 1.331 seconds
[2024-08-26T15:27:45.703+0000] {processor.py:186} INFO - Started process (PID=1854) to work on /home/airflow/.local/lib/python3.12/site-packages/airflow/example_dags/tutorial.py
[2024-08-26T15:27:45.707+0000] {processor.py:914} INFO - Processing file /home/airflow/.local/lib/python3.12/site-packages/airflow/example_dags/tutorial.py for tasks to queue
[2024-08-26T15:27:45.712+0000] {logging_mixin.py:190} INFO - [2024-08-26T15:27:45.711+0000] {dagbag.py:587} INFO - Filling up the DagBag from /home/airflow/.local/lib/python3.12/site-packages/airflow/example_dags/tutorial.py
[2024-08-26T15:27:45.765+0000] {processor.py:925} INFO - DAG(s) 'tutorial' retrieved from /home/airflow/.local/lib/python3.12/site-packages/airflow/example_dags/tutorial.py
[2024-08-26T15:27:45.835+0000] {logging_mixin.py:190} INFO - [2024-08-26T15:27:45.835+0000] {dag.py:3211} INFO - Sync 1 DAGs
[2024-08-26T15:27:45.933+0000] {logging_mixin.py:190} INFO - [2024-08-26T15:27:45.932+0000] {dag.py:4138} INFO - Setting next_dagrun for tutorial to 2024-08-25 00:00:00+00:00, run_after=2024-08-26 00:00:00+00:00
[2024-08-26T15:27:45.992+0000] {processor.py:208} INFO - Processing /home/airflow/.local/lib/python3.12/site-packages/airflow/example_dags/tutorial.py took 0.314 seconds
[2024-08-26T15:28:29.849+0000] {processor.py:186} INFO - Started process (PID=1920) to work on /home/airflow/.local/lib/python3.12/site-packages/airflow/example_dags/tutorial.py
[2024-08-26T15:28:29.852+0000] {processor.py:914} INFO - Processing file /home/airflow/.local/lib/python3.12/site-packages/airflow/example_dags/tutorial.py for tasks to queue
[2024-08-26T15:28:29.854+0000] {logging_mixin.py:190} INFO - [2024-08-26T15:28:29.854+0000] {dagbag.py:587} INFO - Filling up the DagBag from /home/airflow/.local/lib/python3.12/site-packages/airflow/example_dags/tutorial.py
[2024-08-26T15:28:29.872+0000] {processor.py:925} INFO - DAG(s) 'tutorial' retrieved from /home/airflow/.local/lib/python3.12/site-packages/airflow/example_dags/tutorial.py
[2024-08-26T15:28:29.913+0000] {logging_mixin.py:190} INFO - [2024-08-26T15:28:29.912+0000] {dag.py:3211} INFO - Sync 1 DAGs
[2024-08-26T15:28:29.962+0000] {logging_mixin.py:190} INFO - [2024-08-26T15:28:29.962+0000] {dag.py:4138} INFO - Setting next_dagrun for tutorial to 2024-08-25 00:00:00+00:00, run_after=2024-08-26 00:00:00+00:00
[2024-08-26T15:28:29.996+0000] {processor.py:208} INFO - Processing /home/airflow/.local/lib/python3.12/site-packages/airflow/example_dags/tutorial.py took 0.159 seconds
[2024-08-26T15:29:32.724+0000] {processor.py:186} INFO - Started process (PID=1999) to work on /home/airflow/.local/lib/python3.12/site-packages/airflow/example_dags/tutorial.py
[2024-08-26T15:29:32.727+0000] {processor.py:914} INFO - Processing file /home/airflow/.local/lib/python3.12/site-packages/airflow/example_dags/tutorial.py for tasks to queue
[2024-08-26T15:29:32.732+0000] {logging_mixin.py:190} INFO - [2024-08-26T15:29:32.731+0000] {dagbag.py:587} INFO - Filling up the DagBag from /home/airflow/.local/lib/python3.12/site-packages/airflow/example_dags/tutorial.py
[2024-08-26T15:29:32.771+0000] {processor.py:925} INFO - DAG(s) 'tutorial' retrieved from /home/airflow/.local/lib/python3.12/site-packages/airflow/example_dags/tutorial.py
[2024-08-26T15:29:32.870+0000] {logging_mixin.py:190} INFO - [2024-08-26T15:29:32.869+0000] {dag.py:3211} INFO - Sync 1 DAGs
[2024-08-26T15:29:33.025+0000] {logging_mixin.py:190} INFO - [2024-08-26T15:29:33.023+0000] {dag.py:4138} INFO - Setting next_dagrun for tutorial to 2024-08-25 00:00:00+00:00, run_after=2024-08-26 00:00:00+00:00
[2024-08-26T15:29:33.106+0000] {processor.py:208} INFO - Processing /home/airflow/.local/lib/python3.12/site-packages/airflow/example_dags/tutorial.py took 0.407 seconds
[2024-08-26T15:30:46.395+0000] {processor.py:186} INFO - Started process (PID=2074) to work on /home/airflow/.local/lib/python3.12/site-packages/airflow/example_dags/tutorial.py
[2024-08-26T15:30:46.401+0000] {processor.py:914} INFO - Processing file /home/airflow/.local/lib/python3.12/site-packages/airflow/example_dags/tutorial.py for tasks to queue
[2024-08-26T15:30:46.414+0000] {logging_mixin.py:190} INFO - [2024-08-26T15:30:46.411+0000] {dagbag.py:587} INFO - Filling up the DagBag from /home/airflow/.local/lib/python3.12/site-packages/airflow/example_dags/tutorial.py
[2024-08-26T15:30:46.474+0000] {processor.py:925} INFO - DAG(s) 'tutorial' retrieved from /home/airflow/.local/lib/python3.12/site-packages/airflow/example_dags/tutorial.py
[2024-08-26T15:30:46.546+0000] {logging_mixin.py:190} INFO - [2024-08-26T15:30:46.544+0000] {dag.py:3211} INFO - Sync 1 DAGs
[2024-08-26T15:30:46.633+0000] {logging_mixin.py:190} INFO - [2024-08-26T15:30:46.632+0000] {dag.py:4138} INFO - Setting next_dagrun for tutorial to 2024-08-25 00:00:00+00:00, run_after=2024-08-26 00:00:00+00:00
[2024-08-26T15:30:46.721+0000] {processor.py:208} INFO - Processing /home/airflow/.local/lib/python3.12/site-packages/airflow/example_dags/tutorial.py took 0.364 seconds
[2024-08-26T15:31:45.597+0000] {processor.py:186} INFO - Started process (PID=2151) to work on /home/airflow/.local/lib/python3.12/site-packages/airflow/example_dags/tutorial.py
[2024-08-26T15:31:45.601+0000] {processor.py:914} INFO - Processing file /home/airflow/.local/lib/python3.12/site-packages/airflow/example_dags/tutorial.py for tasks to queue
[2024-08-26T15:31:45.605+0000] {logging_mixin.py:190} INFO - [2024-08-26T15:31:45.604+0000] {dagbag.py:587} INFO - Filling up the DagBag from /home/airflow/.local/lib/python3.12/site-packages/airflow/example_dags/tutorial.py
[2024-08-26T15:31:45.637+0000] {processor.py:925} INFO - DAG(s) 'tutorial' retrieved from /home/airflow/.local/lib/python3.12/site-packages/airflow/example_dags/tutorial.py
[2024-08-26T15:31:45.724+0000] {logging_mixin.py:190} INFO - [2024-08-26T15:31:45.723+0000] {dag.py:3211} INFO - Sync 1 DAGs
[2024-08-26T15:31:45.848+0000] {logging_mixin.py:190} INFO - [2024-08-26T15:31:45.846+0000] {dag.py:4138} INFO - Setting next_dagrun for tutorial to 2024-08-25 00:00:00+00:00, run_after=2024-08-26 00:00:00+00:00
[2024-08-26T15:31:45.925+0000] {processor.py:208} INFO - Processing /home/airflow/.local/lib/python3.12/site-packages/airflow/example_dags/tutorial.py took 0.349 seconds
[2024-08-26T15:32:48.991+0000] {processor.py:186} INFO - Started process (PID=2222) to work on /home/airflow/.local/lib/python3.12/site-packages/airflow/example_dags/tutorial.py
[2024-08-26T15:32:48.997+0000] {processor.py:914} INFO - Processing file /home/airflow/.local/lib/python3.12/site-packages/airflow/example_dags/tutorial.py for tasks to queue
[2024-08-26T15:32:49.032+0000] {logging_mixin.py:190} INFO - [2024-08-26T15:32:49.031+0000] {dagbag.py:587} INFO - Filling up the DagBag from /home/airflow/.local/lib/python3.12/site-packages/airflow/example_dags/tutorial.py
[2024-08-26T15:32:49.087+0000] {processor.py:925} INFO - DAG(s) 'tutorial' retrieved from /home/airflow/.local/lib/python3.12/site-packages/airflow/example_dags/tutorial.py
[2024-08-26T15:32:49.236+0000] {logging_mixin.py:190} INFO - [2024-08-26T15:32:49.235+0000] {dag.py:3211} INFO - Sync 1 DAGs
[2024-08-26T15:32:49.448+0000] {logging_mixin.py:190} INFO - [2024-08-26T15:32:49.445+0000] {dag.py:4138} INFO - Setting next_dagrun for tutorial to 2024-08-25 00:00:00+00:00, run_after=2024-08-26 00:00:00+00:00
[2024-08-26T15:32:49.553+0000] {processor.py:208} INFO - Processing /home/airflow/.local/lib/python3.12/site-packages/airflow/example_dags/tutorial.py took 0.600 seconds
[2024-08-26T15:37:27.949+0000] {processor.py:186} INFO - Started process (PID=2339) to work on /home/airflow/.local/lib/python3.12/site-packages/airflow/example_dags/tutorial.py
[2024-08-26T15:37:28.152+0000] {processor.py:914} INFO - Processing file /home/airflow/.local/lib/python3.12/site-packages/airflow/example_dags/tutorial.py for tasks to queue
[2024-08-26T15:37:28.236+0000] {logging_mixin.py:190} INFO - [2024-08-26T15:37:28.233+0000] {dagbag.py:587} INFO - Filling up the DagBag from /home/airflow/.local/lib/python3.12/site-packages/airflow/example_dags/tutorial.py
[2024-08-26T15:37:28.553+0000] {processor.py:925} INFO - DAG(s) 'tutorial' retrieved from /home/airflow/.local/lib/python3.12/site-packages/airflow/example_dags/tutorial.py
[2024-08-26T15:37:38.711+0000] {logging_mixin.py:190} INFO - [2024-08-26T15:37:38.693+0000] {dag.py:3211} INFO - Sync 1 DAGs
[2024-08-26T15:37:41.519+0000] {logging_mixin.py:190} INFO - [2024-08-26T15:37:41.516+0000] {dag.py:4138} INFO - Setting next_dagrun for tutorial to 2024-08-25 00:00:00+00:00, run_after=2024-08-26 00:00:00+00:00
[2024-08-26T15:37:47.534+0000] {processor.py:208} INFO - Processing /home/airflow/.local/lib/python3.12/site-packages/airflow/example_dags/tutorial.py took 19.896 seconds
[2024-08-26T15:39:29.309+0000] {processor.py:186} INFO - Started process (PID=2423) to work on /home/airflow/.local/lib/python3.12/site-packages/airflow/example_dags/tutorial.py
[2024-08-26T15:39:29.312+0000] {processor.py:914} INFO - Processing file /home/airflow/.local/lib/python3.12/site-packages/airflow/example_dags/tutorial.py for tasks to queue
[2024-08-26T15:39:29.315+0000] {logging_mixin.py:190} INFO - [2024-08-26T15:39:29.314+0000] {dagbag.py:587} INFO - Filling up the DagBag from /home/airflow/.local/lib/python3.12/site-packages/airflow/example_dags/tutorial.py
[2024-08-26T15:39:29.329+0000] {processor.py:925} INFO - DAG(s) 'tutorial' retrieved from /home/airflow/.local/lib/python3.12/site-packages/airflow/example_dags/tutorial.py
[2024-08-26T15:39:29.370+0000] {logging_mixin.py:190} INFO - [2024-08-26T15:39:29.369+0000] {dag.py:3211} INFO - Sync 1 DAGs
[2024-08-26T15:39:29.411+0000] {logging_mixin.py:190} INFO - [2024-08-26T15:39:29.411+0000] {dag.py:4138} INFO - Setting next_dagrun for tutorial to 2024-08-25 00:00:00+00:00, run_after=2024-08-26 00:00:00+00:00
[2024-08-26T15:39:29.443+0000] {processor.py:208} INFO - Processing /home/airflow/.local/lib/python3.12/site-packages/airflow/example_dags/tutorial.py took 0.146 seconds
[2024-08-26T15:40:17.802+0000] {processor.py:186} INFO - Started process (PID=2490) to work on /home/airflow/.local/lib/python3.12/site-packages/airflow/example_dags/tutorial.py
[2024-08-26T15:40:17.805+0000] {processor.py:914} INFO - Processing file /home/airflow/.local/lib/python3.12/site-packages/airflow/example_dags/tutorial.py for tasks to queue
[2024-08-26T15:40:17.809+0000] {logging_mixin.py:190} INFO - [2024-08-26T15:40:17.808+0000] {dagbag.py:587} INFO - Filling up the DagBag from /home/airflow/.local/lib/python3.12/site-packages/airflow/example_dags/tutorial.py
[2024-08-26T15:40:17.828+0000] {processor.py:925} INFO - DAG(s) 'tutorial' retrieved from /home/airflow/.local/lib/python3.12/site-packages/airflow/example_dags/tutorial.py
[2024-08-26T15:40:17.878+0000] {logging_mixin.py:190} INFO - [2024-08-26T15:40:17.877+0000] {dag.py:3211} INFO - Sync 1 DAGs
[2024-08-26T15:40:17.933+0000] {logging_mixin.py:190} INFO - [2024-08-26T15:40:17.932+0000] {dag.py:4138} INFO - Setting next_dagrun for tutorial to 2024-08-25 00:00:00+00:00, run_after=2024-08-26 00:00:00+00:00
[2024-08-26T15:40:17.975+0000] {processor.py:208} INFO - Processing /home/airflow/.local/lib/python3.12/site-packages/airflow/example_dags/tutorial.py took 0.188 seconds
[2024-08-26T15:41:06.240+0000] {processor.py:186} INFO - Started process (PID=2562) to work on /home/airflow/.local/lib/python3.12/site-packages/airflow/example_dags/tutorial.py
[2024-08-26T15:41:06.244+0000] {processor.py:914} INFO - Processing file /home/airflow/.local/lib/python3.12/site-packages/airflow/example_dags/tutorial.py for tasks to queue
[2024-08-26T15:41:06.248+0000] {logging_mixin.py:190} INFO - [2024-08-26T15:41:06.247+0000] {dagbag.py:587} INFO - Filling up the DagBag from /home/airflow/.local/lib/python3.12/site-packages/airflow/example_dags/tutorial.py
[2024-08-26T15:41:06.271+0000] {processor.py:925} INFO - DAG(s) 'tutorial' retrieved from /home/airflow/.local/lib/python3.12/site-packages/airflow/example_dags/tutorial.py
[2024-08-26T15:41:06.332+0000] {logging_mixin.py:190} INFO - [2024-08-26T15:41:06.331+0000] {dag.py:3211} INFO - Sync 1 DAGs
[2024-08-26T15:41:06.396+0000] {logging_mixin.py:190} INFO - [2024-08-26T15:41:06.395+0000] {dag.py:4138} INFO - Setting next_dagrun for tutorial to 2024-08-25 00:00:00+00:00, run_after=2024-08-26 00:00:00+00:00
[2024-08-26T15:41:06.453+0000] {processor.py:208} INFO - Processing /home/airflow/.local/lib/python3.12/site-packages/airflow/example_dags/tutorial.py took 0.237 seconds
[2024-08-26T15:43:49.605+0000] {processor.py:186} INFO - Started process (PID=2656) to work on /home/airflow/.local/lib/python3.12/site-packages/airflow/example_dags/tutorial.py
[2024-08-26T15:43:49.610+0000] {processor.py:914} INFO - Processing file /home/airflow/.local/lib/python3.12/site-packages/airflow/example_dags/tutorial.py for tasks to queue
[2024-08-26T15:43:49.617+0000] {logging_mixin.py:190} INFO - [2024-08-26T15:43:49.615+0000] {dagbag.py:587} INFO - Filling up the DagBag from /home/airflow/.local/lib/python3.12/site-packages/airflow/example_dags/tutorial.py
[2024-08-26T15:43:49.653+0000] {processor.py:925} INFO - DAG(s) 'tutorial' retrieved from /home/airflow/.local/lib/python3.12/site-packages/airflow/example_dags/tutorial.py
[2024-08-26T15:43:49.831+0000] {logging_mixin.py:190} INFO - [2024-08-26T15:43:49.829+0000] {dag.py:3211} INFO - Sync 1 DAGs
[2024-08-26T15:43:49.956+0000] {logging_mixin.py:190} INFO - [2024-08-26T15:43:49.955+0000] {dag.py:4138} INFO - Setting next_dagrun for tutorial to 2024-08-25 00:00:00+00:00, run_after=2024-08-26 00:00:00+00:00
[2024-08-26T15:43:50.077+0000] {processor.py:208} INFO - Processing /home/airflow/.local/lib/python3.12/site-packages/airflow/example_dags/tutorial.py took 0.505 seconds
[2024-08-26T15:44:37.173+0000] {processor.py:186} INFO - Started process (PID=2729) to work on /home/airflow/.local/lib/python3.12/site-packages/airflow/example_dags/tutorial.py
[2024-08-26T15:44:37.176+0000] {processor.py:914} INFO - Processing file /home/airflow/.local/lib/python3.12/site-packages/airflow/example_dags/tutorial.py for tasks to queue
[2024-08-26T15:44:37.179+0000] {logging_mixin.py:190} INFO - [2024-08-26T15:44:37.179+0000] {dagbag.py:587} INFO - Filling up the DagBag from /home/airflow/.local/lib/python3.12/site-packages/airflow/example_dags/tutorial.py
[2024-08-26T15:44:37.199+0000] {processor.py:925} INFO - DAG(s) 'tutorial' retrieved from /home/airflow/.local/lib/python3.12/site-packages/airflow/example_dags/tutorial.py
[2024-08-26T15:44:37.247+0000] {logging_mixin.py:190} INFO - [2024-08-26T15:44:37.246+0000] {dag.py:3211} INFO - Sync 1 DAGs
[2024-08-26T15:44:37.312+0000] {logging_mixin.py:190} INFO - [2024-08-26T15:44:37.312+0000] {dag.py:4138} INFO - Setting next_dagrun for tutorial to 2024-08-25 00:00:00+00:00, run_after=2024-08-26 00:00:00+00:00
[2024-08-26T15:44:37.360+0000] {processor.py:208} INFO - Processing /home/airflow/.local/lib/python3.12/site-packages/airflow/example_dags/tutorial.py took 0.202 seconds
[2024-08-26T15:45:15.577+0000] {processor.py:186} INFO - Started process (PID=2795) to work on /home/airflow/.local/lib/python3.12/site-packages/airflow/example_dags/tutorial.py
[2024-08-26T15:45:15.578+0000] {processor.py:914} INFO - Processing file /home/airflow/.local/lib/python3.12/site-packages/airflow/example_dags/tutorial.py for tasks to queue
[2024-08-26T15:45:15.580+0000] {logging_mixin.py:190} INFO - [2024-08-26T15:45:15.580+0000] {dagbag.py:587} INFO - Filling up the DagBag from /home/airflow/.local/lib/python3.12/site-packages/airflow/example_dags/tutorial.py
[2024-08-26T15:45:15.590+0000] {processor.py:925} INFO - DAG(s) 'tutorial' retrieved from /home/airflow/.local/lib/python3.12/site-packages/airflow/example_dags/tutorial.py
[2024-08-26T15:45:15.620+0000] {logging_mixin.py:190} INFO - [2024-08-26T15:45:15.620+0000] {dag.py:3211} INFO - Sync 1 DAGs
[2024-08-26T15:45:15.652+0000] {logging_mixin.py:190} INFO - [2024-08-26T15:45:15.651+0000] {dag.py:4138} INFO - Setting next_dagrun for tutorial to 2024-08-25 00:00:00+00:00, run_after=2024-08-26 00:00:00+00:00
[2024-08-26T15:45:15.676+0000] {processor.py:208} INFO - Processing /home/airflow/.local/lib/python3.12/site-packages/airflow/example_dags/tutorial.py took 0.109 seconds
[2024-08-26T15:45:57.455+0000] {processor.py:186} INFO - Started process (PID=2861) to work on /home/airflow/.local/lib/python3.12/site-packages/airflow/example_dags/tutorial.py
[2024-08-26T15:45:57.458+0000] {processor.py:914} INFO - Processing file /home/airflow/.local/lib/python3.12/site-packages/airflow/example_dags/tutorial.py for tasks to queue
[2024-08-26T15:45:57.464+0000] {logging_mixin.py:190} INFO - [2024-08-26T15:45:57.463+0000] {dagbag.py:587} INFO - Filling up the DagBag from /home/airflow/.local/lib/python3.12/site-packages/airflow/example_dags/tutorial.py
[2024-08-26T15:45:57.487+0000] {processor.py:925} INFO - DAG(s) 'tutorial' retrieved from /home/airflow/.local/lib/python3.12/site-packages/airflow/example_dags/tutorial.py
[2024-08-26T15:45:57.543+0000] {logging_mixin.py:190} INFO - [2024-08-26T15:45:57.542+0000] {dag.py:3211} INFO - Sync 1 DAGs
[2024-08-26T15:45:57.610+0000] {logging_mixin.py:190} INFO - [2024-08-26T15:45:57.610+0000] {dag.py:4138} INFO - Setting next_dagrun for tutorial to 2024-08-25 00:00:00+00:00, run_after=2024-08-26 00:00:00+00:00
[2024-08-26T15:45:57.679+0000] {processor.py:208} INFO - Processing /home/airflow/.local/lib/python3.12/site-packages/airflow/example_dags/tutorial.py took 0.243 seconds
[2024-08-26T15:48:00.386+0000] {processor.py:186} INFO - Started process (PID=2949) to work on /home/airflow/.local/lib/python3.12/site-packages/airflow/example_dags/tutorial.py
[2024-08-26T15:48:00.390+0000] {processor.py:914} INFO - Processing file /home/airflow/.local/lib/python3.12/site-packages/airflow/example_dags/tutorial.py for tasks to queue
[2024-08-26T15:48:00.394+0000] {logging_mixin.py:190} INFO - [2024-08-26T15:48:00.393+0000] {dagbag.py:587} INFO - Filling up the DagBag from /home/airflow/.local/lib/python3.12/site-packages/airflow/example_dags/tutorial.py
[2024-08-26T15:48:00.415+0000] {processor.py:925} INFO - DAG(s) 'tutorial' retrieved from /home/airflow/.local/lib/python3.12/site-packages/airflow/example_dags/tutorial.py
[2024-08-26T15:48:00.503+0000] {logging_mixin.py:190} INFO - [2024-08-26T15:48:00.502+0000] {dag.py:3211} INFO - Sync 1 DAGs
[2024-08-26T15:48:00.573+0000] {logging_mixin.py:190} INFO - [2024-08-26T15:48:00.572+0000] {dag.py:4138} INFO - Setting next_dagrun for tutorial to 2024-08-25 00:00:00+00:00, run_after=2024-08-26 00:00:00+00:00
[2024-08-26T15:48:00.617+0000] {processor.py:208} INFO - Processing /home/airflow/.local/lib/python3.12/site-packages/airflow/example_dags/tutorial.py took 0.260 seconds
[2024-08-26T15:50:45.982+0000] {processor.py:186} INFO - Started process (PID=3048) to work on /home/airflow/.local/lib/python3.12/site-packages/airflow/example_dags/tutorial.py
[2024-08-26T15:50:45.991+0000] {processor.py:914} INFO - Processing file /home/airflow/.local/lib/python3.12/site-packages/airflow/example_dags/tutorial.py for tasks to queue
[2024-08-26T15:50:46.008+0000] {logging_mixin.py:190} INFO - [2024-08-26T15:50:46.006+0000] {dagbag.py:587} INFO - Filling up the DagBag from /home/airflow/.local/lib/python3.12/site-packages/airflow/example_dags/tutorial.py
[2024-08-26T15:50:46.056+0000] {processor.py:925} INFO - DAG(s) 'tutorial' retrieved from /home/airflow/.local/lib/python3.12/site-packages/airflow/example_dags/tutorial.py
[2024-08-26T15:50:46.292+0000] {logging_mixin.py:190} INFO - [2024-08-26T15:50:46.290+0000] {dag.py:3211} INFO - Sync 1 DAGs
[2024-08-26T15:50:46.454+0000] {logging_mixin.py:190} INFO - [2024-08-26T15:50:46.453+0000] {dag.py:4138} INFO - Setting next_dagrun for tutorial to 2024-08-25 00:00:00+00:00, run_after=2024-08-26 00:00:00+00:00
[2024-08-26T15:50:46.569+0000] {processor.py:208} INFO - Processing /home/airflow/.local/lib/python3.12/site-packages/airflow/example_dags/tutorial.py took 0.635 seconds
[2024-08-26T15:51:46.604+0000] {processor.py:186} INFO - Started process (PID=3120) to work on /home/airflow/.local/lib/python3.12/site-packages/airflow/example_dags/tutorial.py
[2024-08-26T15:51:46.607+0000] {processor.py:914} INFO - Processing file /home/airflow/.local/lib/python3.12/site-packages/airflow/example_dags/tutorial.py for tasks to queue
[2024-08-26T15:51:46.611+0000] {logging_mixin.py:190} INFO - [2024-08-26T15:51:46.611+0000] {dagbag.py:587} INFO - Filling up the DagBag from /home/airflow/.local/lib/python3.12/site-packages/airflow/example_dags/tutorial.py
[2024-08-26T15:51:46.630+0000] {processor.py:925} INFO - DAG(s) 'tutorial' retrieved from /home/airflow/.local/lib/python3.12/site-packages/airflow/example_dags/tutorial.py
[2024-08-26T15:51:46.687+0000] {logging_mixin.py:190} INFO - [2024-08-26T15:51:46.686+0000] {dag.py:3211} INFO - Sync 1 DAGs
[2024-08-26T15:51:46.746+0000] {logging_mixin.py:190} INFO - [2024-08-26T15:51:46.745+0000] {dag.py:4138} INFO - Setting next_dagrun for tutorial to 2024-08-25 00:00:00+00:00, run_after=2024-08-26 00:00:00+00:00
[2024-08-26T15:51:46.790+0000] {processor.py:208} INFO - Processing /home/airflow/.local/lib/python3.12/site-packages/airflow/example_dags/tutorial.py took 0.204 seconds
[2024-08-26T15:52:28.836+0000] {processor.py:186} INFO - Started process (PID=3187) to work on /home/airflow/.local/lib/python3.12/site-packages/airflow/example_dags/tutorial.py
[2024-08-26T15:52:28.839+0000] {processor.py:914} INFO - Processing file /home/airflow/.local/lib/python3.12/site-packages/airflow/example_dags/tutorial.py for tasks to queue
[2024-08-26T15:52:28.844+0000] {logging_mixin.py:190} INFO - [2024-08-26T15:52:28.843+0000] {dagbag.py:587} INFO - Filling up the DagBag from /home/airflow/.local/lib/python3.12/site-packages/airflow/example_dags/tutorial.py
[2024-08-26T15:52:28.867+0000] {processor.py:925} INFO - DAG(s) 'tutorial' retrieved from /home/airflow/.local/lib/python3.12/site-packages/airflow/example_dags/tutorial.py
[2024-08-26T15:52:28.928+0000] {logging_mixin.py:190} INFO - [2024-08-26T15:52:28.927+0000] {dag.py:3211} INFO - Sync 1 DAGs
[2024-08-26T15:52:28.993+0000] {logging_mixin.py:190} INFO - [2024-08-26T15:52:28.991+0000] {dag.py:4138} INFO - Setting next_dagrun for tutorial to 2024-08-25 00:00:00+00:00, run_after=2024-08-26 00:00:00+00:00
[2024-08-26T15:52:29.044+0000] {processor.py:208} INFO - Processing /home/airflow/.local/lib/python3.12/site-packages/airflow/example_dags/tutorial.py took 0.228 seconds
