[2024-08-26T10:34:44.017+0000] {processor.py:186} INFO - Started process (PID=81) to work on /home/airflow/.local/lib/python3.12/site-packages/airflow/example_dags/tutorial_dag.py
[2024-08-26T10:34:44.018+0000] {processor.py:914} INFO - Processing file /home/airflow/.local/lib/python3.12/site-packages/airflow/example_dags/tutorial_dag.py for tasks to queue
[2024-08-26T10:34:44.022+0000] {logging_mixin.py:190} INFO - [2024-08-26T10:34:44.022+0000] {dagbag.py:587} INFO - Filling up the DagBag from /home/airflow/.local/lib/python3.12/site-packages/airflow/example_dags/tutorial_dag.py
[2024-08-26T10:34:44.032+0000] {processor.py:925} INFO - DAG(s) 'tutorial_dag' retrieved from /home/airflow/.local/lib/python3.12/site-packages/airflow/example_dags/tutorial_dag.py
[2024-08-26T10:34:44.069+0000] {logging_mixin.py:190} INFO - [2024-08-26T10:34:44.069+0000] {dag.py:3211} INFO - Sync 1 DAGs
[2024-08-26T10:34:44.088+0000] {logging_mixin.py:190} INFO - [2024-08-26T10:34:44.088+0000] {dag.py:4138} INFO - Setting next_dagrun for tutorial_dag to None, run_after=None
[2024-08-26T10:34:44.115+0000] {processor.py:208} INFO - Processing /home/airflow/.local/lib/python3.12/site-packages/airflow/example_dags/tutorial_dag.py took 0.106 seconds
[2024-08-26T10:35:26.966+0000] {processor.py:186} INFO - Started process (PID=153) to work on /home/airflow/.local/lib/python3.12/site-packages/airflow/example_dags/tutorial_dag.py
[2024-08-26T10:35:26.969+0000] {processor.py:914} INFO - Processing file /home/airflow/.local/lib/python3.12/site-packages/airflow/example_dags/tutorial_dag.py for tasks to queue
[2024-08-26T10:35:26.973+0000] {logging_mixin.py:190} INFO - [2024-08-26T10:35:26.972+0000] {dagbag.py:587} INFO - Filling up the DagBag from /home/airflow/.local/lib/python3.12/site-packages/airflow/example_dags/tutorial_dag.py
[2024-08-26T10:35:26.985+0000] {processor.py:925} INFO - DAG(s) 'tutorial_dag' retrieved from /home/airflow/.local/lib/python3.12/site-packages/airflow/example_dags/tutorial_dag.py
[2024-08-26T10:35:27.013+0000] {logging_mixin.py:190} INFO - [2024-08-26T10:35:27.013+0000] {dag.py:3211} INFO - Sync 1 DAGs
[2024-08-26T10:35:27.034+0000] {logging_mixin.py:190} INFO - [2024-08-26T10:35:27.034+0000] {dag.py:4138} INFO - Setting next_dagrun for tutorial_dag to None, run_after=None
[2024-08-26T10:35:27.059+0000] {processor.py:208} INFO - Processing /home/airflow/.local/lib/python3.12/site-packages/airflow/example_dags/tutorial_dag.py took 0.100 seconds
[2024-08-26T10:38:03.373+0000] {processor.py:186} INFO - Started process (PID=81) to work on /home/airflow/.local/lib/python3.12/site-packages/airflow/example_dags/tutorial_dag.py
[2024-08-26T10:38:03.374+0000] {processor.py:914} INFO - Processing file /home/airflow/.local/lib/python3.12/site-packages/airflow/example_dags/tutorial_dag.py for tasks to queue
[2024-08-26T10:38:03.378+0000] {logging_mixin.py:190} INFO - [2024-08-26T10:38:03.378+0000] {dagbag.py:587} INFO - Filling up the DagBag from /home/airflow/.local/lib/python3.12/site-packages/airflow/example_dags/tutorial_dag.py
[2024-08-26T10:38:03.389+0000] {processor.py:925} INFO - DAG(s) 'tutorial_dag' retrieved from /home/airflow/.local/lib/python3.12/site-packages/airflow/example_dags/tutorial_dag.py
[2024-08-26T10:38:03.428+0000] {logging_mixin.py:190} INFO - [2024-08-26T10:38:03.428+0000] {dag.py:3211} INFO - Sync 1 DAGs
[2024-08-26T10:38:03.448+0000] {logging_mixin.py:190} INFO - [2024-08-26T10:38:03.448+0000] {dag.py:4138} INFO - Setting next_dagrun for tutorial_dag to None, run_after=None
[2024-08-26T10:38:03.475+0000] {processor.py:208} INFO - Processing /home/airflow/.local/lib/python3.12/site-packages/airflow/example_dags/tutorial_dag.py took 0.110 seconds
[2024-08-26T10:38:43.160+0000] {processor.py:186} INFO - Started process (PID=147) to work on /home/airflow/.local/lib/python3.12/site-packages/airflow/example_dags/tutorial_dag.py
[2024-08-26T10:38:43.161+0000] {processor.py:914} INFO - Processing file /home/airflow/.local/lib/python3.12/site-packages/airflow/example_dags/tutorial_dag.py for tasks to queue
[2024-08-26T10:38:43.164+0000] {logging_mixin.py:190} INFO - [2024-08-26T10:38:43.164+0000] {dagbag.py:587} INFO - Filling up the DagBag from /home/airflow/.local/lib/python3.12/site-packages/airflow/example_dags/tutorial_dag.py
[2024-08-26T10:38:43.176+0000] {processor.py:925} INFO - DAG(s) 'tutorial_dag' retrieved from /home/airflow/.local/lib/python3.12/site-packages/airflow/example_dags/tutorial_dag.py
[2024-08-26T10:38:43.204+0000] {logging_mixin.py:190} INFO - [2024-08-26T10:38:43.204+0000] {dag.py:3211} INFO - Sync 1 DAGs
[2024-08-26T10:38:43.225+0000] {logging_mixin.py:190} INFO - [2024-08-26T10:38:43.225+0000] {dag.py:4138} INFO - Setting next_dagrun for tutorial_dag to None, run_after=None
[2024-08-26T10:38:43.258+0000] {processor.py:208} INFO - Processing /home/airflow/.local/lib/python3.12/site-packages/airflow/example_dags/tutorial_dag.py took 0.107 seconds
[2024-08-26T10:39:21.538+0000] {processor.py:186} INFO - Started process (PID=213) to work on /home/airflow/.local/lib/python3.12/site-packages/airflow/example_dags/tutorial_dag.py
[2024-08-26T10:39:21.540+0000] {processor.py:914} INFO - Processing file /home/airflow/.local/lib/python3.12/site-packages/airflow/example_dags/tutorial_dag.py for tasks to queue
[2024-08-26T10:39:21.551+0000] {logging_mixin.py:190} INFO - [2024-08-26T10:39:21.550+0000] {dagbag.py:587} INFO - Filling up the DagBag from /home/airflow/.local/lib/python3.12/site-packages/airflow/example_dags/tutorial_dag.py
[2024-08-26T10:39:21.575+0000] {processor.py:925} INFO - DAG(s) 'tutorial_dag' retrieved from /home/airflow/.local/lib/python3.12/site-packages/airflow/example_dags/tutorial_dag.py
[2024-08-26T10:39:21.629+0000] {logging_mixin.py:190} INFO - [2024-08-26T10:39:21.629+0000] {dag.py:3211} INFO - Sync 1 DAGs
[2024-08-26T10:39:21.666+0000] {logging_mixin.py:190} INFO - [2024-08-26T10:39:21.665+0000] {dag.py:4138} INFO - Setting next_dagrun for tutorial_dag to None, run_after=None
[2024-08-26T10:39:21.702+0000] {processor.py:208} INFO - Processing /home/airflow/.local/lib/python3.12/site-packages/airflow/example_dags/tutorial_dag.py took 0.181 seconds
[2024-08-26T10:40:01.172+0000] {processor.py:186} INFO - Started process (PID=287) to work on /home/airflow/.local/lib/python3.12/site-packages/airflow/example_dags/tutorial_dag.py
[2024-08-26T10:40:01.174+0000] {processor.py:914} INFO - Processing file /home/airflow/.local/lib/python3.12/site-packages/airflow/example_dags/tutorial_dag.py for tasks to queue
[2024-08-26T10:40:01.177+0000] {logging_mixin.py:190} INFO - [2024-08-26T10:40:01.177+0000] {dagbag.py:587} INFO - Filling up the DagBag from /home/airflow/.local/lib/python3.12/site-packages/airflow/example_dags/tutorial_dag.py
[2024-08-26T10:40:01.187+0000] {processor.py:925} INFO - DAG(s) 'tutorial_dag' retrieved from /home/airflow/.local/lib/python3.12/site-packages/airflow/example_dags/tutorial_dag.py
[2024-08-26T10:40:01.213+0000] {logging_mixin.py:190} INFO - [2024-08-26T10:40:01.213+0000] {dag.py:3211} INFO - Sync 1 DAGs
[2024-08-26T10:40:01.234+0000] {logging_mixin.py:190} INFO - [2024-08-26T10:40:01.234+0000] {dag.py:4138} INFO - Setting next_dagrun for tutorial_dag to None, run_after=None
[2024-08-26T10:40:01.260+0000] {processor.py:208} INFO - Processing /home/airflow/.local/lib/python3.12/site-packages/airflow/example_dags/tutorial_dag.py took 0.095 seconds
[2024-08-26T10:40:44.922+0000] {processor.py:186} INFO - Started process (PID=355) to work on /home/airflow/.local/lib/python3.12/site-packages/airflow/example_dags/tutorial_dag.py
[2024-08-26T10:40:44.923+0000] {processor.py:914} INFO - Processing file /home/airflow/.local/lib/python3.12/site-packages/airflow/example_dags/tutorial_dag.py for tasks to queue
[2024-08-26T10:40:44.927+0000] {logging_mixin.py:190} INFO - [2024-08-26T10:40:44.926+0000] {dagbag.py:587} INFO - Filling up the DagBag from /home/airflow/.local/lib/python3.12/site-packages/airflow/example_dags/tutorial_dag.py
[2024-08-26T10:40:44.937+0000] {processor.py:925} INFO - DAG(s) 'tutorial_dag' retrieved from /home/airflow/.local/lib/python3.12/site-packages/airflow/example_dags/tutorial_dag.py
[2024-08-26T10:40:44.966+0000] {logging_mixin.py:190} INFO - [2024-08-26T10:40:44.966+0000] {dag.py:3211} INFO - Sync 1 DAGs
[2024-08-26T10:40:44.987+0000] {logging_mixin.py:190} INFO - [2024-08-26T10:40:44.986+0000] {dag.py:4138} INFO - Setting next_dagrun for tutorial_dag to None, run_after=None
[2024-08-26T10:40:45.012+0000] {processor.py:208} INFO - Processing /home/airflow/.local/lib/python3.12/site-packages/airflow/example_dags/tutorial_dag.py took 0.098 seconds
[2024-08-26T10:41:22.046+0000] {processor.py:186} INFO - Started process (PID=420) to work on /home/airflow/.local/lib/python3.12/site-packages/airflow/example_dags/tutorial_dag.py
[2024-08-26T10:41:22.047+0000] {processor.py:914} INFO - Processing file /home/airflow/.local/lib/python3.12/site-packages/airflow/example_dags/tutorial_dag.py for tasks to queue
[2024-08-26T10:41:22.050+0000] {logging_mixin.py:190} INFO - [2024-08-26T10:41:22.050+0000] {dagbag.py:587} INFO - Filling up the DagBag from /home/airflow/.local/lib/python3.12/site-packages/airflow/example_dags/tutorial_dag.py
[2024-08-26T10:41:22.061+0000] {processor.py:925} INFO - DAG(s) 'tutorial_dag' retrieved from /home/airflow/.local/lib/python3.12/site-packages/airflow/example_dags/tutorial_dag.py
[2024-08-26T10:41:22.089+0000] {logging_mixin.py:190} INFO - [2024-08-26T10:41:22.088+0000] {dag.py:3211} INFO - Sync 1 DAGs
[2024-08-26T10:41:22.108+0000] {logging_mixin.py:190} INFO - [2024-08-26T10:41:22.108+0000] {dag.py:4138} INFO - Setting next_dagrun for tutorial_dag to None, run_after=None
[2024-08-26T10:41:22.133+0000] {processor.py:208} INFO - Processing /home/airflow/.local/lib/python3.12/site-packages/airflow/example_dags/tutorial_dag.py took 0.095 seconds
[2024-08-26T10:42:07.480+0000] {processor.py:186} INFO - Started process (PID=492) to work on /home/airflow/.local/lib/python3.12/site-packages/airflow/example_dags/tutorial_dag.py
[2024-08-26T10:42:07.487+0000] {processor.py:914} INFO - Processing file /home/airflow/.local/lib/python3.12/site-packages/airflow/example_dags/tutorial_dag.py for tasks to queue
[2024-08-26T10:42:07.493+0000] {logging_mixin.py:190} INFO - [2024-08-26T10:42:07.492+0000] {dagbag.py:587} INFO - Filling up the DagBag from /home/airflow/.local/lib/python3.12/site-packages/airflow/example_dags/tutorial_dag.py
[2024-08-26T10:42:07.516+0000] {processor.py:925} INFO - DAG(s) 'tutorial_dag' retrieved from /home/airflow/.local/lib/python3.12/site-packages/airflow/example_dags/tutorial_dag.py
[2024-08-26T10:42:07.584+0000] {logging_mixin.py:190} INFO - [2024-08-26T10:42:07.584+0000] {dag.py:3211} INFO - Sync 1 DAGs
[2024-08-26T10:42:07.624+0000] {logging_mixin.py:190} INFO - [2024-08-26T10:42:07.624+0000] {dag.py:4138} INFO - Setting next_dagrun for tutorial_dag to None, run_after=None
[2024-08-26T10:42:07.808+0000] {processor.py:208} INFO - Processing /home/airflow/.local/lib/python3.12/site-packages/airflow/example_dags/tutorial_dag.py took 0.341 seconds
[2024-08-26T10:42:53.582+0000] {processor.py:186} INFO - Started process (PID=560) to work on /home/airflow/.local/lib/python3.12/site-packages/airflow/example_dags/tutorial_dag.py
[2024-08-26T10:42:53.584+0000] {processor.py:914} INFO - Processing file /home/airflow/.local/lib/python3.12/site-packages/airflow/example_dags/tutorial_dag.py for tasks to queue
[2024-08-26T10:42:53.586+0000] {logging_mixin.py:190} INFO - [2024-08-26T10:42:53.586+0000] {dagbag.py:587} INFO - Filling up the DagBag from /home/airflow/.local/lib/python3.12/site-packages/airflow/example_dags/tutorial_dag.py
[2024-08-26T10:42:53.598+0000] {processor.py:925} INFO - DAG(s) 'tutorial_dag' retrieved from /home/airflow/.local/lib/python3.12/site-packages/airflow/example_dags/tutorial_dag.py
[2024-08-26T10:42:53.627+0000] {logging_mixin.py:190} INFO - [2024-08-26T10:42:53.627+0000] {dag.py:3211} INFO - Sync 1 DAGs
[2024-08-26T10:42:53.648+0000] {logging_mixin.py:190} INFO - [2024-08-26T10:42:53.648+0000] {dag.py:4138} INFO - Setting next_dagrun for tutorial_dag to None, run_after=None
[2024-08-26T10:42:53.676+0000] {processor.py:208} INFO - Processing /home/airflow/.local/lib/python3.12/site-packages/airflow/example_dags/tutorial_dag.py took 0.102 seconds
[2024-08-26T10:43:36.369+0000] {processor.py:186} INFO - Started process (PID=638) to work on /home/airflow/.local/lib/python3.12/site-packages/airflow/example_dags/tutorial_dag.py
[2024-08-26T10:43:36.371+0000] {processor.py:914} INFO - Processing file /home/airflow/.local/lib/python3.12/site-packages/airflow/example_dags/tutorial_dag.py for tasks to queue
[2024-08-26T10:43:36.373+0000] {logging_mixin.py:190} INFO - [2024-08-26T10:43:36.373+0000] {dagbag.py:587} INFO - Filling up the DagBag from /home/airflow/.local/lib/python3.12/site-packages/airflow/example_dags/tutorial_dag.py
[2024-08-26T10:43:36.385+0000] {processor.py:925} INFO - DAG(s) 'tutorial_dag' retrieved from /home/airflow/.local/lib/python3.12/site-packages/airflow/example_dags/tutorial_dag.py
[2024-08-26T10:43:36.416+0000] {logging_mixin.py:190} INFO - [2024-08-26T10:43:36.416+0000] {dag.py:3211} INFO - Sync 1 DAGs
[2024-08-26T10:43:36.437+0000] {logging_mixin.py:190} INFO - [2024-08-26T10:43:36.436+0000] {dag.py:4138} INFO - Setting next_dagrun for tutorial_dag to None, run_after=None
[2024-08-26T10:43:36.464+0000] {processor.py:208} INFO - Processing /home/airflow/.local/lib/python3.12/site-packages/airflow/example_dags/tutorial_dag.py took 0.103 seconds
[2024-08-26T10:44:13.766+0000] {processor.py:186} INFO - Started process (PID=704) to work on /home/airflow/.local/lib/python3.12/site-packages/airflow/example_dags/tutorial_dag.py
[2024-08-26T10:44:13.767+0000] {processor.py:914} INFO - Processing file /home/airflow/.local/lib/python3.12/site-packages/airflow/example_dags/tutorial_dag.py for tasks to queue
[2024-08-26T10:44:13.769+0000] {logging_mixin.py:190} INFO - [2024-08-26T10:44:13.769+0000] {dagbag.py:587} INFO - Filling up the DagBag from /home/airflow/.local/lib/python3.12/site-packages/airflow/example_dags/tutorial_dag.py
[2024-08-26T10:44:13.780+0000] {processor.py:925} INFO - DAG(s) 'tutorial_dag' retrieved from /home/airflow/.local/lib/python3.12/site-packages/airflow/example_dags/tutorial_dag.py
[2024-08-26T10:44:13.813+0000] {logging_mixin.py:190} INFO - [2024-08-26T10:44:13.812+0000] {dag.py:3211} INFO - Sync 1 DAGs
[2024-08-26T10:44:13.835+0000] {logging_mixin.py:190} INFO - [2024-08-26T10:44:13.835+0000] {dag.py:4138} INFO - Setting next_dagrun for tutorial_dag to None, run_after=None
[2024-08-26T10:44:13.870+0000] {processor.py:208} INFO - Processing /home/airflow/.local/lib/python3.12/site-packages/airflow/example_dags/tutorial_dag.py took 0.112 seconds
[2024-08-26T10:44:53.012+0000] {processor.py:186} INFO - Started process (PID=771) to work on /home/airflow/.local/lib/python3.12/site-packages/airflow/example_dags/tutorial_dag.py
[2024-08-26T10:44:53.014+0000] {processor.py:914} INFO - Processing file /home/airflow/.local/lib/python3.12/site-packages/airflow/example_dags/tutorial_dag.py for tasks to queue
[2024-08-26T10:44:53.016+0000] {logging_mixin.py:190} INFO - [2024-08-26T10:44:53.015+0000] {dagbag.py:587} INFO - Filling up the DagBag from /home/airflow/.local/lib/python3.12/site-packages/airflow/example_dags/tutorial_dag.py
[2024-08-26T10:44:53.027+0000] {processor.py:925} INFO - DAG(s) 'tutorial_dag' retrieved from /home/airflow/.local/lib/python3.12/site-packages/airflow/example_dags/tutorial_dag.py
[2024-08-26T10:44:53.064+0000] {logging_mixin.py:190} INFO - [2024-08-26T10:44:53.064+0000] {dag.py:3211} INFO - Sync 1 DAGs
[2024-08-26T10:44:53.085+0000] {logging_mixin.py:190} INFO - [2024-08-26T10:44:53.084+0000] {dag.py:4138} INFO - Setting next_dagrun for tutorial_dag to None, run_after=None
[2024-08-26T10:44:53.109+0000] {processor.py:208} INFO - Processing /home/airflow/.local/lib/python3.12/site-packages/airflow/example_dags/tutorial_dag.py took 0.105 seconds
[2024-08-26T10:45:34.328+0000] {processor.py:186} INFO - Started process (PID=852) to work on /home/airflow/.local/lib/python3.12/site-packages/airflow/example_dags/tutorial_dag.py
[2024-08-26T10:45:34.330+0000] {processor.py:914} INFO - Processing file /home/airflow/.local/lib/python3.12/site-packages/airflow/example_dags/tutorial_dag.py for tasks to queue
[2024-08-26T10:45:34.332+0000] {logging_mixin.py:190} INFO - [2024-08-26T10:45:34.331+0000] {dagbag.py:587} INFO - Filling up the DagBag from /home/airflow/.local/lib/python3.12/site-packages/airflow/example_dags/tutorial_dag.py
[2024-08-26T10:45:34.343+0000] {processor.py:925} INFO - DAG(s) 'tutorial_dag' retrieved from /home/airflow/.local/lib/python3.12/site-packages/airflow/example_dags/tutorial_dag.py
[2024-08-26T10:45:34.376+0000] {logging_mixin.py:190} INFO - [2024-08-26T10:45:34.375+0000] {dag.py:3211} INFO - Sync 1 DAGs
[2024-08-26T10:45:34.398+0000] {logging_mixin.py:190} INFO - [2024-08-26T10:45:34.398+0000] {dag.py:4138} INFO - Setting next_dagrun for tutorial_dag to None, run_after=None
[2024-08-26T10:45:34.428+0000] {processor.py:208} INFO - Processing /home/airflow/.local/lib/python3.12/site-packages/airflow/example_dags/tutorial_dag.py took 0.109 seconds
[2024-08-26T10:46:12.680+0000] {processor.py:186} INFO - Started process (PID=918) to work on /home/airflow/.local/lib/python3.12/site-packages/airflow/example_dags/tutorial_dag.py
[2024-08-26T10:46:12.682+0000] {processor.py:914} INFO - Processing file /home/airflow/.local/lib/python3.12/site-packages/airflow/example_dags/tutorial_dag.py for tasks to queue
[2024-08-26T10:46:12.685+0000] {logging_mixin.py:190} INFO - [2024-08-26T10:46:12.684+0000] {dagbag.py:587} INFO - Filling up the DagBag from /home/airflow/.local/lib/python3.12/site-packages/airflow/example_dags/tutorial_dag.py
[2024-08-26T10:46:12.699+0000] {processor.py:925} INFO - DAG(s) 'tutorial_dag' retrieved from /home/airflow/.local/lib/python3.12/site-packages/airflow/example_dags/tutorial_dag.py
[2024-08-26T10:46:12.730+0000] {logging_mixin.py:190} INFO - [2024-08-26T10:46:12.730+0000] {dag.py:3211} INFO - Sync 1 DAGs
[2024-08-26T10:46:12.752+0000] {logging_mixin.py:190} INFO - [2024-08-26T10:46:12.752+0000] {dag.py:4138} INFO - Setting next_dagrun for tutorial_dag to None, run_after=None
[2024-08-26T10:46:12.782+0000] {processor.py:208} INFO - Processing /home/airflow/.local/lib/python3.12/site-packages/airflow/example_dags/tutorial_dag.py took 0.110 seconds
[2024-08-26T10:46:51.452+0000] {processor.py:186} INFO - Started process (PID=984) to work on /home/airflow/.local/lib/python3.12/site-packages/airflow/example_dags/tutorial_dag.py
[2024-08-26T10:46:51.454+0000] {processor.py:914} INFO - Processing file /home/airflow/.local/lib/python3.12/site-packages/airflow/example_dags/tutorial_dag.py for tasks to queue
[2024-08-26T10:46:51.456+0000] {logging_mixin.py:190} INFO - [2024-08-26T10:46:51.456+0000] {dagbag.py:587} INFO - Filling up the DagBag from /home/airflow/.local/lib/python3.12/site-packages/airflow/example_dags/tutorial_dag.py
[2024-08-26T10:46:51.467+0000] {processor.py:925} INFO - DAG(s) 'tutorial_dag' retrieved from /home/airflow/.local/lib/python3.12/site-packages/airflow/example_dags/tutorial_dag.py
[2024-08-26T10:46:51.500+0000] {logging_mixin.py:190} INFO - [2024-08-26T10:46:51.500+0000] {dag.py:3211} INFO - Sync 1 DAGs
[2024-08-26T10:46:51.523+0000] {logging_mixin.py:190} INFO - [2024-08-26T10:46:51.522+0000] {dag.py:4138} INFO - Setting next_dagrun for tutorial_dag to None, run_after=None
[2024-08-26T10:46:51.549+0000] {processor.py:208} INFO - Processing /home/airflow/.local/lib/python3.12/site-packages/airflow/example_dags/tutorial_dag.py took 0.106 seconds
[2024-08-26T10:47:43.469+0000] {processor.py:186} INFO - Started process (PID=1067) to work on /home/airflow/.local/lib/python3.12/site-packages/airflow/example_dags/tutorial_dag.py
[2024-08-26T10:47:43.472+0000] {processor.py:914} INFO - Processing file /home/airflow/.local/lib/python3.12/site-packages/airflow/example_dags/tutorial_dag.py for tasks to queue
[2024-08-26T10:47:43.493+0000] {logging_mixin.py:190} INFO - [2024-08-26T10:47:43.487+0000] {dagbag.py:587} INFO - Filling up the DagBag from /home/airflow/.local/lib/python3.12/site-packages/airflow/example_dags/tutorial_dag.py
[2024-08-26T10:47:43.560+0000] {processor.py:925} INFO - DAG(s) 'tutorial_dag' retrieved from /home/airflow/.local/lib/python3.12/site-packages/airflow/example_dags/tutorial_dag.py
[2024-08-26T10:47:43.603+0000] {logging_mixin.py:190} INFO - [2024-08-26T10:47:43.602+0000] {dag.py:3211} INFO - Sync 1 DAGs
[2024-08-26T10:47:43.635+0000] {logging_mixin.py:190} INFO - [2024-08-26T10:47:43.635+0000] {dag.py:4138} INFO - Setting next_dagrun for tutorial_dag to None, run_after=None
[2024-08-26T10:47:43.674+0000] {processor.py:208} INFO - Processing /home/airflow/.local/lib/python3.12/site-packages/airflow/example_dags/tutorial_dag.py took 0.218 seconds
[2024-08-26T10:48:22.361+0000] {processor.py:186} INFO - Started process (PID=1133) to work on /home/airflow/.local/lib/python3.12/site-packages/airflow/example_dags/tutorial_dag.py
[2024-08-26T10:48:22.363+0000] {processor.py:914} INFO - Processing file /home/airflow/.local/lib/python3.12/site-packages/airflow/example_dags/tutorial_dag.py for tasks to queue
[2024-08-26T10:48:22.364+0000] {logging_mixin.py:190} INFO - [2024-08-26T10:48:22.364+0000] {dagbag.py:587} INFO - Filling up the DagBag from /home/airflow/.local/lib/python3.12/site-packages/airflow/example_dags/tutorial_dag.py
[2024-08-26T10:48:22.374+0000] {processor.py:925} INFO - DAG(s) 'tutorial_dag' retrieved from /home/airflow/.local/lib/python3.12/site-packages/airflow/example_dags/tutorial_dag.py
[2024-08-26T10:48:22.397+0000] {logging_mixin.py:190} INFO - [2024-08-26T10:48:22.397+0000] {dag.py:3211} INFO - Sync 1 DAGs
[2024-08-26T10:48:22.414+0000] {logging_mixin.py:190} INFO - [2024-08-26T10:48:22.414+0000] {dag.py:4138} INFO - Setting next_dagrun for tutorial_dag to None, run_after=None
[2024-08-26T10:48:22.435+0000] {processor.py:208} INFO - Processing /home/airflow/.local/lib/python3.12/site-packages/airflow/example_dags/tutorial_dag.py took 0.082 seconds
[2024-08-26T10:49:12.328+0000] {processor.py:186} INFO - Started process (PID=1214) to work on /home/airflow/.local/lib/python3.12/site-packages/airflow/example_dags/tutorial_dag.py
[2024-08-26T10:49:12.349+0000] {processor.py:914} INFO - Processing file /home/airflow/.local/lib/python3.12/site-packages/airflow/example_dags/tutorial_dag.py for tasks to queue
[2024-08-26T10:49:12.353+0000] {logging_mixin.py:190} INFO - [2024-08-26T10:49:12.352+0000] {dagbag.py:587} INFO - Filling up the DagBag from /home/airflow/.local/lib/python3.12/site-packages/airflow/example_dags/tutorial_dag.py
[2024-08-26T10:49:12.401+0000] {processor.py:925} INFO - DAG(s) 'tutorial_dag' retrieved from /home/airflow/.local/lib/python3.12/site-packages/airflow/example_dags/tutorial_dag.py
[2024-08-26T10:49:12.458+0000] {logging_mixin.py:190} INFO - [2024-08-26T10:49:12.458+0000] {dag.py:3211} INFO - Sync 1 DAGs
[2024-08-26T10:49:12.504+0000] {logging_mixin.py:190} INFO - [2024-08-26T10:49:12.503+0000] {dag.py:4138} INFO - Setting next_dagrun for tutorial_dag to None, run_after=None
[2024-08-26T10:49:12.653+0000] {processor.py:208} INFO - Processing /home/airflow/.local/lib/python3.12/site-packages/airflow/example_dags/tutorial_dag.py took 0.344 seconds
[2024-08-26T10:49:45.538+0000] {processor.py:186} INFO - Started process (PID=1280) to work on /home/airflow/.local/lib/python3.12/site-packages/airflow/example_dags/tutorial_dag.py
[2024-08-26T10:49:45.541+0000] {processor.py:914} INFO - Processing file /home/airflow/.local/lib/python3.12/site-packages/airflow/example_dags/tutorial_dag.py for tasks to queue
[2024-08-26T10:49:45.543+0000] {logging_mixin.py:190} INFO - [2024-08-26T10:49:45.542+0000] {dagbag.py:587} INFO - Filling up the DagBag from /home/airflow/.local/lib/python3.12/site-packages/airflow/example_dags/tutorial_dag.py
[2024-08-26T10:49:45.555+0000] {processor.py:925} INFO - DAG(s) 'tutorial_dag' retrieved from /home/airflow/.local/lib/python3.12/site-packages/airflow/example_dags/tutorial_dag.py
[2024-08-26T10:49:45.792+0000] {logging_mixin.py:190} INFO - [2024-08-26T10:49:45.791+0000] {dag.py:3211} INFO - Sync 1 DAGs
[2024-08-26T10:49:45.833+0000] {logging_mixin.py:190} INFO - [2024-08-26T10:49:45.832+0000] {dag.py:4138} INFO - Setting next_dagrun for tutorial_dag to None, run_after=None
[2024-08-26T10:49:45.871+0000] {processor.py:208} INFO - Processing /home/airflow/.local/lib/python3.12/site-packages/airflow/example_dags/tutorial_dag.py took 0.344 seconds
[2024-08-26T15:09:26.221+0000] {processor.py:186} INFO - Started process (PID=75) to work on /home/airflow/.local/lib/python3.12/site-packages/airflow/example_dags/tutorial_dag.py
[2024-08-26T15:09:26.223+0000] {processor.py:914} INFO - Processing file /home/airflow/.local/lib/python3.12/site-packages/airflow/example_dags/tutorial_dag.py for tasks to queue
[2024-08-26T15:09:26.227+0000] {logging_mixin.py:190} INFO - [2024-08-26T15:09:26.226+0000] {dagbag.py:587} INFO - Filling up the DagBag from /home/airflow/.local/lib/python3.12/site-packages/airflow/example_dags/tutorial_dag.py
[2024-08-26T15:09:26.238+0000] {processor.py:925} INFO - DAG(s) 'tutorial_dag' retrieved from /home/airflow/.local/lib/python3.12/site-packages/airflow/example_dags/tutorial_dag.py
[2024-08-26T15:09:26.280+0000] {logging_mixin.py:190} INFO - [2024-08-26T15:09:26.280+0000] {dag.py:3211} INFO - Sync 1 DAGs
[2024-08-26T15:09:26.320+0000] {logging_mixin.py:190} INFO - [2024-08-26T15:09:26.319+0000] {dag.py:4138} INFO - Setting next_dagrun for tutorial_dag to None, run_after=None
[2024-08-26T15:09:26.370+0000] {processor.py:208} INFO - Processing /home/airflow/.local/lib/python3.12/site-packages/airflow/example_dags/tutorial_dag.py took 0.157 seconds
[2024-08-26T15:10:09.658+0000] {processor.py:186} INFO - Started process (PID=147) to work on /home/airflow/.local/lib/python3.12/site-packages/airflow/example_dags/tutorial_dag.py
[2024-08-26T15:10:09.660+0000] {processor.py:914} INFO - Processing file /home/airflow/.local/lib/python3.12/site-packages/airflow/example_dags/tutorial_dag.py for tasks to queue
[2024-08-26T15:10:09.663+0000] {logging_mixin.py:190} INFO - [2024-08-26T15:10:09.663+0000] {dagbag.py:587} INFO - Filling up the DagBag from /home/airflow/.local/lib/python3.12/site-packages/airflow/example_dags/tutorial_dag.py
[2024-08-26T15:10:09.674+0000] {processor.py:925} INFO - DAG(s) 'tutorial_dag' retrieved from /home/airflow/.local/lib/python3.12/site-packages/airflow/example_dags/tutorial_dag.py
[2024-08-26T15:10:09.703+0000] {logging_mixin.py:190} INFO - [2024-08-26T15:10:09.702+0000] {dag.py:3211} INFO - Sync 1 DAGs
[2024-08-26T15:10:09.727+0000] {logging_mixin.py:190} INFO - [2024-08-26T15:10:09.727+0000] {dag.py:4138} INFO - Setting next_dagrun for tutorial_dag to None, run_after=None
[2024-08-26T15:10:09.757+0000] {processor.py:208} INFO - Processing /home/airflow/.local/lib/python3.12/site-packages/airflow/example_dags/tutorial_dag.py took 0.109 seconds
[2024-08-26T15:10:47.669+0000] {processor.py:186} INFO - Started process (PID=214) to work on /home/airflow/.local/lib/python3.12/site-packages/airflow/example_dags/tutorial_dag.py
[2024-08-26T15:10:47.671+0000] {processor.py:914} INFO - Processing file /home/airflow/.local/lib/python3.12/site-packages/airflow/example_dags/tutorial_dag.py for tasks to queue
[2024-08-26T15:10:47.674+0000] {logging_mixin.py:190} INFO - [2024-08-26T15:10:47.673+0000] {dagbag.py:587} INFO - Filling up the DagBag from /home/airflow/.local/lib/python3.12/site-packages/airflow/example_dags/tutorial_dag.py
[2024-08-26T15:10:47.684+0000] {processor.py:925} INFO - DAG(s) 'tutorial_dag' retrieved from /home/airflow/.local/lib/python3.12/site-packages/airflow/example_dags/tutorial_dag.py
[2024-08-26T15:10:47.712+0000] {logging_mixin.py:190} INFO - [2024-08-26T15:10:47.711+0000] {dag.py:3211} INFO - Sync 1 DAGs
[2024-08-26T15:10:47.730+0000] {logging_mixin.py:190} INFO - [2024-08-26T15:10:47.730+0000] {dag.py:4138} INFO - Setting next_dagrun for tutorial_dag to None, run_after=None
[2024-08-26T15:10:47.753+0000] {processor.py:208} INFO - Processing /home/airflow/.local/lib/python3.12/site-packages/airflow/example_dags/tutorial_dag.py took 0.092 seconds
[2024-08-26T15:11:25.063+0000] {processor.py:186} INFO - Started process (PID=280) to work on /home/airflow/.local/lib/python3.12/site-packages/airflow/example_dags/tutorial_dag.py
[2024-08-26T15:11:25.065+0000] {processor.py:914} INFO - Processing file /home/airflow/.local/lib/python3.12/site-packages/airflow/example_dags/tutorial_dag.py for tasks to queue
[2024-08-26T15:11:25.068+0000] {logging_mixin.py:190} INFO - [2024-08-26T15:11:25.068+0000] {dagbag.py:587} INFO - Filling up the DagBag from /home/airflow/.local/lib/python3.12/site-packages/airflow/example_dags/tutorial_dag.py
[2024-08-26T15:11:25.078+0000] {processor.py:925} INFO - DAG(s) 'tutorial_dag' retrieved from /home/airflow/.local/lib/python3.12/site-packages/airflow/example_dags/tutorial_dag.py
[2024-08-26T15:11:25.105+0000] {logging_mixin.py:190} INFO - [2024-08-26T15:11:25.104+0000] {dag.py:3211} INFO - Sync 1 DAGs
[2024-08-26T15:11:25.124+0000] {logging_mixin.py:190} INFO - [2024-08-26T15:11:25.123+0000] {dag.py:4138} INFO - Setting next_dagrun for tutorial_dag to None, run_after=None
[2024-08-26T15:11:25.147+0000] {processor.py:208} INFO - Processing /home/airflow/.local/lib/python3.12/site-packages/airflow/example_dags/tutorial_dag.py took 0.093 seconds
[2024-08-26T15:12:03.920+0000] {processor.py:186} INFO - Started process (PID=352) to work on /home/airflow/.local/lib/python3.12/site-packages/airflow/example_dags/tutorial_dag.py
[2024-08-26T15:12:03.921+0000] {processor.py:914} INFO - Processing file /home/airflow/.local/lib/python3.12/site-packages/airflow/example_dags/tutorial_dag.py for tasks to queue
[2024-08-26T15:12:03.924+0000] {logging_mixin.py:190} INFO - [2024-08-26T15:12:03.924+0000] {dagbag.py:587} INFO - Filling up the DagBag from /home/airflow/.local/lib/python3.12/site-packages/airflow/example_dags/tutorial_dag.py
[2024-08-26T15:12:03.935+0000] {processor.py:925} INFO - DAG(s) 'tutorial_dag' retrieved from /home/airflow/.local/lib/python3.12/site-packages/airflow/example_dags/tutorial_dag.py
[2024-08-26T15:12:03.963+0000] {logging_mixin.py:190} INFO - [2024-08-26T15:12:03.963+0000] {dag.py:3211} INFO - Sync 1 DAGs
[2024-08-26T15:12:03.983+0000] {logging_mixin.py:190} INFO - [2024-08-26T15:12:03.983+0000] {dag.py:4138} INFO - Setting next_dagrun for tutorial_dag to None, run_after=None
[2024-08-26T15:12:04.006+0000] {processor.py:208} INFO - Processing /home/airflow/.local/lib/python3.12/site-packages/airflow/example_dags/tutorial_dag.py took 0.095 seconds
[2024-08-26T15:12:43.515+0000] {processor.py:186} INFO - Started process (PID=419) to work on /home/airflow/.local/lib/python3.12/site-packages/airflow/example_dags/tutorial_dag.py
[2024-08-26T15:12:43.516+0000] {processor.py:914} INFO - Processing file /home/airflow/.local/lib/python3.12/site-packages/airflow/example_dags/tutorial_dag.py for tasks to queue
[2024-08-26T15:12:43.519+0000] {logging_mixin.py:190} INFO - [2024-08-26T15:12:43.519+0000] {dagbag.py:587} INFO - Filling up the DagBag from /home/airflow/.local/lib/python3.12/site-packages/airflow/example_dags/tutorial_dag.py
[2024-08-26T15:12:43.529+0000] {processor.py:925} INFO - DAG(s) 'tutorial_dag' retrieved from /home/airflow/.local/lib/python3.12/site-packages/airflow/example_dags/tutorial_dag.py
[2024-08-26T15:12:43.556+0000] {logging_mixin.py:190} INFO - [2024-08-26T15:12:43.556+0000] {dag.py:3211} INFO - Sync 1 DAGs
[2024-08-26T15:12:43.576+0000] {logging_mixin.py:190} INFO - [2024-08-26T15:12:43.576+0000] {dag.py:4138} INFO - Setting next_dagrun for tutorial_dag to None, run_after=None
[2024-08-26T15:12:43.602+0000] {processor.py:208} INFO - Processing /home/airflow/.local/lib/python3.12/site-packages/airflow/example_dags/tutorial_dag.py took 0.097 seconds
[2024-08-26T15:13:34.427+0000] {processor.py:186} INFO - Started process (PID=502) to work on /home/airflow/.local/lib/python3.12/site-packages/airflow/example_dags/tutorial_dag.py
[2024-08-26T15:13:34.431+0000] {processor.py:914} INFO - Processing file /home/airflow/.local/lib/python3.12/site-packages/airflow/example_dags/tutorial_dag.py for tasks to queue
[2024-08-26T15:13:34.436+0000] {logging_mixin.py:190} INFO - [2024-08-26T15:13:34.435+0000] {dagbag.py:587} INFO - Filling up the DagBag from /home/airflow/.local/lib/python3.12/site-packages/airflow/example_dags/tutorial_dag.py
[2024-08-26T15:13:34.454+0000] {processor.py:925} INFO - DAG(s) 'tutorial_dag' retrieved from /home/airflow/.local/lib/python3.12/site-packages/airflow/example_dags/tutorial_dag.py
[2024-08-26T15:13:34.493+0000] {logging_mixin.py:190} INFO - [2024-08-26T15:13:34.493+0000] {dag.py:3211} INFO - Sync 1 DAGs
[2024-08-26T15:13:34.522+0000] {logging_mixin.py:190} INFO - [2024-08-26T15:13:34.522+0000] {dag.py:4138} INFO - Setting next_dagrun for tutorial_dag to None, run_after=None
[2024-08-26T15:13:34.551+0000] {processor.py:208} INFO - Processing /home/airflow/.local/lib/python3.12/site-packages/airflow/example_dags/tutorial_dag.py took 0.139 seconds
[2024-08-26T15:14:29.765+0000] {processor.py:186} INFO - Started process (PID=574) to work on /home/airflow/.local/lib/python3.12/site-packages/airflow/example_dags/tutorial_dag.py
[2024-08-26T15:14:29.767+0000] {processor.py:914} INFO - Processing file /home/airflow/.local/lib/python3.12/site-packages/airflow/example_dags/tutorial_dag.py for tasks to queue
[2024-08-26T15:14:29.771+0000] {logging_mixin.py:190} INFO - [2024-08-26T15:14:29.771+0000] {dagbag.py:587} INFO - Filling up the DagBag from /home/airflow/.local/lib/python3.12/site-packages/airflow/example_dags/tutorial_dag.py
[2024-08-26T15:14:29.782+0000] {processor.py:925} INFO - DAG(s) 'tutorial_dag' retrieved from /home/airflow/.local/lib/python3.12/site-packages/airflow/example_dags/tutorial_dag.py
[2024-08-26T15:14:29.812+0000] {logging_mixin.py:190} INFO - [2024-08-26T15:14:29.812+0000] {dag.py:3211} INFO - Sync 1 DAGs
[2024-08-26T15:14:29.833+0000] {logging_mixin.py:190} INFO - [2024-08-26T15:14:29.833+0000] {dag.py:4138} INFO - Setting next_dagrun for tutorial_dag to None, run_after=None
[2024-08-26T15:14:29.860+0000] {processor.py:208} INFO - Processing /home/airflow/.local/lib/python3.12/site-packages/airflow/example_dags/tutorial_dag.py took 0.103 seconds
[2024-08-26T15:15:07.938+0000] {processor.py:186} INFO - Started process (PID=641) to work on /home/airflow/.local/lib/python3.12/site-packages/airflow/example_dags/tutorial_dag.py
[2024-08-26T15:15:07.940+0000] {processor.py:914} INFO - Processing file /home/airflow/.local/lib/python3.12/site-packages/airflow/example_dags/tutorial_dag.py for tasks to queue
[2024-08-26T15:15:07.943+0000] {logging_mixin.py:190} INFO - [2024-08-26T15:15:07.942+0000] {dagbag.py:587} INFO - Filling up the DagBag from /home/airflow/.local/lib/python3.12/site-packages/airflow/example_dags/tutorial_dag.py
[2024-08-26T15:15:07.954+0000] {processor.py:925} INFO - DAG(s) 'tutorial_dag' retrieved from /home/airflow/.local/lib/python3.12/site-packages/airflow/example_dags/tutorial_dag.py
[2024-08-26T15:15:07.981+0000] {logging_mixin.py:190} INFO - [2024-08-26T15:15:07.980+0000] {dag.py:3211} INFO - Sync 1 DAGs
[2024-08-26T15:15:08.001+0000] {logging_mixin.py:190} INFO - [2024-08-26T15:15:08.001+0000] {dag.py:4138} INFO - Setting next_dagrun for tutorial_dag to None, run_after=None
[2024-08-26T15:15:08.024+0000] {processor.py:208} INFO - Processing /home/airflow/.local/lib/python3.12/site-packages/airflow/example_dags/tutorial_dag.py took 0.096 seconds
[2024-08-26T15:15:54.151+0000] {processor.py:186} INFO - Started process (PID=707) to work on /home/airflow/.local/lib/python3.12/site-packages/airflow/example_dags/tutorial_dag.py
[2024-08-26T15:15:54.153+0000] {processor.py:914} INFO - Processing file /home/airflow/.local/lib/python3.12/site-packages/airflow/example_dags/tutorial_dag.py for tasks to queue
[2024-08-26T15:15:54.156+0000] {logging_mixin.py:190} INFO - [2024-08-26T15:15:54.155+0000] {dagbag.py:587} INFO - Filling up the DagBag from /home/airflow/.local/lib/python3.12/site-packages/airflow/example_dags/tutorial_dag.py
[2024-08-26T15:15:54.170+0000] {processor.py:925} INFO - DAG(s) 'tutorial_dag' retrieved from /home/airflow/.local/lib/python3.12/site-packages/airflow/example_dags/tutorial_dag.py
[2024-08-26T15:15:54.218+0000] {logging_mixin.py:190} INFO - [2024-08-26T15:15:54.218+0000] {dag.py:3211} INFO - Sync 1 DAGs
[2024-08-26T15:15:54.252+0000] {logging_mixin.py:190} INFO - [2024-08-26T15:15:54.252+0000] {dag.py:4138} INFO - Setting next_dagrun for tutorial_dag to None, run_after=None
[2024-08-26T15:15:54.289+0000] {processor.py:208} INFO - Processing /home/airflow/.local/lib/python3.12/site-packages/airflow/example_dags/tutorial_dag.py took 0.155 seconds
[2024-08-26T15:16:30.711+0000] {processor.py:186} INFO - Started process (PID=778) to work on /home/airflow/.local/lib/python3.12/site-packages/airflow/example_dags/tutorial_dag.py
[2024-08-26T15:16:30.713+0000] {processor.py:914} INFO - Processing file /home/airflow/.local/lib/python3.12/site-packages/airflow/example_dags/tutorial_dag.py for tasks to queue
[2024-08-26T15:16:30.716+0000] {logging_mixin.py:190} INFO - [2024-08-26T15:16:30.715+0000] {dagbag.py:587} INFO - Filling up the DagBag from /home/airflow/.local/lib/python3.12/site-packages/airflow/example_dags/tutorial_dag.py
[2024-08-26T15:16:30.726+0000] {processor.py:925} INFO - DAG(s) 'tutorial_dag' retrieved from /home/airflow/.local/lib/python3.12/site-packages/airflow/example_dags/tutorial_dag.py
[2024-08-26T15:16:30.757+0000] {logging_mixin.py:190} INFO - [2024-08-26T15:16:30.757+0000] {dag.py:3211} INFO - Sync 1 DAGs
[2024-08-26T15:16:30.778+0000] {logging_mixin.py:190} INFO - [2024-08-26T15:16:30.777+0000] {dag.py:4138} INFO - Setting next_dagrun for tutorial_dag to None, run_after=None
[2024-08-26T15:16:30.805+0000] {processor.py:208} INFO - Processing /home/airflow/.local/lib/python3.12/site-packages/airflow/example_dags/tutorial_dag.py took 0.102 seconds
[2024-08-26T15:17:08.282+0000] {processor.py:186} INFO - Started process (PID=845) to work on /home/airflow/.local/lib/python3.12/site-packages/airflow/example_dags/tutorial_dag.py
[2024-08-26T15:17:08.284+0000] {processor.py:914} INFO - Processing file /home/airflow/.local/lib/python3.12/site-packages/airflow/example_dags/tutorial_dag.py for tasks to queue
[2024-08-26T15:17:08.285+0000] {logging_mixin.py:190} INFO - [2024-08-26T15:17:08.285+0000] {dagbag.py:587} INFO - Filling up the DagBag from /home/airflow/.local/lib/python3.12/site-packages/airflow/example_dags/tutorial_dag.py
[2024-08-26T15:17:08.295+0000] {processor.py:925} INFO - DAG(s) 'tutorial_dag' retrieved from /home/airflow/.local/lib/python3.12/site-packages/airflow/example_dags/tutorial_dag.py
[2024-08-26T15:17:08.322+0000] {logging_mixin.py:190} INFO - [2024-08-26T15:17:08.321+0000] {dag.py:3211} INFO - Sync 1 DAGs
[2024-08-26T15:17:08.340+0000] {logging_mixin.py:190} INFO - [2024-08-26T15:17:08.340+0000] {dag.py:4138} INFO - Setting next_dagrun for tutorial_dag to None, run_after=None
[2024-08-26T15:17:08.362+0000] {processor.py:208} INFO - Processing /home/airflow/.local/lib/python3.12/site-packages/airflow/example_dags/tutorial_dag.py took 0.088 seconds
[2024-08-26T15:17:45.017+0000] {processor.py:186} INFO - Started process (PID=911) to work on /home/airflow/.local/lib/python3.12/site-packages/airflow/example_dags/tutorial_dag.py
[2024-08-26T15:17:45.018+0000] {processor.py:914} INFO - Processing file /home/airflow/.local/lib/python3.12/site-packages/airflow/example_dags/tutorial_dag.py for tasks to queue
[2024-08-26T15:17:45.020+0000] {logging_mixin.py:190} INFO - [2024-08-26T15:17:45.020+0000] {dagbag.py:587} INFO - Filling up the DagBag from /home/airflow/.local/lib/python3.12/site-packages/airflow/example_dags/tutorial_dag.py
[2024-08-26T15:17:45.030+0000] {processor.py:925} INFO - DAG(s) 'tutorial_dag' retrieved from /home/airflow/.local/lib/python3.12/site-packages/airflow/example_dags/tutorial_dag.py
[2024-08-26T15:17:45.059+0000] {logging_mixin.py:190} INFO - [2024-08-26T15:17:45.059+0000] {dag.py:3211} INFO - Sync 1 DAGs
[2024-08-26T15:17:45.079+0000] {logging_mixin.py:190} INFO - [2024-08-26T15:17:45.079+0000] {dag.py:4138} INFO - Setting next_dagrun for tutorial_dag to None, run_after=None
[2024-08-26T15:17:45.103+0000] {processor.py:208} INFO - Processing /home/airflow/.local/lib/python3.12/site-packages/airflow/example_dags/tutorial_dag.py took 0.094 seconds
[2024-08-26T15:18:21.889+0000] {processor.py:186} INFO - Started process (PID=977) to work on /home/airflow/.local/lib/python3.12/site-packages/airflow/example_dags/tutorial_dag.py
[2024-08-26T15:18:21.891+0000] {processor.py:914} INFO - Processing file /home/airflow/.local/lib/python3.12/site-packages/airflow/example_dags/tutorial_dag.py for tasks to queue
[2024-08-26T15:18:21.893+0000] {logging_mixin.py:190} INFO - [2024-08-26T15:18:21.892+0000] {dagbag.py:587} INFO - Filling up the DagBag from /home/airflow/.local/lib/python3.12/site-packages/airflow/example_dags/tutorial_dag.py
[2024-08-26T15:18:21.903+0000] {processor.py:925} INFO - DAG(s) 'tutorial_dag' retrieved from /home/airflow/.local/lib/python3.12/site-packages/airflow/example_dags/tutorial_dag.py
[2024-08-26T15:18:21.960+0000] {logging_mixin.py:190} INFO - [2024-08-26T15:18:21.959+0000] {dag.py:3211} INFO - Sync 1 DAGs
[2024-08-26T15:18:22.010+0000] {logging_mixin.py:190} INFO - [2024-08-26T15:18:22.010+0000] {dag.py:4138} INFO - Setting next_dagrun for tutorial_dag to None, run_after=None
[2024-08-26T15:18:22.083+0000] {processor.py:208} INFO - Processing /home/airflow/.local/lib/python3.12/site-packages/airflow/example_dags/tutorial_dag.py took 0.201 seconds
[2024-08-26T15:19:04.807+0000] {processor.py:186} INFO - Started process (PID=1049) to work on /home/airflow/.local/lib/python3.12/site-packages/airflow/example_dags/tutorial_dag.py
[2024-08-26T15:19:04.808+0000] {processor.py:914} INFO - Processing file /home/airflow/.local/lib/python3.12/site-packages/airflow/example_dags/tutorial_dag.py for tasks to queue
[2024-08-26T15:19:04.810+0000] {logging_mixin.py:190} INFO - [2024-08-26T15:19:04.810+0000] {dagbag.py:587} INFO - Filling up the DagBag from /home/airflow/.local/lib/python3.12/site-packages/airflow/example_dags/tutorial_dag.py
[2024-08-26T15:19:04.820+0000] {processor.py:925} INFO - DAG(s) 'tutorial_dag' retrieved from /home/airflow/.local/lib/python3.12/site-packages/airflow/example_dags/tutorial_dag.py
[2024-08-26T15:19:04.852+0000] {logging_mixin.py:190} INFO - [2024-08-26T15:19:04.852+0000] {dag.py:3211} INFO - Sync 1 DAGs
[2024-08-26T15:19:04.873+0000] {logging_mixin.py:190} INFO - [2024-08-26T15:19:04.873+0000] {dag.py:4138} INFO - Setting next_dagrun for tutorial_dag to None, run_after=None
[2024-08-26T15:19:04.900+0000] {processor.py:208} INFO - Processing /home/airflow/.local/lib/python3.12/site-packages/airflow/example_dags/tutorial_dag.py took 0.101 seconds
[2024-08-26T15:19:41.568+0000] {processor.py:186} INFO - Started process (PID=1115) to work on /home/airflow/.local/lib/python3.12/site-packages/airflow/example_dags/tutorial_dag.py
[2024-08-26T15:19:41.570+0000] {processor.py:914} INFO - Processing file /home/airflow/.local/lib/python3.12/site-packages/airflow/example_dags/tutorial_dag.py for tasks to queue
[2024-08-26T15:19:41.572+0000] {logging_mixin.py:190} INFO - [2024-08-26T15:19:41.572+0000] {dagbag.py:587} INFO - Filling up the DagBag from /home/airflow/.local/lib/python3.12/site-packages/airflow/example_dags/tutorial_dag.py
[2024-08-26T15:19:41.582+0000] {processor.py:925} INFO - DAG(s) 'tutorial_dag' retrieved from /home/airflow/.local/lib/python3.12/site-packages/airflow/example_dags/tutorial_dag.py
[2024-08-26T15:19:41.613+0000] {logging_mixin.py:190} INFO - [2024-08-26T15:19:41.613+0000] {dag.py:3211} INFO - Sync 1 DAGs
[2024-08-26T15:19:41.638+0000] {logging_mixin.py:190} INFO - [2024-08-26T15:19:41.638+0000] {dag.py:4138} INFO - Setting next_dagrun for tutorial_dag to None, run_after=None
[2024-08-26T15:19:41.664+0000] {processor.py:208} INFO - Processing /home/airflow/.local/lib/python3.12/site-packages/airflow/example_dags/tutorial_dag.py took 0.105 seconds
[2024-08-26T15:20:20.085+0000] {processor.py:186} INFO - Started process (PID=1182) to work on /home/airflow/.local/lib/python3.12/site-packages/airflow/example_dags/tutorial_dag.py
[2024-08-26T15:20:20.087+0000] {processor.py:914} INFO - Processing file /home/airflow/.local/lib/python3.12/site-packages/airflow/example_dags/tutorial_dag.py for tasks to queue
[2024-08-26T15:20:20.090+0000] {logging_mixin.py:190} INFO - [2024-08-26T15:20:20.089+0000] {dagbag.py:587} INFO - Filling up the DagBag from /home/airflow/.local/lib/python3.12/site-packages/airflow/example_dags/tutorial_dag.py
[2024-08-26T15:20:20.102+0000] {processor.py:925} INFO - DAG(s) 'tutorial_dag' retrieved from /home/airflow/.local/lib/python3.12/site-packages/airflow/example_dags/tutorial_dag.py
[2024-08-26T15:20:20.135+0000] {logging_mixin.py:190} INFO - [2024-08-26T15:20:20.135+0000] {dag.py:3211} INFO - Sync 1 DAGs
[2024-08-26T15:20:20.160+0000] {logging_mixin.py:190} INFO - [2024-08-26T15:20:20.160+0000] {dag.py:4138} INFO - Setting next_dagrun for tutorial_dag to None, run_after=None
[2024-08-26T15:20:20.188+0000] {processor.py:208} INFO - Processing /home/airflow/.local/lib/python3.12/site-packages/airflow/example_dags/tutorial_dag.py took 0.112 seconds
[2024-08-26T15:20:58.380+0000] {processor.py:186} INFO - Started process (PID=1248) to work on /home/airflow/.local/lib/python3.12/site-packages/airflow/example_dags/tutorial_dag.py
[2024-08-26T15:20:58.382+0000] {processor.py:914} INFO - Processing file /home/airflow/.local/lib/python3.12/site-packages/airflow/example_dags/tutorial_dag.py for tasks to queue
[2024-08-26T15:20:58.384+0000] {logging_mixin.py:190} INFO - [2024-08-26T15:20:58.383+0000] {dagbag.py:587} INFO - Filling up the DagBag from /home/airflow/.local/lib/python3.12/site-packages/airflow/example_dags/tutorial_dag.py
[2024-08-26T15:20:58.394+0000] {processor.py:925} INFO - DAG(s) 'tutorial_dag' retrieved from /home/airflow/.local/lib/python3.12/site-packages/airflow/example_dags/tutorial_dag.py
[2024-08-26T15:20:58.424+0000] {logging_mixin.py:190} INFO - [2024-08-26T15:20:58.424+0000] {dag.py:3211} INFO - Sync 1 DAGs
[2024-08-26T15:20:58.444+0000] {logging_mixin.py:190} INFO - [2024-08-26T15:20:58.444+0000] {dag.py:4138} INFO - Setting next_dagrun for tutorial_dag to None, run_after=None
[2024-08-26T15:20:58.468+0000] {processor.py:208} INFO - Processing /home/airflow/.local/lib/python3.12/site-packages/airflow/example_dags/tutorial_dag.py took 0.096 seconds
[2024-08-26T15:21:37.535+0000] {processor.py:186} INFO - Started process (PID=1321) to work on /home/airflow/.local/lib/python3.12/site-packages/airflow/example_dags/tutorial_dag.py
[2024-08-26T15:21:37.537+0000] {processor.py:914} INFO - Processing file /home/airflow/.local/lib/python3.12/site-packages/airflow/example_dags/tutorial_dag.py for tasks to queue
[2024-08-26T15:21:37.540+0000] {logging_mixin.py:190} INFO - [2024-08-26T15:21:37.539+0000] {dagbag.py:587} INFO - Filling up the DagBag from /home/airflow/.local/lib/python3.12/site-packages/airflow/example_dags/tutorial_dag.py
[2024-08-26T15:21:37.553+0000] {processor.py:925} INFO - DAG(s) 'tutorial_dag' retrieved from /home/airflow/.local/lib/python3.12/site-packages/airflow/example_dags/tutorial_dag.py
[2024-08-26T15:21:37.592+0000] {logging_mixin.py:190} INFO - [2024-08-26T15:21:37.591+0000] {dag.py:3211} INFO - Sync 1 DAGs
[2024-08-26T15:21:37.617+0000] {logging_mixin.py:190} INFO - [2024-08-26T15:21:37.617+0000] {dag.py:4138} INFO - Setting next_dagrun for tutorial_dag to None, run_after=None
[2024-08-26T15:21:37.653+0000] {processor.py:208} INFO - Processing /home/airflow/.local/lib/python3.12/site-packages/airflow/example_dags/tutorial_dag.py took 0.129 seconds
[2024-08-26T15:22:24.102+0000] {processor.py:186} INFO - Started process (PID=1387) to work on /home/airflow/.local/lib/python3.12/site-packages/airflow/example_dags/tutorial_dag.py
[2024-08-26T15:22:24.106+0000] {processor.py:914} INFO - Processing file /home/airflow/.local/lib/python3.12/site-packages/airflow/example_dags/tutorial_dag.py for tasks to queue
[2024-08-26T15:22:24.114+0000] {logging_mixin.py:190} INFO - [2024-08-26T15:22:24.113+0000] {dagbag.py:587} INFO - Filling up the DagBag from /home/airflow/.local/lib/python3.12/site-packages/airflow/example_dags/tutorial_dag.py
[2024-08-26T15:22:24.143+0000] {processor.py:925} INFO - DAG(s) 'tutorial_dag' retrieved from /home/airflow/.local/lib/python3.12/site-packages/airflow/example_dags/tutorial_dag.py
[2024-08-26T15:22:24.221+0000] {logging_mixin.py:190} INFO - [2024-08-26T15:22:24.221+0000] {dag.py:3211} INFO - Sync 1 DAGs
[2024-08-26T15:22:24.278+0000] {logging_mixin.py:190} INFO - [2024-08-26T15:22:24.276+0000] {dag.py:4138} INFO - Setting next_dagrun for tutorial_dag to None, run_after=None
[2024-08-26T15:22:24.341+0000] {processor.py:208} INFO - Processing /home/airflow/.local/lib/python3.12/site-packages/airflow/example_dags/tutorial_dag.py took 0.264 seconds
[2024-08-26T15:23:19.567+0000] {processor.py:186} INFO - Started process (PID=1459) to work on /home/airflow/.local/lib/python3.12/site-packages/airflow/example_dags/tutorial_dag.py
[2024-08-26T15:23:19.569+0000] {processor.py:914} INFO - Processing file /home/airflow/.local/lib/python3.12/site-packages/airflow/example_dags/tutorial_dag.py for tasks to queue
[2024-08-26T15:23:19.572+0000] {logging_mixin.py:190} INFO - [2024-08-26T15:23:19.572+0000] {dagbag.py:587} INFO - Filling up the DagBag from /home/airflow/.local/lib/python3.12/site-packages/airflow/example_dags/tutorial_dag.py
[2024-08-26T15:23:19.587+0000] {processor.py:925} INFO - DAG(s) 'tutorial_dag' retrieved from /home/airflow/.local/lib/python3.12/site-packages/airflow/example_dags/tutorial_dag.py
[2024-08-26T15:23:19.631+0000] {logging_mixin.py:190} INFO - [2024-08-26T15:23:19.630+0000] {dag.py:3211} INFO - Sync 1 DAGs
[2024-08-26T15:23:19.663+0000] {logging_mixin.py:190} INFO - [2024-08-26T15:23:19.662+0000] {dag.py:4138} INFO - Setting next_dagrun for tutorial_dag to None, run_after=None
[2024-08-26T15:23:19.728+0000] {processor.py:208} INFO - Processing /home/airflow/.local/lib/python3.12/site-packages/airflow/example_dags/tutorial_dag.py took 0.173 seconds
[2024-08-26T15:23:54.271+0000] {processor.py:186} INFO - Started process (PID=1525) to work on /home/airflow/.local/lib/python3.12/site-packages/airflow/example_dags/tutorial_dag.py
[2024-08-26T15:23:54.272+0000] {processor.py:914} INFO - Processing file /home/airflow/.local/lib/python3.12/site-packages/airflow/example_dags/tutorial_dag.py for tasks to queue
[2024-08-26T15:23:54.274+0000] {logging_mixin.py:190} INFO - [2024-08-26T15:23:54.274+0000] {dagbag.py:587} INFO - Filling up the DagBag from /home/airflow/.local/lib/python3.12/site-packages/airflow/example_dags/tutorial_dag.py
[2024-08-26T15:23:54.284+0000] {processor.py:925} INFO - DAG(s) 'tutorial_dag' retrieved from /home/airflow/.local/lib/python3.12/site-packages/airflow/example_dags/tutorial_dag.py
[2024-08-26T15:23:54.312+0000] {logging_mixin.py:190} INFO - [2024-08-26T15:23:54.312+0000] {dag.py:3211} INFO - Sync 1 DAGs
[2024-08-26T15:23:54.331+0000] {logging_mixin.py:190} INFO - [2024-08-26T15:23:54.331+0000] {dag.py:4138} INFO - Setting next_dagrun for tutorial_dag to None, run_after=None
[2024-08-26T15:23:54.354+0000] {processor.py:208} INFO - Processing /home/airflow/.local/lib/python3.12/site-packages/airflow/example_dags/tutorial_dag.py took 0.091 seconds
[2024-08-26T15:24:30.499+0000] {processor.py:186} INFO - Started process (PID=1591) to work on /home/airflow/.local/lib/python3.12/site-packages/airflow/example_dags/tutorial_dag.py
[2024-08-26T15:24:30.500+0000] {processor.py:914} INFO - Processing file /home/airflow/.local/lib/python3.12/site-packages/airflow/example_dags/tutorial_dag.py for tasks to queue
[2024-08-26T15:24:30.502+0000] {logging_mixin.py:190} INFO - [2024-08-26T15:24:30.502+0000] {dagbag.py:587} INFO - Filling up the DagBag from /home/airflow/.local/lib/python3.12/site-packages/airflow/example_dags/tutorial_dag.py
[2024-08-26T15:24:30.513+0000] {processor.py:925} INFO - DAG(s) 'tutorial_dag' retrieved from /home/airflow/.local/lib/python3.12/site-packages/airflow/example_dags/tutorial_dag.py
[2024-08-26T15:24:30.542+0000] {logging_mixin.py:190} INFO - [2024-08-26T15:24:30.541+0000] {dag.py:3211} INFO - Sync 1 DAGs
[2024-08-26T15:24:30.562+0000] {logging_mixin.py:190} INFO - [2024-08-26T15:24:30.562+0000] {dag.py:4138} INFO - Setting next_dagrun for tutorial_dag to None, run_after=None
[2024-08-26T15:24:30.592+0000] {processor.py:208} INFO - Processing /home/airflow/.local/lib/python3.12/site-packages/airflow/example_dags/tutorial_dag.py took 0.102 seconds
[2024-08-26T15:25:08.430+0000] {processor.py:186} INFO - Started process (PID=1662) to work on /home/airflow/.local/lib/python3.12/site-packages/airflow/example_dags/tutorial_dag.py
[2024-08-26T15:25:08.432+0000] {processor.py:914} INFO - Processing file /home/airflow/.local/lib/python3.12/site-packages/airflow/example_dags/tutorial_dag.py for tasks to queue
[2024-08-26T15:25:08.434+0000] {logging_mixin.py:190} INFO - [2024-08-26T15:25:08.433+0000] {dagbag.py:587} INFO - Filling up the DagBag from /home/airflow/.local/lib/python3.12/site-packages/airflow/example_dags/tutorial_dag.py
[2024-08-26T15:25:08.446+0000] {processor.py:925} INFO - DAG(s) 'tutorial_dag' retrieved from /home/airflow/.local/lib/python3.12/site-packages/airflow/example_dags/tutorial_dag.py
[2024-08-26T15:25:08.478+0000] {logging_mixin.py:190} INFO - [2024-08-26T15:25:08.477+0000] {dag.py:3211} INFO - Sync 1 DAGs
[2024-08-26T15:25:08.499+0000] {logging_mixin.py:190} INFO - [2024-08-26T15:25:08.499+0000] {dag.py:4138} INFO - Setting next_dagrun for tutorial_dag to None, run_after=None
[2024-08-26T15:25:08.529+0000] {processor.py:208} INFO - Processing /home/airflow/.local/lib/python3.12/site-packages/airflow/example_dags/tutorial_dag.py took 0.108 seconds
[2024-08-26T15:25:50.256+0000] {processor.py:186} INFO - Started process (PID=1728) to work on /home/airflow/.local/lib/python3.12/site-packages/airflow/example_dags/tutorial_dag.py
[2024-08-26T15:25:50.258+0000] {processor.py:914} INFO - Processing file /home/airflow/.local/lib/python3.12/site-packages/airflow/example_dags/tutorial_dag.py for tasks to queue
[2024-08-26T15:25:50.260+0000] {logging_mixin.py:190} INFO - [2024-08-26T15:25:50.259+0000] {dagbag.py:587} INFO - Filling up the DagBag from /home/airflow/.local/lib/python3.12/site-packages/airflow/example_dags/tutorial_dag.py
[2024-08-26T15:25:50.272+0000] {processor.py:925} INFO - DAG(s) 'tutorial_dag' retrieved from /home/airflow/.local/lib/python3.12/site-packages/airflow/example_dags/tutorial_dag.py
[2024-08-26T15:25:50.308+0000] {logging_mixin.py:190} INFO - [2024-08-26T15:25:50.308+0000] {dag.py:3211} INFO - Sync 1 DAGs
[2024-08-26T15:25:50.336+0000] {logging_mixin.py:190} INFO - [2024-08-26T15:25:50.336+0000] {dag.py:4138} INFO - Setting next_dagrun for tutorial_dag to None, run_after=None
[2024-08-26T15:25:50.365+0000] {processor.py:208} INFO - Processing /home/airflow/.local/lib/python3.12/site-packages/airflow/example_dags/tutorial_dag.py took 0.119 seconds
[2024-08-26T15:27:14.034+0000] {processor.py:186} INFO - Started process (PID=1808) to work on /home/airflow/.local/lib/python3.12/site-packages/airflow/example_dags/tutorial_dag.py
[2024-08-26T15:27:14.044+0000] {processor.py:914} INFO - Processing file /home/airflow/.local/lib/python3.12/site-packages/airflow/example_dags/tutorial_dag.py for tasks to queue
[2024-08-26T15:27:14.050+0000] {logging_mixin.py:190} INFO - [2024-08-26T15:27:14.049+0000] {dagbag.py:587} INFO - Filling up the DagBag from /home/airflow/.local/lib/python3.12/site-packages/airflow/example_dags/tutorial_dag.py
[2024-08-26T15:27:14.085+0000] {processor.py:925} INFO - DAG(s) 'tutorial_dag' retrieved from /home/airflow/.local/lib/python3.12/site-packages/airflow/example_dags/tutorial_dag.py
[2024-08-26T15:27:14.170+0000] {logging_mixin.py:190} INFO - [2024-08-26T15:27:14.169+0000] {dag.py:3211} INFO - Sync 1 DAGs
[2024-08-26T15:27:14.236+0000] {logging_mixin.py:190} INFO - [2024-08-26T15:27:14.235+0000] {dag.py:4138} INFO - Setting next_dagrun for tutorial_dag to None, run_after=None
[2024-08-26T15:27:14.303+0000] {processor.py:208} INFO - Processing /home/airflow/.local/lib/python3.12/site-packages/airflow/example_dags/tutorial_dag.py took 0.311 seconds
[2024-08-26T15:27:52.074+0000] {processor.py:186} INFO - Started process (PID=1875) to work on /home/airflow/.local/lib/python3.12/site-packages/airflow/example_dags/tutorial_dag.py
[2024-08-26T15:27:52.082+0000] {processor.py:914} INFO - Processing file /home/airflow/.local/lib/python3.12/site-packages/airflow/example_dags/tutorial_dag.py for tasks to queue
[2024-08-26T15:27:52.092+0000] {logging_mixin.py:190} INFO - [2024-08-26T15:27:52.090+0000] {dagbag.py:587} INFO - Filling up the DagBag from /home/airflow/.local/lib/python3.12/site-packages/airflow/example_dags/tutorial_dag.py
[2024-08-26T15:27:52.135+0000] {processor.py:925} INFO - DAG(s) 'tutorial_dag' retrieved from /home/airflow/.local/lib/python3.12/site-packages/airflow/example_dags/tutorial_dag.py
[2024-08-26T15:27:52.209+0000] {logging_mixin.py:190} INFO - [2024-08-26T15:27:52.208+0000] {dag.py:3211} INFO - Sync 1 DAGs
[2024-08-26T15:27:52.259+0000] {logging_mixin.py:190} INFO - [2024-08-26T15:27:52.258+0000] {dag.py:4138} INFO - Setting next_dagrun for tutorial_dag to None, run_after=None
[2024-08-26T15:27:52.323+0000] {processor.py:208} INFO - Processing /home/airflow/.local/lib/python3.12/site-packages/airflow/example_dags/tutorial_dag.py took 0.288 seconds
[2024-08-26T15:28:33.187+0000] {processor.py:186} INFO - Started process (PID=1947) to work on /home/airflow/.local/lib/python3.12/site-packages/airflow/example_dags/tutorial_dag.py
[2024-08-26T15:28:33.190+0000] {processor.py:914} INFO - Processing file /home/airflow/.local/lib/python3.12/site-packages/airflow/example_dags/tutorial_dag.py for tasks to queue
[2024-08-26T15:28:33.193+0000] {logging_mixin.py:190} INFO - [2024-08-26T15:28:33.193+0000] {dagbag.py:587} INFO - Filling up the DagBag from /home/airflow/.local/lib/python3.12/site-packages/airflow/example_dags/tutorial_dag.py
[2024-08-26T15:28:33.208+0000] {processor.py:925} INFO - DAG(s) 'tutorial_dag' retrieved from /home/airflow/.local/lib/python3.12/site-packages/airflow/example_dags/tutorial_dag.py
[2024-08-26T15:28:33.252+0000] {logging_mixin.py:190} INFO - [2024-08-26T15:28:33.251+0000] {dag.py:3211} INFO - Sync 1 DAGs
[2024-08-26T15:28:33.283+0000] {logging_mixin.py:190} INFO - [2024-08-26T15:28:33.282+0000] {dag.py:4138} INFO - Setting next_dagrun for tutorial_dag to None, run_after=None
[2024-08-26T15:28:33.322+0000] {processor.py:208} INFO - Processing /home/airflow/.local/lib/python3.12/site-packages/airflow/example_dags/tutorial_dag.py took 0.147 seconds
[2024-08-26T15:29:41.243+0000] {processor.py:186} INFO - Started process (PID=2020) to work on /home/airflow/.local/lib/python3.12/site-packages/airflow/example_dags/tutorial_dag.py
[2024-08-26T15:29:41.248+0000] {processor.py:914} INFO - Processing file /home/airflow/.local/lib/python3.12/site-packages/airflow/example_dags/tutorial_dag.py for tasks to queue
[2024-08-26T15:29:41.256+0000] {logging_mixin.py:190} INFO - [2024-08-26T15:29:41.254+0000] {dagbag.py:587} INFO - Filling up the DagBag from /home/airflow/.local/lib/python3.12/site-packages/airflow/example_dags/tutorial_dag.py
[2024-08-26T15:29:41.293+0000] {processor.py:925} INFO - DAG(s) 'tutorial_dag' retrieved from /home/airflow/.local/lib/python3.12/site-packages/airflow/example_dags/tutorial_dag.py
[2024-08-26T15:29:41.408+0000] {logging_mixin.py:190} INFO - [2024-08-26T15:29:41.407+0000] {dag.py:3211} INFO - Sync 1 DAGs
[2024-08-26T15:29:41.482+0000] {logging_mixin.py:190} INFO - [2024-08-26T15:29:41.482+0000] {dag.py:4138} INFO - Setting next_dagrun for tutorial_dag to None, run_after=None
[2024-08-26T15:29:41.557+0000] {processor.py:208} INFO - Processing /home/airflow/.local/lib/python3.12/site-packages/airflow/example_dags/tutorial_dag.py took 0.340 seconds
[2024-08-26T15:30:55.281+0000] {processor.py:186} INFO - Started process (PID=2095) to work on /home/airflow/.local/lib/python3.12/site-packages/airflow/example_dags/tutorial_dag.py
[2024-08-26T15:30:55.288+0000] {processor.py:914} INFO - Processing file /home/airflow/.local/lib/python3.12/site-packages/airflow/example_dags/tutorial_dag.py for tasks to queue
[2024-08-26T15:30:55.297+0000] {logging_mixin.py:190} INFO - [2024-08-26T15:30:55.296+0000] {dagbag.py:587} INFO - Filling up the DagBag from /home/airflow/.local/lib/python3.12/site-packages/airflow/example_dags/tutorial_dag.py
[2024-08-26T15:30:55.346+0000] {processor.py:925} INFO - DAG(s) 'tutorial_dag' retrieved from /home/airflow/.local/lib/python3.12/site-packages/airflow/example_dags/tutorial_dag.py
[2024-08-26T15:30:55.601+0000] {logging_mixin.py:190} INFO - [2024-08-26T15:30:55.600+0000] {dag.py:3211} INFO - Sync 1 DAGs
[2024-08-26T15:30:55.694+0000] {logging_mixin.py:190} INFO - [2024-08-26T15:30:55.692+0000] {dag.py:4138} INFO - Setting next_dagrun for tutorial_dag to None, run_after=None
[2024-08-26T15:30:55.811+0000] {processor.py:208} INFO - Processing /home/airflow/.local/lib/python3.12/site-packages/airflow/example_dags/tutorial_dag.py took 0.581 seconds
[2024-08-26T15:31:51.924+0000] {processor.py:186} INFO - Started process (PID=2172) to work on /home/airflow/.local/lib/python3.12/site-packages/airflow/example_dags/tutorial_dag.py
[2024-08-26T15:31:51.929+0000] {processor.py:914} INFO - Processing file /home/airflow/.local/lib/python3.12/site-packages/airflow/example_dags/tutorial_dag.py for tasks to queue
[2024-08-26T15:31:51.933+0000] {logging_mixin.py:190} INFO - [2024-08-26T15:31:51.932+0000] {dagbag.py:587} INFO - Filling up the DagBag from /home/airflow/.local/lib/python3.12/site-packages/airflow/example_dags/tutorial_dag.py
[2024-08-26T15:31:51.969+0000] {processor.py:925} INFO - DAG(s) 'tutorial_dag' retrieved from /home/airflow/.local/lib/python3.12/site-packages/airflow/example_dags/tutorial_dag.py
[2024-08-26T15:31:52.052+0000] {logging_mixin.py:190} INFO - [2024-08-26T15:31:52.051+0000] {dag.py:3211} INFO - Sync 1 DAGs
[2024-08-26T15:31:52.108+0000] {logging_mixin.py:190} INFO - [2024-08-26T15:31:52.107+0000] {dag.py:4138} INFO - Setting next_dagrun for tutorial_dag to None, run_after=None
[2024-08-26T15:31:52.175+0000] {processor.py:208} INFO - Processing /home/airflow/.local/lib/python3.12/site-packages/airflow/example_dags/tutorial_dag.py took 0.273 seconds
[2024-08-26T15:32:59.115+0000] {processor.py:186} INFO - Started process (PID=2243) to work on /home/airflow/.local/lib/python3.12/site-packages/airflow/example_dags/tutorial_dag.py
[2024-08-26T15:32:59.119+0000] {processor.py:914} INFO - Processing file /home/airflow/.local/lib/python3.12/site-packages/airflow/example_dags/tutorial_dag.py for tasks to queue
[2024-08-26T15:32:59.128+0000] {logging_mixin.py:190} INFO - [2024-08-26T15:32:59.127+0000] {dagbag.py:587} INFO - Filling up the DagBag from /home/airflow/.local/lib/python3.12/site-packages/airflow/example_dags/tutorial_dag.py
[2024-08-26T15:32:59.214+0000] {processor.py:925} INFO - DAG(s) 'tutorial_dag' retrieved from /home/airflow/.local/lib/python3.12/site-packages/airflow/example_dags/tutorial_dag.py
[2024-08-26T15:32:59.444+0000] {logging_mixin.py:190} INFO - [2024-08-26T15:32:59.442+0000] {dag.py:3211} INFO - Sync 1 DAGs
[2024-08-26T15:32:59.923+0000] {logging_mixin.py:190} INFO - [2024-08-26T15:32:59.921+0000] {dag.py:4138} INFO - Setting next_dagrun for tutorial_dag to None, run_after=None
[2024-08-26T15:33:00.277+0000] {processor.py:208} INFO - Processing /home/airflow/.local/lib/python3.12/site-packages/airflow/example_dags/tutorial_dag.py took 1.214 seconds
[2024-08-26T15:38:56.339+0000] {processor.py:186} INFO - Started process (PID=2372) to work on /home/airflow/.local/lib/python3.12/site-packages/airflow/example_dags/tutorial_dag.py
[2024-08-26T15:38:56.345+0000] {processor.py:914} INFO - Processing file /home/airflow/.local/lib/python3.12/site-packages/airflow/example_dags/tutorial_dag.py for tasks to queue
[2024-08-26T15:38:56.353+0000] {logging_mixin.py:190} INFO - [2024-08-26T15:38:56.351+0000] {dagbag.py:587} INFO - Filling up the DagBag from /home/airflow/.local/lib/python3.12/site-packages/airflow/example_dags/tutorial_dag.py
[2024-08-26T15:38:56.385+0000] {processor.py:925} INFO - DAG(s) 'tutorial_dag' retrieved from /home/airflow/.local/lib/python3.12/site-packages/airflow/example_dags/tutorial_dag.py
[2024-08-26T15:38:56.591+0000] {logging_mixin.py:190} INFO - [2024-08-26T15:38:56.590+0000] {dag.py:3211} INFO - Sync 1 DAGs
[2024-08-26T15:38:56.815+0000] {logging_mixin.py:190} INFO - [2024-08-26T15:38:56.814+0000] {dag.py:4138} INFO - Setting next_dagrun for tutorial_dag to None, run_after=None
[2024-08-26T15:38:56.909+0000] {processor.py:208} INFO - Processing /home/airflow/.local/lib/python3.12/site-packages/airflow/example_dags/tutorial_dag.py took 0.610 seconds
[2024-08-26T15:39:32.584+0000] {processor.py:186} INFO - Started process (PID=2444) to work on /home/airflow/.local/lib/python3.12/site-packages/airflow/example_dags/tutorial_dag.py
[2024-08-26T15:39:32.587+0000] {processor.py:914} INFO - Processing file /home/airflow/.local/lib/python3.12/site-packages/airflow/example_dags/tutorial_dag.py for tasks to queue
[2024-08-26T15:39:32.592+0000] {logging_mixin.py:190} INFO - [2024-08-26T15:39:32.591+0000] {dagbag.py:587} INFO - Filling up the DagBag from /home/airflow/.local/lib/python3.12/site-packages/airflow/example_dags/tutorial_dag.py
[2024-08-26T15:39:32.605+0000] {processor.py:925} INFO - DAG(s) 'tutorial_dag' retrieved from /home/airflow/.local/lib/python3.12/site-packages/airflow/example_dags/tutorial_dag.py
[2024-08-26T15:39:32.659+0000] {logging_mixin.py:190} INFO - [2024-08-26T15:39:32.659+0000] {dag.py:3211} INFO - Sync 1 DAGs
[2024-08-26T15:39:32.697+0000] {logging_mixin.py:190} INFO - [2024-08-26T15:39:32.697+0000] {dag.py:4138} INFO - Setting next_dagrun for tutorial_dag to None, run_after=None
[2024-08-26T15:39:32.738+0000] {processor.py:208} INFO - Processing /home/airflow/.local/lib/python3.12/site-packages/airflow/example_dags/tutorial_dag.py took 0.171 seconds
[2024-08-26T15:40:21.099+0000] {processor.py:186} INFO - Started process (PID=2511) to work on /home/airflow/.local/lib/python3.12/site-packages/airflow/example_dags/tutorial_dag.py
[2024-08-26T15:40:21.102+0000] {processor.py:914} INFO - Processing file /home/airflow/.local/lib/python3.12/site-packages/airflow/example_dags/tutorial_dag.py for tasks to queue
[2024-08-26T15:40:21.106+0000] {logging_mixin.py:190} INFO - [2024-08-26T15:40:21.105+0000] {dagbag.py:587} INFO - Filling up the DagBag from /home/airflow/.local/lib/python3.12/site-packages/airflow/example_dags/tutorial_dag.py
[2024-08-26T15:40:21.118+0000] {processor.py:925} INFO - DAG(s) 'tutorial_dag' retrieved from /home/airflow/.local/lib/python3.12/site-packages/airflow/example_dags/tutorial_dag.py
[2024-08-26T15:40:21.166+0000] {logging_mixin.py:190} INFO - [2024-08-26T15:40:21.165+0000] {dag.py:3211} INFO - Sync 1 DAGs
[2024-08-26T15:40:21.198+0000] {logging_mixin.py:190} INFO - [2024-08-26T15:40:21.198+0000] {dag.py:4138} INFO - Setting next_dagrun for tutorial_dag to None, run_after=None
[2024-08-26T15:40:21.238+0000] {processor.py:208} INFO - Processing /home/airflow/.local/lib/python3.12/site-packages/airflow/example_dags/tutorial_dag.py took 0.153 seconds
[2024-08-26T15:41:10.348+0000] {processor.py:186} INFO - Started process (PID=2583) to work on /home/airflow/.local/lib/python3.12/site-packages/airflow/example_dags/tutorial_dag.py
[2024-08-26T15:41:10.352+0000] {processor.py:914} INFO - Processing file /home/airflow/.local/lib/python3.12/site-packages/airflow/example_dags/tutorial_dag.py for tasks to queue
[2024-08-26T15:41:10.357+0000] {logging_mixin.py:190} INFO - [2024-08-26T15:41:10.356+0000] {dagbag.py:587} INFO - Filling up the DagBag from /home/airflow/.local/lib/python3.12/site-packages/airflow/example_dags/tutorial_dag.py
[2024-08-26T15:41:10.374+0000] {processor.py:925} INFO - DAG(s) 'tutorial_dag' retrieved from /home/airflow/.local/lib/python3.12/site-packages/airflow/example_dags/tutorial_dag.py
[2024-08-26T15:41:10.447+0000] {logging_mixin.py:190} INFO - [2024-08-26T15:41:10.446+0000] {dag.py:3211} INFO - Sync 1 DAGs
[2024-08-26T15:41:10.494+0000] {logging_mixin.py:190} INFO - [2024-08-26T15:41:10.493+0000] {dag.py:4138} INFO - Setting next_dagrun for tutorial_dag to None, run_after=None
[2024-08-26T15:41:10.548+0000] {processor.py:208} INFO - Processing /home/airflow/.local/lib/python3.12/site-packages/airflow/example_dags/tutorial_dag.py took 0.220 seconds
[2024-08-26T15:43:57.751+0000] {processor.py:186} INFO - Started process (PID=2677) to work on /home/airflow/.local/lib/python3.12/site-packages/airflow/example_dags/tutorial_dag.py
[2024-08-26T15:43:57.757+0000] {processor.py:914} INFO - Processing file /home/airflow/.local/lib/python3.12/site-packages/airflow/example_dags/tutorial_dag.py for tasks to queue
[2024-08-26T15:43:57.766+0000] {logging_mixin.py:190} INFO - [2024-08-26T15:43:57.763+0000] {dagbag.py:587} INFO - Filling up the DagBag from /home/airflow/.local/lib/python3.12/site-packages/airflow/example_dags/tutorial_dag.py
[2024-08-26T15:43:57.788+0000] {processor.py:925} INFO - DAG(s) 'tutorial_dag' retrieved from /home/airflow/.local/lib/python3.12/site-packages/airflow/example_dags/tutorial_dag.py
[2024-08-26T15:43:58.058+0000] {logging_mixin.py:190} INFO - [2024-08-26T15:43:58.057+0000] {dag.py:3211} INFO - Sync 1 DAGs
[2024-08-26T15:43:58.118+0000] {logging_mixin.py:190} INFO - [2024-08-26T15:43:58.117+0000] {dag.py:4138} INFO - Setting next_dagrun for tutorial_dag to None, run_after=None
[2024-08-26T15:43:58.185+0000] {processor.py:208} INFO - Processing /home/airflow/.local/lib/python3.12/site-packages/airflow/example_dags/tutorial_dag.py took 0.464 seconds
[2024-08-26T15:44:40.415+0000] {processor.py:186} INFO - Started process (PID=2750) to work on /home/airflow/.local/lib/python3.12/site-packages/airflow/example_dags/tutorial_dag.py
[2024-08-26T15:44:40.420+0000] {processor.py:914} INFO - Processing file /home/airflow/.local/lib/python3.12/site-packages/airflow/example_dags/tutorial_dag.py for tasks to queue
[2024-08-26T15:44:40.424+0000] {logging_mixin.py:190} INFO - [2024-08-26T15:44:40.423+0000] {dagbag.py:587} INFO - Filling up the DagBag from /home/airflow/.local/lib/python3.12/site-packages/airflow/example_dags/tutorial_dag.py
[2024-08-26T15:44:40.436+0000] {processor.py:925} INFO - DAG(s) 'tutorial_dag' retrieved from /home/airflow/.local/lib/python3.12/site-packages/airflow/example_dags/tutorial_dag.py
[2024-08-26T15:44:40.495+0000] {logging_mixin.py:190} INFO - [2024-08-26T15:44:40.494+0000] {dag.py:3211} INFO - Sync 1 DAGs
[2024-08-26T15:44:40.529+0000] {logging_mixin.py:190} INFO - [2024-08-26T15:44:40.529+0000] {dag.py:4138} INFO - Setting next_dagrun for tutorial_dag to None, run_after=None
[2024-08-26T15:44:40.569+0000] {processor.py:208} INFO - Processing /home/airflow/.local/lib/python3.12/site-packages/airflow/example_dags/tutorial_dag.py took 0.169 seconds
[2024-08-26T15:45:17.585+0000] {processor.py:186} INFO - Started process (PID=2816) to work on /home/airflow/.local/lib/python3.12/site-packages/airflow/example_dags/tutorial_dag.py
[2024-08-26T15:45:17.588+0000] {processor.py:914} INFO - Processing file /home/airflow/.local/lib/python3.12/site-packages/airflow/example_dags/tutorial_dag.py for tasks to queue
[2024-08-26T15:45:17.591+0000] {logging_mixin.py:190} INFO - [2024-08-26T15:45:17.591+0000] {dagbag.py:587} INFO - Filling up the DagBag from /home/airflow/.local/lib/python3.12/site-packages/airflow/example_dags/tutorial_dag.py
[2024-08-26T15:45:17.600+0000] {processor.py:925} INFO - DAG(s) 'tutorial_dag' retrieved from /home/airflow/.local/lib/python3.12/site-packages/airflow/example_dags/tutorial_dag.py
[2024-08-26T15:45:17.631+0000] {logging_mixin.py:190} INFO - [2024-08-26T15:45:17.630+0000] {dag.py:3211} INFO - Sync 1 DAGs
[2024-08-26T15:45:17.659+0000] {logging_mixin.py:190} INFO - [2024-08-26T15:45:17.659+0000] {dag.py:4138} INFO - Setting next_dagrun for tutorial_dag to None, run_after=None
[2024-08-26T15:45:17.685+0000] {processor.py:208} INFO - Processing /home/airflow/.local/lib/python3.12/site-packages/airflow/example_dags/tutorial_dag.py took 0.112 seconds
[2024-08-26T15:46:01.417+0000] {processor.py:186} INFO - Started process (PID=2882) to work on /home/airflow/.local/lib/python3.12/site-packages/airflow/example_dags/tutorial_dag.py
[2024-08-26T15:46:01.419+0000] {processor.py:914} INFO - Processing file /home/airflow/.local/lib/python3.12/site-packages/airflow/example_dags/tutorial_dag.py for tasks to queue
[2024-08-26T15:46:01.423+0000] {logging_mixin.py:190} INFO - [2024-08-26T15:46:01.422+0000] {dagbag.py:587} INFO - Filling up the DagBag from /home/airflow/.local/lib/python3.12/site-packages/airflow/example_dags/tutorial_dag.py
[2024-08-26T15:46:01.436+0000] {processor.py:925} INFO - DAG(s) 'tutorial_dag' retrieved from /home/airflow/.local/lib/python3.12/site-packages/airflow/example_dags/tutorial_dag.py
[2024-08-26T15:46:01.493+0000] {logging_mixin.py:190} INFO - [2024-08-26T15:46:01.492+0000] {dag.py:3211} INFO - Sync 1 DAGs
[2024-08-26T15:46:01.537+0000] {logging_mixin.py:190} INFO - [2024-08-26T15:46:01.536+0000] {dag.py:4138} INFO - Setting next_dagrun for tutorial_dag to None, run_after=None
[2024-08-26T15:46:01.581+0000] {processor.py:208} INFO - Processing /home/airflow/.local/lib/python3.12/site-packages/airflow/example_dags/tutorial_dag.py took 0.181 seconds
[2024-08-26T15:48:06.696+0000] {processor.py:186} INFO - Started process (PID=2976) to work on /home/airflow/.local/lib/python3.12/site-packages/airflow/example_dags/tutorial_dag.py
[2024-08-26T15:48:06.702+0000] {processor.py:914} INFO - Processing file /home/airflow/.local/lib/python3.12/site-packages/airflow/example_dags/tutorial_dag.py for tasks to queue
[2024-08-26T15:48:06.710+0000] {logging_mixin.py:190} INFO - [2024-08-26T15:48:06.708+0000] {dagbag.py:587} INFO - Filling up the DagBag from /home/airflow/.local/lib/python3.12/site-packages/airflow/example_dags/tutorial_dag.py
[2024-08-26T15:48:06.738+0000] {processor.py:925} INFO - DAG(s) 'tutorial_dag' retrieved from /home/airflow/.local/lib/python3.12/site-packages/airflow/example_dags/tutorial_dag.py
[2024-08-26T15:48:06.949+0000] {logging_mixin.py:190} INFO - [2024-08-26T15:48:06.948+0000] {dag.py:3211} INFO - Sync 1 DAGs
[2024-08-26T15:48:07.046+0000] {logging_mixin.py:190} INFO - [2024-08-26T15:48:07.045+0000] {dag.py:4138} INFO - Setting next_dagrun for tutorial_dag to None, run_after=None
[2024-08-26T15:48:07.142+0000] {processor.py:208} INFO - Processing /home/airflow/.local/lib/python3.12/site-packages/airflow/example_dags/tutorial_dag.py took 0.483 seconds
[2024-08-26T15:51:00.587+0000] {processor.py:186} INFO - Started process (PID=3069) to work on /home/airflow/.local/lib/python3.12/site-packages/airflow/example_dags/tutorial_dag.py
[2024-08-26T15:51:00.592+0000] {processor.py:914} INFO - Processing file /home/airflow/.local/lib/python3.12/site-packages/airflow/example_dags/tutorial_dag.py for tasks to queue
[2024-08-26T15:51:00.613+0000] {logging_mixin.py:190} INFO - [2024-08-26T15:51:00.600+0000] {dagbag.py:587} INFO - Filling up the DagBag from /home/airflow/.local/lib/python3.12/site-packages/airflow/example_dags/tutorial_dag.py
[2024-08-26T15:51:00.656+0000] {processor.py:925} INFO - DAG(s) 'tutorial_dag' retrieved from /home/airflow/.local/lib/python3.12/site-packages/airflow/example_dags/tutorial_dag.py
[2024-08-26T15:51:00.983+0000] {logging_mixin.py:190} INFO - [2024-08-26T15:51:00.971+0000] {dag.py:3211} INFO - Sync 1 DAGs
[2024-08-26T15:51:01.137+0000] {logging_mixin.py:190} INFO - [2024-08-26T15:51:01.136+0000] {dag.py:4138} INFO - Setting next_dagrun for tutorial_dag to None, run_after=None
[2024-08-26T15:51:01.301+0000] {processor.py:208} INFO - Processing /home/airflow/.local/lib/python3.12/site-packages/airflow/example_dags/tutorial_dag.py took 0.788 seconds
[2024-08-26T15:51:50.764+0000] {processor.py:186} INFO - Started process (PID=3141) to work on /home/airflow/.local/lib/python3.12/site-packages/airflow/example_dags/tutorial_dag.py
[2024-08-26T15:51:50.767+0000] {processor.py:914} INFO - Processing file /home/airflow/.local/lib/python3.12/site-packages/airflow/example_dags/tutorial_dag.py for tasks to queue
[2024-08-26T15:51:50.771+0000] {logging_mixin.py:190} INFO - [2024-08-26T15:51:50.770+0000] {dagbag.py:587} INFO - Filling up the DagBag from /home/airflow/.local/lib/python3.12/site-packages/airflow/example_dags/tutorial_dag.py
[2024-08-26T15:51:50.784+0000] {processor.py:925} INFO - DAG(s) 'tutorial_dag' retrieved from /home/airflow/.local/lib/python3.12/site-packages/airflow/example_dags/tutorial_dag.py
[2024-08-26T15:51:50.837+0000] {logging_mixin.py:190} INFO - [2024-08-26T15:51:50.837+0000] {dag.py:3211} INFO - Sync 1 DAGs
[2024-08-26T15:51:50.874+0000] {logging_mixin.py:190} INFO - [2024-08-26T15:51:50.874+0000] {dag.py:4138} INFO - Setting next_dagrun for tutorial_dag to None, run_after=None
[2024-08-26T15:51:50.918+0000] {processor.py:208} INFO - Processing /home/airflow/.local/lib/python3.12/site-packages/airflow/example_dags/tutorial_dag.py took 0.170 seconds
[2024-08-26T15:52:32.518+0000] {processor.py:186} INFO - Started process (PID=3208) to work on /home/airflow/.local/lib/python3.12/site-packages/airflow/example_dags/tutorial_dag.py
[2024-08-26T15:52:32.521+0000] {processor.py:914} INFO - Processing file /home/airflow/.local/lib/python3.12/site-packages/airflow/example_dags/tutorial_dag.py for tasks to queue
[2024-08-26T15:52:32.525+0000] {logging_mixin.py:190} INFO - [2024-08-26T15:52:32.524+0000] {dagbag.py:587} INFO - Filling up the DagBag from /home/airflow/.local/lib/python3.12/site-packages/airflow/example_dags/tutorial_dag.py
[2024-08-26T15:52:32.539+0000] {processor.py:925} INFO - DAG(s) 'tutorial_dag' retrieved from /home/airflow/.local/lib/python3.12/site-packages/airflow/example_dags/tutorial_dag.py
[2024-08-26T15:52:32.605+0000] {logging_mixin.py:190} INFO - [2024-08-26T15:52:32.604+0000] {dag.py:3211} INFO - Sync 1 DAGs
[2024-08-26T15:52:32.653+0000] {logging_mixin.py:190} INFO - [2024-08-26T15:52:32.652+0000] {dag.py:4138} INFO - Setting next_dagrun for tutorial_dag to None, run_after=None
[2024-08-26T15:52:32.707+0000] {processor.py:208} INFO - Processing /home/airflow/.local/lib/python3.12/site-packages/airflow/example_dags/tutorial_dag.py took 0.208 seconds
