[2024-08-25T19:04:24.259+0000] {local_task_job_runner.py:123} INFO - ::group::Pre task execution logs
[2024-08-25T19:04:24.386+0000] {taskinstance.py:2603} INFO - Dependencies all met for dep_context=non-requeueable deps ti=<TaskInstance: download_air_pollution_data.correlation_plot manual__2024-08-25T19:02:38.130569+00:00 [queued]>
[2024-08-25T19:04:24.444+0000] {taskinstance.py:2603} INFO - Dependencies all met for dep_context=requeueable deps ti=<TaskInstance: download_air_pollution_data.correlation_plot manual__2024-08-25T19:02:38.130569+00:00 [queued]>
[2024-08-25T19:04:24.451+0000] {taskinstance.py:2856} INFO - Starting attempt 1 of 1
[2024-08-25T19:04:24.568+0000] {taskinstance.py:2879} INFO - Executing <Task(PythonOperator): correlation_plot> on 2024-08-25 19:02:38.130569+00:00
[2024-08-25T19:04:24.621+0000] {warnings.py:112} WARNING - /home/***/.local/lib/python3.12/site-packages/***/task/task_runner/standard_task_runner.py:70: DeprecationWarning: This process (pid=7855) is multi-threaded, use of fork() may lead to deadlocks in the child.
  pid = os.fork()

[2024-08-25T19:04:24.634+0000] {standard_task_runner.py:72} INFO - Started process 7863 to run task
[2024-08-25T19:04:24.639+0000] {standard_task_runner.py:104} INFO - Running: ['***', 'tasks', 'run', 'download_air_pollution_data', 'correlation_plot', 'manual__2024-08-25T19:02:38.130569+00:00', '--job-id', '191', '--raw', '--subdir', 'DAGS_FOLDER/Seoul.py', '--cfg-path', '/tmp/tmpvglniy4y']
[2024-08-25T19:04:24.648+0000] {standard_task_runner.py:105} INFO - Job 191: Subtask correlation_plot
[2024-08-25T19:04:25.076+0000] {task_command.py:467} INFO - Running <TaskInstance: download_air_pollution_data.correlation_plot manual__2024-08-25T19:02:38.130569+00:00 [running]> on host 94bdab50145e
[2024-08-25T19:04:26.117+0000] {taskinstance.py:3122} INFO - Exporting env vars: AIRFLOW_CTX_DAG_OWNER='***' AIRFLOW_CTX_DAG_ID='download_air_pollution_data' AIRFLOW_CTX_TASK_ID='correlation_plot' AIRFLOW_CTX_EXECUTION_DATE='2024-08-25T19:02:38.130569+00:00' AIRFLOW_CTX_TRY_NUMBER='1' AIRFLOW_CTX_DAG_RUN_ID='manual__2024-08-25T19:02:38.130569+00:00'
[2024-08-25T19:04:26.132+0000] {logging_mixin.py:190} INFO - Task instance is in running state
[2024-08-25T19:04:26.137+0000] {logging_mixin.py:190} INFO -  Previous state of the Task instance: queued
[2024-08-25T19:04:26.141+0000] {logging_mixin.py:190} INFO - Current task name:correlation_plot state:running start_date:2024-08-25 19:04:24.390739+00:00
[2024-08-25T19:04:26.145+0000] {logging_mixin.py:190} INFO - Dag name:download_air_pollution_data and current dag run status:running
[2024-08-25T19:04:26.149+0000] {taskinstance.py:731} INFO - ::endgroup::
[2024-08-25T19:05:24.120+0000] {python.py:240} INFO - Done. Returned value was: None
[2024-08-25T19:05:24.185+0000] {taskinstance.py:340} INFO - ::group::Post task execution logs
[2024-08-25T19:05:24.188+0000] {taskinstance.py:352} INFO - Marking task as SUCCESS. dag_id=download_air_pollution_data, task_id=correlation_plot, run_id=manual__2024-08-25T19:02:38.130569+00:00, execution_date=20240825T190238, start_date=20240825T190424, end_date=20240825T190524
[2024-08-25T19:05:24.261+0000] {logging_mixin.py:190} INFO - Task instance in success state
[2024-08-25T19:05:24.264+0000] {logging_mixin.py:190} INFO -  Previous state of the Task instance: running
[2024-08-25T19:05:24.269+0000] {logging_mixin.py:190} INFO - Dag name:download_air_pollution_data queued_at:2024-08-25 19:02:38.187436+00:00
[2024-08-25T19:05:24.272+0000] {logging_mixin.py:190} INFO - Task hostname:94bdab50145e operator:PythonOperator
[2024-08-25T19:05:24.387+0000] {local_task_job_runner.py:261} INFO - Task exited with return code 0
[2024-08-25T19:05:24.511+0000] {taskinstance.py:3891} INFO - 0 downstream tasks scheduled from follow-on schedule check
[2024-08-25T19:05:24.518+0000] {local_task_job_runner.py:240} INFO - ::endgroup::
