[2024-08-24T15:12:17.474+0000] {local_task_job_runner.py:123} INFO - ::group::Pre task execution logs
[2024-08-24T15:12:17.495+0000] {taskinstance.py:2603} INFO - Dependencies all met for dep_context=non-requeueable deps ti=<TaskInstance: download_air_pollution_data.dataset2pandas manual__2024-08-24T15:12:11.377119+00:00 [queued]>
[2024-08-24T15:12:17.507+0000] {taskinstance.py:2603} INFO - Dependencies all met for dep_context=requeueable deps ti=<TaskInstance: download_air_pollution_data.dataset2pandas manual__2024-08-24T15:12:11.377119+00:00 [queued]>
[2024-08-24T15:12:17.507+0000] {taskinstance.py:2856} INFO - Starting attempt 1 of 1
[2024-08-24T15:12:17.525+0000] {taskinstance.py:2879} INFO - Executing <Task(PythonOperator): dataset2pandas> on 2024-08-24 15:12:11.377119+00:00
[2024-08-24T15:12:17.532+0000] {warnings.py:112} WARNING - /home/***/.local/lib/python3.12/site-packages/***/task/task_runner/standard_task_runner.py:70: DeprecationWarning: This process (pid=4685) is multi-threaded, use of fork() may lead to deadlocks in the child.
  pid = os.fork()

[2024-08-24T15:12:17.535+0000] {standard_task_runner.py:72} INFO - Started process 4691 to run task
[2024-08-24T15:12:17.535+0000] {standard_task_runner.py:104} INFO - Running: ['***', 'tasks', 'run', 'download_air_pollution_data', 'dataset2pandas', 'manual__2024-08-24T15:12:11.377119+00:00', '--job-id', '135', '--raw', '--subdir', 'DAGS_FOLDER/Seoul.py', '--cfg-path', '/tmp/tmpih1asrgo']
[2024-08-24T15:12:17.537+0000] {standard_task_runner.py:105} INFO - Job 135: Subtask dataset2pandas
[2024-08-24T15:12:17.602+0000] {task_command.py:467} INFO - Running <TaskInstance: download_air_pollution_data.dataset2pandas manual__2024-08-24T15:12:11.377119+00:00 [running]> on host 94bdab50145e
[2024-08-24T15:12:17.725+0000] {taskinstance.py:3122} INFO - Exporting env vars: AIRFLOW_CTX_DAG_OWNER='***' AIRFLOW_CTX_DAG_ID='download_air_pollution_data' AIRFLOW_CTX_TASK_ID='dataset2pandas' AIRFLOW_CTX_EXECUTION_DATE='2024-08-24T15:12:11.377119+00:00' AIRFLOW_CTX_TRY_NUMBER='1' AIRFLOW_CTX_DAG_RUN_ID='manual__2024-08-24T15:12:11.377119+00:00'
[2024-08-24T15:12:17.727+0000] {logging_mixin.py:190} INFO - Task instance is in running state
[2024-08-24T15:12:17.728+0000] {logging_mixin.py:190} INFO -  Previous state of the Task instance: queued
[2024-08-24T15:12:17.729+0000] {logging_mixin.py:190} INFO - Current task name:dataset2pandas state:running start_date:2024-08-24 15:12:17.496828+00:00
[2024-08-24T15:12:17.730+0000] {logging_mixin.py:190} INFO - Dag name:download_air_pollution_data and current dag run status:running
[2024-08-24T15:12:17.731+0000] {taskinstance.py:731} INFO - ::endgroup::
[2024-08-24T15:12:26.950+0000] {python.py:240} INFO - Done. Returned value was: None
[2024-08-24T15:12:27.125+0000] {taskinstance.py:340} INFO - ::group::Post task execution logs
[2024-08-24T15:12:27.126+0000] {taskinstance.py:352} INFO - Marking task as SUCCESS. dag_id=download_air_pollution_data, task_id=dataset2pandas, run_id=manual__2024-08-24T15:12:11.377119+00:00, execution_date=20240824T151211, start_date=20240824T151217, end_date=20240824T151227
[2024-08-24T15:12:27.139+0000] {logging_mixin.py:190} INFO - Task instance in success state
[2024-08-24T15:12:27.139+0000] {logging_mixin.py:190} INFO -  Previous state of the Task instance: running
[2024-08-24T15:12:27.140+0000] {logging_mixin.py:190} INFO - Dag name:download_air_pollution_data queued_at:2024-08-24 15:12:11.529581+00:00
[2024-08-24T15:12:27.141+0000] {logging_mixin.py:190} INFO - Task hostname:94bdab50145e operator:PythonOperator
[2024-08-24T15:12:27.194+0000] {local_task_job_runner.py:261} INFO - Task exited with return code 0
[2024-08-24T15:12:27.216+0000] {taskinstance.py:3891} INFO - 0 downstream tasks scheduled from follow-on schedule check
[2024-08-24T15:12:27.219+0000] {local_task_job_runner.py:240} INFO - ::endgroup::
