[2024-08-24T16:10:43.041+0000] {local_task_job_runner.py:123} INFO - ::group::Pre task execution logs
[2024-08-24T16:10:43.063+0000] {taskinstance.py:2603} INFO - Dependencies all met for dep_context=non-requeueable deps ti=<TaskInstance: download_air_pollution_data.get_seoul_api manual__2024-08-24T16:09:42.460597+00:00 [queued]>
[2024-08-24T16:10:43.073+0000] {taskinstance.py:2603} INFO - Dependencies all met for dep_context=requeueable deps ti=<TaskInstance: download_air_pollution_data.get_seoul_api manual__2024-08-24T16:09:42.460597+00:00 [queued]>
[2024-08-24T16:10:43.074+0000] {taskinstance.py:2856} INFO - Starting attempt 1 of 1
[2024-08-24T16:10:43.090+0000] {taskinstance.py:2879} INFO - Executing <Task(PythonOperator): get_seoul_api> on 2024-08-24 16:09:42.460597+00:00
[2024-08-24T16:10:43.097+0000] {warnings.py:112} WARNING - /home/***/.local/lib/python3.12/site-packages/***/task/task_runner/standard_task_runner.py:70: DeprecationWarning: This process (pid=5582) is multi-threaded, use of fork() may lead to deadlocks in the child.
  pid = os.fork()

[2024-08-24T16:10:43.099+0000] {standard_task_runner.py:72} INFO - Started process 5584 to run task
[2024-08-24T16:10:43.099+0000] {standard_task_runner.py:104} INFO - Running: ['***', 'tasks', 'run', 'download_air_pollution_data', 'get_seoul_api', 'manual__2024-08-24T16:09:42.460597+00:00', '--job-id', '149', '--raw', '--subdir', 'DAGS_FOLDER/Seoul.py', '--cfg-path', '/tmp/tmpx5g7bllh']
[2024-08-24T16:10:43.101+0000] {standard_task_runner.py:105} INFO - Job 149: Subtask get_seoul_api
[2024-08-24T16:10:43.160+0000] {task_command.py:467} INFO - Running <TaskInstance: download_air_pollution_data.get_seoul_api manual__2024-08-24T16:09:42.460597+00:00 [running]> on host 94bdab50145e
[2024-08-24T16:10:43.274+0000] {taskinstance.py:3122} INFO - Exporting env vars: AIRFLOW_CTX_DAG_OWNER='***' AIRFLOW_CTX_DAG_ID='download_air_pollution_data' AIRFLOW_CTX_TASK_ID='get_seoul_api' AIRFLOW_CTX_EXECUTION_DATE='2024-08-24T16:09:42.460597+00:00' AIRFLOW_CTX_TRY_NUMBER='1' AIRFLOW_CTX_DAG_RUN_ID='manual__2024-08-24T16:09:42.460597+00:00'
[2024-08-24T16:10:43.279+0000] {logging_mixin.py:190} INFO - Task instance is in running state
[2024-08-24T16:10:43.280+0000] {logging_mixin.py:190} INFO -  Previous state of the Task instance: queued
[2024-08-24T16:10:43.281+0000] {logging_mixin.py:190} INFO - Current task name:get_seoul_api state:running start_date:2024-08-24 16:10:43.064474+00:00
[2024-08-24T16:10:43.282+0000] {logging_mixin.py:190} INFO - Dag name:download_air_pollution_data and current dag run status:running
[2024-08-24T16:10:43.287+0000] {taskinstance.py:731} INFO - ::endgroup::
[2024-08-24T16:10:43.488+0000] {Seoul.py:14} INFO - {'status': 'ok', 'data': {'aqi': 93, 'idx': 5508, 'attributions': [{'url': 'https://www.airkorea.or.kr/', 'name': 'South Air Korea Environment Corporation (대기오염실시간공개시스템)', 'logo': 'SouthKorea-AirKorea.png'}, {'url': 'http://cleanair.seoul.go.kr/', 'name': 'Seoul Clean Air Pollution Information (서울특별시 기후대기환경정보)', 'logo': 'SouthKorea-Seoul.png'}, {'url': 'https://waqi.info/', 'name': 'World Air Quality Index Project'}], 'city': {'geo': [37.566535, 126.9779692], 'name': 'Seoul (서울)', 'url': 'https://aqicn.org/city/seoul', 'location': ''}, 'dominentpol': 'pm25', 'iaqi': {'co': {'v': 7.3}, 'h': {'v': 79.7}, 'no2': {'v': 17.1}, 'o3': {'v': 26.5}, 'p': {'v': 999.7}, 'pm10': {'v': 38}, 'pm25': {'v': 93}, 'r': {'v': 0.2}, 'so2': {'v': 5}, 't': {'v': 26.5}, 'w': {'v': 0.5}}, 'time': {'s': '2024-08-25 00:00:00', 'tz': '+09:00', 'v': 1724544000, 'iso': '2024-08-25T00:00:00+09:00'}, 'forecast': {'daily': {'o3': [{'avg': 18, 'day': '2024-08-23', 'max': 38, 'min': 2}, {'avg': 8, 'day': '2024-08-24', 'max': 39, 'min': 1}, {'avg': 5, 'day': '2024-08-25', 'max': 29, 'min': 1}, {'avg': 2, 'day': '2024-08-26', 'max': 14, 'min': 1}, {'avg': 6, 'day': '2024-08-27', 'max': 39, 'min': 1}, {'avg': 8, 'day': '2024-08-28', 'max': 40, 'min': 1}, {'avg': 1, 'day': '2024-08-29', 'max': 2, 'min': 1}], 'pm10': [{'avg': 56, 'day': '2024-08-23', 'max': 73, 'min': 19}, {'avg': 83, 'day': '2024-08-24', 'max': 123, 'min': 46}, {'avg': 49, 'day': '2024-08-25', 'max': 58, 'min': 44}, {'avg': 47, 'day': '2024-08-26', 'max': 49, 'min': 46}, {'avg': 37, 'day': '2024-08-27', 'max': 46, 'min': 22}, {'avg': 22, 'day': '2024-08-28', 'max': 28, 'min': 19}, {'avg': 29, 'day': '2024-08-29', 'max': 46, 'min': 19}, {'avg': 38, 'day': '2024-08-30', 'max': 46, 'min': 25}], 'pm25': [{'avg': 144, 'day': '2024-08-23', 'max': 172, 'min': 68}, {'avg': 192, 'day': '2024-08-24', 'max': 252, 'min': 138}, {'avg': 127, 'day': '2024-08-25', 'max': 157, 'min': 89}, {'avg': 125, 'day': '2024-08-26', 'max': 138, 'min': 89}, {'avg': 107, 'day': '2024-08-27', 'max': 138, 'min': 68}, {'avg': 68, 'day': '2024-08-28', 'max': 69, 'min': 68}, {'avg': 80, 'day': '2024-08-29', 'max': 101, 'min': 68}, {'avg': 111, 'day': '2024-08-30', 'max': 138, 'min': 68}], 'uvi': [{'avg': 1, 'day': '2024-08-24', 'max': 4, 'min': 0}, {'avg': 1, 'day': '2024-08-25', 'max': 6, 'min': 0}, {'avg': 1, 'day': '2024-08-26', 'max': 6, 'min': 0}, {'avg': 1, 'day': '2024-08-27', 'max': 7, 'min': 0}, {'avg': 1, 'day': '2024-08-28', 'max': 7, 'min': 0}, {'avg': 1, 'day': '2024-08-29', 'max': 2, 'min': 0}]}}, 'debug': {'sync': '2024-08-25T01:10:10+09:00'}}}
[2024-08-24T16:10:43.494+0000] {python.py:240} INFO - Done. Returned value was: None
[2024-08-24T16:10:43.507+0000] {taskinstance.py:340} INFO - ::group::Post task execution logs
[2024-08-24T16:10:43.509+0000] {taskinstance.py:352} INFO - Marking task as SUCCESS. dag_id=download_air_pollution_data, task_id=get_seoul_api, run_id=manual__2024-08-24T16:09:42.460597+00:00, execution_date=20240824T160942, start_date=20240824T161043, end_date=20240824T161043
[2024-08-24T16:10:43.523+0000] {logging_mixin.py:190} INFO - Task instance in success state
[2024-08-24T16:10:43.524+0000] {logging_mixin.py:190} INFO -  Previous state of the Task instance: running
[2024-08-24T16:10:43.525+0000] {logging_mixin.py:190} INFO - Dag name:download_air_pollution_data queued_at:2024-08-24 16:09:42.583611+00:00
[2024-08-24T16:10:43.525+0000] {logging_mixin.py:190} INFO - Task hostname:94bdab50145e operator:PythonOperator
[2024-08-24T16:10:43.569+0000] {local_task_job_runner.py:261} INFO - Task exited with return code 0
[2024-08-24T16:10:43.582+0000] {local_task_job_runner.py:240} INFO - ::endgroup::
