[2024-08-25T19:04:22.640+0000] {local_task_job_runner.py:123} INFO - ::group::Pre task execution logs
[2024-08-25T19:04:23.207+0000] {taskinstance.py:2603} INFO - Dependencies all met for dep_context=non-requeueable deps ti=<TaskInstance: download_air_pollution_data.geo_map_plot manual__2024-08-25T19:02:38.130569+00:00 [queued]>
[2024-08-25T19:04:23.310+0000] {taskinstance.py:2603} INFO - Dependencies all met for dep_context=requeueable deps ti=<TaskInstance: download_air_pollution_data.geo_map_plot manual__2024-08-25T19:02:38.130569+00:00 [queued]>
[2024-08-25T19:04:23.315+0000] {taskinstance.py:2856} INFO - Starting attempt 1 of 1
[2024-08-25T19:04:23.616+0000] {taskinstance.py:2879} INFO - Executing <Task(PythonOperator): geo_map_plot> on 2024-08-25 19:02:38.130569+00:00
[2024-08-25T19:04:23.672+0000] {warnings.py:112} WARNING - /home/***/.local/lib/python3.12/site-packages/***/task/task_runner/standard_task_runner.py:70: DeprecationWarning: This process (pid=7854) is multi-threaded, use of fork() may lead to deadlocks in the child.
  pid = os.fork()

[2024-08-25T19:04:23.686+0000] {standard_task_runner.py:72} INFO - Started process 7861 to run task
[2024-08-25T19:04:23.687+0000] {standard_task_runner.py:104} INFO - Running: ['***', 'tasks', 'run', 'download_air_pollution_data', 'geo_map_plot', 'manual__2024-08-25T19:02:38.130569+00:00', '--job-id', '190', '--raw', '--subdir', 'DAGS_FOLDER/Seoul.py', '--cfg-path', '/tmp/tmpw6uhcq_h']
[2024-08-25T19:04:23.700+0000] {standard_task_runner.py:105} INFO - Job 190: Subtask geo_map_plot
[2024-08-25T19:04:24.283+0000] {task_command.py:467} INFO - Running <TaskInstance: download_air_pollution_data.geo_map_plot manual__2024-08-25T19:02:38.130569+00:00 [running]> on host 94bdab50145e
[2024-08-25T19:04:25.085+0000] {taskinstance.py:3122} INFO - Exporting env vars: AIRFLOW_CTX_DAG_OWNER='***' AIRFLOW_CTX_DAG_ID='download_air_pollution_data' AIRFLOW_CTX_TASK_ID='geo_map_plot' AIRFLOW_CTX_EXECUTION_DATE='2024-08-25T19:02:38.130569+00:00' AIRFLOW_CTX_TRY_NUMBER='1' AIRFLOW_CTX_DAG_RUN_ID='manual__2024-08-25T19:02:38.130569+00:00'
[2024-08-25T19:04:25.101+0000] {logging_mixin.py:190} INFO - Task instance is in running state
[2024-08-25T19:04:25.106+0000] {logging_mixin.py:190} INFO -  Previous state of the Task instance: queued
[2024-08-25T19:04:25.113+0000] {logging_mixin.py:190} INFO - Current task name:geo_map_plot state:running start_date:2024-08-25 19:04:23.211183+00:00
[2024-08-25T19:04:25.117+0000] {logging_mixin.py:190} INFO - Dag name:download_air_pollution_data and current dag run status:running
[2024-08-25T19:04:25.120+0000] {taskinstance.py:731} INFO - ::endgroup::
[2024-08-25T19:06:49.932+0000] {python.py:240} INFO - Done. Returned value was: None
[2024-08-25T19:06:49.987+0000] {taskinstance.py:340} INFO - ::group::Post task execution logs
[2024-08-25T19:06:49.990+0000] {taskinstance.py:352} INFO - Marking task as SUCCESS. dag_id=download_air_pollution_data, task_id=geo_map_plot, run_id=manual__2024-08-25T19:02:38.130569+00:00, execution_date=20240825T190238, start_date=20240825T190423, end_date=20240825T190649
[2024-08-25T19:06:50.035+0000] {logging_mixin.py:190} INFO - Task instance in success state
[2024-08-25T19:06:50.038+0000] {logging_mixin.py:190} INFO -  Previous state of the Task instance: running
[2024-08-25T19:06:50.042+0000] {logging_mixin.py:190} INFO - Dag name:download_air_pollution_data queued_at:2024-08-25 19:02:38.187436+00:00
[2024-08-25T19:06:50.044+0000] {logging_mixin.py:190} INFO - Task hostname:94bdab50145e operator:PythonOperator
[2024-08-25T19:06:50.112+0000] {local_task_job_runner.py:261} INFO - Task exited with return code 0
[2024-08-25T19:06:50.189+0000] {taskinstance.py:3891} INFO - 0 downstream tasks scheduled from follow-on schedule check
[2024-08-25T19:06:50.194+0000] {local_task_job_runner.py:240} INFO - ::endgroup::
