[2024-08-24T17:10:48.423+0000] {local_task_job_runner.py:123} INFO - ::group::Pre task execution logs
[2024-08-24T17:10:48.461+0000] {taskinstance.py:2603} INFO - Dependencies all met for dep_context=non-requeueable deps ti=<TaskInstance: download_air_pollution_data.dataset2pandas manual__2024-08-24T17:10:32.341153+00:00 [queued]>
[2024-08-24T17:10:48.483+0000] {taskinstance.py:2603} INFO - Dependencies all met for dep_context=requeueable deps ti=<TaskInstance: download_air_pollution_data.dataset2pandas manual__2024-08-24T17:10:32.341153+00:00 [queued]>
[2024-08-24T17:10:48.484+0000] {taskinstance.py:2856} INFO - Starting attempt 1 of 1
[2024-08-24T17:10:48.505+0000] {taskinstance.py:2879} INFO - Executing <Task(PythonOperator): dataset2pandas> on 2024-08-24 17:10:32.341153+00:00
[2024-08-24T17:10:48.512+0000] {warnings.py:112} WARNING - /home/***/.local/lib/python3.12/site-packages/***/task/task_runner/standard_task_runner.py:70: DeprecationWarning: This process (pid=7025) is multi-threaded, use of fork() may lead to deadlocks in the child.
  pid = os.fork()

[2024-08-24T17:10:48.514+0000] {standard_task_runner.py:72} INFO - Started process 7027 to run task
[2024-08-24T17:10:48.515+0000] {standard_task_runner.py:104} INFO - Running: ['***', 'tasks', 'run', 'download_air_pollution_data', 'dataset2pandas', 'manual__2024-08-24T17:10:32.341153+00:00', '--job-id', '167', '--raw', '--subdir', 'DAGS_FOLDER/Seoul.py', '--cfg-path', '/tmp/tmpawq9g857']
[2024-08-24T17:10:48.517+0000] {standard_task_runner.py:105} INFO - Job 167: Subtask dataset2pandas
[2024-08-24T17:10:48.582+0000] {task_command.py:467} INFO - Running <TaskInstance: download_air_pollution_data.dataset2pandas manual__2024-08-24T17:10:32.341153+00:00 [running]> on host 94bdab50145e
[2024-08-24T17:10:48.702+0000] {taskinstance.py:3122} INFO - Exporting env vars: AIRFLOW_CTX_DAG_OWNER='***' AIRFLOW_CTX_DAG_ID='download_air_pollution_data' AIRFLOW_CTX_TASK_ID='dataset2pandas' AIRFLOW_CTX_EXECUTION_DATE='2024-08-24T17:10:32.341153+00:00' AIRFLOW_CTX_TRY_NUMBER='1' AIRFLOW_CTX_DAG_RUN_ID='manual__2024-08-24T17:10:32.341153+00:00'
[2024-08-24T17:10:48.704+0000] {logging_mixin.py:190} INFO - Task instance is in running state
[2024-08-24T17:10:48.705+0000] {logging_mixin.py:190} INFO -  Previous state of the Task instance: queued
[2024-08-24T17:10:48.705+0000] {logging_mixin.py:190} INFO - Current task name:dataset2pandas state:running start_date:2024-08-24 17:10:48.462792+00:00
[2024-08-24T17:10:48.706+0000] {logging_mixin.py:190} INFO - Dag name:download_air_pollution_data and current dag run status:running
[2024-08-24T17:10:48.707+0000] {taskinstance.py:731} INFO - ::endgroup::
[2024-08-24T17:10:59.822+0000] {python.py:240} INFO - Done. Returned value was: None
[2024-08-24T17:10:59.837+0000] {taskinstance.py:340} INFO - ::group::Post task execution logs
[2024-08-24T17:10:59.839+0000] {taskinstance.py:352} INFO - Marking task as SUCCESS. dag_id=download_air_pollution_data, task_id=dataset2pandas, run_id=manual__2024-08-24T17:10:32.341153+00:00, execution_date=20240824T171032, start_date=20240824T171048, end_date=20240824T171059
[2024-08-24T17:10:59.853+0000] {logging_mixin.py:190} INFO - Task instance in success state
[2024-08-24T17:10:59.854+0000] {logging_mixin.py:190} INFO -  Previous state of the Task instance: running
[2024-08-24T17:10:59.855+0000] {logging_mixin.py:190} INFO - Dag name:download_air_pollution_data queued_at:2024-08-24 17:10:32.388407+00:00
[2024-08-24T17:10:59.856+0000] {logging_mixin.py:190} INFO - Task hostname:94bdab50145e operator:PythonOperator
[2024-08-24T17:10:59.905+0000] {local_task_job_runner.py:261} INFO - Task exited with return code 0
[2024-08-24T17:10:59.943+0000] {taskinstance.py:3891} INFO - 0 downstream tasks scheduled from follow-on schedule check
[2024-08-24T17:10:59.945+0000] {local_task_job_runner.py:240} INFO - ::endgroup::
