[2024-08-26T15:31:32.924+0000] {local_task_job_runner.py:123} INFO - ::group::Pre task execution logs
[2024-08-26T15:31:33.015+0000] {taskinstance.py:2603} INFO - Dependencies all met for dep_context=non-requeueable deps ti=<TaskInstance: Spark.get_seoul_api manual__2024-08-26T15:31:22.241034+00:00 [queued]>
[2024-08-26T15:31:33.093+0000] {taskinstance.py:2603} INFO - Dependencies all met for dep_context=requeueable deps ti=<TaskInstance: Spark.get_seoul_api manual__2024-08-26T15:31:22.241034+00:00 [queued]>
[2024-08-26T15:31:33.098+0000] {taskinstance.py:2856} INFO - Starting attempt 1 of 1
[2024-08-26T15:31:33.196+0000] {taskinstance.py:2879} INFO - Executing <Task(PythonOperator): get_seoul_api> on 2024-08-26 15:31:22.241034+00:00
[2024-08-26T15:31:33.228+0000] {warnings.py:112} WARNING - /home/***/.local/lib/python3.12/site-packages/***/task/task_runner/standard_task_runner.py:70: DeprecationWarning: This process (pid=1537) is multi-threaded, use of fork() may lead to deadlocks in the child.
  pid = os.fork()

[2024-08-26T15:31:33.236+0000] {standard_task_runner.py:72} INFO - Started process 1552 to run task
[2024-08-26T15:31:33.236+0000] {standard_task_runner.py:104} INFO - Running: ['***', 'tasks', 'run', 'Spark', 'get_seoul_api', 'manual__2024-08-26T15:31:22.241034+00:00', '--job-id', '227', '--raw', '--subdir', 'DAGS_FOLDER/Seoul_spark.py', '--cfg-path', '/tmp/tmp1ipo7a7q']
[2024-08-26T15:31:33.243+0000] {standard_task_runner.py:105} INFO - Job 227: Subtask get_seoul_api
[2024-08-26T15:31:33.611+0000] {task_command.py:467} INFO - Running <TaskInstance: Spark.get_seoul_api manual__2024-08-26T15:31:22.241034+00:00 [running]> on host 94bdab50145e
[2024-08-26T15:31:34.042+0000] {taskinstance.py:3122} INFO - Exporting env vars: AIRFLOW_CTX_DAG_OWNER='***' AIRFLOW_CTX_DAG_ID='Spark' AIRFLOW_CTX_TASK_ID='get_seoul_api' AIRFLOW_CTX_EXECUTION_DATE='2024-08-26T15:31:22.241034+00:00' AIRFLOW_CTX_TRY_NUMBER='1' AIRFLOW_CTX_DAG_RUN_ID='manual__2024-08-26T15:31:22.241034+00:00'
[2024-08-26T15:31:34.053+0000] {logging_mixin.py:190} INFO - Task instance is in running state
[2024-08-26T15:31:34.055+0000] {logging_mixin.py:190} INFO -  Previous state of the Task instance: queued
[2024-08-26T15:31:34.060+0000] {logging_mixin.py:190} INFO - Current task name:get_seoul_api state:running start_date:2024-08-26 15:31:33.019659+00:00
[2024-08-26T15:31:34.062+0000] {logging_mixin.py:190} INFO - Dag name:Spark and current dag run status:running
[2024-08-26T15:31:34.065+0000] {taskinstance.py:731} INFO - ::endgroup::
[2024-08-26T15:31:34.713+0000] {Seoul_spark.py:16} INFO - {'status': 'ok', 'data': {'aqi': 82, 'idx': 5508, 'attributions': [{'url': 'http://cleanair.seoul.go.kr/', 'name': 'Seoul Clean Air Pollution Information (서울특별시 기후대기환경정보)', 'logo': 'SouthKorea-Seoul.png'}, {'url': 'https://www.airkorea.or.kr/', 'name': 'South Air Korea Environment Corporation (대기오염실시간공개시스템)', 'logo': 'SouthKorea-AirKorea.png'}, {'url': 'https://waqi.info/', 'name': 'World Air Quality Index Project'}], 'city': {'geo': [37.566535, 126.9779692], 'name': 'Seoul (서울)', 'url': 'https://aqicn.org/city/seoul', 'location': ''}, 'dominentpol': 'pm25', 'iaqi': {'co': {'v': 5.9}, 'h': {'v': 76.5}, 'no2': {'v': 16.1}, 'o3': {'v': 13}, 'p': {'v': 996.1}, 'pm10': {'v': 34}, 'pm25': {'v': 82}, 'r': {'v': 99}, 'so2': {'v': 4.8}, 't': {'v': 27.5}, 'w': {'v': 0.5}}, 'time': {'s': '2024-08-27 00:00:00', 'tz': '+09:00', 'v': 1724716800, 'iso': '2024-08-27T00:00:00+09:00'}, 'forecast': {'daily': {'o3': [{'avg': 10, 'day': '2024-08-25', 'max': 55, 'min': 1}, {'avg': 3, 'day': '2024-08-26', 'max': 13, 'min': 1}, {'avg': 7, 'day': '2024-08-27', 'max': 38, 'min': 1}, {'avg': 10, 'day': '2024-08-28', 'max': 28, 'min': 1}, {'avg': 6, 'day': '2024-08-29', 'max': 38, 'min': 1}, {'avg': 3, 'day': '2024-08-30', 'max': 44, 'min': 1}, {'avg': 1, 'day': '2024-08-31', 'max': 1, 'min': 1}], 'pm10': [{'avg': 51, 'day': '2024-08-25', 'max': 58, 'min': 46}, {'avg': 47, 'day': '2024-08-26', 'max': 49, 'min': 46}, {'avg': 46, 'day': '2024-08-27', 'max': 46, 'min': 43}, {'avg': 25, 'day': '2024-08-28', 'max': 40, 'min': 19}, {'avg': 19, 'day': '2024-08-29', 'max': 19, 'min': 19}, {'avg': 19, 'day': '2024-08-30', 'max': 21, 'min': 19}, {'avg': 48, 'day': '2024-08-31', 'max': 86, 'min': 22}, {'avg': 34, 'day': '2024-09-01', 'max': 44, 'min': 28}], 'pm25': [{'avg': 146, 'day': '2024-08-25', 'max': 159, 'min': 138}, {'avg': 131, 'day': '2024-08-26', 'max': 138, 'min': 105}, {'avg': 115, 'day': '2024-08-27', 'max': 138, 'min': 89}, {'avg': 75, 'day': '2024-08-28', 'max': 96, 'min': 56}, {'avg': 58, 'day': '2024-08-29', 'max': 68, 'min': 42}, {'avg': 64, 'day': '2024-08-30', 'max': 68, 'min': 42}, {'avg': 121, 'day': '2024-08-31', 'max': 189, 'min': 68}, {'avg': 97, 'day': '2024-09-01', 'max': 131, 'min': 74}], 'uvi': [{'avg': 1, 'day': '2024-08-26', 'max': 5, 'min': 0}, {'avg': 1, 'day': '2024-08-27', 'max': 4, 'min': 0}, {'avg': 1, 'day': '2024-08-28', 'max': 7, 'min': 0}, {'avg': 1, 'day': '2024-08-29', 'max': 8, 'min': 0}, {'avg': 1, 'day': '2024-08-30', 'max': 8, 'min': 0}, {'avg': 1, 'day': '2024-08-31', 'max': 3, 'min': 0}]}}, 'debug': {'sync': '2024-08-27T00:31:06+09:00'}}}
[2024-08-26T15:31:34.758+0000] {python.py:240} INFO - Done. Returned value was: None
[2024-08-26T15:31:34.905+0000] {taskinstance.py:340} INFO - ::group::Post task execution logs
[2024-08-26T15:31:34.930+0000] {taskinstance.py:352} INFO - Marking task as SUCCESS. dag_id=Spark, task_id=get_seoul_api, run_id=manual__2024-08-26T15:31:22.241034+00:00, execution_date=20240826T153122, start_date=20240826T153133, end_date=20240826T153134
[2024-08-26T15:31:35.251+0000] {logging_mixin.py:190} INFO - Task instance in success state
[2024-08-26T15:31:35.253+0000] {logging_mixin.py:190} INFO -  Previous state of the Task instance: running
[2024-08-26T15:31:35.255+0000] {logging_mixin.py:190} INFO - Dag name:Spark queued_at:2024-08-26 15:31:22.411475+00:00
[2024-08-26T15:31:35.257+0000] {logging_mixin.py:190} INFO - Task hostname:94bdab50145e operator:PythonOperator
[2024-08-26T15:31:35.470+0000] {local_task_job_runner.py:261} INFO - Task exited with return code 0
[2024-08-26T15:31:35.597+0000] {taskinstance.py:3891} INFO - 0 downstream tasks scheduled from follow-on schedule check
[2024-08-26T15:31:35.604+0000] {local_task_job_runner.py:240} INFO - ::endgroup::
