[2024-08-25T18:50:05.989+0000] {local_task_job_runner.py:123} INFO - ::group::Pre task execution logs
[2024-08-25T18:50:06.271+0000] {taskinstance.py:2603} INFO - Dependencies all met for dep_context=non-requeueable deps ti=<TaskInstance: download_air_pollution_data.download_dataset_api manual__2024-08-25T18:48:53.365620+00:00 [queued]>
[2024-08-25T18:50:06.373+0000] {taskinstance.py:2603} INFO - Dependencies all met for dep_context=requeueable deps ti=<TaskInstance: download_air_pollution_data.download_dataset_api manual__2024-08-25T18:48:53.365620+00:00 [queued]>
[2024-08-25T18:50:06.388+0000] {taskinstance.py:2856} INFO - Starting attempt 1 of 1
[2024-08-25T18:50:06.540+0000] {taskinstance.py:2879} INFO - Executing <Task(BashOperator): download_dataset_api> on 2024-08-25 18:48:53.365620+00:00
[2024-08-25T18:50:06.662+0000] {warnings.py:112} WARNING - /home/***/.local/lib/python3.12/site-packages/***/task/task_runner/standard_task_runner.py:70: DeprecationWarning: This process (pid=7006) is multi-threaded, use of fork() may lead to deadlocks in the child.
  pid = os.fork()

[2024-08-25T18:50:07.039+0000] {standard_task_runner.py:72} INFO - Started process 7039 to run task
[2024-08-25T18:50:07.043+0000] {standard_task_runner.py:104} INFO - Running: ['***', 'tasks', 'run', 'download_air_pollution_data', 'download_dataset_api', 'manual__2024-08-25T18:48:53.365620+00:00', '--job-id', '182', '--raw', '--subdir', 'DAGS_FOLDER/Seoul.py', '--cfg-path', '/tmp/tmp543abzyh']
[2024-08-25T18:50:07.056+0000] {standard_task_runner.py:105} INFO - Job 182: Subtask download_dataset_api
[2024-08-25T18:50:10.464+0000] {task_command.py:467} INFO - Running <TaskInstance: download_air_pollution_data.download_dataset_api manual__2024-08-25T18:48:53.365620+00:00 [running]> on host 94bdab50145e
[2024-08-25T18:50:12.532+0000] {taskinstance.py:3122} INFO - Exporting env vars: AIRFLOW_CTX_DAG_OWNER='***' AIRFLOW_CTX_DAG_ID='download_air_pollution_data' AIRFLOW_CTX_TASK_ID='download_dataset_api' AIRFLOW_CTX_EXECUTION_DATE='2024-08-25T18:48:53.365620+00:00' AIRFLOW_CTX_TRY_NUMBER='1' AIRFLOW_CTX_DAG_RUN_ID='manual__2024-08-25T18:48:53.365620+00:00'
[2024-08-25T18:50:12.615+0000] {logging_mixin.py:190} INFO - Task instance is in running state
[2024-08-25T18:50:12.624+0000] {logging_mixin.py:190} INFO -  Previous state of the Task instance: queued
[2024-08-25T18:50:12.630+0000] {logging_mixin.py:190} INFO - Current task name:download_dataset_api state:running start_date:2024-08-25 18:50:06.277150+00:00
[2024-08-25T18:50:12.632+0000] {logging_mixin.py:190} INFO - Dag name:download_air_pollution_data and current dag run status:running
[2024-08-25T18:50:12.646+0000] {taskinstance.py:731} INFO - ::endgroup::
[2024-08-25T18:50:12.846+0000] {subprocess.py:63} INFO - Tmp dir root location: /tmp
[2024-08-25T18:50:12.867+0000] {subprocess.py:75} INFO - Running command: ['/usr/bin/bash', '-c', 'kaggle datasets download -d bappekim/air-pollution-in-seoul -p /opt/***/dags --unzip']
[2024-08-25T18:50:13.000+0000] {subprocess.py:86} INFO - Output:
[2024-08-25T18:50:20.085+0000] {subprocess.py:93} INFO - Dataset URL: https://www.kaggle.com/datasets/bappekim/air-pollution-in-seoul
[2024-08-25T18:50:20.090+0000] {subprocess.py:93} INFO - License(s): CC-BY-SA-4.0
[2024-08-25T18:50:20.095+0000] {subprocess.py:93} INFO - Downloading air-pollution-in-seoul.zip to /opt/***/dags
[2024-08-25T18:50:24.168+0000] {subprocess.py:93} INFO -   0%|          | 0.00/19.7M [00:00<?, ?B/s]  5%|▌         | 1.00M/19.7M [00:00<00:08, 2.32MB/s] 10%|█         | 2.00M/19.7M [00:00<00:08, 2.21MB/s] 20%|██        | 4.00M/19.7M [00:01<00:03, 4.35MB/s] 25%|██▌       | 5.00M/19.7M [00:01<00:03, 4.83MB/s] 30%|███       | 6.00M/19.7M [00:01<00:03, 4.73MB/s] 36%|███▌      | 7.00M/19.7M [00:01<00:03, 4.39MB/s] 41%|████      | 8.00M/19.7M [00:02<00:02, 4.32MB/s] 46%|████▌     | 9.00M/19.7M [00:02<00:03, 3.59MB/s] 61%|██████    | 12.0M/19.7M [00:02<00:01, 6.21MB/s] 66%|██████▌   | 13.0M/19.7M [00:02<00:01, 6.51MB/s] 71%|███████   | 14.0M/19.7M [00:03<00:00, 6.11MB/s] 76%|███████▌  | 15.0M/19.7M [00:03<00:00, 4.98MB/s] 81%|████████▏ | 16.0M/19.7M [00:03<00:00, 5.41MB/s] 86%|████████▋ | 17.0M/19.7M [00:03<00:00, 5.46MB/s] 91%|█████████▏| 18.0M/19.7M [00:03<00:00, 6.13MB/s] 97%|█████████▋| 19.0M/19.7M [00:03<00:00, 6.44MB/s]100%|██████████| 19.7M/19.7M [00:04<00:00, 6.42MB/s]100%|██████████| 19.7M/19.7M [00:04<00:00, 5.06MB/s]
[2024-08-25T18:50:41.095+0000] {subprocess.py:93} INFO - 
[2024-08-25T18:50:41.316+0000] {subprocess.py:97} INFO - Command exited with return code 0
[2024-08-25T18:50:41.522+0000] {taskinstance.py:340} INFO - ::group::Post task execution logs
[2024-08-25T18:50:41.528+0000] {taskinstance.py:352} INFO - Marking task as SUCCESS. dag_id=download_air_pollution_data, task_id=download_dataset_api, run_id=manual__2024-08-25T18:48:53.365620+00:00, execution_date=20240825T184853, start_date=20240825T185006, end_date=20240825T185041
[2024-08-25T18:50:41.594+0000] {logging_mixin.py:190} INFO - Task instance in success state
[2024-08-25T18:50:41.598+0000] {logging_mixin.py:190} INFO -  Previous state of the Task instance: running
[2024-08-25T18:50:41.602+0000] {logging_mixin.py:190} INFO - Dag name:download_air_pollution_data queued_at:2024-08-25 18:48:53.654909+00:00
[2024-08-25T18:50:41.605+0000] {logging_mixin.py:190} INFO - Task hostname:94bdab50145e operator:BashOperator
[2024-08-25T18:50:41.663+0000] {local_task_job_runner.py:261} INFO - Task exited with return code 0
[2024-08-25T18:50:41.717+0000] {local_task_job_runner.py:240} INFO - ::endgroup::
