[2024-08-26T10:45:15.239+0000] {local_task_job_runner.py:123} INFO - ::group::Pre task execution logs
[2024-08-26T10:45:15.263+0000] {taskinstance.py:2603} INFO - Dependencies all met for dep_context=non-requeueable deps ti=<TaskInstance: Spark.download_dataset_api manual__2024-08-26T10:45:11.503978+00:00 [queued]>
[2024-08-26T10:45:15.274+0000] {taskinstance.py:2603} INFO - Dependencies all met for dep_context=requeueable deps ti=<TaskInstance: Spark.download_dataset_api manual__2024-08-26T10:45:11.503978+00:00 [queued]>
[2024-08-26T10:45:15.275+0000] {taskinstance.py:2856} INFO - Starting attempt 1 of 1
[2024-08-26T10:45:15.293+0000] {taskinstance.py:2879} INFO - Executing <Task(BashOperator): download_dataset_api> on 2024-08-26 10:45:11.503978+00:00
[2024-08-26T10:45:15.304+0000] {warnings.py:112} WARNING - /home/***/.local/lib/python3.12/site-packages/***/task/task_runner/standard_task_runner.py:70: DeprecationWarning: This process (pid=621) is multi-threaded, use of fork() may lead to deadlocks in the child.
  pid = os.fork()

[2024-08-26T10:45:15.307+0000] {standard_task_runner.py:72} INFO - Started process 628 to run task
[2024-08-26T10:45:15.308+0000] {standard_task_runner.py:104} INFO - Running: ['***', 'tasks', 'run', 'Spark', 'download_dataset_api', 'manual__2024-08-26T10:45:11.503978+00:00', '--job-id', '206', '--raw', '--subdir', 'DAGS_FOLDER/Seoul_spark.py', '--cfg-path', '/tmp/tmpyoazxqas']
[2024-08-26T10:45:15.310+0000] {standard_task_runner.py:105} INFO - Job 206: Subtask download_dataset_api
[2024-08-26T10:45:15.381+0000] {task_command.py:467} INFO - Running <TaskInstance: Spark.download_dataset_api manual__2024-08-26T10:45:11.503978+00:00 [running]> on host 94bdab50145e
[2024-08-26T10:45:15.494+0000] {taskinstance.py:3122} INFO - Exporting env vars: AIRFLOW_CTX_DAG_OWNER='***' AIRFLOW_CTX_DAG_ID='Spark' AIRFLOW_CTX_TASK_ID='download_dataset_api' AIRFLOW_CTX_EXECUTION_DATE='2024-08-26T10:45:11.503978+00:00' AIRFLOW_CTX_TRY_NUMBER='1' AIRFLOW_CTX_DAG_RUN_ID='manual__2024-08-26T10:45:11.503978+00:00'
[2024-08-26T10:45:15.496+0000] {logging_mixin.py:190} INFO - Task instance is in running state
[2024-08-26T10:45:15.496+0000] {logging_mixin.py:190} INFO -  Previous state of the Task instance: queued
[2024-08-26T10:45:15.497+0000] {logging_mixin.py:190} INFO - Current task name:download_dataset_api state:running start_date:2024-08-26 10:45:15.264278+00:00
[2024-08-26T10:45:15.498+0000] {logging_mixin.py:190} INFO - Dag name:Spark and current dag run status:running
[2024-08-26T10:45:15.498+0000] {taskinstance.py:731} INFO - ::endgroup::
[2024-08-26T10:45:15.500+0000] {subprocess.py:63} INFO - Tmp dir root location: /tmp
[2024-08-26T10:45:15.502+0000] {subprocess.py:75} INFO - Running command: ['/usr/bin/bash', '-c', 'kaggle datasets download -d bappekim/air-pollution-in-seoul -p /opt/***/dags --unzip']
[2024-08-26T10:45:15.520+0000] {subprocess.py:86} INFO - Output:
[2024-08-26T10:45:17.308+0000] {subprocess.py:93} INFO - Dataset URL: https://www.kaggle.com/datasets/bappekim/air-pollution-in-seoul
[2024-08-26T10:45:17.309+0000] {subprocess.py:93} INFO - License(s): CC-BY-SA-4.0
[2024-08-26T10:45:17.310+0000] {subprocess.py:93} INFO - Downloading air-pollution-in-seoul.zip to /opt/***/dags
[2024-08-26T10:45:21.327+0000] {subprocess.py:93} INFO -   0%|          | 0.00/19.7M [00:00<?, ?B/s]  5%|▌         | 1.00M/19.7M [00:01<00:21, 924kB/s] 10%|█         | 2.00M/19.7M [00:01<00:09, 1.86MB/s] 15%|█▌        | 3.00M/19.7M [00:01<00:06, 2.73MB/s] 20%|██        | 4.00M/19.7M [00:01<00:04, 3.61MB/s] 25%|██▌       | 5.00M/19.7M [00:01<00:03, 4.48MB/s] 30%|███       | 6.00M/19.7M [00:01<00:02, 5.25MB/s] 36%|███▌      | 7.00M/19.7M [00:02<00:02, 5.47MB/s] 41%|████      | 8.00M/19.7M [00:02<00:02, 5.99MB/s] 46%|████▌     | 9.00M/19.7M [00:02<00:01, 6.06MB/s] 51%|█████     | 10.0M/19.7M [00:02<00:01, 6.51MB/s] 56%|█████▌    | 11.0M/19.7M [00:02<00:01, 6.30MB/s] 61%|██████    | 12.0M/19.7M [00:02<00:01, 6.68MB/s] 66%|██████▌   | 13.0M/19.7M [00:02<00:01, 6.70MB/s] 71%|███████   | 14.0M/19.7M [00:03<00:00, 7.00MB/s] 76%|███████▌  | 15.0M/19.7M [00:03<00:00, 6.99MB/s] 81%|████████▏ | 16.0M/19.7M [00:03<00:00, 7.54MB/s] 86%|████████▋ | 17.0M/19.7M [00:03<00:00, 5.16MB/s] 97%|█████████▋| 19.0M/19.7M [00:03<00:00, 6.42MB/s]100%|██████████| 19.7M/19.7M [00:04<00:00, 5.13MB/s]
[2024-08-26T10:45:24.175+0000] {subprocess.py:93} INFO - 
[2024-08-26T10:45:24.254+0000] {subprocess.py:97} INFO - Command exited with return code 0
[2024-08-26T10:45:24.296+0000] {taskinstance.py:340} INFO - ::group::Post task execution logs
[2024-08-26T10:45:24.297+0000] {taskinstance.py:352} INFO - Marking task as SUCCESS. dag_id=Spark, task_id=download_dataset_api, run_id=manual__2024-08-26T10:45:11.503978+00:00, execution_date=20240826T104511, start_date=20240826T104515, end_date=20240826T104524
[2024-08-26T10:45:24.313+0000] {logging_mixin.py:190} INFO - Task instance in success state
[2024-08-26T10:45:24.314+0000] {logging_mixin.py:190} INFO -  Previous state of the Task instance: running
[2024-08-26T10:45:24.315+0000] {logging_mixin.py:190} INFO - Dag name:Spark queued_at:2024-08-26 10:45:11.631181+00:00
[2024-08-26T10:45:24.315+0000] {logging_mixin.py:190} INFO - Task hostname:94bdab50145e operator:BashOperator
[2024-08-26T10:45:24.359+0000] {local_task_job_runner.py:261} INFO - Task exited with return code 0
[2024-08-26T10:45:24.403+0000] {taskinstance.py:3891} INFO - 1 downstream tasks scheduled from follow-on schedule check
[2024-08-26T10:45:24.406+0000] {local_task_job_runner.py:240} INFO - ::endgroup::
