[2024-08-27T04:44:31.033+0000] {processor.py:186} INFO - Started process (PID=115) to work on /home/airflow/.local/lib/python3.12/site-packages/airflow/example_dags/example_setup_teardown.py
[2024-08-27T04:44:31.035+0000] {processor.py:914} INFO - Processing file /home/airflow/.local/lib/python3.12/site-packages/airflow/example_dags/example_setup_teardown.py for tasks to queue
[2024-08-27T04:44:31.039+0000] {logging_mixin.py:190} INFO - [2024-08-27T04:44:31.038+0000] {dagbag.py:587} INFO - Filling up the DagBag from /home/airflow/.local/lib/python3.12/site-packages/airflow/example_dags/example_setup_teardown.py
[2024-08-27T04:44:31.062+0000] {processor.py:925} INFO - DAG(s) 'example_setup_teardown' retrieved from /home/airflow/.local/lib/python3.12/site-packages/airflow/example_dags/example_setup_teardown.py
[2024-08-27T04:44:31.107+0000] {logging_mixin.py:190} INFO - [2024-08-27T04:44:31.107+0000] {dag.py:3211} INFO - Sync 1 DAGs
[2024-08-27T04:44:31.143+0000] {logging_mixin.py:190} INFO - [2024-08-27T04:44:31.143+0000] {dag.py:4138} INFO - Setting next_dagrun for example_setup_teardown to 2024-08-26 00:00:00+00:00, run_after=2024-08-27 00:00:00+00:00
[2024-08-27T04:44:31.176+0000] {processor.py:208} INFO - Processing /home/airflow/.local/lib/python3.12/site-packages/airflow/example_dags/example_setup_teardown.py took 0.153 seconds
[2024-08-27T04:45:06.439+0000] {processor.py:186} INFO - Started process (PID=181) to work on /home/airflow/.local/lib/python3.12/site-packages/airflow/example_dags/example_setup_teardown.py
[2024-08-27T04:45:06.441+0000] {processor.py:914} INFO - Processing file /home/airflow/.local/lib/python3.12/site-packages/airflow/example_dags/example_setup_teardown.py for tasks to queue
[2024-08-27T04:45:06.445+0000] {logging_mixin.py:190} INFO - [2024-08-27T04:45:06.444+0000] {dagbag.py:587} INFO - Filling up the DagBag from /home/airflow/.local/lib/python3.12/site-packages/airflow/example_dags/example_setup_teardown.py
[2024-08-27T04:45:06.459+0000] {processor.py:925} INFO - DAG(s) 'example_setup_teardown' retrieved from /home/airflow/.local/lib/python3.12/site-packages/airflow/example_dags/example_setup_teardown.py
[2024-08-27T04:45:06.486+0000] {logging_mixin.py:190} INFO - [2024-08-27T04:45:06.485+0000] {dag.py:3211} INFO - Sync 1 DAGs
[2024-08-27T04:45:06.517+0000] {logging_mixin.py:190} INFO - [2024-08-27T04:45:06.516+0000] {dag.py:4138} INFO - Setting next_dagrun for example_setup_teardown to 2024-08-26 00:00:00+00:00, run_after=2024-08-27 00:00:00+00:00
[2024-08-27T04:45:06.541+0000] {processor.py:208} INFO - Processing /home/airflow/.local/lib/python3.12/site-packages/airflow/example_dags/example_setup_teardown.py took 0.110 seconds
[2024-08-27T04:45:50.846+0000] {processor.py:186} INFO - Started process (PID=255) to work on /home/airflow/.local/lib/python3.12/site-packages/airflow/example_dags/example_setup_teardown.py
[2024-08-27T04:45:50.848+0000] {processor.py:914} INFO - Processing file /home/airflow/.local/lib/python3.12/site-packages/airflow/example_dags/example_setup_teardown.py for tasks to queue
[2024-08-27T04:45:50.852+0000] {logging_mixin.py:190} INFO - [2024-08-27T04:45:50.851+0000] {dagbag.py:587} INFO - Filling up the DagBag from /home/airflow/.local/lib/python3.12/site-packages/airflow/example_dags/example_setup_teardown.py
[2024-08-27T04:45:50.864+0000] {processor.py:925} INFO - DAG(s) 'example_setup_teardown' retrieved from /home/airflow/.local/lib/python3.12/site-packages/airflow/example_dags/example_setup_teardown.py
[2024-08-27T04:45:50.893+0000] {logging_mixin.py:190} INFO - [2024-08-27T04:45:50.893+0000] {dag.py:3211} INFO - Sync 1 DAGs
[2024-08-27T04:45:50.923+0000] {logging_mixin.py:190} INFO - [2024-08-27T04:45:50.922+0000] {dag.py:4138} INFO - Setting next_dagrun for example_setup_teardown to 2024-08-26 00:00:00+00:00, run_after=2024-08-27 00:00:00+00:00
[2024-08-27T04:45:50.947+0000] {processor.py:208} INFO - Processing /home/airflow/.local/lib/python3.12/site-packages/airflow/example_dags/example_setup_teardown.py took 0.110 seconds
[2024-08-27T04:46:33.387+0000] {processor.py:186} INFO - Started process (PID=321) to work on /home/airflow/.local/lib/python3.12/site-packages/airflow/example_dags/example_setup_teardown.py
[2024-08-27T04:46:33.390+0000] {processor.py:914} INFO - Processing file /home/airflow/.local/lib/python3.12/site-packages/airflow/example_dags/example_setup_teardown.py for tasks to queue
[2024-08-27T04:46:33.401+0000] {logging_mixin.py:190} INFO - [2024-08-27T04:46:33.400+0000] {dagbag.py:587} INFO - Filling up the DagBag from /home/airflow/.local/lib/python3.12/site-packages/airflow/example_dags/example_setup_teardown.py
[2024-08-27T04:46:33.455+0000] {processor.py:925} INFO - DAG(s) 'example_setup_teardown' retrieved from /home/airflow/.local/lib/python3.12/site-packages/airflow/example_dags/example_setup_teardown.py
[2024-08-27T04:46:33.489+0000] {logging_mixin.py:190} INFO - [2024-08-27T04:46:33.488+0000] {dag.py:3211} INFO - Sync 1 DAGs
[2024-08-27T04:46:33.524+0000] {logging_mixin.py:190} INFO - [2024-08-27T04:46:33.523+0000] {dag.py:4138} INFO - Setting next_dagrun for example_setup_teardown to 2024-08-26 00:00:00+00:00, run_after=2024-08-27 00:00:00+00:00
[2024-08-27T04:46:33.553+0000] {processor.py:208} INFO - Processing /home/airflow/.local/lib/python3.12/site-packages/airflow/example_dags/example_setup_teardown.py took 0.177 seconds
[2024-08-27T04:47:15.139+0000] {processor.py:186} INFO - Started process (PID=387) to work on /home/airflow/.local/lib/python3.12/site-packages/airflow/example_dags/example_setup_teardown.py
[2024-08-27T04:47:15.141+0000] {processor.py:914} INFO - Processing file /home/airflow/.local/lib/python3.12/site-packages/airflow/example_dags/example_setup_teardown.py for tasks to queue
[2024-08-27T04:47:15.146+0000] {logging_mixin.py:190} INFO - [2024-08-27T04:47:15.145+0000] {dagbag.py:587} INFO - Filling up the DagBag from /home/airflow/.local/lib/python3.12/site-packages/airflow/example_dags/example_setup_teardown.py
[2024-08-27T04:47:15.163+0000] {processor.py:925} INFO - DAG(s) 'example_setup_teardown' retrieved from /home/airflow/.local/lib/python3.12/site-packages/airflow/example_dags/example_setup_teardown.py
[2024-08-27T04:47:15.199+0000] {logging_mixin.py:190} INFO - [2024-08-27T04:47:15.198+0000] {dag.py:3211} INFO - Sync 1 DAGs
[2024-08-27T04:47:15.236+0000] {logging_mixin.py:190} INFO - [2024-08-27T04:47:15.235+0000] {dag.py:4138} INFO - Setting next_dagrun for example_setup_teardown to 2024-08-26 00:00:00+00:00, run_after=2024-08-27 00:00:00+00:00
[2024-08-27T04:47:15.272+0000] {processor.py:208} INFO - Processing /home/airflow/.local/lib/python3.12/site-packages/airflow/example_dags/example_setup_teardown.py took 0.142 seconds
[2024-08-27T04:47:57.374+0000] {processor.py:186} INFO - Started process (PID=460) to work on /home/airflow/.local/lib/python3.12/site-packages/airflow/example_dags/example_setup_teardown.py
[2024-08-27T04:47:57.376+0000] {processor.py:914} INFO - Processing file /home/airflow/.local/lib/python3.12/site-packages/airflow/example_dags/example_setup_teardown.py for tasks to queue
[2024-08-27T04:47:57.379+0000] {logging_mixin.py:190} INFO - [2024-08-27T04:47:57.379+0000] {dagbag.py:587} INFO - Filling up the DagBag from /home/airflow/.local/lib/python3.12/site-packages/airflow/example_dags/example_setup_teardown.py
[2024-08-27T04:47:57.393+0000] {processor.py:925} INFO - DAG(s) 'example_setup_teardown' retrieved from /home/airflow/.local/lib/python3.12/site-packages/airflow/example_dags/example_setup_teardown.py
[2024-08-27T04:47:57.426+0000] {logging_mixin.py:190} INFO - [2024-08-27T04:47:57.425+0000] {dag.py:3211} INFO - Sync 1 DAGs
[2024-08-27T04:47:57.460+0000] {logging_mixin.py:190} INFO - [2024-08-27T04:47:57.459+0000] {dag.py:4138} INFO - Setting next_dagrun for example_setup_teardown to 2024-08-26 00:00:00+00:00, run_after=2024-08-27 00:00:00+00:00
[2024-08-27T04:47:57.498+0000] {processor.py:208} INFO - Processing /home/airflow/.local/lib/python3.12/site-packages/airflow/example_dags/example_setup_teardown.py took 0.134 seconds
[2024-08-27T04:48:52.363+0000] {processor.py:186} INFO - Started process (PID=533) to work on /home/airflow/.local/lib/python3.12/site-packages/airflow/example_dags/example_setup_teardown.py
[2024-08-27T04:48:52.366+0000] {processor.py:914} INFO - Processing file /home/airflow/.local/lib/python3.12/site-packages/airflow/example_dags/example_setup_teardown.py for tasks to queue
[2024-08-27T04:48:52.371+0000] {logging_mixin.py:190} INFO - [2024-08-27T04:48:52.370+0000] {dagbag.py:587} INFO - Filling up the DagBag from /home/airflow/.local/lib/python3.12/site-packages/airflow/example_dags/example_setup_teardown.py
[2024-08-27T04:48:52.391+0000] {processor.py:925} INFO - DAG(s) 'example_setup_teardown' retrieved from /home/airflow/.local/lib/python3.12/site-packages/airflow/example_dags/example_setup_teardown.py
[2024-08-27T04:48:52.437+0000] {logging_mixin.py:190} INFO - [2024-08-27T04:48:52.437+0000] {dag.py:3211} INFO - Sync 1 DAGs
[2024-08-27T04:48:52.481+0000] {logging_mixin.py:190} INFO - [2024-08-27T04:48:52.480+0000] {dag.py:4138} INFO - Setting next_dagrun for example_setup_teardown to 2024-08-26 00:00:00+00:00, run_after=2024-08-27 00:00:00+00:00
[2024-08-27T04:48:52.522+0000] {processor.py:208} INFO - Processing /home/airflow/.local/lib/python3.12/site-packages/airflow/example_dags/example_setup_teardown.py took 0.178 seconds
[2024-08-27T04:49:23.369+0000] {processor.py:186} INFO - Started process (PID=599) to work on /home/airflow/.local/lib/python3.12/site-packages/airflow/example_dags/example_setup_teardown.py
[2024-08-27T04:49:23.371+0000] {processor.py:914} INFO - Processing file /home/airflow/.local/lib/python3.12/site-packages/airflow/example_dags/example_setup_teardown.py for tasks to queue
[2024-08-27T04:49:23.375+0000] {logging_mixin.py:190} INFO - [2024-08-27T04:49:23.374+0000] {dagbag.py:587} INFO - Filling up the DagBag from /home/airflow/.local/lib/python3.12/site-packages/airflow/example_dags/example_setup_teardown.py
[2024-08-27T04:49:23.389+0000] {processor.py:925} INFO - DAG(s) 'example_setup_teardown' retrieved from /home/airflow/.local/lib/python3.12/site-packages/airflow/example_dags/example_setup_teardown.py
[2024-08-27T04:49:23.428+0000] {logging_mixin.py:190} INFO - [2024-08-27T04:49:23.428+0000] {dag.py:3211} INFO - Sync 1 DAGs
[2024-08-27T04:49:23.465+0000] {logging_mixin.py:190} INFO - [2024-08-27T04:49:23.464+0000] {dag.py:4138} INFO - Setting next_dagrun for example_setup_teardown to 2024-08-26 00:00:00+00:00, run_after=2024-08-27 00:00:00+00:00
[2024-08-27T04:49:23.501+0000] {processor.py:208} INFO - Processing /home/airflow/.local/lib/python3.12/site-packages/airflow/example_dags/example_setup_teardown.py took 0.140 seconds
[2024-08-27T04:49:58.697+0000] {processor.py:186} INFO - Started process (PID=665) to work on /home/airflow/.local/lib/python3.12/site-packages/airflow/example_dags/example_setup_teardown.py
[2024-08-27T04:49:58.700+0000] {processor.py:914} INFO - Processing file /home/airflow/.local/lib/python3.12/site-packages/airflow/example_dags/example_setup_teardown.py for tasks to queue
[2024-08-27T04:49:58.705+0000] {logging_mixin.py:190} INFO - [2024-08-27T04:49:58.704+0000] {dagbag.py:587} INFO - Filling up the DagBag from /home/airflow/.local/lib/python3.12/site-packages/airflow/example_dags/example_setup_teardown.py
[2024-08-27T04:49:58.718+0000] {processor.py:925} INFO - DAG(s) 'example_setup_teardown' retrieved from /home/airflow/.local/lib/python3.12/site-packages/airflow/example_dags/example_setup_teardown.py
[2024-08-27T04:49:58.749+0000] {logging_mixin.py:190} INFO - [2024-08-27T04:49:58.749+0000] {dag.py:3211} INFO - Sync 1 DAGs
[2024-08-27T04:49:58.781+0000] {logging_mixin.py:190} INFO - [2024-08-27T04:49:58.781+0000] {dag.py:4138} INFO - Setting next_dagrun for example_setup_teardown to 2024-08-26 00:00:00+00:00, run_after=2024-08-27 00:00:00+00:00
[2024-08-27T04:49:58.810+0000] {processor.py:208} INFO - Processing /home/airflow/.local/lib/python3.12/site-packages/airflow/example_dags/example_setup_teardown.py took 0.122 seconds
[2024-08-27T04:50:37.152+0000] {processor.py:186} INFO - Started process (PID=732) to work on /home/airflow/.local/lib/python3.12/site-packages/airflow/example_dags/example_setup_teardown.py
[2024-08-27T04:50:37.154+0000] {processor.py:914} INFO - Processing file /home/airflow/.local/lib/python3.12/site-packages/airflow/example_dags/example_setup_teardown.py for tasks to queue
[2024-08-27T04:50:37.157+0000] {logging_mixin.py:190} INFO - [2024-08-27T04:50:37.157+0000] {dagbag.py:587} INFO - Filling up the DagBag from /home/airflow/.local/lib/python3.12/site-packages/airflow/example_dags/example_setup_teardown.py
[2024-08-27T04:50:37.169+0000] {processor.py:925} INFO - DAG(s) 'example_setup_teardown' retrieved from /home/airflow/.local/lib/python3.12/site-packages/airflow/example_dags/example_setup_teardown.py
[2024-08-27T04:50:37.199+0000] {logging_mixin.py:190} INFO - [2024-08-27T04:50:37.199+0000] {dag.py:3211} INFO - Sync 1 DAGs
[2024-08-27T04:50:37.229+0000] {logging_mixin.py:190} INFO - [2024-08-27T04:50:37.229+0000] {dag.py:4138} INFO - Setting next_dagrun for example_setup_teardown to 2024-08-26 00:00:00+00:00, run_after=2024-08-27 00:00:00+00:00
[2024-08-27T04:50:37.259+0000] {processor.py:208} INFO - Processing /home/airflow/.local/lib/python3.12/site-packages/airflow/example_dags/example_setup_teardown.py took 0.115 seconds
[2024-08-27T04:51:20.377+0000] {processor.py:186} INFO - Started process (PID=804) to work on /home/airflow/.local/lib/python3.12/site-packages/airflow/example_dags/example_setup_teardown.py
[2024-08-27T04:51:20.379+0000] {processor.py:914} INFO - Processing file /home/airflow/.local/lib/python3.12/site-packages/airflow/example_dags/example_setup_teardown.py for tasks to queue
[2024-08-27T04:51:20.382+0000] {logging_mixin.py:190} INFO - [2024-08-27T04:51:20.382+0000] {dagbag.py:587} INFO - Filling up the DagBag from /home/airflow/.local/lib/python3.12/site-packages/airflow/example_dags/example_setup_teardown.py
[2024-08-27T04:51:20.396+0000] {processor.py:925} INFO - DAG(s) 'example_setup_teardown' retrieved from /home/airflow/.local/lib/python3.12/site-packages/airflow/example_dags/example_setup_teardown.py
[2024-08-27T04:51:20.429+0000] {logging_mixin.py:190} INFO - [2024-08-27T04:51:20.429+0000] {dag.py:3211} INFO - Sync 1 DAGs
[2024-08-27T04:51:20.472+0000] {logging_mixin.py:190} INFO - [2024-08-27T04:51:20.472+0000] {dag.py:4138} INFO - Setting next_dagrun for example_setup_teardown to 2024-08-26 00:00:00+00:00, run_after=2024-08-27 00:00:00+00:00
[2024-08-27T04:51:20.504+0000] {processor.py:208} INFO - Processing /home/airflow/.local/lib/python3.12/site-packages/airflow/example_dags/example_setup_teardown.py took 0.135 seconds
[2024-08-27T04:52:00.160+0000] {processor.py:186} INFO - Started process (PID=871) to work on /home/airflow/.local/lib/python3.12/site-packages/airflow/example_dags/example_setup_teardown.py
[2024-08-27T04:52:00.162+0000] {processor.py:914} INFO - Processing file /home/airflow/.local/lib/python3.12/site-packages/airflow/example_dags/example_setup_teardown.py for tasks to queue
[2024-08-27T04:52:00.165+0000] {logging_mixin.py:190} INFO - [2024-08-27T04:52:00.164+0000] {dagbag.py:587} INFO - Filling up the DagBag from /home/airflow/.local/lib/python3.12/site-packages/airflow/example_dags/example_setup_teardown.py
[2024-08-27T04:52:00.176+0000] {processor.py:925} INFO - DAG(s) 'example_setup_teardown' retrieved from /home/airflow/.local/lib/python3.12/site-packages/airflow/example_dags/example_setup_teardown.py
[2024-08-27T04:52:00.203+0000] {logging_mixin.py:190} INFO - [2024-08-27T04:52:00.203+0000] {dag.py:3211} INFO - Sync 1 DAGs
[2024-08-27T04:52:00.230+0000] {logging_mixin.py:190} INFO - [2024-08-27T04:52:00.229+0000] {dag.py:4138} INFO - Setting next_dagrun for example_setup_teardown to 2024-08-26 00:00:00+00:00, run_after=2024-08-27 00:00:00+00:00
[2024-08-27T04:52:00.252+0000] {processor.py:208} INFO - Processing /home/airflow/.local/lib/python3.12/site-packages/airflow/example_dags/example_setup_teardown.py took 0.100 seconds
