[2024-08-27T04:44:21.315+0000] {processor.py:186} INFO - Started process (PID=74) to work on /home/airflow/.local/lib/python3.12/site-packages/airflow/example_dags/example_latest_only.py
[2024-08-27T04:44:21.318+0000] {processor.py:914} INFO - Processing file /home/airflow/.local/lib/python3.12/site-packages/airflow/example_dags/example_latest_only.py for tasks to queue
[2024-08-27T04:44:21.325+0000] {logging_mixin.py:190} INFO - [2024-08-27T04:44:21.324+0000] {dagbag.py:587} INFO - Filling up the DagBag from /home/airflow/.local/lib/python3.12/site-packages/airflow/example_dags/example_latest_only.py
[2024-08-27T04:44:21.346+0000] {processor.py:925} INFO - DAG(s) 'latest_only' retrieved from /home/airflow/.local/lib/python3.12/site-packages/airflow/example_dags/example_latest_only.py
[2024-08-27T04:44:21.421+0000] {logging_mixin.py:190} INFO - [2024-08-27T04:44:21.420+0000] {dag.py:3211} INFO - Sync 1 DAGs
[2024-08-27T04:44:21.498+0000] {logging_mixin.py:190} INFO - [2024-08-27T04:44:21.498+0000] {dag.py:4138} INFO - Setting next_dagrun for latest_only to 2024-08-27 00:00:00+00:00, run_after=2024-08-27 04:00:00+00:00
[2024-08-27T04:44:21.547+0000] {processor.py:208} INFO - Processing /home/airflow/.local/lib/python3.12/site-packages/airflow/example_dags/example_latest_only.py took 0.246 seconds
[2024-08-27T04:45:02.143+0000] {processor.py:186} INFO - Started process (PID=139) to work on /home/airflow/.local/lib/python3.12/site-packages/airflow/example_dags/example_latest_only.py
[2024-08-27T04:45:02.145+0000] {processor.py:914} INFO - Processing file /home/airflow/.local/lib/python3.12/site-packages/airflow/example_dags/example_latest_only.py for tasks to queue
[2024-08-27T04:45:02.149+0000] {logging_mixin.py:190} INFO - [2024-08-27T04:45:02.148+0000] {dagbag.py:587} INFO - Filling up the DagBag from /home/airflow/.local/lib/python3.12/site-packages/airflow/example_dags/example_latest_only.py
[2024-08-27T04:45:02.160+0000] {processor.py:925} INFO - DAG(s) 'latest_only' retrieved from /home/airflow/.local/lib/python3.12/site-packages/airflow/example_dags/example_latest_only.py
[2024-08-27T04:45:02.191+0000] {logging_mixin.py:190} INFO - [2024-08-27T04:45:02.190+0000] {dag.py:3211} INFO - Sync 1 DAGs
[2024-08-27T04:45:02.226+0000] {logging_mixin.py:190} INFO - [2024-08-27T04:45:02.226+0000] {dag.py:4138} INFO - Setting next_dagrun for latest_only to 2024-08-27 00:00:00+00:00, run_after=2024-08-27 04:00:00+00:00
[2024-08-27T04:45:02.255+0000] {processor.py:208} INFO - Processing /home/airflow/.local/lib/python3.12/site-packages/airflow/example_dags/example_latest_only.py took 0.122 seconds
[2024-08-27T04:45:44.684+0000] {processor.py:186} INFO - Started process (PID=208) to work on /home/airflow/.local/lib/python3.12/site-packages/airflow/example_dags/example_latest_only.py
[2024-08-27T04:45:44.686+0000] {processor.py:914} INFO - Processing file /home/airflow/.local/lib/python3.12/site-packages/airflow/example_dags/example_latest_only.py for tasks to queue
[2024-08-27T04:45:44.690+0000] {logging_mixin.py:190} INFO - [2024-08-27T04:45:44.690+0000] {dagbag.py:587} INFO - Filling up the DagBag from /home/airflow/.local/lib/python3.12/site-packages/airflow/example_dags/example_latest_only.py
[2024-08-27T04:45:44.700+0000] {processor.py:925} INFO - DAG(s) 'latest_only' retrieved from /home/airflow/.local/lib/python3.12/site-packages/airflow/example_dags/example_latest_only.py
[2024-08-27T04:45:44.732+0000] {logging_mixin.py:190} INFO - [2024-08-27T04:45:44.732+0000] {dag.py:3211} INFO - Sync 1 DAGs
[2024-08-27T04:45:44.766+0000] {logging_mixin.py:190} INFO - [2024-08-27T04:45:44.765+0000] {dag.py:4138} INFO - Setting next_dagrun for latest_only to 2024-08-27 00:00:00+00:00, run_after=2024-08-27 04:00:00+00:00
[2024-08-27T04:45:44.794+0000] {processor.py:208} INFO - Processing /home/airflow/.local/lib/python3.12/site-packages/airflow/example_dags/example_latest_only.py took 0.119 seconds
[2024-08-27T04:46:26.075+0000] {processor.py:186} INFO - Started process (PID=280) to work on /home/airflow/.local/lib/python3.12/site-packages/airflow/example_dags/example_latest_only.py
[2024-08-27T04:46:26.078+0000] {processor.py:914} INFO - Processing file /home/airflow/.local/lib/python3.12/site-packages/airflow/example_dags/example_latest_only.py for tasks to queue
[2024-08-27T04:46:26.081+0000] {logging_mixin.py:190} INFO - [2024-08-27T04:46:26.081+0000] {dagbag.py:587} INFO - Filling up the DagBag from /home/airflow/.local/lib/python3.12/site-packages/airflow/example_dags/example_latest_only.py
[2024-08-27T04:46:26.092+0000] {processor.py:925} INFO - DAG(s) 'latest_only' retrieved from /home/airflow/.local/lib/python3.12/site-packages/airflow/example_dags/example_latest_only.py
[2024-08-27T04:46:26.125+0000] {logging_mixin.py:190} INFO - [2024-08-27T04:46:26.125+0000] {dag.py:3211} INFO - Sync 1 DAGs
[2024-08-27T04:46:26.156+0000] {logging_mixin.py:190} INFO - [2024-08-27T04:46:26.156+0000] {dag.py:4138} INFO - Setting next_dagrun for latest_only to 2024-08-27 00:00:00+00:00, run_after=2024-08-27 04:00:00+00:00
[2024-08-27T04:46:26.183+0000] {processor.py:208} INFO - Processing /home/airflow/.local/lib/python3.12/site-packages/airflow/example_dags/example_latest_only.py took 0.116 seconds
[2024-08-27T04:47:09.754+0000] {processor.py:186} INFO - Started process (PID=346) to work on /home/airflow/.local/lib/python3.12/site-packages/airflow/example_dags/example_latest_only.py
[2024-08-27T04:47:09.756+0000] {processor.py:914} INFO - Processing file /home/airflow/.local/lib/python3.12/site-packages/airflow/example_dags/example_latest_only.py for tasks to queue
[2024-08-27T04:47:09.763+0000] {logging_mixin.py:190} INFO - [2024-08-27T04:47:09.762+0000] {dagbag.py:587} INFO - Filling up the DagBag from /home/airflow/.local/lib/python3.12/site-packages/airflow/example_dags/example_latest_only.py
[2024-08-27T04:47:09.778+0000] {processor.py:925} INFO - DAG(s) 'latest_only' retrieved from /home/airflow/.local/lib/python3.12/site-packages/airflow/example_dags/example_latest_only.py
[2024-08-27T04:47:09.829+0000] {logging_mixin.py:190} INFO - [2024-08-27T04:47:09.828+0000] {dag.py:3211} INFO - Sync 1 DAGs
[2024-08-27T04:47:09.868+0000] {logging_mixin.py:190} INFO - [2024-08-27T04:47:09.867+0000] {dag.py:4138} INFO - Setting next_dagrun for latest_only to 2024-08-27 00:00:00+00:00, run_after=2024-08-27 04:00:00+00:00
[2024-08-27T04:47:09.900+0000] {processor.py:208} INFO - Processing /home/airflow/.local/lib/python3.12/site-packages/airflow/example_dags/example_latest_only.py took 0.159 seconds
[2024-08-27T04:47:52.065+0000] {processor.py:186} INFO - Started process (PID=419) to work on /home/airflow/.local/lib/python3.12/site-packages/airflow/example_dags/example_latest_only.py
[2024-08-27T04:47:52.069+0000] {processor.py:914} INFO - Processing file /home/airflow/.local/lib/python3.12/site-packages/airflow/example_dags/example_latest_only.py for tasks to queue
[2024-08-27T04:47:52.077+0000] {logging_mixin.py:190} INFO - [2024-08-27T04:47:52.076+0000] {dagbag.py:587} INFO - Filling up the DagBag from /home/airflow/.local/lib/python3.12/site-packages/airflow/example_dags/example_latest_only.py
[2024-08-27T04:47:52.100+0000] {processor.py:925} INFO - DAG(s) 'latest_only' retrieved from /home/airflow/.local/lib/python3.12/site-packages/airflow/example_dags/example_latest_only.py
[2024-08-27T04:47:52.156+0000] {logging_mixin.py:190} INFO - [2024-08-27T04:47:52.156+0000] {dag.py:3211} INFO - Sync 1 DAGs
[2024-08-27T04:47:52.220+0000] {logging_mixin.py:190} INFO - [2024-08-27T04:47:52.219+0000] {dag.py:4138} INFO - Setting next_dagrun for latest_only to 2024-08-27 00:00:00+00:00, run_after=2024-08-27 04:00:00+00:00
[2024-08-27T04:47:52.260+0000] {processor.py:208} INFO - Processing /home/airflow/.local/lib/python3.12/site-packages/airflow/example_dags/example_latest_only.py took 0.212 seconds
[2024-08-27T04:48:37.615+0000] {processor.py:186} INFO - Started process (PID=486) to work on /home/airflow/.local/lib/python3.12/site-packages/airflow/example_dags/example_latest_only.py
[2024-08-27T04:48:37.617+0000] {processor.py:914} INFO - Processing file /home/airflow/.local/lib/python3.12/site-packages/airflow/example_dags/example_latest_only.py for tasks to queue
[2024-08-27T04:48:37.620+0000] {logging_mixin.py:190} INFO - [2024-08-27T04:48:37.620+0000] {dagbag.py:587} INFO - Filling up the DagBag from /home/airflow/.local/lib/python3.12/site-packages/airflow/example_dags/example_latest_only.py
[2024-08-27T04:48:37.630+0000] {processor.py:925} INFO - DAG(s) 'latest_only' retrieved from /home/airflow/.local/lib/python3.12/site-packages/airflow/example_dags/example_latest_only.py
[2024-08-27T04:48:37.658+0000] {logging_mixin.py:190} INFO - [2024-08-27T04:48:37.658+0000] {dag.py:3211} INFO - Sync 1 DAGs
[2024-08-27T04:48:37.689+0000] {logging_mixin.py:190} INFO - [2024-08-27T04:48:37.688+0000] {dag.py:4138} INFO - Setting next_dagrun for latest_only to 2024-08-27 00:00:00+00:00, run_after=2024-08-27 04:00:00+00:00
[2024-08-27T04:48:37.717+0000] {processor.py:208} INFO - Processing /home/airflow/.local/lib/python3.12/site-packages/airflow/example_dags/example_latest_only.py took 0.110 seconds
[2024-08-27T04:49:16.517+0000] {processor.py:186} INFO - Started process (PID=552) to work on /home/airflow/.local/lib/python3.12/site-packages/airflow/example_dags/example_latest_only.py
[2024-08-27T04:49:16.519+0000] {processor.py:914} INFO - Processing file /home/airflow/.local/lib/python3.12/site-packages/airflow/example_dags/example_latest_only.py for tasks to queue
[2024-08-27T04:49:16.522+0000] {logging_mixin.py:190} INFO - [2024-08-27T04:49:16.522+0000] {dagbag.py:587} INFO - Filling up the DagBag from /home/airflow/.local/lib/python3.12/site-packages/airflow/example_dags/example_latest_only.py
[2024-08-27T04:49:16.531+0000] {processor.py:925} INFO - DAG(s) 'latest_only' retrieved from /home/airflow/.local/lib/python3.12/site-packages/airflow/example_dags/example_latest_only.py
[2024-08-27T04:49:16.564+0000] {logging_mixin.py:190} INFO - [2024-08-27T04:49:16.564+0000] {dag.py:3211} INFO - Sync 1 DAGs
[2024-08-27T04:49:16.595+0000] {logging_mixin.py:190} INFO - [2024-08-27T04:49:16.594+0000] {dag.py:4138} INFO - Setting next_dagrun for latest_only to 2024-08-27 00:00:00+00:00, run_after=2024-08-27 04:00:00+00:00
[2024-08-27T04:49:16.621+0000] {processor.py:208} INFO - Processing /home/airflow/.local/lib/python3.12/site-packages/airflow/example_dags/example_latest_only.py took 0.113 seconds
[2024-08-27T04:49:54.612+0000] {processor.py:186} INFO - Started process (PID=624) to work on /home/airflow/.local/lib/python3.12/site-packages/airflow/example_dags/example_latest_only.py
[2024-08-27T04:49:54.613+0000] {processor.py:914} INFO - Processing file /home/airflow/.local/lib/python3.12/site-packages/airflow/example_dags/example_latest_only.py for tasks to queue
[2024-08-27T04:49:54.617+0000] {logging_mixin.py:190} INFO - [2024-08-27T04:49:54.616+0000] {dagbag.py:587} INFO - Filling up the DagBag from /home/airflow/.local/lib/python3.12/site-packages/airflow/example_dags/example_latest_only.py
[2024-08-27T04:49:54.628+0000] {processor.py:925} INFO - DAG(s) 'latest_only' retrieved from /home/airflow/.local/lib/python3.12/site-packages/airflow/example_dags/example_latest_only.py
[2024-08-27T04:49:54.663+0000] {logging_mixin.py:190} INFO - [2024-08-27T04:49:54.662+0000] {dag.py:3211} INFO - Sync 1 DAGs
[2024-08-27T04:49:54.694+0000] {logging_mixin.py:190} INFO - [2024-08-27T04:49:54.694+0000] {dag.py:4138} INFO - Setting next_dagrun for latest_only to 2024-08-27 00:00:00+00:00, run_after=2024-08-27 04:00:00+00:00
[2024-08-27T04:49:54.718+0000] {processor.py:208} INFO - Processing /home/airflow/.local/lib/python3.12/site-packages/airflow/example_dags/example_latest_only.py took 0.115 seconds
[2024-08-27T04:50:32.757+0000] {processor.py:186} INFO - Started process (PID=691) to work on /home/airflow/.local/lib/python3.12/site-packages/airflow/example_dags/example_latest_only.py
[2024-08-27T04:50:32.759+0000] {processor.py:914} INFO - Processing file /home/airflow/.local/lib/python3.12/site-packages/airflow/example_dags/example_latest_only.py for tasks to queue
[2024-08-27T04:50:32.763+0000] {logging_mixin.py:190} INFO - [2024-08-27T04:50:32.762+0000] {dagbag.py:587} INFO - Filling up the DagBag from /home/airflow/.local/lib/python3.12/site-packages/airflow/example_dags/example_latest_only.py
[2024-08-27T04:50:32.772+0000] {processor.py:925} INFO - DAG(s) 'latest_only' retrieved from /home/airflow/.local/lib/python3.12/site-packages/airflow/example_dags/example_latest_only.py
[2024-08-27T04:50:32.799+0000] {logging_mixin.py:190} INFO - [2024-08-27T04:50:32.799+0000] {dag.py:3211} INFO - Sync 1 DAGs
[2024-08-27T04:50:32.827+0000] {logging_mixin.py:190} INFO - [2024-08-27T04:50:32.827+0000] {dag.py:4138} INFO - Setting next_dagrun for latest_only to 2024-08-27 00:00:00+00:00, run_after=2024-08-27 04:00:00+00:00
[2024-08-27T04:50:32.851+0000] {processor.py:208} INFO - Processing /home/airflow/.local/lib/python3.12/site-packages/airflow/example_dags/example_latest_only.py took 0.102 seconds
[2024-08-27T04:51:13.700+0000] {processor.py:186} INFO - Started process (PID=757) to work on /home/airflow/.local/lib/python3.12/site-packages/airflow/example_dags/example_latest_only.py
[2024-08-27T04:51:13.704+0000] {processor.py:914} INFO - Processing file /home/airflow/.local/lib/python3.12/site-packages/airflow/example_dags/example_latest_only.py for tasks to queue
[2024-08-27T04:51:13.713+0000] {logging_mixin.py:190} INFO - [2024-08-27T04:51:13.712+0000] {dagbag.py:587} INFO - Filling up the DagBag from /home/airflow/.local/lib/python3.12/site-packages/airflow/example_dags/example_latest_only.py
[2024-08-27T04:51:13.723+0000] {processor.py:925} INFO - DAG(s) 'latest_only' retrieved from /home/airflow/.local/lib/python3.12/site-packages/airflow/example_dags/example_latest_only.py
[2024-08-27T04:51:13.756+0000] {logging_mixin.py:190} INFO - [2024-08-27T04:51:13.756+0000] {dag.py:3211} INFO - Sync 1 DAGs
[2024-08-27T04:51:13.789+0000] {logging_mixin.py:190} INFO - [2024-08-27T04:51:13.788+0000] {dag.py:4138} INFO - Setting next_dagrun for latest_only to 2024-08-27 00:00:00+00:00, run_after=2024-08-27 04:00:00+00:00
[2024-08-27T04:51:13.814+0000] {processor.py:208} INFO - Processing /home/airflow/.local/lib/python3.12/site-packages/airflow/example_dags/example_latest_only.py took 0.123 seconds
[2024-08-27T04:51:55.878+0000] {processor.py:186} INFO - Started process (PID=830) to work on /home/airflow/.local/lib/python3.12/site-packages/airflow/example_dags/example_latest_only.py
[2024-08-27T04:51:55.879+0000] {processor.py:914} INFO - Processing file /home/airflow/.local/lib/python3.12/site-packages/airflow/example_dags/example_latest_only.py for tasks to queue
[2024-08-27T04:51:55.883+0000] {logging_mixin.py:190} INFO - [2024-08-27T04:51:55.882+0000] {dagbag.py:587} INFO - Filling up the DagBag from /home/airflow/.local/lib/python3.12/site-packages/airflow/example_dags/example_latest_only.py
[2024-08-27T04:51:55.892+0000] {processor.py:925} INFO - DAG(s) 'latest_only' retrieved from /home/airflow/.local/lib/python3.12/site-packages/airflow/example_dags/example_latest_only.py
[2024-08-27T04:51:55.921+0000] {logging_mixin.py:190} INFO - [2024-08-27T04:51:55.921+0000] {dag.py:3211} INFO - Sync 1 DAGs
[2024-08-27T04:51:55.950+0000] {logging_mixin.py:190} INFO - [2024-08-27T04:51:55.950+0000] {dag.py:4138} INFO - Setting next_dagrun for latest_only to 2024-08-27 00:00:00+00:00, run_after=2024-08-27 04:00:00+00:00
[2024-08-27T04:51:55.977+0000] {processor.py:208} INFO - Processing /home/airflow/.local/lib/python3.12/site-packages/airflow/example_dags/example_latest_only.py took 0.107 seconds
