[2024-08-27T04:44:24.689+0000] {processor.py:186} INFO - Started process (PID=86) to work on /home/airflow/.local/lib/python3.12/site-packages/airflow/example_dags/example_sensors.py
[2024-08-27T04:44:24.694+0000] {processor.py:914} INFO - Processing file /home/airflow/.local/lib/python3.12/site-packages/airflow/example_dags/example_sensors.py for tasks to queue
[2024-08-27T04:44:24.699+0000] {logging_mixin.py:190} INFO - [2024-08-27T04:44:24.698+0000] {dagbag.py:587} INFO - Filling up the DagBag from /home/airflow/.local/lib/python3.12/site-packages/airflow/example_dags/example_sensors.py
[2024-08-27T04:44:24.718+0000] {processor.py:925} INFO - DAG(s) 'example_sensors' retrieved from /home/airflow/.local/lib/python3.12/site-packages/airflow/example_dags/example_sensors.py
[2024-08-27T04:44:24.779+0000] {logging_mixin.py:190} INFO - [2024-08-27T04:44:24.779+0000] {dag.py:3211} INFO - Sync 1 DAGs
[2024-08-27T04:44:24.804+0000] {logging_mixin.py:190} INFO - [2024-08-27T04:44:24.803+0000] {dag.py:4138} INFO - Setting next_dagrun for example_sensors to None, run_after=None
[2024-08-27T04:44:24.832+0000] {processor.py:208} INFO - Processing /home/airflow/.local/lib/python3.12/site-packages/airflow/example_dags/example_sensors.py took 0.152 seconds
[2024-08-27T04:45:03.467+0000] {processor.py:186} INFO - Started process (PID=152) to work on /home/airflow/.local/lib/python3.12/site-packages/airflow/example_dags/example_sensors.py
[2024-08-27T04:45:03.469+0000] {processor.py:914} INFO - Processing file /home/airflow/.local/lib/python3.12/site-packages/airflow/example_dags/example_sensors.py for tasks to queue
[2024-08-27T04:45:03.473+0000] {logging_mixin.py:190} INFO - [2024-08-27T04:45:03.472+0000] {dagbag.py:587} INFO - Filling up the DagBag from /home/airflow/.local/lib/python3.12/site-packages/airflow/example_dags/example_sensors.py
[2024-08-27T04:45:03.489+0000] {processor.py:925} INFO - DAG(s) 'example_sensors' retrieved from /home/airflow/.local/lib/python3.12/site-packages/airflow/example_dags/example_sensors.py
[2024-08-27T04:45:03.530+0000] {logging_mixin.py:190} INFO - [2024-08-27T04:45:03.530+0000] {dag.py:3211} INFO - Sync 1 DAGs
[2024-08-27T04:45:03.555+0000] {logging_mixin.py:190} INFO - [2024-08-27T04:45:03.555+0000] {dag.py:4138} INFO - Setting next_dagrun for example_sensors to None, run_after=None
[2024-08-27T04:45:03.582+0000] {processor.py:208} INFO - Processing /home/airflow/.local/lib/python3.12/site-packages/airflow/example_dags/example_sensors.py took 0.124 seconds
[2024-08-27T04:45:46.085+0000] {processor.py:186} INFO - Started process (PID=226) to work on /home/airflow/.local/lib/python3.12/site-packages/airflow/example_dags/example_sensors.py
[2024-08-27T04:45:46.088+0000] {processor.py:914} INFO - Processing file /home/airflow/.local/lib/python3.12/site-packages/airflow/example_dags/example_sensors.py for tasks to queue
[2024-08-27T04:45:46.093+0000] {logging_mixin.py:190} INFO - [2024-08-27T04:45:46.092+0000] {dagbag.py:587} INFO - Filling up the DagBag from /home/airflow/.local/lib/python3.12/site-packages/airflow/example_dags/example_sensors.py
[2024-08-27T04:45:46.115+0000] {processor.py:925} INFO - DAG(s) 'example_sensors' retrieved from /home/airflow/.local/lib/python3.12/site-packages/airflow/example_dags/example_sensors.py
[2024-08-27T04:45:46.237+0000] {logging_mixin.py:190} INFO - [2024-08-27T04:45:46.235+0000] {dag.py:3211} INFO - Sync 1 DAGs
[2024-08-27T04:45:46.315+0000] {logging_mixin.py:190} INFO - [2024-08-27T04:45:46.314+0000] {dag.py:4138} INFO - Setting next_dagrun for example_sensors to None, run_after=None
[2024-08-27T04:45:46.368+0000] {processor.py:208} INFO - Processing /home/airflow/.local/lib/python3.12/site-packages/airflow/example_dags/example_sensors.py took 0.294 seconds
[2024-08-27T04:46:29.088+0000] {processor.py:186} INFO - Started process (PID=292) to work on /home/airflow/.local/lib/python3.12/site-packages/airflow/example_dags/example_sensors.py
[2024-08-27T04:46:29.091+0000] {processor.py:914} INFO - Processing file /home/airflow/.local/lib/python3.12/site-packages/airflow/example_dags/example_sensors.py for tasks to queue
[2024-08-27T04:46:29.096+0000] {logging_mixin.py:190} INFO - [2024-08-27T04:46:29.096+0000] {dagbag.py:587} INFO - Filling up the DagBag from /home/airflow/.local/lib/python3.12/site-packages/airflow/example_dags/example_sensors.py
[2024-08-27T04:46:29.116+0000] {processor.py:925} INFO - DAG(s) 'example_sensors' retrieved from /home/airflow/.local/lib/python3.12/site-packages/airflow/example_dags/example_sensors.py
[2024-08-27T04:46:29.166+0000] {logging_mixin.py:190} INFO - [2024-08-27T04:46:29.166+0000] {dag.py:3211} INFO - Sync 1 DAGs
[2024-08-27T04:46:29.186+0000] {logging_mixin.py:190} INFO - [2024-08-27T04:46:29.186+0000] {dag.py:4138} INFO - Setting next_dagrun for example_sensors to None, run_after=None
[2024-08-27T04:46:29.215+0000] {processor.py:208} INFO - Processing /home/airflow/.local/lib/python3.12/site-packages/airflow/example_dags/example_sensors.py took 0.137 seconds
[2024-08-27T04:47:11.500+0000] {processor.py:186} INFO - Started process (PID=358) to work on /home/airflow/.local/lib/python3.12/site-packages/airflow/example_dags/example_sensors.py
[2024-08-27T04:47:11.503+0000] {processor.py:914} INFO - Processing file /home/airflow/.local/lib/python3.12/site-packages/airflow/example_dags/example_sensors.py for tasks to queue
[2024-08-27T04:47:11.508+0000] {logging_mixin.py:190} INFO - [2024-08-27T04:47:11.508+0000] {dagbag.py:587} INFO - Filling up the DagBag from /home/airflow/.local/lib/python3.12/site-packages/airflow/example_dags/example_sensors.py
[2024-08-27T04:47:11.531+0000] {processor.py:925} INFO - DAG(s) 'example_sensors' retrieved from /home/airflow/.local/lib/python3.12/site-packages/airflow/example_dags/example_sensors.py
[2024-08-27T04:47:11.587+0000] {logging_mixin.py:190} INFO - [2024-08-27T04:47:11.587+0000] {dag.py:3211} INFO - Sync 1 DAGs
[2024-08-27T04:47:11.627+0000] {logging_mixin.py:190} INFO - [2024-08-27T04:47:11.627+0000] {dag.py:4138} INFO - Setting next_dagrun for example_sensors to None, run_after=None
[2024-08-27T04:47:11.657+0000] {processor.py:208} INFO - Processing /home/airflow/.local/lib/python3.12/site-packages/airflow/example_dags/example_sensors.py took 0.168 seconds
[2024-08-27T04:47:53.674+0000] {processor.py:186} INFO - Started process (PID=431) to work on /home/airflow/.local/lib/python3.12/site-packages/airflow/example_dags/example_sensors.py
[2024-08-27T04:47:53.677+0000] {processor.py:914} INFO - Processing file /home/airflow/.local/lib/python3.12/site-packages/airflow/example_dags/example_sensors.py for tasks to queue
[2024-08-27T04:47:53.687+0000] {logging_mixin.py:190} INFO - [2024-08-27T04:47:53.685+0000] {dagbag.py:587} INFO - Filling up the DagBag from /home/airflow/.local/lib/python3.12/site-packages/airflow/example_dags/example_sensors.py
[2024-08-27T04:47:53.709+0000] {processor.py:925} INFO - DAG(s) 'example_sensors' retrieved from /home/airflow/.local/lib/python3.12/site-packages/airflow/example_dags/example_sensors.py
[2024-08-27T04:47:53.754+0000] {logging_mixin.py:190} INFO - [2024-08-27T04:47:53.754+0000] {dag.py:3211} INFO - Sync 1 DAGs
[2024-08-27T04:47:53.775+0000] {logging_mixin.py:190} INFO - [2024-08-27T04:47:53.775+0000] {dag.py:4138} INFO - Setting next_dagrun for example_sensors to None, run_after=None
[2024-08-27T04:47:53.804+0000] {processor.py:208} INFO - Processing /home/airflow/.local/lib/python3.12/site-packages/airflow/example_dags/example_sensors.py took 0.143 seconds
[2024-08-27T04:48:38.587+0000] {processor.py:186} INFO - Started process (PID=498) to work on /home/airflow/.local/lib/python3.12/site-packages/airflow/example_dags/example_sensors.py
[2024-08-27T04:48:38.594+0000] {processor.py:914} INFO - Processing file /home/airflow/.local/lib/python3.12/site-packages/airflow/example_dags/example_sensors.py for tasks to queue
[2024-08-27T04:48:38.598+0000] {logging_mixin.py:190} INFO - [2024-08-27T04:48:38.598+0000] {dagbag.py:587} INFO - Filling up the DagBag from /home/airflow/.local/lib/python3.12/site-packages/airflow/example_dags/example_sensors.py
[2024-08-27T04:48:38.631+0000] {processor.py:925} INFO - DAG(s) 'example_sensors' retrieved from /home/airflow/.local/lib/python3.12/site-packages/airflow/example_dags/example_sensors.py
[2024-08-27T04:48:39.236+0000] {logging_mixin.py:190} INFO - [2024-08-27T04:48:39.235+0000] {dag.py:3211} INFO - Sync 1 DAGs
[2024-08-27T04:48:39.301+0000] {logging_mixin.py:190} INFO - [2024-08-27T04:48:39.299+0000] {dag.py:4138} INFO - Setting next_dagrun for example_sensors to None, run_after=None
[2024-08-27T04:48:39.362+0000] {processor.py:208} INFO - Processing /home/airflow/.local/lib/python3.12/site-packages/airflow/example_dags/example_sensors.py took 0.784 seconds
[2024-08-27T04:49:17.571+0000] {processor.py:186} INFO - Started process (PID=570) to work on /home/airflow/.local/lib/python3.12/site-packages/airflow/example_dags/example_sensors.py
[2024-08-27T04:49:17.573+0000] {processor.py:914} INFO - Processing file /home/airflow/.local/lib/python3.12/site-packages/airflow/example_dags/example_sensors.py for tasks to queue
[2024-08-27T04:49:17.577+0000] {logging_mixin.py:190} INFO - [2024-08-27T04:49:17.576+0000] {dagbag.py:587} INFO - Filling up the DagBag from /home/airflow/.local/lib/python3.12/site-packages/airflow/example_dags/example_sensors.py
[2024-08-27T04:49:17.596+0000] {processor.py:925} INFO - DAG(s) 'example_sensors' retrieved from /home/airflow/.local/lib/python3.12/site-packages/airflow/example_dags/example_sensors.py
[2024-08-27T04:49:17.639+0000] {logging_mixin.py:190} INFO - [2024-08-27T04:49:17.639+0000] {dag.py:3211} INFO - Sync 1 DAGs
[2024-08-27T04:49:17.667+0000] {logging_mixin.py:190} INFO - [2024-08-27T04:49:17.667+0000] {dag.py:4138} INFO - Setting next_dagrun for example_sensors to None, run_after=None
[2024-08-27T04:49:17.704+0000] {processor.py:208} INFO - Processing /home/airflow/.local/lib/python3.12/site-packages/airflow/example_dags/example_sensors.py took 0.143 seconds
[2024-08-27T04:49:55.679+0000] {processor.py:186} INFO - Started process (PID=636) to work on /home/airflow/.local/lib/python3.12/site-packages/airflow/example_dags/example_sensors.py
[2024-08-27T04:49:55.681+0000] {processor.py:914} INFO - Processing file /home/airflow/.local/lib/python3.12/site-packages/airflow/example_dags/example_sensors.py for tasks to queue
[2024-08-27T04:49:55.685+0000] {logging_mixin.py:190} INFO - [2024-08-27T04:49:55.684+0000] {dagbag.py:587} INFO - Filling up the DagBag from /home/airflow/.local/lib/python3.12/site-packages/airflow/example_dags/example_sensors.py
[2024-08-27T04:49:55.704+0000] {processor.py:925} INFO - DAG(s) 'example_sensors' retrieved from /home/airflow/.local/lib/python3.12/site-packages/airflow/example_dags/example_sensors.py
[2024-08-27T04:49:55.743+0000] {logging_mixin.py:190} INFO - [2024-08-27T04:49:55.743+0000] {dag.py:3211} INFO - Sync 1 DAGs
[2024-08-27T04:49:55.765+0000] {logging_mixin.py:190} INFO - [2024-08-27T04:49:55.765+0000] {dag.py:4138} INFO - Setting next_dagrun for example_sensors to None, run_after=None
[2024-08-27T04:49:55.791+0000] {processor.py:208} INFO - Processing /home/airflow/.local/lib/python3.12/site-packages/airflow/example_dags/example_sensors.py took 0.122 seconds
[2024-08-27T04:50:33.845+0000] {processor.py:186} INFO - Started process (PID=703) to work on /home/airflow/.local/lib/python3.12/site-packages/airflow/example_dags/example_sensors.py
[2024-08-27T04:50:33.847+0000] {processor.py:914} INFO - Processing file /home/airflow/.local/lib/python3.12/site-packages/airflow/example_dags/example_sensors.py for tasks to queue
[2024-08-27T04:50:33.851+0000] {logging_mixin.py:190} INFO - [2024-08-27T04:50:33.851+0000] {dagbag.py:587} INFO - Filling up the DagBag from /home/airflow/.local/lib/python3.12/site-packages/airflow/example_dags/example_sensors.py
[2024-08-27T04:50:33.867+0000] {processor.py:925} INFO - DAG(s) 'example_sensors' retrieved from /home/airflow/.local/lib/python3.12/site-packages/airflow/example_dags/example_sensors.py
[2024-08-27T04:50:33.913+0000] {logging_mixin.py:190} INFO - [2024-08-27T04:50:33.913+0000] {dag.py:3211} INFO - Sync 1 DAGs
[2024-08-27T04:50:33.936+0000] {logging_mixin.py:190} INFO - [2024-08-27T04:50:33.935+0000] {dag.py:4138} INFO - Setting next_dagrun for example_sensors to None, run_after=None
[2024-08-27T04:50:33.962+0000] {processor.py:208} INFO - Processing /home/airflow/.local/lib/python3.12/site-packages/airflow/example_dags/example_sensors.py took 0.126 seconds
[2024-08-27T04:51:14.652+0000] {processor.py:186} INFO - Started process (PID=769) to work on /home/airflow/.local/lib/python3.12/site-packages/airflow/example_dags/example_sensors.py
[2024-08-27T04:51:14.654+0000] {processor.py:914} INFO - Processing file /home/airflow/.local/lib/python3.12/site-packages/airflow/example_dags/example_sensors.py for tasks to queue
[2024-08-27T04:51:14.657+0000] {logging_mixin.py:190} INFO - [2024-08-27T04:51:14.657+0000] {dagbag.py:587} INFO - Filling up the DagBag from /home/airflow/.local/lib/python3.12/site-packages/airflow/example_dags/example_sensors.py
[2024-08-27T04:51:14.674+0000] {processor.py:925} INFO - DAG(s) 'example_sensors' retrieved from /home/airflow/.local/lib/python3.12/site-packages/airflow/example_dags/example_sensors.py
[2024-08-27T04:51:14.715+0000] {logging_mixin.py:190} INFO - [2024-08-27T04:51:14.714+0000] {dag.py:3211} INFO - Sync 1 DAGs
[2024-08-27T04:51:14.734+0000] {logging_mixin.py:190} INFO - [2024-08-27T04:51:14.734+0000] {dag.py:4138} INFO - Setting next_dagrun for example_sensors to None, run_after=None
[2024-08-27T04:51:14.759+0000] {processor.py:208} INFO - Processing /home/airflow/.local/lib/python3.12/site-packages/airflow/example_dags/example_sensors.py took 0.116 seconds
[2024-08-27T04:51:56.990+0000] {processor.py:186} INFO - Started process (PID=842) to work on /home/airflow/.local/lib/python3.12/site-packages/airflow/example_dags/example_sensors.py
[2024-08-27T04:51:56.992+0000] {processor.py:914} INFO - Processing file /home/airflow/.local/lib/python3.12/site-packages/airflow/example_dags/example_sensors.py for tasks to queue
[2024-08-27T04:51:56.996+0000] {logging_mixin.py:190} INFO - [2024-08-27T04:51:56.995+0000] {dagbag.py:587} INFO - Filling up the DagBag from /home/airflow/.local/lib/python3.12/site-packages/airflow/example_dags/example_sensors.py
[2024-08-27T04:51:57.015+0000] {processor.py:925} INFO - DAG(s) 'example_sensors' retrieved from /home/airflow/.local/lib/python3.12/site-packages/airflow/example_dags/example_sensors.py
[2024-08-27T04:51:57.058+0000] {logging_mixin.py:190} INFO - [2024-08-27T04:51:57.058+0000] {dag.py:3211} INFO - Sync 1 DAGs
[2024-08-27T04:51:57.082+0000] {logging_mixin.py:190} INFO - [2024-08-27T04:51:57.082+0000] {dag.py:4138} INFO - Setting next_dagrun for example_sensors to None, run_after=None
[2024-08-27T04:51:57.120+0000] {processor.py:208} INFO - Processing /home/airflow/.local/lib/python3.12/site-packages/airflow/example_dags/example_sensors.py took 0.139 seconds
