[2024-08-27T04:44:25.152+0000] {processor.py:186} INFO - Started process (PID=91) to work on /home/airflow/.local/lib/python3.12/site-packages/airflow/example_dags/example_sensor_decorator.py
[2024-08-27T04:44:25.157+0000] {processor.py:914} INFO - Processing file /home/airflow/.local/lib/python3.12/site-packages/airflow/example_dags/example_sensor_decorator.py for tasks to queue
[2024-08-27T04:44:25.164+0000] {logging_mixin.py:190} INFO - [2024-08-27T04:44:25.164+0000] {dagbag.py:587} INFO - Filling up the DagBag from /home/airflow/.local/lib/python3.12/site-packages/airflow/example_dags/example_sensor_decorator.py
[2024-08-27T04:44:25.185+0000] {processor.py:925} INFO - DAG(s) 'example_sensor_decorator' retrieved from /home/airflow/.local/lib/python3.12/site-packages/airflow/example_dags/example_sensor_decorator.py
[2024-08-27T04:44:25.248+0000] {logging_mixin.py:190} INFO - [2024-08-27T04:44:25.248+0000] {dag.py:3211} INFO - Sync 1 DAGs
[2024-08-27T04:44:25.279+0000] {logging_mixin.py:190} INFO - [2024-08-27T04:44:25.279+0000] {dag.py:4138} INFO - Setting next_dagrun for example_sensor_decorator to None, run_after=None
[2024-08-27T04:44:25.313+0000] {processor.py:208} INFO - Processing /home/airflow/.local/lib/python3.12/site-packages/airflow/example_dags/example_sensor_decorator.py took 0.176 seconds
[2024-08-27T04:45:03.964+0000] {processor.py:186} INFO - Started process (PID=157) to work on /home/airflow/.local/lib/python3.12/site-packages/airflow/example_dags/example_sensor_decorator.py
[2024-08-27T04:45:03.966+0000] {processor.py:914} INFO - Processing file /home/airflow/.local/lib/python3.12/site-packages/airflow/example_dags/example_sensor_decorator.py for tasks to queue
[2024-08-27T04:45:03.969+0000] {logging_mixin.py:190} INFO - [2024-08-27T04:45:03.969+0000] {dagbag.py:587} INFO - Filling up the DagBag from /home/airflow/.local/lib/python3.12/site-packages/airflow/example_dags/example_sensor_decorator.py
[2024-08-27T04:45:03.980+0000] {processor.py:925} INFO - DAG(s) 'example_sensor_decorator' retrieved from /home/airflow/.local/lib/python3.12/site-packages/airflow/example_dags/example_sensor_decorator.py
[2024-08-27T04:45:04.011+0000] {logging_mixin.py:190} INFO - [2024-08-27T04:45:04.010+0000] {dag.py:3211} INFO - Sync 1 DAGs
[2024-08-27T04:45:04.030+0000] {logging_mixin.py:190} INFO - [2024-08-27T04:45:04.029+0000] {dag.py:4138} INFO - Setting next_dagrun for example_sensor_decorator to None, run_after=None
[2024-08-27T04:45:04.059+0000] {processor.py:208} INFO - Processing /home/airflow/.local/lib/python3.12/site-packages/airflow/example_dags/example_sensor_decorator.py took 0.104 seconds
[2024-08-27T04:45:47.634+0000] {processor.py:186} INFO - Started process (PID=231) to work on /home/airflow/.local/lib/python3.12/site-packages/airflow/example_dags/example_sensor_decorator.py
[2024-08-27T04:45:47.639+0000] {processor.py:914} INFO - Processing file /home/airflow/.local/lib/python3.12/site-packages/airflow/example_dags/example_sensor_decorator.py for tasks to queue
[2024-08-27T04:45:47.646+0000] {logging_mixin.py:190} INFO - [2024-08-27T04:45:47.644+0000] {dagbag.py:587} INFO - Filling up the DagBag from /home/airflow/.local/lib/python3.12/site-packages/airflow/example_dags/example_sensor_decorator.py
[2024-08-27T04:45:47.680+0000] {processor.py:925} INFO - DAG(s) 'example_sensor_decorator' retrieved from /home/airflow/.local/lib/python3.12/site-packages/airflow/example_dags/example_sensor_decorator.py
[2024-08-27T04:45:47.738+0000] {logging_mixin.py:190} INFO - [2024-08-27T04:45:47.738+0000] {dag.py:3211} INFO - Sync 1 DAGs
[2024-08-27T04:45:47.787+0000] {logging_mixin.py:190} INFO - [2024-08-27T04:45:47.787+0000] {dag.py:4138} INFO - Setting next_dagrun for example_sensor_decorator to None, run_after=None
[2024-08-27T04:45:47.824+0000] {processor.py:208} INFO - Processing /home/airflow/.local/lib/python3.12/site-packages/airflow/example_dags/example_sensor_decorator.py took 0.211 seconds
[2024-08-27T04:46:29.599+0000] {processor.py:186} INFO - Started process (PID=297) to work on /home/airflow/.local/lib/python3.12/site-packages/airflow/example_dags/example_sensor_decorator.py
[2024-08-27T04:46:29.601+0000] {processor.py:914} INFO - Processing file /home/airflow/.local/lib/python3.12/site-packages/airflow/example_dags/example_sensor_decorator.py for tasks to queue
[2024-08-27T04:46:29.605+0000] {logging_mixin.py:190} INFO - [2024-08-27T04:46:29.605+0000] {dagbag.py:587} INFO - Filling up the DagBag from /home/airflow/.local/lib/python3.12/site-packages/airflow/example_dags/example_sensor_decorator.py
[2024-08-27T04:46:29.617+0000] {processor.py:925} INFO - DAG(s) 'example_sensor_decorator' retrieved from /home/airflow/.local/lib/python3.12/site-packages/airflow/example_dags/example_sensor_decorator.py
[2024-08-27T04:46:29.648+0000] {logging_mixin.py:190} INFO - [2024-08-27T04:46:29.648+0000] {dag.py:3211} INFO - Sync 1 DAGs
[2024-08-27T04:46:29.677+0000] {logging_mixin.py:190} INFO - [2024-08-27T04:46:29.676+0000] {dag.py:4138} INFO - Setting next_dagrun for example_sensor_decorator to None, run_after=None
[2024-08-27T04:46:29.748+0000] {processor.py:208} INFO - Processing /home/airflow/.local/lib/python3.12/site-packages/airflow/example_dags/example_sensor_decorator.py took 0.158 seconds
[2024-08-27T04:47:12.072+0000] {processor.py:186} INFO - Started process (PID=363) to work on /home/airflow/.local/lib/python3.12/site-packages/airflow/example_dags/example_sensor_decorator.py
[2024-08-27T04:47:12.074+0000] {processor.py:914} INFO - Processing file /home/airflow/.local/lib/python3.12/site-packages/airflow/example_dags/example_sensor_decorator.py for tasks to queue
[2024-08-27T04:47:12.080+0000] {logging_mixin.py:190} INFO - [2024-08-27T04:47:12.080+0000] {dagbag.py:587} INFO - Filling up the DagBag from /home/airflow/.local/lib/python3.12/site-packages/airflow/example_dags/example_sensor_decorator.py
[2024-08-27T04:47:12.099+0000] {processor.py:925} INFO - DAG(s) 'example_sensor_decorator' retrieved from /home/airflow/.local/lib/python3.12/site-packages/airflow/example_dags/example_sensor_decorator.py
[2024-08-27T04:47:12.156+0000] {logging_mixin.py:190} INFO - [2024-08-27T04:47:12.155+0000] {dag.py:3211} INFO - Sync 1 DAGs
[2024-08-27T04:47:12.189+0000] {logging_mixin.py:190} INFO - [2024-08-27T04:47:12.188+0000] {dag.py:4138} INFO - Setting next_dagrun for example_sensor_decorator to None, run_after=None
[2024-08-27T04:47:12.234+0000] {processor.py:208} INFO - Processing /home/airflow/.local/lib/python3.12/site-packages/airflow/example_dags/example_sensor_decorator.py took 0.172 seconds
[2024-08-27T04:47:54.172+0000] {processor.py:186} INFO - Started process (PID=436) to work on /home/airflow/.local/lib/python3.12/site-packages/airflow/example_dags/example_sensor_decorator.py
[2024-08-27T04:47:54.175+0000] {processor.py:914} INFO - Processing file /home/airflow/.local/lib/python3.12/site-packages/airflow/example_dags/example_sensor_decorator.py for tasks to queue
[2024-08-27T04:47:54.181+0000] {logging_mixin.py:190} INFO - [2024-08-27T04:47:54.180+0000] {dagbag.py:587} INFO - Filling up the DagBag from /home/airflow/.local/lib/python3.12/site-packages/airflow/example_dags/example_sensor_decorator.py
[2024-08-27T04:47:54.196+0000] {processor.py:925} INFO - DAG(s) 'example_sensor_decorator' retrieved from /home/airflow/.local/lib/python3.12/site-packages/airflow/example_dags/example_sensor_decorator.py
[2024-08-27T04:47:54.243+0000] {logging_mixin.py:190} INFO - [2024-08-27T04:47:54.243+0000] {dag.py:3211} INFO - Sync 1 DAGs
[2024-08-27T04:47:54.283+0000] {logging_mixin.py:190} INFO - [2024-08-27T04:47:54.283+0000] {dag.py:4138} INFO - Setting next_dagrun for example_sensor_decorator to None, run_after=None
[2024-08-27T04:47:54.333+0000] {processor.py:208} INFO - Processing /home/airflow/.local/lib/python3.12/site-packages/airflow/example_dags/example_sensor_decorator.py took 0.172 seconds
[2024-08-27T04:48:39.861+0000] {processor.py:186} INFO - Started process (PID=503) to work on /home/airflow/.local/lib/python3.12/site-packages/airflow/example_dags/example_sensor_decorator.py
[2024-08-27T04:48:39.864+0000] {processor.py:914} INFO - Processing file /home/airflow/.local/lib/python3.12/site-packages/airflow/example_dags/example_sensor_decorator.py for tasks to queue
[2024-08-27T04:48:39.869+0000] {logging_mixin.py:190} INFO - [2024-08-27T04:48:39.868+0000] {dagbag.py:587} INFO - Filling up the DagBag from /home/airflow/.local/lib/python3.12/site-packages/airflow/example_dags/example_sensor_decorator.py
[2024-08-27T04:48:39.883+0000] {processor.py:925} INFO - DAG(s) 'example_sensor_decorator' retrieved from /home/airflow/.local/lib/python3.12/site-packages/airflow/example_dags/example_sensor_decorator.py
[2024-08-27T04:48:39.925+0000] {logging_mixin.py:190} INFO - [2024-08-27T04:48:39.925+0000] {dag.py:3211} INFO - Sync 1 DAGs
[2024-08-27T04:48:39.959+0000] {logging_mixin.py:190} INFO - [2024-08-27T04:48:39.959+0000] {dag.py:4138} INFO - Setting next_dagrun for example_sensor_decorator to None, run_after=None
[2024-08-27T04:48:39.998+0000] {processor.py:208} INFO - Processing /home/airflow/.local/lib/python3.12/site-packages/airflow/example_dags/example_sensor_decorator.py took 0.151 seconds
[2024-08-27T04:49:18.005+0000] {processor.py:186} INFO - Started process (PID=575) to work on /home/airflow/.local/lib/python3.12/site-packages/airflow/example_dags/example_sensor_decorator.py
[2024-08-27T04:49:18.007+0000] {processor.py:914} INFO - Processing file /home/airflow/.local/lib/python3.12/site-packages/airflow/example_dags/example_sensor_decorator.py for tasks to queue
[2024-08-27T04:49:18.011+0000] {logging_mixin.py:190} INFO - [2024-08-27T04:49:18.010+0000] {dagbag.py:587} INFO - Filling up the DagBag from /home/airflow/.local/lib/python3.12/site-packages/airflow/example_dags/example_sensor_decorator.py
[2024-08-27T04:49:18.022+0000] {processor.py:925} INFO - DAG(s) 'example_sensor_decorator' retrieved from /home/airflow/.local/lib/python3.12/site-packages/airflow/example_dags/example_sensor_decorator.py
[2024-08-27T04:49:18.057+0000] {logging_mixin.py:190} INFO - [2024-08-27T04:49:18.056+0000] {dag.py:3211} INFO - Sync 1 DAGs
[2024-08-27T04:49:18.080+0000] {logging_mixin.py:190} INFO - [2024-08-27T04:49:18.080+0000] {dag.py:4138} INFO - Setting next_dagrun for example_sensor_decorator to None, run_after=None
[2024-08-27T04:49:18.112+0000] {processor.py:208} INFO - Processing /home/airflow/.local/lib/python3.12/site-packages/airflow/example_dags/example_sensor_decorator.py took 0.118 seconds
[2024-08-27T04:49:56.063+0000] {processor.py:186} INFO - Started process (PID=641) to work on /home/airflow/.local/lib/python3.12/site-packages/airflow/example_dags/example_sensor_decorator.py
[2024-08-27T04:49:56.065+0000] {processor.py:914} INFO - Processing file /home/airflow/.local/lib/python3.12/site-packages/airflow/example_dags/example_sensor_decorator.py for tasks to queue
[2024-08-27T04:49:56.068+0000] {logging_mixin.py:190} INFO - [2024-08-27T04:49:56.068+0000] {dagbag.py:587} INFO - Filling up the DagBag from /home/airflow/.local/lib/python3.12/site-packages/airflow/example_dags/example_sensor_decorator.py
[2024-08-27T04:49:56.079+0000] {processor.py:925} INFO - DAG(s) 'example_sensor_decorator' retrieved from /home/airflow/.local/lib/python3.12/site-packages/airflow/example_dags/example_sensor_decorator.py
[2024-08-27T04:49:56.107+0000] {logging_mixin.py:190} INFO - [2024-08-27T04:49:56.106+0000] {dag.py:3211} INFO - Sync 1 DAGs
[2024-08-27T04:49:56.125+0000] {logging_mixin.py:190} INFO - [2024-08-27T04:49:56.125+0000] {dag.py:4138} INFO - Setting next_dagrun for example_sensor_decorator to None, run_after=None
[2024-08-27T04:49:56.154+0000] {processor.py:208} INFO - Processing /home/airflow/.local/lib/python3.12/site-packages/airflow/example_dags/example_sensor_decorator.py took 0.099 seconds
[2024-08-27T04:50:34.298+0000] {processor.py:186} INFO - Started process (PID=708) to work on /home/airflow/.local/lib/python3.12/site-packages/airflow/example_dags/example_sensor_decorator.py
[2024-08-27T04:50:34.300+0000] {processor.py:914} INFO - Processing file /home/airflow/.local/lib/python3.12/site-packages/airflow/example_dags/example_sensor_decorator.py for tasks to queue
[2024-08-27T04:50:34.304+0000] {logging_mixin.py:190} INFO - [2024-08-27T04:50:34.303+0000] {dagbag.py:587} INFO - Filling up the DagBag from /home/airflow/.local/lib/python3.12/site-packages/airflow/example_dags/example_sensor_decorator.py
[2024-08-27T04:50:34.315+0000] {processor.py:925} INFO - DAG(s) 'example_sensor_decorator' retrieved from /home/airflow/.local/lib/python3.12/site-packages/airflow/example_dags/example_sensor_decorator.py
[2024-08-27T04:50:34.343+0000] {logging_mixin.py:190} INFO - [2024-08-27T04:50:34.342+0000] {dag.py:3211} INFO - Sync 1 DAGs
[2024-08-27T04:50:34.361+0000] {logging_mixin.py:190} INFO - [2024-08-27T04:50:34.361+0000] {dag.py:4138} INFO - Setting next_dagrun for example_sensor_decorator to None, run_after=None
[2024-08-27T04:50:34.384+0000] {processor.py:208} INFO - Processing /home/airflow/.local/lib/python3.12/site-packages/airflow/example_dags/example_sensor_decorator.py took 0.094 seconds
[2024-08-27T04:51:15.025+0000] {processor.py:186} INFO - Started process (PID=774) to work on /home/airflow/.local/lib/python3.12/site-packages/airflow/example_dags/example_sensor_decorator.py
[2024-08-27T04:51:15.027+0000] {processor.py:914} INFO - Processing file /home/airflow/.local/lib/python3.12/site-packages/airflow/example_dags/example_sensor_decorator.py for tasks to queue
[2024-08-27T04:51:15.030+0000] {logging_mixin.py:190} INFO - [2024-08-27T04:51:15.030+0000] {dagbag.py:587} INFO - Filling up the DagBag from /home/airflow/.local/lib/python3.12/site-packages/airflow/example_dags/example_sensor_decorator.py
[2024-08-27T04:51:15.041+0000] {processor.py:925} INFO - DAG(s) 'example_sensor_decorator' retrieved from /home/airflow/.local/lib/python3.12/site-packages/airflow/example_dags/example_sensor_decorator.py
[2024-08-27T04:51:15.068+0000] {logging_mixin.py:190} INFO - [2024-08-27T04:51:15.067+0000] {dag.py:3211} INFO - Sync 1 DAGs
[2024-08-27T04:51:15.084+0000] {logging_mixin.py:190} INFO - [2024-08-27T04:51:15.084+0000] {dag.py:4138} INFO - Setting next_dagrun for example_sensor_decorator to None, run_after=None
[2024-08-27T04:51:15.106+0000] {processor.py:208} INFO - Processing /home/airflow/.local/lib/python3.12/site-packages/airflow/example_dags/example_sensor_decorator.py took 0.089 seconds
[2024-08-27T04:51:57.458+0000] {processor.py:186} INFO - Started process (PID=847) to work on /home/airflow/.local/lib/python3.12/site-packages/airflow/example_dags/example_sensor_decorator.py
[2024-08-27T04:51:57.459+0000] {processor.py:914} INFO - Processing file /home/airflow/.local/lib/python3.12/site-packages/airflow/example_dags/example_sensor_decorator.py for tasks to queue
[2024-08-27T04:51:57.463+0000] {logging_mixin.py:190} INFO - [2024-08-27T04:51:57.463+0000] {dagbag.py:587} INFO - Filling up the DagBag from /home/airflow/.local/lib/python3.12/site-packages/airflow/example_dags/example_sensor_decorator.py
[2024-08-27T04:51:57.475+0000] {processor.py:925} INFO - DAG(s) 'example_sensor_decorator' retrieved from /home/airflow/.local/lib/python3.12/site-packages/airflow/example_dags/example_sensor_decorator.py
[2024-08-27T04:51:57.530+0000] {logging_mixin.py:190} INFO - [2024-08-27T04:51:57.530+0000] {dag.py:3211} INFO - Sync 1 DAGs
[2024-08-27T04:51:57.549+0000] {logging_mixin.py:190} INFO - [2024-08-27T04:51:57.548+0000] {dag.py:4138} INFO - Setting next_dagrun for example_sensor_decorator to None, run_after=None
[2024-08-27T04:51:57.571+0000] {processor.py:208} INFO - Processing /home/airflow/.local/lib/python3.12/site-packages/airflow/example_dags/example_sensor_decorator.py took 0.121 seconds
