[2024-08-27T04:44:25.104+0000] {processor.py:186} INFO - Started process (PID=90) to work on /home/airflow/.local/lib/python3.12/site-packages/airflow/example_dags/example_branch_python_dop_operator_3.py
[2024-08-27T04:44:25.107+0000] {processor.py:914} INFO - Processing file /home/airflow/.local/lib/python3.12/site-packages/airflow/example_dags/example_branch_python_dop_operator_3.py for tasks to queue
[2024-08-27T04:44:25.113+0000] {logging_mixin.py:190} INFO - [2024-08-27T04:44:25.112+0000] {dagbag.py:587} INFO - Filling up the DagBag from /home/airflow/.local/lib/python3.12/site-packages/airflow/example_dags/example_branch_python_dop_operator_3.py
[2024-08-27T04:44:25.140+0000] {processor.py:925} INFO - DAG(s) 'example_branch_dop_operator_v3' retrieved from /home/airflow/.local/lib/python3.12/site-packages/airflow/example_dags/example_branch_python_dop_operator_3.py
[2024-08-27T04:44:25.212+0000] {logging_mixin.py:190} INFO - [2024-08-27T04:44:25.212+0000] {dag.py:3211} INFO - Sync 1 DAGs
[2024-08-27T04:44:25.267+0000] {logging_mixin.py:190} INFO - [2024-08-27T04:44:25.267+0000] {dag.py:4138} INFO - Setting next_dagrun for example_branch_dop_operator_v3 to 2024-08-27 04:43:00+00:00, run_after=2024-08-27 04:44:00+00:00
[2024-08-27T04:44:25.304+0000] {processor.py:208} INFO - Processing /home/airflow/.local/lib/python3.12/site-packages/airflow/example_dags/example_branch_python_dop_operator_3.py took 0.219 seconds
[2024-08-27T04:45:03.816+0000] {processor.py:186} INFO - Started process (PID=156) to work on /home/airflow/.local/lib/python3.12/site-packages/airflow/example_dags/example_branch_python_dop_operator_3.py
[2024-08-27T04:45:03.818+0000] {processor.py:914} INFO - Processing file /home/airflow/.local/lib/python3.12/site-packages/airflow/example_dags/example_branch_python_dop_operator_3.py for tasks to queue
[2024-08-27T04:45:03.822+0000] {logging_mixin.py:190} INFO - [2024-08-27T04:45:03.821+0000] {dagbag.py:587} INFO - Filling up the DagBag from /home/airflow/.local/lib/python3.12/site-packages/airflow/example_dags/example_branch_python_dop_operator_3.py
[2024-08-27T04:45:03.838+0000] {processor.py:925} INFO - DAG(s) 'example_branch_dop_operator_v3' retrieved from /home/airflow/.local/lib/python3.12/site-packages/airflow/example_dags/example_branch_python_dop_operator_3.py
[2024-08-27T04:45:03.870+0000] {logging_mixin.py:190} INFO - [2024-08-27T04:45:03.869+0000] {dag.py:3211} INFO - Sync 1 DAGs
[2024-08-27T04:45:03.905+0000] {logging_mixin.py:190} INFO - [2024-08-27T04:45:03.905+0000] {dag.py:4138} INFO - Setting next_dagrun for example_branch_dop_operator_v3 to 2024-08-27 04:44:00+00:00, run_after=2024-08-27 04:45:00+00:00
[2024-08-27T04:45:03.928+0000] {processor.py:208} INFO - Processing /home/airflow/.local/lib/python3.12/site-packages/airflow/example_dags/example_branch_python_dop_operator_3.py took 0.121 seconds
[2024-08-27T04:45:47.445+0000] {processor.py:186} INFO - Started process (PID=230) to work on /home/airflow/.local/lib/python3.12/site-packages/airflow/example_dags/example_branch_python_dop_operator_3.py
[2024-08-27T04:45:47.449+0000] {processor.py:914} INFO - Processing file /home/airflow/.local/lib/python3.12/site-packages/airflow/example_dags/example_branch_python_dop_operator_3.py for tasks to queue
[2024-08-27T04:45:47.460+0000] {logging_mixin.py:190} INFO - [2024-08-27T04:45:47.457+0000] {dagbag.py:587} INFO - Filling up the DagBag from /home/airflow/.local/lib/python3.12/site-packages/airflow/example_dags/example_branch_python_dop_operator_3.py
[2024-08-27T04:45:47.504+0000] {processor.py:925} INFO - DAG(s) 'example_branch_dop_operator_v3' retrieved from /home/airflow/.local/lib/python3.12/site-packages/airflow/example_dags/example_branch_python_dop_operator_3.py
[2024-08-27T04:45:47.635+0000] {logging_mixin.py:190} INFO - [2024-08-27T04:45:47.635+0000] {dag.py:3211} INFO - Sync 1 DAGs
[2024-08-27T04:45:47.724+0000] {logging_mixin.py:190} INFO - [2024-08-27T04:45:47.723+0000] {dag.py:4138} INFO - Setting next_dagrun for example_branch_dop_operator_v3 to 2024-08-27 04:44:00+00:00, run_after=2024-08-27 04:45:00+00:00
[2024-08-27T04:45:47.776+0000] {processor.py:208} INFO - Processing /home/airflow/.local/lib/python3.12/site-packages/airflow/example_dags/example_branch_python_dop_operator_3.py took 0.352 seconds
[2024-08-27T04:46:29.537+0000] {processor.py:186} INFO - Started process (PID=296) to work on /home/airflow/.local/lib/python3.12/site-packages/airflow/example_dags/example_branch_python_dop_operator_3.py
[2024-08-27T04:46:29.539+0000] {processor.py:914} INFO - Processing file /home/airflow/.local/lib/python3.12/site-packages/airflow/example_dags/example_branch_python_dop_operator_3.py for tasks to queue
[2024-08-27T04:46:29.543+0000] {logging_mixin.py:190} INFO - [2024-08-27T04:46:29.543+0000] {dagbag.py:587} INFO - Filling up the DagBag from /home/airflow/.local/lib/python3.12/site-packages/airflow/example_dags/example_branch_python_dop_operator_3.py
[2024-08-27T04:46:29.560+0000] {processor.py:925} INFO - DAG(s) 'example_branch_dop_operator_v3' retrieved from /home/airflow/.local/lib/python3.12/site-packages/airflow/example_dags/example_branch_python_dop_operator_3.py
[2024-08-27T04:46:29.591+0000] {logging_mixin.py:190} INFO - [2024-08-27T04:46:29.591+0000] {dag.py:3211} INFO - Sync 1 DAGs
[2024-08-27T04:46:29.627+0000] {logging_mixin.py:190} INFO - [2024-08-27T04:46:29.627+0000] {dag.py:4138} INFO - Setting next_dagrun for example_branch_dop_operator_v3 to 2024-08-27 04:45:00+00:00, run_after=2024-08-27 04:46:00+00:00
[2024-08-27T04:46:29.660+0000] {processor.py:208} INFO - Processing /home/airflow/.local/lib/python3.12/site-packages/airflow/example_dags/example_branch_python_dop_operator_3.py took 0.132 seconds
[2024-08-27T04:47:11.928+0000] {processor.py:186} INFO - Started process (PID=362) to work on /home/airflow/.local/lib/python3.12/site-packages/airflow/example_dags/example_branch_python_dop_operator_3.py
[2024-08-27T04:47:11.930+0000] {processor.py:914} INFO - Processing file /home/airflow/.local/lib/python3.12/site-packages/airflow/example_dags/example_branch_python_dop_operator_3.py for tasks to queue
[2024-08-27T04:47:11.934+0000] {logging_mixin.py:190} INFO - [2024-08-27T04:47:11.934+0000] {dagbag.py:587} INFO - Filling up the DagBag from /home/airflow/.local/lib/python3.12/site-packages/airflow/example_dags/example_branch_python_dop_operator_3.py
[2024-08-27T04:47:11.949+0000] {processor.py:925} INFO - DAG(s) 'example_branch_dop_operator_v3' retrieved from /home/airflow/.local/lib/python3.12/site-packages/airflow/example_dags/example_branch_python_dop_operator_3.py
[2024-08-27T04:47:11.979+0000] {logging_mixin.py:190} INFO - [2024-08-27T04:47:11.978+0000] {dag.py:3211} INFO - Sync 1 DAGs
[2024-08-27T04:47:12.012+0000] {logging_mixin.py:190} INFO - [2024-08-27T04:47:12.012+0000] {dag.py:4138} INFO - Setting next_dagrun for example_branch_dop_operator_v3 to 2024-08-27 04:46:00+00:00, run_after=2024-08-27 04:47:00+00:00
[2024-08-27T04:47:12.036+0000] {processor.py:208} INFO - Processing /home/airflow/.local/lib/python3.12/site-packages/airflow/example_dags/example_branch_python_dop_operator_3.py took 0.117 seconds
[2024-08-27T04:47:54.119+0000] {processor.py:186} INFO - Started process (PID=435) to work on /home/airflow/.local/lib/python3.12/site-packages/airflow/example_dags/example_branch_python_dop_operator_3.py
[2024-08-27T04:47:54.121+0000] {processor.py:914} INFO - Processing file /home/airflow/.local/lib/python3.12/site-packages/airflow/example_dags/example_branch_python_dop_operator_3.py for tasks to queue
[2024-08-27T04:47:54.126+0000] {logging_mixin.py:190} INFO - [2024-08-27T04:47:54.125+0000] {dagbag.py:587} INFO - Filling up the DagBag from /home/airflow/.local/lib/python3.12/site-packages/airflow/example_dags/example_branch_python_dop_operator_3.py
[2024-08-27T04:47:54.150+0000] {processor.py:925} INFO - DAG(s) 'example_branch_dop_operator_v3' retrieved from /home/airflow/.local/lib/python3.12/site-packages/airflow/example_dags/example_branch_python_dop_operator_3.py
[2024-08-27T04:47:54.191+0000] {logging_mixin.py:190} INFO - [2024-08-27T04:47:54.190+0000] {dag.py:3211} INFO - Sync 1 DAGs
[2024-08-27T04:47:54.255+0000] {logging_mixin.py:190} INFO - [2024-08-27T04:47:54.253+0000] {dag.py:4138} INFO - Setting next_dagrun for example_branch_dop_operator_v3 to 2024-08-27 04:46:00+00:00, run_after=2024-08-27 04:47:00+00:00
[2024-08-27T04:47:54.304+0000] {processor.py:208} INFO - Processing /home/airflow/.local/lib/python3.12/site-packages/airflow/example_dags/example_branch_python_dop_operator_3.py took 0.194 seconds
[2024-08-27T04:48:39.637+0000] {processor.py:186} INFO - Started process (PID=502) to work on /home/airflow/.local/lib/python3.12/site-packages/airflow/example_dags/example_branch_python_dop_operator_3.py
[2024-08-27T04:48:39.639+0000] {processor.py:914} INFO - Processing file /home/airflow/.local/lib/python3.12/site-packages/airflow/example_dags/example_branch_python_dop_operator_3.py for tasks to queue
[2024-08-27T04:48:39.644+0000] {logging_mixin.py:190} INFO - [2024-08-27T04:48:39.643+0000] {dagbag.py:587} INFO - Filling up the DagBag from /home/airflow/.local/lib/python3.12/site-packages/airflow/example_dags/example_branch_python_dop_operator_3.py
[2024-08-27T04:48:39.670+0000] {processor.py:925} INFO - DAG(s) 'example_branch_dop_operator_v3' retrieved from /home/airflow/.local/lib/python3.12/site-packages/airflow/example_dags/example_branch_python_dop_operator_3.py
[2024-08-27T04:48:39.711+0000] {logging_mixin.py:190} INFO - [2024-08-27T04:48:39.710+0000] {dag.py:3211} INFO - Sync 1 DAGs
[2024-08-27T04:48:39.772+0000] {logging_mixin.py:190} INFO - [2024-08-27T04:48:39.771+0000] {dag.py:4138} INFO - Setting next_dagrun for example_branch_dop_operator_v3 to 2024-08-27 04:47:00+00:00, run_after=2024-08-27 04:48:00+00:00
[2024-08-27T04:48:39.809+0000] {processor.py:208} INFO - Processing /home/airflow/.local/lib/python3.12/site-packages/airflow/example_dags/example_branch_python_dop_operator_3.py took 0.185 seconds
[2024-08-27T04:49:17.936+0000] {processor.py:186} INFO - Started process (PID=574) to work on /home/airflow/.local/lib/python3.12/site-packages/airflow/example_dags/example_branch_python_dop_operator_3.py
[2024-08-27T04:49:17.938+0000] {processor.py:914} INFO - Processing file /home/airflow/.local/lib/python3.12/site-packages/airflow/example_dags/example_branch_python_dop_operator_3.py for tasks to queue
[2024-08-27T04:49:17.943+0000] {logging_mixin.py:190} INFO - [2024-08-27T04:49:17.942+0000] {dagbag.py:587} INFO - Filling up the DagBag from /home/airflow/.local/lib/python3.12/site-packages/airflow/example_dags/example_branch_python_dop_operator_3.py
[2024-08-27T04:49:17.970+0000] {processor.py:925} INFO - DAG(s) 'example_branch_dop_operator_v3' retrieved from /home/airflow/.local/lib/python3.12/site-packages/airflow/example_dags/example_branch_python_dop_operator_3.py
[2024-08-27T04:49:18.005+0000] {logging_mixin.py:190} INFO - [2024-08-27T04:49:18.005+0000] {dag.py:3211} INFO - Sync 1 DAGs
[2024-08-27T04:49:18.044+0000] {logging_mixin.py:190} INFO - [2024-08-27T04:49:18.043+0000] {dag.py:4138} INFO - Setting next_dagrun for example_branch_dop_operator_v3 to 2024-08-27 04:48:00+00:00, run_after=2024-08-27 04:49:00+00:00
[2024-08-27T04:49:18.074+0000] {processor.py:208} INFO - Processing /home/airflow/.local/lib/python3.12/site-packages/airflow/example_dags/example_branch_python_dop_operator_3.py took 0.148 seconds
[2024-08-27T04:49:56.015+0000] {processor.py:186} INFO - Started process (PID=640) to work on /home/airflow/.local/lib/python3.12/site-packages/airflow/example_dags/example_branch_python_dop_operator_3.py
[2024-08-27T04:49:56.017+0000] {processor.py:914} INFO - Processing file /home/airflow/.local/lib/python3.12/site-packages/airflow/example_dags/example_branch_python_dop_operator_3.py for tasks to queue
[2024-08-27T04:49:56.020+0000] {logging_mixin.py:190} INFO - [2024-08-27T04:49:56.020+0000] {dagbag.py:587} INFO - Filling up the DagBag from /home/airflow/.local/lib/python3.12/site-packages/airflow/example_dags/example_branch_python_dop_operator_3.py
[2024-08-27T04:49:56.035+0000] {processor.py:925} INFO - DAG(s) 'example_branch_dop_operator_v3' retrieved from /home/airflow/.local/lib/python3.12/site-packages/airflow/example_dags/example_branch_python_dop_operator_3.py
[2024-08-27T04:49:56.063+0000] {logging_mixin.py:190} INFO - [2024-08-27T04:49:56.063+0000] {dag.py:3211} INFO - Sync 1 DAGs
[2024-08-27T04:49:56.096+0000] {logging_mixin.py:190} INFO - [2024-08-27T04:49:56.096+0000] {dag.py:4138} INFO - Setting next_dagrun for example_branch_dop_operator_v3 to 2024-08-27 04:48:00+00:00, run_after=2024-08-27 04:49:00+00:00
[2024-08-27T04:49:56.120+0000] {processor.py:208} INFO - Processing /home/airflow/.local/lib/python3.12/site-packages/airflow/example_dags/example_branch_python_dop_operator_3.py took 0.114 seconds
[2024-08-27T04:50:34.167+0000] {processor.py:186} INFO - Started process (PID=707) to work on /home/airflow/.local/lib/python3.12/site-packages/airflow/example_dags/example_branch_python_dop_operator_3.py
[2024-08-27T04:50:34.169+0000] {processor.py:914} INFO - Processing file /home/airflow/.local/lib/python3.12/site-packages/airflow/example_dags/example_branch_python_dop_operator_3.py for tasks to queue
[2024-08-27T04:50:34.172+0000] {logging_mixin.py:190} INFO - [2024-08-27T04:50:34.172+0000] {dagbag.py:587} INFO - Filling up the DagBag from /home/airflow/.local/lib/python3.12/site-packages/airflow/example_dags/example_branch_python_dop_operator_3.py
[2024-08-27T04:50:34.186+0000] {processor.py:925} INFO - DAG(s) 'example_branch_dop_operator_v3' retrieved from /home/airflow/.local/lib/python3.12/site-packages/airflow/example_dags/example_branch_python_dop_operator_3.py
[2024-08-27T04:50:34.215+0000] {logging_mixin.py:190} INFO - [2024-08-27T04:50:34.215+0000] {dag.py:3211} INFO - Sync 1 DAGs
[2024-08-27T04:50:34.245+0000] {logging_mixin.py:190} INFO - [2024-08-27T04:50:34.245+0000] {dag.py:4138} INFO - Setting next_dagrun for example_branch_dop_operator_v3 to 2024-08-27 04:49:00+00:00, run_after=2024-08-27 04:50:00+00:00
[2024-08-27T04:50:34.267+0000] {processor.py:208} INFO - Processing /home/airflow/.local/lib/python3.12/site-packages/airflow/example_dags/example_branch_python_dop_operator_3.py took 0.108 seconds
[2024-08-27T04:51:15.000+0000] {processor.py:186} INFO - Started process (PID=773) to work on /home/airflow/.local/lib/python3.12/site-packages/airflow/example_dags/example_branch_python_dop_operator_3.py
[2024-08-27T04:51:15.003+0000] {processor.py:914} INFO - Processing file /home/airflow/.local/lib/python3.12/site-packages/airflow/example_dags/example_branch_python_dop_operator_3.py for tasks to queue
[2024-08-27T04:51:15.007+0000] {logging_mixin.py:190} INFO - [2024-08-27T04:51:15.007+0000] {dagbag.py:587} INFO - Filling up the DagBag from /home/airflow/.local/lib/python3.12/site-packages/airflow/example_dags/example_branch_python_dop_operator_3.py
[2024-08-27T04:51:15.020+0000] {processor.py:925} INFO - DAG(s) 'example_branch_dop_operator_v3' retrieved from /home/airflow/.local/lib/python3.12/site-packages/airflow/example_dags/example_branch_python_dop_operator_3.py
[2024-08-27T04:51:15.046+0000] {logging_mixin.py:190} INFO - [2024-08-27T04:51:15.045+0000] {dag.py:3211} INFO - Sync 1 DAGs
[2024-08-27T04:51:15.078+0000] {logging_mixin.py:190} INFO - [2024-08-27T04:51:15.077+0000] {dag.py:4138} INFO - Setting next_dagrun for example_branch_dop_operator_v3 to 2024-08-27 04:50:00+00:00, run_after=2024-08-27 04:51:00+00:00
[2024-08-27T04:51:15.101+0000] {processor.py:208} INFO - Processing /home/airflow/.local/lib/python3.12/site-packages/airflow/example_dags/example_branch_python_dop_operator_3.py took 0.109 seconds
[2024-08-27T04:51:57.323+0000] {processor.py:186} INFO - Started process (PID=846) to work on /home/airflow/.local/lib/python3.12/site-packages/airflow/example_dags/example_branch_python_dop_operator_3.py
[2024-08-27T04:51:57.324+0000] {processor.py:914} INFO - Processing file /home/airflow/.local/lib/python3.12/site-packages/airflow/example_dags/example_branch_python_dop_operator_3.py for tasks to queue
[2024-08-27T04:51:57.328+0000] {logging_mixin.py:190} INFO - [2024-08-27T04:51:57.327+0000] {dagbag.py:587} INFO - Filling up the DagBag from /home/airflow/.local/lib/python3.12/site-packages/airflow/example_dags/example_branch_python_dop_operator_3.py
[2024-08-27T04:51:57.342+0000] {processor.py:925} INFO - DAG(s) 'example_branch_dop_operator_v3' retrieved from /home/airflow/.local/lib/python3.12/site-packages/airflow/example_dags/example_branch_python_dop_operator_3.py
[2024-08-27T04:51:57.370+0000] {logging_mixin.py:190} INFO - [2024-08-27T04:51:57.370+0000] {dag.py:3211} INFO - Sync 1 DAGs
[2024-08-27T04:51:57.403+0000] {logging_mixin.py:190} INFO - [2024-08-27T04:51:57.403+0000] {dag.py:4138} INFO - Setting next_dagrun for example_branch_dop_operator_v3 to 2024-08-27 04:50:00+00:00, run_after=2024-08-27 04:51:00+00:00
[2024-08-27T04:51:57.426+0000] {processor.py:208} INFO - Processing /home/airflow/.local/lib/python3.12/site-packages/airflow/example_dags/example_branch_python_dop_operator_3.py took 0.111 seconds
