[2024-08-27T04:44:31.091+0000] {processor.py:186} INFO - Started process (PID=116) to work on /home/airflow/.local/lib/python3.12/site-packages/airflow/example_dags/example_task_group.py
[2024-08-27T04:44:31.094+0000] {processor.py:914} INFO - Processing file /home/airflow/.local/lib/python3.12/site-packages/airflow/example_dags/example_task_group.py for tasks to queue
[2024-08-27T04:44:31.100+0000] {logging_mixin.py:190} INFO - [2024-08-27T04:44:31.099+0000] {dagbag.py:587} INFO - Filling up the DagBag from /home/airflow/.local/lib/python3.12/site-packages/airflow/example_dags/example_task_group.py
[2024-08-27T04:44:31.119+0000] {processor.py:925} INFO - DAG(s) 'example_task_group' retrieved from /home/airflow/.local/lib/python3.12/site-packages/airflow/example_dags/example_task_group.py
[2024-08-27T04:44:31.163+0000] {logging_mixin.py:190} INFO - [2024-08-27T04:44:31.163+0000] {dag.py:3211} INFO - Sync 1 DAGs
[2024-08-27T04:44:31.200+0000] {logging_mixin.py:190} INFO - [2024-08-27T04:44:31.200+0000] {dag.py:4138} INFO - Setting next_dagrun for example_task_group to 2024-08-26 00:00:00+00:00, run_after=2024-08-27 00:00:00+00:00
[2024-08-27T04:44:31.233+0000] {processor.py:208} INFO - Processing /home/airflow/.local/lib/python3.12/site-packages/airflow/example_dags/example_task_group.py took 0.152 seconds
[2024-08-27T04:45:06.515+0000] {processor.py:186} INFO - Started process (PID=182) to work on /home/airflow/.local/lib/python3.12/site-packages/airflow/example_dags/example_task_group.py
[2024-08-27T04:45:06.517+0000] {processor.py:914} INFO - Processing file /home/airflow/.local/lib/python3.12/site-packages/airflow/example_dags/example_task_group.py for tasks to queue
[2024-08-27T04:45:06.520+0000] {logging_mixin.py:190} INFO - [2024-08-27T04:45:06.519+0000] {dagbag.py:587} INFO - Filling up the DagBag from /home/airflow/.local/lib/python3.12/site-packages/airflow/example_dags/example_task_group.py
[2024-08-27T04:45:06.532+0000] {processor.py:925} INFO - DAG(s) 'example_task_group' retrieved from /home/airflow/.local/lib/python3.12/site-packages/airflow/example_dags/example_task_group.py
[2024-08-27T04:45:06.567+0000] {logging_mixin.py:190} INFO - [2024-08-27T04:45:06.567+0000] {dag.py:3211} INFO - Sync 1 DAGs
[2024-08-27T04:45:06.599+0000] {logging_mixin.py:190} INFO - [2024-08-27T04:45:06.598+0000] {dag.py:4138} INFO - Setting next_dagrun for example_task_group to 2024-08-26 00:00:00+00:00, run_after=2024-08-27 00:00:00+00:00
[2024-08-27T04:45:06.627+0000] {processor.py:208} INFO - Processing /home/airflow/.local/lib/python3.12/site-packages/airflow/example_dags/example_task_group.py took 0.120 seconds
[2024-08-27T04:45:50.955+0000] {processor.py:186} INFO - Started process (PID=256) to work on /home/airflow/.local/lib/python3.12/site-packages/airflow/example_dags/example_task_group.py
[2024-08-27T04:45:50.957+0000] {processor.py:914} INFO - Processing file /home/airflow/.local/lib/python3.12/site-packages/airflow/example_dags/example_task_group.py for tasks to queue
[2024-08-27T04:45:50.961+0000] {logging_mixin.py:190} INFO - [2024-08-27T04:45:50.960+0000] {dagbag.py:587} INFO - Filling up the DagBag from /home/airflow/.local/lib/python3.12/site-packages/airflow/example_dags/example_task_group.py
[2024-08-27T04:45:50.974+0000] {processor.py:925} INFO - DAG(s) 'example_task_group' retrieved from /home/airflow/.local/lib/python3.12/site-packages/airflow/example_dags/example_task_group.py
[2024-08-27T04:45:51.003+0000] {logging_mixin.py:190} INFO - [2024-08-27T04:45:51.002+0000] {dag.py:3211} INFO - Sync 1 DAGs
[2024-08-27T04:45:51.030+0000] {logging_mixin.py:190} INFO - [2024-08-27T04:45:51.030+0000] {dag.py:4138} INFO - Setting next_dagrun for example_task_group to 2024-08-26 00:00:00+00:00, run_after=2024-08-27 00:00:00+00:00
[2024-08-27T04:45:51.056+0000] {processor.py:208} INFO - Processing /home/airflow/.local/lib/python3.12/site-packages/airflow/example_dags/example_task_group.py took 0.109 seconds
[2024-08-27T04:46:33.495+0000] {processor.py:186} INFO - Started process (PID=322) to work on /home/airflow/.local/lib/python3.12/site-packages/airflow/example_dags/example_task_group.py
[2024-08-27T04:46:33.497+0000] {processor.py:914} INFO - Processing file /home/airflow/.local/lib/python3.12/site-packages/airflow/example_dags/example_task_group.py for tasks to queue
[2024-08-27T04:46:33.502+0000] {logging_mixin.py:190} INFO - [2024-08-27T04:46:33.501+0000] {dagbag.py:587} INFO - Filling up the DagBag from /home/airflow/.local/lib/python3.12/site-packages/airflow/example_dags/example_task_group.py
[2024-08-27T04:46:33.516+0000] {processor.py:925} INFO - DAG(s) 'example_task_group' retrieved from /home/airflow/.local/lib/python3.12/site-packages/airflow/example_dags/example_task_group.py
[2024-08-27T04:46:33.555+0000] {logging_mixin.py:190} INFO - [2024-08-27T04:46:33.555+0000] {dag.py:3211} INFO - Sync 1 DAGs
[2024-08-27T04:46:33.592+0000] {logging_mixin.py:190} INFO - [2024-08-27T04:46:33.592+0000] {dag.py:4138} INFO - Setting next_dagrun for example_task_group to 2024-08-26 00:00:00+00:00, run_after=2024-08-27 00:00:00+00:00
[2024-08-27T04:46:33.622+0000] {processor.py:208} INFO - Processing /home/airflow/.local/lib/python3.12/site-packages/airflow/example_dags/example_task_group.py took 0.137 seconds
[2024-08-27T04:47:15.259+0000] {processor.py:186} INFO - Started process (PID=388) to work on /home/airflow/.local/lib/python3.12/site-packages/airflow/example_dags/example_task_group.py
[2024-08-27T04:47:15.261+0000] {processor.py:914} INFO - Processing file /home/airflow/.local/lib/python3.12/site-packages/airflow/example_dags/example_task_group.py for tasks to queue
[2024-08-27T04:47:15.265+0000] {logging_mixin.py:190} INFO - [2024-08-27T04:47:15.265+0000] {dagbag.py:587} INFO - Filling up the DagBag from /home/airflow/.local/lib/python3.12/site-packages/airflow/example_dags/example_task_group.py
[2024-08-27T04:47:15.282+0000] {processor.py:925} INFO - DAG(s) 'example_task_group' retrieved from /home/airflow/.local/lib/python3.12/site-packages/airflow/example_dags/example_task_group.py
[2024-08-27T04:47:15.321+0000] {logging_mixin.py:190} INFO - [2024-08-27T04:47:15.321+0000] {dag.py:3211} INFO - Sync 1 DAGs
[2024-08-27T04:47:15.365+0000] {logging_mixin.py:190} INFO - [2024-08-27T04:47:15.364+0000] {dag.py:4138} INFO - Setting next_dagrun for example_task_group to 2024-08-26 00:00:00+00:00, run_after=2024-08-27 00:00:00+00:00
[2024-08-27T04:47:15.399+0000] {processor.py:208} INFO - Processing /home/airflow/.local/lib/python3.12/site-packages/airflow/example_dags/example_task_group.py took 0.152 seconds
[2024-08-27T04:47:57.501+0000] {processor.py:186} INFO - Started process (PID=461) to work on /home/airflow/.local/lib/python3.12/site-packages/airflow/example_dags/example_task_group.py
[2024-08-27T04:47:57.503+0000] {processor.py:914} INFO - Processing file /home/airflow/.local/lib/python3.12/site-packages/airflow/example_dags/example_task_group.py for tasks to queue
[2024-08-27T04:47:57.507+0000] {logging_mixin.py:190} INFO - [2024-08-27T04:47:57.507+0000] {dagbag.py:587} INFO - Filling up the DagBag from /home/airflow/.local/lib/python3.12/site-packages/airflow/example_dags/example_task_group.py
[2024-08-27T04:47:57.521+0000] {processor.py:925} INFO - DAG(s) 'example_task_group' retrieved from /home/airflow/.local/lib/python3.12/site-packages/airflow/example_dags/example_task_group.py
[2024-08-27T04:47:57.555+0000] {logging_mixin.py:190} INFO - [2024-08-27T04:47:57.554+0000] {dag.py:3211} INFO - Sync 1 DAGs
[2024-08-27T04:47:57.591+0000] {logging_mixin.py:190} INFO - [2024-08-27T04:47:57.591+0000] {dag.py:4138} INFO - Setting next_dagrun for example_task_group to 2024-08-26 00:00:00+00:00, run_after=2024-08-27 00:00:00+00:00
[2024-08-27T04:47:57.759+0000] {processor.py:208} INFO - Processing /home/airflow/.local/lib/python3.12/site-packages/airflow/example_dags/example_task_group.py took 0.269 seconds
[2024-08-27T04:48:52.373+0000] {processor.py:186} INFO - Started process (PID=534) to work on /home/airflow/.local/lib/python3.12/site-packages/airflow/example_dags/example_task_group.py
[2024-08-27T04:48:52.375+0000] {processor.py:914} INFO - Processing file /home/airflow/.local/lib/python3.12/site-packages/airflow/example_dags/example_task_group.py for tasks to queue
[2024-08-27T04:48:52.382+0000] {logging_mixin.py:190} INFO - [2024-08-27T04:48:52.381+0000] {dagbag.py:587} INFO - Filling up the DagBag from /home/airflow/.local/lib/python3.12/site-packages/airflow/example_dags/example_task_group.py
[2024-08-27T04:48:52.405+0000] {processor.py:925} INFO - DAG(s) 'example_task_group' retrieved from /home/airflow/.local/lib/python3.12/site-packages/airflow/example_dags/example_task_group.py
[2024-08-27T04:48:52.452+0000] {logging_mixin.py:190} INFO - [2024-08-27T04:48:52.452+0000] {dag.py:3211} INFO - Sync 1 DAGs
[2024-08-27T04:48:52.500+0000] {logging_mixin.py:190} INFO - [2024-08-27T04:48:52.500+0000] {dag.py:4138} INFO - Setting next_dagrun for example_task_group to 2024-08-26 00:00:00+00:00, run_after=2024-08-27 00:00:00+00:00
[2024-08-27T04:48:52.539+0000] {processor.py:208} INFO - Processing /home/airflow/.local/lib/python3.12/site-packages/airflow/example_dags/example_task_group.py took 0.178 seconds
[2024-08-27T04:49:23.376+0000] {processor.py:186} INFO - Started process (PID=600) to work on /home/airflow/.local/lib/python3.12/site-packages/airflow/example_dags/example_task_group.py
[2024-08-27T04:49:23.377+0000] {processor.py:914} INFO - Processing file /home/airflow/.local/lib/python3.12/site-packages/airflow/example_dags/example_task_group.py for tasks to queue
[2024-08-27T04:49:23.381+0000] {logging_mixin.py:190} INFO - [2024-08-27T04:49:23.380+0000] {dagbag.py:587} INFO - Filling up the DagBag from /home/airflow/.local/lib/python3.12/site-packages/airflow/example_dags/example_task_group.py
[2024-08-27T04:49:23.399+0000] {processor.py:925} INFO - DAG(s) 'example_task_group' retrieved from /home/airflow/.local/lib/python3.12/site-packages/airflow/example_dags/example_task_group.py
[2024-08-27T04:49:23.435+0000] {logging_mixin.py:190} INFO - [2024-08-27T04:49:23.434+0000] {dag.py:3211} INFO - Sync 1 DAGs
[2024-08-27T04:49:23.474+0000] {logging_mixin.py:190} INFO - [2024-08-27T04:49:23.474+0000] {dag.py:4138} INFO - Setting next_dagrun for example_task_group to 2024-08-26 00:00:00+00:00, run_after=2024-08-27 00:00:00+00:00
[2024-08-27T04:49:23.508+0000] {processor.py:208} INFO - Processing /home/airflow/.local/lib/python3.12/site-packages/airflow/example_dags/example_task_group.py took 0.142 seconds
[2024-08-27T04:49:58.789+0000] {processor.py:186} INFO - Started process (PID=666) to work on /home/airflow/.local/lib/python3.12/site-packages/airflow/example_dags/example_task_group.py
[2024-08-27T04:49:58.790+0000] {processor.py:914} INFO - Processing file /home/airflow/.local/lib/python3.12/site-packages/airflow/example_dags/example_task_group.py for tasks to queue
[2024-08-27T04:49:58.794+0000] {logging_mixin.py:190} INFO - [2024-08-27T04:49:58.794+0000] {dagbag.py:587} INFO - Filling up the DagBag from /home/airflow/.local/lib/python3.12/site-packages/airflow/example_dags/example_task_group.py
[2024-08-27T04:49:58.808+0000] {processor.py:925} INFO - DAG(s) 'example_task_group' retrieved from /home/airflow/.local/lib/python3.12/site-packages/airflow/example_dags/example_task_group.py
[2024-08-27T04:49:58.844+0000] {logging_mixin.py:190} INFO - [2024-08-27T04:49:58.843+0000] {dag.py:3211} INFO - Sync 1 DAGs
[2024-08-27T04:49:58.876+0000] {logging_mixin.py:190} INFO - [2024-08-27T04:49:58.876+0000] {dag.py:4138} INFO - Setting next_dagrun for example_task_group to 2024-08-26 00:00:00+00:00, run_after=2024-08-27 00:00:00+00:00
[2024-08-27T04:49:58.902+0000] {processor.py:208} INFO - Processing /home/airflow/.local/lib/python3.12/site-packages/airflow/example_dags/example_task_group.py took 0.122 seconds
[2024-08-27T04:50:37.264+0000] {processor.py:186} INFO - Started process (PID=733) to work on /home/airflow/.local/lib/python3.12/site-packages/airflow/example_dags/example_task_group.py
[2024-08-27T04:50:37.265+0000] {processor.py:914} INFO - Processing file /home/airflow/.local/lib/python3.12/site-packages/airflow/example_dags/example_task_group.py for tasks to queue
[2024-08-27T04:50:37.269+0000] {logging_mixin.py:190} INFO - [2024-08-27T04:50:37.269+0000] {dagbag.py:587} INFO - Filling up the DagBag from /home/airflow/.local/lib/python3.12/site-packages/airflow/example_dags/example_task_group.py
[2024-08-27T04:50:37.281+0000] {processor.py:925} INFO - DAG(s) 'example_task_group' retrieved from /home/airflow/.local/lib/python3.12/site-packages/airflow/example_dags/example_task_group.py
[2024-08-27T04:50:37.316+0000] {logging_mixin.py:190} INFO - [2024-08-27T04:50:37.315+0000] {dag.py:3211} INFO - Sync 1 DAGs
[2024-08-27T04:50:37.350+0000] {logging_mixin.py:190} INFO - [2024-08-27T04:50:37.350+0000] {dag.py:4138} INFO - Setting next_dagrun for example_task_group to 2024-08-26 00:00:00+00:00, run_after=2024-08-27 00:00:00+00:00
[2024-08-27T04:50:37.378+0000] {processor.py:208} INFO - Processing /home/airflow/.local/lib/python3.12/site-packages/airflow/example_dags/example_task_group.py took 0.123 seconds
[2024-08-27T04:51:20.424+0000] {processor.py:186} INFO - Started process (PID=805) to work on /home/airflow/.local/lib/python3.12/site-packages/airflow/example_dags/example_task_group.py
[2024-08-27T04:51:20.428+0000] {processor.py:914} INFO - Processing file /home/airflow/.local/lib/python3.12/site-packages/airflow/example_dags/example_task_group.py for tasks to queue
[2024-08-27T04:51:20.432+0000] {logging_mixin.py:190} INFO - [2024-08-27T04:51:20.431+0000] {dagbag.py:587} INFO - Filling up the DagBag from /home/airflow/.local/lib/python3.12/site-packages/airflow/example_dags/example_task_group.py
[2024-08-27T04:51:20.452+0000] {processor.py:925} INFO - DAG(s) 'example_task_group' retrieved from /home/airflow/.local/lib/python3.12/site-packages/airflow/example_dags/example_task_group.py
[2024-08-27T04:51:20.490+0000] {logging_mixin.py:190} INFO - [2024-08-27T04:51:20.490+0000] {dag.py:3211} INFO - Sync 1 DAGs
[2024-08-27T04:51:20.527+0000] {logging_mixin.py:190} INFO - [2024-08-27T04:51:20.526+0000] {dag.py:4138} INFO - Setting next_dagrun for example_task_group to 2024-08-26 00:00:00+00:00, run_after=2024-08-27 00:00:00+00:00
[2024-08-27T04:51:20.560+0000] {processor.py:208} INFO - Processing /home/airflow/.local/lib/python3.12/site-packages/airflow/example_dags/example_task_group.py took 0.145 seconds
[2024-08-27T04:52:00.236+0000] {processor.py:186} INFO - Started process (PID=872) to work on /home/airflow/.local/lib/python3.12/site-packages/airflow/example_dags/example_task_group.py
[2024-08-27T04:52:00.237+0000] {processor.py:914} INFO - Processing file /home/airflow/.local/lib/python3.12/site-packages/airflow/example_dags/example_task_group.py for tasks to queue
[2024-08-27T04:52:00.241+0000] {logging_mixin.py:190} INFO - [2024-08-27T04:52:00.240+0000] {dagbag.py:587} INFO - Filling up the DagBag from /home/airflow/.local/lib/python3.12/site-packages/airflow/example_dags/example_task_group.py
[2024-08-27T04:52:00.253+0000] {processor.py:925} INFO - DAG(s) 'example_task_group' retrieved from /home/airflow/.local/lib/python3.12/site-packages/airflow/example_dags/example_task_group.py
[2024-08-27T04:52:00.286+0000] {logging_mixin.py:190} INFO - [2024-08-27T04:52:00.286+0000] {dag.py:3211} INFO - Sync 1 DAGs
[2024-08-27T04:52:00.317+0000] {logging_mixin.py:190} INFO - [2024-08-27T04:52:00.317+0000] {dag.py:4138} INFO - Setting next_dagrun for example_task_group to 2024-08-26 00:00:00+00:00, run_after=2024-08-27 00:00:00+00:00
[2024-08-27T04:52:00.348+0000] {processor.py:208} INFO - Processing /home/airflow/.local/lib/python3.12/site-packages/airflow/example_dags/example_task_group.py took 0.120 seconds
