[2024-08-27T04:44:24.487+0000] {processor.py:186} INFO - Started process (PID=85) to work on /home/airflow/.local/lib/python3.12/site-packages/airflow/example_dags/example_branch_datetime_operator.py
[2024-08-27T04:44:24.491+0000] {processor.py:914} INFO - Processing file /home/airflow/.local/lib/python3.12/site-packages/airflow/example_dags/example_branch_datetime_operator.py for tasks to queue
[2024-08-27T04:44:24.495+0000] {logging_mixin.py:190} INFO - [2024-08-27T04:44:24.495+0000] {dagbag.py:587} INFO - Filling up the DagBag from /home/airflow/.local/lib/python3.12/site-packages/airflow/example_dags/example_branch_datetime_operator.py
[2024-08-27T04:44:24.521+0000] {processor.py:925} INFO - DAG(s) 'example_branch_datetime_operator', 'example_branch_datetime_operator_2', 'example_branch_datetime_operator_3' retrieved from /home/airflow/.local/lib/python3.12/site-packages/airflow/example_dags/example_branch_datetime_operator.py
[2024-08-27T04:44:24.588+0000] {logging_mixin.py:190} INFO - [2024-08-27T04:44:24.588+0000] {dag.py:3211} INFO - Sync 3 DAGs
[2024-08-27T04:44:24.638+0000] {logging_mixin.py:190} INFO - [2024-08-27T04:44:24.637+0000] {dag.py:4138} INFO - Setting next_dagrun for example_branch_datetime_operator to 2024-08-26 00:00:00+00:00, run_after=2024-08-27 00:00:00+00:00
[2024-08-27T04:44:24.650+0000] {logging_mixin.py:190} INFO - [2024-08-27T04:44:24.650+0000] {dag.py:4138} INFO - Setting next_dagrun for example_branch_datetime_operator_2 to 2024-08-26 00:00:00+00:00, run_after=2024-08-27 00:00:00+00:00
[2024-08-27T04:44:24.655+0000] {logging_mixin.py:190} INFO - [2024-08-27T04:44:24.655+0000] {dag.py:4138} INFO - Setting next_dagrun for example_branch_datetime_operator_3 to 2024-08-26 00:00:00+00:00, run_after=2024-08-27 00:00:00+00:00
[2024-08-27T04:44:24.686+0000] {processor.py:208} INFO - Processing /home/airflow/.local/lib/python3.12/site-packages/airflow/example_dags/example_branch_datetime_operator.py took 0.213 seconds
[2024-08-27T04:45:03.319+0000] {processor.py:186} INFO - Started process (PID=151) to work on /home/airflow/.local/lib/python3.12/site-packages/airflow/example_dags/example_branch_datetime_operator.py
[2024-08-27T04:45:03.321+0000] {processor.py:914} INFO - Processing file /home/airflow/.local/lib/python3.12/site-packages/airflow/example_dags/example_branch_datetime_operator.py for tasks to queue
[2024-08-27T04:45:03.325+0000] {logging_mixin.py:190} INFO - [2024-08-27T04:45:03.325+0000] {dagbag.py:587} INFO - Filling up the DagBag from /home/airflow/.local/lib/python3.12/site-packages/airflow/example_dags/example_branch_datetime_operator.py
[2024-08-27T04:45:03.344+0000] {processor.py:925} INFO - DAG(s) 'example_branch_datetime_operator_2', 'example_branch_datetime_operator_3', 'example_branch_datetime_operator' retrieved from /home/airflow/.local/lib/python3.12/site-packages/airflow/example_dags/example_branch_datetime_operator.py
[2024-08-27T04:45:03.391+0000] {logging_mixin.py:190} INFO - [2024-08-27T04:45:03.391+0000] {dag.py:3211} INFO - Sync 3 DAGs
[2024-08-27T04:45:03.431+0000] {logging_mixin.py:190} INFO - [2024-08-27T04:45:03.430+0000] {dag.py:4138} INFO - Setting next_dagrun for example_branch_datetime_operator to 2024-08-26 00:00:00+00:00, run_after=2024-08-27 00:00:00+00:00
[2024-08-27T04:45:03.438+0000] {logging_mixin.py:190} INFO - [2024-08-27T04:45:03.438+0000] {dag.py:4138} INFO - Setting next_dagrun for example_branch_datetime_operator_2 to 2024-08-26 00:00:00+00:00, run_after=2024-08-27 00:00:00+00:00
[2024-08-27T04:45:03.443+0000] {logging_mixin.py:190} INFO - [2024-08-27T04:45:03.443+0000] {dag.py:4138} INFO - Setting next_dagrun for example_branch_datetime_operator_3 to 2024-08-26 00:00:00+00:00, run_after=2024-08-27 00:00:00+00:00
[2024-08-27T04:45:03.467+0000] {processor.py:208} INFO - Processing /home/airflow/.local/lib/python3.12/site-packages/airflow/example_dags/example_branch_datetime_operator.py took 0.157 seconds
[2024-08-27T04:45:46.013+0000] {processor.py:186} INFO - Started process (PID=225) to work on /home/airflow/.local/lib/python3.12/site-packages/airflow/example_dags/example_branch_datetime_operator.py
[2024-08-27T04:45:46.016+0000] {processor.py:914} INFO - Processing file /home/airflow/.local/lib/python3.12/site-packages/airflow/example_dags/example_branch_datetime_operator.py for tasks to queue
[2024-08-27T04:45:46.020+0000] {logging_mixin.py:190} INFO - [2024-08-27T04:45:46.019+0000] {dagbag.py:587} INFO - Filling up the DagBag from /home/airflow/.local/lib/python3.12/site-packages/airflow/example_dags/example_branch_datetime_operator.py
[2024-08-27T04:45:46.041+0000] {processor.py:925} INFO - DAG(s) 'example_branch_datetime_operator', 'example_branch_datetime_operator_2', 'example_branch_datetime_operator_3' retrieved from /home/airflow/.local/lib/python3.12/site-packages/airflow/example_dags/example_branch_datetime_operator.py
[2024-08-27T04:45:46.091+0000] {logging_mixin.py:190} INFO - [2024-08-27T04:45:46.091+0000] {dag.py:3211} INFO - Sync 3 DAGs
[2024-08-27T04:45:46.134+0000] {logging_mixin.py:190} INFO - [2024-08-27T04:45:46.133+0000] {dag.py:4138} INFO - Setting next_dagrun for example_branch_datetime_operator to 2024-08-26 00:00:00+00:00, run_after=2024-08-27 00:00:00+00:00
[2024-08-27T04:45:46.145+0000] {logging_mixin.py:190} INFO - [2024-08-27T04:45:46.144+0000] {dag.py:4138} INFO - Setting next_dagrun for example_branch_datetime_operator_2 to 2024-08-26 00:00:00+00:00, run_after=2024-08-27 00:00:00+00:00
[2024-08-27T04:45:46.166+0000] {logging_mixin.py:190} INFO - [2024-08-27T04:45:46.165+0000] {dag.py:4138} INFO - Setting next_dagrun for example_branch_datetime_operator_3 to 2024-08-26 00:00:00+00:00, run_after=2024-08-27 00:00:00+00:00
[2024-08-27T04:45:46.256+0000] {processor.py:208} INFO - Processing /home/airflow/.local/lib/python3.12/site-packages/airflow/example_dags/example_branch_datetime_operator.py took 0.252 seconds
[2024-08-27T04:46:29.004+0000] {processor.py:186} INFO - Started process (PID=291) to work on /home/airflow/.local/lib/python3.12/site-packages/airflow/example_dags/example_branch_datetime_operator.py
[2024-08-27T04:46:29.008+0000] {processor.py:914} INFO - Processing file /home/airflow/.local/lib/python3.12/site-packages/airflow/example_dags/example_branch_datetime_operator.py for tasks to queue
[2024-08-27T04:46:29.013+0000] {logging_mixin.py:190} INFO - [2024-08-27T04:46:29.012+0000] {dagbag.py:587} INFO - Filling up the DagBag from /home/airflow/.local/lib/python3.12/site-packages/airflow/example_dags/example_branch_datetime_operator.py
[2024-08-27T04:46:29.039+0000] {processor.py:925} INFO - DAG(s) 'example_branch_datetime_operator', 'example_branch_datetime_operator_3', 'example_branch_datetime_operator_2' retrieved from /home/airflow/.local/lib/python3.12/site-packages/airflow/example_dags/example_branch_datetime_operator.py
[2024-08-27T04:46:29.097+0000] {logging_mixin.py:190} INFO - [2024-08-27T04:46:29.097+0000] {dag.py:3211} INFO - Sync 3 DAGs
[2024-08-27T04:46:29.134+0000] {logging_mixin.py:190} INFO - [2024-08-27T04:46:29.134+0000] {dag.py:4138} INFO - Setting next_dagrun for example_branch_datetime_operator to 2024-08-26 00:00:00+00:00, run_after=2024-08-27 00:00:00+00:00
[2024-08-27T04:46:29.144+0000] {logging_mixin.py:190} INFO - [2024-08-27T04:46:29.143+0000] {dag.py:4138} INFO - Setting next_dagrun for example_branch_datetime_operator_2 to 2024-08-26 00:00:00+00:00, run_after=2024-08-27 00:00:00+00:00
[2024-08-27T04:46:29.151+0000] {logging_mixin.py:190} INFO - [2024-08-27T04:46:29.150+0000] {dag.py:4138} INFO - Setting next_dagrun for example_branch_datetime_operator_3 to 2024-08-26 00:00:00+00:00, run_after=2024-08-27 00:00:00+00:00
[2024-08-27T04:46:29.177+0000] {processor.py:208} INFO - Processing /home/airflow/.local/lib/python3.12/site-packages/airflow/example_dags/example_branch_datetime_operator.py took 0.187 seconds
[2024-08-27T04:47:11.337+0000] {processor.py:186} INFO - Started process (PID=357) to work on /home/airflow/.local/lib/python3.12/site-packages/airflow/example_dags/example_branch_datetime_operator.py
[2024-08-27T04:47:11.339+0000] {processor.py:914} INFO - Processing file /home/airflow/.local/lib/python3.12/site-packages/airflow/example_dags/example_branch_datetime_operator.py for tasks to queue
[2024-08-27T04:47:11.344+0000] {logging_mixin.py:190} INFO - [2024-08-27T04:47:11.344+0000] {dagbag.py:587} INFO - Filling up the DagBag from /home/airflow/.local/lib/python3.12/site-packages/airflow/example_dags/example_branch_datetime_operator.py
[2024-08-27T04:47:11.371+0000] {processor.py:925} INFO - DAG(s) 'example_branch_datetime_operator', 'example_branch_datetime_operator_2', 'example_branch_datetime_operator_3' retrieved from /home/airflow/.local/lib/python3.12/site-packages/airflow/example_dags/example_branch_datetime_operator.py
[2024-08-27T04:47:11.428+0000] {logging_mixin.py:190} INFO - [2024-08-27T04:47:11.428+0000] {dag.py:3211} INFO - Sync 3 DAGs
[2024-08-27T04:47:11.477+0000] {logging_mixin.py:190} INFO - [2024-08-27T04:47:11.476+0000] {dag.py:4138} INFO - Setting next_dagrun for example_branch_datetime_operator to 2024-08-26 00:00:00+00:00, run_after=2024-08-27 00:00:00+00:00
[2024-08-27T04:47:11.488+0000] {logging_mixin.py:190} INFO - [2024-08-27T04:47:11.487+0000] {dag.py:4138} INFO - Setting next_dagrun for example_branch_datetime_operator_2 to 2024-08-26 00:00:00+00:00, run_after=2024-08-27 00:00:00+00:00
[2024-08-27T04:47:11.493+0000] {logging_mixin.py:190} INFO - [2024-08-27T04:47:11.492+0000] {dag.py:4138} INFO - Setting next_dagrun for example_branch_datetime_operator_3 to 2024-08-26 00:00:00+00:00, run_after=2024-08-27 00:00:00+00:00
[2024-08-27T04:47:11.522+0000] {processor.py:208} INFO - Processing /home/airflow/.local/lib/python3.12/site-packages/airflow/example_dags/example_branch_datetime_operator.py took 0.197 seconds
[2024-08-27T04:47:53.561+0000] {processor.py:186} INFO - Started process (PID=430) to work on /home/airflow/.local/lib/python3.12/site-packages/airflow/example_dags/example_branch_datetime_operator.py
[2024-08-27T04:47:53.563+0000] {processor.py:914} INFO - Processing file /home/airflow/.local/lib/python3.12/site-packages/airflow/example_dags/example_branch_datetime_operator.py for tasks to queue
[2024-08-27T04:47:53.568+0000] {logging_mixin.py:190} INFO - [2024-08-27T04:47:53.568+0000] {dagbag.py:587} INFO - Filling up the DagBag from /home/airflow/.local/lib/python3.12/site-packages/airflow/example_dags/example_branch_datetime_operator.py
[2024-08-27T04:47:53.592+0000] {processor.py:925} INFO - DAG(s) 'example_branch_datetime_operator_2', 'example_branch_datetime_operator_3', 'example_branch_datetime_operator' retrieved from /home/airflow/.local/lib/python3.12/site-packages/airflow/example_dags/example_branch_datetime_operator.py
[2024-08-27T04:47:53.641+0000] {logging_mixin.py:190} INFO - [2024-08-27T04:47:53.640+0000] {dag.py:3211} INFO - Sync 3 DAGs
[2024-08-27T04:47:53.693+0000] {logging_mixin.py:190} INFO - [2024-08-27T04:47:53.692+0000] {dag.py:4138} INFO - Setting next_dagrun for example_branch_datetime_operator to 2024-08-26 00:00:00+00:00, run_after=2024-08-27 00:00:00+00:00
[2024-08-27T04:47:53.702+0000] {logging_mixin.py:190} INFO - [2024-08-27T04:47:53.702+0000] {dag.py:4138} INFO - Setting next_dagrun for example_branch_datetime_operator_2 to 2024-08-26 00:00:00+00:00, run_after=2024-08-27 00:00:00+00:00
[2024-08-27T04:47:53.708+0000] {logging_mixin.py:190} INFO - [2024-08-27T04:47:53.708+0000] {dag.py:4138} INFO - Setting next_dagrun for example_branch_datetime_operator_3 to 2024-08-26 00:00:00+00:00, run_after=2024-08-27 00:00:00+00:00
[2024-08-27T04:47:53.735+0000] {processor.py:208} INFO - Processing /home/airflow/.local/lib/python3.12/site-packages/airflow/example_dags/example_branch_datetime_operator.py took 0.185 seconds
[2024-08-27T04:48:38.472+0000] {processor.py:186} INFO - Started process (PID=497) to work on /home/airflow/.local/lib/python3.12/site-packages/airflow/example_dags/example_branch_datetime_operator.py
[2024-08-27T04:48:38.473+0000] {processor.py:914} INFO - Processing file /home/airflow/.local/lib/python3.12/site-packages/airflow/example_dags/example_branch_datetime_operator.py for tasks to queue
[2024-08-27T04:48:38.477+0000] {logging_mixin.py:190} INFO - [2024-08-27T04:48:38.476+0000] {dagbag.py:587} INFO - Filling up the DagBag from /home/airflow/.local/lib/python3.12/site-packages/airflow/example_dags/example_branch_datetime_operator.py
[2024-08-27T04:48:38.495+0000] {processor.py:925} INFO - DAG(s) 'example_branch_datetime_operator_2', 'example_branch_datetime_operator_3', 'example_branch_datetime_operator' retrieved from /home/airflow/.local/lib/python3.12/site-packages/airflow/example_dags/example_branch_datetime_operator.py
[2024-08-27T04:48:38.569+0000] {logging_mixin.py:190} INFO - [2024-08-27T04:48:38.569+0000] {dag.py:3211} INFO - Sync 3 DAGs
[2024-08-27T04:48:38.606+0000] {logging_mixin.py:190} INFO - [2024-08-27T04:48:38.606+0000] {dag.py:4138} INFO - Setting next_dagrun for example_branch_datetime_operator to 2024-08-26 00:00:00+00:00, run_after=2024-08-27 00:00:00+00:00
[2024-08-27T04:48:38.616+0000] {logging_mixin.py:190} INFO - [2024-08-27T04:48:38.616+0000] {dag.py:4138} INFO - Setting next_dagrun for example_branch_datetime_operator_2 to 2024-08-26 00:00:00+00:00, run_after=2024-08-27 00:00:00+00:00
[2024-08-27T04:48:38.623+0000] {logging_mixin.py:190} INFO - [2024-08-27T04:48:38.623+0000] {dag.py:4138} INFO - Setting next_dagrun for example_branch_datetime_operator_3 to 2024-08-26 00:00:00+00:00, run_after=2024-08-27 00:00:00+00:00
[2024-08-27T04:48:38.675+0000] {processor.py:208} INFO - Processing /home/airflow/.local/lib/python3.12/site-packages/airflow/example_dags/example_branch_datetime_operator.py took 0.211 seconds
[2024-08-27T04:49:17.496+0000] {processor.py:186} INFO - Started process (PID=569) to work on /home/airflow/.local/lib/python3.12/site-packages/airflow/example_dags/example_branch_datetime_operator.py
[2024-08-27T04:49:17.497+0000] {processor.py:914} INFO - Processing file /home/airflow/.local/lib/python3.12/site-packages/airflow/example_dags/example_branch_datetime_operator.py for tasks to queue
[2024-08-27T04:49:17.501+0000] {logging_mixin.py:190} INFO - [2024-08-27T04:49:17.500+0000] {dagbag.py:587} INFO - Filling up the DagBag from /home/airflow/.local/lib/python3.12/site-packages/airflow/example_dags/example_branch_datetime_operator.py
[2024-08-27T04:49:17.518+0000] {processor.py:925} INFO - DAG(s) 'example_branch_datetime_operator_2', 'example_branch_datetime_operator', 'example_branch_datetime_operator_3' retrieved from /home/airflow/.local/lib/python3.12/site-packages/airflow/example_dags/example_branch_datetime_operator.py
[2024-08-27T04:49:17.564+0000] {logging_mixin.py:190} INFO - [2024-08-27T04:49:17.564+0000] {dag.py:3211} INFO - Sync 3 DAGs
[2024-08-27T04:49:17.601+0000] {logging_mixin.py:190} INFO - [2024-08-27T04:49:17.601+0000] {dag.py:4138} INFO - Setting next_dagrun for example_branch_datetime_operator to 2024-08-26 00:00:00+00:00, run_after=2024-08-27 00:00:00+00:00
[2024-08-27T04:49:17.608+0000] {logging_mixin.py:190} INFO - [2024-08-27T04:49:17.608+0000] {dag.py:4138} INFO - Setting next_dagrun for example_branch_datetime_operator_2 to 2024-08-26 00:00:00+00:00, run_after=2024-08-27 00:00:00+00:00
[2024-08-27T04:49:17.612+0000] {logging_mixin.py:190} INFO - [2024-08-27T04:49:17.612+0000] {dag.py:4138} INFO - Setting next_dagrun for example_branch_datetime_operator_3 to 2024-08-26 00:00:00+00:00, run_after=2024-08-27 00:00:00+00:00
[2024-08-27T04:49:17.638+0000] {processor.py:208} INFO - Processing /home/airflow/.local/lib/python3.12/site-packages/airflow/example_dags/example_branch_datetime_operator.py took 0.155 seconds
[2024-08-27T04:49:55.600+0000] {processor.py:186} INFO - Started process (PID=635) to work on /home/airflow/.local/lib/python3.12/site-packages/airflow/example_dags/example_branch_datetime_operator.py
[2024-08-27T04:49:55.602+0000] {processor.py:914} INFO - Processing file /home/airflow/.local/lib/python3.12/site-packages/airflow/example_dags/example_branch_datetime_operator.py for tasks to queue
[2024-08-27T04:49:55.605+0000] {logging_mixin.py:190} INFO - [2024-08-27T04:49:55.605+0000] {dagbag.py:587} INFO - Filling up the DagBag from /home/airflow/.local/lib/python3.12/site-packages/airflow/example_dags/example_branch_datetime_operator.py
[2024-08-27T04:49:55.626+0000] {processor.py:925} INFO - DAG(s) 'example_branch_datetime_operator', 'example_branch_datetime_operator_3', 'example_branch_datetime_operator_2' retrieved from /home/airflow/.local/lib/python3.12/site-packages/airflow/example_dags/example_branch_datetime_operator.py
[2024-08-27T04:49:55.678+0000] {logging_mixin.py:190} INFO - [2024-08-27T04:49:55.678+0000] {dag.py:3211} INFO - Sync 3 DAGs
[2024-08-27T04:49:55.713+0000] {logging_mixin.py:190} INFO - [2024-08-27T04:49:55.712+0000] {dag.py:4138} INFO - Setting next_dagrun for example_branch_datetime_operator to 2024-08-26 00:00:00+00:00, run_after=2024-08-27 00:00:00+00:00
[2024-08-27T04:49:55.720+0000] {logging_mixin.py:190} INFO - [2024-08-27T04:49:55.719+0000] {dag.py:4138} INFO - Setting next_dagrun for example_branch_datetime_operator_2 to 2024-08-26 00:00:00+00:00, run_after=2024-08-27 00:00:00+00:00
[2024-08-27T04:49:55.724+0000] {logging_mixin.py:190} INFO - [2024-08-27T04:49:55.723+0000] {dag.py:4138} INFO - Setting next_dagrun for example_branch_datetime_operator_3 to 2024-08-26 00:00:00+00:00, run_after=2024-08-27 00:00:00+00:00
[2024-08-27T04:49:55.747+0000] {processor.py:208} INFO - Processing /home/airflow/.local/lib/python3.12/site-packages/airflow/example_dags/example_branch_datetime_operator.py took 0.157 seconds
[2024-08-27T04:50:33.729+0000] {processor.py:186} INFO - Started process (PID=702) to work on /home/airflow/.local/lib/python3.12/site-packages/airflow/example_dags/example_branch_datetime_operator.py
[2024-08-27T04:50:33.731+0000] {processor.py:914} INFO - Processing file /home/airflow/.local/lib/python3.12/site-packages/airflow/example_dags/example_branch_datetime_operator.py for tasks to queue
[2024-08-27T04:50:33.735+0000] {logging_mixin.py:190} INFO - [2024-08-27T04:50:33.734+0000] {dagbag.py:587} INFO - Filling up the DagBag from /home/airflow/.local/lib/python3.12/site-packages/airflow/example_dags/example_branch_datetime_operator.py
[2024-08-27T04:50:33.754+0000] {processor.py:925} INFO - DAG(s) 'example_branch_datetime_operator_3', 'example_branch_datetime_operator_2', 'example_branch_datetime_operator' retrieved from /home/airflow/.local/lib/python3.12/site-packages/airflow/example_dags/example_branch_datetime_operator.py
[2024-08-27T04:50:33.793+0000] {logging_mixin.py:190} INFO - [2024-08-27T04:50:33.792+0000] {dag.py:3211} INFO - Sync 3 DAGs
[2024-08-27T04:50:33.828+0000] {logging_mixin.py:190} INFO - [2024-08-27T04:50:33.828+0000] {dag.py:4138} INFO - Setting next_dagrun for example_branch_datetime_operator to 2024-08-26 00:00:00+00:00, run_after=2024-08-27 00:00:00+00:00
[2024-08-27T04:50:33.836+0000] {logging_mixin.py:190} INFO - [2024-08-27T04:50:33.836+0000] {dag.py:4138} INFO - Setting next_dagrun for example_branch_datetime_operator_2 to 2024-08-26 00:00:00+00:00, run_after=2024-08-27 00:00:00+00:00
[2024-08-27T04:50:33.841+0000] {logging_mixin.py:190} INFO - [2024-08-27T04:50:33.841+0000] {dag.py:4138} INFO - Setting next_dagrun for example_branch_datetime_operator_3 to 2024-08-26 00:00:00+00:00, run_after=2024-08-27 00:00:00+00:00
[2024-08-27T04:50:33.863+0000] {processor.py:208} INFO - Processing /home/airflow/.local/lib/python3.12/site-packages/airflow/example_dags/example_branch_datetime_operator.py took 0.142 seconds
[2024-08-27T04:51:14.557+0000] {processor.py:186} INFO - Started process (PID=768) to work on /home/airflow/.local/lib/python3.12/site-packages/airflow/example_dags/example_branch_datetime_operator.py
[2024-08-27T04:51:14.559+0000] {processor.py:914} INFO - Processing file /home/airflow/.local/lib/python3.12/site-packages/airflow/example_dags/example_branch_datetime_operator.py for tasks to queue
[2024-08-27T04:51:14.562+0000] {logging_mixin.py:190} INFO - [2024-08-27T04:51:14.562+0000] {dagbag.py:587} INFO - Filling up the DagBag from /home/airflow/.local/lib/python3.12/site-packages/airflow/example_dags/example_branch_datetime_operator.py
[2024-08-27T04:51:14.579+0000] {processor.py:925} INFO - DAG(s) 'example_branch_datetime_operator_3', 'example_branch_datetime_operator', 'example_branch_datetime_operator_2' retrieved from /home/airflow/.local/lib/python3.12/site-packages/airflow/example_dags/example_branch_datetime_operator.py
[2024-08-27T04:51:14.620+0000] {logging_mixin.py:190} INFO - [2024-08-27T04:51:14.620+0000] {dag.py:3211} INFO - Sync 3 DAGs
[2024-08-27T04:51:14.656+0000] {logging_mixin.py:190} INFO - [2024-08-27T04:51:14.655+0000] {dag.py:4138} INFO - Setting next_dagrun for example_branch_datetime_operator to 2024-08-26 00:00:00+00:00, run_after=2024-08-27 00:00:00+00:00
[2024-08-27T04:51:14.663+0000] {logging_mixin.py:190} INFO - [2024-08-27T04:51:14.662+0000] {dag.py:4138} INFO - Setting next_dagrun for example_branch_datetime_operator_2 to 2024-08-26 00:00:00+00:00, run_after=2024-08-27 00:00:00+00:00
[2024-08-27T04:51:14.667+0000] {logging_mixin.py:190} INFO - [2024-08-27T04:51:14.666+0000] {dag.py:4138} INFO - Setting next_dagrun for example_branch_datetime_operator_3 to 2024-08-26 00:00:00+00:00, run_after=2024-08-27 00:00:00+00:00
[2024-08-27T04:51:14.689+0000] {processor.py:208} INFO - Processing /home/airflow/.local/lib/python3.12/site-packages/airflow/example_dags/example_branch_datetime_operator.py took 0.140 seconds
[2024-08-27T04:51:56.865+0000] {processor.py:186} INFO - Started process (PID=841) to work on /home/airflow/.local/lib/python3.12/site-packages/airflow/example_dags/example_branch_datetime_operator.py
[2024-08-27T04:51:56.867+0000] {processor.py:914} INFO - Processing file /home/airflow/.local/lib/python3.12/site-packages/airflow/example_dags/example_branch_datetime_operator.py for tasks to queue
[2024-08-27T04:51:56.871+0000] {logging_mixin.py:190} INFO - [2024-08-27T04:51:56.870+0000] {dagbag.py:587} INFO - Filling up the DagBag from /home/airflow/.local/lib/python3.12/site-packages/airflow/example_dags/example_branch_datetime_operator.py
[2024-08-27T04:51:56.890+0000] {processor.py:925} INFO - DAG(s) 'example_branch_datetime_operator_3', 'example_branch_datetime_operator', 'example_branch_datetime_operator_2' retrieved from /home/airflow/.local/lib/python3.12/site-packages/airflow/example_dags/example_branch_datetime_operator.py
[2024-08-27T04:51:56.933+0000] {logging_mixin.py:190} INFO - [2024-08-27T04:51:56.933+0000] {dag.py:3211} INFO - Sync 3 DAGs
[2024-08-27T04:51:56.970+0000] {logging_mixin.py:190} INFO - [2024-08-27T04:51:56.970+0000] {dag.py:4138} INFO - Setting next_dagrun for example_branch_datetime_operator to 2024-08-26 00:00:00+00:00, run_after=2024-08-27 00:00:00+00:00
[2024-08-27T04:51:56.978+0000] {logging_mixin.py:190} INFO - [2024-08-27T04:51:56.978+0000] {dag.py:4138} INFO - Setting next_dagrun for example_branch_datetime_operator_2 to 2024-08-26 00:00:00+00:00, run_after=2024-08-27 00:00:00+00:00
[2024-08-27T04:51:56.983+0000] {logging_mixin.py:190} INFO - [2024-08-27T04:51:56.982+0000] {dag.py:4138} INFO - Setting next_dagrun for example_branch_datetime_operator_3 to 2024-08-26 00:00:00+00:00, run_after=2024-08-27 00:00:00+00:00
[2024-08-27T04:51:57.008+0000] {processor.py:208} INFO - Processing /home/airflow/.local/lib/python3.12/site-packages/airflow/example_dags/example_branch_datetime_operator.py took 0.152 seconds
