[2024-08-27T04:44:31.280+0000] {processor.py:186} INFO - Started process (PID=118) to work on /home/airflow/.local/lib/python3.12/site-packages/airflow/example_dags/example_params_ui_tutorial.py
[2024-08-27T04:44:31.282+0000] {processor.py:914} INFO - Processing file /home/airflow/.local/lib/python3.12/site-packages/airflow/example_dags/example_params_ui_tutorial.py for tasks to queue
[2024-08-27T04:44:31.286+0000] {logging_mixin.py:190} INFO - [2024-08-27T04:44:31.285+0000] {dagbag.py:587} INFO - Filling up the DagBag from /home/airflow/.local/lib/python3.12/site-packages/airflow/example_dags/example_params_ui_tutorial.py
[2024-08-27T04:44:31.301+0000] {processor.py:925} INFO - DAG(s) 'example_params_ui_tutorial' retrieved from /home/airflow/.local/lib/python3.12/site-packages/airflow/example_dags/example_params_ui_tutorial.py
[2024-08-27T04:44:31.532+0000] {logging_mixin.py:190} INFO - [2024-08-27T04:44:31.531+0000] {dag.py:3211} INFO - Sync 1 DAGs
[2024-08-27T04:44:31.555+0000] {logging_mixin.py:190} INFO - [2024-08-27T04:44:31.555+0000] {dag.py:4138} INFO - Setting next_dagrun for example_params_ui_tutorial to None, run_after=None
[2024-08-27T04:44:31.589+0000] {processor.py:208} INFO - Processing /home/airflow/.local/lib/python3.12/site-packages/airflow/example_dags/example_params_ui_tutorial.py took 0.319 seconds
[2024-08-27T04:45:06.663+0000] {processor.py:186} INFO - Started process (PID=184) to work on /home/airflow/.local/lib/python3.12/site-packages/airflow/example_dags/example_params_ui_tutorial.py
[2024-08-27T04:45:06.665+0000] {processor.py:914} INFO - Processing file /home/airflow/.local/lib/python3.12/site-packages/airflow/example_dags/example_params_ui_tutorial.py for tasks to queue
[2024-08-27T04:45:06.668+0000] {logging_mixin.py:190} INFO - [2024-08-27T04:45:06.668+0000] {dagbag.py:587} INFO - Filling up the DagBag from /home/airflow/.local/lib/python3.12/site-packages/airflow/example_dags/example_params_ui_tutorial.py
[2024-08-27T04:45:06.681+0000] {processor.py:925} INFO - DAG(s) 'example_params_ui_tutorial' retrieved from /home/airflow/.local/lib/python3.12/site-packages/airflow/example_dags/example_params_ui_tutorial.py
[2024-08-27T04:45:06.748+0000] {logging_mixin.py:190} INFO - [2024-08-27T04:45:06.748+0000] {dag.py:3211} INFO - Sync 1 DAGs
[2024-08-27T04:45:06.769+0000] {logging_mixin.py:190} INFO - [2024-08-27T04:45:06.769+0000] {dag.py:4138} INFO - Setting next_dagrun for example_params_ui_tutorial to None, run_after=None
[2024-08-27T04:45:06.799+0000] {processor.py:208} INFO - Processing /home/airflow/.local/lib/python3.12/site-packages/airflow/example_dags/example_params_ui_tutorial.py took 0.144 seconds
[2024-08-27T04:45:51.128+0000] {processor.py:186} INFO - Started process (PID=258) to work on /home/airflow/.local/lib/python3.12/site-packages/airflow/example_dags/example_params_ui_tutorial.py
[2024-08-27T04:45:51.130+0000] {processor.py:914} INFO - Processing file /home/airflow/.local/lib/python3.12/site-packages/airflow/example_dags/example_params_ui_tutorial.py for tasks to queue
[2024-08-27T04:45:51.138+0000] {logging_mixin.py:190} INFO - [2024-08-27T04:45:51.137+0000] {dagbag.py:587} INFO - Filling up the DagBag from /home/airflow/.local/lib/python3.12/site-packages/airflow/example_dags/example_params_ui_tutorial.py
[2024-08-27T04:45:51.182+0000] {processor.py:925} INFO - DAG(s) 'example_params_ui_tutorial' retrieved from /home/airflow/.local/lib/python3.12/site-packages/airflow/example_dags/example_params_ui_tutorial.py
[2024-08-27T04:45:51.248+0000] {logging_mixin.py:190} INFO - [2024-08-27T04:45:51.247+0000] {dag.py:3211} INFO - Sync 1 DAGs
[2024-08-27T04:45:51.265+0000] {logging_mixin.py:190} INFO - [2024-08-27T04:45:51.265+0000] {dag.py:4138} INFO - Setting next_dagrun for example_params_ui_tutorial to None, run_after=None
[2024-08-27T04:45:51.289+0000] {processor.py:208} INFO - Processing /home/airflow/.local/lib/python3.12/site-packages/airflow/example_dags/example_params_ui_tutorial.py took 0.175 seconds
[2024-08-27T04:46:33.663+0000] {processor.py:186} INFO - Started process (PID=324) to work on /home/airflow/.local/lib/python3.12/site-packages/airflow/example_dags/example_params_ui_tutorial.py
[2024-08-27T04:46:33.666+0000] {processor.py:914} INFO - Processing file /home/airflow/.local/lib/python3.12/site-packages/airflow/example_dags/example_params_ui_tutorial.py for tasks to queue
[2024-08-27T04:46:33.670+0000] {logging_mixin.py:190} INFO - [2024-08-27T04:46:33.669+0000] {dagbag.py:587} INFO - Filling up the DagBag from /home/airflow/.local/lib/python3.12/site-packages/airflow/example_dags/example_params_ui_tutorial.py
[2024-08-27T04:46:33.683+0000] {processor.py:925} INFO - DAG(s) 'example_params_ui_tutorial' retrieved from /home/airflow/.local/lib/python3.12/site-packages/airflow/example_dags/example_params_ui_tutorial.py
[2024-08-27T04:46:33.763+0000] {logging_mixin.py:190} INFO - [2024-08-27T04:46:33.763+0000] {dag.py:3211} INFO - Sync 1 DAGs
[2024-08-27T04:46:33.782+0000] {logging_mixin.py:190} INFO - [2024-08-27T04:46:33.782+0000] {dag.py:4138} INFO - Setting next_dagrun for example_params_ui_tutorial to None, run_after=None
[2024-08-27T04:46:33.809+0000] {processor.py:208} INFO - Processing /home/airflow/.local/lib/python3.12/site-packages/airflow/example_dags/example_params_ui_tutorial.py took 0.154 seconds
[2024-08-27T04:47:15.462+0000] {processor.py:186} INFO - Started process (PID=390) to work on /home/airflow/.local/lib/python3.12/site-packages/airflow/example_dags/example_params_ui_tutorial.py
[2024-08-27T04:47:15.465+0000] {processor.py:914} INFO - Processing file /home/airflow/.local/lib/python3.12/site-packages/airflow/example_dags/example_params_ui_tutorial.py for tasks to queue
[2024-08-27T04:47:15.472+0000] {logging_mixin.py:190} INFO - [2024-08-27T04:47:15.471+0000] {dagbag.py:587} INFO - Filling up the DagBag from /home/airflow/.local/lib/python3.12/site-packages/airflow/example_dags/example_params_ui_tutorial.py
[2024-08-27T04:47:15.497+0000] {processor.py:925} INFO - DAG(s) 'example_params_ui_tutorial' retrieved from /home/airflow/.local/lib/python3.12/site-packages/airflow/example_dags/example_params_ui_tutorial.py
[2024-08-27T04:47:15.587+0000] {logging_mixin.py:190} INFO - [2024-08-27T04:47:15.587+0000] {dag.py:3211} INFO - Sync 1 DAGs
[2024-08-27T04:47:15.612+0000] {logging_mixin.py:190} INFO - [2024-08-27T04:47:15.612+0000] {dag.py:4138} INFO - Setting next_dagrun for example_params_ui_tutorial to None, run_after=None
[2024-08-27T04:47:15.643+0000] {processor.py:208} INFO - Processing /home/airflow/.local/lib/python3.12/site-packages/airflow/example_dags/example_params_ui_tutorial.py took 0.197 seconds
[2024-08-27T04:47:57.811+0000] {processor.py:186} INFO - Started process (PID=463) to work on /home/airflow/.local/lib/python3.12/site-packages/airflow/example_dags/example_params_ui_tutorial.py
[2024-08-27T04:47:57.831+0000] {processor.py:914} INFO - Processing file /home/airflow/.local/lib/python3.12/site-packages/airflow/example_dags/example_params_ui_tutorial.py for tasks to queue
[2024-08-27T04:47:57.853+0000] {logging_mixin.py:190} INFO - [2024-08-27T04:47:57.853+0000] {dagbag.py:587} INFO - Filling up the DagBag from /home/airflow/.local/lib/python3.12/site-packages/airflow/example_dags/example_params_ui_tutorial.py
[2024-08-27T04:47:57.893+0000] {processor.py:925} INFO - DAG(s) 'example_params_ui_tutorial' retrieved from /home/airflow/.local/lib/python3.12/site-packages/airflow/example_dags/example_params_ui_tutorial.py
[2024-08-27T04:47:57.999+0000] {logging_mixin.py:190} INFO - [2024-08-27T04:47:57.998+0000] {dag.py:3211} INFO - Sync 1 DAGs
[2024-08-27T04:47:58.039+0000] {logging_mixin.py:190} INFO - [2024-08-27T04:47:58.038+0000] {dag.py:4138} INFO - Setting next_dagrun for example_params_ui_tutorial to None, run_after=None
[2024-08-27T04:47:58.089+0000] {processor.py:208} INFO - Processing /home/airflow/.local/lib/python3.12/site-packages/airflow/example_dags/example_params_ui_tutorial.py took 0.288 seconds
[2024-08-27T04:48:52.794+0000] {processor.py:186} INFO - Started process (PID=536) to work on /home/airflow/.local/lib/python3.12/site-packages/airflow/example_dags/example_params_ui_tutorial.py
[2024-08-27T04:48:52.796+0000] {processor.py:914} INFO - Processing file /home/airflow/.local/lib/python3.12/site-packages/airflow/example_dags/example_params_ui_tutorial.py for tasks to queue
[2024-08-27T04:48:52.803+0000] {logging_mixin.py:190} INFO - [2024-08-27T04:48:52.803+0000] {dagbag.py:587} INFO - Filling up the DagBag from /home/airflow/.local/lib/python3.12/site-packages/airflow/example_dags/example_params_ui_tutorial.py
[2024-08-27T04:48:52.822+0000] {processor.py:925} INFO - DAG(s) 'example_params_ui_tutorial' retrieved from /home/airflow/.local/lib/python3.12/site-packages/airflow/example_dags/example_params_ui_tutorial.py
[2024-08-27T04:48:52.888+0000] {logging_mixin.py:190} INFO - [2024-08-27T04:48:52.887+0000] {dag.py:3211} INFO - Sync 1 DAGs
[2024-08-27T04:48:52.910+0000] {logging_mixin.py:190} INFO - [2024-08-27T04:48:52.910+0000] {dag.py:4138} INFO - Setting next_dagrun for example_params_ui_tutorial to None, run_after=None
[2024-08-27T04:48:52.938+0000] {processor.py:208} INFO - Processing /home/airflow/.local/lib/python3.12/site-packages/airflow/example_dags/example_params_ui_tutorial.py took 0.156 seconds
[2024-08-27T04:49:23.728+0000] {processor.py:186} INFO - Started process (PID=602) to work on /home/airflow/.local/lib/python3.12/site-packages/airflow/example_dags/example_params_ui_tutorial.py
[2024-08-27T04:49:23.729+0000] {processor.py:914} INFO - Processing file /home/airflow/.local/lib/python3.12/site-packages/airflow/example_dags/example_params_ui_tutorial.py for tasks to queue
[2024-08-27T04:49:23.733+0000] {logging_mixin.py:190} INFO - [2024-08-27T04:49:23.732+0000] {dagbag.py:587} INFO - Filling up the DagBag from /home/airflow/.local/lib/python3.12/site-packages/airflow/example_dags/example_params_ui_tutorial.py
[2024-08-27T04:49:23.749+0000] {processor.py:925} INFO - DAG(s) 'example_params_ui_tutorial' retrieved from /home/airflow/.local/lib/python3.12/site-packages/airflow/example_dags/example_params_ui_tutorial.py
[2024-08-27T04:49:23.818+0000] {logging_mixin.py:190} INFO - [2024-08-27T04:49:23.818+0000] {dag.py:3211} INFO - Sync 1 DAGs
[2024-08-27T04:49:23.837+0000] {logging_mixin.py:190} INFO - [2024-08-27T04:49:23.837+0000] {dag.py:4138} INFO - Setting next_dagrun for example_params_ui_tutorial to None, run_after=None
[2024-08-27T04:49:23.865+0000] {processor.py:208} INFO - Processing /home/airflow/.local/lib/python3.12/site-packages/airflow/example_dags/example_params_ui_tutorial.py took 0.146 seconds
[2024-08-27T04:49:58.938+0000] {processor.py:186} INFO - Started process (PID=668) to work on /home/airflow/.local/lib/python3.12/site-packages/airflow/example_dags/example_params_ui_tutorial.py
[2024-08-27T04:49:58.940+0000] {processor.py:914} INFO - Processing file /home/airflow/.local/lib/python3.12/site-packages/airflow/example_dags/example_params_ui_tutorial.py for tasks to queue
[2024-08-27T04:49:58.943+0000] {logging_mixin.py:190} INFO - [2024-08-27T04:49:58.943+0000] {dagbag.py:587} INFO - Filling up the DagBag from /home/airflow/.local/lib/python3.12/site-packages/airflow/example_dags/example_params_ui_tutorial.py
[2024-08-27T04:49:58.956+0000] {processor.py:925} INFO - DAG(s) 'example_params_ui_tutorial' retrieved from /home/airflow/.local/lib/python3.12/site-packages/airflow/example_dags/example_params_ui_tutorial.py
[2024-08-27T04:49:59.021+0000] {logging_mixin.py:190} INFO - [2024-08-27T04:49:59.020+0000] {dag.py:3211} INFO - Sync 1 DAGs
[2024-08-27T04:49:59.040+0000] {logging_mixin.py:190} INFO - [2024-08-27T04:49:59.040+0000] {dag.py:4138} INFO - Setting next_dagrun for example_params_ui_tutorial to None, run_after=None
[2024-08-27T04:49:59.067+0000] {processor.py:208} INFO - Processing /home/airflow/.local/lib/python3.12/site-packages/airflow/example_dags/example_params_ui_tutorial.py took 0.137 seconds
[2024-08-27T04:50:37.421+0000] {processor.py:186} INFO - Started process (PID=735) to work on /home/airflow/.local/lib/python3.12/site-packages/airflow/example_dags/example_params_ui_tutorial.py
[2024-08-27T04:50:37.423+0000] {processor.py:914} INFO - Processing file /home/airflow/.local/lib/python3.12/site-packages/airflow/example_dags/example_params_ui_tutorial.py for tasks to queue
[2024-08-27T04:50:37.427+0000] {logging_mixin.py:190} INFO - [2024-08-27T04:50:37.427+0000] {dagbag.py:587} INFO - Filling up the DagBag from /home/airflow/.local/lib/python3.12/site-packages/airflow/example_dags/example_params_ui_tutorial.py
[2024-08-27T04:50:37.444+0000] {processor.py:925} INFO - DAG(s) 'example_params_ui_tutorial' retrieved from /home/airflow/.local/lib/python3.12/site-packages/airflow/example_dags/example_params_ui_tutorial.py
[2024-08-27T04:50:37.514+0000] {logging_mixin.py:190} INFO - [2024-08-27T04:50:37.514+0000] {dag.py:3211} INFO - Sync 1 DAGs
[2024-08-27T04:50:37.534+0000] {logging_mixin.py:190} INFO - [2024-08-27T04:50:37.533+0000] {dag.py:4138} INFO - Setting next_dagrun for example_params_ui_tutorial to None, run_after=None
[2024-08-27T04:50:37.561+0000] {processor.py:208} INFO - Processing /home/airflow/.local/lib/python3.12/site-packages/airflow/example_dags/example_params_ui_tutorial.py took 0.149 seconds
[2024-08-27T04:51:20.607+0000] {processor.py:186} INFO - Started process (PID=807) to work on /home/airflow/.local/lib/python3.12/site-packages/airflow/example_dags/example_params_ui_tutorial.py
[2024-08-27T04:51:20.610+0000] {processor.py:914} INFO - Processing file /home/airflow/.local/lib/python3.12/site-packages/airflow/example_dags/example_params_ui_tutorial.py for tasks to queue
[2024-08-27T04:51:20.615+0000] {logging_mixin.py:190} INFO - [2024-08-27T04:51:20.614+0000] {dagbag.py:587} INFO - Filling up the DagBag from /home/airflow/.local/lib/python3.12/site-packages/airflow/example_dags/example_params_ui_tutorial.py
[2024-08-27T04:51:20.635+0000] {processor.py:925} INFO - DAG(s) 'example_params_ui_tutorial' retrieved from /home/airflow/.local/lib/python3.12/site-packages/airflow/example_dags/example_params_ui_tutorial.py
[2024-08-27T04:51:20.738+0000] {logging_mixin.py:190} INFO - [2024-08-27T04:51:20.737+0000] {dag.py:3211} INFO - Sync 1 DAGs
[2024-08-27T04:51:20.786+0000] {logging_mixin.py:190} INFO - [2024-08-27T04:51:20.785+0000] {dag.py:4138} INFO - Setting next_dagrun for example_params_ui_tutorial to None, run_after=None
[2024-08-27T04:51:20.816+0000] {processor.py:208} INFO - Processing /home/airflow/.local/lib/python3.12/site-packages/airflow/example_dags/example_params_ui_tutorial.py took 0.221 seconds
[2024-08-27T04:52:00.382+0000] {processor.py:186} INFO - Started process (PID=874) to work on /home/airflow/.local/lib/python3.12/site-packages/airflow/example_dags/example_params_ui_tutorial.py
[2024-08-27T04:52:00.383+0000] {processor.py:914} INFO - Processing file /home/airflow/.local/lib/python3.12/site-packages/airflow/example_dags/example_params_ui_tutorial.py for tasks to queue
[2024-08-27T04:52:00.387+0000] {logging_mixin.py:190} INFO - [2024-08-27T04:52:00.386+0000] {dagbag.py:587} INFO - Filling up the DagBag from /home/airflow/.local/lib/python3.12/site-packages/airflow/example_dags/example_params_ui_tutorial.py
[2024-08-27T04:52:00.406+0000] {processor.py:925} INFO - DAG(s) 'example_params_ui_tutorial' retrieved from /home/airflow/.local/lib/python3.12/site-packages/airflow/example_dags/example_params_ui_tutorial.py
[2024-08-27T04:52:00.465+0000] {logging_mixin.py:190} INFO - [2024-08-27T04:52:00.465+0000] {dag.py:3211} INFO - Sync 1 DAGs
[2024-08-27T04:52:00.482+0000] {logging_mixin.py:190} INFO - [2024-08-27T04:52:00.482+0000] {dag.py:4138} INFO - Setting next_dagrun for example_params_ui_tutorial to None, run_after=None
[2024-08-27T04:52:00.506+0000] {processor.py:208} INFO - Processing /home/airflow/.local/lib/python3.12/site-packages/airflow/example_dags/example_params_ui_tutorial.py took 0.132 seconds
