[2024-08-27T04:44:28.467+0000] {processor.py:186} INFO - Started process (PID=104) to work on /home/airflow/.local/lib/python3.12/site-packages/airflow/example_dags/example_branch_operator.py
[2024-08-27T04:44:28.472+0000] {processor.py:914} INFO - Processing file /home/airflow/.local/lib/python3.12/site-packages/airflow/example_dags/example_branch_operator.py for tasks to queue
[2024-08-27T04:44:28.486+0000] {logging_mixin.py:190} INFO - [2024-08-27T04:44:28.484+0000] {dagbag.py:587} INFO - Filling up the DagBag from /home/airflow/.local/lib/python3.12/site-packages/airflow/example_dags/example_branch_operator.py
[2024-08-27T04:44:28.582+0000] {processor.py:925} INFO - DAG(s) 'example_branch_operator' retrieved from /home/airflow/.local/lib/python3.12/site-packages/airflow/example_dags/example_branch_operator.py
[2024-08-27T04:44:28.915+0000] {logging_mixin.py:190} INFO - [2024-08-27T04:44:28.914+0000] {dag.py:3211} INFO - Sync 1 DAGs
[2024-08-27T04:44:28.966+0000] {logging_mixin.py:190} INFO - [2024-08-27T04:44:28.966+0000] {dag.py:4138} INFO - Setting next_dagrun for example_branch_operator to 2024-08-26 00:00:00+00:00, run_after=2024-08-27 00:00:00+00:00
[2024-08-27T04:44:29.006+0000] {processor.py:208} INFO - Processing /home/airflow/.local/lib/python3.12/site-packages/airflow/example_dags/example_branch_operator.py took 0.565 seconds
[2024-08-27T04:45:05.420+0000] {processor.py:186} INFO - Started process (PID=170) to work on /home/airflow/.local/lib/python3.12/site-packages/airflow/example_dags/example_branch_operator.py
[2024-08-27T04:45:05.421+0000] {processor.py:914} INFO - Processing file /home/airflow/.local/lib/python3.12/site-packages/airflow/example_dags/example_branch_operator.py for tasks to queue
[2024-08-27T04:45:05.425+0000] {logging_mixin.py:190} INFO - [2024-08-27T04:45:05.424+0000] {dagbag.py:587} INFO - Filling up the DagBag from /home/airflow/.local/lib/python3.12/site-packages/airflow/example_dags/example_branch_operator.py
[2024-08-27T04:45:05.452+0000] {processor.py:925} INFO - DAG(s) 'example_branch_operator' retrieved from /home/airflow/.local/lib/python3.12/site-packages/airflow/example_dags/example_branch_operator.py
[2024-08-27T04:45:05.497+0000] {logging_mixin.py:190} INFO - [2024-08-27T04:45:05.497+0000] {dag.py:3211} INFO - Sync 1 DAGs
[2024-08-27T04:45:05.529+0000] {logging_mixin.py:190} INFO - [2024-08-27T04:45:05.529+0000] {dag.py:4138} INFO - Setting next_dagrun for example_branch_operator to 2024-08-26 00:00:00+00:00, run_after=2024-08-27 00:00:00+00:00
[2024-08-27T04:45:05.552+0000] {processor.py:208} INFO - Processing /home/airflow/.local/lib/python3.12/site-packages/airflow/example_dags/example_branch_operator.py took 0.141 seconds
[2024-08-27T04:45:49.801+0000] {processor.py:186} INFO - Started process (PID=244) to work on /home/airflow/.local/lib/python3.12/site-packages/airflow/example_dags/example_branch_operator.py
[2024-08-27T04:45:49.803+0000] {processor.py:914} INFO - Processing file /home/airflow/.local/lib/python3.12/site-packages/airflow/example_dags/example_branch_operator.py for tasks to queue
[2024-08-27T04:45:49.807+0000] {logging_mixin.py:190} INFO - [2024-08-27T04:45:49.806+0000] {dagbag.py:587} INFO - Filling up the DagBag from /home/airflow/.local/lib/python3.12/site-packages/airflow/example_dags/example_branch_operator.py
[2024-08-27T04:45:49.832+0000] {processor.py:925} INFO - DAG(s) 'example_branch_operator' retrieved from /home/airflow/.local/lib/python3.12/site-packages/airflow/example_dags/example_branch_operator.py
[2024-08-27T04:45:49.874+0000] {logging_mixin.py:190} INFO - [2024-08-27T04:45:49.874+0000] {dag.py:3211} INFO - Sync 1 DAGs
[2024-08-27T04:45:49.904+0000] {logging_mixin.py:190} INFO - [2024-08-27T04:45:49.903+0000] {dag.py:4138} INFO - Setting next_dagrun for example_branch_operator to 2024-08-26 00:00:00+00:00, run_after=2024-08-27 00:00:00+00:00
[2024-08-27T04:45:49.928+0000] {processor.py:208} INFO - Processing /home/airflow/.local/lib/python3.12/site-packages/airflow/example_dags/example_branch_operator.py took 0.135 seconds
[2024-08-27T04:46:31.600+0000] {processor.py:186} INFO - Started process (PID=310) to work on /home/airflow/.local/lib/python3.12/site-packages/airflow/example_dags/example_branch_operator.py
[2024-08-27T04:46:31.603+0000] {processor.py:914} INFO - Processing file /home/airflow/.local/lib/python3.12/site-packages/airflow/example_dags/example_branch_operator.py for tasks to queue
[2024-08-27T04:46:31.609+0000] {logging_mixin.py:190} INFO - [2024-08-27T04:46:31.608+0000] {dagbag.py:587} INFO - Filling up the DagBag from /home/airflow/.local/lib/python3.12/site-packages/airflow/example_dags/example_branch_operator.py
[2024-08-27T04:46:31.657+0000] {processor.py:925} INFO - DAG(s) 'example_branch_operator' retrieved from /home/airflow/.local/lib/python3.12/site-packages/airflow/example_dags/example_branch_operator.py
[2024-08-27T04:46:31.734+0000] {logging_mixin.py:190} INFO - [2024-08-27T04:46:31.733+0000] {dag.py:3211} INFO - Sync 1 DAGs
[2024-08-27T04:46:31.768+0000] {logging_mixin.py:190} INFO - [2024-08-27T04:46:31.768+0000] {dag.py:4138} INFO - Setting next_dagrun for example_branch_operator to 2024-08-26 00:00:00+00:00, run_after=2024-08-27 00:00:00+00:00
[2024-08-27T04:46:31.798+0000] {processor.py:208} INFO - Processing /home/airflow/.local/lib/python3.12/site-packages/airflow/example_dags/example_branch_operator.py took 0.213 seconds
[2024-08-27T04:47:13.863+0000] {processor.py:186} INFO - Started process (PID=376) to work on /home/airflow/.local/lib/python3.12/site-packages/airflow/example_dags/example_branch_operator.py
[2024-08-27T04:47:13.864+0000] {processor.py:914} INFO - Processing file /home/airflow/.local/lib/python3.12/site-packages/airflow/example_dags/example_branch_operator.py for tasks to queue
[2024-08-27T04:47:13.868+0000] {logging_mixin.py:190} INFO - [2024-08-27T04:47:13.868+0000] {dagbag.py:587} INFO - Filling up the DagBag from /home/airflow/.local/lib/python3.12/site-packages/airflow/example_dags/example_branch_operator.py
[2024-08-27T04:47:13.894+0000] {processor.py:925} INFO - DAG(s) 'example_branch_operator' retrieved from /home/airflow/.local/lib/python3.12/site-packages/airflow/example_dags/example_branch_operator.py
[2024-08-27T04:47:13.937+0000] {logging_mixin.py:190} INFO - [2024-08-27T04:47:13.937+0000] {dag.py:3211} INFO - Sync 1 DAGs
[2024-08-27T04:47:13.974+0000] {logging_mixin.py:190} INFO - [2024-08-27T04:47:13.974+0000] {dag.py:4138} INFO - Setting next_dagrun for example_branch_operator to 2024-08-26 00:00:00+00:00, run_after=2024-08-27 00:00:00+00:00
[2024-08-27T04:47:14.003+0000] {processor.py:208} INFO - Processing /home/airflow/.local/lib/python3.12/site-packages/airflow/example_dags/example_branch_operator.py took 0.150 seconds
[2024-08-27T04:47:55.964+0000] {processor.py:186} INFO - Started process (PID=449) to work on /home/airflow/.local/lib/python3.12/site-packages/airflow/example_dags/example_branch_operator.py
[2024-08-27T04:47:55.967+0000] {processor.py:914} INFO - Processing file /home/airflow/.local/lib/python3.12/site-packages/airflow/example_dags/example_branch_operator.py for tasks to queue
[2024-08-27T04:47:55.970+0000] {logging_mixin.py:190} INFO - [2024-08-27T04:47:55.970+0000] {dagbag.py:587} INFO - Filling up the DagBag from /home/airflow/.local/lib/python3.12/site-packages/airflow/example_dags/example_branch_operator.py
[2024-08-27T04:47:56.004+0000] {processor.py:925} INFO - DAG(s) 'example_branch_operator' retrieved from /home/airflow/.local/lib/python3.12/site-packages/airflow/example_dags/example_branch_operator.py
[2024-08-27T04:47:56.060+0000] {logging_mixin.py:190} INFO - [2024-08-27T04:47:56.059+0000] {dag.py:3211} INFO - Sync 1 DAGs
[2024-08-27T04:47:56.098+0000] {logging_mixin.py:190} INFO - [2024-08-27T04:47:56.097+0000] {dag.py:4138} INFO - Setting next_dagrun for example_branch_operator to 2024-08-26 00:00:00+00:00, run_after=2024-08-27 00:00:00+00:00
[2024-08-27T04:47:56.128+0000] {processor.py:208} INFO - Processing /home/airflow/.local/lib/python3.12/site-packages/airflow/example_dags/example_branch_operator.py took 0.175 seconds
[2024-08-27T04:48:50.795+0000] {processor.py:186} INFO - Started process (PID=522) to work on /home/airflow/.local/lib/python3.12/site-packages/airflow/example_dags/example_branch_operator.py
[2024-08-27T04:48:50.798+0000] {processor.py:914} INFO - Processing file /home/airflow/.local/lib/python3.12/site-packages/airflow/example_dags/example_branch_operator.py for tasks to queue
[2024-08-27T04:48:50.801+0000] {logging_mixin.py:190} INFO - [2024-08-27T04:48:50.801+0000] {dagbag.py:587} INFO - Filling up the DagBag from /home/airflow/.local/lib/python3.12/site-packages/airflow/example_dags/example_branch_operator.py
[2024-08-27T04:48:50.831+0000] {processor.py:925} INFO - DAG(s) 'example_branch_operator' retrieved from /home/airflow/.local/lib/python3.12/site-packages/airflow/example_dags/example_branch_operator.py
[2024-08-27T04:48:50.879+0000] {logging_mixin.py:190} INFO - [2024-08-27T04:48:50.879+0000] {dag.py:3211} INFO - Sync 1 DAGs
[2024-08-27T04:48:50.910+0000] {logging_mixin.py:190} INFO - [2024-08-27T04:48:50.910+0000] {dag.py:4138} INFO - Setting next_dagrun for example_branch_operator to 2024-08-26 00:00:00+00:00, run_after=2024-08-27 00:00:00+00:00
[2024-08-27T04:48:50.935+0000] {processor.py:208} INFO - Processing /home/airflow/.local/lib/python3.12/site-packages/airflow/example_dags/example_branch_operator.py took 0.150 seconds
[2024-08-27T04:49:21.354+0000] {processor.py:186} INFO - Started process (PID=588) to work on /home/airflow/.local/lib/python3.12/site-packages/airflow/example_dags/example_branch_operator.py
[2024-08-27T04:49:21.355+0000] {processor.py:914} INFO - Processing file /home/airflow/.local/lib/python3.12/site-packages/airflow/example_dags/example_branch_operator.py for tasks to queue
[2024-08-27T04:49:21.360+0000] {logging_mixin.py:190} INFO - [2024-08-27T04:49:21.359+0000] {dagbag.py:587} INFO - Filling up the DagBag from /home/airflow/.local/lib/python3.12/site-packages/airflow/example_dags/example_branch_operator.py
[2024-08-27T04:49:21.387+0000] {processor.py:925} INFO - DAG(s) 'example_branch_operator' retrieved from /home/airflow/.local/lib/python3.12/site-packages/airflow/example_dags/example_branch_operator.py
[2024-08-27T04:49:21.428+0000] {logging_mixin.py:190} INFO - [2024-08-27T04:49:21.428+0000] {dag.py:3211} INFO - Sync 1 DAGs
[2024-08-27T04:49:21.458+0000] {logging_mixin.py:190} INFO - [2024-08-27T04:49:21.458+0000] {dag.py:4138} INFO - Setting next_dagrun for example_branch_operator to 2024-08-26 00:00:00+00:00, run_after=2024-08-27 00:00:00+00:00
[2024-08-27T04:49:21.482+0000] {processor.py:208} INFO - Processing /home/airflow/.local/lib/python3.12/site-packages/airflow/example_dags/example_branch_operator.py took 0.137 seconds
[2024-08-27T04:49:57.449+0000] {processor.py:186} INFO - Started process (PID=654) to work on /home/airflow/.local/lib/python3.12/site-packages/airflow/example_dags/example_branch_operator.py
[2024-08-27T04:49:57.450+0000] {processor.py:914} INFO - Processing file /home/airflow/.local/lib/python3.12/site-packages/airflow/example_dags/example_branch_operator.py for tasks to queue
[2024-08-27T04:49:57.454+0000] {logging_mixin.py:190} INFO - [2024-08-27T04:49:57.454+0000] {dagbag.py:587} INFO - Filling up the DagBag from /home/airflow/.local/lib/python3.12/site-packages/airflow/example_dags/example_branch_operator.py
[2024-08-27T04:49:57.482+0000] {processor.py:925} INFO - DAG(s) 'example_branch_operator' retrieved from /home/airflow/.local/lib/python3.12/site-packages/airflow/example_dags/example_branch_operator.py
[2024-08-27T04:49:57.525+0000] {logging_mixin.py:190} INFO - [2024-08-27T04:49:57.524+0000] {dag.py:3211} INFO - Sync 1 DAGs
[2024-08-27T04:49:57.555+0000] {logging_mixin.py:190} INFO - [2024-08-27T04:49:57.555+0000] {dag.py:4138} INFO - Setting next_dagrun for example_branch_operator to 2024-08-26 00:00:00+00:00, run_after=2024-08-27 00:00:00+00:00
[2024-08-27T04:49:57.579+0000] {processor.py:208} INFO - Processing /home/airflow/.local/lib/python3.12/site-packages/airflow/example_dags/example_branch_operator.py took 0.138 seconds
[2024-08-27T04:50:35.979+0000] {processor.py:186} INFO - Started process (PID=721) to work on /home/airflow/.local/lib/python3.12/site-packages/airflow/example_dags/example_branch_operator.py
[2024-08-27T04:50:35.982+0000] {processor.py:914} INFO - Processing file /home/airflow/.local/lib/python3.12/site-packages/airflow/example_dags/example_branch_operator.py for tasks to queue
[2024-08-27T04:50:35.987+0000] {logging_mixin.py:190} INFO - [2024-08-27T04:50:35.987+0000] {dagbag.py:587} INFO - Filling up the DagBag from /home/airflow/.local/lib/python3.12/site-packages/airflow/example_dags/example_branch_operator.py
[2024-08-27T04:50:36.023+0000] {processor.py:925} INFO - DAG(s) 'example_branch_operator' retrieved from /home/airflow/.local/lib/python3.12/site-packages/airflow/example_dags/example_branch_operator.py
[2024-08-27T04:50:36.067+0000] {logging_mixin.py:190} INFO - [2024-08-27T04:50:36.067+0000] {dag.py:3211} INFO - Sync 1 DAGs
[2024-08-27T04:50:36.104+0000] {logging_mixin.py:190} INFO - [2024-08-27T04:50:36.104+0000] {dag.py:4138} INFO - Setting next_dagrun for example_branch_operator to 2024-08-26 00:00:00+00:00, run_after=2024-08-27 00:00:00+00:00
[2024-08-27T04:50:36.132+0000] {processor.py:208} INFO - Processing /home/airflow/.local/lib/python3.12/site-packages/airflow/example_dags/example_branch_operator.py took 0.169 seconds
[2024-08-27T04:51:18.965+0000] {processor.py:186} INFO - Started process (PID=793) to work on /home/airflow/.local/lib/python3.12/site-packages/airflow/example_dags/example_branch_operator.py
[2024-08-27T04:51:18.966+0000] {processor.py:914} INFO - Processing file /home/airflow/.local/lib/python3.12/site-packages/airflow/example_dags/example_branch_operator.py for tasks to queue
[2024-08-27T04:51:18.970+0000] {logging_mixin.py:190} INFO - [2024-08-27T04:51:18.970+0000] {dagbag.py:587} INFO - Filling up the DagBag from /home/airflow/.local/lib/python3.12/site-packages/airflow/example_dags/example_branch_operator.py
[2024-08-27T04:51:18.998+0000] {processor.py:925} INFO - DAG(s) 'example_branch_operator' retrieved from /home/airflow/.local/lib/python3.12/site-packages/airflow/example_dags/example_branch_operator.py
[2024-08-27T04:51:19.043+0000] {logging_mixin.py:190} INFO - [2024-08-27T04:51:19.042+0000] {dag.py:3211} INFO - Sync 1 DAGs
[2024-08-27T04:51:19.081+0000] {logging_mixin.py:190} INFO - [2024-08-27T04:51:19.081+0000] {dag.py:4138} INFO - Setting next_dagrun for example_branch_operator to 2024-08-26 00:00:00+00:00, run_after=2024-08-27 00:00:00+00:00
[2024-08-27T04:51:19.113+0000] {processor.py:208} INFO - Processing /home/airflow/.local/lib/python3.12/site-packages/airflow/example_dags/example_branch_operator.py took 0.156 seconds
[2024-08-27T04:51:58.911+0000] {processor.py:186} INFO - Started process (PID=860) to work on /home/airflow/.local/lib/python3.12/site-packages/airflow/example_dags/example_branch_operator.py
[2024-08-27T04:51:58.912+0000] {processor.py:914} INFO - Processing file /home/airflow/.local/lib/python3.12/site-packages/airflow/example_dags/example_branch_operator.py for tasks to queue
[2024-08-27T04:51:58.916+0000] {logging_mixin.py:190} INFO - [2024-08-27T04:51:58.915+0000] {dagbag.py:587} INFO - Filling up the DagBag from /home/airflow/.local/lib/python3.12/site-packages/airflow/example_dags/example_branch_operator.py
[2024-08-27T04:51:58.939+0000] {processor.py:925} INFO - DAG(s) 'example_branch_operator' retrieved from /home/airflow/.local/lib/python3.12/site-packages/airflow/example_dags/example_branch_operator.py
[2024-08-27T04:51:58.986+0000] {logging_mixin.py:190} INFO - [2024-08-27T04:51:58.985+0000] {dag.py:3211} INFO - Sync 1 DAGs
[2024-08-27T04:51:59.024+0000] {logging_mixin.py:190} INFO - [2024-08-27T04:51:59.024+0000] {dag.py:4138} INFO - Setting next_dagrun for example_branch_operator to 2024-08-26 00:00:00+00:00, run_after=2024-08-27 00:00:00+00:00
[2024-08-27T04:51:59.058+0000] {processor.py:208} INFO - Processing /home/airflow/.local/lib/python3.12/site-packages/airflow/example_dags/example_branch_operator.py took 0.155 seconds
