[2024-08-27T04:44:26.097+0000] {processor.py:186} INFO - Started process (PID=94) to work on /home/airflow/.local/lib/python3.12/site-packages/airflow/example_dags/example_workday_timetable.py
[2024-08-27T04:44:26.099+0000] {processor.py:914} INFO - Processing file /home/airflow/.local/lib/python3.12/site-packages/airflow/example_dags/example_workday_timetable.py for tasks to queue
[2024-08-27T04:44:26.104+0000] {logging_mixin.py:190} INFO - [2024-08-27T04:44:26.104+0000] {dagbag.py:587} INFO - Filling up the DagBag from /home/airflow/.local/lib/python3.12/site-packages/airflow/example_dags/example_workday_timetable.py
[2024-08-27T04:44:26.117+0000] {processor.py:925} INFO - DAG(s) 'example_workday_timetable' retrieved from /home/airflow/.local/lib/python3.12/site-packages/airflow/example_dags/example_workday_timetable.py
[2024-08-27T04:44:26.246+0000] {logging_mixin.py:190} INFO - [2024-08-27T04:44:26.245+0000] {dag.py:3211} INFO - Sync 1 DAGs
[2024-08-27T04:44:26.709+0000] {logging_mixin.py:190} INFO - [2024-08-27T04:44:26.709+0000] {dag.py:4138} INFO - Setting next_dagrun for example_workday_timetable to 2021-01-04 00:00:00+00:00, run_after=2021-01-05 00:00:00+00:00
[2024-08-27T04:44:26.752+0000] {processor.py:208} INFO - Processing /home/airflow/.local/lib/python3.12/site-packages/airflow/example_dags/example_workday_timetable.py took 0.668 seconds
[2024-08-27T04:45:04.117+0000] {processor.py:186} INFO - Started process (PID=160) to work on /home/airflow/.local/lib/python3.12/site-packages/airflow/example_dags/example_workday_timetable.py
[2024-08-27T04:45:04.120+0000] {processor.py:914} INFO - Processing file /home/airflow/.local/lib/python3.12/site-packages/airflow/example_dags/example_workday_timetable.py for tasks to queue
[2024-08-27T04:45:04.130+0000] {logging_mixin.py:190} INFO - [2024-08-27T04:45:04.129+0000] {dagbag.py:587} INFO - Filling up the DagBag from /home/airflow/.local/lib/python3.12/site-packages/airflow/example_dags/example_workday_timetable.py
[2024-08-27T04:45:04.143+0000] {processor.py:925} INFO - DAG(s) 'example_workday_timetable' retrieved from /home/airflow/.local/lib/python3.12/site-packages/airflow/example_dags/example_workday_timetable.py
[2024-08-27T04:45:04.174+0000] {logging_mixin.py:190} INFO - [2024-08-27T04:45:04.174+0000] {dag.py:3211} INFO - Sync 1 DAGs
[2024-08-27T04:45:04.309+0000] {logging_mixin.py:190} INFO - [2024-08-27T04:45:04.308+0000] {dag.py:4138} INFO - Setting next_dagrun for example_workday_timetable to 2021-01-04 00:00:00+00:00, run_after=2021-01-05 00:00:00+00:00
[2024-08-27T04:45:04.331+0000] {processor.py:208} INFO - Processing /home/airflow/.local/lib/python3.12/site-packages/airflow/example_dags/example_workday_timetable.py took 0.223 seconds
[2024-08-27T04:45:48.405+0000] {processor.py:186} INFO - Started process (PID=234) to work on /home/airflow/.local/lib/python3.12/site-packages/airflow/example_dags/example_workday_timetable.py
[2024-08-27T04:45:48.407+0000] {processor.py:914} INFO - Processing file /home/airflow/.local/lib/python3.12/site-packages/airflow/example_dags/example_workday_timetable.py for tasks to queue
[2024-08-27T04:45:48.411+0000] {logging_mixin.py:190} INFO - [2024-08-27T04:45:48.411+0000] {dagbag.py:587} INFO - Filling up the DagBag from /home/airflow/.local/lib/python3.12/site-packages/airflow/example_dags/example_workday_timetable.py
[2024-08-27T04:45:48.420+0000] {processor.py:925} INFO - DAG(s) 'example_workday_timetable' retrieved from /home/airflow/.local/lib/python3.12/site-packages/airflow/example_dags/example_workday_timetable.py
[2024-08-27T04:45:48.457+0000] {logging_mixin.py:190} INFO - [2024-08-27T04:45:48.456+0000] {dag.py:3211} INFO - Sync 1 DAGs
[2024-08-27T04:45:48.573+0000] {logging_mixin.py:190} INFO - [2024-08-27T04:45:48.573+0000] {dag.py:4138} INFO - Setting next_dagrun for example_workday_timetable to 2021-01-04 00:00:00+00:00, run_after=2021-01-05 00:00:00+00:00
[2024-08-27T04:45:48.604+0000] {processor.py:208} INFO - Processing /home/airflow/.local/lib/python3.12/site-packages/airflow/example_dags/example_workday_timetable.py took 0.212 seconds
[2024-08-27T04:46:30.304+0000] {processor.py:186} INFO - Started process (PID=300) to work on /home/airflow/.local/lib/python3.12/site-packages/airflow/example_dags/example_workday_timetable.py
[2024-08-27T04:46:30.307+0000] {processor.py:914} INFO - Processing file /home/airflow/.local/lib/python3.12/site-packages/airflow/example_dags/example_workday_timetable.py for tasks to queue
[2024-08-27T04:46:30.312+0000] {logging_mixin.py:190} INFO - [2024-08-27T04:46:30.312+0000] {dagbag.py:587} INFO - Filling up the DagBag from /home/airflow/.local/lib/python3.12/site-packages/airflow/example_dags/example_workday_timetable.py
[2024-08-27T04:46:30.330+0000] {processor.py:925} INFO - DAG(s) 'example_workday_timetable' retrieved from /home/airflow/.local/lib/python3.12/site-packages/airflow/example_dags/example_workday_timetable.py
[2024-08-27T04:46:30.377+0000] {logging_mixin.py:190} INFO - [2024-08-27T04:46:30.376+0000] {dag.py:3211} INFO - Sync 1 DAGs
[2024-08-27T04:46:30.479+0000] {logging_mixin.py:190} INFO - [2024-08-27T04:46:30.478+0000] {dag.py:4138} INFO - Setting next_dagrun for example_workday_timetable to 2021-01-04 00:00:00+00:00, run_after=2021-01-05 00:00:00+00:00
[2024-08-27T04:46:30.507+0000] {processor.py:208} INFO - Processing /home/airflow/.local/lib/python3.12/site-packages/airflow/example_dags/example_workday_timetable.py took 0.213 seconds
[2024-08-27T04:47:12.490+0000] {processor.py:186} INFO - Started process (PID=366) to work on /home/airflow/.local/lib/python3.12/site-packages/airflow/example_dags/example_workday_timetable.py
[2024-08-27T04:47:12.492+0000] {processor.py:914} INFO - Processing file /home/airflow/.local/lib/python3.12/site-packages/airflow/example_dags/example_workday_timetable.py for tasks to queue
[2024-08-27T04:47:12.496+0000] {logging_mixin.py:190} INFO - [2024-08-27T04:47:12.495+0000] {dagbag.py:587} INFO - Filling up the DagBag from /home/airflow/.local/lib/python3.12/site-packages/airflow/example_dags/example_workday_timetable.py
[2024-08-27T04:47:12.507+0000] {processor.py:925} INFO - DAG(s) 'example_workday_timetable' retrieved from /home/airflow/.local/lib/python3.12/site-packages/airflow/example_dags/example_workday_timetable.py
[2024-08-27T04:47:12.542+0000] {logging_mixin.py:190} INFO - [2024-08-27T04:47:12.541+0000] {dag.py:3211} INFO - Sync 1 DAGs
[2024-08-27T04:47:12.679+0000] {logging_mixin.py:190} INFO - [2024-08-27T04:47:12.678+0000] {dag.py:4138} INFO - Setting next_dagrun for example_workday_timetable to 2021-01-04 00:00:00+00:00, run_after=2021-01-05 00:00:00+00:00
[2024-08-27T04:47:12.714+0000] {processor.py:208} INFO - Processing /home/airflow/.local/lib/python3.12/site-packages/airflow/example_dags/example_workday_timetable.py took 0.235 seconds
[2024-08-27T04:47:54.634+0000] {processor.py:186} INFO - Started process (PID=439) to work on /home/airflow/.local/lib/python3.12/site-packages/airflow/example_dags/example_workday_timetable.py
[2024-08-27T04:47:54.636+0000] {processor.py:914} INFO - Processing file /home/airflow/.local/lib/python3.12/site-packages/airflow/example_dags/example_workday_timetable.py for tasks to queue
[2024-08-27T04:47:54.641+0000] {logging_mixin.py:190} INFO - [2024-08-27T04:47:54.640+0000] {dagbag.py:587} INFO - Filling up the DagBag from /home/airflow/.local/lib/python3.12/site-packages/airflow/example_dags/example_workday_timetable.py
[2024-08-27T04:47:54.656+0000] {processor.py:925} INFO - DAG(s) 'example_workday_timetable' retrieved from /home/airflow/.local/lib/python3.12/site-packages/airflow/example_dags/example_workday_timetable.py
[2024-08-27T04:47:54.700+0000] {logging_mixin.py:190} INFO - [2024-08-27T04:47:54.700+0000] {dag.py:3211} INFO - Sync 1 DAGs
[2024-08-27T04:47:54.854+0000] {logging_mixin.py:190} INFO - [2024-08-27T04:47:54.853+0000] {dag.py:4138} INFO - Setting next_dagrun for example_workday_timetable to 2021-01-04 00:00:00+00:00, run_after=2021-01-05 00:00:00+00:00
[2024-08-27T04:47:54.883+0000] {processor.py:208} INFO - Processing /home/airflow/.local/lib/python3.12/site-packages/airflow/example_dags/example_workday_timetable.py took 0.258 seconds
[2024-08-27T04:48:40.254+0000] {processor.py:186} INFO - Started process (PID=506) to work on /home/airflow/.local/lib/python3.12/site-packages/airflow/example_dags/example_workday_timetable.py
[2024-08-27T04:48:40.256+0000] {processor.py:914} INFO - Processing file /home/airflow/.local/lib/python3.12/site-packages/airflow/example_dags/example_workday_timetable.py for tasks to queue
[2024-08-27T04:48:40.264+0000] {logging_mixin.py:190} INFO - [2024-08-27T04:48:40.262+0000] {dagbag.py:587} INFO - Filling up the DagBag from /home/airflow/.local/lib/python3.12/site-packages/airflow/example_dags/example_workday_timetable.py
[2024-08-27T04:48:40.279+0000] {processor.py:925} INFO - DAG(s) 'example_workday_timetable' retrieved from /home/airflow/.local/lib/python3.12/site-packages/airflow/example_dags/example_workday_timetable.py
[2024-08-27T04:48:40.321+0000] {logging_mixin.py:190} INFO - [2024-08-27T04:48:40.320+0000] {dag.py:3211} INFO - Sync 1 DAGs
[2024-08-27T04:48:40.836+0000] {logging_mixin.py:190} INFO - [2024-08-27T04:48:40.835+0000] {dag.py:4138} INFO - Setting next_dagrun for example_workday_timetable to 2021-01-04 00:00:00+00:00, run_after=2021-01-05 00:00:00+00:00
[2024-08-27T04:48:40.881+0000] {processor.py:208} INFO - Processing /home/airflow/.local/lib/python3.12/site-packages/airflow/example_dags/example_workday_timetable.py took 0.641 seconds
[2024-08-27T04:49:18.379+0000] {processor.py:186} INFO - Started process (PID=578) to work on /home/airflow/.local/lib/python3.12/site-packages/airflow/example_dags/example_workday_timetable.py
[2024-08-27T04:49:18.383+0000] {processor.py:914} INFO - Processing file /home/airflow/.local/lib/python3.12/site-packages/airflow/example_dags/example_workday_timetable.py for tasks to queue
[2024-08-27T04:49:18.387+0000] {logging_mixin.py:190} INFO - [2024-08-27T04:49:18.386+0000] {dagbag.py:587} INFO - Filling up the DagBag from /home/airflow/.local/lib/python3.12/site-packages/airflow/example_dags/example_workday_timetable.py
[2024-08-27T04:49:18.397+0000] {processor.py:925} INFO - DAG(s) 'example_workday_timetable' retrieved from /home/airflow/.local/lib/python3.12/site-packages/airflow/example_dags/example_workday_timetable.py
[2024-08-27T04:49:18.434+0000] {logging_mixin.py:190} INFO - [2024-08-27T04:49:18.434+0000] {dag.py:3211} INFO - Sync 1 DAGs
[2024-08-27T04:49:18.556+0000] {logging_mixin.py:190} INFO - [2024-08-27T04:49:18.555+0000] {dag.py:4138} INFO - Setting next_dagrun for example_workday_timetable to 2021-01-04 00:00:00+00:00, run_after=2021-01-05 00:00:00+00:00
[2024-08-27T04:49:18.590+0000] {processor.py:208} INFO - Processing /home/airflow/.local/lib/python3.12/site-packages/airflow/example_dags/example_workday_timetable.py took 0.221 seconds
[2024-08-27T04:49:56.373+0000] {processor.py:186} INFO - Started process (PID=644) to work on /home/airflow/.local/lib/python3.12/site-packages/airflow/example_dags/example_workday_timetable.py
[2024-08-27T04:49:56.374+0000] {processor.py:914} INFO - Processing file /home/airflow/.local/lib/python3.12/site-packages/airflow/example_dags/example_workday_timetable.py for tasks to queue
[2024-08-27T04:49:56.378+0000] {logging_mixin.py:190} INFO - [2024-08-27T04:49:56.378+0000] {dagbag.py:587} INFO - Filling up the DagBag from /home/airflow/.local/lib/python3.12/site-packages/airflow/example_dags/example_workday_timetable.py
[2024-08-27T04:49:56.387+0000] {processor.py:925} INFO - DAG(s) 'example_workday_timetable' retrieved from /home/airflow/.local/lib/python3.12/site-packages/airflow/example_dags/example_workday_timetable.py
[2024-08-27T04:49:56.423+0000] {logging_mixin.py:190} INFO - [2024-08-27T04:49:56.423+0000] {dag.py:3211} INFO - Sync 1 DAGs
[2024-08-27T04:49:56.515+0000] {logging_mixin.py:190} INFO - [2024-08-27T04:49:56.515+0000] {dag.py:4138} INFO - Setting next_dagrun for example_workday_timetable to 2021-01-04 00:00:00+00:00, run_after=2021-01-05 00:00:00+00:00
[2024-08-27T04:49:56.541+0000] {processor.py:208} INFO - Processing /home/airflow/.local/lib/python3.12/site-packages/airflow/example_dags/example_workday_timetable.py took 0.177 seconds
[2024-08-27T04:50:34.537+0000] {processor.py:186} INFO - Started process (PID=711) to work on /home/airflow/.local/lib/python3.12/site-packages/airflow/example_dags/example_workday_timetable.py
[2024-08-27T04:50:34.538+0000] {processor.py:914} INFO - Processing file /home/airflow/.local/lib/python3.12/site-packages/airflow/example_dags/example_workday_timetable.py for tasks to queue
[2024-08-27T04:50:34.542+0000] {logging_mixin.py:190} INFO - [2024-08-27T04:50:34.541+0000] {dagbag.py:587} INFO - Filling up the DagBag from /home/airflow/.local/lib/python3.12/site-packages/airflow/example_dags/example_workday_timetable.py
[2024-08-27T04:50:34.550+0000] {processor.py:925} INFO - DAG(s) 'example_workday_timetable' retrieved from /home/airflow/.local/lib/python3.12/site-packages/airflow/example_dags/example_workday_timetable.py
[2024-08-27T04:50:34.577+0000] {logging_mixin.py:190} INFO - [2024-08-27T04:50:34.576+0000] {dag.py:3211} INFO - Sync 1 DAGs
[2024-08-27T04:50:34.657+0000] {logging_mixin.py:190} INFO - [2024-08-27T04:50:34.657+0000] {dag.py:4138} INFO - Setting next_dagrun for example_workday_timetable to 2021-01-04 00:00:00+00:00, run_after=2021-01-05 00:00:00+00:00
[2024-08-27T04:50:34.678+0000] {processor.py:208} INFO - Processing /home/airflow/.local/lib/python3.12/site-packages/airflow/example_dags/example_workday_timetable.py took 0.150 seconds
[2024-08-27T04:51:15.387+0000] {processor.py:186} INFO - Started process (PID=777) to work on /home/airflow/.local/lib/python3.12/site-packages/airflow/example_dags/example_workday_timetable.py
[2024-08-27T04:51:15.388+0000] {processor.py:914} INFO - Processing file /home/airflow/.local/lib/python3.12/site-packages/airflow/example_dags/example_workday_timetable.py for tasks to queue
[2024-08-27T04:51:15.392+0000] {logging_mixin.py:190} INFO - [2024-08-27T04:51:15.391+0000] {dagbag.py:587} INFO - Filling up the DagBag from /home/airflow/.local/lib/python3.12/site-packages/airflow/example_dags/example_workday_timetable.py
[2024-08-27T04:51:15.399+0000] {processor.py:925} INFO - DAG(s) 'example_workday_timetable' retrieved from /home/airflow/.local/lib/python3.12/site-packages/airflow/example_dags/example_workday_timetable.py
[2024-08-27T04:51:15.459+0000] {logging_mixin.py:190} INFO - [2024-08-27T04:51:15.459+0000] {dag.py:3211} INFO - Sync 1 DAGs
[2024-08-27T04:51:15.622+0000] {logging_mixin.py:190} INFO - [2024-08-27T04:51:15.622+0000] {dag.py:4138} INFO - Setting next_dagrun for example_workday_timetable to 2021-01-04 00:00:00+00:00, run_after=2021-01-05 00:00:00+00:00
[2024-08-27T04:51:15.645+0000] {processor.py:208} INFO - Processing /home/airflow/.local/lib/python3.12/site-packages/airflow/example_dags/example_workday_timetable.py took 0.266 seconds
[2024-08-27T04:51:57.735+0000] {processor.py:186} INFO - Started process (PID=850) to work on /home/airflow/.local/lib/python3.12/site-packages/airflow/example_dags/example_workday_timetable.py
[2024-08-27T04:51:57.736+0000] {processor.py:914} INFO - Processing file /home/airflow/.local/lib/python3.12/site-packages/airflow/example_dags/example_workday_timetable.py for tasks to queue
[2024-08-27T04:51:57.740+0000] {logging_mixin.py:190} INFO - [2024-08-27T04:51:57.739+0000] {dagbag.py:587} INFO - Filling up the DagBag from /home/airflow/.local/lib/python3.12/site-packages/airflow/example_dags/example_workday_timetable.py
[2024-08-27T04:51:57.748+0000] {processor.py:925} INFO - DAG(s) 'example_workday_timetable' retrieved from /home/airflow/.local/lib/python3.12/site-packages/airflow/example_dags/example_workday_timetable.py
[2024-08-27T04:51:57.774+0000] {logging_mixin.py:190} INFO - [2024-08-27T04:51:57.774+0000] {dag.py:3211} INFO - Sync 1 DAGs
[2024-08-27T04:51:57.873+0000] {logging_mixin.py:190} INFO - [2024-08-27T04:51:57.873+0000] {dag.py:4138} INFO - Setting next_dagrun for example_workday_timetable to 2021-01-04 00:00:00+00:00, run_after=2021-01-05 00:00:00+00:00
[2024-08-27T04:51:57.897+0000] {processor.py:208} INFO - Processing /home/airflow/.local/lib/python3.12/site-packages/airflow/example_dags/example_workday_timetable.py took 0.170 seconds
