[2024-08-27T04:44:31.219+0000] {processor.py:186} INFO - Started process (PID=117) to work on /home/airflow/.local/lib/python3.12/site-packages/airflow/example_dags/example_branch_labels.py
[2024-08-27T04:44:31.222+0000] {processor.py:914} INFO - Processing file /home/airflow/.local/lib/python3.12/site-packages/airflow/example_dags/example_branch_labels.py for tasks to queue
[2024-08-27T04:44:31.227+0000] {logging_mixin.py:190} INFO - [2024-08-27T04:44:31.227+0000] {dagbag.py:587} INFO - Filling up the DagBag from /home/airflow/.local/lib/python3.12/site-packages/airflow/example_dags/example_branch_labels.py
[2024-08-27T04:44:31.245+0000] {processor.py:925} INFO - DAG(s) 'example_branch_labels' retrieved from /home/airflow/.local/lib/python3.12/site-packages/airflow/example_dags/example_branch_labels.py
[2024-08-27T04:44:31.283+0000] {logging_mixin.py:190} INFO - [2024-08-27T04:44:31.283+0000] {dag.py:3211} INFO - Sync 1 DAGs
[2024-08-27T04:44:31.319+0000] {logging_mixin.py:190} INFO - [2024-08-27T04:44:31.319+0000] {dag.py:4138} INFO - Setting next_dagrun for example_branch_labels to 2024-08-26 00:00:00+00:00, run_after=2024-08-27 00:00:00+00:00
[2024-08-27T04:44:31.349+0000] {processor.py:208} INFO - Processing /home/airflow/.local/lib/python3.12/site-packages/airflow/example_dags/example_branch_labels.py took 0.140 seconds
[2024-08-27T04:45:06.579+0000] {processor.py:186} INFO - Started process (PID=183) to work on /home/airflow/.local/lib/python3.12/site-packages/airflow/example_dags/example_branch_labels.py
[2024-08-27T04:45:06.580+0000] {processor.py:914} INFO - Processing file /home/airflow/.local/lib/python3.12/site-packages/airflow/example_dags/example_branch_labels.py for tasks to queue
[2024-08-27T04:45:06.584+0000] {logging_mixin.py:190} INFO - [2024-08-27T04:45:06.583+0000] {dagbag.py:587} INFO - Filling up the DagBag from /home/airflow/.local/lib/python3.12/site-packages/airflow/example_dags/example_branch_labels.py
[2024-08-27T04:45:06.600+0000] {processor.py:925} INFO - DAG(s) 'example_branch_labels' retrieved from /home/airflow/.local/lib/python3.12/site-packages/airflow/example_dags/example_branch_labels.py
[2024-08-27T04:45:06.632+0000] {logging_mixin.py:190} INFO - [2024-08-27T04:45:06.632+0000] {dag.py:3211} INFO - Sync 1 DAGs
[2024-08-27T04:45:06.666+0000] {logging_mixin.py:190} INFO - [2024-08-27T04:45:06.666+0000] {dag.py:4138} INFO - Setting next_dagrun for example_branch_labels to 2024-08-26 00:00:00+00:00, run_after=2024-08-27 00:00:00+00:00
[2024-08-27T04:45:06.690+0000] {processor.py:208} INFO - Processing /home/airflow/.local/lib/python3.12/site-packages/airflow/example_dags/example_branch_labels.py took 0.119 seconds
[2024-08-27T04:45:50.984+0000] {processor.py:186} INFO - Started process (PID=257) to work on /home/airflow/.local/lib/python3.12/site-packages/airflow/example_dags/example_branch_labels.py
[2024-08-27T04:45:50.986+0000] {processor.py:914} INFO - Processing file /home/airflow/.local/lib/python3.12/site-packages/airflow/example_dags/example_branch_labels.py for tasks to queue
[2024-08-27T04:45:50.989+0000] {logging_mixin.py:190} INFO - [2024-08-27T04:45:50.989+0000] {dagbag.py:587} INFO - Filling up the DagBag from /home/airflow/.local/lib/python3.12/site-packages/airflow/example_dags/example_branch_labels.py
[2024-08-27T04:45:51.003+0000] {processor.py:925} INFO - DAG(s) 'example_branch_labels' retrieved from /home/airflow/.local/lib/python3.12/site-packages/airflow/example_dags/example_branch_labels.py
[2024-08-27T04:45:51.031+0000] {logging_mixin.py:190} INFO - [2024-08-27T04:45:51.031+0000] {dag.py:3211} INFO - Sync 1 DAGs
[2024-08-27T04:45:51.074+0000] {logging_mixin.py:190} INFO - [2024-08-27T04:45:51.074+0000] {dag.py:4138} INFO - Setting next_dagrun for example_branch_labels to 2024-08-26 00:00:00+00:00, run_after=2024-08-27 00:00:00+00:00
[2024-08-27T04:45:51.127+0000] {processor.py:208} INFO - Processing /home/airflow/.local/lib/python3.12/site-packages/airflow/example_dags/example_branch_labels.py took 0.151 seconds
[2024-08-27T04:46:33.595+0000] {processor.py:186} INFO - Started process (PID=323) to work on /home/airflow/.local/lib/python3.12/site-packages/airflow/example_dags/example_branch_labels.py
[2024-08-27T04:46:33.597+0000] {processor.py:914} INFO - Processing file /home/airflow/.local/lib/python3.12/site-packages/airflow/example_dags/example_branch_labels.py for tasks to queue
[2024-08-27T04:46:33.601+0000] {logging_mixin.py:190} INFO - [2024-08-27T04:46:33.601+0000] {dagbag.py:587} INFO - Filling up the DagBag from /home/airflow/.local/lib/python3.12/site-packages/airflow/example_dags/example_branch_labels.py
[2024-08-27T04:46:33.619+0000] {processor.py:925} INFO - DAG(s) 'example_branch_labels' retrieved from /home/airflow/.local/lib/python3.12/site-packages/airflow/example_dags/example_branch_labels.py
[2024-08-27T04:46:33.655+0000] {logging_mixin.py:190} INFO - [2024-08-27T04:46:33.655+0000] {dag.py:3211} INFO - Sync 1 DAGs
[2024-08-27T04:46:33.686+0000] {logging_mixin.py:190} INFO - [2024-08-27T04:46:33.686+0000] {dag.py:4138} INFO - Setting next_dagrun for example_branch_labels to 2024-08-26 00:00:00+00:00, run_after=2024-08-27 00:00:00+00:00
[2024-08-27T04:46:33.711+0000] {processor.py:208} INFO - Processing /home/airflow/.local/lib/python3.12/site-packages/airflow/example_dags/example_branch_labels.py took 0.127 seconds
[2024-08-27T04:47:15.317+0000] {processor.py:186} INFO - Started process (PID=389) to work on /home/airflow/.local/lib/python3.12/site-packages/airflow/example_dags/example_branch_labels.py
[2024-08-27T04:47:15.320+0000] {processor.py:914} INFO - Processing file /home/airflow/.local/lib/python3.12/site-packages/airflow/example_dags/example_branch_labels.py for tasks to queue
[2024-08-27T04:47:15.326+0000] {logging_mixin.py:190} INFO - [2024-08-27T04:47:15.325+0000] {dagbag.py:587} INFO - Filling up the DagBag from /home/airflow/.local/lib/python3.12/site-packages/airflow/example_dags/example_branch_labels.py
[2024-08-27T04:47:15.345+0000] {processor.py:925} INFO - DAG(s) 'example_branch_labels' retrieved from /home/airflow/.local/lib/python3.12/site-packages/airflow/example_dags/example_branch_labels.py
[2024-08-27T04:47:15.386+0000] {logging_mixin.py:190} INFO - [2024-08-27T04:47:15.385+0000] {dag.py:3211} INFO - Sync 1 DAGs
[2024-08-27T04:47:15.440+0000] {logging_mixin.py:190} INFO - [2024-08-27T04:47:15.439+0000] {dag.py:4138} INFO - Setting next_dagrun for example_branch_labels to 2024-08-26 00:00:00+00:00, run_after=2024-08-27 00:00:00+00:00
[2024-08-27T04:47:15.483+0000] {processor.py:208} INFO - Processing /home/airflow/.local/lib/python3.12/site-packages/airflow/example_dags/example_branch_labels.py took 0.176 seconds
[2024-08-27T04:47:57.538+0000] {processor.py:186} INFO - Started process (PID=462) to work on /home/airflow/.local/lib/python3.12/site-packages/airflow/example_dags/example_branch_labels.py
[2024-08-27T04:47:57.540+0000] {processor.py:914} INFO - Processing file /home/airflow/.local/lib/python3.12/site-packages/airflow/example_dags/example_branch_labels.py for tasks to queue
[2024-08-27T04:47:57.545+0000] {logging_mixin.py:190} INFO - [2024-08-27T04:47:57.544+0000] {dagbag.py:587} INFO - Filling up the DagBag from /home/airflow/.local/lib/python3.12/site-packages/airflow/example_dags/example_branch_labels.py
[2024-08-27T04:47:57.560+0000] {processor.py:925} INFO - DAG(s) 'example_branch_labels' retrieved from /home/airflow/.local/lib/python3.12/site-packages/airflow/example_dags/example_branch_labels.py
[2024-08-27T04:47:57.727+0000] {logging_mixin.py:190} INFO - [2024-08-27T04:47:57.727+0000] {dag.py:3211} INFO - Sync 1 DAGs
[2024-08-27T04:47:57.777+0000] {logging_mixin.py:190} INFO - [2024-08-27T04:47:57.777+0000] {dag.py:4138} INFO - Setting next_dagrun for example_branch_labels to 2024-08-26 00:00:00+00:00, run_after=2024-08-27 00:00:00+00:00
[2024-08-27T04:47:57.812+0000] {processor.py:208} INFO - Processing /home/airflow/.local/lib/python3.12/site-packages/airflow/example_dags/example_branch_labels.py took 0.284 seconds
[2024-08-27T04:48:52.580+0000] {processor.py:186} INFO - Started process (PID=535) to work on /home/airflow/.local/lib/python3.12/site-packages/airflow/example_dags/example_branch_labels.py
[2024-08-27T04:48:52.581+0000] {processor.py:914} INFO - Processing file /home/airflow/.local/lib/python3.12/site-packages/airflow/example_dags/example_branch_labels.py for tasks to queue
[2024-08-27T04:48:52.586+0000] {logging_mixin.py:190} INFO - [2024-08-27T04:48:52.585+0000] {dagbag.py:587} INFO - Filling up the DagBag from /home/airflow/.local/lib/python3.12/site-packages/airflow/example_dags/example_branch_labels.py
[2024-08-27T04:48:52.608+0000] {processor.py:925} INFO - DAG(s) 'example_branch_labels' retrieved from /home/airflow/.local/lib/python3.12/site-packages/airflow/example_dags/example_branch_labels.py
[2024-08-27T04:48:52.649+0000] {logging_mixin.py:190} INFO - [2024-08-27T04:48:52.648+0000] {dag.py:3211} INFO - Sync 1 DAGs
[2024-08-27T04:48:52.710+0000] {logging_mixin.py:190} INFO - [2024-08-27T04:48:52.709+0000] {dag.py:4138} INFO - Setting next_dagrun for example_branch_labels to 2024-08-26 00:00:00+00:00, run_after=2024-08-27 00:00:00+00:00
[2024-08-27T04:48:52.744+0000] {processor.py:208} INFO - Processing /home/airflow/.local/lib/python3.12/site-packages/airflow/example_dags/example_branch_labels.py took 0.179 seconds
[2024-08-27T04:49:23.538+0000] {processor.py:186} INFO - Started process (PID=601) to work on /home/airflow/.local/lib/python3.12/site-packages/airflow/example_dags/example_branch_labels.py
[2024-08-27T04:49:23.540+0000] {processor.py:914} INFO - Processing file /home/airflow/.local/lib/python3.12/site-packages/airflow/example_dags/example_branch_labels.py for tasks to queue
[2024-08-27T04:49:23.547+0000] {logging_mixin.py:190} INFO - [2024-08-27T04:49:23.546+0000] {dagbag.py:587} INFO - Filling up the DagBag from /home/airflow/.local/lib/python3.12/site-packages/airflow/example_dags/example_branch_labels.py
[2024-08-27T04:49:23.570+0000] {processor.py:925} INFO - DAG(s) 'example_branch_labels' retrieved from /home/airflow/.local/lib/python3.12/site-packages/airflow/example_dags/example_branch_labels.py
[2024-08-27T04:49:23.614+0000] {logging_mixin.py:190} INFO - [2024-08-27T04:49:23.613+0000] {dag.py:3211} INFO - Sync 1 DAGs
[2024-08-27T04:49:23.653+0000] {logging_mixin.py:190} INFO - [2024-08-27T04:49:23.652+0000] {dag.py:4138} INFO - Setting next_dagrun for example_branch_labels to 2024-08-26 00:00:00+00:00, run_after=2024-08-27 00:00:00+00:00
[2024-08-27T04:49:23.679+0000] {processor.py:208} INFO - Processing /home/airflow/.local/lib/python3.12/site-packages/airflow/example_dags/example_branch_labels.py took 0.150 seconds
[2024-08-27T04:49:58.850+0000] {processor.py:186} INFO - Started process (PID=667) to work on /home/airflow/.local/lib/python3.12/site-packages/airflow/example_dags/example_branch_labels.py
[2024-08-27T04:49:58.852+0000] {processor.py:914} INFO - Processing file /home/airflow/.local/lib/python3.12/site-packages/airflow/example_dags/example_branch_labels.py for tasks to queue
[2024-08-27T04:49:58.856+0000] {logging_mixin.py:190} INFO - [2024-08-27T04:49:58.856+0000] {dagbag.py:587} INFO - Filling up the DagBag from /home/airflow/.local/lib/python3.12/site-packages/airflow/example_dags/example_branch_labels.py
[2024-08-27T04:49:58.871+0000] {processor.py:925} INFO - DAG(s) 'example_branch_labels' retrieved from /home/airflow/.local/lib/python3.12/site-packages/airflow/example_dags/example_branch_labels.py
[2024-08-27T04:49:58.902+0000] {logging_mixin.py:190} INFO - [2024-08-27T04:49:58.901+0000] {dag.py:3211} INFO - Sync 1 DAGs
[2024-08-27T04:49:58.934+0000] {logging_mixin.py:190} INFO - [2024-08-27T04:49:58.933+0000] {dag.py:4138} INFO - Setting next_dagrun for example_branch_labels to 2024-08-26 00:00:00+00:00, run_after=2024-08-27 00:00:00+00:00
[2024-08-27T04:49:58.957+0000] {processor.py:208} INFO - Processing /home/airflow/.local/lib/python3.12/site-packages/airflow/example_dags/example_branch_labels.py took 0.116 seconds
[2024-08-27T04:50:37.299+0000] {processor.py:186} INFO - Started process (PID=734) to work on /home/airflow/.local/lib/python3.12/site-packages/airflow/example_dags/example_branch_labels.py
[2024-08-27T04:50:37.301+0000] {processor.py:914} INFO - Processing file /home/airflow/.local/lib/python3.12/site-packages/airflow/example_dags/example_branch_labels.py for tasks to queue
[2024-08-27T04:50:37.305+0000] {logging_mixin.py:190} INFO - [2024-08-27T04:50:37.305+0000] {dagbag.py:587} INFO - Filling up the DagBag from /home/airflow/.local/lib/python3.12/site-packages/airflow/example_dags/example_branch_labels.py
[2024-08-27T04:50:37.320+0000] {processor.py:925} INFO - DAG(s) 'example_branch_labels' retrieved from /home/airflow/.local/lib/python3.12/site-packages/airflow/example_dags/example_branch_labels.py
[2024-08-27T04:50:37.358+0000] {logging_mixin.py:190} INFO - [2024-08-27T04:50:37.358+0000] {dag.py:3211} INFO - Sync 1 DAGs
[2024-08-27T04:50:37.394+0000] {logging_mixin.py:190} INFO - [2024-08-27T04:50:37.393+0000] {dag.py:4138} INFO - Setting next_dagrun for example_branch_labels to 2024-08-26 00:00:00+00:00, run_after=2024-08-27 00:00:00+00:00
[2024-08-27T04:50:37.424+0000] {processor.py:208} INFO - Processing /home/airflow/.local/lib/python3.12/site-packages/airflow/example_dags/example_branch_labels.py took 0.137 seconds
[2024-08-27T04:51:20.542+0000] {processor.py:186} INFO - Started process (PID=806) to work on /home/airflow/.local/lib/python3.12/site-packages/airflow/example_dags/example_branch_labels.py
[2024-08-27T04:51:20.545+0000] {processor.py:914} INFO - Processing file /home/airflow/.local/lib/python3.12/site-packages/airflow/example_dags/example_branch_labels.py for tasks to queue
[2024-08-27T04:51:20.550+0000] {logging_mixin.py:190} INFO - [2024-08-27T04:51:20.549+0000] {dagbag.py:587} INFO - Filling up the DagBag from /home/airflow/.local/lib/python3.12/site-packages/airflow/example_dags/example_branch_labels.py
[2024-08-27T04:51:20.567+0000] {processor.py:925} INFO - DAG(s) 'example_branch_labels' retrieved from /home/airflow/.local/lib/python3.12/site-packages/airflow/example_dags/example_branch_labels.py
[2024-08-27T04:51:20.612+0000] {logging_mixin.py:190} INFO - [2024-08-27T04:51:20.611+0000] {dag.py:3211} INFO - Sync 1 DAGs
[2024-08-27T04:51:20.658+0000] {logging_mixin.py:190} INFO - [2024-08-27T04:51:20.658+0000] {dag.py:4138} INFO - Setting next_dagrun for example_branch_labels to 2024-08-26 00:00:00+00:00, run_after=2024-08-27 00:00:00+00:00
[2024-08-27T04:51:20.687+0000] {processor.py:208} INFO - Processing /home/airflow/.local/lib/python3.12/site-packages/airflow/example_dags/example_branch_labels.py took 0.154 seconds
[2024-08-27T04:52:00.286+0000] {processor.py:186} INFO - Started process (PID=873) to work on /home/airflow/.local/lib/python3.12/site-packages/airflow/example_dags/example_branch_labels.py
[2024-08-27T04:52:00.287+0000] {processor.py:914} INFO - Processing file /home/airflow/.local/lib/python3.12/site-packages/airflow/example_dags/example_branch_labels.py for tasks to queue
[2024-08-27T04:52:00.291+0000] {logging_mixin.py:190} INFO - [2024-08-27T04:52:00.291+0000] {dagbag.py:587} INFO - Filling up the DagBag from /home/airflow/.local/lib/python3.12/site-packages/airflow/example_dags/example_branch_labels.py
[2024-08-27T04:52:00.306+0000] {processor.py:925} INFO - DAG(s) 'example_branch_labels' retrieved from /home/airflow/.local/lib/python3.12/site-packages/airflow/example_dags/example_branch_labels.py
[2024-08-27T04:52:00.345+0000] {logging_mixin.py:190} INFO - [2024-08-27T04:52:00.345+0000] {dag.py:3211} INFO - Sync 1 DAGs
[2024-08-27T04:52:00.375+0000] {logging_mixin.py:190} INFO - [2024-08-27T04:52:00.375+0000] {dag.py:4138} INFO - Setting next_dagrun for example_branch_labels to 2024-08-26 00:00:00+00:00, run_after=2024-08-27 00:00:00+00:00
[2024-08-27T04:52:00.403+0000] {processor.py:208} INFO - Processing /home/airflow/.local/lib/python3.12/site-packages/airflow/example_dags/example_branch_labels.py took 0.126 seconds
