[2024-08-27T04:44:29.081+0000] {processor.py:186} INFO - Started process (PID=106) to work on /home/airflow/.local/lib/python3.12/site-packages/airflow/example_dags/example_datasets.py
[2024-08-27T04:44:29.083+0000] {processor.py:914} INFO - Processing file /home/airflow/.local/lib/python3.12/site-packages/airflow/example_dags/example_datasets.py for tasks to queue
[2024-08-27T04:44:29.088+0000] {logging_mixin.py:190} INFO - [2024-08-27T04:44:29.087+0000] {dagbag.py:587} INFO - Filling up the DagBag from /home/airflow/.local/lib/python3.12/site-packages/airflow/example_dags/example_datasets.py
[2024-08-27T04:44:29.414+0000] {processor.py:925} INFO - DAG(s) 'conditional_dataset_and_time_based_timetable', 'dataset_produces_1', 'dataset_consumes_unknown_never_scheduled', 'dataset_consumes_1_never_scheduled', 'dataset_consumes_1_and_2', 'consume_1_or_both_2_and_3_with_dataset_expressions', 'consume_1_or_2_with_dataset_expressions', 'dataset_produces_2', 'consume_1_and_2_with_dataset_expressions', 'dataset_consumes_1' retrieved from /home/airflow/.local/lib/python3.12/site-packages/airflow/example_dags/example_datasets.py
[2024-08-27T04:44:29.541+0000] {logging_mixin.py:190} INFO - [2024-08-27T04:44:29.540+0000] {dag.py:3211} INFO - Sync 10 DAGs
[2024-08-27T04:44:29.619+0000] {logging_mixin.py:190} INFO - [2024-08-27T04:44:29.618+0000] {dag.py:4138} INFO - Setting next_dagrun for conditional_dataset_and_time_based_timetable to 2024-08-21 01:00:00+00:00, run_after=2024-08-21 01:00:00+00:00
[2024-08-27T04:44:29.639+0000] {logging_mixin.py:190} INFO - [2024-08-27T04:44:29.638+0000] {dag.py:4138} INFO - Setting next_dagrun for consume_1_and_2_with_dataset_expressions to None, run_after=None
[2024-08-27T04:44:29.650+0000] {logging_mixin.py:190} INFO - [2024-08-27T04:44:29.649+0000] {dag.py:4138} INFO - Setting next_dagrun for consume_1_or_2_with_dataset_expressions to None, run_after=None
[2024-08-27T04:44:29.659+0000] {logging_mixin.py:190} INFO - [2024-08-27T04:44:29.658+0000] {dag.py:4138} INFO - Setting next_dagrun for consume_1_or_both_2_and_3_with_dataset_expressions to None, run_after=None
[2024-08-27T04:44:29.665+0000] {logging_mixin.py:190} INFO - [2024-08-27T04:44:29.665+0000] {dag.py:4138} INFO - Setting next_dagrun for dataset_consumes_1 to None, run_after=None
[2024-08-27T04:44:29.669+0000] {logging_mixin.py:190} INFO - [2024-08-27T04:44:29.669+0000] {dag.py:4138} INFO - Setting next_dagrun for dataset_consumes_1_and_2 to None, run_after=None
[2024-08-27T04:44:29.677+0000] {logging_mixin.py:190} INFO - [2024-08-27T04:44:29.675+0000] {dag.py:4138} INFO - Setting next_dagrun for dataset_consumes_1_never_scheduled to None, run_after=None
[2024-08-27T04:44:29.684+0000] {logging_mixin.py:190} INFO - [2024-08-27T04:44:29.683+0000] {dag.py:4138} INFO - Setting next_dagrun for dataset_consumes_unknown_never_scheduled to None, run_after=None
[2024-08-27T04:44:29.692+0000] {logging_mixin.py:190} INFO - [2024-08-27T04:44:29.692+0000] {dag.py:4138} INFO - Setting next_dagrun for dataset_produces_1 to 2024-08-26 00:00:00+00:00, run_after=2024-08-27 00:00:00+00:00
[2024-08-27T04:44:29.696+0000] {logging_mixin.py:190} INFO - [2024-08-27T04:44:29.696+0000] {dag.py:4138} INFO - Setting next_dagrun for dataset_produces_2 to None, run_after=None
[2024-08-27T04:44:29.848+0000] {processor.py:208} INFO - Processing /home/airflow/.local/lib/python3.12/site-packages/airflow/example_dags/example_datasets.py took 0.778 seconds
[2024-08-27T04:45:05.642+0000] {processor.py:186} INFO - Started process (PID=172) to work on /home/airflow/.local/lib/python3.12/site-packages/airflow/example_dags/example_datasets.py
[2024-08-27T04:45:05.644+0000] {processor.py:914} INFO - Processing file /home/airflow/.local/lib/python3.12/site-packages/airflow/example_dags/example_datasets.py for tasks to queue
[2024-08-27T04:45:05.648+0000] {logging_mixin.py:190} INFO - [2024-08-27T04:45:05.647+0000] {dagbag.py:587} INFO - Filling up the DagBag from /home/airflow/.local/lib/python3.12/site-packages/airflow/example_dags/example_datasets.py
[2024-08-27T04:45:05.836+0000] {processor.py:925} INFO - DAG(s) 'dataset_consumes_1_never_scheduled', 'conditional_dataset_and_time_based_timetable', 'dataset_consumes_1', 'dataset_consumes_1_and_2', 'consume_1_or_2_with_dataset_expressions', 'dataset_produces_1', 'consume_1_and_2_with_dataset_expressions', 'dataset_produces_2', 'consume_1_or_both_2_and_3_with_dataset_expressions', 'dataset_consumes_unknown_never_scheduled' retrieved from /home/airflow/.local/lib/python3.12/site-packages/airflow/example_dags/example_datasets.py
[2024-08-27T04:45:05.904+0000] {logging_mixin.py:190} INFO - [2024-08-27T04:45:05.904+0000] {dag.py:3211} INFO - Sync 10 DAGs
[2024-08-27T04:45:05.942+0000] {logging_mixin.py:190} INFO - [2024-08-27T04:45:05.941+0000] {dag.py:4138} INFO - Setting next_dagrun for conditional_dataset_and_time_based_timetable to 2024-08-21 01:00:00+00:00, run_after=2024-08-21 01:00:00+00:00
[2024-08-27T04:45:05.948+0000] {logging_mixin.py:190} INFO - [2024-08-27T04:45:05.948+0000] {dag.py:4138} INFO - Setting next_dagrun for consume_1_and_2_with_dataset_expressions to None, run_after=None
[2024-08-27T04:45:05.951+0000] {logging_mixin.py:190} INFO - [2024-08-27T04:45:05.950+0000] {dag.py:4138} INFO - Setting next_dagrun for consume_1_or_2_with_dataset_expressions to None, run_after=None
[2024-08-27T04:45:05.953+0000] {logging_mixin.py:190} INFO - [2024-08-27T04:45:05.953+0000] {dag.py:4138} INFO - Setting next_dagrun for consume_1_or_both_2_and_3_with_dataset_expressions to None, run_after=None
[2024-08-27T04:45:05.956+0000] {logging_mixin.py:190} INFO - [2024-08-27T04:45:05.956+0000] {dag.py:4138} INFO - Setting next_dagrun for dataset_consumes_1 to None, run_after=None
[2024-08-27T04:45:05.959+0000] {logging_mixin.py:190} INFO - [2024-08-27T04:45:05.958+0000] {dag.py:4138} INFO - Setting next_dagrun for dataset_consumes_1_and_2 to None, run_after=None
[2024-08-27T04:45:05.962+0000] {logging_mixin.py:190} INFO - [2024-08-27T04:45:05.961+0000] {dag.py:4138} INFO - Setting next_dagrun for dataset_consumes_1_never_scheduled to None, run_after=None
[2024-08-27T04:45:05.964+0000] {logging_mixin.py:190} INFO - [2024-08-27T04:45:05.963+0000] {dag.py:4138} INFO - Setting next_dagrun for dataset_consumes_unknown_never_scheduled to None, run_after=None
[2024-08-27T04:45:05.967+0000] {logging_mixin.py:190} INFO - [2024-08-27T04:45:05.967+0000] {dag.py:4138} INFO - Setting next_dagrun for dataset_produces_1 to 2024-08-26 00:00:00+00:00, run_after=2024-08-27 00:00:00+00:00
[2024-08-27T04:45:05.970+0000] {logging_mixin.py:190} INFO - [2024-08-27T04:45:05.970+0000] {dag.py:4138} INFO - Setting next_dagrun for dataset_produces_2 to None, run_after=None
[2024-08-27T04:45:06.023+0000] {processor.py:208} INFO - Processing /home/airflow/.local/lib/python3.12/site-packages/airflow/example_dags/example_datasets.py took 0.390 seconds
[2024-08-27T04:45:50.067+0000] {processor.py:186} INFO - Started process (PID=246) to work on /home/airflow/.local/lib/python3.12/site-packages/airflow/example_dags/example_datasets.py
[2024-08-27T04:45:50.069+0000] {processor.py:914} INFO - Processing file /home/airflow/.local/lib/python3.12/site-packages/airflow/example_dags/example_datasets.py for tasks to queue
[2024-08-27T04:45:50.072+0000] {logging_mixin.py:190} INFO - [2024-08-27T04:45:50.072+0000] {dagbag.py:587} INFO - Filling up the DagBag from /home/airflow/.local/lib/python3.12/site-packages/airflow/example_dags/example_datasets.py
[2024-08-27T04:45:50.273+0000] {processor.py:925} INFO - DAG(s) 'conditional_dataset_and_time_based_timetable', 'dataset_consumes_1_and_2', 'consume_1_and_2_with_dataset_expressions', 'dataset_consumes_unknown_never_scheduled', 'consume_1_or_both_2_and_3_with_dataset_expressions', 'dataset_consumes_1_never_scheduled', 'dataset_produces_1', 'dataset_produces_2', 'dataset_consumes_1', 'consume_1_or_2_with_dataset_expressions' retrieved from /home/airflow/.local/lib/python3.12/site-packages/airflow/example_dags/example_datasets.py
[2024-08-27T04:45:50.339+0000] {logging_mixin.py:190} INFO - [2024-08-27T04:45:50.339+0000] {dag.py:3211} INFO - Sync 10 DAGs
[2024-08-27T04:45:50.376+0000] {logging_mixin.py:190} INFO - [2024-08-27T04:45:50.375+0000] {dag.py:4138} INFO - Setting next_dagrun for conditional_dataset_and_time_based_timetable to 2024-08-21 01:00:00+00:00, run_after=2024-08-21 01:00:00+00:00
[2024-08-27T04:45:50.382+0000] {logging_mixin.py:190} INFO - [2024-08-27T04:45:50.381+0000] {dag.py:4138} INFO - Setting next_dagrun for consume_1_and_2_with_dataset_expressions to None, run_after=None
[2024-08-27T04:45:50.384+0000] {logging_mixin.py:190} INFO - [2024-08-27T04:45:50.384+0000] {dag.py:4138} INFO - Setting next_dagrun for consume_1_or_2_with_dataset_expressions to None, run_after=None
[2024-08-27T04:45:50.386+0000] {logging_mixin.py:190} INFO - [2024-08-27T04:45:50.386+0000] {dag.py:4138} INFO - Setting next_dagrun for consume_1_or_both_2_and_3_with_dataset_expressions to None, run_after=None
[2024-08-27T04:45:50.389+0000] {logging_mixin.py:190} INFO - [2024-08-27T04:45:50.388+0000] {dag.py:4138} INFO - Setting next_dagrun for dataset_consumes_1 to None, run_after=None
[2024-08-27T04:45:50.391+0000] {logging_mixin.py:190} INFO - [2024-08-27T04:45:50.391+0000] {dag.py:4138} INFO - Setting next_dagrun for dataset_consumes_1_and_2 to None, run_after=None
[2024-08-27T04:45:50.393+0000] {logging_mixin.py:190} INFO - [2024-08-27T04:45:50.393+0000] {dag.py:4138} INFO - Setting next_dagrun for dataset_consumes_1_never_scheduled to None, run_after=None
[2024-08-27T04:45:50.396+0000] {logging_mixin.py:190} INFO - [2024-08-27T04:45:50.395+0000] {dag.py:4138} INFO - Setting next_dagrun for dataset_consumes_unknown_never_scheduled to None, run_after=None
[2024-08-27T04:45:50.400+0000] {logging_mixin.py:190} INFO - [2024-08-27T04:45:50.399+0000] {dag.py:4138} INFO - Setting next_dagrun for dataset_produces_1 to 2024-08-26 00:00:00+00:00, run_after=2024-08-27 00:00:00+00:00
[2024-08-27T04:45:50.402+0000] {logging_mixin.py:190} INFO - [2024-08-27T04:45:50.402+0000] {dag.py:4138} INFO - Setting next_dagrun for dataset_produces_2 to None, run_after=None
[2024-08-27T04:45:50.450+0000] {processor.py:208} INFO - Processing /home/airflow/.local/lib/python3.12/site-packages/airflow/example_dags/example_datasets.py took 0.391 seconds
[2024-08-27T04:46:31.985+0000] {processor.py:186} INFO - Started process (PID=312) to work on /home/airflow/.local/lib/python3.12/site-packages/airflow/example_dags/example_datasets.py
[2024-08-27T04:46:31.987+0000] {processor.py:914} INFO - Processing file /home/airflow/.local/lib/python3.12/site-packages/airflow/example_dags/example_datasets.py for tasks to queue
[2024-08-27T04:46:31.993+0000] {logging_mixin.py:190} INFO - [2024-08-27T04:46:31.992+0000] {dagbag.py:587} INFO - Filling up the DagBag from /home/airflow/.local/lib/python3.12/site-packages/airflow/example_dags/example_datasets.py
[2024-08-27T04:46:32.222+0000] {processor.py:925} INFO - DAG(s) 'consume_1_or_both_2_and_3_with_dataset_expressions', 'consume_1_and_2_with_dataset_expressions', 'dataset_produces_1', 'consume_1_or_2_with_dataset_expressions', 'dataset_consumes_1', 'dataset_consumes_1_never_scheduled', 'dataset_produces_2', 'dataset_consumes_1_and_2', 'dataset_consumes_unknown_never_scheduled', 'conditional_dataset_and_time_based_timetable' retrieved from /home/airflow/.local/lib/python3.12/site-packages/airflow/example_dags/example_datasets.py
[2024-08-27T04:46:32.291+0000] {logging_mixin.py:190} INFO - [2024-08-27T04:46:32.291+0000] {dag.py:3211} INFO - Sync 10 DAGs
[2024-08-27T04:46:32.329+0000] {logging_mixin.py:190} INFO - [2024-08-27T04:46:32.329+0000] {dag.py:4138} INFO - Setting next_dagrun for conditional_dataset_and_time_based_timetable to 2024-08-21 01:00:00+00:00, run_after=2024-08-21 01:00:00+00:00
[2024-08-27T04:46:32.334+0000] {logging_mixin.py:190} INFO - [2024-08-27T04:46:32.334+0000] {dag.py:4138} INFO - Setting next_dagrun for consume_1_and_2_with_dataset_expressions to None, run_after=None
[2024-08-27T04:46:32.336+0000] {logging_mixin.py:190} INFO - [2024-08-27T04:46:32.336+0000] {dag.py:4138} INFO - Setting next_dagrun for consume_1_or_2_with_dataset_expressions to None, run_after=None
[2024-08-27T04:46:32.339+0000] {logging_mixin.py:190} INFO - [2024-08-27T04:46:32.339+0000] {dag.py:4138} INFO - Setting next_dagrun for consume_1_or_both_2_and_3_with_dataset_expressions to None, run_after=None
[2024-08-27T04:46:32.342+0000] {logging_mixin.py:190} INFO - [2024-08-27T04:46:32.342+0000] {dag.py:4138} INFO - Setting next_dagrun for dataset_consumes_1 to None, run_after=None
[2024-08-27T04:46:32.345+0000] {logging_mixin.py:190} INFO - [2024-08-27T04:46:32.345+0000] {dag.py:4138} INFO - Setting next_dagrun for dataset_consumes_1_and_2 to None, run_after=None
[2024-08-27T04:46:32.347+0000] {logging_mixin.py:190} INFO - [2024-08-27T04:46:32.347+0000] {dag.py:4138} INFO - Setting next_dagrun for dataset_consumes_1_never_scheduled to None, run_after=None
[2024-08-27T04:46:32.350+0000] {logging_mixin.py:190} INFO - [2024-08-27T04:46:32.349+0000] {dag.py:4138} INFO - Setting next_dagrun for dataset_consumes_unknown_never_scheduled to None, run_after=None
[2024-08-27T04:46:32.354+0000] {logging_mixin.py:190} INFO - [2024-08-27T04:46:32.354+0000] {dag.py:4138} INFO - Setting next_dagrun for dataset_produces_1 to 2024-08-26 00:00:00+00:00, run_after=2024-08-27 00:00:00+00:00
[2024-08-27T04:46:32.357+0000] {logging_mixin.py:190} INFO - [2024-08-27T04:46:32.357+0000] {dag.py:4138} INFO - Setting next_dagrun for dataset_produces_2 to None, run_after=None
[2024-08-27T04:46:32.407+0000] {processor.py:208} INFO - Processing /home/airflow/.local/lib/python3.12/site-packages/airflow/example_dags/example_datasets.py took 0.430 seconds
[2024-08-27T04:47:14.125+0000] {processor.py:186} INFO - Started process (PID=378) to work on /home/airflow/.local/lib/python3.12/site-packages/airflow/example_dags/example_datasets.py
[2024-08-27T04:47:14.127+0000] {processor.py:914} INFO - Processing file /home/airflow/.local/lib/python3.12/site-packages/airflow/example_dags/example_datasets.py for tasks to queue
[2024-08-27T04:47:14.131+0000] {logging_mixin.py:190} INFO - [2024-08-27T04:47:14.130+0000] {dagbag.py:587} INFO - Filling up the DagBag from /home/airflow/.local/lib/python3.12/site-packages/airflow/example_dags/example_datasets.py
[2024-08-27T04:47:14.445+0000] {processor.py:925} INFO - DAG(s) 'dataset_consumes_unknown_never_scheduled', 'consume_1_and_2_with_dataset_expressions', 'dataset_produces_1', 'dataset_consumes_1_never_scheduled', 'conditional_dataset_and_time_based_timetable', 'dataset_consumes_1_and_2', 'consume_1_or_2_with_dataset_expressions', 'dataset_produces_2', 'consume_1_or_both_2_and_3_with_dataset_expressions', 'dataset_consumes_1' retrieved from /home/airflow/.local/lib/python3.12/site-packages/airflow/example_dags/example_datasets.py
[2024-08-27T04:47:14.530+0000] {logging_mixin.py:190} INFO - [2024-08-27T04:47:14.529+0000] {dag.py:3211} INFO - Sync 10 DAGs
[2024-08-27T04:47:14.570+0000] {logging_mixin.py:190} INFO - [2024-08-27T04:47:14.569+0000] {dag.py:4138} INFO - Setting next_dagrun for conditional_dataset_and_time_based_timetable to 2024-08-21 01:00:00+00:00, run_after=2024-08-21 01:00:00+00:00
[2024-08-27T04:47:14.575+0000] {logging_mixin.py:190} INFO - [2024-08-27T04:47:14.575+0000] {dag.py:4138} INFO - Setting next_dagrun for consume_1_and_2_with_dataset_expressions to None, run_after=None
[2024-08-27T04:47:14.577+0000] {logging_mixin.py:190} INFO - [2024-08-27T04:47:14.577+0000] {dag.py:4138} INFO - Setting next_dagrun for consume_1_or_2_with_dataset_expressions to None, run_after=None
[2024-08-27T04:47:14.580+0000] {logging_mixin.py:190} INFO - [2024-08-27T04:47:14.580+0000] {dag.py:4138} INFO - Setting next_dagrun for consume_1_or_both_2_and_3_with_dataset_expressions to None, run_after=None
[2024-08-27T04:47:14.582+0000] {logging_mixin.py:190} INFO - [2024-08-27T04:47:14.582+0000] {dag.py:4138} INFO - Setting next_dagrun for dataset_consumes_1 to None, run_after=None
[2024-08-27T04:47:14.585+0000] {logging_mixin.py:190} INFO - [2024-08-27T04:47:14.585+0000] {dag.py:4138} INFO - Setting next_dagrun for dataset_consumes_1_and_2 to None, run_after=None
[2024-08-27T04:47:14.588+0000] {logging_mixin.py:190} INFO - [2024-08-27T04:47:14.587+0000] {dag.py:4138} INFO - Setting next_dagrun for dataset_consumes_1_never_scheduled to None, run_after=None
[2024-08-27T04:47:14.591+0000] {logging_mixin.py:190} INFO - [2024-08-27T04:47:14.591+0000] {dag.py:4138} INFO - Setting next_dagrun for dataset_consumes_unknown_never_scheduled to None, run_after=None
[2024-08-27T04:47:14.595+0000] {logging_mixin.py:190} INFO - [2024-08-27T04:47:14.595+0000] {dag.py:4138} INFO - Setting next_dagrun for dataset_produces_1 to 2024-08-26 00:00:00+00:00, run_after=2024-08-27 00:00:00+00:00
[2024-08-27T04:47:14.598+0000] {logging_mixin.py:190} INFO - [2024-08-27T04:47:14.597+0000] {dag.py:4138} INFO - Setting next_dagrun for dataset_produces_2 to None, run_after=None
[2024-08-27T04:47:14.659+0000] {processor.py:208} INFO - Processing /home/airflow/.local/lib/python3.12/site-packages/airflow/example_dags/example_datasets.py took 0.544 seconds
[2024-08-27T04:47:56.330+0000] {processor.py:186} INFO - Started process (PID=451) to work on /home/airflow/.local/lib/python3.12/site-packages/airflow/example_dags/example_datasets.py
[2024-08-27T04:47:56.332+0000] {processor.py:914} INFO - Processing file /home/airflow/.local/lib/python3.12/site-packages/airflow/example_dags/example_datasets.py for tasks to queue
[2024-08-27T04:47:56.336+0000] {logging_mixin.py:190} INFO - [2024-08-27T04:47:56.336+0000] {dagbag.py:587} INFO - Filling up the DagBag from /home/airflow/.local/lib/python3.12/site-packages/airflow/example_dags/example_datasets.py
[2024-08-27T04:47:56.655+0000] {processor.py:925} INFO - DAG(s) 'dataset_consumes_1_never_scheduled', 'consume_1_or_both_2_and_3_with_dataset_expressions', 'dataset_produces_1', 'conditional_dataset_and_time_based_timetable', 'dataset_consumes_unknown_never_scheduled', 'consume_1_or_2_with_dataset_expressions', 'dataset_consumes_1', 'consume_1_and_2_with_dataset_expressions', 'dataset_produces_2', 'dataset_consumes_1_and_2' retrieved from /home/airflow/.local/lib/python3.12/site-packages/airflow/example_dags/example_datasets.py
[2024-08-27T04:47:56.746+0000] {logging_mixin.py:190} INFO - [2024-08-27T04:47:56.746+0000] {dag.py:3211} INFO - Sync 10 DAGs
[2024-08-27T04:47:56.783+0000] {logging_mixin.py:190} INFO - [2024-08-27T04:47:56.783+0000] {dag.py:4138} INFO - Setting next_dagrun for conditional_dataset_and_time_based_timetable to 2024-08-21 01:00:00+00:00, run_after=2024-08-21 01:00:00+00:00
[2024-08-27T04:47:56.790+0000] {logging_mixin.py:190} INFO - [2024-08-27T04:47:56.789+0000] {dag.py:4138} INFO - Setting next_dagrun for consume_1_and_2_with_dataset_expressions to None, run_after=None
[2024-08-27T04:47:56.792+0000] {logging_mixin.py:190} INFO - [2024-08-27T04:47:56.792+0000] {dag.py:4138} INFO - Setting next_dagrun for consume_1_or_2_with_dataset_expressions to None, run_after=None
[2024-08-27T04:47:56.796+0000] {logging_mixin.py:190} INFO - [2024-08-27T04:47:56.796+0000] {dag.py:4138} INFO - Setting next_dagrun for consume_1_or_both_2_and_3_with_dataset_expressions to None, run_after=None
[2024-08-27T04:47:56.800+0000] {logging_mixin.py:190} INFO - [2024-08-27T04:47:56.800+0000] {dag.py:4138} INFO - Setting next_dagrun for dataset_consumes_1 to None, run_after=None
[2024-08-27T04:47:56.803+0000] {logging_mixin.py:190} INFO - [2024-08-27T04:47:56.803+0000] {dag.py:4138} INFO - Setting next_dagrun for dataset_consumes_1_and_2 to None, run_after=None
[2024-08-27T04:47:56.808+0000] {logging_mixin.py:190} INFO - [2024-08-27T04:47:56.807+0000] {dag.py:4138} INFO - Setting next_dagrun for dataset_consumes_1_never_scheduled to None, run_after=None
[2024-08-27T04:47:56.816+0000] {logging_mixin.py:190} INFO - [2024-08-27T04:47:56.815+0000] {dag.py:4138} INFO - Setting next_dagrun for dataset_consumes_unknown_never_scheduled to None, run_after=None
[2024-08-27T04:47:56.824+0000] {logging_mixin.py:190} INFO - [2024-08-27T04:47:56.824+0000] {dag.py:4138} INFO - Setting next_dagrun for dataset_produces_1 to 2024-08-26 00:00:00+00:00, run_after=2024-08-27 00:00:00+00:00
[2024-08-27T04:47:56.828+0000] {logging_mixin.py:190} INFO - [2024-08-27T04:47:56.828+0000] {dag.py:4138} INFO - Setting next_dagrun for dataset_produces_2 to None, run_after=None
[2024-08-27T04:47:56.913+0000] {processor.py:208} INFO - Processing /home/airflow/.local/lib/python3.12/site-packages/airflow/example_dags/example_datasets.py took 0.593 seconds
[2024-08-27T04:48:51.082+0000] {processor.py:186} INFO - Started process (PID=524) to work on /home/airflow/.local/lib/python3.12/site-packages/airflow/example_dags/example_datasets.py
[2024-08-27T04:48:51.083+0000] {processor.py:914} INFO - Processing file /home/airflow/.local/lib/python3.12/site-packages/airflow/example_dags/example_datasets.py for tasks to queue
[2024-08-27T04:48:51.088+0000] {logging_mixin.py:190} INFO - [2024-08-27T04:48:51.087+0000] {dagbag.py:587} INFO - Filling up the DagBag from /home/airflow/.local/lib/python3.12/site-packages/airflow/example_dags/example_datasets.py
[2024-08-27T04:48:51.342+0000] {processor.py:925} INFO - DAG(s) 'dataset_consumes_unknown_never_scheduled', 'consume_1_or_both_2_and_3_with_dataset_expressions', 'conditional_dataset_and_time_based_timetable', 'dataset_produces_1', 'consume_1_and_2_with_dataset_expressions', 'consume_1_or_2_with_dataset_expressions', 'dataset_consumes_1_and_2', 'dataset_consumes_1', 'dataset_consumes_1_never_scheduled', 'dataset_produces_2' retrieved from /home/airflow/.local/lib/python3.12/site-packages/airflow/example_dags/example_datasets.py
[2024-08-27T04:48:51.477+0000] {logging_mixin.py:190} INFO - [2024-08-27T04:48:51.476+0000] {dag.py:3211} INFO - Sync 10 DAGs
[2024-08-27T04:48:51.562+0000] {logging_mixin.py:190} INFO - [2024-08-27T04:48:51.561+0000] {dag.py:4138} INFO - Setting next_dagrun for conditional_dataset_and_time_based_timetable to 2024-08-21 01:00:00+00:00, run_after=2024-08-21 01:00:00+00:00
[2024-08-27T04:48:51.572+0000] {logging_mixin.py:190} INFO - [2024-08-27T04:48:51.571+0000] {dag.py:4138} INFO - Setting next_dagrun for consume_1_and_2_with_dataset_expressions to None, run_after=None
[2024-08-27T04:48:51.576+0000] {logging_mixin.py:190} INFO - [2024-08-27T04:48:51.576+0000] {dag.py:4138} INFO - Setting next_dagrun for consume_1_or_2_with_dataset_expressions to None, run_after=None
[2024-08-27T04:48:51.580+0000] {logging_mixin.py:190} INFO - [2024-08-27T04:48:51.580+0000] {dag.py:4138} INFO - Setting next_dagrun for consume_1_or_both_2_and_3_with_dataset_expressions to None, run_after=None
[2024-08-27T04:48:51.583+0000] {logging_mixin.py:190} INFO - [2024-08-27T04:48:51.583+0000] {dag.py:4138} INFO - Setting next_dagrun for dataset_consumes_1 to None, run_after=None
[2024-08-27T04:48:51.588+0000] {logging_mixin.py:190} INFO - [2024-08-27T04:48:51.588+0000] {dag.py:4138} INFO - Setting next_dagrun for dataset_consumes_1_and_2 to None, run_after=None
[2024-08-27T04:48:51.592+0000] {logging_mixin.py:190} INFO - [2024-08-27T04:48:51.592+0000] {dag.py:4138} INFO - Setting next_dagrun for dataset_consumes_1_never_scheduled to None, run_after=None
[2024-08-27T04:48:51.596+0000] {logging_mixin.py:190} INFO - [2024-08-27T04:48:51.596+0000] {dag.py:4138} INFO - Setting next_dagrun for dataset_consumes_unknown_never_scheduled to None, run_after=None
[2024-08-27T04:48:51.603+0000] {logging_mixin.py:190} INFO - [2024-08-27T04:48:51.602+0000] {dag.py:4138} INFO - Setting next_dagrun for dataset_produces_1 to 2024-08-26 00:00:00+00:00, run_after=2024-08-27 00:00:00+00:00
[2024-08-27T04:48:51.607+0000] {logging_mixin.py:190} INFO - [2024-08-27T04:48:51.606+0000] {dag.py:4138} INFO - Setting next_dagrun for dataset_produces_2 to None, run_after=None
[2024-08-27T04:48:51.689+0000] {processor.py:208} INFO - Processing /home/airflow/.local/lib/python3.12/site-packages/airflow/example_dags/example_datasets.py took 0.615 seconds
[2024-08-27T04:49:21.789+0000] {processor.py:186} INFO - Started process (PID=592) to work on /home/airflow/.local/lib/python3.12/site-packages/airflow/example_dags/example_datasets.py
[2024-08-27T04:49:21.790+0000] {processor.py:914} INFO - Processing file /home/airflow/.local/lib/python3.12/site-packages/airflow/example_dags/example_datasets.py for tasks to queue
[2024-08-27T04:49:21.795+0000] {logging_mixin.py:190} INFO - [2024-08-27T04:49:21.795+0000] {dagbag.py:587} INFO - Filling up the DagBag from /home/airflow/.local/lib/python3.12/site-packages/airflow/example_dags/example_datasets.py
[2024-08-27T04:49:21.999+0000] {processor.py:925} INFO - DAG(s) 'consume_1_or_2_with_dataset_expressions', 'dataset_consumes_1', 'conditional_dataset_and_time_based_timetable', 'consume_1_or_both_2_and_3_with_dataset_expressions', 'dataset_consumes_1_and_2', 'consume_1_and_2_with_dataset_expressions', 'dataset_produces_2', 'dataset_consumes_unknown_never_scheduled', 'dataset_consumes_1_never_scheduled', 'dataset_produces_1' retrieved from /home/airflow/.local/lib/python3.12/site-packages/airflow/example_dags/example_datasets.py
[2024-08-27T04:49:22.060+0000] {logging_mixin.py:190} INFO - [2024-08-27T04:49:22.059+0000] {dag.py:3211} INFO - Sync 10 DAGs
[2024-08-27T04:49:22.091+0000] {logging_mixin.py:190} INFO - [2024-08-27T04:49:22.091+0000] {dag.py:4138} INFO - Setting next_dagrun for conditional_dataset_and_time_based_timetable to 2024-08-21 01:00:00+00:00, run_after=2024-08-21 01:00:00+00:00
[2024-08-27T04:49:22.096+0000] {logging_mixin.py:190} INFO - [2024-08-27T04:49:22.096+0000] {dag.py:4138} INFO - Setting next_dagrun for consume_1_and_2_with_dataset_expressions to None, run_after=None
[2024-08-27T04:49:22.099+0000] {logging_mixin.py:190} INFO - [2024-08-27T04:49:22.098+0000] {dag.py:4138} INFO - Setting next_dagrun for consume_1_or_2_with_dataset_expressions to None, run_after=None
[2024-08-27T04:49:22.101+0000] {logging_mixin.py:190} INFO - [2024-08-27T04:49:22.101+0000] {dag.py:4138} INFO - Setting next_dagrun for consume_1_or_both_2_and_3_with_dataset_expressions to None, run_after=None
[2024-08-27T04:49:22.103+0000] {logging_mixin.py:190} INFO - [2024-08-27T04:49:22.103+0000] {dag.py:4138} INFO - Setting next_dagrun for dataset_consumes_1 to None, run_after=None
[2024-08-27T04:49:22.105+0000] {logging_mixin.py:190} INFO - [2024-08-27T04:49:22.105+0000] {dag.py:4138} INFO - Setting next_dagrun for dataset_consumes_1_and_2 to None, run_after=None
[2024-08-27T04:49:22.108+0000] {logging_mixin.py:190} INFO - [2024-08-27T04:49:22.107+0000] {dag.py:4138} INFO - Setting next_dagrun for dataset_consumes_1_never_scheduled to None, run_after=None
[2024-08-27T04:49:22.110+0000] {logging_mixin.py:190} INFO - [2024-08-27T04:49:22.109+0000] {dag.py:4138} INFO - Setting next_dagrun for dataset_consumes_unknown_never_scheduled to None, run_after=None
[2024-08-27T04:49:22.113+0000] {logging_mixin.py:190} INFO - [2024-08-27T04:49:22.113+0000] {dag.py:4138} INFO - Setting next_dagrun for dataset_produces_1 to 2024-08-26 00:00:00+00:00, run_after=2024-08-27 00:00:00+00:00
[2024-08-27T04:49:22.115+0000] {logging_mixin.py:190} INFO - [2024-08-27T04:49:22.115+0000] {dag.py:4138} INFO - Setting next_dagrun for dataset_produces_2 to None, run_after=None
[2024-08-27T04:49:22.159+0000] {processor.py:208} INFO - Processing /home/airflow/.local/lib/python3.12/site-packages/airflow/example_dags/example_datasets.py took 0.378 seconds
[2024-08-27T04:49:57.714+0000] {processor.py:186} INFO - Started process (PID=656) to work on /home/airflow/.local/lib/python3.12/site-packages/airflow/example_dags/example_datasets.py
[2024-08-27T04:49:57.716+0000] {processor.py:914} INFO - Processing file /home/airflow/.local/lib/python3.12/site-packages/airflow/example_dags/example_datasets.py for tasks to queue
[2024-08-27T04:49:57.723+0000] {logging_mixin.py:190} INFO - [2024-08-27T04:49:57.722+0000] {dagbag.py:587} INFO - Filling up the DagBag from /home/airflow/.local/lib/python3.12/site-packages/airflow/example_dags/example_datasets.py
[2024-08-27T04:49:57.960+0000] {processor.py:925} INFO - DAG(s) 'consume_1_and_2_with_dataset_expressions', 'consume_1_or_2_with_dataset_expressions', 'consume_1_or_both_2_and_3_with_dataset_expressions', 'conditional_dataset_and_time_based_timetable', 'dataset_produces_1', 'dataset_produces_2', 'dataset_consumes_1', 'dataset_consumes_1_never_scheduled', 'dataset_consumes_unknown_never_scheduled', 'dataset_consumes_1_and_2' retrieved from /home/airflow/.local/lib/python3.12/site-packages/airflow/example_dags/example_datasets.py
[2024-08-27T04:49:58.054+0000] {logging_mixin.py:190} INFO - [2024-08-27T04:49:58.054+0000] {dag.py:3211} INFO - Sync 10 DAGs
[2024-08-27T04:49:58.091+0000] {logging_mixin.py:190} INFO - [2024-08-27T04:49:58.091+0000] {dag.py:4138} INFO - Setting next_dagrun for conditional_dataset_and_time_based_timetable to 2024-08-21 01:00:00+00:00, run_after=2024-08-21 01:00:00+00:00
[2024-08-27T04:49:58.098+0000] {logging_mixin.py:190} INFO - [2024-08-27T04:49:58.098+0000] {dag.py:4138} INFO - Setting next_dagrun for consume_1_and_2_with_dataset_expressions to None, run_after=None
[2024-08-27T04:49:58.102+0000] {logging_mixin.py:190} INFO - [2024-08-27T04:49:58.102+0000] {dag.py:4138} INFO - Setting next_dagrun for consume_1_or_2_with_dataset_expressions to None, run_after=None
[2024-08-27T04:49:58.105+0000] {logging_mixin.py:190} INFO - [2024-08-27T04:49:58.105+0000] {dag.py:4138} INFO - Setting next_dagrun for consume_1_or_both_2_and_3_with_dataset_expressions to None, run_after=None
[2024-08-27T04:49:58.108+0000] {logging_mixin.py:190} INFO - [2024-08-27T04:49:58.108+0000] {dag.py:4138} INFO - Setting next_dagrun for dataset_consumes_1 to None, run_after=None
[2024-08-27T04:49:58.111+0000] {logging_mixin.py:190} INFO - [2024-08-27T04:49:58.110+0000] {dag.py:4138} INFO - Setting next_dagrun for dataset_consumes_1_and_2 to None, run_after=None
[2024-08-27T04:49:58.113+0000] {logging_mixin.py:190} INFO - [2024-08-27T04:49:58.113+0000] {dag.py:4138} INFO - Setting next_dagrun for dataset_consumes_1_never_scheduled to None, run_after=None
[2024-08-27T04:49:58.117+0000] {logging_mixin.py:190} INFO - [2024-08-27T04:49:58.117+0000] {dag.py:4138} INFO - Setting next_dagrun for dataset_consumes_unknown_never_scheduled to None, run_after=None
[2024-08-27T04:49:58.138+0000] {logging_mixin.py:190} INFO - [2024-08-27T04:49:58.137+0000] {dag.py:4138} INFO - Setting next_dagrun for dataset_produces_1 to 2024-08-26 00:00:00+00:00, run_after=2024-08-27 00:00:00+00:00
[2024-08-27T04:49:58.153+0000] {logging_mixin.py:190} INFO - [2024-08-27T04:49:58.152+0000] {dag.py:4138} INFO - Setting next_dagrun for dataset_produces_2 to None, run_after=None
[2024-08-27T04:49:58.263+0000] {processor.py:208} INFO - Processing /home/airflow/.local/lib/python3.12/site-packages/airflow/example_dags/example_datasets.py took 0.567 seconds
[2024-08-27T04:50:36.317+0000] {processor.py:186} INFO - Started process (PID=723) to work on /home/airflow/.local/lib/python3.12/site-packages/airflow/example_dags/example_datasets.py
[2024-08-27T04:50:36.319+0000] {processor.py:914} INFO - Processing file /home/airflow/.local/lib/python3.12/site-packages/airflow/example_dags/example_datasets.py for tasks to queue
[2024-08-27T04:50:36.323+0000] {logging_mixin.py:190} INFO - [2024-08-27T04:50:36.322+0000] {dagbag.py:587} INFO - Filling up the DagBag from /home/airflow/.local/lib/python3.12/site-packages/airflow/example_dags/example_datasets.py
[2024-08-27T04:50:36.562+0000] {processor.py:925} INFO - DAG(s) 'dataset_produces_1', 'dataset_consumes_unknown_never_scheduled', 'consume_1_or_2_with_dataset_expressions', 'dataset_consumes_1_and_2', 'consume_1_and_2_with_dataset_expressions', 'dataset_consumes_1_never_scheduled', 'dataset_produces_2', 'conditional_dataset_and_time_based_timetable', 'dataset_consumes_1', 'consume_1_or_both_2_and_3_with_dataset_expressions' retrieved from /home/airflow/.local/lib/python3.12/site-packages/airflow/example_dags/example_datasets.py
[2024-08-27T04:50:36.634+0000] {logging_mixin.py:190} INFO - [2024-08-27T04:50:36.634+0000] {dag.py:3211} INFO - Sync 10 DAGs
[2024-08-27T04:50:36.673+0000] {logging_mixin.py:190} INFO - [2024-08-27T04:50:36.672+0000] {dag.py:4138} INFO - Setting next_dagrun for conditional_dataset_and_time_based_timetable to 2024-08-21 01:00:00+00:00, run_after=2024-08-21 01:00:00+00:00
[2024-08-27T04:50:36.678+0000] {logging_mixin.py:190} INFO - [2024-08-27T04:50:36.678+0000] {dag.py:4138} INFO - Setting next_dagrun for consume_1_and_2_with_dataset_expressions to None, run_after=None
[2024-08-27T04:50:36.682+0000] {logging_mixin.py:190} INFO - [2024-08-27T04:50:36.681+0000] {dag.py:4138} INFO - Setting next_dagrun for consume_1_or_2_with_dataset_expressions to None, run_after=None
[2024-08-27T04:50:36.684+0000] {logging_mixin.py:190} INFO - [2024-08-27T04:50:36.684+0000] {dag.py:4138} INFO - Setting next_dagrun for consume_1_or_both_2_and_3_with_dataset_expressions to None, run_after=None
[2024-08-27T04:50:36.686+0000] {logging_mixin.py:190} INFO - [2024-08-27T04:50:36.686+0000] {dag.py:4138} INFO - Setting next_dagrun for dataset_consumes_1 to None, run_after=None
[2024-08-27T04:50:36.690+0000] {logging_mixin.py:190} INFO - [2024-08-27T04:50:36.689+0000] {dag.py:4138} INFO - Setting next_dagrun for dataset_consumes_1_and_2 to None, run_after=None
[2024-08-27T04:50:36.692+0000] {logging_mixin.py:190} INFO - [2024-08-27T04:50:36.692+0000] {dag.py:4138} INFO - Setting next_dagrun for dataset_consumes_1_never_scheduled to None, run_after=None
[2024-08-27T04:50:36.695+0000] {logging_mixin.py:190} INFO - [2024-08-27T04:50:36.695+0000] {dag.py:4138} INFO - Setting next_dagrun for dataset_consumes_unknown_never_scheduled to None, run_after=None
[2024-08-27T04:50:36.700+0000] {logging_mixin.py:190} INFO - [2024-08-27T04:50:36.699+0000] {dag.py:4138} INFO - Setting next_dagrun for dataset_produces_1 to 2024-08-26 00:00:00+00:00, run_after=2024-08-27 00:00:00+00:00
[2024-08-27T04:50:36.702+0000] {logging_mixin.py:190} INFO - [2024-08-27T04:50:36.702+0000] {dag.py:4138} INFO - Setting next_dagrun for dataset_produces_2 to None, run_after=None
[2024-08-27T04:50:36.754+0000] {processor.py:208} INFO - Processing /home/airflow/.local/lib/python3.12/site-packages/airflow/example_dags/example_datasets.py took 0.446 seconds
[2024-08-27T04:51:19.309+0000] {processor.py:186} INFO - Started process (PID=795) to work on /home/airflow/.local/lib/python3.12/site-packages/airflow/example_dags/example_datasets.py
[2024-08-27T04:51:19.311+0000] {processor.py:914} INFO - Processing file /home/airflow/.local/lib/python3.12/site-packages/airflow/example_dags/example_datasets.py for tasks to queue
[2024-08-27T04:51:19.315+0000] {logging_mixin.py:190} INFO - [2024-08-27T04:51:19.314+0000] {dagbag.py:587} INFO - Filling up the DagBag from /home/airflow/.local/lib/python3.12/site-packages/airflow/example_dags/example_datasets.py
[2024-08-27T04:51:19.542+0000] {processor.py:925} INFO - DAG(s) 'conditional_dataset_and_time_based_timetable', 'dataset_consumes_1', 'dataset_consumes_1_never_scheduled', 'consume_1_or_both_2_and_3_with_dataset_expressions', 'consume_1_or_2_with_dataset_expressions', 'dataset_produces_2', 'consume_1_and_2_with_dataset_expressions', 'dataset_consumes_1_and_2', 'dataset_consumes_unknown_never_scheduled', 'dataset_produces_1' retrieved from /home/airflow/.local/lib/python3.12/site-packages/airflow/example_dags/example_datasets.py
[2024-08-27T04:51:19.614+0000] {logging_mixin.py:190} INFO - [2024-08-27T04:51:19.613+0000] {dag.py:3211} INFO - Sync 10 DAGs
[2024-08-27T04:51:19.653+0000] {logging_mixin.py:190} INFO - [2024-08-27T04:51:19.652+0000] {dag.py:4138} INFO - Setting next_dagrun for conditional_dataset_and_time_based_timetable to 2024-08-21 01:00:00+00:00, run_after=2024-08-21 01:00:00+00:00
[2024-08-27T04:51:19.658+0000] {logging_mixin.py:190} INFO - [2024-08-27T04:51:19.658+0000] {dag.py:4138} INFO - Setting next_dagrun for consume_1_and_2_with_dataset_expressions to None, run_after=None
[2024-08-27T04:51:19.661+0000] {logging_mixin.py:190} INFO - [2024-08-27T04:51:19.660+0000] {dag.py:4138} INFO - Setting next_dagrun for consume_1_or_2_with_dataset_expressions to None, run_after=None
[2024-08-27T04:51:19.663+0000] {logging_mixin.py:190} INFO - [2024-08-27T04:51:19.663+0000] {dag.py:4138} INFO - Setting next_dagrun for consume_1_or_both_2_and_3_with_dataset_expressions to None, run_after=None
[2024-08-27T04:51:19.666+0000] {logging_mixin.py:190} INFO - [2024-08-27T04:51:19.665+0000] {dag.py:4138} INFO - Setting next_dagrun for dataset_consumes_1 to None, run_after=None
[2024-08-27T04:51:19.669+0000] {logging_mixin.py:190} INFO - [2024-08-27T04:51:19.668+0000] {dag.py:4138} INFO - Setting next_dagrun for dataset_consumes_1_and_2 to None, run_after=None
[2024-08-27T04:51:19.671+0000] {logging_mixin.py:190} INFO - [2024-08-27T04:51:19.671+0000] {dag.py:4138} INFO - Setting next_dagrun for dataset_consumes_1_never_scheduled to None, run_after=None
[2024-08-27T04:51:19.673+0000] {logging_mixin.py:190} INFO - [2024-08-27T04:51:19.673+0000] {dag.py:4138} INFO - Setting next_dagrun for dataset_consumes_unknown_never_scheduled to None, run_after=None
[2024-08-27T04:51:19.678+0000] {logging_mixin.py:190} INFO - [2024-08-27T04:51:19.678+0000] {dag.py:4138} INFO - Setting next_dagrun for dataset_produces_1 to 2024-08-26 00:00:00+00:00, run_after=2024-08-27 00:00:00+00:00
[2024-08-27T04:51:19.681+0000] {logging_mixin.py:190} INFO - [2024-08-27T04:51:19.680+0000] {dag.py:4138} INFO - Setting next_dagrun for dataset_produces_2 to None, run_after=None
[2024-08-27T04:51:19.740+0000] {processor.py:208} INFO - Processing /home/airflow/.local/lib/python3.12/site-packages/airflow/example_dags/example_datasets.py took 0.440 seconds
[2024-08-27T04:51:59.231+0000] {processor.py:186} INFO - Started process (PID=862) to work on /home/airflow/.local/lib/python3.12/site-packages/airflow/example_dags/example_datasets.py
[2024-08-27T04:51:59.235+0000] {processor.py:914} INFO - Processing file /home/airflow/.local/lib/python3.12/site-packages/airflow/example_dags/example_datasets.py for tasks to queue
[2024-08-27T04:51:59.240+0000] {logging_mixin.py:190} INFO - [2024-08-27T04:51:59.240+0000] {dagbag.py:587} INFO - Filling up the DagBag from /home/airflow/.local/lib/python3.12/site-packages/airflow/example_dags/example_datasets.py
[2024-08-27T04:51:59.458+0000] {processor.py:925} INFO - DAG(s) 'consume_1_or_both_2_and_3_with_dataset_expressions', 'dataset_consumes_1_and_2', 'conditional_dataset_and_time_based_timetable', 'dataset_consumes_unknown_never_scheduled', 'consume_1_or_2_with_dataset_expressions', 'dataset_produces_2', 'dataset_produces_1', 'dataset_consumes_1_never_scheduled', 'consume_1_and_2_with_dataset_expressions', 'dataset_consumes_1' retrieved from /home/airflow/.local/lib/python3.12/site-packages/airflow/example_dags/example_datasets.py
[2024-08-27T04:51:59.517+0000] {logging_mixin.py:190} INFO - [2024-08-27T04:51:59.517+0000] {dag.py:3211} INFO - Sync 10 DAGs
[2024-08-27T04:51:59.558+0000] {logging_mixin.py:190} INFO - [2024-08-27T04:51:59.558+0000] {dag.py:4138} INFO - Setting next_dagrun for conditional_dataset_and_time_based_timetable to 2024-08-21 01:00:00+00:00, run_after=2024-08-21 01:00:00+00:00
[2024-08-27T04:51:59.564+0000] {logging_mixin.py:190} INFO - [2024-08-27T04:51:59.563+0000] {dag.py:4138} INFO - Setting next_dagrun for consume_1_and_2_with_dataset_expressions to None, run_after=None
[2024-08-27T04:51:59.566+0000] {logging_mixin.py:190} INFO - [2024-08-27T04:51:59.565+0000] {dag.py:4138} INFO - Setting next_dagrun for consume_1_or_2_with_dataset_expressions to None, run_after=None
[2024-08-27T04:51:59.568+0000] {logging_mixin.py:190} INFO - [2024-08-27T04:51:59.568+0000] {dag.py:4138} INFO - Setting next_dagrun for consume_1_or_both_2_and_3_with_dataset_expressions to None, run_after=None
[2024-08-27T04:51:59.570+0000] {logging_mixin.py:190} INFO - [2024-08-27T04:51:59.570+0000] {dag.py:4138} INFO - Setting next_dagrun for dataset_consumes_1 to None, run_after=None
[2024-08-27T04:51:59.572+0000] {logging_mixin.py:190} INFO - [2024-08-27T04:51:59.572+0000] {dag.py:4138} INFO - Setting next_dagrun for dataset_consumes_1_and_2 to None, run_after=None
[2024-08-27T04:51:59.574+0000] {logging_mixin.py:190} INFO - [2024-08-27T04:51:59.574+0000] {dag.py:4138} INFO - Setting next_dagrun for dataset_consumes_1_never_scheduled to None, run_after=None
[2024-08-27T04:51:59.577+0000] {logging_mixin.py:190} INFO - [2024-08-27T04:51:59.577+0000] {dag.py:4138} INFO - Setting next_dagrun for dataset_consumes_unknown_never_scheduled to None, run_after=None
[2024-08-27T04:51:59.581+0000] {logging_mixin.py:190} INFO - [2024-08-27T04:51:59.581+0000] {dag.py:4138} INFO - Setting next_dagrun for dataset_produces_1 to 2024-08-26 00:00:00+00:00, run_after=2024-08-27 00:00:00+00:00
[2024-08-27T04:51:59.583+0000] {logging_mixin.py:190} INFO - [2024-08-27T04:51:59.583+0000] {dag.py:4138} INFO - Setting next_dagrun for dataset_produces_2 to None, run_after=None
[2024-08-27T04:51:59.630+0000] {processor.py:208} INFO - Processing /home/airflow/.local/lib/python3.12/site-packages/airflow/example_dags/example_datasets.py took 0.408 seconds
