[2024-08-27T04:44:26.759+0000] {processor.py:186} INFO - Started process (PID=95) to work on /home/airflow/.local/lib/python3.12/site-packages/airflow/example_dags/example_dataset_alias.py
[2024-08-27T04:44:26.762+0000] {processor.py:914} INFO - Processing file /home/airflow/.local/lib/python3.12/site-packages/airflow/example_dags/example_dataset_alias.py for tasks to queue
[2024-08-27T04:44:26.768+0000] {logging_mixin.py:190} INFO - [2024-08-27T04:44:26.767+0000] {dagbag.py:587} INFO - Filling up the DagBag from /home/airflow/.local/lib/python3.12/site-packages/airflow/example_dags/example_dataset_alias.py
[2024-08-27T04:44:27.252+0000] {processor.py:925} INFO - DAG(s) 'dataset_alias_example_alias_producer', 'dataset_s3_bucket_consumer', 'dataset_s3_bucket_producer', 'dataset_alias_example_alias_consumer' retrieved from /home/airflow/.local/lib/python3.12/site-packages/airflow/example_dags/example_dataset_alias.py
[2024-08-27T04:44:27.309+0000] {logging_mixin.py:190} INFO - [2024-08-27T04:44:27.308+0000] {dag.py:3211} INFO - Sync 4 DAGs
[2024-08-27T04:44:27.347+0000] {logging_mixin.py:190} INFO - [2024-08-27T04:44:27.346+0000] {dag.py:4138} INFO - Setting next_dagrun for dataset_alias_example_alias_consumer to None, run_after=None
[2024-08-27T04:44:27.359+0000] {logging_mixin.py:190} INFO - [2024-08-27T04:44:27.359+0000] {dag.py:4138} INFO - Setting next_dagrun for dataset_alias_example_alias_producer to None, run_after=None
[2024-08-27T04:44:27.362+0000] {logging_mixin.py:190} INFO - [2024-08-27T04:44:27.362+0000] {dag.py:4138} INFO - Setting next_dagrun for dataset_s3_bucket_consumer to None, run_after=None
[2024-08-27T04:44:27.365+0000] {logging_mixin.py:190} INFO - [2024-08-27T04:44:27.365+0000] {dag.py:4138} INFO - Setting next_dagrun for dataset_s3_bucket_producer to None, run_after=None
[2024-08-27T04:44:27.407+0000] {processor.py:208} INFO - Processing /home/airflow/.local/lib/python3.12/site-packages/airflow/example_dags/example_dataset_alias.py took 0.664 seconds
[2024-08-27T04:45:04.314+0000] {processor.py:186} INFO - Started process (PID=161) to work on /home/airflow/.local/lib/python3.12/site-packages/airflow/example_dags/example_dataset_alias.py
[2024-08-27T04:45:04.316+0000] {processor.py:914} INFO - Processing file /home/airflow/.local/lib/python3.12/site-packages/airflow/example_dags/example_dataset_alias.py for tasks to queue
[2024-08-27T04:45:04.319+0000] {logging_mixin.py:190} INFO - [2024-08-27T04:45:04.319+0000] {dagbag.py:587} INFO - Filling up the DagBag from /home/airflow/.local/lib/python3.12/site-packages/airflow/example_dags/example_dataset_alias.py
[2024-08-27T04:45:04.535+0000] {processor.py:925} INFO - DAG(s) 'dataset_alias_example_alias_consumer', 'dataset_s3_bucket_producer', 'dataset_alias_example_alias_producer', 'dataset_s3_bucket_consumer' retrieved from /home/airflow/.local/lib/python3.12/site-packages/airflow/example_dags/example_dataset_alias.py
[2024-08-27T04:45:04.567+0000] {logging_mixin.py:190} INFO - [2024-08-27T04:45:04.567+0000] {dag.py:3211} INFO - Sync 4 DAGs
[2024-08-27T04:45:04.598+0000] {logging_mixin.py:190} INFO - [2024-08-27T04:45:04.598+0000] {dag.py:4138} INFO - Setting next_dagrun for dataset_alias_example_alias_consumer to None, run_after=None
[2024-08-27T04:45:04.604+0000] {logging_mixin.py:190} INFO - [2024-08-27T04:45:04.603+0000] {dag.py:4138} INFO - Setting next_dagrun for dataset_alias_example_alias_producer to None, run_after=None
[2024-08-27T04:45:04.606+0000] {logging_mixin.py:190} INFO - [2024-08-27T04:45:04.606+0000] {dag.py:4138} INFO - Setting next_dagrun for dataset_s3_bucket_consumer to None, run_after=None
[2024-08-27T04:45:04.609+0000] {logging_mixin.py:190} INFO - [2024-08-27T04:45:04.609+0000] {dag.py:4138} INFO - Setting next_dagrun for dataset_s3_bucket_producer to None, run_after=None
[2024-08-27T04:45:04.640+0000] {processor.py:208} INFO - Processing /home/airflow/.local/lib/python3.12/site-packages/airflow/example_dags/example_dataset_alias.py took 0.334 seconds
[2024-08-27T04:45:48.521+0000] {processor.py:186} INFO - Started process (PID=235) to work on /home/airflow/.local/lib/python3.12/site-packages/airflow/example_dags/example_dataset_alias.py
[2024-08-27T04:45:48.524+0000] {processor.py:914} INFO - Processing file /home/airflow/.local/lib/python3.12/site-packages/airflow/example_dags/example_dataset_alias.py for tasks to queue
[2024-08-27T04:45:48.527+0000] {logging_mixin.py:190} INFO - [2024-08-27T04:45:48.527+0000] {dagbag.py:587} INFO - Filling up the DagBag from /home/airflow/.local/lib/python3.12/site-packages/airflow/example_dags/example_dataset_alias.py
[2024-08-27T04:45:48.813+0000] {processor.py:925} INFO - DAG(s) 'dataset_s3_bucket_producer', 'dataset_alias_example_alias_producer', 'dataset_alias_example_alias_consumer', 'dataset_s3_bucket_consumer' retrieved from /home/airflow/.local/lib/python3.12/site-packages/airflow/example_dags/example_dataset_alias.py
[2024-08-27T04:45:48.847+0000] {logging_mixin.py:190} INFO - [2024-08-27T04:45:48.847+0000] {dag.py:3211} INFO - Sync 4 DAGs
[2024-08-27T04:45:48.924+0000] {logging_mixin.py:190} INFO - [2024-08-27T04:45:48.923+0000] {dag.py:4138} INFO - Setting next_dagrun for dataset_alias_example_alias_consumer to None, run_after=None
[2024-08-27T04:45:48.936+0000] {logging_mixin.py:190} INFO - [2024-08-27T04:45:48.934+0000] {dag.py:4138} INFO - Setting next_dagrun for dataset_alias_example_alias_producer to None, run_after=None
[2024-08-27T04:45:48.940+0000] {logging_mixin.py:190} INFO - [2024-08-27T04:45:48.939+0000] {dag.py:4138} INFO - Setting next_dagrun for dataset_s3_bucket_consumer to None, run_after=None
[2024-08-27T04:45:48.947+0000] {logging_mixin.py:190} INFO - [2024-08-27T04:45:48.946+0000] {dag.py:4138} INFO - Setting next_dagrun for dataset_s3_bucket_producer to None, run_after=None
[2024-08-27T04:45:49.020+0000] {processor.py:208} INFO - Processing /home/airflow/.local/lib/python3.12/site-packages/airflow/example_dags/example_dataset_alias.py took 0.509 seconds
[2024-08-27T04:46:30.376+0000] {processor.py:186} INFO - Started process (PID=301) to work on /home/airflow/.local/lib/python3.12/site-packages/airflow/example_dags/example_dataset_alias.py
[2024-08-27T04:46:30.378+0000] {processor.py:914} INFO - Processing file /home/airflow/.local/lib/python3.12/site-packages/airflow/example_dags/example_dataset_alias.py for tasks to queue
[2024-08-27T04:46:30.381+0000] {logging_mixin.py:190} INFO - [2024-08-27T04:46:30.381+0000] {dagbag.py:587} INFO - Filling up the DagBag from /home/airflow/.local/lib/python3.12/site-packages/airflow/example_dags/example_dataset_alias.py
[2024-08-27T04:46:30.628+0000] {processor.py:925} INFO - DAG(s) 'dataset_s3_bucket_consumer', 'dataset_alias_example_alias_consumer', 'dataset_alias_example_alias_producer', 'dataset_s3_bucket_producer' retrieved from /home/airflow/.local/lib/python3.12/site-packages/airflow/example_dags/example_dataset_alias.py
[2024-08-27T04:46:30.663+0000] {logging_mixin.py:190} INFO - [2024-08-27T04:46:30.663+0000] {dag.py:3211} INFO - Sync 4 DAGs
[2024-08-27T04:46:30.696+0000] {logging_mixin.py:190} INFO - [2024-08-27T04:46:30.695+0000] {dag.py:4138} INFO - Setting next_dagrun for dataset_alias_example_alias_consumer to None, run_after=None
[2024-08-27T04:46:30.700+0000] {logging_mixin.py:190} INFO - [2024-08-27T04:46:30.700+0000] {dag.py:4138} INFO - Setting next_dagrun for dataset_alias_example_alias_producer to None, run_after=None
[2024-08-27T04:46:30.703+0000] {logging_mixin.py:190} INFO - [2024-08-27T04:46:30.702+0000] {dag.py:4138} INFO - Setting next_dagrun for dataset_s3_bucket_consumer to None, run_after=None
[2024-08-27T04:46:30.705+0000] {logging_mixin.py:190} INFO - [2024-08-27T04:46:30.705+0000] {dag.py:4138} INFO - Setting next_dagrun for dataset_s3_bucket_producer to None, run_after=None
[2024-08-27T04:46:30.739+0000] {processor.py:208} INFO - Processing /home/airflow/.local/lib/python3.12/site-packages/airflow/example_dags/example_dataset_alias.py took 0.376 seconds
[2024-08-27T04:47:12.541+0000] {processor.py:186} INFO - Started process (PID=367) to work on /home/airflow/.local/lib/python3.12/site-packages/airflow/example_dags/example_dataset_alias.py
[2024-08-27T04:47:12.543+0000] {processor.py:914} INFO - Processing file /home/airflow/.local/lib/python3.12/site-packages/airflow/example_dags/example_dataset_alias.py for tasks to queue
[2024-08-27T04:47:12.548+0000] {logging_mixin.py:190} INFO - [2024-08-27T04:47:12.547+0000] {dagbag.py:587} INFO - Filling up the DagBag from /home/airflow/.local/lib/python3.12/site-packages/airflow/example_dags/example_dataset_alias.py
[2024-08-27T04:47:12.856+0000] {processor.py:925} INFO - DAG(s) 'dataset_s3_bucket_producer', 'dataset_alias_example_alias_producer', 'dataset_alias_example_alias_consumer', 'dataset_s3_bucket_consumer' retrieved from /home/airflow/.local/lib/python3.12/site-packages/airflow/example_dags/example_dataset_alias.py
[2024-08-27T04:47:12.907+0000] {logging_mixin.py:190} INFO - [2024-08-27T04:47:12.906+0000] {dag.py:3211} INFO - Sync 4 DAGs
[2024-08-27T04:47:12.944+0000] {logging_mixin.py:190} INFO - [2024-08-27T04:47:12.944+0000] {dag.py:4138} INFO - Setting next_dagrun for dataset_alias_example_alias_consumer to None, run_after=None
[2024-08-27T04:47:12.949+0000] {logging_mixin.py:190} INFO - [2024-08-27T04:47:12.949+0000] {dag.py:4138} INFO - Setting next_dagrun for dataset_alias_example_alias_producer to None, run_after=None
[2024-08-27T04:47:12.952+0000] {logging_mixin.py:190} INFO - [2024-08-27T04:47:12.952+0000] {dag.py:4138} INFO - Setting next_dagrun for dataset_s3_bucket_consumer to None, run_after=None
[2024-08-27T04:47:12.955+0000] {logging_mixin.py:190} INFO - [2024-08-27T04:47:12.955+0000] {dag.py:4138} INFO - Setting next_dagrun for dataset_s3_bucket_producer to None, run_after=None
[2024-08-27T04:47:12.989+0000] {processor.py:208} INFO - Processing /home/airflow/.local/lib/python3.12/site-packages/airflow/example_dags/example_dataset_alias.py took 0.458 seconds
[2024-08-27T04:47:54.728+0000] {processor.py:186} INFO - Started process (PID=440) to work on /home/airflow/.local/lib/python3.12/site-packages/airflow/example_dags/example_dataset_alias.py
[2024-08-27T04:47:54.730+0000] {processor.py:914} INFO - Processing file /home/airflow/.local/lib/python3.12/site-packages/airflow/example_dags/example_dataset_alias.py for tasks to queue
[2024-08-27T04:47:54.736+0000] {logging_mixin.py:190} INFO - [2024-08-27T04:47:54.735+0000] {dagbag.py:587} INFO - Filling up the DagBag from /home/airflow/.local/lib/python3.12/site-packages/airflow/example_dags/example_dataset_alias.py
[2024-08-27T04:47:55.030+0000] {processor.py:925} INFO - DAG(s) 'dataset_alias_example_alias_consumer', 'dataset_alias_example_alias_producer', 'dataset_s3_bucket_consumer', 'dataset_s3_bucket_producer' retrieved from /home/airflow/.local/lib/python3.12/site-packages/airflow/example_dags/example_dataset_alias.py
[2024-08-27T04:47:55.066+0000] {logging_mixin.py:190} INFO - [2024-08-27T04:47:55.065+0000] {dag.py:3211} INFO - Sync 4 DAGs
[2024-08-27T04:47:55.107+0000] {logging_mixin.py:190} INFO - [2024-08-27T04:47:55.107+0000] {dag.py:4138} INFO - Setting next_dagrun for dataset_alias_example_alias_consumer to None, run_after=None
[2024-08-27T04:47:55.112+0000] {logging_mixin.py:190} INFO - [2024-08-27T04:47:55.111+0000] {dag.py:4138} INFO - Setting next_dagrun for dataset_alias_example_alias_producer to None, run_after=None
[2024-08-27T04:47:55.115+0000] {logging_mixin.py:190} INFO - [2024-08-27T04:47:55.114+0000] {dag.py:4138} INFO - Setting next_dagrun for dataset_s3_bucket_consumer to None, run_after=None
[2024-08-27T04:47:55.117+0000] {logging_mixin.py:190} INFO - [2024-08-27T04:47:55.117+0000] {dag.py:4138} INFO - Setting next_dagrun for dataset_s3_bucket_producer to None, run_after=None
[2024-08-27T04:47:55.151+0000] {processor.py:208} INFO - Processing /home/airflow/.local/lib/python3.12/site-packages/airflow/example_dags/example_dataset_alias.py took 0.436 seconds
[2024-08-27T04:48:40.293+0000] {processor.py:186} INFO - Started process (PID=507) to work on /home/airflow/.local/lib/python3.12/site-packages/airflow/example_dags/example_dataset_alias.py
[2024-08-27T04:48:40.297+0000] {processor.py:914} INFO - Processing file /home/airflow/.local/lib/python3.12/site-packages/airflow/example_dags/example_dataset_alias.py for tasks to queue
[2024-08-27T04:48:40.302+0000] {logging_mixin.py:190} INFO - [2024-08-27T04:48:40.302+0000] {dagbag.py:587} INFO - Filling up the DagBag from /home/airflow/.local/lib/python3.12/site-packages/airflow/example_dags/example_dataset_alias.py
[2024-08-27T04:48:40.923+0000] {processor.py:925} INFO - DAG(s) 'dataset_s3_bucket_consumer', 'dataset_s3_bucket_producer', 'dataset_alias_example_alias_consumer', 'dataset_alias_example_alias_producer' retrieved from /home/airflow/.local/lib/python3.12/site-packages/airflow/example_dags/example_dataset_alias.py
[2024-08-27T04:48:40.972+0000] {logging_mixin.py:190} INFO - [2024-08-27T04:48:40.971+0000] {dag.py:3211} INFO - Sync 4 DAGs
[2024-08-27T04:48:41.030+0000] {logging_mixin.py:190} INFO - [2024-08-27T04:48:41.029+0000] {dag.py:4138} INFO - Setting next_dagrun for dataset_alias_example_alias_consumer to None, run_after=None
[2024-08-27T04:48:41.035+0000] {logging_mixin.py:190} INFO - [2024-08-27T04:48:41.035+0000] {dag.py:4138} INFO - Setting next_dagrun for dataset_alias_example_alias_producer to None, run_after=None
[2024-08-27T04:48:41.038+0000] {logging_mixin.py:190} INFO - [2024-08-27T04:48:41.038+0000] {dag.py:4138} INFO - Setting next_dagrun for dataset_s3_bucket_consumer to None, run_after=None
[2024-08-27T04:48:41.044+0000] {logging_mixin.py:190} INFO - [2024-08-27T04:48:41.044+0000] {dag.py:4138} INFO - Setting next_dagrun for dataset_s3_bucket_producer to None, run_after=None
[2024-08-27T04:48:41.122+0000] {processor.py:208} INFO - Processing /home/airflow/.local/lib/python3.12/site-packages/airflow/example_dags/example_dataset_alias.py took 0.842 seconds
[2024-08-27T04:49:20.464+0000] {processor.py:186} INFO - Started process (PID=579) to work on /home/airflow/.local/lib/python3.12/site-packages/airflow/example_dags/example_dataset_alias.py
[2024-08-27T04:49:20.465+0000] {processor.py:914} INFO - Processing file /home/airflow/.local/lib/python3.12/site-packages/airflow/example_dags/example_dataset_alias.py for tasks to queue
[2024-08-27T04:49:20.469+0000] {logging_mixin.py:190} INFO - [2024-08-27T04:49:20.468+0000] {dagbag.py:587} INFO - Filling up the DagBag from /home/airflow/.local/lib/python3.12/site-packages/airflow/example_dags/example_dataset_alias.py
[2024-08-27T04:49:20.719+0000] {processor.py:925} INFO - DAG(s) 'dataset_s3_bucket_producer', 'dataset_alias_example_alias_producer', 'dataset_s3_bucket_consumer', 'dataset_alias_example_alias_consumer' retrieved from /home/airflow/.local/lib/python3.12/site-packages/airflow/example_dags/example_dataset_alias.py
[2024-08-27T04:49:20.749+0000] {logging_mixin.py:190} INFO - [2024-08-27T04:49:20.749+0000] {dag.py:3211} INFO - Sync 4 DAGs
[2024-08-27T04:49:20.781+0000] {logging_mixin.py:190} INFO - [2024-08-27T04:49:20.781+0000] {dag.py:4138} INFO - Setting next_dagrun for dataset_alias_example_alias_consumer to None, run_after=None
[2024-08-27T04:49:20.785+0000] {logging_mixin.py:190} INFO - [2024-08-27T04:49:20.785+0000] {dag.py:4138} INFO - Setting next_dagrun for dataset_alias_example_alias_producer to None, run_after=None
[2024-08-27T04:49:20.788+0000] {logging_mixin.py:190} INFO - [2024-08-27T04:49:20.788+0000] {dag.py:4138} INFO - Setting next_dagrun for dataset_s3_bucket_consumer to None, run_after=None
[2024-08-27T04:49:20.791+0000] {logging_mixin.py:190} INFO - [2024-08-27T04:49:20.791+0000] {dag.py:4138} INFO - Setting next_dagrun for dataset_s3_bucket_producer to None, run_after=None
[2024-08-27T04:49:20.821+0000] {processor.py:208} INFO - Processing /home/airflow/.local/lib/python3.12/site-packages/airflow/example_dags/example_dataset_alias.py took 0.370 seconds
[2024-08-27T04:49:56.425+0000] {processor.py:186} INFO - Started process (PID=645) to work on /home/airflow/.local/lib/python3.12/site-packages/airflow/example_dags/example_dataset_alias.py
[2024-08-27T04:49:56.427+0000] {processor.py:914} INFO - Processing file /home/airflow/.local/lib/python3.12/site-packages/airflow/example_dags/example_dataset_alias.py for tasks to queue
[2024-08-27T04:49:56.431+0000] {logging_mixin.py:190} INFO - [2024-08-27T04:49:56.431+0000] {dagbag.py:587} INFO - Filling up the DagBag from /home/airflow/.local/lib/python3.12/site-packages/airflow/example_dags/example_dataset_alias.py
[2024-08-27T04:49:56.657+0000] {processor.py:925} INFO - DAG(s) 'dataset_alias_example_alias_consumer', 'dataset_s3_bucket_producer', 'dataset_s3_bucket_consumer', 'dataset_alias_example_alias_producer' retrieved from /home/airflow/.local/lib/python3.12/site-packages/airflow/example_dags/example_dataset_alias.py
[2024-08-27T04:49:56.688+0000] {logging_mixin.py:190} INFO - [2024-08-27T04:49:56.687+0000] {dag.py:3211} INFO - Sync 4 DAGs
[2024-08-27T04:49:56.718+0000] {logging_mixin.py:190} INFO - [2024-08-27T04:49:56.718+0000] {dag.py:4138} INFO - Setting next_dagrun for dataset_alias_example_alias_consumer to None, run_after=None
[2024-08-27T04:49:56.723+0000] {logging_mixin.py:190} INFO - [2024-08-27T04:49:56.723+0000] {dag.py:4138} INFO - Setting next_dagrun for dataset_alias_example_alias_producer to None, run_after=None
[2024-08-27T04:49:56.726+0000] {logging_mixin.py:190} INFO - [2024-08-27T04:49:56.725+0000] {dag.py:4138} INFO - Setting next_dagrun for dataset_s3_bucket_consumer to None, run_after=None
[2024-08-27T04:49:56.728+0000] {logging_mixin.py:190} INFO - [2024-08-27T04:49:56.727+0000] {dag.py:4138} INFO - Setting next_dagrun for dataset_s3_bucket_producer to None, run_after=None
[2024-08-27T04:49:56.760+0000] {processor.py:208} INFO - Processing /home/airflow/.local/lib/python3.12/site-packages/airflow/example_dags/example_dataset_alias.py took 0.345 seconds
[2024-08-27T04:50:34.577+0000] {processor.py:186} INFO - Started process (PID=712) to work on /home/airflow/.local/lib/python3.12/site-packages/airflow/example_dags/example_dataset_alias.py
[2024-08-27T04:50:34.579+0000] {processor.py:914} INFO - Processing file /home/airflow/.local/lib/python3.12/site-packages/airflow/example_dags/example_dataset_alias.py for tasks to queue
[2024-08-27T04:50:34.582+0000] {logging_mixin.py:190} INFO - [2024-08-27T04:50:34.582+0000] {dagbag.py:587} INFO - Filling up the DagBag from /home/airflow/.local/lib/python3.12/site-packages/airflow/example_dags/example_dataset_alias.py
[2024-08-27T04:50:34.792+0000] {processor.py:925} INFO - DAG(s) 'dataset_s3_bucket_consumer', 'dataset_s3_bucket_producer', 'dataset_alias_example_alias_producer', 'dataset_alias_example_alias_consumer' retrieved from /home/airflow/.local/lib/python3.12/site-packages/airflow/example_dags/example_dataset_alias.py
[2024-08-27T04:50:34.823+0000] {logging_mixin.py:190} INFO - [2024-08-27T04:50:34.823+0000] {dag.py:3211} INFO - Sync 4 DAGs
[2024-08-27T04:50:34.854+0000] {logging_mixin.py:190} INFO - [2024-08-27T04:50:34.854+0000] {dag.py:4138} INFO - Setting next_dagrun for dataset_alias_example_alias_consumer to None, run_after=None
[2024-08-27T04:50:34.858+0000] {logging_mixin.py:190} INFO - [2024-08-27T04:50:34.858+0000] {dag.py:4138} INFO - Setting next_dagrun for dataset_alias_example_alias_producer to None, run_after=None
[2024-08-27T04:50:34.860+0000] {logging_mixin.py:190} INFO - [2024-08-27T04:50:34.860+0000] {dag.py:4138} INFO - Setting next_dagrun for dataset_s3_bucket_consumer to None, run_after=None
[2024-08-27T04:50:34.863+0000] {logging_mixin.py:190} INFO - [2024-08-27T04:50:34.862+0000] {dag.py:4138} INFO - Setting next_dagrun for dataset_s3_bucket_producer to None, run_after=None
[2024-08-27T04:50:34.891+0000] {processor.py:208} INFO - Processing /home/airflow/.local/lib/python3.12/site-packages/airflow/example_dags/example_dataset_alias.py took 0.322 seconds
[2024-08-27T04:51:15.633+0000] {processor.py:186} INFO - Started process (PID=778) to work on /home/airflow/.local/lib/python3.12/site-packages/airflow/example_dags/example_dataset_alias.py
[2024-08-27T04:51:15.634+0000] {processor.py:914} INFO - Processing file /home/airflow/.local/lib/python3.12/site-packages/airflow/example_dags/example_dataset_alias.py for tasks to queue
[2024-08-27T04:51:15.638+0000] {logging_mixin.py:190} INFO - [2024-08-27T04:51:15.638+0000] {dagbag.py:587} INFO - Filling up the DagBag from /home/airflow/.local/lib/python3.12/site-packages/airflow/example_dags/example_dataset_alias.py
[2024-08-27T04:51:15.846+0000] {processor.py:925} INFO - DAG(s) 'dataset_s3_bucket_producer', 'dataset_alias_example_alias_consumer', 'dataset_s3_bucket_consumer', 'dataset_alias_example_alias_producer' retrieved from /home/airflow/.local/lib/python3.12/site-packages/airflow/example_dags/example_dataset_alias.py
[2024-08-27T04:51:15.870+0000] {logging_mixin.py:190} INFO - [2024-08-27T04:51:15.870+0000] {dag.py:3211} INFO - Sync 4 DAGs
[2024-08-27T04:51:15.897+0000] {logging_mixin.py:190} INFO - [2024-08-27T04:51:15.896+0000] {dag.py:4138} INFO - Setting next_dagrun for dataset_alias_example_alias_consumer to None, run_after=None
[2024-08-27T04:51:15.900+0000] {logging_mixin.py:190} INFO - [2024-08-27T04:51:15.900+0000] {dag.py:4138} INFO - Setting next_dagrun for dataset_alias_example_alias_producer to None, run_after=None
[2024-08-27T04:51:15.903+0000] {logging_mixin.py:190} INFO - [2024-08-27T04:51:15.902+0000] {dag.py:4138} INFO - Setting next_dagrun for dataset_s3_bucket_consumer to None, run_after=None
[2024-08-27T04:51:15.905+0000] {logging_mixin.py:190} INFO - [2024-08-27T04:51:15.905+0000] {dag.py:4138} INFO - Setting next_dagrun for dataset_s3_bucket_producer to None, run_after=None
[2024-08-27T04:51:18.453+0000] {processor.py:208} INFO - Processing /home/airflow/.local/lib/python3.12/site-packages/airflow/example_dags/example_dataset_alias.py took 2.829 seconds
[2024-08-27T04:51:57.772+0000] {processor.py:186} INFO - Started process (PID=851) to work on /home/airflow/.local/lib/python3.12/site-packages/airflow/example_dags/example_dataset_alias.py
[2024-08-27T04:51:57.773+0000] {processor.py:914} INFO - Processing file /home/airflow/.local/lib/python3.12/site-packages/airflow/example_dags/example_dataset_alias.py for tasks to queue
[2024-08-27T04:51:57.777+0000] {logging_mixin.py:190} INFO - [2024-08-27T04:51:57.776+0000] {dagbag.py:587} INFO - Filling up the DagBag from /home/airflow/.local/lib/python3.12/site-packages/airflow/example_dags/example_dataset_alias.py
[2024-08-27T04:51:57.993+0000] {processor.py:925} INFO - DAG(s) 'dataset_alias_example_alias_consumer', 'dataset_s3_bucket_consumer', 'dataset_s3_bucket_producer', 'dataset_alias_example_alias_producer' retrieved from /home/airflow/.local/lib/python3.12/site-packages/airflow/example_dags/example_dataset_alias.py
[2024-08-27T04:51:58.022+0000] {logging_mixin.py:190} INFO - [2024-08-27T04:51:58.022+0000] {dag.py:3211} INFO - Sync 4 DAGs
[2024-08-27T04:51:58.051+0000] {logging_mixin.py:190} INFO - [2024-08-27T04:51:58.051+0000] {dag.py:4138} INFO - Setting next_dagrun for dataset_alias_example_alias_consumer to None, run_after=None
[2024-08-27T04:51:58.055+0000] {logging_mixin.py:190} INFO - [2024-08-27T04:51:58.055+0000] {dag.py:4138} INFO - Setting next_dagrun for dataset_alias_example_alias_producer to None, run_after=None
[2024-08-27T04:51:58.057+0000] {logging_mixin.py:190} INFO - [2024-08-27T04:51:58.057+0000] {dag.py:4138} INFO - Setting next_dagrun for dataset_s3_bucket_consumer to None, run_after=None
[2024-08-27T04:51:58.059+0000] {logging_mixin.py:190} INFO - [2024-08-27T04:51:58.059+0000] {dag.py:4138} INFO - Setting next_dagrun for dataset_s3_bucket_producer to None, run_after=None
[2024-08-27T04:51:58.275+0000] {processor.py:208} INFO - Processing /home/airflow/.local/lib/python3.12/site-packages/airflow/example_dags/example_dataset_alias.py took 0.511 seconds
