[2024-08-27T04:44:25.367+0000] {processor.py:186} INFO - Started process (PID=92) to work on /home/airflow/.local/lib/python3.12/site-packages/airflow/example_dags/example_dag_decorator.py
[2024-08-27T04:44:25.369+0000] {processor.py:914} INFO - Processing file /home/airflow/.local/lib/python3.12/site-packages/airflow/example_dags/example_dag_decorator.py for tasks to queue
[2024-08-27T04:44:25.378+0000] {logging_mixin.py:190} INFO - [2024-08-27T04:44:25.377+0000] {dagbag.py:587} INFO - Filling up the DagBag from /home/airflow/.local/lib/python3.12/site-packages/airflow/example_dags/example_dag_decorator.py
[2024-08-27T04:44:25.407+0000] {processor.py:925} INFO - DAG(s) 'example_dag_decorator' retrieved from /home/airflow/.local/lib/python3.12/site-packages/airflow/example_dags/example_dag_decorator.py
[2024-08-27T04:44:25.861+0000] {logging_mixin.py:190} INFO - [2024-08-27T04:44:25.861+0000] {dag.py:3211} INFO - Sync 1 DAGs
[2024-08-27T04:44:25.902+0000] {logging_mixin.py:190} INFO - [2024-08-27T04:44:25.902+0000] {dag.py:4138} INFO - Setting next_dagrun for example_dag_decorator to None, run_after=None
[2024-08-27T04:44:25.985+0000] {processor.py:208} INFO - Processing /home/airflow/.local/lib/python3.12/site-packages/airflow/example_dags/example_dag_decorator.py took 0.636 seconds
[2024-08-27T04:45:03.973+0000] {processor.py:186} INFO - Started process (PID=158) to work on /home/airflow/.local/lib/python3.12/site-packages/airflow/example_dags/example_dag_decorator.py
[2024-08-27T04:45:03.974+0000] {processor.py:914} INFO - Processing file /home/airflow/.local/lib/python3.12/site-packages/airflow/example_dags/example_dag_decorator.py for tasks to queue
[2024-08-27T04:45:03.978+0000] {logging_mixin.py:190} INFO - [2024-08-27T04:45:03.977+0000] {dagbag.py:587} INFO - Filling up the DagBag from /home/airflow/.local/lib/python3.12/site-packages/airflow/example_dags/example_dag_decorator.py
[2024-08-27T04:45:03.994+0000] {processor.py:925} INFO - DAG(s) 'example_dag_decorator' retrieved from /home/airflow/.local/lib/python3.12/site-packages/airflow/example_dags/example_dag_decorator.py
[2024-08-27T04:45:04.030+0000] {logging_mixin.py:190} INFO - [2024-08-27T04:45:04.030+0000] {dag.py:3211} INFO - Sync 1 DAGs
[2024-08-27T04:45:04.051+0000] {logging_mixin.py:190} INFO - [2024-08-27T04:45:04.051+0000] {dag.py:4138} INFO - Setting next_dagrun for example_dag_decorator to None, run_after=None
[2024-08-27T04:45:04.077+0000] {processor.py:208} INFO - Processing /home/airflow/.local/lib/python3.12/site-packages/airflow/example_dags/example_dag_decorator.py took 0.113 seconds
[2024-08-27T04:45:47.826+0000] {processor.py:186} INFO - Started process (PID=232) to work on /home/airflow/.local/lib/python3.12/site-packages/airflow/example_dags/example_dag_decorator.py
[2024-08-27T04:45:47.830+0000] {processor.py:914} INFO - Processing file /home/airflow/.local/lib/python3.12/site-packages/airflow/example_dags/example_dag_decorator.py for tasks to queue
[2024-08-27T04:45:47.835+0000] {logging_mixin.py:190} INFO - [2024-08-27T04:45:47.834+0000] {dagbag.py:587} INFO - Filling up the DagBag from /home/airflow/.local/lib/python3.12/site-packages/airflow/example_dags/example_dag_decorator.py
[2024-08-27T04:45:47.875+0000] {processor.py:925} INFO - DAG(s) 'example_dag_decorator' retrieved from /home/airflow/.local/lib/python3.12/site-packages/airflow/example_dags/example_dag_decorator.py
[2024-08-27T04:45:48.423+0000] {logging_mixin.py:190} INFO - [2024-08-27T04:45:48.423+0000] {dag.py:3211} INFO - Sync 1 DAGs
[2024-08-27T04:45:48.443+0000] {logging_mixin.py:190} INFO - [2024-08-27T04:45:48.443+0000] {dag.py:4138} INFO - Setting next_dagrun for example_dag_decorator to None, run_after=None
[2024-08-27T04:45:48.478+0000] {processor.py:208} INFO - Processing /home/airflow/.local/lib/python3.12/site-packages/airflow/example_dags/example_dag_decorator.py took 0.662 seconds
[2024-08-27T04:46:29.729+0000] {processor.py:186} INFO - Started process (PID=298) to work on /home/airflow/.local/lib/python3.12/site-packages/airflow/example_dags/example_dag_decorator.py
[2024-08-27T04:46:29.733+0000] {processor.py:914} INFO - Processing file /home/airflow/.local/lib/python3.12/site-packages/airflow/example_dags/example_dag_decorator.py for tasks to queue
[2024-08-27T04:46:29.744+0000] {logging_mixin.py:190} INFO - [2024-08-27T04:46:29.743+0000] {dagbag.py:587} INFO - Filling up the DagBag from /home/airflow/.local/lib/python3.12/site-packages/airflow/example_dags/example_dag_decorator.py
[2024-08-27T04:46:29.959+0000] {processor.py:925} INFO - DAG(s) 'example_dag_decorator' retrieved from /home/airflow/.local/lib/python3.12/site-packages/airflow/example_dags/example_dag_decorator.py
[2024-08-27T04:46:30.259+0000] {logging_mixin.py:190} INFO - [2024-08-27T04:46:30.259+0000] {dag.py:3211} INFO - Sync 1 DAGs
[2024-08-27T04:46:30.278+0000] {logging_mixin.py:190} INFO - [2024-08-27T04:46:30.277+0000] {dag.py:4138} INFO - Setting next_dagrun for example_dag_decorator to None, run_after=None
[2024-08-27T04:46:30.312+0000] {processor.py:208} INFO - Processing /home/airflow/.local/lib/python3.12/site-packages/airflow/example_dags/example_dag_decorator.py took 0.613 seconds
[2024-08-27T04:47:12.083+0000] {processor.py:186} INFO - Started process (PID=364) to work on /home/airflow/.local/lib/python3.12/site-packages/airflow/example_dags/example_dag_decorator.py
[2024-08-27T04:47:12.087+0000] {processor.py:914} INFO - Processing file /home/airflow/.local/lib/python3.12/site-packages/airflow/example_dags/example_dag_decorator.py for tasks to queue
[2024-08-27T04:47:12.092+0000] {logging_mixin.py:190} INFO - [2024-08-27T04:47:12.091+0000] {dagbag.py:587} INFO - Filling up the DagBag from /home/airflow/.local/lib/python3.12/site-packages/airflow/example_dags/example_dag_decorator.py
[2024-08-27T04:47:12.122+0000] {processor.py:925} INFO - DAG(s) 'example_dag_decorator' retrieved from /home/airflow/.local/lib/python3.12/site-packages/airflow/example_dags/example_dag_decorator.py
[2024-08-27T04:47:12.394+0000] {logging_mixin.py:190} INFO - [2024-08-27T04:47:12.393+0000] {dag.py:3211} INFO - Sync 1 DAGs
[2024-08-27T04:47:12.413+0000] {logging_mixin.py:190} INFO - [2024-08-27T04:47:12.413+0000] {dag.py:4138} INFO - Setting next_dagrun for example_dag_decorator to None, run_after=None
[2024-08-27T04:47:12.447+0000] {processor.py:208} INFO - Processing /home/airflow/.local/lib/python3.12/site-packages/airflow/example_dags/example_dag_decorator.py took 0.376 seconds
[2024-08-27T04:47:54.369+0000] {processor.py:186} INFO - Started process (PID=437) to work on /home/airflow/.local/lib/python3.12/site-packages/airflow/example_dags/example_dag_decorator.py
[2024-08-27T04:47:54.372+0000] {processor.py:914} INFO - Processing file /home/airflow/.local/lib/python3.12/site-packages/airflow/example_dags/example_dag_decorator.py for tasks to queue
[2024-08-27T04:47:54.377+0000] {logging_mixin.py:190} INFO - [2024-08-27T04:47:54.377+0000] {dagbag.py:587} INFO - Filling up the DagBag from /home/airflow/.local/lib/python3.12/site-packages/airflow/example_dags/example_dag_decorator.py
[2024-08-27T04:47:54.407+0000] {processor.py:925} INFO - DAG(s) 'example_dag_decorator' retrieved from /home/airflow/.local/lib/python3.12/site-packages/airflow/example_dags/example_dag_decorator.py
[2024-08-27T04:47:54.504+0000] {logging_mixin.py:190} INFO - [2024-08-27T04:47:54.504+0000] {dag.py:3211} INFO - Sync 1 DAGs
[2024-08-27T04:47:54.551+0000] {logging_mixin.py:190} INFO - [2024-08-27T04:47:54.551+0000] {dag.py:4138} INFO - Setting next_dagrun for example_dag_decorator to None, run_after=None
[2024-08-27T04:47:54.585+0000] {processor.py:208} INFO - Processing /home/airflow/.local/lib/python3.12/site-packages/airflow/example_dags/example_dag_decorator.py took 0.234 seconds
[2024-08-27T04:48:39.871+0000] {processor.py:186} INFO - Started process (PID=504) to work on /home/airflow/.local/lib/python3.12/site-packages/airflow/example_dags/example_dag_decorator.py
[2024-08-27T04:48:39.873+0000] {processor.py:914} INFO - Processing file /home/airflow/.local/lib/python3.12/site-packages/airflow/example_dags/example_dag_decorator.py for tasks to queue
[2024-08-27T04:48:39.879+0000] {logging_mixin.py:190} INFO - [2024-08-27T04:48:39.878+0000] {dagbag.py:587} INFO - Filling up the DagBag from /home/airflow/.local/lib/python3.12/site-packages/airflow/example_dags/example_dag_decorator.py
[2024-08-27T04:48:39.902+0000] {processor.py:925} INFO - DAG(s) 'example_dag_decorator' retrieved from /home/airflow/.local/lib/python3.12/site-packages/airflow/example_dags/example_dag_decorator.py
[2024-08-27T04:48:40.156+0000] {logging_mixin.py:190} INFO - [2024-08-27T04:48:40.155+0000] {dag.py:3211} INFO - Sync 1 DAGs
[2024-08-27T04:48:40.172+0000] {logging_mixin.py:190} INFO - [2024-08-27T04:48:40.172+0000] {dag.py:4138} INFO - Setting next_dagrun for example_dag_decorator to None, run_after=None
[2024-08-27T04:48:40.202+0000] {processor.py:208} INFO - Processing /home/airflow/.local/lib/python3.12/site-packages/airflow/example_dags/example_dag_decorator.py took 0.345 seconds
[2024-08-27T04:49:18.116+0000] {processor.py:186} INFO - Started process (PID=576) to work on /home/airflow/.local/lib/python3.12/site-packages/airflow/example_dags/example_dag_decorator.py
[2024-08-27T04:49:18.118+0000] {processor.py:914} INFO - Processing file /home/airflow/.local/lib/python3.12/site-packages/airflow/example_dags/example_dag_decorator.py for tasks to queue
[2024-08-27T04:49:18.122+0000] {logging_mixin.py:190} INFO - [2024-08-27T04:49:18.121+0000] {dagbag.py:587} INFO - Filling up the DagBag from /home/airflow/.local/lib/python3.12/site-packages/airflow/example_dags/example_dag_decorator.py
[2024-08-27T04:49:18.141+0000] {processor.py:925} INFO - DAG(s) 'example_dag_decorator' retrieved from /home/airflow/.local/lib/python3.12/site-packages/airflow/example_dags/example_dag_decorator.py
[2024-08-27T04:49:18.345+0000] {logging_mixin.py:190} INFO - [2024-08-27T04:49:18.344+0000] {dag.py:3211} INFO - Sync 1 DAGs
[2024-08-27T04:49:18.367+0000] {logging_mixin.py:190} INFO - [2024-08-27T04:49:18.366+0000] {dag.py:4138} INFO - Setting next_dagrun for example_dag_decorator to None, run_after=None
[2024-08-27T04:49:18.400+0000] {processor.py:208} INFO - Processing /home/airflow/.local/lib/python3.12/site-packages/airflow/example_dags/example_dag_decorator.py took 0.292 seconds
[2024-08-27T04:49:56.158+0000] {processor.py:186} INFO - Started process (PID=642) to work on /home/airflow/.local/lib/python3.12/site-packages/airflow/example_dags/example_dag_decorator.py
[2024-08-27T04:49:56.160+0000] {processor.py:914} INFO - Processing file /home/airflow/.local/lib/python3.12/site-packages/airflow/example_dags/example_dag_decorator.py for tasks to queue
[2024-08-27T04:49:56.163+0000] {logging_mixin.py:190} INFO - [2024-08-27T04:49:56.163+0000] {dagbag.py:587} INFO - Filling up the DagBag from /home/airflow/.local/lib/python3.12/site-packages/airflow/example_dags/example_dag_decorator.py
[2024-08-27T04:49:56.182+0000] {processor.py:925} INFO - DAG(s) 'example_dag_decorator' retrieved from /home/airflow/.local/lib/python3.12/site-packages/airflow/example_dags/example_dag_decorator.py
[2024-08-27T04:49:56.335+0000] {logging_mixin.py:190} INFO - [2024-08-27T04:49:56.334+0000] {dag.py:3211} INFO - Sync 1 DAGs
[2024-08-27T04:49:56.352+0000] {logging_mixin.py:190} INFO - [2024-08-27T04:49:56.352+0000] {dag.py:4138} INFO - Setting next_dagrun for example_dag_decorator to None, run_after=None
[2024-08-27T04:49:56.381+0000] {processor.py:208} INFO - Processing /home/airflow/.local/lib/python3.12/site-packages/airflow/example_dags/example_dag_decorator.py took 0.233 seconds
[2024-08-27T04:50:34.305+0000] {processor.py:186} INFO - Started process (PID=709) to work on /home/airflow/.local/lib/python3.12/site-packages/airflow/example_dags/example_dag_decorator.py
[2024-08-27T04:50:34.307+0000] {processor.py:914} INFO - Processing file /home/airflow/.local/lib/python3.12/site-packages/airflow/example_dags/example_dag_decorator.py for tasks to queue
[2024-08-27T04:50:34.311+0000] {logging_mixin.py:190} INFO - [2024-08-27T04:50:34.310+0000] {dagbag.py:587} INFO - Filling up the DagBag from /home/airflow/.local/lib/python3.12/site-packages/airflow/example_dags/example_dag_decorator.py
[2024-08-27T04:50:34.327+0000] {processor.py:925} INFO - DAG(s) 'example_dag_decorator' retrieved from /home/airflow/.local/lib/python3.12/site-packages/airflow/example_dags/example_dag_decorator.py
[2024-08-27T04:50:34.465+0000] {logging_mixin.py:190} INFO - [2024-08-27T04:50:34.464+0000] {dag.py:3211} INFO - Sync 1 DAGs
[2024-08-27T04:50:34.479+0000] {logging_mixin.py:190} INFO - [2024-08-27T04:50:34.479+0000] {dag.py:4138} INFO - Setting next_dagrun for example_dag_decorator to None, run_after=None
[2024-08-27T04:50:34.504+0000] {processor.py:208} INFO - Processing /home/airflow/.local/lib/python3.12/site-packages/airflow/example_dags/example_dag_decorator.py took 0.207 seconds
[2024-08-27T04:51:15.132+0000] {processor.py:186} INFO - Started process (PID=775) to work on /home/airflow/.local/lib/python3.12/site-packages/airflow/example_dags/example_dag_decorator.py
[2024-08-27T04:51:15.134+0000] {processor.py:914} INFO - Processing file /home/airflow/.local/lib/python3.12/site-packages/airflow/example_dags/example_dag_decorator.py for tasks to queue
[2024-08-27T04:51:15.138+0000] {logging_mixin.py:190} INFO - [2024-08-27T04:51:15.137+0000] {dagbag.py:587} INFO - Filling up the DagBag from /home/airflow/.local/lib/python3.12/site-packages/airflow/example_dags/example_dag_decorator.py
[2024-08-27T04:51:15.152+0000] {processor.py:925} INFO - DAG(s) 'example_dag_decorator' retrieved from /home/airflow/.local/lib/python3.12/site-packages/airflow/example_dags/example_dag_decorator.py
[2024-08-27T04:51:15.298+0000] {logging_mixin.py:190} INFO - [2024-08-27T04:51:15.298+0000] {dag.py:3211} INFO - Sync 1 DAGs
[2024-08-27T04:51:15.315+0000] {logging_mixin.py:190} INFO - [2024-08-27T04:51:15.315+0000] {dag.py:4138} INFO - Setting next_dagrun for example_dag_decorator to None, run_after=None
[2024-08-27T04:51:15.349+0000] {processor.py:208} INFO - Processing /home/airflow/.local/lib/python3.12/site-packages/airflow/example_dags/example_dag_decorator.py took 0.224 seconds
[2024-08-27T04:51:57.466+0000] {processor.py:186} INFO - Started process (PID=848) to work on /home/airflow/.local/lib/python3.12/site-packages/airflow/example_dags/example_dag_decorator.py
[2024-08-27T04:51:57.468+0000] {processor.py:914} INFO - Processing file /home/airflow/.local/lib/python3.12/site-packages/airflow/example_dags/example_dag_decorator.py for tasks to queue
[2024-08-27T04:51:57.471+0000] {logging_mixin.py:190} INFO - [2024-08-27T04:51:57.471+0000] {dagbag.py:587} INFO - Filling up the DagBag from /home/airflow/.local/lib/python3.12/site-packages/airflow/example_dags/example_dag_decorator.py
[2024-08-27T04:51:57.516+0000] {processor.py:925} INFO - DAG(s) 'example_dag_decorator' retrieved from /home/airflow/.local/lib/python3.12/site-packages/airflow/example_dags/example_dag_decorator.py
[2024-08-27T04:51:57.662+0000] {logging_mixin.py:190} INFO - [2024-08-27T04:51:57.662+0000] {dag.py:3211} INFO - Sync 1 DAGs
[2024-08-27T04:51:57.676+0000] {logging_mixin.py:190} INFO - [2024-08-27T04:51:57.676+0000] {dag.py:4138} INFO - Setting next_dagrun for example_dag_decorator to None, run_after=None
[2024-08-27T04:51:57.702+0000] {processor.py:208} INFO - Processing /home/airflow/.local/lib/python3.12/site-packages/airflow/example_dags/example_dag_decorator.py took 0.244 seconds
