[2024-08-27T04:44:30.906+0000] {processor.py:186} INFO - Started process (PID=114) to work on /home/airflow/.local/lib/python3.12/site-packages/airflow/example_dags/example_trigger_controller_dag.py
[2024-08-27T04:44:30.910+0000] {processor.py:914} INFO - Processing file /home/airflow/.local/lib/python3.12/site-packages/airflow/example_dags/example_trigger_controller_dag.py for tasks to queue
[2024-08-27T04:44:30.915+0000] {logging_mixin.py:190} INFO - [2024-08-27T04:44:30.915+0000] {dagbag.py:587} INFO - Filling up the DagBag from /home/airflow/.local/lib/python3.12/site-packages/airflow/example_dags/example_trigger_controller_dag.py
[2024-08-27T04:44:30.929+0000] {processor.py:925} INFO - DAG(s) 'example_trigger_controller_dag' retrieved from /home/airflow/.local/lib/python3.12/site-packages/airflow/example_dags/example_trigger_controller_dag.py
[2024-08-27T04:44:30.969+0000] {logging_mixin.py:190} INFO - [2024-08-27T04:44:30.968+0000] {dag.py:3211} INFO - Sync 1 DAGs
[2024-08-27T04:44:31.003+0000] {logging_mixin.py:190} INFO - [2024-08-27T04:44:31.003+0000] {dag.py:4138} INFO - Setting next_dagrun for example_trigger_controller_dag to 2021-01-01 00:00:00+00:00, run_after=2021-01-01 00:00:00+00:00
[2024-08-27T04:44:31.037+0000] {processor.py:208} INFO - Processing /home/airflow/.local/lib/python3.12/site-packages/airflow/example_dags/example_trigger_controller_dag.py took 0.147 seconds
[2024-08-27T04:45:06.385+0000] {processor.py:186} INFO - Started process (PID=180) to work on /home/airflow/.local/lib/python3.12/site-packages/airflow/example_dags/example_trigger_controller_dag.py
[2024-08-27T04:45:06.386+0000] {processor.py:914} INFO - Processing file /home/airflow/.local/lib/python3.12/site-packages/airflow/example_dags/example_trigger_controller_dag.py for tasks to queue
[2024-08-27T04:45:06.390+0000] {logging_mixin.py:190} INFO - [2024-08-27T04:45:06.389+0000] {dagbag.py:587} INFO - Filling up the DagBag from /home/airflow/.local/lib/python3.12/site-packages/airflow/example_dags/example_trigger_controller_dag.py
[2024-08-27T04:45:06.399+0000] {processor.py:925} INFO - DAG(s) 'example_trigger_controller_dag' retrieved from /home/airflow/.local/lib/python3.12/site-packages/airflow/example_dags/example_trigger_controller_dag.py
[2024-08-27T04:45:06.428+0000] {logging_mixin.py:190} INFO - [2024-08-27T04:45:06.428+0000] {dag.py:3211} INFO - Sync 1 DAGs
[2024-08-27T04:45:06.459+0000] {logging_mixin.py:190} INFO - [2024-08-27T04:45:06.459+0000] {dag.py:4138} INFO - Setting next_dagrun for example_trigger_controller_dag to 2021-01-01 00:00:00+00:00, run_after=2021-01-01 00:00:00+00:00
[2024-08-27T04:45:06.481+0000] {processor.py:208} INFO - Processing /home/airflow/.local/lib/python3.12/site-packages/airflow/example_dags/example_trigger_controller_dag.py took 0.104 seconds
[2024-08-27T04:45:50.829+0000] {processor.py:186} INFO - Started process (PID=254) to work on /home/airflow/.local/lib/python3.12/site-packages/airflow/example_dags/example_trigger_controller_dag.py
[2024-08-27T04:45:50.831+0000] {processor.py:914} INFO - Processing file /home/airflow/.local/lib/python3.12/site-packages/airflow/example_dags/example_trigger_controller_dag.py for tasks to queue
[2024-08-27T04:45:50.834+0000] {logging_mixin.py:190} INFO - [2024-08-27T04:45:50.834+0000] {dagbag.py:587} INFO - Filling up the DagBag from /home/airflow/.local/lib/python3.12/site-packages/airflow/example_dags/example_trigger_controller_dag.py
[2024-08-27T04:45:50.843+0000] {processor.py:925} INFO - DAG(s) 'example_trigger_controller_dag' retrieved from /home/airflow/.local/lib/python3.12/site-packages/airflow/example_dags/example_trigger_controller_dag.py
[2024-08-27T04:45:50.870+0000] {logging_mixin.py:190} INFO - [2024-08-27T04:45:50.869+0000] {dag.py:3211} INFO - Sync 1 DAGs
[2024-08-27T04:45:50.897+0000] {logging_mixin.py:190} INFO - [2024-08-27T04:45:50.897+0000] {dag.py:4138} INFO - Setting next_dagrun for example_trigger_controller_dag to 2021-01-01 00:00:00+00:00, run_after=2021-01-01 00:00:00+00:00
[2024-08-27T04:45:50.921+0000] {processor.py:208} INFO - Processing /home/airflow/.local/lib/python3.12/site-packages/airflow/example_dags/example_trigger_controller_dag.py took 0.101 seconds
[2024-08-27T04:46:33.281+0000] {processor.py:186} INFO - Started process (PID=320) to work on /home/airflow/.local/lib/python3.12/site-packages/airflow/example_dags/example_trigger_controller_dag.py
[2024-08-27T04:46:33.282+0000] {processor.py:914} INFO - Processing file /home/airflow/.local/lib/python3.12/site-packages/airflow/example_dags/example_trigger_controller_dag.py for tasks to queue
[2024-08-27T04:46:33.288+0000] {logging_mixin.py:190} INFO - [2024-08-27T04:46:33.287+0000] {dagbag.py:587} INFO - Filling up the DagBag from /home/airflow/.local/lib/python3.12/site-packages/airflow/example_dags/example_trigger_controller_dag.py
[2024-08-27T04:46:33.302+0000] {processor.py:925} INFO - DAG(s) 'example_trigger_controller_dag' retrieved from /home/airflow/.local/lib/python3.12/site-packages/airflow/example_dags/example_trigger_controller_dag.py
[2024-08-27T04:46:33.342+0000] {logging_mixin.py:190} INFO - [2024-08-27T04:46:33.341+0000] {dag.py:3211} INFO - Sync 1 DAGs
[2024-08-27T04:46:33.381+0000] {logging_mixin.py:190} INFO - [2024-08-27T04:46:33.380+0000] {dag.py:4138} INFO - Setting next_dagrun for example_trigger_controller_dag to 2021-01-01 00:00:00+00:00, run_after=2021-01-01 00:00:00+00:00
[2024-08-27T04:46:33.455+0000] {processor.py:208} INFO - Processing /home/airflow/.local/lib/python3.12/site-packages/airflow/example_dags/example_trigger_controller_dag.py took 0.184 seconds
[2024-08-27T04:47:15.091+0000] {processor.py:186} INFO - Started process (PID=386) to work on /home/airflow/.local/lib/python3.12/site-packages/airflow/example_dags/example_trigger_controller_dag.py
[2024-08-27T04:47:15.093+0000] {processor.py:914} INFO - Processing file /home/airflow/.local/lib/python3.12/site-packages/airflow/example_dags/example_trigger_controller_dag.py for tasks to queue
[2024-08-27T04:47:15.101+0000] {logging_mixin.py:190} INFO - [2024-08-27T04:47:15.100+0000] {dagbag.py:587} INFO - Filling up the DagBag from /home/airflow/.local/lib/python3.12/site-packages/airflow/example_dags/example_trigger_controller_dag.py
[2024-08-27T04:47:15.113+0000] {processor.py:925} INFO - DAG(s) 'example_trigger_controller_dag' retrieved from /home/airflow/.local/lib/python3.12/site-packages/airflow/example_dags/example_trigger_controller_dag.py
[2024-08-27T04:47:15.147+0000] {logging_mixin.py:190} INFO - [2024-08-27T04:47:15.146+0000] {dag.py:3211} INFO - Sync 1 DAGs
[2024-08-27T04:47:15.183+0000] {logging_mixin.py:190} INFO - [2024-08-27T04:47:15.183+0000] {dag.py:4138} INFO - Setting next_dagrun for example_trigger_controller_dag to 2021-01-01 00:00:00+00:00, run_after=2021-01-01 00:00:00+00:00
[2024-08-27T04:47:15.213+0000] {processor.py:208} INFO - Processing /home/airflow/.local/lib/python3.12/site-packages/airflow/example_dags/example_trigger_controller_dag.py took 0.133 seconds
[2024-08-27T04:47:57.348+0000] {processor.py:186} INFO - Started process (PID=459) to work on /home/airflow/.local/lib/python3.12/site-packages/airflow/example_dags/example_trigger_controller_dag.py
[2024-08-27T04:47:57.350+0000] {processor.py:914} INFO - Processing file /home/airflow/.local/lib/python3.12/site-packages/airflow/example_dags/example_trigger_controller_dag.py for tasks to queue
[2024-08-27T04:47:57.355+0000] {logging_mixin.py:190} INFO - [2024-08-27T04:47:57.354+0000] {dagbag.py:587} INFO - Filling up the DagBag from /home/airflow/.local/lib/python3.12/site-packages/airflow/example_dags/example_trigger_controller_dag.py
[2024-08-27T04:47:57.365+0000] {processor.py:925} INFO - DAG(s) 'example_trigger_controller_dag' retrieved from /home/airflow/.local/lib/python3.12/site-packages/airflow/example_dags/example_trigger_controller_dag.py
[2024-08-27T04:47:57.394+0000] {logging_mixin.py:190} INFO - [2024-08-27T04:47:57.393+0000] {dag.py:3211} INFO - Sync 1 DAGs
[2024-08-27T04:47:57.425+0000] {logging_mixin.py:190} INFO - [2024-08-27T04:47:57.425+0000] {dag.py:4138} INFO - Setting next_dagrun for example_trigger_controller_dag to 2021-01-01 00:00:00+00:00, run_after=2021-01-01 00:00:00+00:00
[2024-08-27T04:47:57.453+0000] {processor.py:208} INFO - Processing /home/airflow/.local/lib/python3.12/site-packages/airflow/example_dags/example_trigger_controller_dag.py took 0.118 seconds
[2024-08-27T04:48:52.158+0000] {processor.py:186} INFO - Started process (PID=532) to work on /home/airflow/.local/lib/python3.12/site-packages/airflow/example_dags/example_trigger_controller_dag.py
[2024-08-27T04:48:52.160+0000] {processor.py:914} INFO - Processing file /home/airflow/.local/lib/python3.12/site-packages/airflow/example_dags/example_trigger_controller_dag.py for tasks to queue
[2024-08-27T04:48:52.164+0000] {logging_mixin.py:190} INFO - [2024-08-27T04:48:52.163+0000] {dagbag.py:587} INFO - Filling up the DagBag from /home/airflow/.local/lib/python3.12/site-packages/airflow/example_dags/example_trigger_controller_dag.py
[2024-08-27T04:48:52.176+0000] {processor.py:925} INFO - DAG(s) 'example_trigger_controller_dag' retrieved from /home/airflow/.local/lib/python3.12/site-packages/airflow/example_dags/example_trigger_controller_dag.py
[2024-08-27T04:48:52.220+0000] {logging_mixin.py:190} INFO - [2024-08-27T04:48:52.219+0000] {dag.py:3211} INFO - Sync 1 DAGs
[2024-08-27T04:48:52.266+0000] {logging_mixin.py:190} INFO - [2024-08-27T04:48:52.265+0000] {dag.py:4138} INFO - Setting next_dagrun for example_trigger_controller_dag to 2021-01-01 00:00:00+00:00, run_after=2021-01-01 00:00:00+00:00
[2024-08-27T04:48:52.302+0000] {processor.py:208} INFO - Processing /home/airflow/.local/lib/python3.12/site-packages/airflow/example_dags/example_trigger_controller_dag.py took 0.159 seconds
[2024-08-27T04:49:22.348+0000] {processor.py:186} INFO - Started process (PID=598) to work on /home/airflow/.local/lib/python3.12/site-packages/airflow/example_dags/example_trigger_controller_dag.py
[2024-08-27T04:49:22.350+0000] {processor.py:914} INFO - Processing file /home/airflow/.local/lib/python3.12/site-packages/airflow/example_dags/example_trigger_controller_dag.py for tasks to queue
[2024-08-27T04:49:22.353+0000] {logging_mixin.py:190} INFO - [2024-08-27T04:49:22.353+0000] {dagbag.py:587} INFO - Filling up the DagBag from /home/airflow/.local/lib/python3.12/site-packages/airflow/example_dags/example_trigger_controller_dag.py
[2024-08-27T04:49:22.362+0000] {processor.py:925} INFO - DAG(s) 'example_trigger_controller_dag' retrieved from /home/airflow/.local/lib/python3.12/site-packages/airflow/example_dags/example_trigger_controller_dag.py
[2024-08-27T04:49:22.388+0000] {logging_mixin.py:190} INFO - [2024-08-27T04:49:22.388+0000] {dag.py:3211} INFO - Sync 1 DAGs
[2024-08-27T04:49:22.418+0000] {logging_mixin.py:190} INFO - [2024-08-27T04:49:22.418+0000] {dag.py:4138} INFO - Setting next_dagrun for example_trigger_controller_dag to 2021-01-01 00:00:00+00:00, run_after=2021-01-01 00:00:00+00:00
[2024-08-27T04:49:22.442+0000] {processor.py:208} INFO - Processing /home/airflow/.local/lib/python3.12/site-packages/airflow/example_dags/example_trigger_controller_dag.py took 0.102 seconds
[2024-08-27T04:49:58.646+0000] {processor.py:186} INFO - Started process (PID=664) to work on /home/airflow/.local/lib/python3.12/site-packages/airflow/example_dags/example_trigger_controller_dag.py
[2024-08-27T04:49:58.648+0000] {processor.py:914} INFO - Processing file /home/airflow/.local/lib/python3.12/site-packages/airflow/example_dags/example_trigger_controller_dag.py for tasks to queue
[2024-08-27T04:49:58.652+0000] {logging_mixin.py:190} INFO - [2024-08-27T04:49:58.652+0000] {dagbag.py:587} INFO - Filling up the DagBag from /home/airflow/.local/lib/python3.12/site-packages/airflow/example_dags/example_trigger_controller_dag.py
[2024-08-27T04:49:58.663+0000] {processor.py:925} INFO - DAG(s) 'example_trigger_controller_dag' retrieved from /home/airflow/.local/lib/python3.12/site-packages/airflow/example_dags/example_trigger_controller_dag.py
[2024-08-27T04:49:58.694+0000] {logging_mixin.py:190} INFO - [2024-08-27T04:49:58.694+0000] {dag.py:3211} INFO - Sync 1 DAGs
[2024-08-27T04:49:58.727+0000] {logging_mixin.py:190} INFO - [2024-08-27T04:49:58.727+0000] {dag.py:4138} INFO - Setting next_dagrun for example_trigger_controller_dag to 2021-01-01 00:00:00+00:00, run_after=2021-01-01 00:00:00+00:00
[2024-08-27T04:49:58.754+0000] {processor.py:208} INFO - Processing /home/airflow/.local/lib/python3.12/site-packages/airflow/example_dags/example_trigger_controller_dag.py took 0.116 seconds
[2024-08-27T04:50:37.131+0000] {processor.py:186} INFO - Started process (PID=731) to work on /home/airflow/.local/lib/python3.12/site-packages/airflow/example_dags/example_trigger_controller_dag.py
[2024-08-27T04:50:37.133+0000] {processor.py:914} INFO - Processing file /home/airflow/.local/lib/python3.12/site-packages/airflow/example_dags/example_trigger_controller_dag.py for tasks to queue
[2024-08-27T04:50:37.136+0000] {logging_mixin.py:190} INFO - [2024-08-27T04:50:37.136+0000] {dagbag.py:587} INFO - Filling up the DagBag from /home/airflow/.local/lib/python3.12/site-packages/airflow/example_dags/example_trigger_controller_dag.py
[2024-08-27T04:50:37.146+0000] {processor.py:925} INFO - DAG(s) 'example_trigger_controller_dag' retrieved from /home/airflow/.local/lib/python3.12/site-packages/airflow/example_dags/example_trigger_controller_dag.py
[2024-08-27T04:50:37.171+0000] {logging_mixin.py:190} INFO - [2024-08-27T04:50:37.171+0000] {dag.py:3211} INFO - Sync 1 DAGs
[2024-08-27T04:50:37.200+0000] {logging_mixin.py:190} INFO - [2024-08-27T04:50:37.199+0000] {dag.py:4138} INFO - Setting next_dagrun for example_trigger_controller_dag to 2021-01-01 00:00:00+00:00, run_after=2021-01-01 00:00:00+00:00
[2024-08-27T04:50:37.224+0000] {processor.py:208} INFO - Processing /home/airflow/.local/lib/python3.12/site-packages/airflow/example_dags/example_trigger_controller_dag.py took 0.101 seconds
[2024-08-27T04:51:20.256+0000] {processor.py:186} INFO - Started process (PID=803) to work on /home/airflow/.local/lib/python3.12/site-packages/airflow/example_dags/example_trigger_controller_dag.py
[2024-08-27T04:51:20.257+0000] {processor.py:914} INFO - Processing file /home/airflow/.local/lib/python3.12/site-packages/airflow/example_dags/example_trigger_controller_dag.py for tasks to queue
[2024-08-27T04:51:20.261+0000] {logging_mixin.py:190} INFO - [2024-08-27T04:51:20.260+0000] {dagbag.py:587} INFO - Filling up the DagBag from /home/airflow/.local/lib/python3.12/site-packages/airflow/example_dags/example_trigger_controller_dag.py
[2024-08-27T04:51:20.270+0000] {processor.py:925} INFO - DAG(s) 'example_trigger_controller_dag' retrieved from /home/airflow/.local/lib/python3.12/site-packages/airflow/example_dags/example_trigger_controller_dag.py
[2024-08-27T04:51:20.301+0000] {logging_mixin.py:190} INFO - [2024-08-27T04:51:20.301+0000] {dag.py:3211} INFO - Sync 1 DAGs
[2024-08-27T04:51:20.343+0000] {logging_mixin.py:190} INFO - [2024-08-27T04:51:20.342+0000] {dag.py:4138} INFO - Setting next_dagrun for example_trigger_controller_dag to 2021-01-01 00:00:00+00:00, run_after=2021-01-01 00:00:00+00:00
[2024-08-27T04:51:20.379+0000] {processor.py:208} INFO - Processing /home/airflow/.local/lib/python3.12/site-packages/airflow/example_dags/example_trigger_controller_dag.py took 0.134 seconds
[2024-08-27T04:52:00.115+0000] {processor.py:186} INFO - Started process (PID=870) to work on /home/airflow/.local/lib/python3.12/site-packages/airflow/example_dags/example_trigger_controller_dag.py
[2024-08-27T04:52:00.116+0000] {processor.py:914} INFO - Processing file /home/airflow/.local/lib/python3.12/site-packages/airflow/example_dags/example_trigger_controller_dag.py for tasks to queue
[2024-08-27T04:52:00.119+0000] {logging_mixin.py:190} INFO - [2024-08-27T04:52:00.119+0000] {dagbag.py:587} INFO - Filling up the DagBag from /home/airflow/.local/lib/python3.12/site-packages/airflow/example_dags/example_trigger_controller_dag.py
[2024-08-27T04:52:00.128+0000] {processor.py:925} INFO - DAG(s) 'example_trigger_controller_dag' retrieved from /home/airflow/.local/lib/python3.12/site-packages/airflow/example_dags/example_trigger_controller_dag.py
[2024-08-27T04:52:00.156+0000] {logging_mixin.py:190} INFO - [2024-08-27T04:52:00.156+0000] {dag.py:3211} INFO - Sync 1 DAGs
[2024-08-27T04:52:00.182+0000] {logging_mixin.py:190} INFO - [2024-08-27T04:52:00.182+0000] {dag.py:4138} INFO - Setting next_dagrun for example_trigger_controller_dag to 2021-01-01 00:00:00+00:00, run_after=2021-01-01 00:00:00+00:00
[2024-08-27T04:52:00.204+0000] {processor.py:208} INFO - Processing /home/airflow/.local/lib/python3.12/site-packages/airflow/example_dags/example_trigger_controller_dag.py took 0.097 seconds
