[2024-08-27T04:44:20.745+0000] {processor.py:186} INFO - Started process (PID=71) to work on /home/airflow/.local/lib/python3.12/site-packages/airflow/example_dags/example_short_circuit_operator.py
[2024-08-27T04:44:20.747+0000] {processor.py:914} INFO - Processing file /home/airflow/.local/lib/python3.12/site-packages/airflow/example_dags/example_short_circuit_operator.py for tasks to queue
[2024-08-27T04:44:20.751+0000] {logging_mixin.py:190} INFO - [2024-08-27T04:44:20.750+0000] {dagbag.py:587} INFO - Filling up the DagBag from /home/airflow/.local/lib/python3.12/site-packages/airflow/example_dags/example_short_circuit_operator.py
[2024-08-27T04:44:20.774+0000] {processor.py:925} INFO - DAG(s) 'example_short_circuit_operator' retrieved from /home/airflow/.local/lib/python3.12/site-packages/airflow/example_dags/example_short_circuit_operator.py
[2024-08-27T04:44:20.831+0000] {logging_mixin.py:190} INFO - [2024-08-27T04:44:20.830+0000] {dag.py:3211} INFO - Sync 1 DAGs
[2024-08-27T04:44:20.887+0000] {logging_mixin.py:190} INFO - [2024-08-27T04:44:20.887+0000] {dag.py:4138} INFO - Setting next_dagrun for example_short_circuit_operator to 2024-08-26 00:00:00+00:00, run_after=2024-08-27 00:00:00+00:00
[2024-08-27T04:44:20.919+0000] {processor.py:208} INFO - Processing /home/airflow/.local/lib/python3.12/site-packages/airflow/example_dags/example_short_circuit_operator.py took 0.183 seconds
[2024-08-27T04:45:01.989+0000] {processor.py:186} INFO - Started process (PID=137) to work on /home/airflow/.local/lib/python3.12/site-packages/airflow/example_dags/example_short_circuit_operator.py
[2024-08-27T04:45:01.991+0000] {processor.py:914} INFO - Processing file /home/airflow/.local/lib/python3.12/site-packages/airflow/example_dags/example_short_circuit_operator.py for tasks to queue
[2024-08-27T04:45:01.995+0000] {logging_mixin.py:190} INFO - [2024-08-27T04:45:01.994+0000] {dagbag.py:587} INFO - Filling up the DagBag from /home/airflow/.local/lib/python3.12/site-packages/airflow/example_dags/example_short_circuit_operator.py
[2024-08-27T04:45:02.009+0000] {processor.py:925} INFO - DAG(s) 'example_short_circuit_operator' retrieved from /home/airflow/.local/lib/python3.12/site-packages/airflow/example_dags/example_short_circuit_operator.py
[2024-08-27T04:45:02.043+0000] {logging_mixin.py:190} INFO - [2024-08-27T04:45:02.043+0000] {dag.py:3211} INFO - Sync 1 DAGs
[2024-08-27T04:45:02.077+0000] {logging_mixin.py:190} INFO - [2024-08-27T04:45:02.077+0000] {dag.py:4138} INFO - Setting next_dagrun for example_short_circuit_operator to 2024-08-26 00:00:00+00:00, run_after=2024-08-27 00:00:00+00:00
[2024-08-27T04:45:02.103+0000] {processor.py:208} INFO - Processing /home/airflow/.local/lib/python3.12/site-packages/airflow/example_dags/example_short_circuit_operator.py took 0.125 seconds
[2024-08-27T04:45:44.298+0000] {processor.py:186} INFO - Started process (PID=203) to work on /home/airflow/.local/lib/python3.12/site-packages/airflow/example_dags/example_short_circuit_operator.py
[2024-08-27T04:45:44.301+0000] {processor.py:914} INFO - Processing file /home/airflow/.local/lib/python3.12/site-packages/airflow/example_dags/example_short_circuit_operator.py for tasks to queue
[2024-08-27T04:45:44.305+0000] {logging_mixin.py:190} INFO - [2024-08-27T04:45:44.305+0000] {dagbag.py:587} INFO - Filling up the DagBag from /home/airflow/.local/lib/python3.12/site-packages/airflow/example_dags/example_short_circuit_operator.py
[2024-08-27T04:45:44.319+0000] {processor.py:925} INFO - DAG(s) 'example_short_circuit_operator' retrieved from /home/airflow/.local/lib/python3.12/site-packages/airflow/example_dags/example_short_circuit_operator.py
[2024-08-27T04:45:44.358+0000] {logging_mixin.py:190} INFO - [2024-08-27T04:45:44.358+0000] {dag.py:3211} INFO - Sync 1 DAGs
[2024-08-27T04:45:44.397+0000] {logging_mixin.py:190} INFO - [2024-08-27T04:45:44.397+0000] {dag.py:4138} INFO - Setting next_dagrun for example_short_circuit_operator to 2024-08-26 00:00:00+00:00, run_after=2024-08-27 00:00:00+00:00
[2024-08-27T04:45:44.424+0000] {processor.py:208} INFO - Processing /home/airflow/.local/lib/python3.12/site-packages/airflow/example_dags/example_short_circuit_operator.py took 0.135 seconds
[2024-08-27T04:46:25.844+0000] {processor.py:186} INFO - Started process (PID=277) to work on /home/airflow/.local/lib/python3.12/site-packages/airflow/example_dags/example_short_circuit_operator.py
[2024-08-27T04:46:25.846+0000] {processor.py:914} INFO - Processing file /home/airflow/.local/lib/python3.12/site-packages/airflow/example_dags/example_short_circuit_operator.py for tasks to queue
[2024-08-27T04:46:25.850+0000] {logging_mixin.py:190} INFO - [2024-08-27T04:46:25.849+0000] {dagbag.py:587} INFO - Filling up the DagBag from /home/airflow/.local/lib/python3.12/site-packages/airflow/example_dags/example_short_circuit_operator.py
[2024-08-27T04:46:25.867+0000] {processor.py:925} INFO - DAG(s) 'example_short_circuit_operator' retrieved from /home/airflow/.local/lib/python3.12/site-packages/airflow/example_dags/example_short_circuit_operator.py
[2024-08-27T04:46:25.910+0000] {logging_mixin.py:190} INFO - [2024-08-27T04:46:25.910+0000] {dag.py:3211} INFO - Sync 1 DAGs
[2024-08-27T04:46:25.945+0000] {logging_mixin.py:190} INFO - [2024-08-27T04:46:25.945+0000] {dag.py:4138} INFO - Setting next_dagrun for example_short_circuit_operator to 2024-08-26 00:00:00+00:00, run_after=2024-08-27 00:00:00+00:00
[2024-08-27T04:46:25.973+0000] {processor.py:208} INFO - Processing /home/airflow/.local/lib/python3.12/site-packages/airflow/example_dags/example_short_circuit_operator.py took 0.138 seconds
[2024-08-27T04:47:09.447+0000] {processor.py:186} INFO - Started process (PID=343) to work on /home/airflow/.local/lib/python3.12/site-packages/airflow/example_dags/example_short_circuit_operator.py
[2024-08-27T04:47:09.449+0000] {processor.py:914} INFO - Processing file /home/airflow/.local/lib/python3.12/site-packages/airflow/example_dags/example_short_circuit_operator.py for tasks to queue
[2024-08-27T04:47:09.455+0000] {logging_mixin.py:190} INFO - [2024-08-27T04:47:09.454+0000] {dagbag.py:587} INFO - Filling up the DagBag from /home/airflow/.local/lib/python3.12/site-packages/airflow/example_dags/example_short_circuit_operator.py
[2024-08-27T04:47:09.470+0000] {processor.py:925} INFO - DAG(s) 'example_short_circuit_operator' retrieved from /home/airflow/.local/lib/python3.12/site-packages/airflow/example_dags/example_short_circuit_operator.py
[2024-08-27T04:47:09.508+0000] {logging_mixin.py:190} INFO - [2024-08-27T04:47:09.507+0000] {dag.py:3211} INFO - Sync 1 DAGs
[2024-08-27T04:47:09.575+0000] {logging_mixin.py:190} INFO - [2024-08-27T04:47:09.575+0000] {dag.py:4138} INFO - Setting next_dagrun for example_short_circuit_operator to 2024-08-26 00:00:00+00:00, run_after=2024-08-27 00:00:00+00:00
[2024-08-27T04:47:09.624+0000] {processor.py:208} INFO - Processing /home/airflow/.local/lib/python3.12/site-packages/airflow/example_dags/example_short_circuit_operator.py took 0.186 seconds
[2024-08-27T04:47:51.688+0000] {processor.py:186} INFO - Started process (PID=416) to work on /home/airflow/.local/lib/python3.12/site-packages/airflow/example_dags/example_short_circuit_operator.py
[2024-08-27T04:47:51.690+0000] {processor.py:914} INFO - Processing file /home/airflow/.local/lib/python3.12/site-packages/airflow/example_dags/example_short_circuit_operator.py for tasks to queue
[2024-08-27T04:47:51.694+0000] {logging_mixin.py:190} INFO - [2024-08-27T04:47:51.694+0000] {dagbag.py:587} INFO - Filling up the DagBag from /home/airflow/.local/lib/python3.12/site-packages/airflow/example_dags/example_short_circuit_operator.py
[2024-08-27T04:47:51.712+0000] {processor.py:925} INFO - DAG(s) 'example_short_circuit_operator' retrieved from /home/airflow/.local/lib/python3.12/site-packages/airflow/example_dags/example_short_circuit_operator.py
[2024-08-27T04:47:51.765+0000] {logging_mixin.py:190} INFO - [2024-08-27T04:47:51.764+0000] {dag.py:3211} INFO - Sync 1 DAGs
[2024-08-27T04:47:51.808+0000] {logging_mixin.py:190} INFO - [2024-08-27T04:47:51.807+0000] {dag.py:4138} INFO - Setting next_dagrun for example_short_circuit_operator to 2024-08-26 00:00:00+00:00, run_after=2024-08-27 00:00:00+00:00
[2024-08-27T04:47:51.845+0000] {processor.py:208} INFO - Processing /home/airflow/.local/lib/python3.12/site-packages/airflow/example_dags/example_short_circuit_operator.py took 0.167 seconds
[2024-08-27T04:48:37.231+0000] {processor.py:186} INFO - Started process (PID=482) to work on /home/airflow/.local/lib/python3.12/site-packages/airflow/example_dags/example_short_circuit_operator.py
[2024-08-27T04:48:37.232+0000] {processor.py:914} INFO - Processing file /home/airflow/.local/lib/python3.12/site-packages/airflow/example_dags/example_short_circuit_operator.py for tasks to queue
[2024-08-27T04:48:37.235+0000] {logging_mixin.py:190} INFO - [2024-08-27T04:48:37.235+0000] {dagbag.py:587} INFO - Filling up the DagBag from /home/airflow/.local/lib/python3.12/site-packages/airflow/example_dags/example_short_circuit_operator.py
[2024-08-27T04:48:37.246+0000] {processor.py:925} INFO - DAG(s) 'example_short_circuit_operator' retrieved from /home/airflow/.local/lib/python3.12/site-packages/airflow/example_dags/example_short_circuit_operator.py
[2024-08-27T04:48:37.274+0000] {logging_mixin.py:190} INFO - [2024-08-27T04:48:37.274+0000] {dag.py:3211} INFO - Sync 1 DAGs
[2024-08-27T04:48:37.298+0000] {logging_mixin.py:190} INFO - [2024-08-27T04:48:37.298+0000] {dag.py:4138} INFO - Setting next_dagrun for example_short_circuit_operator to 2024-08-26 00:00:00+00:00, run_after=2024-08-27 00:00:00+00:00
[2024-08-27T04:48:37.321+0000] {processor.py:208} INFO - Processing /home/airflow/.local/lib/python3.12/site-packages/airflow/example_dags/example_short_circuit_operator.py took 0.097 seconds
[2024-08-27T04:49:16.084+0000] {processor.py:186} INFO - Started process (PID=548) to work on /home/airflow/.local/lib/python3.12/site-packages/airflow/example_dags/example_short_circuit_operator.py
[2024-08-27T04:49:16.086+0000] {processor.py:914} INFO - Processing file /home/airflow/.local/lib/python3.12/site-packages/airflow/example_dags/example_short_circuit_operator.py for tasks to queue
[2024-08-27T04:49:16.089+0000] {logging_mixin.py:190} INFO - [2024-08-27T04:49:16.088+0000] {dagbag.py:587} INFO - Filling up the DagBag from /home/airflow/.local/lib/python3.12/site-packages/airflow/example_dags/example_short_circuit_operator.py
[2024-08-27T04:49:16.099+0000] {processor.py:925} INFO - DAG(s) 'example_short_circuit_operator' retrieved from /home/airflow/.local/lib/python3.12/site-packages/airflow/example_dags/example_short_circuit_operator.py
[2024-08-27T04:49:16.126+0000] {logging_mixin.py:190} INFO - [2024-08-27T04:49:16.126+0000] {dag.py:3211} INFO - Sync 1 DAGs
[2024-08-27T04:49:16.150+0000] {logging_mixin.py:190} INFO - [2024-08-27T04:49:16.150+0000] {dag.py:4138} INFO - Setting next_dagrun for example_short_circuit_operator to 2024-08-26 00:00:00+00:00, run_after=2024-08-27 00:00:00+00:00
[2024-08-27T04:49:16.169+0000] {processor.py:208} INFO - Processing /home/airflow/.local/lib/python3.12/site-packages/airflow/example_dags/example_short_circuit_operator.py took 0.092 seconds
[2024-08-27T04:49:54.295+0000] {processor.py:186} INFO - Started process (PID=621) to work on /home/airflow/.local/lib/python3.12/site-packages/airflow/example_dags/example_short_circuit_operator.py
[2024-08-27T04:49:54.297+0000] {processor.py:914} INFO - Processing file /home/airflow/.local/lib/python3.12/site-packages/airflow/example_dags/example_short_circuit_operator.py for tasks to queue
[2024-08-27T04:49:54.301+0000] {logging_mixin.py:190} INFO - [2024-08-27T04:49:54.300+0000] {dagbag.py:587} INFO - Filling up the DagBag from /home/airflow/.local/lib/python3.12/site-packages/airflow/example_dags/example_short_circuit_operator.py
[2024-08-27T04:49:54.314+0000] {processor.py:925} INFO - DAG(s) 'example_short_circuit_operator' retrieved from /home/airflow/.local/lib/python3.12/site-packages/airflow/example_dags/example_short_circuit_operator.py
[2024-08-27T04:49:54.347+0000] {logging_mixin.py:190} INFO - [2024-08-27T04:49:54.347+0000] {dag.py:3211} INFO - Sync 1 DAGs
[2024-08-27T04:49:54.377+0000] {logging_mixin.py:190} INFO - [2024-08-27T04:49:54.377+0000] {dag.py:4138} INFO - Setting next_dagrun for example_short_circuit_operator to 2024-08-26 00:00:00+00:00, run_after=2024-08-27 00:00:00+00:00
[2024-08-27T04:49:54.401+0000] {processor.py:208} INFO - Processing /home/airflow/.local/lib/python3.12/site-packages/airflow/example_dags/example_short_circuit_operator.py took 0.115 seconds
[2024-08-27T04:50:32.574+0000] {processor.py:186} INFO - Started process (PID=688) to work on /home/airflow/.local/lib/python3.12/site-packages/airflow/example_dags/example_short_circuit_operator.py
[2024-08-27T04:50:32.575+0000] {processor.py:914} INFO - Processing file /home/airflow/.local/lib/python3.12/site-packages/airflow/example_dags/example_short_circuit_operator.py for tasks to queue
[2024-08-27T04:50:32.579+0000] {logging_mixin.py:190} INFO - [2024-08-27T04:50:32.578+0000] {dagbag.py:587} INFO - Filling up the DagBag from /home/airflow/.local/lib/python3.12/site-packages/airflow/example_dags/example_short_circuit_operator.py
[2024-08-27T04:50:32.592+0000] {processor.py:925} INFO - DAG(s) 'example_short_circuit_operator' retrieved from /home/airflow/.local/lib/python3.12/site-packages/airflow/example_dags/example_short_circuit_operator.py
[2024-08-27T04:50:32.623+0000] {logging_mixin.py:190} INFO - [2024-08-27T04:50:32.623+0000] {dag.py:3211} INFO - Sync 1 DAGs
[2024-08-27T04:50:32.652+0000] {logging_mixin.py:190} INFO - [2024-08-27T04:50:32.651+0000] {dag.py:4138} INFO - Setting next_dagrun for example_short_circuit_operator to 2024-08-26 00:00:00+00:00, run_after=2024-08-27 00:00:00+00:00
[2024-08-27T04:50:32.673+0000] {processor.py:208} INFO - Processing /home/airflow/.local/lib/python3.12/site-packages/airflow/example_dags/example_short_circuit_operator.py took 0.107 seconds
[2024-08-27T04:51:13.363+0000] {processor.py:186} INFO - Started process (PID=754) to work on /home/airflow/.local/lib/python3.12/site-packages/airflow/example_dags/example_short_circuit_operator.py
[2024-08-27T04:51:13.365+0000] {processor.py:914} INFO - Processing file /home/airflow/.local/lib/python3.12/site-packages/airflow/example_dags/example_short_circuit_operator.py for tasks to queue
[2024-08-27T04:51:13.371+0000] {logging_mixin.py:190} INFO - [2024-08-27T04:51:13.370+0000] {dagbag.py:587} INFO - Filling up the DagBag from /home/airflow/.local/lib/python3.12/site-packages/airflow/example_dags/example_short_circuit_operator.py
[2024-08-27T04:51:13.391+0000] {processor.py:925} INFO - DAG(s) 'example_short_circuit_operator' retrieved from /home/airflow/.local/lib/python3.12/site-packages/airflow/example_dags/example_short_circuit_operator.py
[2024-08-27T04:51:13.462+0000] {logging_mixin.py:190} INFO - [2024-08-27T04:51:13.461+0000] {dag.py:3211} INFO - Sync 1 DAGs
[2024-08-27T04:51:13.546+0000] {logging_mixin.py:190} INFO - [2024-08-27T04:51:13.546+0000] {dag.py:4138} INFO - Setting next_dagrun for example_short_circuit_operator to 2024-08-26 00:00:00+00:00, run_after=2024-08-27 00:00:00+00:00
[2024-08-27T04:51:13.590+0000] {processor.py:208} INFO - Processing /home/airflow/.local/lib/python3.12/site-packages/airflow/example_dags/example_short_circuit_operator.py took 0.240 seconds
[2024-08-27T04:51:55.576+0000] {processor.py:186} INFO - Started process (PID=827) to work on /home/airflow/.local/lib/python3.12/site-packages/airflow/example_dags/example_short_circuit_operator.py
[2024-08-27T04:51:55.577+0000] {processor.py:914} INFO - Processing file /home/airflow/.local/lib/python3.12/site-packages/airflow/example_dags/example_short_circuit_operator.py for tasks to queue
[2024-08-27T04:51:55.581+0000] {logging_mixin.py:190} INFO - [2024-08-27T04:51:55.581+0000] {dagbag.py:587} INFO - Filling up the DagBag from /home/airflow/.local/lib/python3.12/site-packages/airflow/example_dags/example_short_circuit_operator.py
[2024-08-27T04:51:55.599+0000] {processor.py:925} INFO - DAG(s) 'example_short_circuit_operator' retrieved from /home/airflow/.local/lib/python3.12/site-packages/airflow/example_dags/example_short_circuit_operator.py
[2024-08-27T04:51:55.639+0000] {logging_mixin.py:190} INFO - [2024-08-27T04:51:55.639+0000] {dag.py:3211} INFO - Sync 1 DAGs
[2024-08-27T04:51:55.672+0000] {logging_mixin.py:190} INFO - [2024-08-27T04:51:55.672+0000] {dag.py:4138} INFO - Setting next_dagrun for example_short_circuit_operator to 2024-08-26 00:00:00+00:00, run_after=2024-08-27 00:00:00+00:00
[2024-08-27T04:51:55.700+0000] {processor.py:208} INFO - Processing /home/airflow/.local/lib/python3.12/site-packages/airflow/example_dags/example_short_circuit_operator.py took 0.134 seconds
