[2024-08-27T04:44:30.601+0000] {processor.py:186} INFO - Started process (PID=112) to work on /home/airflow/.local/lib/python3.12/site-packages/airflow/example_dags/example_subdag_operator.py
[2024-08-27T04:44:30.604+0000] {processor.py:914} INFO - Processing file /home/airflow/.local/lib/python3.12/site-packages/airflow/example_dags/example_subdag_operator.py for tasks to queue
[2024-08-27T04:44:30.609+0000] {logging_mixin.py:190} INFO - [2024-08-27T04:44:30.608+0000] {dagbag.py:587} INFO - Filling up the DagBag from /home/airflow/.local/lib/python3.12/site-packages/airflow/example_dags/example_subdag_operator.py
[2024-08-27T04:44:30.678+0000] {processor.py:925} INFO - DAG(s) 'example_subdag_operator.section-1', 'example_subdag_operator.section-2', 'example_subdag_operator' retrieved from /home/airflow/.local/lib/python3.12/site-packages/airflow/example_dags/example_subdag_operator.py
[2024-08-27T04:44:30.728+0000] {logging_mixin.py:190} INFO - [2024-08-27T04:44:30.728+0000] {dag.py:3211} INFO - Sync 3 DAGs
[2024-08-27T04:44:30.775+0000] {logging_mixin.py:190} INFO - [2024-08-27T04:44:30.774+0000] {dag.py:4138} INFO - Setting next_dagrun for example_subdag_operator to 2022-01-01 00:00:00+00:00, run_after=2022-01-01 00:00:00+00:00
[2024-08-27T04:44:30.781+0000] {logging_mixin.py:190} INFO - [2024-08-27T04:44:30.781+0000] {dag.py:4138} INFO - Setting next_dagrun for example_subdag_operator.section-1 to None, run_after=None
[2024-08-27T04:44:30.784+0000] {logging_mixin.py:190} INFO - [2024-08-27T04:44:30.784+0000] {dag.py:4138} INFO - Setting next_dagrun for example_subdag_operator.section-2 to None, run_after=None
[2024-08-27T04:44:30.799+0000] {logging_mixin.py:190} INFO - [2024-08-27T04:44:30.798+0000] {dag.py:3211} INFO - Sync 2 DAGs
[2024-08-27T04:44:30.809+0000] {logging_mixin.py:190} INFO - [2024-08-27T04:44:30.809+0000] {dag.py:4138} INFO - Setting next_dagrun for example_subdag_operator.section-1 to None, run_after=None
[2024-08-27T04:44:30.811+0000] {logging_mixin.py:190} INFO - [2024-08-27T04:44:30.810+0000] {dag.py:4138} INFO - Setting next_dagrun for example_subdag_operator.section-2 to None, run_after=None
[2024-08-27T04:44:30.833+0000] {processor.py:208} INFO - Processing /home/airflow/.local/lib/python3.12/site-packages/airflow/example_dags/example_subdag_operator.py took 0.244 seconds
[2024-08-27T04:45:06.205+0000] {processor.py:186} INFO - Started process (PID=178) to work on /home/airflow/.local/lib/python3.12/site-packages/airflow/example_dags/example_subdag_operator.py
[2024-08-27T04:45:06.207+0000] {processor.py:914} INFO - Processing file /home/airflow/.local/lib/python3.12/site-packages/airflow/example_dags/example_subdag_operator.py for tasks to queue
[2024-08-27T04:45:06.211+0000] {logging_mixin.py:190} INFO - [2024-08-27T04:45:06.210+0000] {dagbag.py:587} INFO - Filling up the DagBag from /home/airflow/.local/lib/python3.12/site-packages/airflow/example_dags/example_subdag_operator.py
[2024-08-27T04:45:06.246+0000] {processor.py:925} INFO - DAG(s) 'example_subdag_operator.section-1', 'example_subdag_operator.section-2', 'example_subdag_operator' retrieved from /home/airflow/.local/lib/python3.12/site-packages/airflow/example_dags/example_subdag_operator.py
[2024-08-27T04:45:06.269+0000] {logging_mixin.py:190} INFO - [2024-08-27T04:45:06.269+0000] {dag.py:3211} INFO - Sync 3 DAGs
[2024-08-27T04:45:06.301+0000] {logging_mixin.py:190} INFO - [2024-08-27T04:45:06.301+0000] {dag.py:4138} INFO - Setting next_dagrun for example_subdag_operator to 2022-01-01 00:00:00+00:00, run_after=2022-01-01 00:00:00+00:00
[2024-08-27T04:45:06.309+0000] {logging_mixin.py:190} INFO - [2024-08-27T04:45:06.309+0000] {dag.py:4138} INFO - Setting next_dagrun for example_subdag_operator.section-1 to None, run_after=None
[2024-08-27T04:45:06.312+0000] {logging_mixin.py:190} INFO - [2024-08-27T04:45:06.312+0000] {dag.py:4138} INFO - Setting next_dagrun for example_subdag_operator.section-2 to None, run_after=None
[2024-08-27T04:45:06.323+0000] {logging_mixin.py:190} INFO - [2024-08-27T04:45:06.323+0000] {dag.py:3211} INFO - Sync 2 DAGs
[2024-08-27T04:45:06.332+0000] {logging_mixin.py:190} INFO - [2024-08-27T04:45:06.331+0000] {dag.py:4138} INFO - Setting next_dagrun for example_subdag_operator.section-1 to None, run_after=None
[2024-08-27T04:45:06.333+0000] {logging_mixin.py:190} INFO - [2024-08-27T04:45:06.332+0000] {dag.py:4138} INFO - Setting next_dagrun for example_subdag_operator.section-2 to None, run_after=None
[2024-08-27T04:45:06.348+0000] {processor.py:208} INFO - Processing /home/airflow/.local/lib/python3.12/site-packages/airflow/example_dags/example_subdag_operator.py took 0.151 seconds
[2024-08-27T04:45:50.661+0000] {processor.py:186} INFO - Started process (PID=252) to work on /home/airflow/.local/lib/python3.12/site-packages/airflow/example_dags/example_subdag_operator.py
[2024-08-27T04:45:50.663+0000] {processor.py:914} INFO - Processing file /home/airflow/.local/lib/python3.12/site-packages/airflow/example_dags/example_subdag_operator.py for tasks to queue
[2024-08-27T04:45:50.667+0000] {logging_mixin.py:190} INFO - [2024-08-27T04:45:50.667+0000] {dagbag.py:587} INFO - Filling up the DagBag from /home/airflow/.local/lib/python3.12/site-packages/airflow/example_dags/example_subdag_operator.py
[2024-08-27T04:45:50.707+0000] {processor.py:925} INFO - DAG(s) 'example_subdag_operator.section-1', 'example_subdag_operator.section-2', 'example_subdag_operator' retrieved from /home/airflow/.local/lib/python3.12/site-packages/airflow/example_dags/example_subdag_operator.py
[2024-08-27T04:45:50.729+0000] {logging_mixin.py:190} INFO - [2024-08-27T04:45:50.729+0000] {dag.py:3211} INFO - Sync 3 DAGs
[2024-08-27T04:45:50.756+0000] {logging_mixin.py:190} INFO - [2024-08-27T04:45:50.756+0000] {dag.py:4138} INFO - Setting next_dagrun for example_subdag_operator to 2022-01-01 00:00:00+00:00, run_after=2022-01-01 00:00:00+00:00
[2024-08-27T04:45:50.762+0000] {logging_mixin.py:190} INFO - [2024-08-27T04:45:50.762+0000] {dag.py:4138} INFO - Setting next_dagrun for example_subdag_operator.section-1 to None, run_after=None
[2024-08-27T04:45:50.764+0000] {logging_mixin.py:190} INFO - [2024-08-27T04:45:50.764+0000] {dag.py:4138} INFO - Setting next_dagrun for example_subdag_operator.section-2 to None, run_after=None
[2024-08-27T04:45:50.773+0000] {logging_mixin.py:190} INFO - [2024-08-27T04:45:50.773+0000] {dag.py:3211} INFO - Sync 2 DAGs
[2024-08-27T04:45:50.780+0000] {logging_mixin.py:190} INFO - [2024-08-27T04:45:50.780+0000] {dag.py:4138} INFO - Setting next_dagrun for example_subdag_operator.section-1 to None, run_after=None
[2024-08-27T04:45:50.781+0000] {logging_mixin.py:190} INFO - [2024-08-27T04:45:50.781+0000] {dag.py:4138} INFO - Setting next_dagrun for example_subdag_operator.section-2 to None, run_after=None
[2024-08-27T04:45:50.796+0000] {processor.py:208} INFO - Processing /home/airflow/.local/lib/python3.12/site-packages/airflow/example_dags/example_subdag_operator.py took 0.144 seconds
[2024-08-27T04:46:33.016+0000] {processor.py:186} INFO - Started process (PID=318) to work on /home/airflow/.local/lib/python3.12/site-packages/airflow/example_dags/example_subdag_operator.py
[2024-08-27T04:46:33.019+0000] {processor.py:914} INFO - Processing file /home/airflow/.local/lib/python3.12/site-packages/airflow/example_dags/example_subdag_operator.py for tasks to queue
[2024-08-27T04:46:33.024+0000] {logging_mixin.py:190} INFO - [2024-08-27T04:46:33.023+0000] {dagbag.py:587} INFO - Filling up the DagBag from /home/airflow/.local/lib/python3.12/site-packages/airflow/example_dags/example_subdag_operator.py
[2024-08-27T04:46:33.083+0000] {processor.py:925} INFO - DAG(s) 'example_subdag_operator.section-1', 'example_subdag_operator.section-2', 'example_subdag_operator' retrieved from /home/airflow/.local/lib/python3.12/site-packages/airflow/example_dags/example_subdag_operator.py
[2024-08-27T04:46:33.108+0000] {logging_mixin.py:190} INFO - [2024-08-27T04:46:33.108+0000] {dag.py:3211} INFO - Sync 3 DAGs
[2024-08-27T04:46:33.144+0000] {logging_mixin.py:190} INFO - [2024-08-27T04:46:33.143+0000] {dag.py:4138} INFO - Setting next_dagrun for example_subdag_operator to 2022-01-01 00:00:00+00:00, run_after=2022-01-01 00:00:00+00:00
[2024-08-27T04:46:33.151+0000] {logging_mixin.py:190} INFO - [2024-08-27T04:46:33.151+0000] {dag.py:4138} INFO - Setting next_dagrun for example_subdag_operator.section-1 to None, run_after=None
[2024-08-27T04:46:33.154+0000] {logging_mixin.py:190} INFO - [2024-08-27T04:46:33.154+0000] {dag.py:4138} INFO - Setting next_dagrun for example_subdag_operator.section-2 to None, run_after=None
[2024-08-27T04:46:33.166+0000] {logging_mixin.py:190} INFO - [2024-08-27T04:46:33.166+0000] {dag.py:3211} INFO - Sync 2 DAGs
[2024-08-27T04:46:33.179+0000] {logging_mixin.py:190} INFO - [2024-08-27T04:46:33.179+0000] {dag.py:4138} INFO - Setting next_dagrun for example_subdag_operator.section-1 to None, run_after=None
[2024-08-27T04:46:33.181+0000] {logging_mixin.py:190} INFO - [2024-08-27T04:46:33.180+0000] {dag.py:4138} INFO - Setting next_dagrun for example_subdag_operator.section-2 to None, run_after=None
[2024-08-27T04:46:33.207+0000] {processor.py:208} INFO - Processing /home/airflow/.local/lib/python3.12/site-packages/airflow/example_dags/example_subdag_operator.py took 0.200 seconds
[2024-08-27T04:47:14.896+0000] {processor.py:186} INFO - Started process (PID=384) to work on /home/airflow/.local/lib/python3.12/site-packages/airflow/example_dags/example_subdag_operator.py
[2024-08-27T04:47:14.897+0000] {processor.py:914} INFO - Processing file /home/airflow/.local/lib/python3.12/site-packages/airflow/example_dags/example_subdag_operator.py for tasks to queue
[2024-08-27T04:47:14.901+0000] {logging_mixin.py:190} INFO - [2024-08-27T04:47:14.901+0000] {dagbag.py:587} INFO - Filling up the DagBag from /home/airflow/.local/lib/python3.12/site-packages/airflow/example_dags/example_subdag_operator.py
[2024-08-27T04:47:14.944+0000] {processor.py:925} INFO - DAG(s) 'example_subdag_operator.section-1', 'example_subdag_operator.section-2', 'example_subdag_operator' retrieved from /home/airflow/.local/lib/python3.12/site-packages/airflow/example_dags/example_subdag_operator.py
[2024-08-27T04:47:14.969+0000] {logging_mixin.py:190} INFO - [2024-08-27T04:47:14.969+0000] {dag.py:3211} INFO - Sync 3 DAGs
[2024-08-27T04:47:15.000+0000] {logging_mixin.py:190} INFO - [2024-08-27T04:47:15.000+0000] {dag.py:4138} INFO - Setting next_dagrun for example_subdag_operator to 2022-01-01 00:00:00+00:00, run_after=2022-01-01 00:00:00+00:00
[2024-08-27T04:47:15.009+0000] {logging_mixin.py:190} INFO - [2024-08-27T04:47:15.009+0000] {dag.py:4138} INFO - Setting next_dagrun for example_subdag_operator.section-1 to None, run_after=None
[2024-08-27T04:47:15.012+0000] {logging_mixin.py:190} INFO - [2024-08-27T04:47:15.011+0000] {dag.py:4138} INFO - Setting next_dagrun for example_subdag_operator.section-2 to None, run_after=None
[2024-08-27T04:47:15.022+0000] {logging_mixin.py:190} INFO - [2024-08-27T04:47:15.022+0000] {dag.py:3211} INFO - Sync 2 DAGs
[2024-08-27T04:47:15.031+0000] {logging_mixin.py:190} INFO - [2024-08-27T04:47:15.031+0000] {dag.py:4138} INFO - Setting next_dagrun for example_subdag_operator.section-1 to None, run_after=None
[2024-08-27T04:47:15.032+0000] {logging_mixin.py:190} INFO - [2024-08-27T04:47:15.032+0000] {dag.py:4138} INFO - Setting next_dagrun for example_subdag_operator.section-2 to None, run_after=None
[2024-08-27T04:47:15.050+0000] {processor.py:208} INFO - Processing /home/airflow/.local/lib/python3.12/site-packages/airflow/example_dags/example_subdag_operator.py took 0.168 seconds
[2024-08-27T04:47:57.144+0000] {processor.py:186} INFO - Started process (PID=457) to work on /home/airflow/.local/lib/python3.12/site-packages/airflow/example_dags/example_subdag_operator.py
[2024-08-27T04:47:57.145+0000] {processor.py:914} INFO - Processing file /home/airflow/.local/lib/python3.12/site-packages/airflow/example_dags/example_subdag_operator.py for tasks to queue
[2024-08-27T04:47:57.149+0000] {logging_mixin.py:190} INFO - [2024-08-27T04:47:57.148+0000] {dagbag.py:587} INFO - Filling up the DagBag from /home/airflow/.local/lib/python3.12/site-packages/airflow/example_dags/example_subdag_operator.py
[2024-08-27T04:47:57.201+0000] {processor.py:925} INFO - DAG(s) 'example_subdag_operator.section-1', 'example_subdag_operator.section-2', 'example_subdag_operator' retrieved from /home/airflow/.local/lib/python3.12/site-packages/airflow/example_dags/example_subdag_operator.py
[2024-08-27T04:47:57.228+0000] {logging_mixin.py:190} INFO - [2024-08-27T04:47:57.228+0000] {dag.py:3211} INFO - Sync 3 DAGs
[2024-08-27T04:47:57.259+0000] {logging_mixin.py:190} INFO - [2024-08-27T04:47:57.259+0000] {dag.py:4138} INFO - Setting next_dagrun for example_subdag_operator to 2022-01-01 00:00:00+00:00, run_after=2022-01-01 00:00:00+00:00
[2024-08-27T04:47:57.266+0000] {logging_mixin.py:190} INFO - [2024-08-27T04:47:57.265+0000] {dag.py:4138} INFO - Setting next_dagrun for example_subdag_operator.section-1 to None, run_after=None
[2024-08-27T04:47:57.268+0000] {logging_mixin.py:190} INFO - [2024-08-27T04:47:57.268+0000] {dag.py:4138} INFO - Setting next_dagrun for example_subdag_operator.section-2 to None, run_after=None
[2024-08-27T04:47:57.278+0000] {logging_mixin.py:190} INFO - [2024-08-27T04:47:57.278+0000] {dag.py:3211} INFO - Sync 2 DAGs
[2024-08-27T04:47:57.287+0000] {logging_mixin.py:190} INFO - [2024-08-27T04:47:57.286+0000] {dag.py:4138} INFO - Setting next_dagrun for example_subdag_operator.section-1 to None, run_after=None
[2024-08-27T04:47:57.289+0000] {logging_mixin.py:190} INFO - [2024-08-27T04:47:57.288+0000] {dag.py:4138} INFO - Setting next_dagrun for example_subdag_operator.section-2 to None, run_after=None
[2024-08-27T04:47:57.304+0000] {processor.py:208} INFO - Processing /home/airflow/.local/lib/python3.12/site-packages/airflow/example_dags/example_subdag_operator.py took 0.172 seconds
[2024-08-27T04:48:51.966+0000] {processor.py:186} INFO - Started process (PID=530) to work on /home/airflow/.local/lib/python3.12/site-packages/airflow/example_dags/example_subdag_operator.py
[2024-08-27T04:48:51.968+0000] {processor.py:914} INFO - Processing file /home/airflow/.local/lib/python3.12/site-packages/airflow/example_dags/example_subdag_operator.py for tasks to queue
[2024-08-27T04:48:51.972+0000] {logging_mixin.py:190} INFO - [2024-08-27T04:48:51.971+0000] {dagbag.py:587} INFO - Filling up the DagBag from /home/airflow/.local/lib/python3.12/site-packages/airflow/example_dags/example_subdag_operator.py
[2024-08-27T04:48:52.011+0000] {processor.py:925} INFO - DAG(s) 'example_subdag_operator.section-1', 'example_subdag_operator.section-2', 'example_subdag_operator' retrieved from /home/airflow/.local/lib/python3.12/site-packages/airflow/example_dags/example_subdag_operator.py
[2024-08-27T04:48:52.034+0000] {logging_mixin.py:190} INFO - [2024-08-27T04:48:52.034+0000] {dag.py:3211} INFO - Sync 3 DAGs
[2024-08-27T04:48:52.065+0000] {logging_mixin.py:190} INFO - [2024-08-27T04:48:52.065+0000] {dag.py:4138} INFO - Setting next_dagrun for example_subdag_operator to 2022-01-01 00:00:00+00:00, run_after=2022-01-01 00:00:00+00:00
[2024-08-27T04:48:52.071+0000] {logging_mixin.py:190} INFO - [2024-08-27T04:48:52.071+0000] {dag.py:4138} INFO - Setting next_dagrun for example_subdag_operator.section-1 to None, run_after=None
[2024-08-27T04:48:52.074+0000] {logging_mixin.py:190} INFO - [2024-08-27T04:48:52.073+0000] {dag.py:4138} INFO - Setting next_dagrun for example_subdag_operator.section-2 to None, run_after=None
[2024-08-27T04:48:52.084+0000] {logging_mixin.py:190} INFO - [2024-08-27T04:48:52.083+0000] {dag.py:3211} INFO - Sync 2 DAGs
[2024-08-27T04:48:52.093+0000] {logging_mixin.py:190} INFO - [2024-08-27T04:48:52.093+0000] {dag.py:4138} INFO - Setting next_dagrun for example_subdag_operator.section-1 to None, run_after=None
[2024-08-27T04:48:52.095+0000] {logging_mixin.py:190} INFO - [2024-08-27T04:48:52.094+0000] {dag.py:4138} INFO - Setting next_dagrun for example_subdag_operator.section-2 to None, run_after=None
[2024-08-27T04:48:52.117+0000] {processor.py:208} INFO - Processing /home/airflow/.local/lib/python3.12/site-packages/airflow/example_dags/example_subdag_operator.py took 0.159 seconds
[2024-08-27T04:49:22.191+0000] {processor.py:186} INFO - Started process (PID=596) to work on /home/airflow/.local/lib/python3.12/site-packages/airflow/example_dags/example_subdag_operator.py
[2024-08-27T04:49:22.193+0000] {processor.py:914} INFO - Processing file /home/airflow/.local/lib/python3.12/site-packages/airflow/example_dags/example_subdag_operator.py for tasks to queue
[2024-08-27T04:49:22.196+0000] {logging_mixin.py:190} INFO - [2024-08-27T04:49:22.196+0000] {dagbag.py:587} INFO - Filling up the DagBag from /home/airflow/.local/lib/python3.12/site-packages/airflow/example_dags/example_subdag_operator.py
[2024-08-27T04:49:22.233+0000] {processor.py:925} INFO - DAG(s) 'example_subdag_operator.section-1', 'example_subdag_operator.section-2', 'example_subdag_operator' retrieved from /home/airflow/.local/lib/python3.12/site-packages/airflow/example_dags/example_subdag_operator.py
[2024-08-27T04:49:22.256+0000] {logging_mixin.py:190} INFO - [2024-08-27T04:49:22.256+0000] {dag.py:3211} INFO - Sync 3 DAGs
[2024-08-27T04:49:22.282+0000] {logging_mixin.py:190} INFO - [2024-08-27T04:49:22.281+0000] {dag.py:4138} INFO - Setting next_dagrun for example_subdag_operator to 2022-01-01 00:00:00+00:00, run_after=2022-01-01 00:00:00+00:00
[2024-08-27T04:49:22.286+0000] {logging_mixin.py:190} INFO - [2024-08-27T04:49:22.286+0000] {dag.py:4138} INFO - Setting next_dagrun for example_subdag_operator.section-1 to None, run_after=None
[2024-08-27T04:49:22.289+0000] {logging_mixin.py:190} INFO - [2024-08-27T04:49:22.288+0000] {dag.py:4138} INFO - Setting next_dagrun for example_subdag_operator.section-2 to None, run_after=None
[2024-08-27T04:49:22.297+0000] {logging_mixin.py:190} INFO - [2024-08-27T04:49:22.296+0000] {dag.py:3211} INFO - Sync 2 DAGs
[2024-08-27T04:49:22.303+0000] {logging_mixin.py:190} INFO - [2024-08-27T04:49:22.303+0000] {dag.py:4138} INFO - Setting next_dagrun for example_subdag_operator.section-1 to None, run_after=None
[2024-08-27T04:49:22.304+0000] {logging_mixin.py:190} INFO - [2024-08-27T04:49:22.304+0000] {dag.py:4138} INFO - Setting next_dagrun for example_subdag_operator.section-2 to None, run_after=None
[2024-08-27T04:49:22.318+0000] {processor.py:208} INFO - Processing /home/airflow/.local/lib/python3.12/site-packages/airflow/example_dags/example_subdag_operator.py took 0.134 seconds
[2024-08-27T04:49:58.459+0000] {processor.py:186} INFO - Started process (PID=662) to work on /home/airflow/.local/lib/python3.12/site-packages/airflow/example_dags/example_subdag_operator.py
[2024-08-27T04:49:58.460+0000] {processor.py:914} INFO - Processing file /home/airflow/.local/lib/python3.12/site-packages/airflow/example_dags/example_subdag_operator.py for tasks to queue
[2024-08-27T04:49:58.464+0000] {logging_mixin.py:190} INFO - [2024-08-27T04:49:58.464+0000] {dagbag.py:587} INFO - Filling up the DagBag from /home/airflow/.local/lib/python3.12/site-packages/airflow/example_dags/example_subdag_operator.py
[2024-08-27T04:49:58.502+0000] {processor.py:925} INFO - DAG(s) 'example_subdag_operator.section-1', 'example_subdag_operator.section-2', 'example_subdag_operator' retrieved from /home/airflow/.local/lib/python3.12/site-packages/airflow/example_dags/example_subdag_operator.py
[2024-08-27T04:49:58.526+0000] {logging_mixin.py:190} INFO - [2024-08-27T04:49:58.526+0000] {dag.py:3211} INFO - Sync 3 DAGs
[2024-08-27T04:49:58.563+0000] {logging_mixin.py:190} INFO - [2024-08-27T04:49:58.563+0000] {dag.py:4138} INFO - Setting next_dagrun for example_subdag_operator to 2022-01-01 00:00:00+00:00, run_after=2022-01-01 00:00:00+00:00
[2024-08-27T04:49:58.570+0000] {logging_mixin.py:190} INFO - [2024-08-27T04:49:58.570+0000] {dag.py:4138} INFO - Setting next_dagrun for example_subdag_operator.section-1 to None, run_after=None
[2024-08-27T04:49:58.573+0000] {logging_mixin.py:190} INFO - [2024-08-27T04:49:58.573+0000] {dag.py:4138} INFO - Setting next_dagrun for example_subdag_operator.section-2 to None, run_after=None
[2024-08-27T04:49:58.583+0000] {logging_mixin.py:190} INFO - [2024-08-27T04:49:58.583+0000] {dag.py:3211} INFO - Sync 2 DAGs
[2024-08-27T04:49:58.592+0000] {logging_mixin.py:190} INFO - [2024-08-27T04:49:58.592+0000] {dag.py:4138} INFO - Setting next_dagrun for example_subdag_operator.section-1 to None, run_after=None
[2024-08-27T04:49:58.593+0000] {logging_mixin.py:190} INFO - [2024-08-27T04:49:58.593+0000] {dag.py:4138} INFO - Setting next_dagrun for example_subdag_operator.section-2 to None, run_after=None
[2024-08-27T04:49:58.610+0000] {processor.py:208} INFO - Processing /home/airflow/.local/lib/python3.12/site-packages/airflow/example_dags/example_subdag_operator.py took 0.159 seconds
[2024-08-27T04:50:36.966+0000] {processor.py:186} INFO - Started process (PID=729) to work on /home/airflow/.local/lib/python3.12/site-packages/airflow/example_dags/example_subdag_operator.py
[2024-08-27T04:50:36.967+0000] {processor.py:914} INFO - Processing file /home/airflow/.local/lib/python3.12/site-packages/airflow/example_dags/example_subdag_operator.py for tasks to queue
[2024-08-27T04:50:36.971+0000] {logging_mixin.py:190} INFO - [2024-08-27T04:50:36.970+0000] {dagbag.py:587} INFO - Filling up the DagBag from /home/airflow/.local/lib/python3.12/site-packages/airflow/example_dags/example_subdag_operator.py
[2024-08-27T04:50:37.009+0000] {processor.py:925} INFO - DAG(s) 'example_subdag_operator.section-1', 'example_subdag_operator.section-2', 'example_subdag_operator' retrieved from /home/airflow/.local/lib/python3.12/site-packages/airflow/example_dags/example_subdag_operator.py
[2024-08-27T04:50:37.032+0000] {logging_mixin.py:190} INFO - [2024-08-27T04:50:37.032+0000] {dag.py:3211} INFO - Sync 3 DAGs
[2024-08-27T04:50:37.060+0000] {logging_mixin.py:190} INFO - [2024-08-27T04:50:37.059+0000] {dag.py:4138} INFO - Setting next_dagrun for example_subdag_operator to 2022-01-01 00:00:00+00:00, run_after=2022-01-01 00:00:00+00:00
[2024-08-27T04:50:37.065+0000] {logging_mixin.py:190} INFO - [2024-08-27T04:50:37.065+0000] {dag.py:4138} INFO - Setting next_dagrun for example_subdag_operator.section-1 to None, run_after=None
[2024-08-27T04:50:37.067+0000] {logging_mixin.py:190} INFO - [2024-08-27T04:50:37.067+0000] {dag.py:4138} INFO - Setting next_dagrun for example_subdag_operator.section-2 to None, run_after=None
[2024-08-27T04:50:37.076+0000] {logging_mixin.py:190} INFO - [2024-08-27T04:50:37.075+0000] {dag.py:3211} INFO - Sync 2 DAGs
[2024-08-27T04:50:37.083+0000] {logging_mixin.py:190} INFO - [2024-08-27T04:50:37.083+0000] {dag.py:4138} INFO - Setting next_dagrun for example_subdag_operator.section-1 to None, run_after=None
[2024-08-27T04:50:37.084+0000] {logging_mixin.py:190} INFO - [2024-08-27T04:50:37.084+0000] {dag.py:4138} INFO - Setting next_dagrun for example_subdag_operator.section-2 to None, run_after=None
[2024-08-27T04:50:37.099+0000] {processor.py:208} INFO - Processing /home/airflow/.local/lib/python3.12/site-packages/airflow/example_dags/example_subdag_operator.py took 0.141 seconds
[2024-08-27T04:51:20.073+0000] {processor.py:186} INFO - Started process (PID=801) to work on /home/airflow/.local/lib/python3.12/site-packages/airflow/example_dags/example_subdag_operator.py
[2024-08-27T04:51:20.074+0000] {processor.py:914} INFO - Processing file /home/airflow/.local/lib/python3.12/site-packages/airflow/example_dags/example_subdag_operator.py for tasks to queue
[2024-08-27T04:51:20.078+0000] {logging_mixin.py:190} INFO - [2024-08-27T04:51:20.077+0000] {dagbag.py:587} INFO - Filling up the DagBag from /home/airflow/.local/lib/python3.12/site-packages/airflow/example_dags/example_subdag_operator.py
[2024-08-27T04:51:20.115+0000] {processor.py:925} INFO - DAG(s) 'example_subdag_operator.section-1', 'example_subdag_operator.section-2', 'example_subdag_operator' retrieved from /home/airflow/.local/lib/python3.12/site-packages/airflow/example_dags/example_subdag_operator.py
[2024-08-27T04:51:20.137+0000] {logging_mixin.py:190} INFO - [2024-08-27T04:51:20.136+0000] {dag.py:3211} INFO - Sync 3 DAGs
[2024-08-27T04:51:20.169+0000] {logging_mixin.py:190} INFO - [2024-08-27T04:51:20.168+0000] {dag.py:4138} INFO - Setting next_dagrun for example_subdag_operator to 2022-01-01 00:00:00+00:00, run_after=2022-01-01 00:00:00+00:00
[2024-08-27T04:51:20.175+0000] {logging_mixin.py:190} INFO - [2024-08-27T04:51:20.174+0000] {dag.py:4138} INFO - Setting next_dagrun for example_subdag_operator.section-1 to None, run_after=None
[2024-08-27T04:51:20.177+0000] {logging_mixin.py:190} INFO - [2024-08-27T04:51:20.177+0000] {dag.py:4138} INFO - Setting next_dagrun for example_subdag_operator.section-2 to None, run_after=None
[2024-08-27T04:51:20.188+0000] {logging_mixin.py:190} INFO - [2024-08-27T04:51:20.188+0000] {dag.py:3211} INFO - Sync 2 DAGs
[2024-08-27T04:51:20.199+0000] {logging_mixin.py:190} INFO - [2024-08-27T04:51:20.199+0000] {dag.py:4138} INFO - Setting next_dagrun for example_subdag_operator.section-1 to None, run_after=None
[2024-08-27T04:51:20.201+0000] {logging_mixin.py:190} INFO - [2024-08-27T04:51:20.200+0000] {dag.py:4138} INFO - Setting next_dagrun for example_subdag_operator.section-2 to None, run_after=None
[2024-08-27T04:51:20.217+0000] {processor.py:208} INFO - Processing /home/airflow/.local/lib/python3.12/site-packages/airflow/example_dags/example_subdag_operator.py took 0.152 seconds
[2024-08-27T04:51:59.941+0000] {processor.py:186} INFO - Started process (PID=868) to work on /home/airflow/.local/lib/python3.12/site-packages/airflow/example_dags/example_subdag_operator.py
[2024-08-27T04:51:59.943+0000] {processor.py:914} INFO - Processing file /home/airflow/.local/lib/python3.12/site-packages/airflow/example_dags/example_subdag_operator.py for tasks to queue
[2024-08-27T04:51:59.946+0000] {logging_mixin.py:190} INFO - [2024-08-27T04:51:59.946+0000] {dagbag.py:587} INFO - Filling up the DagBag from /home/airflow/.local/lib/python3.12/site-packages/airflow/example_dags/example_subdag_operator.py
[2024-08-27T04:51:59.984+0000] {processor.py:925} INFO - DAG(s) 'example_subdag_operator.section-1', 'example_subdag_operator.section-2', 'example_subdag_operator' retrieved from /home/airflow/.local/lib/python3.12/site-packages/airflow/example_dags/example_subdag_operator.py
[2024-08-27T04:52:00.012+0000] {logging_mixin.py:190} INFO - [2024-08-27T04:52:00.012+0000] {dag.py:3211} INFO - Sync 3 DAGs
[2024-08-27T04:52:00.042+0000] {logging_mixin.py:190} INFO - [2024-08-27T04:52:00.042+0000] {dag.py:4138} INFO - Setting next_dagrun for example_subdag_operator to 2022-01-01 00:00:00+00:00, run_after=2022-01-01 00:00:00+00:00
[2024-08-27T04:52:00.048+0000] {logging_mixin.py:190} INFO - [2024-08-27T04:52:00.047+0000] {dag.py:4138} INFO - Setting next_dagrun for example_subdag_operator.section-1 to None, run_after=None
[2024-08-27T04:52:00.050+0000] {logging_mixin.py:190} INFO - [2024-08-27T04:52:00.050+0000] {dag.py:4138} INFO - Setting next_dagrun for example_subdag_operator.section-2 to None, run_after=None
[2024-08-27T04:52:00.060+0000] {logging_mixin.py:190} INFO - [2024-08-27T04:52:00.059+0000] {dag.py:3211} INFO - Sync 2 DAGs
[2024-08-27T04:52:00.067+0000] {logging_mixin.py:190} INFO - [2024-08-27T04:52:00.067+0000] {dag.py:4138} INFO - Setting next_dagrun for example_subdag_operator.section-1 to None, run_after=None
[2024-08-27T04:52:00.068+0000] {logging_mixin.py:190} INFO - [2024-08-27T04:52:00.068+0000] {dag.py:4138} INFO - Setting next_dagrun for example_subdag_operator.section-2 to None, run_after=None
[2024-08-27T04:52:00.082+0000] {processor.py:208} INFO - Processing /home/airflow/.local/lib/python3.12/site-packages/airflow/example_dags/example_subdag_operator.py took 0.149 seconds
