[2024-08-27T04:44:30.266+0000] {processor.py:186} INFO - Started process (PID=111) to work on /home/airflow/.local/lib/python3.12/site-packages/airflow/example_dags/example_short_circuit_decorator.py
[2024-08-27T04:44:30.269+0000] {processor.py:914} INFO - Processing file /home/airflow/.local/lib/python3.12/site-packages/airflow/example_dags/example_short_circuit_decorator.py for tasks to queue
[2024-08-27T04:44:30.276+0000] {logging_mixin.py:190} INFO - [2024-08-27T04:44:30.275+0000] {dagbag.py:587} INFO - Filling up the DagBag from /home/airflow/.local/lib/python3.12/site-packages/airflow/example_dags/example_short_circuit_decorator.py
[2024-08-27T04:44:30.309+0000] {processor.py:925} INFO - DAG(s) 'example_short_circuit_decorator' retrieved from /home/airflow/.local/lib/python3.12/site-packages/airflow/example_dags/example_short_circuit_decorator.py
[2024-08-27T04:44:30.440+0000] {logging_mixin.py:190} INFO - [2024-08-27T04:44:30.439+0000] {dag.py:3211} INFO - Sync 1 DAGs
[2024-08-27T04:44:30.500+0000] {logging_mixin.py:190} INFO - [2024-08-27T04:44:30.500+0000] {dag.py:4138} INFO - Setting next_dagrun for example_short_circuit_decorator to 2024-08-26 00:00:00+00:00, run_after=2024-08-27 00:00:00+00:00
[2024-08-27T04:44:30.556+0000] {processor.py:208} INFO - Processing /home/airflow/.local/lib/python3.12/site-packages/airflow/example_dags/example_short_circuit_decorator.py took 0.418 seconds
[2024-08-27T04:45:06.151+0000] {processor.py:186} INFO - Started process (PID=177) to work on /home/airflow/.local/lib/python3.12/site-packages/airflow/example_dags/example_short_circuit_decorator.py
[2024-08-27T04:45:06.153+0000] {processor.py:914} INFO - Processing file /home/airflow/.local/lib/python3.12/site-packages/airflow/example_dags/example_short_circuit_decorator.py for tasks to queue
[2024-08-27T04:45:06.156+0000] {logging_mixin.py:190} INFO - [2024-08-27T04:45:06.156+0000] {dagbag.py:587} INFO - Filling up the DagBag from /home/airflow/.local/lib/python3.12/site-packages/airflow/example_dags/example_short_circuit_decorator.py
[2024-08-27T04:45:06.172+0000] {processor.py:925} INFO - DAG(s) 'example_short_circuit_decorator' retrieved from /home/airflow/.local/lib/python3.12/site-packages/airflow/example_dags/example_short_circuit_decorator.py
[2024-08-27T04:45:06.205+0000] {logging_mixin.py:190} INFO - [2024-08-27T04:45:06.205+0000] {dag.py:3211} INFO - Sync 1 DAGs
[2024-08-27T04:45:06.232+0000] {logging_mixin.py:190} INFO - [2024-08-27T04:45:06.232+0000] {dag.py:4138} INFO - Setting next_dagrun for example_short_circuit_decorator to 2024-08-26 00:00:00+00:00, run_after=2024-08-27 00:00:00+00:00
[2024-08-27T04:45:06.256+0000] {processor.py:208} INFO - Processing /home/airflow/.local/lib/python3.12/site-packages/airflow/example_dags/example_short_circuit_decorator.py took 0.114 seconds
[2024-08-27T04:45:50.531+0000] {processor.py:186} INFO - Started process (PID=251) to work on /home/airflow/.local/lib/python3.12/site-packages/airflow/example_dags/example_short_circuit_decorator.py
[2024-08-27T04:45:50.533+0000] {processor.py:914} INFO - Processing file /home/airflow/.local/lib/python3.12/site-packages/airflow/example_dags/example_short_circuit_decorator.py for tasks to queue
[2024-08-27T04:45:50.538+0000] {logging_mixin.py:190} INFO - [2024-08-27T04:45:50.538+0000] {dagbag.py:587} INFO - Filling up the DagBag from /home/airflow/.local/lib/python3.12/site-packages/airflow/example_dags/example_short_circuit_decorator.py
[2024-08-27T04:45:50.561+0000] {processor.py:925} INFO - DAG(s) 'example_short_circuit_decorator' retrieved from /home/airflow/.local/lib/python3.12/site-packages/airflow/example_dags/example_short_circuit_decorator.py
[2024-08-27T04:45:50.604+0000] {logging_mixin.py:190} INFO - [2024-08-27T04:45:50.604+0000] {dag.py:3211} INFO - Sync 1 DAGs
[2024-08-27T04:45:50.643+0000] {logging_mixin.py:190} INFO - [2024-08-27T04:45:50.643+0000] {dag.py:4138} INFO - Setting next_dagrun for example_short_circuit_decorator to 2024-08-26 00:00:00+00:00, run_after=2024-08-27 00:00:00+00:00
[2024-08-27T04:45:50.670+0000] {processor.py:208} INFO - Processing /home/airflow/.local/lib/python3.12/site-packages/airflow/example_dags/example_short_circuit_decorator.py took 0.149 seconds
[2024-08-27T04:46:32.974+0000] {processor.py:186} INFO - Started process (PID=317) to work on /home/airflow/.local/lib/python3.12/site-packages/airflow/example_dags/example_short_circuit_decorator.py
[2024-08-27T04:46:32.976+0000] {processor.py:914} INFO - Processing file /home/airflow/.local/lib/python3.12/site-packages/airflow/example_dags/example_short_circuit_decorator.py for tasks to queue
[2024-08-27T04:46:32.984+0000] {logging_mixin.py:190} INFO - [2024-08-27T04:46:32.983+0000] {dagbag.py:587} INFO - Filling up the DagBag from /home/airflow/.local/lib/python3.12/site-packages/airflow/example_dags/example_short_circuit_decorator.py
[2024-08-27T04:46:33.005+0000] {processor.py:925} INFO - DAG(s) 'example_short_circuit_decorator' retrieved from /home/airflow/.local/lib/python3.12/site-packages/airflow/example_dags/example_short_circuit_decorator.py
[2024-08-27T04:46:33.059+0000] {logging_mixin.py:190} INFO - [2024-08-27T04:46:33.059+0000] {dag.py:3211} INFO - Sync 1 DAGs
[2024-08-27T04:46:33.095+0000] {logging_mixin.py:190} INFO - [2024-08-27T04:46:33.094+0000] {dag.py:4138} INFO - Setting next_dagrun for example_short_circuit_decorator to 2024-08-26 00:00:00+00:00, run_after=2024-08-27 00:00:00+00:00
[2024-08-27T04:46:33.122+0000] {processor.py:208} INFO - Processing /home/airflow/.local/lib/python3.12/site-packages/airflow/example_dags/example_short_circuit_decorator.py took 0.159 seconds
[2024-08-27T04:47:14.788+0000] {processor.py:186} INFO - Started process (PID=383) to work on /home/airflow/.local/lib/python3.12/site-packages/airflow/example_dags/example_short_circuit_decorator.py
[2024-08-27T04:47:14.791+0000] {processor.py:914} INFO - Processing file /home/airflow/.local/lib/python3.12/site-packages/airflow/example_dags/example_short_circuit_decorator.py for tasks to queue
[2024-08-27T04:47:14.795+0000] {logging_mixin.py:190} INFO - [2024-08-27T04:47:14.795+0000] {dagbag.py:587} INFO - Filling up the DagBag from /home/airflow/.local/lib/python3.12/site-packages/airflow/example_dags/example_short_circuit_decorator.py
[2024-08-27T04:47:14.822+0000] {processor.py:925} INFO - DAG(s) 'example_short_circuit_decorator' retrieved from /home/airflow/.local/lib/python3.12/site-packages/airflow/example_dags/example_short_circuit_decorator.py
[2024-08-27T04:47:14.867+0000] {logging_mixin.py:190} INFO - [2024-08-27T04:47:14.866+0000] {dag.py:3211} INFO - Sync 1 DAGs
[2024-08-27T04:47:14.908+0000] {logging_mixin.py:190} INFO - [2024-08-27T04:47:14.907+0000] {dag.py:4138} INFO - Setting next_dagrun for example_short_circuit_decorator to 2024-08-26 00:00:00+00:00, run_after=2024-08-27 00:00:00+00:00
[2024-08-27T04:47:14.934+0000] {processor.py:208} INFO - Processing /home/airflow/.local/lib/python3.12/site-packages/airflow/example_dags/example_short_circuit_decorator.py took 0.156 seconds
[2024-08-27T04:47:57.020+0000] {processor.py:186} INFO - Started process (PID=456) to work on /home/airflow/.local/lib/python3.12/site-packages/airflow/example_dags/example_short_circuit_decorator.py
[2024-08-27T04:47:57.022+0000] {processor.py:914} INFO - Processing file /home/airflow/.local/lib/python3.12/site-packages/airflow/example_dags/example_short_circuit_decorator.py for tasks to queue
[2024-08-27T04:47:57.029+0000] {logging_mixin.py:190} INFO - [2024-08-27T04:47:57.029+0000] {dagbag.py:587} INFO - Filling up the DagBag from /home/airflow/.local/lib/python3.12/site-packages/airflow/example_dags/example_short_circuit_decorator.py
[2024-08-27T04:47:57.046+0000] {processor.py:925} INFO - DAG(s) 'example_short_circuit_decorator' retrieved from /home/airflow/.local/lib/python3.12/site-packages/airflow/example_dags/example_short_circuit_decorator.py
[2024-08-27T04:47:57.089+0000] {logging_mixin.py:190} INFO - [2024-08-27T04:47:57.089+0000] {dag.py:3211} INFO - Sync 1 DAGs
[2024-08-27T04:47:57.127+0000] {logging_mixin.py:190} INFO - [2024-08-27T04:47:57.126+0000] {dag.py:4138} INFO - Setting next_dagrun for example_short_circuit_decorator to 2024-08-26 00:00:00+00:00, run_after=2024-08-27 00:00:00+00:00
[2024-08-27T04:47:57.160+0000] {processor.py:208} INFO - Processing /home/airflow/.local/lib/python3.12/site-packages/airflow/example_dags/example_short_circuit_decorator.py took 0.150 seconds
[2024-08-27T04:48:51.775+0000] {processor.py:186} INFO - Started process (PID=529) to work on /home/airflow/.local/lib/python3.12/site-packages/airflow/example_dags/example_short_circuit_decorator.py
[2024-08-27T04:48:51.779+0000] {processor.py:914} INFO - Processing file /home/airflow/.local/lib/python3.12/site-packages/airflow/example_dags/example_short_circuit_decorator.py for tasks to queue
[2024-08-27T04:48:51.786+0000] {logging_mixin.py:190} INFO - [2024-08-27T04:48:51.785+0000] {dagbag.py:587} INFO - Filling up the DagBag from /home/airflow/.local/lib/python3.12/site-packages/airflow/example_dags/example_short_circuit_decorator.py
[2024-08-27T04:48:51.813+0000] {processor.py:925} INFO - DAG(s) 'example_short_circuit_decorator' retrieved from /home/airflow/.local/lib/python3.12/site-packages/airflow/example_dags/example_short_circuit_decorator.py
[2024-08-27T04:48:51.873+0000] {logging_mixin.py:190} INFO - [2024-08-27T04:48:51.873+0000] {dag.py:3211} INFO - Sync 1 DAGs
[2024-08-27T04:48:51.917+0000] {logging_mixin.py:190} INFO - [2024-08-27T04:48:51.917+0000] {dag.py:4138} INFO - Setting next_dagrun for example_short_circuit_decorator to 2024-08-26 00:00:00+00:00, run_after=2024-08-27 00:00:00+00:00
[2024-08-27T04:48:51.959+0000] {processor.py:208} INFO - Processing /home/airflow/.local/lib/python3.12/site-packages/airflow/example_dags/example_short_circuit_decorator.py took 0.196 seconds
[2024-08-27T04:49:22.095+0000] {processor.py:186} INFO - Started process (PID=595) to work on /home/airflow/.local/lib/python3.12/site-packages/airflow/example_dags/example_short_circuit_decorator.py
[2024-08-27T04:49:22.096+0000] {processor.py:914} INFO - Processing file /home/airflow/.local/lib/python3.12/site-packages/airflow/example_dags/example_short_circuit_decorator.py for tasks to queue
[2024-08-27T04:49:22.099+0000] {logging_mixin.py:190} INFO - [2024-08-27T04:49:22.099+0000] {dagbag.py:587} INFO - Filling up the DagBag from /home/airflow/.local/lib/python3.12/site-packages/airflow/example_dags/example_short_circuit_decorator.py
[2024-08-27T04:49:22.113+0000] {processor.py:925} INFO - DAG(s) 'example_short_circuit_decorator' retrieved from /home/airflow/.local/lib/python3.12/site-packages/airflow/example_dags/example_short_circuit_decorator.py
[2024-08-27T04:49:22.143+0000] {logging_mixin.py:190} INFO - [2024-08-27T04:49:22.143+0000] {dag.py:3211} INFO - Sync 1 DAGs
[2024-08-27T04:49:22.170+0000] {logging_mixin.py:190} INFO - [2024-08-27T04:49:22.170+0000] {dag.py:4138} INFO - Setting next_dagrun for example_short_circuit_decorator to 2024-08-26 00:00:00+00:00, run_after=2024-08-27 00:00:00+00:00
[2024-08-27T04:49:22.193+0000] {processor.py:208} INFO - Processing /home/airflow/.local/lib/python3.12/site-packages/airflow/example_dags/example_short_circuit_decorator.py took 0.106 seconds
[2024-08-27T04:49:58.394+0000] {processor.py:186} INFO - Started process (PID=661) to work on /home/airflow/.local/lib/python3.12/site-packages/airflow/example_dags/example_short_circuit_decorator.py
[2024-08-27T04:49:58.395+0000] {processor.py:914} INFO - Processing file /home/airflow/.local/lib/python3.12/site-packages/airflow/example_dags/example_short_circuit_decorator.py for tasks to queue
[2024-08-27T04:49:58.399+0000] {logging_mixin.py:190} INFO - [2024-08-27T04:49:58.399+0000] {dagbag.py:587} INFO - Filling up the DagBag from /home/airflow/.local/lib/python3.12/site-packages/airflow/example_dags/example_short_circuit_decorator.py
[2024-08-27T04:49:58.415+0000] {processor.py:925} INFO - DAG(s) 'example_short_circuit_decorator' retrieved from /home/airflow/.local/lib/python3.12/site-packages/airflow/example_dags/example_short_circuit_decorator.py
[2024-08-27T04:49:58.448+0000] {logging_mixin.py:190} INFO - [2024-08-27T04:49:58.448+0000] {dag.py:3211} INFO - Sync 1 DAGs
[2024-08-27T04:49:58.479+0000] {logging_mixin.py:190} INFO - [2024-08-27T04:49:58.479+0000] {dag.py:4138} INFO - Setting next_dagrun for example_short_circuit_decorator to 2024-08-26 00:00:00+00:00, run_after=2024-08-27 00:00:00+00:00
[2024-08-27T04:49:58.503+0000] {processor.py:208} INFO - Processing /home/airflow/.local/lib/python3.12/site-packages/airflow/example_dags/example_short_circuit_decorator.py took 0.118 seconds
[2024-08-27T04:50:36.872+0000] {processor.py:186} INFO - Started process (PID=728) to work on /home/airflow/.local/lib/python3.12/site-packages/airflow/example_dags/example_short_circuit_decorator.py
[2024-08-27T04:50:36.873+0000] {processor.py:914} INFO - Processing file /home/airflow/.local/lib/python3.12/site-packages/airflow/example_dags/example_short_circuit_decorator.py for tasks to queue
[2024-08-27T04:50:36.876+0000] {logging_mixin.py:190} INFO - [2024-08-27T04:50:36.876+0000] {dagbag.py:587} INFO - Filling up the DagBag from /home/airflow/.local/lib/python3.12/site-packages/airflow/example_dags/example_short_circuit_decorator.py
[2024-08-27T04:50:36.890+0000] {processor.py:925} INFO - DAG(s) 'example_short_circuit_decorator' retrieved from /home/airflow/.local/lib/python3.12/site-packages/airflow/example_dags/example_short_circuit_decorator.py
[2024-08-27T04:50:36.923+0000] {logging_mixin.py:190} INFO - [2024-08-27T04:50:36.923+0000] {dag.py:3211} INFO - Sync 1 DAGs
[2024-08-27T04:50:36.954+0000] {logging_mixin.py:190} INFO - [2024-08-27T04:50:36.953+0000] {dag.py:4138} INFO - Setting next_dagrun for example_short_circuit_decorator to 2024-08-26 00:00:00+00:00, run_after=2024-08-27 00:00:00+00:00
[2024-08-27T04:50:36.978+0000] {processor.py:208} INFO - Processing /home/airflow/.local/lib/python3.12/site-packages/airflow/example_dags/example_short_circuit_decorator.py took 0.114 seconds
[2024-08-27T04:51:20.067+0000] {processor.py:186} INFO - Started process (PID=800) to work on /home/airflow/.local/lib/python3.12/site-packages/airflow/example_dags/example_short_circuit_decorator.py
[2024-08-27T04:51:20.068+0000] {processor.py:914} INFO - Processing file /home/airflow/.local/lib/python3.12/site-packages/airflow/example_dags/example_short_circuit_decorator.py for tasks to queue
[2024-08-27T04:51:20.071+0000] {logging_mixin.py:190} INFO - [2024-08-27T04:51:20.071+0000] {dagbag.py:587} INFO - Filling up the DagBag from /home/airflow/.local/lib/python3.12/site-packages/airflow/example_dags/example_short_circuit_decorator.py
[2024-08-27T04:51:20.086+0000] {processor.py:925} INFO - DAG(s) 'example_short_circuit_decorator' retrieved from /home/airflow/.local/lib/python3.12/site-packages/airflow/example_dags/example_short_circuit_decorator.py
[2024-08-27T04:51:20.120+0000] {logging_mixin.py:190} INFO - [2024-08-27T04:51:20.120+0000] {dag.py:3211} INFO - Sync 1 DAGs
[2024-08-27T04:51:20.150+0000] {logging_mixin.py:190} INFO - [2024-08-27T04:51:20.149+0000] {dag.py:4138} INFO - Setting next_dagrun for example_short_circuit_decorator to 2024-08-26 00:00:00+00:00, run_after=2024-08-27 00:00:00+00:00
[2024-08-27T04:51:20.177+0000] {processor.py:208} INFO - Processing /home/airflow/.local/lib/python3.12/site-packages/airflow/example_dags/example_short_circuit_decorator.py took 0.120 seconds
[2024-08-27T04:51:59.879+0000] {processor.py:186} INFO - Started process (PID=867) to work on /home/airflow/.local/lib/python3.12/site-packages/airflow/example_dags/example_short_circuit_decorator.py
[2024-08-27T04:51:59.880+0000] {processor.py:914} INFO - Processing file /home/airflow/.local/lib/python3.12/site-packages/airflow/example_dags/example_short_circuit_decorator.py for tasks to queue
[2024-08-27T04:51:59.884+0000] {logging_mixin.py:190} INFO - [2024-08-27T04:51:59.883+0000] {dagbag.py:587} INFO - Filling up the DagBag from /home/airflow/.local/lib/python3.12/site-packages/airflow/example_dags/example_short_circuit_decorator.py
[2024-08-27T04:51:59.900+0000] {processor.py:925} INFO - DAG(s) 'example_short_circuit_decorator' retrieved from /home/airflow/.local/lib/python3.12/site-packages/airflow/example_dags/example_short_circuit_decorator.py
[2024-08-27T04:51:59.935+0000] {logging_mixin.py:190} INFO - [2024-08-27T04:51:59.934+0000] {dag.py:3211} INFO - Sync 1 DAGs
[2024-08-27T04:51:59.964+0000] {logging_mixin.py:190} INFO - [2024-08-27T04:51:59.964+0000] {dag.py:4138} INFO - Setting next_dagrun for example_short_circuit_decorator to 2024-08-26 00:00:00+00:00, run_after=2024-08-27 00:00:00+00:00
[2024-08-27T04:51:59.988+0000] {processor.py:208} INFO - Processing /home/airflow/.local/lib/python3.12/site-packages/airflow/example_dags/example_short_circuit_decorator.py took 0.118 seconds
