[2024-08-27T04:44:27.969+0000] {processor.py:186} INFO - Started process (PID=101) to work on /home/airflow/.local/lib/python3.12/site-packages/airflow/example_dags/tutorial_dag.py
[2024-08-27T04:44:27.971+0000] {processor.py:914} INFO - Processing file /home/airflow/.local/lib/python3.12/site-packages/airflow/example_dags/tutorial_dag.py for tasks to queue
[2024-08-27T04:44:27.980+0000] {logging_mixin.py:190} INFO - [2024-08-27T04:44:27.979+0000] {dagbag.py:587} INFO - Filling up the DagBag from /home/airflow/.local/lib/python3.12/site-packages/airflow/example_dags/tutorial_dag.py
[2024-08-27T04:44:27.997+0000] {processor.py:925} INFO - DAG(s) 'tutorial_dag' retrieved from /home/airflow/.local/lib/python3.12/site-packages/airflow/example_dags/tutorial_dag.py
[2024-08-27T04:44:28.065+0000] {logging_mixin.py:190} INFO - [2024-08-27T04:44:28.064+0000] {dag.py:3211} INFO - Sync 1 DAGs
[2024-08-27T04:44:28.113+0000] {logging_mixin.py:190} INFO - [2024-08-27T04:44:28.112+0000] {dag.py:4138} INFO - Setting next_dagrun for tutorial_dag to None, run_after=None
[2024-08-27T04:44:28.158+0000] {processor.py:208} INFO - Processing /home/airflow/.local/lib/python3.12/site-packages/airflow/example_dags/tutorial_dag.py took 0.199 seconds
[2024-08-27T04:45:05.143+0000] {processor.py:186} INFO - Started process (PID=167) to work on /home/airflow/.local/lib/python3.12/site-packages/airflow/example_dags/tutorial_dag.py
[2024-08-27T04:45:05.145+0000] {processor.py:914} INFO - Processing file /home/airflow/.local/lib/python3.12/site-packages/airflow/example_dags/tutorial_dag.py for tasks to queue
[2024-08-27T04:45:05.148+0000] {logging_mixin.py:190} INFO - [2024-08-27T04:45:05.148+0000] {dagbag.py:587} INFO - Filling up the DagBag from /home/airflow/.local/lib/python3.12/site-packages/airflow/example_dags/tutorial_dag.py
[2024-08-27T04:45:05.158+0000] {processor.py:925} INFO - DAG(s) 'tutorial_dag' retrieved from /home/airflow/.local/lib/python3.12/site-packages/airflow/example_dags/tutorial_dag.py
[2024-08-27T04:45:05.186+0000] {logging_mixin.py:190} INFO - [2024-08-27T04:45:05.185+0000] {dag.py:3211} INFO - Sync 1 DAGs
[2024-08-27T04:45:05.204+0000] {logging_mixin.py:190} INFO - [2024-08-27T04:45:05.204+0000] {dag.py:4138} INFO - Setting next_dagrun for tutorial_dag to None, run_after=None
[2024-08-27T04:45:05.227+0000] {processor.py:208} INFO - Processing /home/airflow/.local/lib/python3.12/site-packages/airflow/example_dags/tutorial_dag.py took 0.092 seconds
[2024-08-27T04:45:49.580+0000] {processor.py:186} INFO - Started process (PID=241) to work on /home/airflow/.local/lib/python3.12/site-packages/airflow/example_dags/tutorial_dag.py
[2024-08-27T04:45:49.582+0000] {processor.py:914} INFO - Processing file /home/airflow/.local/lib/python3.12/site-packages/airflow/example_dags/tutorial_dag.py for tasks to queue
[2024-08-27T04:45:49.586+0000] {logging_mixin.py:190} INFO - [2024-08-27T04:45:49.585+0000] {dagbag.py:587} INFO - Filling up the DagBag from /home/airflow/.local/lib/python3.12/site-packages/airflow/example_dags/tutorial_dag.py
[2024-08-27T04:45:49.597+0000] {processor.py:925} INFO - DAG(s) 'tutorial_dag' retrieved from /home/airflow/.local/lib/python3.12/site-packages/airflow/example_dags/tutorial_dag.py
[2024-08-27T04:45:49.629+0000] {logging_mixin.py:190} INFO - [2024-08-27T04:45:49.629+0000] {dag.py:3211} INFO - Sync 1 DAGs
[2024-08-27T04:45:49.649+0000] {logging_mixin.py:190} INFO - [2024-08-27T04:45:49.648+0000] {dag.py:4138} INFO - Setting next_dagrun for tutorial_dag to None, run_after=None
[2024-08-27T04:45:49.676+0000] {processor.py:208} INFO - Processing /home/airflow/.local/lib/python3.12/site-packages/airflow/example_dags/tutorial_dag.py took 0.104 seconds
[2024-08-27T04:46:31.210+0000] {processor.py:186} INFO - Started process (PID=307) to work on /home/airflow/.local/lib/python3.12/site-packages/airflow/example_dags/tutorial_dag.py
[2024-08-27T04:46:31.212+0000] {processor.py:914} INFO - Processing file /home/airflow/.local/lib/python3.12/site-packages/airflow/example_dags/tutorial_dag.py for tasks to queue
[2024-08-27T04:46:31.217+0000] {logging_mixin.py:190} INFO - [2024-08-27T04:46:31.217+0000] {dagbag.py:587} INFO - Filling up the DagBag from /home/airflow/.local/lib/python3.12/site-packages/airflow/example_dags/tutorial_dag.py
[2024-08-27T04:46:31.236+0000] {processor.py:925} INFO - DAG(s) 'tutorial_dag' retrieved from /home/airflow/.local/lib/python3.12/site-packages/airflow/example_dags/tutorial_dag.py
[2024-08-27T04:46:31.347+0000] {logging_mixin.py:190} INFO - [2024-08-27T04:46:31.347+0000] {dag.py:3211} INFO - Sync 1 DAGs
[2024-08-27T04:46:31.372+0000] {logging_mixin.py:190} INFO - [2024-08-27T04:46:31.372+0000] {dag.py:4138} INFO - Setting next_dagrun for tutorial_dag to None, run_after=None
[2024-08-27T04:46:31.408+0000] {processor.py:208} INFO - Processing /home/airflow/.local/lib/python3.12/site-packages/airflow/example_dags/tutorial_dag.py took 0.211 seconds
[2024-08-27T04:47:13.494+0000] {processor.py:186} INFO - Started process (PID=373) to work on /home/airflow/.local/lib/python3.12/site-packages/airflow/example_dags/tutorial_dag.py
[2024-08-27T04:47:13.497+0000] {processor.py:914} INFO - Processing file /home/airflow/.local/lib/python3.12/site-packages/airflow/example_dags/tutorial_dag.py for tasks to queue
[2024-08-27T04:47:13.503+0000] {logging_mixin.py:190} INFO - [2024-08-27T04:47:13.502+0000] {dagbag.py:587} INFO - Filling up the DagBag from /home/airflow/.local/lib/python3.12/site-packages/airflow/example_dags/tutorial_dag.py
[2024-08-27T04:47:13.516+0000] {processor.py:925} INFO - DAG(s) 'tutorial_dag' retrieved from /home/airflow/.local/lib/python3.12/site-packages/airflow/example_dags/tutorial_dag.py
[2024-08-27T04:47:13.555+0000] {logging_mixin.py:190} INFO - [2024-08-27T04:47:13.555+0000] {dag.py:3211} INFO - Sync 1 DAGs
[2024-08-27T04:47:13.593+0000] {logging_mixin.py:190} INFO - [2024-08-27T04:47:13.592+0000] {dag.py:4138} INFO - Setting next_dagrun for tutorial_dag to None, run_after=None
[2024-08-27T04:47:13.630+0000] {processor.py:208} INFO - Processing /home/airflow/.local/lib/python3.12/site-packages/airflow/example_dags/tutorial_dag.py took 0.146 seconds
[2024-08-27T04:47:55.733+0000] {processor.py:186} INFO - Started process (PID=446) to work on /home/airflow/.local/lib/python3.12/site-packages/airflow/example_dags/tutorial_dag.py
[2024-08-27T04:47:55.737+0000] {processor.py:914} INFO - Processing file /home/airflow/.local/lib/python3.12/site-packages/airflow/example_dags/tutorial_dag.py for tasks to queue
[2024-08-27T04:47:55.742+0000] {logging_mixin.py:190} INFO - [2024-08-27T04:47:55.741+0000] {dagbag.py:587} INFO - Filling up the DagBag from /home/airflow/.local/lib/python3.12/site-packages/airflow/example_dags/tutorial_dag.py
[2024-08-27T04:47:55.759+0000] {processor.py:925} INFO - DAG(s) 'tutorial_dag' retrieved from /home/airflow/.local/lib/python3.12/site-packages/airflow/example_dags/tutorial_dag.py
[2024-08-27T04:47:55.796+0000] {logging_mixin.py:190} INFO - [2024-08-27T04:47:55.795+0000] {dag.py:3211} INFO - Sync 1 DAGs
[2024-08-27T04:47:55.818+0000] {logging_mixin.py:190} INFO - [2024-08-27T04:47:55.817+0000] {dag.py:4138} INFO - Setting next_dagrun for tutorial_dag to None, run_after=None
[2024-08-27T04:47:55.853+0000] {processor.py:208} INFO - Processing /home/airflow/.local/lib/python3.12/site-packages/airflow/example_dags/tutorial_dag.py took 0.132 seconds
[2024-08-27T04:48:50.573+0000] {processor.py:186} INFO - Started process (PID=519) to work on /home/airflow/.local/lib/python3.12/site-packages/airflow/example_dags/tutorial_dag.py
[2024-08-27T04:48:50.575+0000] {processor.py:914} INFO - Processing file /home/airflow/.local/lib/python3.12/site-packages/airflow/example_dags/tutorial_dag.py for tasks to queue
[2024-08-27T04:48:50.578+0000] {logging_mixin.py:190} INFO - [2024-08-27T04:48:50.578+0000] {dagbag.py:587} INFO - Filling up the DagBag from /home/airflow/.local/lib/python3.12/site-packages/airflow/example_dags/tutorial_dag.py
[2024-08-27T04:48:50.588+0000] {processor.py:925} INFO - DAG(s) 'tutorial_dag' retrieved from /home/airflow/.local/lib/python3.12/site-packages/airflow/example_dags/tutorial_dag.py
[2024-08-27T04:48:50.616+0000] {logging_mixin.py:190} INFO - [2024-08-27T04:48:50.616+0000] {dag.py:3211} INFO - Sync 1 DAGs
[2024-08-27T04:48:50.635+0000] {logging_mixin.py:190} INFO - [2024-08-27T04:48:50.634+0000] {dag.py:4138} INFO - Setting next_dagrun for tutorial_dag to None, run_after=None
[2024-08-27T04:48:50.660+0000] {processor.py:208} INFO - Processing /home/airflow/.local/lib/python3.12/site-packages/airflow/example_dags/tutorial_dag.py took 0.095 seconds
[2024-08-27T04:49:21.058+0000] {processor.py:186} INFO - Started process (PID=585) to work on /home/airflow/.local/lib/python3.12/site-packages/airflow/example_dags/tutorial_dag.py
[2024-08-27T04:49:21.060+0000] {processor.py:914} INFO - Processing file /home/airflow/.local/lib/python3.12/site-packages/airflow/example_dags/tutorial_dag.py for tasks to queue
[2024-08-27T04:49:21.063+0000] {logging_mixin.py:190} INFO - [2024-08-27T04:49:21.063+0000] {dagbag.py:587} INFO - Filling up the DagBag from /home/airflow/.local/lib/python3.12/site-packages/airflow/example_dags/tutorial_dag.py
[2024-08-27T04:49:21.071+0000] {processor.py:925} INFO - DAG(s) 'tutorial_dag' retrieved from /home/airflow/.local/lib/python3.12/site-packages/airflow/example_dags/tutorial_dag.py
[2024-08-27T04:49:21.094+0000] {logging_mixin.py:190} INFO - [2024-08-27T04:49:21.094+0000] {dag.py:3211} INFO - Sync 1 DAGs
[2024-08-27T04:49:21.112+0000] {logging_mixin.py:190} INFO - [2024-08-27T04:49:21.112+0000] {dag.py:4138} INFO - Setting next_dagrun for tutorial_dag to None, run_after=None
[2024-08-27T04:49:21.134+0000] {processor.py:208} INFO - Processing /home/airflow/.local/lib/python3.12/site-packages/airflow/example_dags/tutorial_dag.py took 0.083 seconds
[2024-08-27T04:49:57.149+0000] {processor.py:186} INFO - Started process (PID=651) to work on /home/airflow/.local/lib/python3.12/site-packages/airflow/example_dags/tutorial_dag.py
[2024-08-27T04:49:57.150+0000] {processor.py:914} INFO - Processing file /home/airflow/.local/lib/python3.12/site-packages/airflow/example_dags/tutorial_dag.py for tasks to queue
[2024-08-27T04:49:57.154+0000] {logging_mixin.py:190} INFO - [2024-08-27T04:49:57.153+0000] {dagbag.py:587} INFO - Filling up the DagBag from /home/airflow/.local/lib/python3.12/site-packages/airflow/example_dags/tutorial_dag.py
[2024-08-27T04:49:57.164+0000] {processor.py:925} INFO - DAG(s) 'tutorial_dag' retrieved from /home/airflow/.local/lib/python3.12/site-packages/airflow/example_dags/tutorial_dag.py
[2024-08-27T04:49:57.197+0000] {logging_mixin.py:190} INFO - [2024-08-27T04:49:57.196+0000] {dag.py:3211} INFO - Sync 1 DAGs
[2024-08-27T04:49:57.215+0000] {logging_mixin.py:190} INFO - [2024-08-27T04:49:57.215+0000] {dag.py:4138} INFO - Setting next_dagrun for tutorial_dag to None, run_after=None
[2024-08-27T04:49:57.241+0000] {processor.py:208} INFO - Processing /home/airflow/.local/lib/python3.12/site-packages/airflow/example_dags/tutorial_dag.py took 0.103 seconds
[2024-08-27T04:50:35.443+0000] {processor.py:186} INFO - Started process (PID=718) to work on /home/airflow/.local/lib/python3.12/site-packages/airflow/example_dags/tutorial_dag.py
[2024-08-27T04:50:35.446+0000] {processor.py:914} INFO - Processing file /home/airflow/.local/lib/python3.12/site-packages/airflow/example_dags/tutorial_dag.py for tasks to queue
[2024-08-27T04:50:35.453+0000] {logging_mixin.py:190} INFO - [2024-08-27T04:50:35.452+0000] {dagbag.py:587} INFO - Filling up the DagBag from /home/airflow/.local/lib/python3.12/site-packages/airflow/example_dags/tutorial_dag.py
[2024-08-27T04:50:35.475+0000] {processor.py:925} INFO - DAG(s) 'tutorial_dag' retrieved from /home/airflow/.local/lib/python3.12/site-packages/airflow/example_dags/tutorial_dag.py
[2024-08-27T04:50:35.519+0000] {logging_mixin.py:190} INFO - [2024-08-27T04:50:35.518+0000] {dag.py:3211} INFO - Sync 1 DAGs
[2024-08-27T04:50:35.539+0000] {logging_mixin.py:190} INFO - [2024-08-27T04:50:35.539+0000] {dag.py:4138} INFO - Setting next_dagrun for tutorial_dag to None, run_after=None
[2024-08-27T04:50:35.568+0000] {processor.py:208} INFO - Processing /home/airflow/.local/lib/python3.12/site-packages/airflow/example_dags/tutorial_dag.py took 0.151 seconds
[2024-08-27T04:51:18.652+0000] {processor.py:186} INFO - Started process (PID=790) to work on /home/airflow/.local/lib/python3.12/site-packages/airflow/example_dags/tutorial_dag.py
[2024-08-27T04:51:18.654+0000] {processor.py:914} INFO - Processing file /home/airflow/.local/lib/python3.12/site-packages/airflow/example_dags/tutorial_dag.py for tasks to queue
[2024-08-27T04:51:18.658+0000] {logging_mixin.py:190} INFO - [2024-08-27T04:51:18.657+0000] {dagbag.py:587} INFO - Filling up the DagBag from /home/airflow/.local/lib/python3.12/site-packages/airflow/example_dags/tutorial_dag.py
[2024-08-27T04:51:18.671+0000] {processor.py:925} INFO - DAG(s) 'tutorial_dag' retrieved from /home/airflow/.local/lib/python3.12/site-packages/airflow/example_dags/tutorial_dag.py
[2024-08-27T04:51:18.702+0000] {logging_mixin.py:190} INFO - [2024-08-27T04:51:18.701+0000] {dag.py:3211} INFO - Sync 1 DAGs
[2024-08-27T04:51:18.722+0000] {logging_mixin.py:190} INFO - [2024-08-27T04:51:18.722+0000] {dag.py:4138} INFO - Setting next_dagrun for tutorial_dag to None, run_after=None
[2024-08-27T04:51:18.748+0000] {processor.py:208} INFO - Processing /home/airflow/.local/lib/python3.12/site-packages/airflow/example_dags/tutorial_dag.py took 0.105 seconds
[2024-08-27T04:51:58.601+0000] {processor.py:186} INFO - Started process (PID=857) to work on /home/airflow/.local/lib/python3.12/site-packages/airflow/example_dags/tutorial_dag.py
[2024-08-27T04:51:58.608+0000] {processor.py:914} INFO - Processing file /home/airflow/.local/lib/python3.12/site-packages/airflow/example_dags/tutorial_dag.py for tasks to queue
[2024-08-27T04:51:58.613+0000] {logging_mixin.py:190} INFO - [2024-08-27T04:51:58.613+0000] {dagbag.py:587} INFO - Filling up the DagBag from /home/airflow/.local/lib/python3.12/site-packages/airflow/example_dags/tutorial_dag.py
[2024-08-27T04:51:58.625+0000] {processor.py:925} INFO - DAG(s) 'tutorial_dag' retrieved from /home/airflow/.local/lib/python3.12/site-packages/airflow/example_dags/tutorial_dag.py
[2024-08-27T04:51:58.658+0000] {logging_mixin.py:190} INFO - [2024-08-27T04:51:58.658+0000] {dag.py:3211} INFO - Sync 1 DAGs
[2024-08-27T04:51:58.679+0000] {logging_mixin.py:190} INFO - [2024-08-27T04:51:58.679+0000] {dag.py:4138} INFO - Setting next_dagrun for tutorial_dag to None, run_after=None
[2024-08-27T04:51:58.710+0000] {processor.py:208} INFO - Processing /home/airflow/.local/lib/python3.12/site-packages/airflow/example_dags/tutorial_dag.py took 0.120 seconds
