[2024-08-26T10:48:34.687+0000] {local_task_job_runner.py:123} INFO - ::group::Pre task execution logs
[2024-08-26T10:48:34.713+0000] {taskinstance.py:2603} INFO - Dependencies all met for dep_context=non-requeueable deps ti=<TaskInstance: Spark.download_dataset_api manual__2024-08-26T10:48:31.656118+00:00 [queued]>
[2024-08-26T10:48:34.727+0000] {taskinstance.py:2603} INFO - Dependencies all met for dep_context=requeueable deps ti=<TaskInstance: Spark.download_dataset_api manual__2024-08-26T10:48:31.656118+00:00 [queued]>
[2024-08-26T10:48:34.728+0000] {taskinstance.py:2856} INFO - Starting attempt 1 of 1
[2024-08-26T10:48:34.751+0000] {taskinstance.py:2879} INFO - Executing <Task(BashOperator): download_dataset_api> on 2024-08-26 10:48:31.656118+00:00
[2024-08-26T10:48:34.761+0000] {warnings.py:112} WARNING - /home/***/.local/lib/python3.12/site-packages/***/task/task_runner/standard_task_runner.py:70: DeprecationWarning: This process (pid=1282) is multi-threaded, use of fork() may lead to deadlocks in the child.
  pid = os.fork()

[2024-08-26T10:48:34.764+0000] {standard_task_runner.py:72} INFO - Started process 1291 to run task
[2024-08-26T10:48:34.765+0000] {standard_task_runner.py:104} INFO - Running: ['***', 'tasks', 'run', 'Spark', 'download_dataset_api', 'manual__2024-08-26T10:48:31.656118+00:00', '--job-id', '217', '--raw', '--subdir', 'DAGS_FOLDER/Seoul_spark.py', '--cfg-path', '/tmp/tmpypbbmflu']
[2024-08-26T10:48:34.768+0000] {standard_task_runner.py:105} INFO - Job 217: Subtask download_dataset_api
[2024-08-26T10:48:34.839+0000] {task_command.py:467} INFO - Running <TaskInstance: Spark.download_dataset_api manual__2024-08-26T10:48:31.656118+00:00 [running]> on host 94bdab50145e
[2024-08-26T10:48:34.957+0000] {taskinstance.py:3122} INFO - Exporting env vars: AIRFLOW_CTX_DAG_OWNER='***' AIRFLOW_CTX_DAG_ID='Spark' AIRFLOW_CTX_TASK_ID='download_dataset_api' AIRFLOW_CTX_EXECUTION_DATE='2024-08-26T10:48:31.656118+00:00' AIRFLOW_CTX_TRY_NUMBER='1' AIRFLOW_CTX_DAG_RUN_ID='manual__2024-08-26T10:48:31.656118+00:00'
[2024-08-26T10:48:34.959+0000] {logging_mixin.py:190} INFO - Task instance is in running state
[2024-08-26T10:48:34.960+0000] {logging_mixin.py:190} INFO -  Previous state of the Task instance: queued
[2024-08-26T10:48:34.960+0000] {logging_mixin.py:190} INFO - Current task name:download_dataset_api state:running start_date:2024-08-26 10:48:34.714849+00:00
[2024-08-26T10:48:34.961+0000] {logging_mixin.py:190} INFO - Dag name:Spark and current dag run status:running
[2024-08-26T10:48:34.961+0000] {taskinstance.py:731} INFO - ::endgroup::
[2024-08-26T10:48:34.963+0000] {subprocess.py:63} INFO - Tmp dir root location: /tmp
[2024-08-26T10:48:34.964+0000] {subprocess.py:75} INFO - Running command: ['/usr/bin/bash', '-c', 'kaggle datasets download -d bappekim/air-pollution-in-seoul -p /opt/***/dags --unzip']
[2024-08-26T10:48:34.979+0000] {subprocess.py:86} INFO - Output:
[2024-08-26T10:48:36.946+0000] {subprocess.py:93} INFO - Dataset URL: https://www.kaggle.com/datasets/bappekim/air-pollution-in-seoul
[2024-08-26T10:48:36.947+0000] {subprocess.py:93} INFO - License(s): CC-BY-SA-4.0
[2024-08-26T10:48:36.948+0000] {subprocess.py:93} INFO - Downloading air-pollution-in-seoul.zip to /opt/***/dags
[2024-08-26T10:48:39.724+0000] {subprocess.py:93} INFO -   0%|          | 0.00/19.7M [00:00<?, ?B/s]  5%|▌         | 1.00M/19.7M [00:00<00:06, 3.00MB/s] 10%|█         | 2.00M/19.7M [00:00<00:04, 4.62MB/s] 15%|█▌        | 3.00M/19.7M [00:00<00:03, 4.96MB/s] 20%|██        | 4.00M/19.7M [00:00<00:02, 6.11MB/s] 25%|██▌       | 5.00M/19.7M [00:00<00:02, 6.20MB/s] 36%|███▌      | 7.00M/19.7M [00:01<00:01, 7.52MB/s] 41%|████      | 8.00M/19.7M [00:01<00:01, 6.52MB/s] 46%|████▌     | 9.00M/19.7M [00:01<00:01, 6.54MB/s] 56%|█████▌    | 11.0M/19.7M [00:01<00:01, 8.36MB/s] 61%|██████    | 12.0M/19.7M [00:01<00:01, 7.64MB/s] 66%|██████▌   | 13.0M/19.7M [00:02<00:01, 4.06MB/s] 76%|███████▌  | 15.0M/19.7M [00:02<00:00, 6.03MB/s]100%|██████████| 19.7M/19.7M [00:02<00:00, 11.5MB/s]100%|██████████| 19.7M/19.7M [00:02<00:00, 7.43MB/s]
[2024-08-26T10:48:42.167+0000] {subprocess.py:93} INFO - 
[2024-08-26T10:48:42.232+0000] {subprocess.py:97} INFO - Command exited with return code 0
[2024-08-26T10:48:42.277+0000] {taskinstance.py:340} INFO - ::group::Post task execution logs
[2024-08-26T10:48:42.278+0000] {taskinstance.py:352} INFO - Marking task as SUCCESS. dag_id=Spark, task_id=download_dataset_api, run_id=manual__2024-08-26T10:48:31.656118+00:00, execution_date=20240826T104831, start_date=20240826T104834, end_date=20240826T104842
[2024-08-26T10:48:42.295+0000] {logging_mixin.py:190} INFO - Task instance in success state
[2024-08-26T10:48:42.296+0000] {logging_mixin.py:190} INFO -  Previous state of the Task instance: running
[2024-08-26T10:48:42.297+0000] {logging_mixin.py:190} INFO - Dag name:Spark queued_at:2024-08-26 10:48:31.686429+00:00
[2024-08-26T10:48:42.298+0000] {logging_mixin.py:190} INFO - Task hostname:94bdab50145e operator:BashOperator
[2024-08-26T10:48:42.313+0000] {local_task_job_runner.py:261} INFO - Task exited with return code 0
[2024-08-26T10:48:42.343+0000] {taskinstance.py:3891} INFO - 1 downstream tasks scheduled from follow-on schedule check
[2024-08-26T10:48:42.345+0000] {local_task_job_runner.py:240} INFO - ::endgroup::
