[2024-08-25T18:50:35.133+0000] {local_task_job_runner.py:123} INFO - ::group::Pre task execution logs
[2024-08-25T18:50:35.305+0000] {taskinstance.py:2603} INFO - Dependencies all met for dep_context=non-requeueable deps ti=<TaskInstance: download_air_pollution_data.correlation_plot manual__2024-08-25T18:48:53.365620+00:00 [queued]>
[2024-08-25T18:50:35.354+0000] {taskinstance.py:2603} INFO - Dependencies all met for dep_context=requeueable deps ti=<TaskInstance: download_air_pollution_data.correlation_plot manual__2024-08-25T18:48:53.365620+00:00 [queued]>
[2024-08-25T18:50:35.364+0000] {taskinstance.py:2856} INFO - Starting attempt 1 of 1
[2024-08-25T18:50:35.482+0000] {taskinstance.py:2879} INFO - Executing <Task(PythonOperator): correlation_plot> on 2024-08-25 18:48:53.365620+00:00
[2024-08-25T18:50:35.531+0000] {warnings.py:112} WARNING - /home/***/.local/lib/python3.12/site-packages/***/task/task_runner/standard_task_runner.py:70: DeprecationWarning: This process (pid=7013) is multi-threaded, use of fork() may lead to deadlocks in the child.
  pid = os.fork()

[2024-08-25T18:50:35.551+0000] {standard_task_runner.py:72} INFO - Started process 7091 to run task
[2024-08-25T18:50:35.550+0000] {standard_task_runner.py:104} INFO - Running: ['***', 'tasks', 'run', 'download_air_pollution_data', 'correlation_plot', 'manual__2024-08-25T18:48:53.365620+00:00', '--job-id', '185', '--raw', '--subdir', 'DAGS_FOLDER/Seoul.py', '--cfg-path', '/tmp/tmpgterk92a']
[2024-08-25T18:50:35.560+0000] {standard_task_runner.py:105} INFO - Job 185: Subtask correlation_plot
[2024-08-25T18:50:36.199+0000] {task_command.py:467} INFO - Running <TaskInstance: download_air_pollution_data.correlation_plot manual__2024-08-25T18:48:53.365620+00:00 [running]> on host 94bdab50145e
[2024-08-25T18:50:37.146+0000] {taskinstance.py:3122} INFO - Exporting env vars: AIRFLOW_CTX_DAG_OWNER='***' AIRFLOW_CTX_DAG_ID='download_air_pollution_data' AIRFLOW_CTX_TASK_ID='correlation_plot' AIRFLOW_CTX_EXECUTION_DATE='2024-08-25T18:48:53.365620+00:00' AIRFLOW_CTX_TRY_NUMBER='1' AIRFLOW_CTX_DAG_RUN_ID='manual__2024-08-25T18:48:53.365620+00:00'
[2024-08-25T18:50:37.161+0000] {logging_mixin.py:190} INFO - Task instance is in running state
[2024-08-25T18:50:37.164+0000] {logging_mixin.py:190} INFO -  Previous state of the Task instance: queued
[2024-08-25T18:50:37.168+0000] {logging_mixin.py:190} INFO - Current task name:correlation_plot state:running start_date:2024-08-25 18:50:35.309960+00:00
[2024-08-25T18:50:37.171+0000] {logging_mixin.py:190} INFO - Dag name:download_air_pollution_data and current dag run status:running
[2024-08-25T18:50:37.176+0000] {taskinstance.py:731} INFO - ::endgroup::
[2024-08-25T18:51:02.676+0000] {job.py:229} INFO - Heartbeat recovered after 11.54 seconds
[2024-08-25T18:52:20.749+0000] {python.py:240} INFO - Done. Returned value was: None
[2024-08-25T18:52:20.832+0000] {taskinstance.py:340} INFO - ::group::Post task execution logs
[2024-08-25T18:52:20.836+0000] {taskinstance.py:352} INFO - Marking task as SUCCESS. dag_id=download_air_pollution_data, task_id=correlation_plot, run_id=manual__2024-08-25T18:48:53.365620+00:00, execution_date=20240825T184853, start_date=20240825T185035, end_date=20240825T185220
[2024-08-25T18:52:20.902+0000] {logging_mixin.py:190} INFO - Task instance in success state
[2024-08-25T18:52:20.904+0000] {logging_mixin.py:190} INFO -  Previous state of the Task instance: running
[2024-08-25T18:52:20.907+0000] {logging_mixin.py:190} INFO - Dag name:download_air_pollution_data queued_at:2024-08-25 18:48:53.654909+00:00
[2024-08-25T18:52:20.910+0000] {logging_mixin.py:190} INFO - Task hostname:94bdab50145e operator:PythonOperator
[2024-08-25T18:52:21.023+0000] {local_task_job_runner.py:261} INFO - Task exited with return code 0
[2024-08-25T18:52:21.105+0000] {taskinstance.py:3891} INFO - 0 downstream tasks scheduled from follow-on schedule check
[2024-08-25T18:52:21.110+0000] {local_task_job_runner.py:240} INFO - ::endgroup::
