[2024-08-26T15:31:32.921+0000] {local_task_job_runner.py:123} INFO - ::group::Pre task execution logs
[2024-08-26T15:31:33.020+0000] {taskinstance.py:2603} INFO - Dependencies all met for dep_context=non-requeueable deps ti=<TaskInstance: Spark.geo_map_plot manual__2024-08-26T15:31:22.241034+00:00 [queued]>
[2024-08-26T15:31:33.086+0000] {taskinstance.py:2603} INFO - Dependencies all met for dep_context=requeueable deps ti=<TaskInstance: Spark.geo_map_plot manual__2024-08-26T15:31:22.241034+00:00 [queued]>
[2024-08-26T15:31:33.093+0000] {taskinstance.py:2856} INFO - Starting attempt 1 of 1
[2024-08-26T15:31:33.184+0000] {taskinstance.py:2879} INFO - Executing <Task(PythonOperator): geo_map_plot> on 2024-08-26 15:31:22.241034+00:00
[2024-08-26T15:31:33.214+0000] {warnings.py:112} WARNING - /home/***/.local/lib/python3.12/site-packages/***/task/task_runner/standard_task_runner.py:70: DeprecationWarning: This process (pid=1539) is multi-threaded, use of fork() may lead to deadlocks in the child.
  pid = os.fork()

[2024-08-26T15:31:33.222+0000] {standard_task_runner.py:72} INFO - Started process 1551 to run task
[2024-08-26T15:31:33.226+0000] {standard_task_runner.py:104} INFO - Running: ['***', 'tasks', 'run', 'Spark', 'geo_map_plot', 'manual__2024-08-26T15:31:22.241034+00:00', '--job-id', '228', '--raw', '--subdir', 'DAGS_FOLDER/Seoul_spark.py', '--cfg-path', '/tmp/tmpq83903v8']
[2024-08-26T15:31:33.234+0000] {standard_task_runner.py:105} INFO - Job 228: Subtask geo_map_plot
[2024-08-26T15:31:33.547+0000] {task_command.py:467} INFO - Running <TaskInstance: Spark.geo_map_plot manual__2024-08-26T15:31:22.241034+00:00 [running]> on host 94bdab50145e
[2024-08-26T15:31:34.002+0000] {taskinstance.py:3122} INFO - Exporting env vars: AIRFLOW_CTX_DAG_OWNER='***' AIRFLOW_CTX_DAG_ID='Spark' AIRFLOW_CTX_TASK_ID='geo_map_plot' AIRFLOW_CTX_EXECUTION_DATE='2024-08-26T15:31:22.241034+00:00' AIRFLOW_CTX_TRY_NUMBER='1' AIRFLOW_CTX_DAG_RUN_ID='manual__2024-08-26T15:31:22.241034+00:00'
[2024-08-26T15:31:34.007+0000] {logging_mixin.py:190} INFO - Task instance is in running state
[2024-08-26T15:31:34.009+0000] {logging_mixin.py:190} INFO -  Previous state of the Task instance: queued
[2024-08-26T15:31:34.011+0000] {logging_mixin.py:190} INFO - Current task name:geo_map_plot state:running start_date:2024-08-26 15:31:33.025399+00:00
[2024-08-26T15:31:34.012+0000] {logging_mixin.py:190} INFO - Dag name:Spark and current dag run status:running
[2024-08-26T15:31:34.015+0000] {taskinstance.py:731} INFO - ::endgroup::
[2024-08-26T15:34:10.777+0000] {python.py:240} INFO - Done. Returned value was: None
[2024-08-26T15:34:10.998+0000] {taskinstance.py:340} INFO - ::group::Post task execution logs
[2024-08-26T15:34:11.013+0000] {taskinstance.py:352} INFO - Marking task as SUCCESS. dag_id=Spark, task_id=geo_map_plot, run_id=manual__2024-08-26T15:31:22.241034+00:00, execution_date=20240826T153122, start_date=20240826T153133, end_date=20240826T153411
[2024-08-26T15:34:11.246+0000] {logging_mixin.py:190} INFO - Task instance in success state
[2024-08-26T15:34:11.276+0000] {logging_mixin.py:190} INFO -  Previous state of the Task instance: running
[2024-08-26T15:34:11.279+0000] {logging_mixin.py:190} INFO - Dag name:Spark queued_at:2024-08-26 15:31:22.411475+00:00
[2024-08-26T15:34:11.285+0000] {logging_mixin.py:190} INFO - Task hostname:94bdab50145e operator:PythonOperator
[2024-08-26T15:34:12.123+0000] {local_task_job_runner.py:261} INFO - Task exited with return code 0
[2024-08-26T15:34:12.542+0000] {taskinstance.py:3891} INFO - 0 downstream tasks scheduled from follow-on schedule check
[2024-08-26T15:34:12.586+0000] {local_task_job_runner.py:240} INFO - ::endgroup::
