[2024-08-25T17:09:55.396+0000] {local_task_job_runner.py:123} INFO - ::group::Pre task execution logs
[2024-08-25T17:09:55.428+0000] {taskinstance.py:2603} INFO - Dependencies all met for dep_context=non-requeueable deps ti=<TaskInstance: download_air_pollution_data.correlation_plot manual__2024-08-25T17:09:20.483661+00:00 [queued]>
[2024-08-25T17:09:55.441+0000] {taskinstance.py:2603} INFO - Dependencies all met for dep_context=requeueable deps ti=<TaskInstance: download_air_pollution_data.correlation_plot manual__2024-08-25T17:09:20.483661+00:00 [queued]>
[2024-08-25T17:09:55.441+0000] {taskinstance.py:2856} INFO - Starting attempt 1 of 1
[2024-08-25T17:09:55.465+0000] {taskinstance.py:2879} INFO - Executing <Task(PythonOperator): correlation_plot> on 2024-08-25 17:09:20.483661+00:00
[2024-08-25T17:09:55.474+0000] {warnings.py:112} WARNING - /home/***/.local/lib/python3.12/site-packages/***/task/task_runner/standard_task_runner.py:70: DeprecationWarning: This process (pid=208) is multi-threaded, use of fork() may lead to deadlocks in the child.
  pid = os.fork()

[2024-08-25T17:09:55.476+0000] {standard_task_runner.py:72} INFO - Started process 243 to run task
[2024-08-25T17:09:55.477+0000] {standard_task_runner.py:104} INFO - Running: ['***', 'tasks', 'run', 'download_air_pollution_data', 'correlation_plot', 'manual__2024-08-25T17:09:20.483661+00:00', '--job-id', '179', '--raw', '--subdir', 'DAGS_FOLDER/Seoul.py', '--cfg-path', '/tmp/tmpgba7hmra']
[2024-08-25T17:09:55.478+0000] {standard_task_runner.py:105} INFO - Job 179: Subtask correlation_plot
[2024-08-25T17:09:55.552+0000] {task_command.py:467} INFO - Running <TaskInstance: download_air_pollution_data.correlation_plot manual__2024-08-25T17:09:20.483661+00:00 [running]> on host 94bdab50145e
[2024-08-25T17:09:55.701+0000] {taskinstance.py:3122} INFO - Exporting env vars: AIRFLOW_CTX_DAG_OWNER='***' AIRFLOW_CTX_DAG_ID='download_air_pollution_data' AIRFLOW_CTX_TASK_ID='correlation_plot' AIRFLOW_CTX_EXECUTION_DATE='2024-08-25T17:09:20.483661+00:00' AIRFLOW_CTX_TRY_NUMBER='1' AIRFLOW_CTX_DAG_RUN_ID='manual__2024-08-25T17:09:20.483661+00:00'
[2024-08-25T17:09:55.703+0000] {logging_mixin.py:190} INFO - Task instance is in running state
[2024-08-25T17:09:55.705+0000] {logging_mixin.py:190} INFO -  Previous state of the Task instance: queued
[2024-08-25T17:09:55.706+0000] {logging_mixin.py:190} INFO - Current task name:correlation_plot state:running start_date:2024-08-25 17:09:55.429063+00:00
[2024-08-25T17:09:55.706+0000] {logging_mixin.py:190} INFO - Dag name:download_air_pollution_data and current dag run status:running
[2024-08-25T17:09:55.707+0000] {taskinstance.py:731} INFO - ::endgroup::
[2024-08-25T17:10:08.504+0000] {python.py:240} INFO - Done. Returned value was: None
[2024-08-25T17:10:08.521+0000] {taskinstance.py:340} INFO - ::group::Post task execution logs
[2024-08-25T17:10:08.522+0000] {taskinstance.py:352} INFO - Marking task as SUCCESS. dag_id=download_air_pollution_data, task_id=correlation_plot, run_id=manual__2024-08-25T17:09:20.483661+00:00, execution_date=20240825T170920, start_date=20240825T170955, end_date=20240825T171008
[2024-08-25T17:10:08.536+0000] {logging_mixin.py:190} INFO - Task instance in success state
[2024-08-25T17:10:08.537+0000] {logging_mixin.py:190} INFO -  Previous state of the Task instance: running
[2024-08-25T17:10:08.538+0000] {logging_mixin.py:190} INFO - Dag name:download_air_pollution_data queued_at:2024-08-25 17:09:20.527739+00:00
[2024-08-25T17:10:08.539+0000] {logging_mixin.py:190} INFO - Task hostname:94bdab50145e operator:PythonOperator
[2024-08-25T17:10:08.566+0000] {local_task_job_runner.py:261} INFO - Task exited with return code 0
[2024-08-25T17:10:08.599+0000] {taskinstance.py:3891} INFO - 0 downstream tasks scheduled from follow-on schedule check
[2024-08-25T17:10:08.601+0000] {local_task_job_runner.py:240} INFO - ::endgroup::
