[2024-08-30T08:36:39.713+0000] {processor.py:186} INFO - Started process (PID=197) to work on /opt/airflow/dags/Seoul_spark.py
[2024-08-30T08:36:39.715+0000] {processor.py:914} INFO - Processing file /opt/airflow/dags/Seoul_spark.py for tasks to queue
[2024-08-30T08:36:39.719+0000] {logging_mixin.py:190} INFO - [2024-08-30T08:36:39.719+0000] {dagbag.py:587} INFO - Filling up the DagBag from /opt/airflow/dags/Seoul_spark.py
[2024-08-30T08:36:39.746+0000] {processor.py:925} INFO - DAG(s) 'Spark' retrieved from /opt/airflow/dags/Seoul_spark.py
[2024-08-30T08:36:39.798+0000] {logging_mixin.py:190} INFO - [2024-08-30T08:36:39.798+0000] {dag.py:3211} INFO - Sync 1 DAGs
[2024-08-30T08:36:39.828+0000] {logging_mixin.py:190} INFO - [2024-08-30T08:36:39.827+0000] {dag.py:4138} INFO - Setting next_dagrun for Spark to None, run_after=None
[2024-08-30T08:36:39.858+0000] {processor.py:208} INFO - Processing /opt/airflow/dags/Seoul_spark.py took 0.154 seconds
[2024-08-30T08:37:10.420+0000] {processor.py:186} INFO - Started process (PID=223) to work on /opt/airflow/dags/Seoul_spark.py
[2024-08-30T08:37:10.423+0000] {processor.py:914} INFO - Processing file /opt/airflow/dags/Seoul_spark.py for tasks to queue
[2024-08-30T08:37:10.426+0000] {logging_mixin.py:190} INFO - [2024-08-30T08:37:10.425+0000] {dagbag.py:587} INFO - Filling up the DagBag from /opt/airflow/dags/Seoul_spark.py
[2024-08-30T08:37:10.442+0000] {processor.py:925} INFO - DAG(s) 'Spark' retrieved from /opt/airflow/dags/Seoul_spark.py
[2024-08-30T08:37:10.480+0000] {logging_mixin.py:190} INFO - [2024-08-30T08:37:10.480+0000] {dag.py:3211} INFO - Sync 1 DAGs
[2024-08-30T08:37:10.501+0000] {logging_mixin.py:190} INFO - [2024-08-30T08:37:10.500+0000] {dag.py:4138} INFO - Setting next_dagrun for Spark to None, run_after=None
[2024-08-30T08:37:10.524+0000] {processor.py:208} INFO - Processing /opt/airflow/dags/Seoul_spark.py took 0.111 seconds
[2024-08-30T08:37:40.826+0000] {processor.py:186} INFO - Started process (PID=249) to work on /opt/airflow/dags/Seoul_spark.py
[2024-08-30T08:37:40.828+0000] {processor.py:914} INFO - Processing file /opt/airflow/dags/Seoul_spark.py for tasks to queue
[2024-08-30T08:37:40.830+0000] {logging_mixin.py:190} INFO - [2024-08-30T08:37:40.830+0000] {dagbag.py:587} INFO - Filling up the DagBag from /opt/airflow/dags/Seoul_spark.py
[2024-08-30T08:37:40.847+0000] {processor.py:925} INFO - DAG(s) 'Spark' retrieved from /opt/airflow/dags/Seoul_spark.py
[2024-08-30T08:37:40.893+0000] {logging_mixin.py:190} INFO - [2024-08-30T08:37:40.893+0000] {dag.py:3211} INFO - Sync 1 DAGs
[2024-08-30T08:37:40.914+0000] {logging_mixin.py:190} INFO - [2024-08-30T08:37:40.914+0000] {dag.py:4138} INFO - Setting next_dagrun for Spark to None, run_after=None
[2024-08-30T08:37:40.980+0000] {processor.py:208} INFO - Processing /opt/airflow/dags/Seoul_spark.py took 0.161 seconds
[2024-08-30T08:38:11.967+0000] {processor.py:186} INFO - Started process (PID=275) to work on /opt/airflow/dags/Seoul_spark.py
[2024-08-30T08:38:11.968+0000] {processor.py:914} INFO - Processing file /opt/airflow/dags/Seoul_spark.py for tasks to queue
[2024-08-30T08:38:11.971+0000] {logging_mixin.py:190} INFO - [2024-08-30T08:38:11.970+0000] {dagbag.py:587} INFO - Filling up the DagBag from /opt/airflow/dags/Seoul_spark.py
[2024-08-30T08:38:11.985+0000] {processor.py:925} INFO - DAG(s) 'Spark' retrieved from /opt/airflow/dags/Seoul_spark.py
[2024-08-30T08:38:12.019+0000] {logging_mixin.py:190} INFO - [2024-08-30T08:38:12.018+0000] {dag.py:3211} INFO - Sync 1 DAGs
[2024-08-30T08:38:12.037+0000] {logging_mixin.py:190} INFO - [2024-08-30T08:38:12.036+0000] {dag.py:4138} INFO - Setting next_dagrun for Spark to None, run_after=None
[2024-08-30T08:38:12.059+0000] {processor.py:208} INFO - Processing /opt/airflow/dags/Seoul_spark.py took 0.098 seconds
[2024-08-30T08:38:42.939+0000] {processor.py:186} INFO - Started process (PID=301) to work on /opt/airflow/dags/Seoul_spark.py
[2024-08-30T08:38:42.943+0000] {processor.py:914} INFO - Processing file /opt/airflow/dags/Seoul_spark.py for tasks to queue
[2024-08-30T08:38:42.972+0000] {logging_mixin.py:190} INFO - [2024-08-30T08:38:42.971+0000] {dagbag.py:587} INFO - Filling up the DagBag from /opt/airflow/dags/Seoul_spark.py
[2024-08-30T08:38:42.994+0000] {processor.py:925} INFO - DAG(s) 'Spark' retrieved from /opt/airflow/dags/Seoul_spark.py
[2024-08-30T08:38:43.043+0000] {logging_mixin.py:190} INFO - [2024-08-30T08:38:43.043+0000] {dag.py:3211} INFO - Sync 1 DAGs
[2024-08-30T08:38:43.068+0000] {logging_mixin.py:190} INFO - [2024-08-30T08:38:43.068+0000] {dag.py:4138} INFO - Setting next_dagrun for Spark to None, run_after=None
[2024-08-30T08:38:43.099+0000] {processor.py:208} INFO - Processing /opt/airflow/dags/Seoul_spark.py took 0.184 seconds
[2024-08-30T08:39:22.709+0000] {processor.py:186} INFO - Started process (PID=327) to work on /opt/airflow/dags/Seoul_spark.py
[2024-08-30T08:39:22.713+0000] {processor.py:914} INFO - Processing file /opt/airflow/dags/Seoul_spark.py for tasks to queue
[2024-08-30T08:39:22.722+0000] {logging_mixin.py:190} INFO - [2024-08-30T08:39:22.720+0000] {dagbag.py:587} INFO - Filling up the DagBag from /opt/airflow/dags/Seoul_spark.py
[2024-08-30T08:39:22.815+0000] {processor.py:925} INFO - DAG(s) 'Spark' retrieved from /opt/airflow/dags/Seoul_spark.py
[2024-08-30T08:39:22.918+0000] {logging_mixin.py:190} INFO - [2024-08-30T08:39:22.917+0000] {dag.py:3211} INFO - Sync 1 DAGs
[2024-08-30T08:39:23.100+0000] {logging_mixin.py:190} INFO - [2024-08-30T08:39:23.096+0000] {dag.py:4138} INFO - Setting next_dagrun for Spark to None, run_after=None
[2024-08-30T08:39:23.496+0000] {processor.py:208} INFO - Processing /opt/airflow/dags/Seoul_spark.py took 0.812 seconds
[2024-08-30T08:44:26.504+0000] {processor.py:186} INFO - Started process (PID=359) to work on /opt/airflow/dags/Seoul_spark.py
[2024-08-30T08:44:26.506+0000] {processor.py:914} INFO - Processing file /opt/airflow/dags/Seoul_spark.py for tasks to queue
[2024-08-30T08:44:26.508+0000] {logging_mixin.py:190} INFO - [2024-08-30T08:44:26.508+0000] {dagbag.py:587} INFO - Filling up the DagBag from /opt/airflow/dags/Seoul_spark.py
[2024-08-30T08:44:26.521+0000] {processor.py:925} INFO - DAG(s) 'Spark' retrieved from /opt/airflow/dags/Seoul_spark.py
[2024-08-30T08:44:26.554+0000] {logging_mixin.py:190} INFO - [2024-08-30T08:44:26.554+0000] {dag.py:3211} INFO - Sync 1 DAGs
[2024-08-30T08:44:26.571+0000] {logging_mixin.py:190} INFO - [2024-08-30T08:44:26.570+0000] {dag.py:4138} INFO - Setting next_dagrun for Spark to None, run_after=None
[2024-08-30T08:44:26.590+0000] {processor.py:208} INFO - Processing /opt/airflow/dags/Seoul_spark.py took 0.091 seconds
[2024-08-30T08:44:56.879+0000] {processor.py:186} INFO - Started process (PID=375) to work on /opt/airflow/dags/Seoul_spark.py
[2024-08-30T08:44:56.882+0000] {processor.py:914} INFO - Processing file /opt/airflow/dags/Seoul_spark.py for tasks to queue
[2024-08-30T08:44:56.886+0000] {logging_mixin.py:190} INFO - [2024-08-30T08:44:56.885+0000] {dagbag.py:587} INFO - Filling up the DagBag from /opt/airflow/dags/Seoul_spark.py
[2024-08-30T08:44:56.903+0000] {processor.py:925} INFO - DAG(s) 'Spark' retrieved from /opt/airflow/dags/Seoul_spark.py
[2024-08-30T08:44:56.948+0000] {logging_mixin.py:190} INFO - [2024-08-30T08:44:56.948+0000] {dag.py:3211} INFO - Sync 1 DAGs
[2024-08-30T08:44:56.976+0000] {logging_mixin.py:190} INFO - [2024-08-30T08:44:56.976+0000] {dag.py:4138} INFO - Setting next_dagrun for Spark to None, run_after=None
[2024-08-30T08:44:57.067+0000] {processor.py:208} INFO - Processing /opt/airflow/dags/Seoul_spark.py took 0.195 seconds
[2024-08-30T08:45:34.668+0000] {processor.py:186} INFO - Started process (PID=405) to work on /opt/airflow/dags/Seoul_spark.py
[2024-08-30T08:45:34.671+0000] {processor.py:914} INFO - Processing file /opt/airflow/dags/Seoul_spark.py for tasks to queue
[2024-08-30T08:45:34.675+0000] {logging_mixin.py:190} INFO - [2024-08-30T08:45:34.675+0000] {dagbag.py:587} INFO - Filling up the DagBag from /opt/airflow/dags/Seoul_spark.py
[2024-08-30T08:45:34.706+0000] {processor.py:925} INFO - DAG(s) 'Spark' retrieved from /opt/airflow/dags/Seoul_spark.py
[2024-08-30T08:45:34.751+0000] {logging_mixin.py:190} INFO - [2024-08-30T08:45:34.751+0000] {dag.py:3211} INFO - Sync 1 DAGs
[2024-08-30T08:45:34.773+0000] {logging_mixin.py:190} INFO - [2024-08-30T08:45:34.773+0000] {dag.py:4138} INFO - Setting next_dagrun for Spark to None, run_after=None
[2024-08-30T08:45:34.800+0000] {processor.py:208} INFO - Processing /opt/airflow/dags/Seoul_spark.py took 0.164 seconds
[2024-08-30T08:46:12.697+0000] {processor.py:186} INFO - Started process (PID=431) to work on /opt/airflow/dags/Seoul_spark.py
[2024-08-30T08:46:12.699+0000] {processor.py:914} INFO - Processing file /opt/airflow/dags/Seoul_spark.py for tasks to queue
[2024-08-30T08:46:12.702+0000] {logging_mixin.py:190} INFO - [2024-08-30T08:46:12.702+0000] {dagbag.py:587} INFO - Filling up the DagBag from /opt/airflow/dags/Seoul_spark.py
[2024-08-30T08:46:12.884+0000] {processor.py:925} INFO - DAG(s) 'Spark' retrieved from /opt/airflow/dags/Seoul_spark.py
[2024-08-30T08:46:12.918+0000] {logging_mixin.py:190} INFO - [2024-08-30T08:46:12.918+0000] {dag.py:3211} INFO - Sync 1 DAGs
[2024-08-30T08:46:12.936+0000] {logging_mixin.py:190} INFO - [2024-08-30T08:46:12.935+0000] {dag.py:4138} INFO - Setting next_dagrun for Spark to None, run_after=None
[2024-08-30T08:46:12.965+0000] {processor.py:208} INFO - Processing /opt/airflow/dags/Seoul_spark.py took 0.276 seconds
[2024-08-30T08:46:50.570+0000] {processor.py:186} INFO - Started process (PID=463) to work on /opt/airflow/dags/Seoul_spark.py
[2024-08-30T08:46:50.572+0000] {processor.py:914} INFO - Processing file /opt/airflow/dags/Seoul_spark.py for tasks to queue
[2024-08-30T08:46:50.577+0000] {logging_mixin.py:190} INFO - [2024-08-30T08:46:50.576+0000] {dagbag.py:587} INFO - Filling up the DagBag from /opt/airflow/dags/Seoul_spark.py
[2024-08-30T08:46:50.596+0000] {processor.py:925} INFO - DAG(s) 'Spark' retrieved from /opt/airflow/dags/Seoul_spark.py
[2024-08-30T08:46:50.633+0000] {logging_mixin.py:190} INFO - [2024-08-30T08:46:50.633+0000] {dag.py:3211} INFO - Sync 1 DAGs
[2024-08-30T08:46:50.652+0000] {logging_mixin.py:190} INFO - [2024-08-30T08:46:50.652+0000] {dag.py:4138} INFO - Setting next_dagrun for Spark to None, run_after=None
[2024-08-30T08:46:50.677+0000] {processor.py:208} INFO - Processing /opt/airflow/dags/Seoul_spark.py took 0.115 seconds
[2024-08-30T08:47:27.806+0000] {processor.py:186} INFO - Started process (PID=489) to work on /opt/airflow/dags/Seoul_spark.py
[2024-08-30T08:47:27.807+0000] {processor.py:914} INFO - Processing file /opt/airflow/dags/Seoul_spark.py for tasks to queue
[2024-08-30T08:47:27.811+0000] {logging_mixin.py:190} INFO - [2024-08-30T08:47:27.810+0000] {dagbag.py:587} INFO - Filling up the DagBag from /opt/airflow/dags/Seoul_spark.py
[2024-08-30T08:47:27.829+0000] {processor.py:925} INFO - DAG(s) 'Spark' retrieved from /opt/airflow/dags/Seoul_spark.py
[2024-08-30T08:47:27.867+0000] {logging_mixin.py:190} INFO - [2024-08-30T08:47:27.867+0000] {dag.py:3211} INFO - Sync 1 DAGs
[2024-08-30T08:47:27.887+0000] {logging_mixin.py:190} INFO - [2024-08-30T08:47:27.887+0000] {dag.py:4138} INFO - Setting next_dagrun for Spark to None, run_after=None
[2024-08-30T08:47:27.907+0000] {processor.py:208} INFO - Processing /opt/airflow/dags/Seoul_spark.py took 0.110 seconds
[2024-08-30T08:48:05.957+0000] {processor.py:186} INFO - Started process (PID=516) to work on /opt/airflow/dags/Seoul_spark.py
[2024-08-30T08:48:05.959+0000] {processor.py:914} INFO - Processing file /opt/airflow/dags/Seoul_spark.py for tasks to queue
[2024-08-30T08:48:05.962+0000] {logging_mixin.py:190} INFO - [2024-08-30T08:48:05.961+0000] {dagbag.py:587} INFO - Filling up the DagBag from /opt/airflow/dags/Seoul_spark.py
[2024-08-30T08:48:05.978+0000] {processor.py:925} INFO - DAG(s) 'Spark' retrieved from /opt/airflow/dags/Seoul_spark.py
[2024-08-30T08:48:06.013+0000] {logging_mixin.py:190} INFO - [2024-08-30T08:48:06.012+0000] {dag.py:3211} INFO - Sync 1 DAGs
[2024-08-30T08:48:06.029+0000] {logging_mixin.py:190} INFO - [2024-08-30T08:48:06.029+0000] {dag.py:4138} INFO - Setting next_dagrun for Spark to None, run_after=None
[2024-08-30T08:48:06.050+0000] {processor.py:208} INFO - Processing /opt/airflow/dags/Seoul_spark.py took 0.101 seconds
[2024-08-30T08:48:36.456+0000] {processor.py:186} INFO - Started process (PID=542) to work on /opt/airflow/dags/Seoul_spark.py
[2024-08-30T08:48:36.457+0000] {processor.py:914} INFO - Processing file /opt/airflow/dags/Seoul_spark.py for tasks to queue
[2024-08-30T08:48:36.460+0000] {logging_mixin.py:190} INFO - [2024-08-30T08:48:36.459+0000] {dagbag.py:587} INFO - Filling up the DagBag from /opt/airflow/dags/Seoul_spark.py
[2024-08-30T08:48:36.476+0000] {processor.py:925} INFO - DAG(s) 'Spark' retrieved from /opt/airflow/dags/Seoul_spark.py
[2024-08-30T08:48:36.512+0000] {logging_mixin.py:190} INFO - [2024-08-30T08:48:36.511+0000] {dag.py:3211} INFO - Sync 1 DAGs
[2024-08-30T08:48:36.529+0000] {logging_mixin.py:190} INFO - [2024-08-30T08:48:36.529+0000] {dag.py:4138} INFO - Setting next_dagrun for Spark to None, run_after=None
[2024-08-30T08:48:36.553+0000] {processor.py:208} INFO - Processing /opt/airflow/dags/Seoul_spark.py took 0.104 seconds
[2024-08-30T08:49:07.408+0000] {processor.py:186} INFO - Started process (PID=568) to work on /opt/airflow/dags/Seoul_spark.py
[2024-08-30T08:49:07.409+0000] {processor.py:914} INFO - Processing file /opt/airflow/dags/Seoul_spark.py for tasks to queue
[2024-08-30T08:49:07.412+0000] {logging_mixin.py:190} INFO - [2024-08-30T08:49:07.412+0000] {dagbag.py:587} INFO - Filling up the DagBag from /opt/airflow/dags/Seoul_spark.py
[2024-08-30T08:49:07.427+0000] {processor.py:925} INFO - DAG(s) 'Spark' retrieved from /opt/airflow/dags/Seoul_spark.py
[2024-08-30T08:49:07.461+0000] {logging_mixin.py:190} INFO - [2024-08-30T08:49:07.460+0000] {dag.py:3211} INFO - Sync 1 DAGs
[2024-08-30T08:49:07.479+0000] {logging_mixin.py:190} INFO - [2024-08-30T08:49:07.478+0000] {dag.py:4138} INFO - Setting next_dagrun for Spark to None, run_after=None
[2024-08-30T08:49:07.502+0000] {processor.py:208} INFO - Processing /opt/airflow/dags/Seoul_spark.py took 0.102 seconds
[2024-08-30T08:49:38.204+0000] {processor.py:186} INFO - Started process (PID=594) to work on /opt/airflow/dags/Seoul_spark.py
[2024-08-30T08:49:38.206+0000] {processor.py:914} INFO - Processing file /opt/airflow/dags/Seoul_spark.py for tasks to queue
[2024-08-30T08:49:38.211+0000] {logging_mixin.py:190} INFO - [2024-08-30T08:49:38.209+0000] {dagbag.py:587} INFO - Filling up the DagBag from /opt/airflow/dags/Seoul_spark.py
[2024-08-30T08:49:38.231+0000] {processor.py:925} INFO - DAG(s) 'Spark' retrieved from /opt/airflow/dags/Seoul_spark.py
[2024-08-30T08:49:38.281+0000] {logging_mixin.py:190} INFO - [2024-08-30T08:49:38.280+0000] {dag.py:3211} INFO - Sync 1 DAGs
[2024-08-30T08:49:38.304+0000] {logging_mixin.py:190} INFO - [2024-08-30T08:49:38.304+0000] {dag.py:4138} INFO - Setting next_dagrun for Spark to None, run_after=None
[2024-08-30T08:49:38.330+0000] {processor.py:208} INFO - Processing /opt/airflow/dags/Seoul_spark.py took 0.136 seconds
[2024-08-30T08:50:08.664+0000] {processor.py:186} INFO - Started process (PID=605) to work on /opt/airflow/dags/Seoul_spark.py
[2024-08-30T08:50:08.665+0000] {processor.py:914} INFO - Processing file /opt/airflow/dags/Seoul_spark.py for tasks to queue
[2024-08-30T08:50:08.670+0000] {logging_mixin.py:190} INFO - [2024-08-30T08:50:08.669+0000] {dagbag.py:587} INFO - Filling up the DagBag from /opt/airflow/dags/Seoul_spark.py
[2024-08-30T08:50:08.697+0000] {processor.py:925} INFO - DAG(s) 'Spark' retrieved from /opt/airflow/dags/Seoul_spark.py
[2024-08-30T08:50:08.751+0000] {logging_mixin.py:190} INFO - [2024-08-30T08:50:08.751+0000] {dag.py:3211} INFO - Sync 1 DAGs
[2024-08-30T08:50:08.779+0000] {logging_mixin.py:190} INFO - [2024-08-30T08:50:08.779+0000] {dag.py:4138} INFO - Setting next_dagrun for Spark to None, run_after=None
[2024-08-30T08:50:08.807+0000] {processor.py:208} INFO - Processing /opt/airflow/dags/Seoul_spark.py took 0.156 seconds
[2024-08-30T08:50:51.505+0000] {processor.py:186} INFO - Started process (PID=642) to work on /opt/airflow/dags/Seoul_spark.py
[2024-08-30T08:50:51.507+0000] {processor.py:914} INFO - Processing file /opt/airflow/dags/Seoul_spark.py for tasks to queue
[2024-08-30T08:50:51.512+0000] {logging_mixin.py:190} INFO - [2024-08-30T08:50:51.511+0000] {dagbag.py:587} INFO - Filling up the DagBag from /opt/airflow/dags/Seoul_spark.py
[2024-08-30T08:50:51.533+0000] {processor.py:925} INFO - DAG(s) 'Spark' retrieved from /opt/airflow/dags/Seoul_spark.py
[2024-08-30T08:50:51.576+0000] {logging_mixin.py:190} INFO - [2024-08-30T08:50:51.575+0000] {dag.py:3211} INFO - Sync 1 DAGs
[2024-08-30T08:50:51.599+0000] {logging_mixin.py:190} INFO - [2024-08-30T08:50:51.598+0000] {dag.py:4138} INFO - Setting next_dagrun for Spark to None, run_after=None
[2024-08-30T08:50:51.623+0000] {processor.py:208} INFO - Processing /opt/airflow/dags/Seoul_spark.py took 0.129 seconds
[2024-08-30T08:51:29.103+0000] {processor.py:186} INFO - Started process (PID=668) to work on /opt/airflow/dags/Seoul_spark.py
[2024-08-30T08:51:29.105+0000] {processor.py:914} INFO - Processing file /opt/airflow/dags/Seoul_spark.py for tasks to queue
[2024-08-30T08:51:29.108+0000] {logging_mixin.py:190} INFO - [2024-08-30T08:51:29.108+0000] {dagbag.py:587} INFO - Filling up the DagBag from /opt/airflow/dags/Seoul_spark.py
[2024-08-30T08:51:29.126+0000] {processor.py:925} INFO - DAG(s) 'Spark' retrieved from /opt/airflow/dags/Seoul_spark.py
[2024-08-30T08:51:29.160+0000] {logging_mixin.py:190} INFO - [2024-08-30T08:51:29.160+0000] {dag.py:3211} INFO - Sync 1 DAGs
[2024-08-30T08:51:29.177+0000] {logging_mixin.py:190} INFO - [2024-08-30T08:51:29.177+0000] {dag.py:4138} INFO - Setting next_dagrun for Spark to None, run_after=None
[2024-08-30T08:51:29.200+0000] {processor.py:208} INFO - Processing /opt/airflow/dags/Seoul_spark.py took 0.105 seconds
[2024-08-30T08:52:06.816+0000] {processor.py:186} INFO - Started process (PID=694) to work on /opt/airflow/dags/Seoul_spark.py
[2024-08-30T08:52:06.820+0000] {processor.py:914} INFO - Processing file /opt/airflow/dags/Seoul_spark.py for tasks to queue
[2024-08-30T08:52:06.824+0000] {logging_mixin.py:190} INFO - [2024-08-30T08:52:06.824+0000] {dagbag.py:587} INFO - Filling up the DagBag from /opt/airflow/dags/Seoul_spark.py
[2024-08-30T08:52:06.866+0000] {processor.py:925} INFO - DAG(s) 'Spark' retrieved from /opt/airflow/dags/Seoul_spark.py
[2024-08-30T08:52:06.925+0000] {logging_mixin.py:190} INFO - [2024-08-30T08:52:06.924+0000] {dag.py:3211} INFO - Sync 1 DAGs
[2024-08-30T08:52:06.985+0000] {logging_mixin.py:190} INFO - [2024-08-30T08:52:06.984+0000] {dag.py:4138} INFO - Setting next_dagrun for Spark to None, run_after=None
[2024-08-30T08:52:07.034+0000] {processor.py:208} INFO - Processing /opt/airflow/dags/Seoul_spark.py took 0.235 seconds
[2024-08-30T08:52:48.731+0000] {processor.py:186} INFO - Started process (PID=726) to work on /opt/airflow/dags/Seoul_spark.py
[2024-08-30T08:52:48.733+0000] {processor.py:914} INFO - Processing file /opt/airflow/dags/Seoul_spark.py for tasks to queue
[2024-08-30T08:52:48.744+0000] {logging_mixin.py:190} INFO - [2024-08-30T08:52:48.743+0000] {dagbag.py:587} INFO - Filling up the DagBag from /opt/airflow/dags/Seoul_spark.py
[2024-08-30T08:52:48.807+0000] {processor.py:925} INFO - DAG(s) 'Spark' retrieved from /opt/airflow/dags/Seoul_spark.py
[2024-08-30T08:52:48.868+0000] {logging_mixin.py:190} INFO - [2024-08-30T08:52:48.867+0000] {dag.py:3211} INFO - Sync 1 DAGs
[2024-08-30T08:52:48.899+0000] {logging_mixin.py:190} INFO - [2024-08-30T08:52:48.899+0000] {dag.py:4138} INFO - Setting next_dagrun for Spark to None, run_after=None
[2024-08-30T08:52:48.928+0000] {processor.py:208} INFO - Processing /opt/airflow/dags/Seoul_spark.py took 0.223 seconds
[2024-08-30T08:53:19.036+0000] {processor.py:186} INFO - Started process (PID=750) to work on /opt/airflow/dags/Seoul_spark.py
[2024-08-30T08:53:19.040+0000] {processor.py:914} INFO - Processing file /opt/airflow/dags/Seoul_spark.py for tasks to queue
[2024-08-30T08:53:19.048+0000] {logging_mixin.py:190} INFO - [2024-08-30T08:53:19.047+0000] {dagbag.py:587} INFO - Filling up the DagBag from /opt/airflow/dags/Seoul_spark.py
[2024-08-30T08:53:19.088+0000] {processor.py:925} INFO - DAG(s) 'Spark' retrieved from /opt/airflow/dags/Seoul_spark.py
[2024-08-30T08:53:19.234+0000] {logging_mixin.py:190} INFO - [2024-08-30T08:53:19.234+0000] {dag.py:3211} INFO - Sync 1 DAGs
[2024-08-30T08:53:19.338+0000] {logging_mixin.py:190} INFO - [2024-08-30T08:53:19.338+0000] {dag.py:4138} INFO - Setting next_dagrun for Spark to None, run_after=None
[2024-08-30T08:53:20.466+0000] {processor.py:208} INFO - Processing /opt/airflow/dags/Seoul_spark.py took 1.444 seconds
[2024-08-30T08:54:08.736+0000] {processor.py:186} INFO - Started process (PID=778) to work on /opt/airflow/dags/Seoul_spark.py
[2024-08-30T08:54:08.740+0000] {processor.py:914} INFO - Processing file /opt/airflow/dags/Seoul_spark.py for tasks to queue
[2024-08-30T08:54:08.746+0000] {logging_mixin.py:190} INFO - [2024-08-30T08:54:08.745+0000] {dagbag.py:587} INFO - Filling up the DagBag from /opt/airflow/dags/Seoul_spark.py
[2024-08-30T08:54:08.772+0000] {processor.py:925} INFO - DAG(s) 'Spark' retrieved from /opt/airflow/dags/Seoul_spark.py
[2024-08-30T08:54:08.846+0000] {logging_mixin.py:190} INFO - [2024-08-30T08:54:08.845+0000] {dag.py:3211} INFO - Sync 1 DAGs
[2024-08-30T08:54:08.871+0000] {logging_mixin.py:190} INFO - [2024-08-30T08:54:08.870+0000] {dag.py:4138} INFO - Setting next_dagrun for Spark to None, run_after=None
[2024-08-30T08:54:08.904+0000] {processor.py:208} INFO - Processing /opt/airflow/dags/Seoul_spark.py took 0.189 seconds
[2024-08-30T08:59:44.702+0000] {processor.py:186} INFO - Started process (PID=209) to work on /opt/airflow/dags/Seoul_spark.py
[2024-08-30T08:59:44.710+0000] {processor.py:914} INFO - Processing file /opt/airflow/dags/Seoul_spark.py for tasks to queue
[2024-08-30T08:59:44.725+0000] {logging_mixin.py:190} INFO - [2024-08-30T08:59:44.721+0000] {dagbag.py:587} INFO - Filling up the DagBag from /opt/airflow/dags/Seoul_spark.py
[2024-08-30T08:59:44.882+0000] {processor.py:925} INFO - DAG(s) 'Spark' retrieved from /opt/airflow/dags/Seoul_spark.py
[2024-08-30T08:59:45.941+0000] {logging_mixin.py:190} INFO - [2024-08-30T08:59:45.939+0000] {override.py:1858} INFO - Created Permission View: can edit on DAG:Spark
[2024-08-30T08:59:49.855+0000] {logging_mixin.py:190} INFO - [2024-08-30T08:59:49.854+0000] {override.py:1858} INFO - Created Permission View: can delete on DAG:Spark
[2024-08-30T08:59:49.891+0000] {logging_mixin.py:190} INFO - [2024-08-30T08:59:49.890+0000] {override.py:1858} INFO - Created Permission View: can read on DAG:Spark
[2024-08-30T08:59:49.893+0000] {logging_mixin.py:190} INFO - [2024-08-30T08:59:49.892+0000] {dag.py:3211} INFO - Sync 1 DAGs
[2024-08-30T08:59:49.936+0000] {logging_mixin.py:190} INFO - [2024-08-30T08:59:49.936+0000] {dag.py:3234} INFO - Creating ORM DAG for Spark
[2024-08-30T08:59:49.939+0000] {logging_mixin.py:190} INFO - [2024-08-30T08:59:49.939+0000] {dag.py:4138} INFO - Setting next_dagrun for Spark to None, run_after=None
[2024-08-30T08:59:50.003+0000] {processor.py:208} INFO - Processing /opt/airflow/dags/Seoul_spark.py took 5.325 seconds
[2024-08-30T09:00:20.364+0000] {processor.py:186} INFO - Started process (PID=235) to work on /opt/airflow/dags/Seoul_spark.py
[2024-08-30T09:00:20.366+0000] {processor.py:914} INFO - Processing file /opt/airflow/dags/Seoul_spark.py for tasks to queue
[2024-08-30T09:00:20.376+0000] {logging_mixin.py:190} INFO - [2024-08-30T09:00:20.375+0000] {dagbag.py:587} INFO - Filling up the DagBag from /opt/airflow/dags/Seoul_spark.py
[2024-08-30T09:00:20.440+0000] {processor.py:925} INFO - DAG(s) 'Spark' retrieved from /opt/airflow/dags/Seoul_spark.py
[2024-08-30T09:00:20.602+0000] {logging_mixin.py:190} INFO - [2024-08-30T09:00:20.595+0000] {dag.py:3211} INFO - Sync 1 DAGs
[2024-08-30T09:00:20.737+0000] {logging_mixin.py:190} INFO - [2024-08-30T09:00:20.736+0000] {dag.py:4138} INFO - Setting next_dagrun for Spark to None, run_after=None
[2024-08-30T09:00:20.780+0000] {processor.py:208} INFO - Processing /opt/airflow/dags/Seoul_spark.py took 0.441 seconds
