[2024-08-24T07:53:15.412+0000] {local_task_job_runner.py:123} INFO - ::group::Pre task execution logs
[2024-08-24T07:53:15.437+0000] {taskinstance.py:2603} INFO - Dependencies all met for dep_context=non-requeueable deps ti=<TaskInstance: my_first_dag.say_hello manual__2024-08-24T07:53:03.237138+00:00 [queued]>
[2024-08-24T07:53:15.448+0000] {taskinstance.py:2603} INFO - Dependencies all met for dep_context=requeueable deps ti=<TaskInstance: my_first_dag.say_hello manual__2024-08-24T07:53:03.237138+00:00 [queued]>
[2024-08-24T07:53:15.449+0000] {taskinstance.py:2856} INFO - Starting attempt 1 of 1
[2024-08-24T07:53:15.465+0000] {taskinstance.py:2879} INFO - Executing <Task(PythonOperator): say_hello> on 2024-08-24 07:53:03.237138+00:00
[2024-08-24T07:53:15.473+0000] {warnings.py:112} WARNING - /home/***/.local/lib/python3.12/site-packages/***/task/task_runner/standard_task_runner.py:70: DeprecationWarning: This process (pid=337) is multi-threaded, use of fork() may lead to deadlocks in the child.
  pid = os.fork()

[2024-08-24T07:53:15.475+0000] {standard_task_runner.py:72} INFO - Started process 339 to run task
[2024-08-24T07:53:15.476+0000] {standard_task_runner.py:104} INFO - Running: ['***', 'tasks', 'run', 'my_first_dag', 'say_hello', 'manual__2024-08-24T07:53:03.237138+00:00', '--job-id', '97', '--raw', '--subdir', 'DAGS_FOLDER/my_first_dag.py', '--cfg-path', '/tmp/tmp4r8bi4ec']
[2024-08-24T07:53:15.477+0000] {standard_task_runner.py:105} INFO - Job 97: Subtask say_hello
[2024-08-24T07:53:15.539+0000] {task_command.py:467} INFO - Running <TaskInstance: my_first_dag.say_hello manual__2024-08-24T07:53:03.237138+00:00 [running]> on host a253ea3f3033
[2024-08-24T07:53:15.645+0000] {taskinstance.py:3122} INFO - Exporting env vars: AIRFLOW_CTX_DAG_OWNER='***' AIRFLOW_CTX_DAG_ID='my_first_dag' AIRFLOW_CTX_TASK_ID='say_hello' AIRFLOW_CTX_EXECUTION_DATE='2024-08-24T07:53:03.237138+00:00' AIRFLOW_CTX_TRY_NUMBER='1' AIRFLOW_CTX_DAG_RUN_ID='manual__2024-08-24T07:53:03.237138+00:00'
[2024-08-24T07:53:15.647+0000] {logging_mixin.py:190} INFO - Task instance is in running state
[2024-08-24T07:53:15.648+0000] {logging_mixin.py:190} INFO -  Previous state of the Task instance: queued
[2024-08-24T07:53:15.649+0000] {logging_mixin.py:190} INFO - Current task name:say_hello state:running start_date:2024-08-24 07:53:15.438367+00:00
[2024-08-24T07:53:15.649+0000] {logging_mixin.py:190} INFO - Dag name:my_first_dag and current dag run status:running
[2024-08-24T07:53:15.650+0000] {taskinstance.py:731} INFO - ::endgroup::
[2024-08-24T07:53:15.651+0000] {my_first_dag.py:10} INFO - Hello
[2024-08-24T07:53:15.652+0000] {python.py:240} INFO - Done. Returned value was: None
[2024-08-24T07:53:15.666+0000] {taskinstance.py:340} INFO - ::group::Post task execution logs
[2024-08-24T07:53:15.668+0000] {taskinstance.py:352} INFO - Marking task as SUCCESS. dag_id=my_first_dag, task_id=say_hello, run_id=manual__2024-08-24T07:53:03.237138+00:00, execution_date=20240824T075303, start_date=20240824T075315, end_date=20240824T075315
[2024-08-24T07:53:15.680+0000] {logging_mixin.py:190} INFO - Task instance in success state
[2024-08-24T07:53:15.681+0000] {logging_mixin.py:190} INFO -  Previous state of the Task instance: running
[2024-08-24T07:53:15.682+0000] {logging_mixin.py:190} INFO - Dag name:my_first_dag queued_at:2024-08-24 07:53:03.347944+00:00
[2024-08-24T07:53:15.683+0000] {logging_mixin.py:190} INFO - Task hostname:a253ea3f3033 operator:PythonOperator
[2024-08-24T07:53:15.701+0000] {local_task_job_runner.py:261} INFO - Task exited with return code 0
[2024-08-24T07:53:15.747+0000] {taskinstance.py:3891} INFO - 0 downstream tasks scheduled from follow-on schedule check
[2024-08-24T07:53:15.758+0000] {local_task_job_runner.py:240} INFO - ::endgroup::
