[2024-08-26T10:34:40.242+0000] {processor.py:186} INFO - Started process (PID=50) to work on /opt/airflow/dags/my_first_dag.py
[2024-08-26T10:34:40.245+0000] {processor.py:914} INFO - Processing file /opt/airflow/dags/my_first_dag.py for tasks to queue
[2024-08-26T10:34:40.251+0000] {logging_mixin.py:190} INFO - [2024-08-26T10:34:40.250+0000] {dagbag.py:587} INFO - Filling up the DagBag from /opt/airflow/dags/my_first_dag.py
[2024-08-26T10:34:40.275+0000] {processor.py:925} INFO - DAG(s) 'my_first_dag' retrieved from /opt/airflow/dags/my_first_dag.py
[2024-08-26T10:34:40.344+0000] {logging_mixin.py:190} INFO - [2024-08-26T10:34:40.344+0000] {dag.py:3211} INFO - Sync 1 DAGs
[2024-08-26T10:34:40.372+0000] {logging_mixin.py:190} INFO - [2024-08-26T10:34:40.371+0000] {dag.py:4138} INFO - Setting next_dagrun for my_first_dag to None, run_after=None
[2024-08-26T10:34:40.405+0000] {processor.py:208} INFO - Processing /opt/airflow/dags/my_first_dag.py took 0.175 seconds
[2024-08-26T10:35:23.957+0000] {processor.py:186} INFO - Started process (PID=122) to work on /opt/airflow/dags/my_first_dag.py
[2024-08-26T10:35:23.958+0000] {processor.py:914} INFO - Processing file /opt/airflow/dags/my_first_dag.py for tasks to queue
[2024-08-26T10:35:23.961+0000] {logging_mixin.py:190} INFO - [2024-08-26T10:35:23.961+0000] {dagbag.py:587} INFO - Filling up the DagBag from /opt/airflow/dags/my_first_dag.py
[2024-08-26T10:35:23.977+0000] {processor.py:925} INFO - DAG(s) 'my_first_dag' retrieved from /opt/airflow/dags/my_first_dag.py
[2024-08-26T10:35:24.007+0000] {logging_mixin.py:190} INFO - [2024-08-26T10:35:24.007+0000] {dag.py:3211} INFO - Sync 1 DAGs
[2024-08-26T10:35:24.028+0000] {logging_mixin.py:190} INFO - [2024-08-26T10:35:24.027+0000] {dag.py:4138} INFO - Setting next_dagrun for my_first_dag to None, run_after=None
[2024-08-26T10:35:24.057+0000] {processor.py:208} INFO - Processing /opt/airflow/dags/my_first_dag.py took 0.108 seconds
[2024-08-26T10:37:58.944+0000] {processor.py:186} INFO - Started process (PID=50) to work on /opt/airflow/dags/my_first_dag.py
[2024-08-26T10:37:58.946+0000] {processor.py:914} INFO - Processing file /opt/airflow/dags/my_first_dag.py for tasks to queue
[2024-08-26T10:37:58.950+0000] {logging_mixin.py:190} INFO - [2024-08-26T10:37:58.950+0000] {dagbag.py:587} INFO - Filling up the DagBag from /opt/airflow/dags/my_first_dag.py
[2024-08-26T10:37:58.975+0000] {processor.py:925} INFO - DAG(s) 'my_first_dag' retrieved from /opt/airflow/dags/my_first_dag.py
[2024-08-26T10:37:59.069+0000] {logging_mixin.py:190} INFO - [2024-08-26T10:37:59.068+0000] {dag.py:3211} INFO - Sync 1 DAGs
[2024-08-26T10:37:59.093+0000] {logging_mixin.py:190} INFO - [2024-08-26T10:37:59.092+0000] {dag.py:4138} INFO - Setting next_dagrun for my_first_dag to None, run_after=None
[2024-08-26T10:37:59.124+0000] {processor.py:208} INFO - Processing /opt/airflow/dags/my_first_dag.py took 0.189 seconds
[2024-08-26T10:38:40.193+0000] {processor.py:186} INFO - Started process (PID=116) to work on /opt/airflow/dags/my_first_dag.py
[2024-08-26T10:38:40.195+0000] {processor.py:914} INFO - Processing file /opt/airflow/dags/my_first_dag.py for tasks to queue
[2024-08-26T10:38:40.200+0000] {logging_mixin.py:190} INFO - [2024-08-26T10:38:40.200+0000] {dagbag.py:587} INFO - Filling up the DagBag from /opt/airflow/dags/my_first_dag.py
[2024-08-26T10:38:40.220+0000] {processor.py:925} INFO - DAG(s) 'my_first_dag' retrieved from /opt/airflow/dags/my_first_dag.py
[2024-08-26T10:38:40.254+0000] {logging_mixin.py:190} INFO - [2024-08-26T10:38:40.254+0000] {dag.py:3211} INFO - Sync 1 DAGs
[2024-08-26T10:38:40.276+0000] {logging_mixin.py:190} INFO - [2024-08-26T10:38:40.276+0000] {dag.py:4138} INFO - Setting next_dagrun for my_first_dag to None, run_after=None
[2024-08-26T10:38:40.324+0000] {processor.py:208} INFO - Processing /opt/airflow/dags/my_first_dag.py took 0.140 seconds
[2024-08-26T10:39:17.513+0000] {processor.py:186} INFO - Started process (PID=182) to work on /opt/airflow/dags/my_first_dag.py
[2024-08-26T10:39:17.515+0000] {processor.py:914} INFO - Processing file /opt/airflow/dags/my_first_dag.py for tasks to queue
[2024-08-26T10:39:17.519+0000] {logging_mixin.py:190} INFO - [2024-08-26T10:39:17.518+0000] {dagbag.py:587} INFO - Filling up the DagBag from /opt/airflow/dags/my_first_dag.py
[2024-08-26T10:39:17.533+0000] {processor.py:925} INFO - DAG(s) 'my_first_dag' retrieved from /opt/airflow/dags/my_first_dag.py
[2024-08-26T10:39:17.565+0000] {logging_mixin.py:190} INFO - [2024-08-26T10:39:17.565+0000] {dag.py:3211} INFO - Sync 1 DAGs
[2024-08-26T10:39:17.585+0000] {logging_mixin.py:190} INFO - [2024-08-26T10:39:17.584+0000] {dag.py:4138} INFO - Setting next_dagrun for my_first_dag to None, run_after=None
[2024-08-26T10:39:17.611+0000] {processor.py:208} INFO - Processing /opt/airflow/dags/my_first_dag.py took 0.107 seconds
[2024-08-26T10:39:57.197+0000] {processor.py:186} INFO - Started process (PID=249) to work on /opt/airflow/dags/my_first_dag.py
[2024-08-26T10:39:57.199+0000] {processor.py:914} INFO - Processing file /opt/airflow/dags/my_first_dag.py for tasks to queue
[2024-08-26T10:39:57.219+0000] {logging_mixin.py:190} INFO - [2024-08-26T10:39:57.210+0000] {dagbag.py:587} INFO - Filling up the DagBag from /opt/airflow/dags/my_first_dag.py
[2024-08-26T10:39:57.619+0000] {processor.py:925} INFO - DAG(s) 'my_first_dag' retrieved from /opt/airflow/dags/my_first_dag.py
[2024-08-26T10:39:57.691+0000] {logging_mixin.py:190} INFO - [2024-08-26T10:39:57.690+0000] {dag.py:3211} INFO - Sync 1 DAGs
[2024-08-26T10:39:57.737+0000] {logging_mixin.py:190} INFO - [2024-08-26T10:39:57.737+0000] {dag.py:4138} INFO - Setting next_dagrun for my_first_dag to None, run_after=None
[2024-08-26T10:39:57.787+0000] {processor.py:208} INFO - Processing /opt/airflow/dags/my_first_dag.py took 0.618 seconds
[2024-08-26T10:40:41.480+0000] {processor.py:186} INFO - Started process (PID=323) to work on /opt/airflow/dags/my_first_dag.py
[2024-08-26T10:40:41.482+0000] {processor.py:914} INFO - Processing file /opt/airflow/dags/my_first_dag.py for tasks to queue
[2024-08-26T10:40:41.487+0000] {logging_mixin.py:190} INFO - [2024-08-26T10:40:41.486+0000] {dagbag.py:587} INFO - Filling up the DagBag from /opt/airflow/dags/my_first_dag.py
[2024-08-26T10:40:41.502+0000] {processor.py:925} INFO - DAG(s) 'my_first_dag' retrieved from /opt/airflow/dags/my_first_dag.py
[2024-08-26T10:40:41.531+0000] {logging_mixin.py:190} INFO - [2024-08-26T10:40:41.531+0000] {dag.py:3211} INFO - Sync 1 DAGs
[2024-08-26T10:40:41.551+0000] {logging_mixin.py:190} INFO - [2024-08-26T10:40:41.551+0000] {dag.py:4138} INFO - Setting next_dagrun for my_first_dag to None, run_after=None
[2024-08-26T10:40:41.580+0000] {processor.py:208} INFO - Processing /opt/airflow/dags/my_first_dag.py took 0.112 seconds
[2024-08-26T10:41:19.363+0000] {processor.py:186} INFO - Started process (PID=389) to work on /opt/airflow/dags/my_first_dag.py
[2024-08-26T10:41:19.364+0000] {processor.py:914} INFO - Processing file /opt/airflow/dags/my_first_dag.py for tasks to queue
[2024-08-26T10:41:19.368+0000] {logging_mixin.py:190} INFO - [2024-08-26T10:41:19.367+0000] {dagbag.py:587} INFO - Filling up the DagBag from /opt/airflow/dags/my_first_dag.py
[2024-08-26T10:41:19.381+0000] {processor.py:925} INFO - DAG(s) 'my_first_dag' retrieved from /opt/airflow/dags/my_first_dag.py
[2024-08-26T10:41:19.407+0000] {logging_mixin.py:190} INFO - [2024-08-26T10:41:19.407+0000] {dag.py:3211} INFO - Sync 1 DAGs
[2024-08-26T10:41:19.425+0000] {logging_mixin.py:190} INFO - [2024-08-26T10:41:19.425+0000] {dag.py:4138} INFO - Setting next_dagrun for my_first_dag to None, run_after=None
[2024-08-26T10:41:19.446+0000] {processor.py:208} INFO - Processing /opt/airflow/dags/my_first_dag.py took 0.090 seconds
[2024-08-26T10:41:57.785+0000] {processor.py:186} INFO - Started process (PID=455) to work on /opt/airflow/dags/my_first_dag.py
[2024-08-26T10:41:57.786+0000] {processor.py:914} INFO - Processing file /opt/airflow/dags/my_first_dag.py for tasks to queue
[2024-08-26T10:41:57.792+0000] {logging_mixin.py:190} INFO - [2024-08-26T10:41:57.791+0000] {dagbag.py:587} INFO - Filling up the DagBag from /opt/airflow/dags/my_first_dag.py
[2024-08-26T10:41:57.811+0000] {processor.py:925} INFO - DAG(s) 'my_first_dag' retrieved from /opt/airflow/dags/my_first_dag.py
[2024-08-26T10:41:57.847+0000] {logging_mixin.py:190} INFO - [2024-08-26T10:41:57.846+0000] {dag.py:3211} INFO - Sync 1 DAGs
[2024-08-26T10:41:57.869+0000] {logging_mixin.py:190} INFO - [2024-08-26T10:41:57.868+0000] {dag.py:4138} INFO - Setting next_dagrun for my_first_dag to None, run_after=None
[2024-08-26T10:41:57.904+0000] {processor.py:208} INFO - Processing /opt/airflow/dags/my_first_dag.py took 0.128 seconds
[2024-08-26T10:42:50.159+0000] {processor.py:186} INFO - Started process (PID=527) to work on /opt/airflow/dags/my_first_dag.py
[2024-08-26T10:42:50.161+0000] {processor.py:914} INFO - Processing file /opt/airflow/dags/my_first_dag.py for tasks to queue
[2024-08-26T10:42:50.164+0000] {logging_mixin.py:190} INFO - [2024-08-26T10:42:50.163+0000] {dagbag.py:587} INFO - Filling up the DagBag from /opt/airflow/dags/my_first_dag.py
[2024-08-26T10:42:50.198+0000] {processor.py:925} INFO - DAG(s) 'my_first_dag' retrieved from /opt/airflow/dags/my_first_dag.py
[2024-08-26T10:42:50.242+0000] {logging_mixin.py:190} INFO - [2024-08-26T10:42:50.241+0000] {dag.py:3211} INFO - Sync 1 DAGs
[2024-08-26T10:42:50.265+0000] {logging_mixin.py:190} INFO - [2024-08-26T10:42:50.265+0000] {dag.py:4138} INFO - Setting next_dagrun for my_first_dag to None, run_after=None
[2024-08-26T10:42:50.290+0000] {processor.py:208} INFO - Processing /opt/airflow/dags/my_first_dag.py took 0.144 seconds
[2024-08-26T10:43:31.763+0000] {processor.py:186} INFO - Started process (PID=598) to work on /opt/airflow/dags/my_first_dag.py
[2024-08-26T10:43:31.765+0000] {processor.py:914} INFO - Processing file /opt/airflow/dags/my_first_dag.py for tasks to queue
[2024-08-26T10:43:31.771+0000] {logging_mixin.py:190} INFO - [2024-08-26T10:43:31.767+0000] {dagbag.py:587} INFO - Filling up the DagBag from /opt/airflow/dags/my_first_dag.py
[2024-08-26T10:43:31.819+0000] {processor.py:925} INFO - DAG(s) 'my_first_dag' retrieved from /opt/airflow/dags/my_first_dag.py
[2024-08-26T10:43:31.871+0000] {logging_mixin.py:190} INFO - [2024-08-26T10:43:31.871+0000] {dag.py:3211} INFO - Sync 1 DAGs
[2024-08-26T10:43:31.900+0000] {logging_mixin.py:190} INFO - [2024-08-26T10:43:31.900+0000] {dag.py:4138} INFO - Setting next_dagrun for my_first_dag to None, run_after=None
[2024-08-26T10:43:31.933+0000] {processor.py:208} INFO - Processing /opt/airflow/dags/my_first_dag.py took 0.183 seconds
[2024-08-26T10:44:10.773+0000] {processor.py:186} INFO - Started process (PID=673) to work on /opt/airflow/dags/my_first_dag.py
[2024-08-26T10:44:10.775+0000] {processor.py:914} INFO - Processing file /opt/airflow/dags/my_first_dag.py for tasks to queue
[2024-08-26T10:44:10.777+0000] {logging_mixin.py:190} INFO - [2024-08-26T10:44:10.777+0000] {dagbag.py:587} INFO - Filling up the DagBag from /opt/airflow/dags/my_first_dag.py
[2024-08-26T10:44:10.792+0000] {processor.py:925} INFO - DAG(s) 'my_first_dag' retrieved from /opt/airflow/dags/my_first_dag.py
[2024-08-26T10:44:10.827+0000] {logging_mixin.py:190} INFO - [2024-08-26T10:44:10.827+0000] {dag.py:3211} INFO - Sync 1 DAGs
[2024-08-26T10:44:10.882+0000] {logging_mixin.py:190} INFO - [2024-08-26T10:44:10.882+0000] {dag.py:4138} INFO - Setting next_dagrun for my_first_dag to None, run_after=None
[2024-08-26T10:44:10.912+0000] {processor.py:208} INFO - Processing /opt/airflow/dags/my_first_dag.py took 0.147 seconds
[2024-08-26T10:44:50.016+0000] {processor.py:186} INFO - Started process (PID=739) to work on /opt/airflow/dags/my_first_dag.py
[2024-08-26T10:44:50.017+0000] {processor.py:914} INFO - Processing file /opt/airflow/dags/my_first_dag.py for tasks to queue
[2024-08-26T10:44:50.019+0000] {logging_mixin.py:190} INFO - [2024-08-26T10:44:50.018+0000] {dagbag.py:587} INFO - Filling up the DagBag from /opt/airflow/dags/my_first_dag.py
[2024-08-26T10:44:50.031+0000] {processor.py:925} INFO - DAG(s) 'my_first_dag' retrieved from /opt/airflow/dags/my_first_dag.py
[2024-08-26T10:44:50.055+0000] {logging_mixin.py:190} INFO - [2024-08-26T10:44:50.055+0000] {dag.py:3211} INFO - Sync 1 DAGs
[2024-08-26T10:44:50.070+0000] {logging_mixin.py:190} INFO - [2024-08-26T10:44:50.070+0000] {dag.py:4138} INFO - Setting next_dagrun for my_first_dag to None, run_after=None
[2024-08-26T10:44:50.090+0000] {processor.py:208} INFO - Processing /opt/airflow/dags/my_first_dag.py took 0.080 seconds
[2024-08-26T10:45:30.648+0000] {processor.py:186} INFO - Started process (PID=814) to work on /opt/airflow/dags/my_first_dag.py
[2024-08-26T10:45:30.651+0000] {processor.py:914} INFO - Processing file /opt/airflow/dags/my_first_dag.py for tasks to queue
[2024-08-26T10:45:30.654+0000] {logging_mixin.py:190} INFO - [2024-08-26T10:45:30.653+0000] {dagbag.py:587} INFO - Filling up the DagBag from /opt/airflow/dags/my_first_dag.py
[2024-08-26T10:45:30.675+0000] {processor.py:925} INFO - DAG(s) 'my_first_dag' retrieved from /opt/airflow/dags/my_first_dag.py
[2024-08-26T10:45:30.717+0000] {logging_mixin.py:190} INFO - [2024-08-26T10:45:30.717+0000] {dag.py:3211} INFO - Sync 1 DAGs
[2024-08-26T10:45:30.750+0000] {logging_mixin.py:190} INFO - [2024-08-26T10:45:30.749+0000] {dag.py:4138} INFO - Setting next_dagrun for my_first_dag to None, run_after=None
[2024-08-26T10:45:30.785+0000] {processor.py:208} INFO - Processing /opt/airflow/dags/my_first_dag.py took 0.149 seconds
[2024-08-26T10:46:09.804+0000] {processor.py:186} INFO - Started process (PID=887) to work on /opt/airflow/dags/my_first_dag.py
[2024-08-26T10:46:09.806+0000] {processor.py:914} INFO - Processing file /opt/airflow/dags/my_first_dag.py for tasks to queue
[2024-08-26T10:46:09.808+0000] {logging_mixin.py:190} INFO - [2024-08-26T10:46:09.808+0000] {dagbag.py:587} INFO - Filling up the DagBag from /opt/airflow/dags/my_first_dag.py
[2024-08-26T10:46:09.827+0000] {processor.py:925} INFO - DAG(s) 'my_first_dag' retrieved from /opt/airflow/dags/my_first_dag.py
[2024-08-26T10:46:09.869+0000] {logging_mixin.py:190} INFO - [2024-08-26T10:46:09.869+0000] {dag.py:3211} INFO - Sync 1 DAGs
[2024-08-26T10:46:09.889+0000] {logging_mixin.py:190} INFO - [2024-08-26T10:46:09.889+0000] {dag.py:4138} INFO - Setting next_dagrun for my_first_dag to None, run_after=None
[2024-08-26T10:46:09.914+0000] {processor.py:208} INFO - Processing /opt/airflow/dags/my_first_dag.py took 0.120 seconds
[2024-08-26T10:46:48.395+0000] {processor.py:186} INFO - Started process (PID=953) to work on /opt/airflow/dags/my_first_dag.py
[2024-08-26T10:46:48.397+0000] {processor.py:914} INFO - Processing file /opt/airflow/dags/my_first_dag.py for tasks to queue
[2024-08-26T10:46:48.399+0000] {logging_mixin.py:190} INFO - [2024-08-26T10:46:48.399+0000] {dagbag.py:587} INFO - Filling up the DagBag from /opt/airflow/dags/my_first_dag.py
[2024-08-26T10:46:48.416+0000] {processor.py:925} INFO - DAG(s) 'my_first_dag' retrieved from /opt/airflow/dags/my_first_dag.py
[2024-08-26T10:46:48.447+0000] {logging_mixin.py:190} INFO - [2024-08-26T10:46:48.446+0000] {dag.py:3211} INFO - Sync 1 DAGs
[2024-08-26T10:46:48.467+0000] {logging_mixin.py:190} INFO - [2024-08-26T10:46:48.467+0000] {dag.py:4138} INFO - Setting next_dagrun for my_first_dag to None, run_after=None
[2024-08-26T10:46:48.493+0000] {processor.py:208} INFO - Processing /opt/airflow/dags/my_first_dag.py took 0.109 seconds
[2024-08-26T10:47:28.024+0000] {processor.py:186} INFO - Started process (PID=1028) to work on /opt/airflow/dags/my_first_dag.py
[2024-08-26T10:47:28.026+0000] {processor.py:914} INFO - Processing file /opt/airflow/dags/my_first_dag.py for tasks to queue
[2024-08-26T10:47:28.029+0000] {logging_mixin.py:190} INFO - [2024-08-26T10:47:28.028+0000] {dagbag.py:587} INFO - Filling up the DagBag from /opt/airflow/dags/my_first_dag.py
[2024-08-26T10:47:28.049+0000] {processor.py:925} INFO - DAG(s) 'my_first_dag' retrieved from /opt/airflow/dags/my_first_dag.py
[2024-08-26T10:47:28.089+0000] {logging_mixin.py:190} INFO - [2024-08-26T10:47:28.088+0000] {dag.py:3211} INFO - Sync 1 DAGs
[2024-08-26T10:47:28.115+0000] {logging_mixin.py:190} INFO - [2024-08-26T10:47:28.115+0000] {dag.py:4138} INFO - Setting next_dagrun for my_first_dag to None, run_after=None
[2024-08-26T10:47:28.146+0000] {processor.py:208} INFO - Processing /opt/airflow/dags/my_first_dag.py took 0.132 seconds
[2024-08-26T10:48:19.195+0000] {processor.py:186} INFO - Started process (PID=1102) to work on /opt/airflow/dags/my_first_dag.py
[2024-08-26T10:48:19.197+0000] {processor.py:914} INFO - Processing file /opt/airflow/dags/my_first_dag.py for tasks to queue
[2024-08-26T10:48:19.199+0000] {logging_mixin.py:190} INFO - [2024-08-26T10:48:19.198+0000] {dagbag.py:587} INFO - Filling up the DagBag from /opt/airflow/dags/my_first_dag.py
[2024-08-26T10:48:19.212+0000] {processor.py:925} INFO - DAG(s) 'my_first_dag' retrieved from /opt/airflow/dags/my_first_dag.py
[2024-08-26T10:48:19.245+0000] {logging_mixin.py:190} INFO - [2024-08-26T10:48:19.245+0000] {dag.py:3211} INFO - Sync 1 DAGs
[2024-08-26T10:48:19.264+0000] {logging_mixin.py:190} INFO - [2024-08-26T10:48:19.264+0000] {dag.py:4138} INFO - Setting next_dagrun for my_first_dag to None, run_after=None
[2024-08-26T10:48:19.285+0000] {processor.py:208} INFO - Processing /opt/airflow/dags/my_first_dag.py took 0.099 seconds
[2024-08-26T10:49:01.027+0000] {processor.py:186} INFO - Started process (PID=1177) to work on /opt/airflow/dags/my_first_dag.py
[2024-08-26T10:49:01.030+0000] {processor.py:914} INFO - Processing file /opt/airflow/dags/my_first_dag.py for tasks to queue
[2024-08-26T10:49:01.035+0000] {logging_mixin.py:190} INFO - [2024-08-26T10:49:01.034+0000] {dagbag.py:587} INFO - Filling up the DagBag from /opt/airflow/dags/my_first_dag.py
[2024-08-26T10:49:01.062+0000] {processor.py:925} INFO - DAG(s) 'my_first_dag' retrieved from /opt/airflow/dags/my_first_dag.py
[2024-08-26T10:49:01.140+0000] {logging_mixin.py:190} INFO - [2024-08-26T10:49:01.140+0000] {dag.py:3211} INFO - Sync 1 DAGs
[2024-08-26T10:49:01.179+0000] {logging_mixin.py:190} INFO - [2024-08-26T10:49:01.179+0000] {dag.py:4138} INFO - Setting next_dagrun for my_first_dag to None, run_after=None
[2024-08-26T10:49:01.229+0000] {processor.py:208} INFO - Processing /opt/airflow/dags/my_first_dag.py took 0.221 seconds
[2024-08-26T10:49:41.106+0000] {processor.py:186} INFO - Started process (PID=1248) to work on /opt/airflow/dags/my_first_dag.py
[2024-08-26T10:49:41.109+0000] {processor.py:914} INFO - Processing file /opt/airflow/dags/my_first_dag.py for tasks to queue
[2024-08-26T10:49:41.114+0000] {logging_mixin.py:190} INFO - [2024-08-26T10:49:41.112+0000] {dagbag.py:587} INFO - Filling up the DagBag from /opt/airflow/dags/my_first_dag.py
[2024-08-26T10:49:41.157+0000] {processor.py:925} INFO - DAG(s) 'my_first_dag' retrieved from /opt/airflow/dags/my_first_dag.py
[2024-08-26T10:49:41.204+0000] {logging_mixin.py:190} INFO - [2024-08-26T10:49:41.203+0000] {dag.py:3211} INFO - Sync 1 DAGs
[2024-08-26T10:49:41.231+0000] {logging_mixin.py:190} INFO - [2024-08-26T10:49:41.230+0000] {dag.py:4138} INFO - Setting next_dagrun for my_first_dag to None, run_after=None
[2024-08-26T10:49:41.261+0000] {processor.py:208} INFO - Processing /opt/airflow/dags/my_first_dag.py took 0.179 seconds
[2024-08-26T15:09:22.932+0000] {processor.py:186} INFO - Started process (PID=44) to work on /opt/airflow/dags/my_first_dag.py
[2024-08-26T15:09:22.934+0000] {processor.py:914} INFO - Processing file /opt/airflow/dags/my_first_dag.py for tasks to queue
[2024-08-26T15:09:22.938+0000] {logging_mixin.py:190} INFO - [2024-08-26T15:09:22.938+0000] {dagbag.py:587} INFO - Filling up the DagBag from /opt/airflow/dags/my_first_dag.py
[2024-08-26T15:09:22.957+0000] {processor.py:925} INFO - DAG(s) 'my_first_dag' retrieved from /opt/airflow/dags/my_first_dag.py
[2024-08-26T15:09:23.001+0000] {logging_mixin.py:190} INFO - [2024-08-26T15:09:23.000+0000] {dag.py:3211} INFO - Sync 1 DAGs
[2024-08-26T15:09:23.020+0000] {logging_mixin.py:190} INFO - [2024-08-26T15:09:23.020+0000] {dag.py:4138} INFO - Setting next_dagrun for my_first_dag to None, run_after=None
[2024-08-26T15:09:23.051+0000] {processor.py:208} INFO - Processing /opt/airflow/dags/my_first_dag.py took 0.127 seconds
[2024-08-26T15:10:06.701+0000] {processor.py:186} INFO - Started process (PID=116) to work on /opt/airflow/dags/my_first_dag.py
[2024-08-26T15:10:06.702+0000] {processor.py:914} INFO - Processing file /opt/airflow/dags/my_first_dag.py for tasks to queue
[2024-08-26T15:10:06.706+0000] {logging_mixin.py:190} INFO - [2024-08-26T15:10:06.706+0000] {dagbag.py:587} INFO - Filling up the DagBag from /opt/airflow/dags/my_first_dag.py
[2024-08-26T15:10:06.721+0000] {processor.py:925} INFO - DAG(s) 'my_first_dag' retrieved from /opt/airflow/dags/my_first_dag.py
[2024-08-26T15:10:06.751+0000] {logging_mixin.py:190} INFO - [2024-08-26T15:10:06.751+0000] {dag.py:3211} INFO - Sync 1 DAGs
[2024-08-26T15:10:06.771+0000] {logging_mixin.py:190} INFO - [2024-08-26T15:10:06.770+0000] {dag.py:4138} INFO - Setting next_dagrun for my_first_dag to None, run_after=None
[2024-08-26T15:10:06.793+0000] {processor.py:208} INFO - Processing /opt/airflow/dags/my_first_dag.py took 0.099 seconds
[2024-08-26T15:10:45.134+0000] {processor.py:186} INFO - Started process (PID=182) to work on /opt/airflow/dags/my_first_dag.py
[2024-08-26T15:10:45.135+0000] {processor.py:914} INFO - Processing file /opt/airflow/dags/my_first_dag.py for tasks to queue
[2024-08-26T15:10:45.138+0000] {logging_mixin.py:190} INFO - [2024-08-26T15:10:45.138+0000] {dagbag.py:587} INFO - Filling up the DagBag from /opt/airflow/dags/my_first_dag.py
[2024-08-26T15:10:45.152+0000] {processor.py:925} INFO - DAG(s) 'my_first_dag' retrieved from /opt/airflow/dags/my_first_dag.py
[2024-08-26T15:10:45.180+0000] {logging_mixin.py:190} INFO - [2024-08-26T15:10:45.179+0000] {dag.py:3211} INFO - Sync 1 DAGs
[2024-08-26T15:10:45.199+0000] {logging_mixin.py:190} INFO - [2024-08-26T15:10:45.198+0000] {dag.py:4138} INFO - Setting next_dagrun for my_first_dag to None, run_after=None
[2024-08-26T15:10:45.221+0000] {processor.py:208} INFO - Processing /opt/airflow/dags/my_first_dag.py took 0.094 seconds
[2024-08-26T15:11:22.297+0000] {processor.py:186} INFO - Started process (PID=249) to work on /opt/airflow/dags/my_first_dag.py
[2024-08-26T15:11:22.298+0000] {processor.py:914} INFO - Processing file /opt/airflow/dags/my_first_dag.py for tasks to queue
[2024-08-26T15:11:22.301+0000] {logging_mixin.py:190} INFO - [2024-08-26T15:11:22.301+0000] {dagbag.py:587} INFO - Filling up the DagBag from /opt/airflow/dags/my_first_dag.py
[2024-08-26T15:11:22.317+0000] {processor.py:925} INFO - DAG(s) 'my_first_dag' retrieved from /opt/airflow/dags/my_first_dag.py
[2024-08-26T15:11:22.347+0000] {logging_mixin.py:190} INFO - [2024-08-26T15:11:22.347+0000] {dag.py:3211} INFO - Sync 1 DAGs
[2024-08-26T15:11:22.365+0000] {logging_mixin.py:190} INFO - [2024-08-26T15:11:22.365+0000] {dag.py:4138} INFO - Setting next_dagrun for my_first_dag to None, run_after=None
[2024-08-26T15:11:22.388+0000] {processor.py:208} INFO - Processing /opt/airflow/dags/my_first_dag.py took 0.099 seconds
[2024-08-26T15:12:00.830+0000] {processor.py:186} INFO - Started process (PID=321) to work on /opt/airflow/dags/my_first_dag.py
[2024-08-26T15:12:00.831+0000] {processor.py:914} INFO - Processing file /opt/airflow/dags/my_first_dag.py for tasks to queue
[2024-08-26T15:12:00.834+0000] {logging_mixin.py:190} INFO - [2024-08-26T15:12:00.834+0000] {dagbag.py:587} INFO - Filling up the DagBag from /opt/airflow/dags/my_first_dag.py
[2024-08-26T15:12:00.848+0000] {processor.py:925} INFO - DAG(s) 'my_first_dag' retrieved from /opt/airflow/dags/my_first_dag.py
[2024-08-26T15:12:00.878+0000] {logging_mixin.py:190} INFO - [2024-08-26T15:12:00.878+0000] {dag.py:3211} INFO - Sync 1 DAGs
[2024-08-26T15:12:00.901+0000] {logging_mixin.py:190} INFO - [2024-08-26T15:12:00.901+0000] {dag.py:4138} INFO - Setting next_dagrun for my_first_dag to None, run_after=None
[2024-08-26T15:12:00.929+0000] {processor.py:208} INFO - Processing /opt/airflow/dags/my_first_dag.py took 0.107 seconds
[2024-08-26T15:12:40.361+0000] {processor.py:186} INFO - Started process (PID=387) to work on /opt/airflow/dags/my_first_dag.py
[2024-08-26T15:12:40.362+0000] {processor.py:914} INFO - Processing file /opt/airflow/dags/my_first_dag.py for tasks to queue
[2024-08-26T15:12:40.366+0000] {logging_mixin.py:190} INFO - [2024-08-26T15:12:40.365+0000] {dagbag.py:587} INFO - Filling up the DagBag from /opt/airflow/dags/my_first_dag.py
[2024-08-26T15:12:40.380+0000] {processor.py:925} INFO - DAG(s) 'my_first_dag' retrieved from /opt/airflow/dags/my_first_dag.py
[2024-08-26T15:12:40.409+0000] {logging_mixin.py:190} INFO - [2024-08-26T15:12:40.408+0000] {dag.py:3211} INFO - Sync 1 DAGs
[2024-08-26T15:12:40.429+0000] {logging_mixin.py:190} INFO - [2024-08-26T15:12:40.428+0000] {dag.py:4138} INFO - Setting next_dagrun for my_first_dag to None, run_after=None
[2024-08-26T15:12:40.452+0000] {processor.py:208} INFO - Processing /opt/airflow/dags/my_first_dag.py took 0.100 seconds
[2024-08-26T15:13:29.804+0000] {processor.py:186} INFO - Started process (PID=470) to work on /opt/airflow/dags/my_first_dag.py
[2024-08-26T15:13:29.806+0000] {processor.py:914} INFO - Processing file /opt/airflow/dags/my_first_dag.py for tasks to queue
[2024-08-26T15:13:29.811+0000] {logging_mixin.py:190} INFO - [2024-08-26T15:13:29.811+0000] {dagbag.py:587} INFO - Filling up the DagBag from /opt/airflow/dags/my_first_dag.py
[2024-08-26T15:13:29.834+0000] {processor.py:925} INFO - DAG(s) 'my_first_dag' retrieved from /opt/airflow/dags/my_first_dag.py
[2024-08-26T15:13:29.873+0000] {logging_mixin.py:190} INFO - [2024-08-26T15:13:29.873+0000] {dag.py:3211} INFO - Sync 1 DAGs
[2024-08-26T15:13:29.900+0000] {logging_mixin.py:190} INFO - [2024-08-26T15:13:29.899+0000] {dag.py:4138} INFO - Setting next_dagrun for my_first_dag to None, run_after=None
[2024-08-26T15:13:29.936+0000] {processor.py:208} INFO - Processing /opt/airflow/dags/my_first_dag.py took 0.145 seconds
[2024-08-26T15:14:25.891+0000] {processor.py:186} INFO - Started process (PID=537) to work on /opt/airflow/dags/my_first_dag.py
[2024-08-26T15:14:25.894+0000] {processor.py:914} INFO - Processing file /opt/airflow/dags/my_first_dag.py for tasks to queue
[2024-08-26T15:14:25.900+0000] {logging_mixin.py:190} INFO - [2024-08-26T15:14:25.899+0000] {dagbag.py:587} INFO - Filling up the DagBag from /opt/airflow/dags/my_first_dag.py
[2024-08-26T15:14:25.926+0000] {processor.py:925} INFO - DAG(s) 'my_first_dag' retrieved from /opt/airflow/dags/my_first_dag.py
[2024-08-26T15:14:25.971+0000] {logging_mixin.py:190} INFO - [2024-08-26T15:14:25.970+0000] {dag.py:3211} INFO - Sync 1 DAGs
[2024-08-26T15:14:26.002+0000] {logging_mixin.py:190} INFO - [2024-08-26T15:14:26.001+0000] {dag.py:4138} INFO - Setting next_dagrun for my_first_dag to None, run_after=None
[2024-08-26T15:14:26.039+0000] {processor.py:208} INFO - Processing /opt/airflow/dags/my_first_dag.py took 0.163 seconds
[2024-08-26T15:15:03.932+0000] {processor.py:186} INFO - Started process (PID=609) to work on /opt/airflow/dags/my_first_dag.py
[2024-08-26T15:15:03.934+0000] {processor.py:914} INFO - Processing file /opt/airflow/dags/my_first_dag.py for tasks to queue
[2024-08-26T15:15:03.936+0000] {logging_mixin.py:190} INFO - [2024-08-26T15:15:03.936+0000] {dagbag.py:587} INFO - Filling up the DagBag from /opt/airflow/dags/my_first_dag.py
[2024-08-26T15:15:03.950+0000] {processor.py:925} INFO - DAG(s) 'my_first_dag' retrieved from /opt/airflow/dags/my_first_dag.py
[2024-08-26T15:15:03.979+0000] {logging_mixin.py:190} INFO - [2024-08-26T15:15:03.979+0000] {dag.py:3211} INFO - Sync 1 DAGs
[2024-08-26T15:15:03.999+0000] {logging_mixin.py:190} INFO - [2024-08-26T15:15:03.999+0000] {dag.py:4138} INFO - Setting next_dagrun for my_first_dag to None, run_after=None
[2024-08-26T15:15:04.025+0000] {processor.py:208} INFO - Processing /opt/airflow/dags/my_first_dag.py took 0.100 seconds
[2024-08-26T15:15:49.912+0000] {processor.py:186} INFO - Started process (PID=676) to work on /opt/airflow/dags/my_first_dag.py
[2024-08-26T15:15:49.915+0000] {processor.py:914} INFO - Processing file /opt/airflow/dags/my_first_dag.py for tasks to queue
[2024-08-26T15:15:49.918+0000] {logging_mixin.py:190} INFO - [2024-08-26T15:15:49.918+0000] {dagbag.py:587} INFO - Filling up the DagBag from /opt/airflow/dags/my_first_dag.py
[2024-08-26T15:15:49.946+0000] {processor.py:925} INFO - DAG(s) 'my_first_dag' retrieved from /opt/airflow/dags/my_first_dag.py
[2024-08-26T15:15:49.997+0000] {logging_mixin.py:190} INFO - [2024-08-26T15:15:49.996+0000] {dag.py:3211} INFO - Sync 1 DAGs
[2024-08-26T15:15:50.031+0000] {logging_mixin.py:190} INFO - [2024-08-26T15:15:50.031+0000] {dag.py:4138} INFO - Setting next_dagrun for my_first_dag to None, run_after=None
[2024-08-26T15:15:50.079+0000] {processor.py:208} INFO - Processing /opt/airflow/dags/my_first_dag.py took 0.181 seconds
[2024-08-26T15:16:27.478+0000] {processor.py:186} INFO - Started process (PID=742) to work on /opt/airflow/dags/my_first_dag.py
[2024-08-26T15:16:27.480+0000] {processor.py:914} INFO - Processing file /opt/airflow/dags/my_first_dag.py for tasks to queue
[2024-08-26T15:16:27.482+0000] {logging_mixin.py:190} INFO - [2024-08-26T15:16:27.481+0000] {dagbag.py:587} INFO - Filling up the DagBag from /opt/airflow/dags/my_first_dag.py
[2024-08-26T15:16:27.495+0000] {processor.py:925} INFO - DAG(s) 'my_first_dag' retrieved from /opt/airflow/dags/my_first_dag.py
[2024-08-26T15:16:27.523+0000] {logging_mixin.py:190} INFO - [2024-08-26T15:16:27.523+0000] {dag.py:3211} INFO - Sync 1 DAGs
[2024-08-26T15:16:27.541+0000] {logging_mixin.py:190} INFO - [2024-08-26T15:16:27.540+0000] {dag.py:4138} INFO - Setting next_dagrun for my_first_dag to None, run_after=None
[2024-08-26T15:16:27.561+0000] {processor.py:208} INFO - Processing /opt/airflow/dags/my_first_dag.py took 0.090 seconds
[2024-08-26T15:17:05.474+0000] {processor.py:186} INFO - Started process (PID=813) to work on /opt/airflow/dags/my_first_dag.py
[2024-08-26T15:17:05.475+0000] {processor.py:914} INFO - Processing file /opt/airflow/dags/my_first_dag.py for tasks to queue
[2024-08-26T15:17:05.477+0000] {logging_mixin.py:190} INFO - [2024-08-26T15:17:05.477+0000] {dagbag.py:587} INFO - Filling up the DagBag from /opt/airflow/dags/my_first_dag.py
[2024-08-26T15:17:05.493+0000] {processor.py:925} INFO - DAG(s) 'my_first_dag' retrieved from /opt/airflow/dags/my_first_dag.py
[2024-08-26T15:17:05.528+0000] {logging_mixin.py:190} INFO - [2024-08-26T15:17:05.527+0000] {dag.py:3211} INFO - Sync 1 DAGs
[2024-08-26T15:17:05.559+0000] {logging_mixin.py:190} INFO - [2024-08-26T15:17:05.558+0000] {dag.py:4138} INFO - Setting next_dagrun for my_first_dag to None, run_after=None
[2024-08-26T15:17:05.586+0000] {processor.py:208} INFO - Processing /opt/airflow/dags/my_first_dag.py took 0.121 seconds
[2024-08-26T15:17:42.130+0000] {processor.py:186} INFO - Started process (PID=879) to work on /opt/airflow/dags/my_first_dag.py
[2024-08-26T15:17:42.131+0000] {processor.py:914} INFO - Processing file /opt/airflow/dags/my_first_dag.py for tasks to queue
[2024-08-26T15:17:42.133+0000] {logging_mixin.py:190} INFO - [2024-08-26T15:17:42.133+0000] {dagbag.py:587} INFO - Filling up the DagBag from /opt/airflow/dags/my_first_dag.py
[2024-08-26T15:17:42.147+0000] {processor.py:925} INFO - DAG(s) 'my_first_dag' retrieved from /opt/airflow/dags/my_first_dag.py
[2024-08-26T15:17:42.174+0000] {logging_mixin.py:190} INFO - [2024-08-26T15:17:42.174+0000] {dag.py:3211} INFO - Sync 1 DAGs
[2024-08-26T15:17:42.192+0000] {logging_mixin.py:190} INFO - [2024-08-26T15:17:42.192+0000] {dag.py:4138} INFO - Setting next_dagrun for my_first_dag to None, run_after=None
[2024-08-26T15:17:42.214+0000] {processor.py:208} INFO - Processing /opt/airflow/dags/my_first_dag.py took 0.091 seconds
[2024-08-26T15:18:18.793+0000] {processor.py:186} INFO - Started process (PID=946) to work on /opt/airflow/dags/my_first_dag.py
[2024-08-26T15:18:18.795+0000] {processor.py:914} INFO - Processing file /opt/airflow/dags/my_first_dag.py for tasks to queue
[2024-08-26T15:18:18.797+0000] {logging_mixin.py:190} INFO - [2024-08-26T15:18:18.796+0000] {dagbag.py:587} INFO - Filling up the DagBag from /opt/airflow/dags/my_first_dag.py
[2024-08-26T15:18:18.812+0000] {processor.py:925} INFO - DAG(s) 'my_first_dag' retrieved from /opt/airflow/dags/my_first_dag.py
[2024-08-26T15:18:18.862+0000] {logging_mixin.py:190} INFO - [2024-08-26T15:18:18.862+0000] {dag.py:3211} INFO - Sync 1 DAGs
[2024-08-26T15:18:18.887+0000] {logging_mixin.py:190} INFO - [2024-08-26T15:18:18.886+0000] {dag.py:4138} INFO - Setting next_dagrun for my_first_dag to None, run_after=None
[2024-08-26T15:18:18.916+0000] {processor.py:208} INFO - Processing /opt/airflow/dags/my_first_dag.py took 0.130 seconds
[2024-08-26T15:19:01.995+0000] {processor.py:186} INFO - Started process (PID=1018) to work on /opt/airflow/dags/my_first_dag.py
[2024-08-26T15:19:01.996+0000] {processor.py:914} INFO - Processing file /opt/airflow/dags/my_first_dag.py for tasks to queue
[2024-08-26T15:19:01.998+0000] {logging_mixin.py:190} INFO - [2024-08-26T15:19:01.998+0000] {dagbag.py:587} INFO - Filling up the DagBag from /opt/airflow/dags/my_first_dag.py
[2024-08-26T15:19:02.012+0000] {processor.py:925} INFO - DAG(s) 'my_first_dag' retrieved from /opt/airflow/dags/my_first_dag.py
[2024-08-26T15:19:02.042+0000] {logging_mixin.py:190} INFO - [2024-08-26T15:19:02.041+0000] {dag.py:3211} INFO - Sync 1 DAGs
[2024-08-26T15:19:02.066+0000] {logging_mixin.py:190} INFO - [2024-08-26T15:19:02.065+0000] {dag.py:4138} INFO - Setting next_dagrun for my_first_dag to None, run_after=None
[2024-08-26T15:19:02.088+0000] {processor.py:208} INFO - Processing /opt/airflow/dags/my_first_dag.py took 0.101 seconds
[2024-08-26T15:19:38.541+0000] {processor.py:186} INFO - Started process (PID=1084) to work on /opt/airflow/dags/my_first_dag.py
[2024-08-26T15:19:38.542+0000] {processor.py:914} INFO - Processing file /opt/airflow/dags/my_first_dag.py for tasks to queue
[2024-08-26T15:19:38.544+0000] {logging_mixin.py:190} INFO - [2024-08-26T15:19:38.544+0000] {dagbag.py:587} INFO - Filling up the DagBag from /opt/airflow/dags/my_first_dag.py
[2024-08-26T15:19:38.557+0000] {processor.py:925} INFO - DAG(s) 'my_first_dag' retrieved from /opt/airflow/dags/my_first_dag.py
[2024-08-26T15:19:38.587+0000] {logging_mixin.py:190} INFO - [2024-08-26T15:19:38.587+0000] {dag.py:3211} INFO - Sync 1 DAGs
[2024-08-26T15:19:38.606+0000] {logging_mixin.py:190} INFO - [2024-08-26T15:19:38.606+0000] {dag.py:4138} INFO - Setting next_dagrun for my_first_dag to None, run_after=None
[2024-08-26T15:19:38.629+0000] {processor.py:208} INFO - Processing /opt/airflow/dags/my_first_dag.py took 0.095 seconds
[2024-08-26T15:20:16.976+0000] {processor.py:186} INFO - Started process (PID=1150) to work on /opt/airflow/dags/my_first_dag.py
[2024-08-26T15:20:16.977+0000] {processor.py:914} INFO - Processing file /opt/airflow/dags/my_first_dag.py for tasks to queue
[2024-08-26T15:20:16.979+0000] {logging_mixin.py:190} INFO - [2024-08-26T15:20:16.979+0000] {dagbag.py:587} INFO - Filling up the DagBag from /opt/airflow/dags/my_first_dag.py
[2024-08-26T15:20:16.995+0000] {processor.py:925} INFO - DAG(s) 'my_first_dag' retrieved from /opt/airflow/dags/my_first_dag.py
[2024-08-26T15:20:17.027+0000] {logging_mixin.py:190} INFO - [2024-08-26T15:20:17.026+0000] {dag.py:3211} INFO - Sync 1 DAGs
[2024-08-26T15:20:17.048+0000] {logging_mixin.py:190} INFO - [2024-08-26T15:20:17.047+0000] {dag.py:4138} INFO - Setting next_dagrun for my_first_dag to None, run_after=None
[2024-08-26T15:20:17.075+0000] {processor.py:208} INFO - Processing /opt/airflow/dags/my_first_dag.py took 0.109 seconds
[2024-08-26T15:20:55.170+0000] {processor.py:186} INFO - Started process (PID=1217) to work on /opt/airflow/dags/my_first_dag.py
[2024-08-26T15:20:55.172+0000] {processor.py:914} INFO - Processing file /opt/airflow/dags/my_first_dag.py for tasks to queue
[2024-08-26T15:20:55.175+0000] {logging_mixin.py:190} INFO - [2024-08-26T15:20:55.174+0000] {dagbag.py:587} INFO - Filling up the DagBag from /opt/airflow/dags/my_first_dag.py
[2024-08-26T15:20:55.192+0000] {processor.py:925} INFO - DAG(s) 'my_first_dag' retrieved from /opt/airflow/dags/my_first_dag.py
[2024-08-26T15:20:55.228+0000] {logging_mixin.py:190} INFO - [2024-08-26T15:20:55.228+0000] {dag.py:3211} INFO - Sync 1 DAGs
[2024-08-26T15:20:55.253+0000] {logging_mixin.py:190} INFO - [2024-08-26T15:20:55.252+0000] {dag.py:4138} INFO - Setting next_dagrun for my_first_dag to None, run_after=None
[2024-08-26T15:20:55.278+0000] {processor.py:208} INFO - Processing /opt/airflow/dags/my_first_dag.py took 0.118 seconds
[2024-08-26T15:21:32.854+0000] {processor.py:186} INFO - Started process (PID=1289) to work on /opt/airflow/dags/my_first_dag.py
[2024-08-26T15:21:32.855+0000] {processor.py:914} INFO - Processing file /opt/airflow/dags/my_first_dag.py for tasks to queue
[2024-08-26T15:21:32.857+0000] {logging_mixin.py:190} INFO - [2024-08-26T15:21:32.857+0000] {dagbag.py:587} INFO - Filling up the DagBag from /opt/airflow/dags/my_first_dag.py
[2024-08-26T15:21:32.872+0000] {processor.py:925} INFO - DAG(s) 'my_first_dag' retrieved from /opt/airflow/dags/my_first_dag.py
[2024-08-26T15:21:32.901+0000] {logging_mixin.py:190} INFO - [2024-08-26T15:21:32.900+0000] {dag.py:3211} INFO - Sync 1 DAGs
[2024-08-26T15:21:32.920+0000] {logging_mixin.py:190} INFO - [2024-08-26T15:21:32.920+0000] {dag.py:4138} INFO - Setting next_dagrun for my_first_dag to None, run_after=None
[2024-08-26T15:21:32.944+0000] {processor.py:208} INFO - Processing /opt/airflow/dags/my_first_dag.py took 0.099 seconds
[2024-08-26T15:22:15.675+0000] {processor.py:186} INFO - Started process (PID=1355) to work on /opt/airflow/dags/my_first_dag.py
[2024-08-26T15:22:15.678+0000] {processor.py:914} INFO - Processing file /opt/airflow/dags/my_first_dag.py for tasks to queue
[2024-08-26T15:22:15.681+0000] {logging_mixin.py:190} INFO - [2024-08-26T15:22:15.681+0000] {dagbag.py:587} INFO - Filling up the DagBag from /opt/airflow/dags/my_first_dag.py
[2024-08-26T15:22:15.707+0000] {processor.py:925} INFO - DAG(s) 'my_first_dag' retrieved from /opt/airflow/dags/my_first_dag.py
[2024-08-26T15:22:15.762+0000] {logging_mixin.py:190} INFO - [2024-08-26T15:22:15.761+0000] {dag.py:3211} INFO - Sync 1 DAGs
[2024-08-26T15:22:15.799+0000] {logging_mixin.py:190} INFO - [2024-08-26T15:22:15.799+0000] {dag.py:4138} INFO - Setting next_dagrun for my_first_dag to None, run_after=None
[2024-08-26T15:22:15.842+0000] {processor.py:208} INFO - Processing /opt/airflow/dags/my_first_dag.py took 0.183 seconds
[2024-08-26T15:23:14.718+0000] {processor.py:186} INFO - Started process (PID=1427) to work on /opt/airflow/dags/my_first_dag.py
[2024-08-26T15:23:14.720+0000] {processor.py:914} INFO - Processing file /opt/airflow/dags/my_first_dag.py for tasks to queue
[2024-08-26T15:23:14.724+0000] {logging_mixin.py:190} INFO - [2024-08-26T15:23:14.723+0000] {dagbag.py:587} INFO - Filling up the DagBag from /opt/airflow/dags/my_first_dag.py
[2024-08-26T15:23:14.751+0000] {processor.py:925} INFO - DAG(s) 'my_first_dag' retrieved from /opt/airflow/dags/my_first_dag.py
[2024-08-26T15:23:14.805+0000] {logging_mixin.py:190} INFO - [2024-08-26T15:23:14.805+0000] {dag.py:3211} INFO - Sync 1 DAGs
[2024-08-26T15:23:14.844+0000] {logging_mixin.py:190} INFO - [2024-08-26T15:23:14.843+0000] {dag.py:4138} INFO - Setting next_dagrun for my_first_dag to None, run_after=None
[2024-08-26T15:23:14.888+0000] {processor.py:208} INFO - Processing /opt/airflow/dags/my_first_dag.py took 0.185 seconds
[2024-08-26T15:23:51.309+0000] {processor.py:186} INFO - Started process (PID=1493) to work on /opt/airflow/dags/my_first_dag.py
[2024-08-26T15:23:51.310+0000] {processor.py:914} INFO - Processing file /opt/airflow/dags/my_first_dag.py for tasks to queue
[2024-08-26T15:23:51.312+0000] {logging_mixin.py:190} INFO - [2024-08-26T15:23:51.311+0000] {dagbag.py:587} INFO - Filling up the DagBag from /opt/airflow/dags/my_first_dag.py
[2024-08-26T15:23:51.324+0000] {processor.py:925} INFO - DAG(s) 'my_first_dag' retrieved from /opt/airflow/dags/my_first_dag.py
[2024-08-26T15:23:51.349+0000] {logging_mixin.py:190} INFO - [2024-08-26T15:23:51.349+0000] {dag.py:3211} INFO - Sync 1 DAGs
[2024-08-26T15:23:51.368+0000] {logging_mixin.py:190} INFO - [2024-08-26T15:23:51.368+0000] {dag.py:4138} INFO - Setting next_dagrun for my_first_dag to None, run_after=None
[2024-08-26T15:23:51.389+0000] {processor.py:208} INFO - Processing /opt/airflow/dags/my_first_dag.py took 0.087 seconds
[2024-08-26T15:24:21.432+0000] {processor.py:186} INFO - Started process (PID=1558) to work on /opt/airflow/dags/my_first_dag.py
[2024-08-26T15:24:21.434+0000] {processor.py:914} INFO - Processing file /opt/airflow/dags/my_first_dag.py for tasks to queue
[2024-08-26T15:24:21.435+0000] {logging_mixin.py:190} INFO - [2024-08-26T15:24:21.435+0000] {dagbag.py:587} INFO - Filling up the DagBag from /opt/airflow/dags/my_first_dag.py
[2024-08-26T15:24:21.449+0000] {processor.py:925} INFO - DAG(s) 'my_first_dag' retrieved from /opt/airflow/dags/my_first_dag.py
[2024-08-26T15:24:21.477+0000] {logging_mixin.py:190} INFO - [2024-08-26T15:24:21.477+0000] {dag.py:3211} INFO - Sync 1 DAGs
[2024-08-26T15:24:21.496+0000] {logging_mixin.py:190} INFO - [2024-08-26T15:24:21.495+0000] {dag.py:4138} INFO - Setting next_dagrun for my_first_dag to None, run_after=None
[2024-08-26T15:24:21.518+0000] {processor.py:208} INFO - Processing /opt/airflow/dags/my_first_dag.py took 0.093 seconds
[2024-08-26T15:24:51.940+0000] {processor.py:186} INFO - Started process (PID=1624) to work on /opt/airflow/dags/my_first_dag.py
[2024-08-26T15:24:51.942+0000] {processor.py:914} INFO - Processing file /opt/airflow/dags/my_first_dag.py for tasks to queue
[2024-08-26T15:24:51.943+0000] {logging_mixin.py:190} INFO - [2024-08-26T15:24:51.943+0000] {dagbag.py:587} INFO - Filling up the DagBag from /opt/airflow/dags/my_first_dag.py
[2024-08-26T15:24:51.956+0000] {processor.py:925} INFO - DAG(s) 'my_first_dag' retrieved from /opt/airflow/dags/my_first_dag.py
[2024-08-26T15:24:51.984+0000] {logging_mixin.py:190} INFO - [2024-08-26T15:24:51.983+0000] {dag.py:3211} INFO - Sync 1 DAGs
[2024-08-26T15:24:52.003+0000] {logging_mixin.py:190} INFO - [2024-08-26T15:24:52.002+0000] {dag.py:4138} INFO - Setting next_dagrun for my_first_dag to None, run_after=None
[2024-08-26T15:24:52.026+0000] {processor.py:208} INFO - Processing /opt/airflow/dags/my_first_dag.py took 0.094 seconds
[2024-08-26T15:25:23.037+0000] {processor.py:186} INFO - Started process (PID=1689) to work on /opt/airflow/dags/my_first_dag.py
[2024-08-26T15:25:23.039+0000] {processor.py:914} INFO - Processing file /opt/airflow/dags/my_first_dag.py for tasks to queue
[2024-08-26T15:25:23.040+0000] {logging_mixin.py:190} INFO - [2024-08-26T15:25:23.040+0000] {dagbag.py:587} INFO - Filling up the DagBag from /opt/airflow/dags/my_first_dag.py
[2024-08-26T15:25:23.053+0000] {processor.py:925} INFO - DAG(s) 'my_first_dag' retrieved from /opt/airflow/dags/my_first_dag.py
[2024-08-26T15:25:23.082+0000] {logging_mixin.py:190} INFO - [2024-08-26T15:25:23.082+0000] {dag.py:3211} INFO - Sync 1 DAGs
[2024-08-26T15:25:23.102+0000] {logging_mixin.py:190} INFO - [2024-08-26T15:25:23.101+0000] {dag.py:4138} INFO - Setting next_dagrun for my_first_dag to None, run_after=None
[2024-08-26T15:25:23.125+0000] {processor.py:208} INFO - Processing /opt/airflow/dags/my_first_dag.py took 0.095 seconds
[2024-08-26T15:25:53.300+0000] {processor.py:186} INFO - Started process (PID=1755) to work on /opt/airflow/dags/my_first_dag.py
[2024-08-26T15:25:53.302+0000] {processor.py:914} INFO - Processing file /opt/airflow/dags/my_first_dag.py for tasks to queue
[2024-08-26T15:25:53.305+0000] {logging_mixin.py:190} INFO - [2024-08-26T15:25:53.304+0000] {dagbag.py:587} INFO - Filling up the DagBag from /opt/airflow/dags/my_first_dag.py
[2024-08-26T15:25:53.322+0000] {processor.py:925} INFO - DAG(s) 'my_first_dag' retrieved from /opt/airflow/dags/my_first_dag.py
[2024-08-26T15:25:53.360+0000] {logging_mixin.py:190} INFO - [2024-08-26T15:25:53.359+0000] {dag.py:3211} INFO - Sync 1 DAGs
[2024-08-26T15:25:53.386+0000] {logging_mixin.py:190} INFO - [2024-08-26T15:25:53.386+0000] {dag.py:4138} INFO - Setting next_dagrun for my_first_dag to None, run_after=None
[2024-08-26T15:25:53.419+0000] {processor.py:208} INFO - Processing /opt/airflow/dags/my_first_dag.py took 0.130 seconds
[2024-08-26T15:26:52.497+0000] {processor.py:186} INFO - Started process (PID=1772) to work on /opt/airflow/dags/my_first_dag.py
[2024-08-26T15:26:52.505+0000] {processor.py:914} INFO - Processing file /opt/airflow/dags/my_first_dag.py for tasks to queue
[2024-08-26T15:26:52.514+0000] {logging_mixin.py:190} INFO - [2024-08-26T15:26:52.512+0000] {dagbag.py:587} INFO - Filling up the DagBag from /opt/airflow/dags/my_first_dag.py
[2024-08-26T15:26:52.584+0000] {processor.py:925} INFO - DAG(s) 'my_first_dag' retrieved from /opt/airflow/dags/my_first_dag.py
[2024-08-26T15:26:52.759+0000] {logging_mixin.py:190} INFO - [2024-08-26T15:26:52.757+0000] {dag.py:3211} INFO - Sync 1 DAGs
[2024-08-26T15:26:52.884+0000] {logging_mixin.py:190} INFO - [2024-08-26T15:26:52.882+0000] {dag.py:4138} INFO - Setting next_dagrun for my_first_dag to None, run_after=None
[2024-08-26T15:26:53.148+0000] {processor.py:208} INFO - Processing /opt/airflow/dags/my_first_dag.py took 0.692 seconds
[2024-08-26T15:27:43.273+0000] {processor.py:186} INFO - Started process (PID=1845) to work on /opt/airflow/dags/my_first_dag.py
[2024-08-26T15:27:43.276+0000] {processor.py:914} INFO - Processing file /opt/airflow/dags/my_first_dag.py for tasks to queue
[2024-08-26T15:27:43.280+0000] {logging_mixin.py:190} INFO - [2024-08-26T15:27:43.279+0000] {dagbag.py:587} INFO - Filling up the DagBag from /opt/airflow/dags/my_first_dag.py
[2024-08-26T15:27:43.310+0000] {processor.py:925} INFO - DAG(s) 'my_first_dag' retrieved from /opt/airflow/dags/my_first_dag.py
[2024-08-26T15:27:43.384+0000] {logging_mixin.py:190} INFO - [2024-08-26T15:27:43.384+0000] {dag.py:3211} INFO - Sync 1 DAGs
[2024-08-26T15:27:43.433+0000] {logging_mixin.py:190} INFO - [2024-08-26T15:27:43.433+0000] {dag.py:4138} INFO - Setting next_dagrun for my_first_dag to None, run_after=None
[2024-08-26T15:27:43.487+0000] {processor.py:208} INFO - Processing /opt/airflow/dags/my_first_dag.py took 0.232 seconds
[2024-08-26T15:28:28.671+0000] {processor.py:186} INFO - Started process (PID=1911) to work on /opt/airflow/dags/my_first_dag.py
[2024-08-26T15:28:28.673+0000] {processor.py:914} INFO - Processing file /opt/airflow/dags/my_first_dag.py for tasks to queue
[2024-08-26T15:28:28.675+0000] {logging_mixin.py:190} INFO - [2024-08-26T15:28:28.675+0000] {dagbag.py:587} INFO - Filling up the DagBag from /opt/airflow/dags/my_first_dag.py
[2024-08-26T15:28:28.694+0000] {processor.py:925} INFO - DAG(s) 'my_first_dag' retrieved from /opt/airflow/dags/my_first_dag.py
[2024-08-26T15:28:28.735+0000] {logging_mixin.py:190} INFO - [2024-08-26T15:28:28.735+0000] {dag.py:3211} INFO - Sync 1 DAGs
[2024-08-26T15:28:28.763+0000] {logging_mixin.py:190} INFO - [2024-08-26T15:28:28.762+0000] {dag.py:4138} INFO - Setting next_dagrun for my_first_dag to None, run_after=None
[2024-08-26T15:28:28.795+0000] {processor.py:208} INFO - Processing /opt/airflow/dags/my_first_dag.py took 0.136 seconds
[2024-08-26T15:29:30.236+0000] {processor.py:186} INFO - Started process (PID=1983) to work on /opt/airflow/dags/my_first_dag.py
[2024-08-26T15:29:30.242+0000] {processor.py:914} INFO - Processing file /opt/airflow/dags/my_first_dag.py for tasks to queue
[2024-08-26T15:29:30.251+0000] {logging_mixin.py:190} INFO - [2024-08-26T15:29:30.249+0000] {dagbag.py:587} INFO - Filling up the DagBag from /opt/airflow/dags/my_first_dag.py
[2024-08-26T15:29:30.288+0000] {processor.py:925} INFO - DAG(s) 'my_first_dag' retrieved from /opt/airflow/dags/my_first_dag.py
[2024-08-26T15:29:30.362+0000] {logging_mixin.py:190} INFO - [2024-08-26T15:29:30.362+0000] {dag.py:3211} INFO - Sync 1 DAGs
[2024-08-26T15:29:30.423+0000] {logging_mixin.py:190} INFO - [2024-08-26T15:29:30.422+0000] {dag.py:4138} INFO - Setting next_dagrun for my_first_dag to None, run_after=None
[2024-08-26T15:29:30.497+0000] {processor.py:208} INFO - Processing /opt/airflow/dags/my_first_dag.py took 0.289 seconds
[2024-08-26T15:30:42.444+0000] {processor.py:186} INFO - Started process (PID=2062) to work on /opt/airflow/dags/my_first_dag.py
[2024-08-26T15:30:42.451+0000] {processor.py:914} INFO - Processing file /opt/airflow/dags/my_first_dag.py for tasks to queue
[2024-08-26T15:30:42.464+0000] {logging_mixin.py:190} INFO - [2024-08-26T15:30:42.461+0000] {dagbag.py:587} INFO - Filling up the DagBag from /opt/airflow/dags/my_first_dag.py
[2024-08-26T15:30:42.549+0000] {processor.py:925} INFO - DAG(s) 'my_first_dag' retrieved from /opt/airflow/dags/my_first_dag.py
[2024-08-26T15:30:42.797+0000] {logging_mixin.py:190} INFO - [2024-08-26T15:30:42.796+0000] {dag.py:3211} INFO - Sync 1 DAGs
[2024-08-26T15:30:42.898+0000] {logging_mixin.py:190} INFO - [2024-08-26T15:30:42.897+0000] {dag.py:4138} INFO - Setting next_dagrun for my_first_dag to None, run_after=None
[2024-08-26T15:30:42.974+0000] {processor.py:208} INFO - Processing /opt/airflow/dags/my_first_dag.py took 0.583 seconds
[2024-08-26T15:31:42.327+0000] {processor.py:186} INFO - Started process (PID=2140) to work on /opt/airflow/dags/my_first_dag.py
[2024-08-26T15:31:42.331+0000] {processor.py:914} INFO - Processing file /opt/airflow/dags/my_first_dag.py for tasks to queue
[2024-08-26T15:31:42.337+0000] {logging_mixin.py:190} INFO - [2024-08-26T15:31:42.335+0000] {dagbag.py:587} INFO - Filling up the DagBag from /opt/airflow/dags/my_first_dag.py
[2024-08-26T15:31:42.383+0000] {processor.py:925} INFO - DAG(s) 'my_first_dag' retrieved from /opt/airflow/dags/my_first_dag.py
[2024-08-26T15:31:42.487+0000] {logging_mixin.py:190} INFO - [2024-08-26T15:31:42.486+0000] {dag.py:3211} INFO - Sync 1 DAGs
[2024-08-26T15:31:42.561+0000] {logging_mixin.py:190} INFO - [2024-08-26T15:31:42.560+0000] {dag.py:4138} INFO - Setting next_dagrun for my_first_dag to None, run_after=None
[2024-08-26T15:31:42.639+0000] {processor.py:208} INFO - Processing /opt/airflow/dags/my_first_dag.py took 0.339 seconds
[2024-08-26T15:32:44.482+0000] {processor.py:186} INFO - Started process (PID=2211) to work on /opt/airflow/dags/my_first_dag.py
[2024-08-26T15:32:44.486+0000] {processor.py:914} INFO - Processing file /opt/airflow/dags/my_first_dag.py for tasks to queue
[2024-08-26T15:32:44.492+0000] {logging_mixin.py:190} INFO - [2024-08-26T15:32:44.491+0000] {dagbag.py:587} INFO - Filling up the DagBag from /opt/airflow/dags/my_first_dag.py
[2024-08-26T15:32:44.556+0000] {processor.py:925} INFO - DAG(s) 'my_first_dag' retrieved from /opt/airflow/dags/my_first_dag.py
[2024-08-26T15:32:44.681+0000] {logging_mixin.py:190} INFO - [2024-08-26T15:32:44.680+0000] {dag.py:3211} INFO - Sync 1 DAGs
[2024-08-26T15:32:44.772+0000] {logging_mixin.py:190} INFO - [2024-08-26T15:32:44.771+0000] {dag.py:4138} INFO - Setting next_dagrun for my_first_dag to None, run_after=None
[2024-08-26T15:32:44.866+0000] {processor.py:208} INFO - Processing /opt/airflow/dags/my_first_dag.py took 0.420 seconds
[2024-08-26T15:37:16.094+0000] {processor.py:186} INFO - Started process (PID=2329) to work on /opt/airflow/dags/my_first_dag.py
[2024-08-26T15:37:16.109+0000] {processor.py:914} INFO - Processing file /opt/airflow/dags/my_first_dag.py for tasks to queue
[2024-08-26T15:37:16.119+0000] {logging_mixin.py:190} INFO - [2024-08-26T15:37:16.117+0000] {dagbag.py:587} INFO - Filling up the DagBag from /opt/airflow/dags/my_first_dag.py
[2024-08-26T15:37:16.189+0000] {processor.py:925} INFO - DAG(s) 'my_first_dag' retrieved from /opt/airflow/dags/my_first_dag.py
[2024-08-26T15:37:16.422+0000] {logging_mixin.py:190} INFO - [2024-08-26T15:37:16.421+0000] {dag.py:3211} INFO - Sync 1 DAGs
[2024-08-26T15:37:16.551+0000] {logging_mixin.py:190} INFO - [2024-08-26T15:37:16.545+0000] {dag.py:4138} INFO - Setting next_dagrun for my_first_dag to None, run_after=None
[2024-08-26T15:37:16.702+0000] {processor.py:208} INFO - Processing /opt/airflow/dags/my_first_dag.py took 0.679 seconds
[2024-08-26T15:39:27.658+0000] {processor.py:186} INFO - Started process (PID=2407) to work on /opt/airflow/dags/my_first_dag.py
[2024-08-26T15:39:27.661+0000] {processor.py:914} INFO - Processing file /opt/airflow/dags/my_first_dag.py for tasks to queue
[2024-08-26T15:39:27.664+0000] {logging_mixin.py:190} INFO - [2024-08-26T15:39:27.663+0000] {dagbag.py:587} INFO - Filling up the DagBag from /opt/airflow/dags/my_first_dag.py
[2024-08-26T15:39:27.683+0000] {processor.py:925} INFO - DAG(s) 'my_first_dag' retrieved from /opt/airflow/dags/my_first_dag.py
[2024-08-26T15:39:27.733+0000] {logging_mixin.py:190} INFO - [2024-08-26T15:39:27.733+0000] {dag.py:3211} INFO - Sync 1 DAGs
[2024-08-26T15:39:27.769+0000] {logging_mixin.py:190} INFO - [2024-08-26T15:39:27.769+0000] {dag.py:4138} INFO - Setting next_dagrun for my_first_dag to None, run_after=None
[2024-08-26T15:39:27.809+0000] {processor.py:208} INFO - Processing /opt/airflow/dags/my_first_dag.py took 0.164 seconds
[2024-08-26T15:40:16.003+0000] {processor.py:186} INFO - Started process (PID=2479) to work on /opt/airflow/dags/my_first_dag.py
[2024-08-26T15:40:16.007+0000] {processor.py:914} INFO - Processing file /opt/airflow/dags/my_first_dag.py for tasks to queue
[2024-08-26T15:40:16.011+0000] {logging_mixin.py:190} INFO - [2024-08-26T15:40:16.010+0000] {dagbag.py:587} INFO - Filling up the DagBag from /opt/airflow/dags/my_first_dag.py
[2024-08-26T15:40:16.034+0000] {processor.py:925} INFO - DAG(s) 'my_first_dag' retrieved from /opt/airflow/dags/my_first_dag.py
[2024-08-26T15:40:16.092+0000] {logging_mixin.py:190} INFO - [2024-08-26T15:40:16.091+0000] {dag.py:3211} INFO - Sync 1 DAGs
[2024-08-26T15:40:16.131+0000] {logging_mixin.py:190} INFO - [2024-08-26T15:40:16.130+0000] {dag.py:4138} INFO - Setting next_dagrun for my_first_dag to None, run_after=None
[2024-08-26T15:40:16.178+0000] {processor.py:208} INFO - Processing /opt/airflow/dags/my_first_dag.py took 0.192 seconds
[2024-08-26T15:41:03.107+0000] {processor.py:186} INFO - Started process (PID=2552) to work on /opt/airflow/dags/my_first_dag.py
[2024-08-26T15:41:03.110+0000] {processor.py:914} INFO - Processing file /opt/airflow/dags/my_first_dag.py for tasks to queue
[2024-08-26T15:41:03.114+0000] {logging_mixin.py:190} INFO - [2024-08-26T15:41:03.113+0000] {dagbag.py:587} INFO - Filling up the DagBag from /opt/airflow/dags/my_first_dag.py
[2024-08-26T15:41:03.139+0000] {processor.py:925} INFO - DAG(s) 'my_first_dag' retrieved from /opt/airflow/dags/my_first_dag.py
[2024-08-26T15:41:03.200+0000] {logging_mixin.py:190} INFO - [2024-08-26T15:41:03.200+0000] {dag.py:3211} INFO - Sync 1 DAGs
[2024-08-26T15:41:03.255+0000] {logging_mixin.py:190} INFO - [2024-08-26T15:41:03.254+0000] {dag.py:4138} INFO - Setting next_dagrun for my_first_dag to None, run_after=None
[2024-08-26T15:41:03.338+0000] {processor.py:208} INFO - Processing /opt/airflow/dags/my_first_dag.py took 0.249 seconds
[2024-08-26T15:43:45.778+0000] {processor.py:186} INFO - Started process (PID=2646) to work on /opt/airflow/dags/my_first_dag.py
[2024-08-26T15:43:45.783+0000] {processor.py:914} INFO - Processing file /opt/airflow/dags/my_first_dag.py for tasks to queue
[2024-08-26T15:43:45.791+0000] {logging_mixin.py:190} INFO - [2024-08-26T15:43:45.789+0000] {dagbag.py:587} INFO - Filling up the DagBag from /opt/airflow/dags/my_first_dag.py
[2024-08-26T15:43:45.830+0000] {processor.py:925} INFO - DAG(s) 'my_first_dag' retrieved from /opt/airflow/dags/my_first_dag.py
[2024-08-26T15:43:45.974+0000] {logging_mixin.py:190} INFO - [2024-08-26T15:43:45.973+0000] {dag.py:3211} INFO - Sync 1 DAGs
[2024-08-26T15:43:46.058+0000] {logging_mixin.py:190} INFO - [2024-08-26T15:43:46.057+0000] {dag.py:4138} INFO - Setting next_dagrun for my_first_dag to None, run_after=None
[2024-08-26T15:43:46.135+0000] {processor.py:208} INFO - Processing /opt/airflow/dags/my_first_dag.py took 0.385 seconds
[2024-08-26T15:44:35.425+0000] {processor.py:186} INFO - Started process (PID=2718) to work on /opt/airflow/dags/my_first_dag.py
[2024-08-26T15:44:35.427+0000] {processor.py:914} INFO - Processing file /opt/airflow/dags/my_first_dag.py for tasks to queue
[2024-08-26T15:44:35.431+0000] {logging_mixin.py:190} INFO - [2024-08-26T15:44:35.430+0000] {dagbag.py:587} INFO - Filling up the DagBag from /opt/airflow/dags/my_first_dag.py
[2024-08-26T15:44:35.451+0000] {processor.py:925} INFO - DAG(s) 'my_first_dag' retrieved from /opt/airflow/dags/my_first_dag.py
[2024-08-26T15:44:35.504+0000] {logging_mixin.py:190} INFO - [2024-08-26T15:44:35.504+0000] {dag.py:3211} INFO - Sync 1 DAGs
[2024-08-26T15:44:35.539+0000] {logging_mixin.py:190} INFO - [2024-08-26T15:44:35.539+0000] {dag.py:4138} INFO - Setting next_dagrun for my_first_dag to None, run_after=None
[2024-08-26T15:44:35.580+0000] {processor.py:208} INFO - Processing /opt/airflow/dags/my_first_dag.py took 0.171 seconds
[2024-08-26T15:45:05.635+0000] {processor.py:186} INFO - Started process (PID=2783) to work on /opt/airflow/dags/my_first_dag.py
[2024-08-26T15:45:05.636+0000] {processor.py:914} INFO - Processing file /opt/airflow/dags/my_first_dag.py for tasks to queue
[2024-08-26T15:45:05.639+0000] {logging_mixin.py:190} INFO - [2024-08-26T15:45:05.638+0000] {dagbag.py:587} INFO - Filling up the DagBag from /opt/airflow/dags/my_first_dag.py
[2024-08-26T15:45:05.651+0000] {processor.py:925} INFO - DAG(s) 'my_first_dag' retrieved from /opt/airflow/dags/my_first_dag.py
[2024-08-26T15:45:05.684+0000] {logging_mixin.py:190} INFO - [2024-08-26T15:45:05.684+0000] {dag.py:3211} INFO - Sync 1 DAGs
[2024-08-26T15:45:05.707+0000] {logging_mixin.py:190} INFO - [2024-08-26T15:45:05.706+0000] {dag.py:4138} INFO - Setting next_dagrun for my_first_dag to None, run_after=None
[2024-08-26T15:45:05.734+0000] {processor.py:208} INFO - Processing /opt/airflow/dags/my_first_dag.py took 0.109 seconds
[2024-08-26T15:45:36.374+0000] {processor.py:186} INFO - Started process (PID=2849) to work on /opt/airflow/dags/my_first_dag.py
[2024-08-26T15:45:36.376+0000] {processor.py:914} INFO - Processing file /opt/airflow/dags/my_first_dag.py for tasks to queue
[2024-08-26T15:45:36.377+0000] {logging_mixin.py:190} INFO - [2024-08-26T15:45:36.377+0000] {dagbag.py:587} INFO - Filling up the DagBag from /opt/airflow/dags/my_first_dag.py
[2024-08-26T15:45:36.388+0000] {processor.py:925} INFO - DAG(s) 'my_first_dag' retrieved from /opt/airflow/dags/my_first_dag.py
[2024-08-26T15:45:36.413+0000] {logging_mixin.py:190} INFO - [2024-08-26T15:45:36.412+0000] {dag.py:3211} INFO - Sync 1 DAGs
[2024-08-26T15:45:36.430+0000] {logging_mixin.py:190} INFO - [2024-08-26T15:45:36.430+0000] {dag.py:4138} INFO - Setting next_dagrun for my_first_dag to None, run_after=None
[2024-08-26T15:45:36.452+0000] {processor.py:208} INFO - Processing /opt/airflow/dags/my_first_dag.py took 0.085 seconds
[2024-08-26T15:46:08.646+0000] {processor.py:186} INFO - Started process (PID=2915) to work on /opt/airflow/dags/my_first_dag.py
[2024-08-26T15:46:08.654+0000] {processor.py:914} INFO - Processing file /opt/airflow/dags/my_first_dag.py for tasks to queue
[2024-08-26T15:46:08.664+0000] {logging_mixin.py:190} INFO - [2024-08-26T15:46:08.661+0000] {dagbag.py:587} INFO - Filling up the DagBag from /opt/airflow/dags/my_first_dag.py
[2024-08-26T15:46:08.701+0000] {processor.py:925} INFO - DAG(s) 'my_first_dag' retrieved from /opt/airflow/dags/my_first_dag.py
[2024-08-26T15:46:08.798+0000] {logging_mixin.py:190} INFO - [2024-08-26T15:46:08.797+0000] {dag.py:3211} INFO - Sync 1 DAGs
[2024-08-26T15:46:08.905+0000] {logging_mixin.py:190} INFO - [2024-08-26T15:46:08.905+0000] {dag.py:4138} INFO - Setting next_dagrun for my_first_dag to None, run_after=None
[2024-08-26T15:46:09.087+0000] {processor.py:208} INFO - Processing /opt/airflow/dags/my_first_dag.py took 0.481 seconds
[2024-08-26T15:47:58.584+0000] {processor.py:186} INFO - Started process (PID=2939) to work on /opt/airflow/dags/my_first_dag.py
[2024-08-26T15:47:58.587+0000] {processor.py:914} INFO - Processing file /opt/airflow/dags/my_first_dag.py for tasks to queue
[2024-08-26T15:47:58.591+0000] {logging_mixin.py:190} INFO - [2024-08-26T15:47:58.590+0000] {dagbag.py:587} INFO - Filling up the DagBag from /opt/airflow/dags/my_first_dag.py
[2024-08-26T15:47:58.612+0000] {processor.py:925} INFO - DAG(s) 'my_first_dag' retrieved from /opt/airflow/dags/my_first_dag.py
[2024-08-26T15:47:58.683+0000] {logging_mixin.py:190} INFO - [2024-08-26T15:47:58.682+0000] {dag.py:3211} INFO - Sync 1 DAGs
[2024-08-26T15:47:58.722+0000] {logging_mixin.py:190} INFO - [2024-08-26T15:47:58.721+0000] {dag.py:4138} INFO - Setting next_dagrun for my_first_dag to None, run_after=None
[2024-08-26T15:47:58.769+0000] {processor.py:208} INFO - Processing /opt/airflow/dags/my_first_dag.py took 0.200 seconds
[2024-08-26T15:50:40.599+0000] {processor.py:186} INFO - Started process (PID=3038) to work on /opt/airflow/dags/my_first_dag.py
[2024-08-26T15:50:40.604+0000] {processor.py:914} INFO - Processing file /opt/airflow/dags/my_first_dag.py for tasks to queue
[2024-08-26T15:50:40.610+0000] {logging_mixin.py:190} INFO - [2024-08-26T15:50:40.608+0000] {dagbag.py:587} INFO - Filling up the DagBag from /opt/airflow/dags/my_first_dag.py
[2024-08-26T15:50:40.642+0000] {processor.py:925} INFO - DAG(s) 'my_first_dag' retrieved from /opt/airflow/dags/my_first_dag.py
[2024-08-26T15:50:40.784+0000] {logging_mixin.py:190} INFO - [2024-08-26T15:50:40.781+0000] {dag.py:3211} INFO - Sync 1 DAGs
[2024-08-26T15:50:40.885+0000] {logging_mixin.py:190} INFO - [2024-08-26T15:50:40.884+0000] {dag.py:4138} INFO - Setting next_dagrun for my_first_dag to None, run_after=None
[2024-08-26T15:50:41.023+0000] {processor.py:208} INFO - Processing /opt/airflow/dags/my_first_dag.py took 0.449 seconds
[2024-08-26T15:51:44.847+0000] {processor.py:186} INFO - Started process (PID=3110) to work on /opt/airflow/dags/my_first_dag.py
[2024-08-26T15:51:44.850+0000] {processor.py:914} INFO - Processing file /opt/airflow/dags/my_first_dag.py for tasks to queue
[2024-08-26T15:51:44.854+0000] {logging_mixin.py:190} INFO - [2024-08-26T15:51:44.853+0000] {dagbag.py:587} INFO - Filling up the DagBag from /opt/airflow/dags/my_first_dag.py
[2024-08-26T15:51:44.877+0000] {processor.py:925} INFO - DAG(s) 'my_first_dag' retrieved from /opt/airflow/dags/my_first_dag.py
[2024-08-26T15:51:44.933+0000] {logging_mixin.py:190} INFO - [2024-08-26T15:51:44.933+0000] {dag.py:3211} INFO - Sync 1 DAGs
[2024-08-26T15:51:44.978+0000] {logging_mixin.py:190} INFO - [2024-08-26T15:51:44.978+0000] {dag.py:4138} INFO - Setting next_dagrun for my_first_dag to None, run_after=None
[2024-08-26T15:51:45.032+0000] {processor.py:208} INFO - Processing /opt/airflow/dags/my_first_dag.py took 0.201 seconds
[2024-08-26T15:52:26.878+0000] {processor.py:186} INFO - Started process (PID=3176) to work on /opt/airflow/dags/my_first_dag.py
[2024-08-26T15:52:26.880+0000] {processor.py:914} INFO - Processing file /opt/airflow/dags/my_first_dag.py for tasks to queue
[2024-08-26T15:52:26.883+0000] {logging_mixin.py:190} INFO - [2024-08-26T15:52:26.882+0000] {dagbag.py:587} INFO - Filling up the DagBag from /opt/airflow/dags/my_first_dag.py
[2024-08-26T15:52:26.898+0000] {processor.py:925} INFO - DAG(s) 'my_first_dag' retrieved from /opt/airflow/dags/my_first_dag.py
[2024-08-26T15:52:26.937+0000] {logging_mixin.py:190} INFO - [2024-08-26T15:52:26.937+0000] {dag.py:3211} INFO - Sync 1 DAGs
[2024-08-26T15:52:26.966+0000] {logging_mixin.py:190} INFO - [2024-08-26T15:52:26.966+0000] {dag.py:4138} INFO - Setting next_dagrun for my_first_dag to None, run_after=None
[2024-08-26T15:52:26.999+0000] {processor.py:208} INFO - Processing /opt/airflow/dags/my_first_dag.py took 0.133 seconds
