[2024-08-26T10:48:34.544+0000] {local_task_job_runner.py:123} INFO - ::group::Pre task execution logs
[2024-08-26T10:48:34.569+0000] {taskinstance.py:2603} INFO - Dependencies all met for dep_context=non-requeueable deps ti=<TaskInstance: Spark.correlation_plot manual__2024-08-26T10:48:31.656118+00:00 [queued]>
[2024-08-26T10:48:34.582+0000] {taskinstance.py:2603} INFO - Dependencies all met for dep_context=requeueable deps ti=<TaskInstance: Spark.correlation_plot manual__2024-08-26T10:48:31.656118+00:00 [queued]>
[2024-08-26T10:48:34.582+0000] {taskinstance.py:2856} INFO - Starting attempt 1 of 1
[2024-08-26T10:48:34.604+0000] {taskinstance.py:2879} INFO - Executing <Task(PythonOperator): correlation_plot> on 2024-08-26 10:48:31.656118+00:00
[2024-08-26T10:48:34.613+0000] {warnings.py:112} WARNING - /home/***/.local/lib/python3.12/site-packages/***/task/task_runner/standard_task_runner.py:70: DeprecationWarning: This process (pid=1278) is multi-threaded, use of fork() may lead to deadlocks in the child.
  pid = os.fork()

[2024-08-26T10:48:34.617+0000] {standard_task_runner.py:72} INFO - Started process 1287 to run task
[2024-08-26T10:48:34.616+0000] {standard_task_runner.py:104} INFO - Running: ['***', 'tasks', 'run', 'Spark', 'correlation_plot', 'manual__2024-08-26T10:48:31.656118+00:00', '--job-id', '215', '--raw', '--subdir', 'DAGS_FOLDER/Seoul_spark.py', '--cfg-path', '/tmp/tmpexu3l1za']
[2024-08-26T10:48:34.619+0000] {standard_task_runner.py:105} INFO - Job 215: Subtask correlation_plot
[2024-08-26T10:48:34.690+0000] {task_command.py:467} INFO - Running <TaskInstance: Spark.correlation_plot manual__2024-08-26T10:48:31.656118+00:00 [running]> on host 94bdab50145e
[2024-08-26T10:48:34.819+0000] {taskinstance.py:3122} INFO - Exporting env vars: AIRFLOW_CTX_DAG_OWNER='***' AIRFLOW_CTX_DAG_ID='Spark' AIRFLOW_CTX_TASK_ID='correlation_plot' AIRFLOW_CTX_EXECUTION_DATE='2024-08-26T10:48:31.656118+00:00' AIRFLOW_CTX_TRY_NUMBER='1' AIRFLOW_CTX_DAG_RUN_ID='manual__2024-08-26T10:48:31.656118+00:00'
[2024-08-26T10:48:34.821+0000] {logging_mixin.py:190} INFO - Task instance is in running state
[2024-08-26T10:48:34.822+0000] {logging_mixin.py:190} INFO -  Previous state of the Task instance: queued
[2024-08-26T10:48:34.822+0000] {logging_mixin.py:190} INFO - Current task name:correlation_plot state:running start_date:2024-08-26 10:48:34.570053+00:00
[2024-08-26T10:48:34.823+0000] {logging_mixin.py:190} INFO - Dag name:Spark and current dag run status:running
[2024-08-26T10:48:34.824+0000] {taskinstance.py:731} INFO - ::endgroup::
[2024-08-26T10:48:44.781+0000] {python.py:240} INFO - Done. Returned value was: None
[2024-08-26T10:48:44.795+0000] {taskinstance.py:340} INFO - ::group::Post task execution logs
[2024-08-26T10:48:44.796+0000] {taskinstance.py:352} INFO - Marking task as SUCCESS. dag_id=Spark, task_id=correlation_plot, run_id=manual__2024-08-26T10:48:31.656118+00:00, execution_date=20240826T104831, start_date=20240826T104834, end_date=20240826T104844
[2024-08-26T10:48:44.810+0000] {logging_mixin.py:190} INFO - Task instance in success state
[2024-08-26T10:48:44.810+0000] {logging_mixin.py:190} INFO -  Previous state of the Task instance: running
[2024-08-26T10:48:44.811+0000] {logging_mixin.py:190} INFO - Dag name:Spark queued_at:2024-08-26 10:48:31.686429+00:00
[2024-08-26T10:48:44.812+0000] {logging_mixin.py:190} INFO - Task hostname:94bdab50145e operator:PythonOperator
[2024-08-26T10:48:44.846+0000] {local_task_job_runner.py:261} INFO - Task exited with return code 0
[2024-08-26T10:48:44.867+0000] {taskinstance.py:3891} INFO - 0 downstream tasks scheduled from follow-on schedule check
[2024-08-26T10:48:44.870+0000] {local_task_job_runner.py:240} INFO - ::endgroup::
